
> intelgraph-platform@1.0.0 typecheck /Users/brianlong/Developer/summit
> tsc -b --pretty false

client/src/auth/withAuthorization.tsx(82,17): error TS2345: Argument of type '(string | null)[]' is not assignable to parameter of type '(string | undefined)[]'.
  Type 'string | null' is not assignable to type 'string | undefined'.
    Type 'null' is not assignable to type 'string | undefined'.
client/src/auth/withAuthorization.tsx(201,12): error TS2322: Type 'P' is not assignable to type 'IntrinsicAttributes & P'.
  Type 'P' is not assignable to type 'IntrinsicAttributes'.
client/src/components/common/VirtualizedListTable.tsx(141,11): error TS2769: No overload matches this call.
  Overload 1 of 2, '(props: FixedSizeListProps<ItemData<T>>): FixedSizeList<ItemData<T>>', gave the following error.
    Type '{ children: <T>({ index, style, data }: ListChildComponentProps<ItemData<T>>) => Element; height: number; itemCount: number; itemSize: number; itemData: ItemData<...>; overscanCount: number; outerElementType: string; innerElementType: string; className: string; }' is not assignable to type 'IntrinsicAttributes & IntrinsicClassAttributes<FixedSizeList<ItemData<T>>> & Readonly<FixedSizeListProps<ItemData<T>>>'.
      Property 'outerElementType' does not exist on type 'IntrinsicAttributes & IntrinsicClassAttributes<FixedSizeList<ItemData<T>>> & Readonly<FixedSizeListProps<ItemData<T>>>'.
  Overload 2 of 2, '(props: FixedSizeListProps<ItemData<T>>, context: any): FixedSizeList<ItemData<T>>', gave the following error.
    Type '{ children: <T>({ index, style, data }: ListChildComponentProps<ItemData<T>>) => Element; height: number; itemCount: number; itemSize: number; itemData: ItemData<...>; overscanCount: number; outerElementType: string; innerElementType: string; className: string; }' is not assignable to type 'IntrinsicAttributes & IntrinsicClassAttributes<FixedSizeList<ItemData<T>>> & Readonly<FixedSizeListProps<ItemData<T>>>'.
      Property 'outerElementType' does not exist on type 'IntrinsicAttributes & IntrinsicClassAttributes<FixedSizeList<ItemData<T>>> & Readonly<FixedSizeListProps<ItemData<T>>>'.
client/src/components/explorer/KGExplorer.tsx(14,19): error TS7016: Could not find a declaration file for module 'cytoscape-fcose'. '/Users/brianlong/Developer/summit/node_modules/.pnpm/cytoscape-fcose@2.2.0_cytoscape@3.33.1/node_modules/cytoscape-fcose/cytoscape-fcose.js' implicitly has an 'any' type.
  Try `npm i --save-dev @types/cytoscape-fcose` if it exists or add a new declaration (.d.ts) file containing `declare module 'cytoscape-fcose';`
client/src/components/explorer/KGExplorer.tsx(17,25): error TS7016: Could not find a declaration file for module 'cytoscape-edgehandles'. '/Users/brianlong/Developer/summit/node_modules/.pnpm/cytoscape-edgehandles@4.0.1_cytoscape@3.33.1/node_modules/cytoscape-edgehandles/cytoscape-edgehandles.js' implicitly has an 'any' type.
  Try `npm i --save-dev @types/cytoscape-edgehandles` if it exists or add a new declaration (.d.ts) file containing `declare module 'cytoscape-edgehandles';`
client/src/components/explorer/KGExplorer.tsx(142,7): error TS2322: Type '({ selector: string; style: { 'background-color': string; 'border-width': number; 'border-color': string; label: string; 'text-valign': string; 'text-halign': string; 'text-margin-y': number; 'font-size': number; ... 27 more ...; 'source-arrow-color'?: undefined; }; } | ... 12 more ... | { ...; })[]' is not assignable to type 'StylesheetJson | Promise<StylesheetJson> | undefined'.
  Type '({ selector: string; style: { 'background-color': string; 'border-width': number; 'border-color': string; label: string; 'text-valign': string; 'text-halign': string; 'text-margin-y': number; 'font-size': number; ... 27 more ...; 'source-arrow-color'?: undefined; }; } | ... 12 more ... | { ...; })[]' is not assignable to type 'StylesheetJson'.
    Type '{ selector: string; style: { 'background-color': string; 'border-width': number; 'border-color': string; label: string; 'text-valign': string; 'text-halign': string; 'text-margin-y': number; 'font-size': number; ... 27 more ...; 'source-arrow-color'?: undefined; }; } | ... 12 more ... | { ...; }' is not assignable to type 'StylesheetJsonBlock'.
      Type '{ selector: string; style: { 'background-color': string; 'border-width': number; 'border-color': string; label: string; 'text-valign': string; 'text-halign': string; 'text-margin-y': number; 'font-size': number; ... 27 more ...; 'source-arrow-color'?: undefined; }; }' is not assignable to type 'StylesheetJsonBlock'.
        Type '{ selector: string; style: { 'background-color': string; 'border-width': number; 'border-color': string; label: string; 'text-valign': string; 'text-halign': string; 'text-margin-y': number; 'font-size': number; ... 27 more ...; 'source-arrow-color'?: undefined; }; }' is not assignable to type 'StylesheetStyle'.
          Types of property 'style' are incompatible.
            Type '{ 'background-color': string; 'border-width': number; 'border-color': string; label: string; 'text-valign': string; 'text-halign': string; 'text-margin-y': number; 'font-size': number; 'font-weight': number; ... 26 more ...; 'source-arrow-color'?: undefined; }' is not assignable to type 'Node | Edge | Core'.
              Type '{ 'background-color': string; 'border-width': number; 'border-color': string; label: string; 'text-valign': string; 'text-halign': string; 'text-margin-y': number; 'font-size': number; 'font-weight': number; ... 26 more ...; 'source-arrow-color'?: undefined; }' is not assignable to type 'Edge'.
                Types of property '"text-wrap"' are incompatible.
                  Type 'string' is not assignable to type 'PropertyValue<EdgeSingular, "none" | "wrap" | "ellipsis"> | undefined'.
client/src/components/explorer/KGExplorer.tsx(267,33): error TS2448: Block-scoped variable 'runLayout' used before its declaration.
client/src/components/explorer/KGExplorer.tsx(267,33): error TS2454: Variable 'runLayout' is used before being assigned.
client/src/components/explorer/KGExplorer.tsx(349,17): error TS2345: Argument of type 'object' is not assignable to parameter of type 'LayoutOptions'.
client/src/components/Map/GeospatialDashboard.tsx(31,31): error TS2307: Cannot find module '@intelgraph/geospatial' or its corresponding type declarations.
client/src/components/Map/GeospatialDashboard.tsx(32,40): error TS2307: Cannot find module 'geojson' or its corresponding type declarations.
client/src/components/Map/layers/GeoJSONLayer.tsx(6,15): error TS7016: Could not find a declaration file for module 'leaflet'. '/Users/brianlong/Developer/summit/node_modules/.pnpm/leaflet@1.9.4/node_modules/leaflet/dist/leaflet-src.js' implicitly has an 'any' type.
  If the 'leaflet' package actually exposes this module, consider sending a pull request to amend 'https://github.com/DefinitelyTyped/DefinitelyTyped/tree/master/types/leaflet'
client/src/components/Map/layers/GeoJSONLayer.tsx(8,49): error TS2307: Cannot find module 'geojson' or its corresponding type declarations.
client/src/components/Map/layers/GeoJSONLayer.tsx(46,23): error TS7006: Parameter 'feature' implicitly has an 'any' type.
client/src/components/Map/layers/GeoJSONLayer.tsx(46,32): error TS7006: Parameter 'layer' implicitly has an 'any' type.
client/src/components/Map/layers/GeoJSONLayer.tsx(97,23): error TS7006: Parameter 'feature' implicitly has an 'any' type.
client/src/components/Map/layers/GeoJSONLayer.tsx(97,32): error TS7006: Parameter 'layer' implicitly has an 'any' type.
client/src/components/Map/layers/GeoJSONLayer.tsx(159,19): error TS7006: Parameter 'e' implicitly has an 'any' type.
client/src/components/Map/layers/GeoJSONLayer.tsx(167,18): error TS7006: Parameter 'e' implicitly has an 'any' type.
client/src/components/Map/layers/HeatmapLayer.tsx(6,15): error TS7016: Could not find a declaration file for module 'leaflet'. '/Users/brianlong/Developer/summit/node_modules/.pnpm/leaflet@1.9.4/node_modules/leaflet/dist/leaflet-src.js' implicitly has an 'any' type.
  If the 'leaflet' package actually exposes this module, consider sending a pull request to amend 'https://github.com/DefinitelyTyped/DefinitelyTyped/tree/master/types/leaflet'
client/src/components/Map/layers/HeatmapLayer.tsx(9,31): error TS2307: Cannot find module '@intelgraph/geospatial' or its corresponding type declarations.
client/src/components/Map/layers/HeatmapLayer.tsx(11,16): error TS2665: Invalid module name in augmentation. Module 'leaflet' resolves to an untyped module at '/Users/brianlong/Developer/summit/node_modules/.pnpm/leaflet@1.9.4/node_modules/leaflet/dist/leaflet-src.js', which cannot be augmented.
client/src/components/Map/layers/HeatmapLayer.tsx(17,31): error TS2304: Cannot find name 'Layer'.
client/src/components/Map/layers/HeatmapLayer.tsx(73,13): error TS2339: Property 'latitude' does not exist on type 'HeatmapPoint'.
client/src/components/Map/layers/HeatmapLayer.tsx(74,13): error TS2339: Property 'longitude' does not exist on type 'HeatmapPoint'.
client/src/components/Map/layers/HeatmapLayer.tsx(103,13): error TS2339: Property 'latitude' does not exist on type 'HeatmapPoint'.
client/src/components/Map/layers/HeatmapLayer.tsx(104,13): error TS2339: Property 'longitude' does not exist on type 'HeatmapPoint'.
client/src/components/Map/layers/MarkerLayer.tsx(6,15): error TS7016: Could not find a declaration file for module 'leaflet'. '/Users/brianlong/Developer/summit/node_modules/.pnpm/leaflet@1.9.4/node_modules/leaflet/dist/leaflet-src.js' implicitly has an 'any' type.
  If the 'leaflet' package actually exposes this module, consider sending a pull request to amend 'https://github.com/DefinitelyTyped/DefinitelyTyped/tree/master/types/leaflet'
client/src/components/Map/layers/MarkerLayer.tsx(8,31): error TS2307: Cannot find module '@intelgraph/geospatial' or its corresponding type declarations.
client/src/components/Map/layers/MarkerLayer.tsx(63,29): error TS7006: Parameter 'e' implicitly has an 'any' type.
client/src/components/Map/MapContainer.tsx(6,15): error TS7016: Could not find a declaration file for module 'leaflet'. '/Users/brianlong/Developer/summit/node_modules/.pnpm/leaflet@1.9.4/node_modules/leaflet/dist/leaflet-src.js' implicitly has an 'any' type.
  If the 'leaflet' package actually exposes this module, consider sending a pull request to amend 'https://github.com/DefinitelyTyped/DefinitelyTyped/tree/master/types/leaflet'
client/src/components/Map/MapContainer.tsx(9,31): error TS2307: Cannot find module '@intelgraph/geospatial' or its corresponding type declarations.
client/src/components/search/QueryBuilderPreview.stories.tsx(9,14): error TS2709: Cannot use namespace 'StoryObj' as a type.
client/src/components/search/QueryBuilderPreview.stories.tsx(11,13): error TS2709: Cannot use namespace 'Meta' as a type.
client/src/features/admin/AdminStudio.tsx(446,30): error TS18047: 'cfg' is possibly 'null'.
client/src/features/admin/AdminStudio.tsx(448,32): error TS2345: Argument of type '{ MODEL_PROVIDER: string; MODEL_NAME?: string | undefined; TEMPERATURE?: number | undefined; TOP_P?: number | undefined; MAX_TOKENS?: number | undefined; BUDGET_CAP_USD?: number | undefined; TEMPORAL_ENABLED?: boolean | undefined; RESEARCH_PROMPT_ENABLED?: boolean | undefined; RESEARCH_PROMPT_PATH?: string | undefin...' is not assignable to parameter of type 'SetStateAction<Config | null>'.
  Type '{ MODEL_PROVIDER: string; MODEL_NAME?: string | undefined; TEMPERATURE?: number | undefined; TOP_P?: number | undefined; MAX_TOKENS?: number | undefined; BUDGET_CAP_USD?: number | undefined; TEMPORAL_ENABLED?: boolean | undefined; RESEARCH_PROMPT_ENABLED?: boolean | undefined; RESEARCH_PROMPT_PATH?: string | undefin...' is not assignable to type 'Config'.
    Types of property 'MODEL_NAME' are incompatible.
      Type 'string | undefined' is not assignable to type 'string'.
        Type 'undefined' is not assignable to type 'string'.
client/src/features/admin/AdminStudio.tsx(461,30): error TS18047: 'cfg' is possibly 'null'.
client/src/features/admin/AdminStudio.tsx(463,32): error TS2345: Argument of type '{ MODEL_NAME: string; MODEL_PROVIDER?: string | undefined; TEMPERATURE?: number | undefined; TOP_P?: number | undefined; MAX_TOKENS?: number | undefined; BUDGET_CAP_USD?: number | undefined; TEMPORAL_ENABLED?: boolean | undefined; RESEARCH_PROMPT_ENABLED?: boolean | undefined; RESEARCH_PROMPT_PATH?: string | undefin...' is not assignable to parameter of type 'SetStateAction<Config | null>'.
  Type '{ MODEL_NAME: string; MODEL_PROVIDER?: string | undefined; TEMPERATURE?: number | undefined; TOP_P?: number | undefined; MAX_TOKENS?: number | undefined; BUDGET_CAP_USD?: number | undefined; TEMPORAL_ENABLED?: boolean | undefined; RESEARCH_PROMPT_ENABLED?: boolean | undefined; RESEARCH_PROMPT_PATH?: string | undefin...' is not assignable to type 'Config'.
    Types of property 'MODEL_PROVIDER' are incompatible.
      Type 'string | undefined' is not assignable to type 'string'.
        Type 'undefined' is not assignable to type 'string'.
client/src/features/admin/AdminStudio.tsx(477,30): error TS18047: 'cfg' is possibly 'null'.
client/src/features/admin/AdminStudio.tsx(479,32): error TS2345: Argument of type '{ TEMPERATURE: number; MODEL_PROVIDER?: string | undefined; MODEL_NAME?: string | undefined; TOP_P?: number | undefined; MAX_TOKENS?: number | undefined; BUDGET_CAP_USD?: number | undefined; TEMPORAL_ENABLED?: boolean | undefined; RESEARCH_PROMPT_ENABLED?: boolean | undefined; RESEARCH_PROMPT_PATH?: string | undefin...' is not assignable to parameter of type 'SetStateAction<Config | null>'.
  Type '{ TEMPERATURE: number; MODEL_PROVIDER?: string | undefined; MODEL_NAME?: string | undefined; TOP_P?: number | undefined; MAX_TOKENS?: number | undefined; BUDGET_CAP_USD?: number | undefined; TEMPORAL_ENABLED?: boolean | undefined; RESEARCH_PROMPT_ENABLED?: boolean | undefined; RESEARCH_PROMPT_PATH?: string | undefin...' is not assignable to type 'Config'.
    Types of property 'MODEL_PROVIDER' are incompatible.
      Type 'string | undefined' is not assignable to type 'string'.
        Type 'undefined' is not assignable to type 'string'.
client/src/features/admin/AdminStudio.tsx(490,30): error TS18047: 'cfg' is possibly 'null'.
client/src/features/admin/AdminStudio.tsx(492,32): error TS2345: Argument of type '{ TOP_P: number; MODEL_PROVIDER?: string | undefined; MODEL_NAME?: string | undefined; TEMPERATURE?: number | undefined; MAX_TOKENS?: number | undefined; BUDGET_CAP_USD?: number | undefined; TEMPORAL_ENABLED?: boolean | undefined; RESEARCH_PROMPT_ENABLED?: boolean | undefined; RESEARCH_PROMPT_PATH?: string | undefin...' is not assignable to parameter of type 'SetStateAction<Config | null>'.
  Type '{ TOP_P: number; MODEL_PROVIDER?: string | undefined; MODEL_NAME?: string | undefined; TEMPERATURE?: number | undefined; MAX_TOKENS?: number | undefined; BUDGET_CAP_USD?: number | undefined; TEMPORAL_ENABLED?: boolean | undefined; RESEARCH_PROMPT_ENABLED?: boolean | undefined; RESEARCH_PROMPT_PATH?: string | undefin...' is not assignable to type 'Config'.
    Types of property 'MODEL_PROVIDER' are incompatible.
      Type 'string | undefined' is not assignable to type 'string'.
        Type 'undefined' is not assignable to type 'string'.
client/src/features/admin/AdminStudio.tsx(502,30): error TS18047: 'cfg' is possibly 'null'.
client/src/features/admin/AdminStudio.tsx(504,32): error TS2345: Argument of type '{ MAX_TOKENS: number; MODEL_PROVIDER?: string | undefined; MODEL_NAME?: string | undefined; TEMPERATURE?: number | undefined; TOP_P?: number | undefined; BUDGET_CAP_USD?: number | undefined; TEMPORAL_ENABLED?: boolean | undefined; RESEARCH_PROMPT_ENABLED?: boolean | undefined; RESEARCH_PROMPT_PATH?: string | undefin...' is not assignable to parameter of type 'SetStateAction<Config | null>'.
  Type '{ MAX_TOKENS: number; MODEL_PROVIDER?: string | undefined; MODEL_NAME?: string | undefined; TEMPERATURE?: number | undefined; TOP_P?: number | undefined; BUDGET_CAP_USD?: number | undefined; TEMPORAL_ENABLED?: boolean | undefined; RESEARCH_PROMPT_ENABLED?: boolean | undefined; RESEARCH_PROMPT_PATH?: string | undefin...' is not assignable to type 'Config'.
    Types of property 'MODEL_PROVIDER' are incompatible.
      Type 'string | undefined' is not assignable to type 'string'.
        Type 'undefined' is not assignable to type 'string'.
client/src/features/admin/AdminStudio.tsx(514,30): error TS18047: 'cfg' is possibly 'null'.
client/src/features/admin/AdminStudio.tsx(516,32): error TS2345: Argument of type '{ BUDGET_CAP_USD: number; MODEL_PROVIDER?: string | undefined; MODEL_NAME?: string | undefined; TEMPERATURE?: number | undefined; TOP_P?: number | undefined; MAX_TOKENS?: number | undefined; TEMPORAL_ENABLED?: boolean | undefined; RESEARCH_PROMPT_ENABLED?: boolean | undefined; RESEARCH_PROMPT_PATH?: string | undefin...' is not assignable to parameter of type 'SetStateAction<Config | null>'.
  Type '{ BUDGET_CAP_USD: number; MODEL_PROVIDER?: string | undefined; MODEL_NAME?: string | undefined; TEMPERATURE?: number | undefined; TOP_P?: number | undefined; MAX_TOKENS?: number | undefined; TEMPORAL_ENABLED?: boolean | undefined; RESEARCH_PROMPT_ENABLED?: boolean | undefined; RESEARCH_PROMPT_PATH?: string | undefin...' is not assignable to type 'Config'.
    Types of property 'MODEL_PROVIDER' are incompatible.
      Type 'string | undefined' is not assignable to type 'string'.
        Type 'undefined' is not assignable to type 'string'.
client/src/features/admin/AdminStudio.tsx(538,31): error TS18047: 'cfg' is possibly 'null'.
client/src/features/admin/AdminStudio.tsx(538,31): error TS7053: Element implicitly has an 'any' type because expression of type 'string' can't be used to index type 'Config'.
  No index signature with a parameter of type 'string' was found on type 'Config'.
client/src/features/admin/AdminStudio.tsx(541,38): error TS18047: 'cfg' is possibly 'null'.
client/src/features/admin/AdminStudio.tsx(541,38): error TS7053: Element implicitly has an 'any' type because expression of type 'string' can't be used to index type 'Config'.
  No index signature with a parameter of type 'string' was found on type 'Config'.
client/src/features/admin/AdminStudio.tsx(543,36): error TS2345: Argument of type '{ MODEL_PROVIDER?: string | undefined; MODEL_NAME?: string | undefined; TEMPERATURE?: number | undefined; TOP_P?: number | undefined; MAX_TOKENS?: number | undefined; BUDGET_CAP_USD?: number | undefined; TEMPORAL_ENABLED?: boolean | undefined; RESEARCH_PROMPT_ENABLED?: boolean | undefined; RESEARCH_PROMPT_PATH?: str...' is not assignable to parameter of type 'SetStateAction<Config | null>'.
  Type '{ MODEL_PROVIDER?: string | undefined; MODEL_NAME?: string | undefined; TEMPERATURE?: number | undefined; TOP_P?: number | undefined; MAX_TOKENS?: number | undefined; BUDGET_CAP_USD?: number | undefined; TEMPORAL_ENABLED?: boolean | undefined; RESEARCH_PROMPT_ENABLED?: boolean | undefined; RESEARCH_PROMPT_PATH?: str...' is not assignable to type 'Config'.
    Types of property 'MODEL_PROVIDER' are incompatible.
      Type 'string | undefined' is not assignable to type 'string'.
        Type 'undefined' is not assignable to type 'string'.
client/src/features/admin/AdminStudio.tsx(545,69): error TS2537: Type 'Config | null' has no matching index signature for type 'string'.
client/src/features/admin/AdminStudio.tsx(551,41): error TS18047: 'cfg' is possibly 'null'.
client/src/features/admin/AdminStudio.tsx(551,41): error TS7053: Element implicitly has an 'any' type because expression of type 'string' can't be used to index type 'Config'.
  No index signature with a parameter of type 'string' was found on type 'Config'.
client/src/features/admin/AdminStudio.tsx(553,36): error TS2345: Argument of type '{ MODEL_PROVIDER?: string | undefined; MODEL_NAME?: string | undefined; TEMPERATURE?: number | undefined; TOP_P?: number | undefined; MAX_TOKENS?: number | undefined; BUDGET_CAP_USD?: number | undefined; TEMPORAL_ENABLED?: boolean | undefined; RESEARCH_PROMPT_ENABLED?: boolean | undefined; RESEARCH_PROMPT_PATH?: str...' is not assignable to parameter of type 'SetStateAction<Config | null>'.
  Type '{ MODEL_PROVIDER?: string | undefined; MODEL_NAME?: string | undefined; TEMPERATURE?: number | undefined; TOP_P?: number | undefined; MAX_TOKENS?: number | undefined; BUDGET_CAP_USD?: number | undefined; TEMPORAL_ENABLED?: boolean | undefined; RESEARCH_PROMPT_ENABLED?: boolean | undefined; RESEARCH_PROMPT_PATH?: str...' is not assignable to type 'Config'.
    Types of property 'MODEL_PROVIDER' are incompatible.
      Type 'string | undefined' is not assignable to type 'string'.
        Type 'undefined' is not assignable to type 'string'.
client/src/features/admin/AdminStudio.tsx(555,80): error TS2537: Type 'Config | null' has no matching index signature for type 'string'.
client/src/features/admin/AdminStudio.tsx(623,24): error TS2345: Argument of type '{ TEMPORAL_ENABLED: boolean; MODEL_PROVIDER?: string | undefined; MODEL_NAME?: string | undefined; TEMPERATURE?: number | undefined; TOP_P?: number | undefined; MAX_TOKENS?: number | undefined; BUDGET_CAP_USD?: number | undefined; RESEARCH_PROMPT_ENABLED?: boolean | undefined; RESEARCH_PROMPT_PATH?: string | undefin...' is not assignable to parameter of type 'SetStateAction<Config | null>'.
  Type '{ TEMPORAL_ENABLED: boolean; MODEL_PROVIDER?: string | undefined; MODEL_NAME?: string | undefined; TEMPERATURE?: number | undefined; TOP_P?: number | undefined; MAX_TOKENS?: number | undefined; BUDGET_CAP_USD?: number | undefined; RESEARCH_PROMPT_ENABLED?: boolean | undefined; RESEARCH_PROMPT_PATH?: string | undefin...' is not assignable to type 'Config'.
    Types of property 'MODEL_PROVIDER' are incompatible.
      Type 'string | undefined' is not assignable to type 'string'.
        Type 'undefined' is not assignable to type 'string'.
client/src/features/companyos/pages/OperationsDashboard.tsx(7,64): error TS2614: Module '"lucide-react"' has no exported member 'ArrowUpRight'. Did you mean to use 'import ArrowUpRight from "lucide-react"' instead?
client/src/features/conductor/__tests__/RunSearch.test.tsx(23,7): error TS2353: Object literal may only specify known properties, and 'getTenantForAction' does not exist in type '{ allowedActions: string[]; canAccess: ({ action, tenantId }: AccessRequest) => boolean; filterByAccess: <T>(items: T[], builder: (item: T) => AccessRequest) => T[]; loading: any; tenant: string | undefined; tenantScopes: string[]; }'.
client/src/features/conductor/__tests__/RunSearch.test.tsx(39,25): error TS2352: Conversion of type 'undefined' to type 'RequestInit' may be a mistake because neither type sufficiently overlaps with the other. If this was intentional, convert the expression to 'unknown' first.
client/src/features/conductor/__tests__/RunSearch.test.tsx(39,49): error TS2493: Tuple type '[]' of length '0' has no element at index '1'.
client/src/features/conductor/__tests__/RunSearch.test.tsx(47,7): error TS2353: Object literal may only specify known properties, and 'getTenantForAction' does not exist in type '{ allowedActions: string[]; canAccess: ({ action, tenantId }: AccessRequest) => boolean; filterByAccess: <T>(items: T[], builder: (item: T) => AccessRequest) => T[]; loading: any; tenant: string | undefined; tenantScopes: string[]; }'.
client/src/features/conductor/ConductorStudio.tsx(52,26): error TS2459: Module '"./panels/ProvenanceTree"' declares 'StepNode' locally, but it is not exported.
client/src/features/conductor/ConductorStudio.tsx(202,8): error TS2769: No overload matches this call.
  Overload 1 of 2, '(props: { component: ElementType<any, keyof IntrinsicElements>; } & GridBaseProps & { sx?: SxProps<Theme> | undefined; } & SystemProps<...> & Omit<...>): Element | null', gave the following error.
    Property 'component' is missing in type '{ children: Element; item: true; xs: number; }' but required in type '{ component: ElementType<any, keyof IntrinsicElements>; }'.
  Overload 2 of 2, '(props: DefaultComponentProps<GridTypeMap<{}, "div">>): Element | null', gave the following error.
    Type '{ children: Element; item: true; xs: number; }' is not assignable to type 'IntrinsicAttributes & GridBaseProps & { sx?: SxProps<Theme> | undefined; } & SystemProps<Theme> & Omit<...>'.
      Property 'item' does not exist on type 'IntrinsicAttributes & GridBaseProps & { sx?: SxProps<Theme> | undefined; } & SystemProps<Theme> & Omit<...>'.
client/src/features/conductor/ConductorStudio.tsx(316,24): error TS2769: No overload matches this call.
  Overload 1 of 2, '(props: { component: ElementType<any, keyof IntrinsicElements>; } & GridBaseProps & { sx?: SxProps<Theme> | undefined; } & SystemProps<...> & Omit<...>): Element | null', gave the following error.
    Property 'component' is missing in type '{ children: Element; item: true; }' but required in type '{ component: ElementType<any, keyof IntrinsicElements>; }'.
  Overload 2 of 2, '(props: DefaultComponentProps<GridTypeMap<{}, "div">>): Element | null', gave the following error.
    Type '{ children: Element; item: true; }' is not assignable to type 'IntrinsicAttributes & GridBaseProps & { sx?: SxProps<Theme> | undefined; } & SystemProps<Theme> & Omit<...>'.
      Property 'item' does not exist on type 'IntrinsicAttributes & GridBaseProps & { sx?: SxProps<Theme> | undefined; } & SystemProps<Theme> & Omit<...>'.
client/src/features/conductor/ConductorStudio.tsx(322,24): error TS2769: No overload matches this call.
  Overload 1 of 2, '(props: { component: ElementType<any, keyof IntrinsicElements>; } & GridBaseProps & { sx?: SxProps<Theme> | undefined; } & SystemProps<...> & Omit<...>): Element | null', gave the following error.
    Property 'component' is missing in type '{ children: Element; item: true; }' but required in type '{ component: ElementType<any, keyof IntrinsicElements>; }'.
  Overload 2 of 2, '(props: DefaultComponentProps<GridTypeMap<{}, "div">>): Element | null', gave the following error.
    Type '{ children: Element; item: true; }' is not assignable to type 'IntrinsicAttributes & GridBaseProps & { sx?: SxProps<Theme> | undefined; } & SystemProps<Theme> & Omit<...>'.
      Property 'item' does not exist on type 'IntrinsicAttributes & GridBaseProps & { sx?: SxProps<Theme> | undefined; } & SystemProps<Theme> & Omit<...>'.
client/src/features/conductor/ConductorStudio.tsx(328,24): error TS2769: No overload matches this call.
  Overload 1 of 2, '(props: { component: ElementType<any, keyof IntrinsicElements>; } & GridBaseProps & { sx?: SxProps<Theme> | undefined; } & SystemProps<...> & Omit<...>): Element | null', gave the following error.
    Property 'component' is missing in type '{ children: Element; item: true; }' but required in type '{ component: ElementType<any, keyof IntrinsicElements>; }'.
  Overload 2 of 2, '(props: DefaultComponentProps<GridTypeMap<{}, "div">>): Element | null', gave the following error.
    Type '{ children: Element; item: true; }' is not assignable to type 'IntrinsicAttributes & GridBaseProps & { sx?: SxProps<Theme> | undefined; } & SystemProps<Theme> & Omit<...>'.
      Property 'item' does not exist on type 'IntrinsicAttributes & GridBaseProps & { sx?: SxProps<Theme> | undefined; } & SystemProps<Theme> & Omit<...>'.
client/src/features/conductor/ConductorStudio.tsx(337,30): error TS2769: No overload matches this call.
  Overload 1 of 2, '(props: { component: ElementType<any, keyof IntrinsicElements>; } & GridBaseProps & { sx?: SxProps<Theme> | undefined; } & SystemProps<...> & Omit<...>): Element | null', gave the following error.
    Property 'component' is missing in type '{ children: Element; item: true; key: number; }' but required in type '{ component: ElementType<any, keyof IntrinsicElements>; }'.
  Overload 2 of 2, '(props: DefaultComponentProps<GridTypeMap<{}, "div">>): Element | null', gave the following error.
    Type '{ children: Element; item: true; key: number; }' is not assignable to type 'IntrinsicAttributes & GridBaseProps & { sx?: SxProps<Theme> | undefined; } & SystemProps<Theme> & Omit<...>'.
      Property 'item' does not exist on type 'IntrinsicAttributes & GridBaseProps & { sx?: SxProps<Theme> | undefined; } & SystemProps<Theme> & Omit<...>'.
client/src/features/conductor/ConductorStudio.tsx(355,8): error TS2769: No overload matches this call.
  Overload 1 of 2, '(props: { component: ElementType<any, keyof IntrinsicElements>; } & GridBaseProps & { sx?: SxProps<Theme> | undefined; } & SystemProps<...> & Omit<...>): Element | null', gave the following error.
    Property 'component' is missing in type '{ children: Element; item: true; xs: number; }' but required in type '{ component: ElementType<any, keyof IntrinsicElements>; }'.
  Overload 2 of 2, '(props: DefaultComponentProps<GridTypeMap<{}, "div">>): Element | null', gave the following error.
    Type '{ children: Element; item: true; xs: number; }' is not assignable to type 'IntrinsicAttributes & GridBaseProps & { sx?: SxProps<Theme> | undefined; } & SystemProps<Theme> & Omit<...>'.
      Property 'item' does not exist on type 'IntrinsicAttributes & GridBaseProps & { sx?: SxProps<Theme> | undefined; } & SystemProps<Theme> & Omit<...>'.
client/src/features/conductor/ConductorStudio.tsx(370,16): error TS2769: No overload matches this call.
  Overload 1 of 2, '(props: { component: ElementType<any, keyof IntrinsicElements>; } & GridBaseProps & { sx?: SxProps<Theme> | undefined; } & SystemProps<...> & Omit<...>): Element | null', gave the following error.
    Property 'component' is missing in type '{ children: Element[]; item: true; xs: number; md: number; }' but required in type '{ component: ElementType<any, keyof IntrinsicElements>; }'.
  Overload 2 of 2, '(props: DefaultComponentProps<GridTypeMap<{}, "div">>): Element | null', gave the following error.
    Type '{ children: Element[]; item: true; xs: number; md: number; }' is not assignable to type 'IntrinsicAttributes & GridBaseProps & { sx?: SxProps<Theme> | undefined; } & SystemProps<Theme> & Omit<...>'.
      Property 'item' does not exist on type 'IntrinsicAttributes & GridBaseProps & { sx?: SxProps<Theme> | undefined; } & SystemProps<Theme> & Omit<...>'.
client/src/features/conductor/ConductorStudio.tsx(393,16): error TS2769: No overload matches this call.
  Overload 1 of 2, '(props: { component: ElementType<any, keyof IntrinsicElements>; } & GridBaseProps & { sx?: SxProps<Theme> | undefined; } & SystemProps<...> & Omit<...>): Element | null', gave the following error.
    Property 'component' is missing in type '{ children: Element; item: true; xs: number; md: number; }' but required in type '{ component: ElementType<any, keyof IntrinsicElements>; }'.
  Overload 2 of 2, '(props: DefaultComponentProps<GridTypeMap<{}, "div">>): Element | null', gave the following error.
    Type '{ children: Element; item: true; xs: number; md: number; }' is not assignable to type 'IntrinsicAttributes & GridBaseProps & { sx?: SxProps<Theme> | undefined; } & SystemProps<Theme> & Omit<...>'.
      Property 'item' does not exist on type 'IntrinsicAttributes & GridBaseProps & { sx?: SxProps<Theme> | undefined; } & SystemProps<Theme> & Omit<...>'.
client/src/features/conductor/ConductorStudio.tsx(401,16): error TS2769: No overload matches this call.
  Overload 1 of 2, '(props: { component: ElementType<any, keyof IntrinsicElements>; } & GridBaseProps & { sx?: SxProps<Theme> | undefined; } & SystemProps<...> & Omit<...>): Element | null', gave the following error.
    Property 'component' is missing in type '{ children: Element; item: true; xs: number; md: number; }' but required in type '{ component: ElementType<any, keyof IntrinsicElements>; }'.
  Overload 2 of 2, '(props: DefaultComponentProps<GridTypeMap<{}, "div">>): Element | null', gave the following error.
    Type '{ children: Element; item: true; xs: number; md: number; }' is not assignable to type 'IntrinsicAttributes & GridBaseProps & { sx?: SxProps<Theme> | undefined; } & SystemProps<Theme> & Omit<...>'.
      Property 'item' does not exist on type 'IntrinsicAttributes & GridBaseProps & { sx?: SxProps<Theme> | undefined; } & SystemProps<Theme> & Omit<...>'.
client/src/features/conductor/ConductorStudio.tsx(404,16): error TS2769: No overload matches this call.
  Overload 1 of 2, '(props: { component: ElementType<any, keyof IntrinsicElements>; } & GridBaseProps & { sx?: SxProps<Theme> | undefined; } & SystemProps<...> & Omit<...>): Element | null', gave the following error.
    Property 'component' is missing in type '{ children: Element; item: true; xs: number; md: number; }' but required in type '{ component: ElementType<any, keyof IntrinsicElements>; }'.
  Overload 2 of 2, '(props: DefaultComponentProps<GridTypeMap<{}, "div">>): Element | null', gave the following error.
    Type '{ children: Element; item: true; xs: number; md: number; }' is not assignable to type 'IntrinsicAttributes & GridBaseProps & { sx?: SxProps<Theme> | undefined; } & SystemProps<Theme> & Omit<...>'.
      Property 'item' does not exist on type 'IntrinsicAttributes & GridBaseProps & { sx?: SxProps<Theme> | undefined; } & SystemProps<Theme> & Omit<...>'.
client/src/features/conductor/ConductorStudio.tsx(407,16): error TS2769: No overload matches this call.
  Overload 1 of 2, '(props: { component: ElementType<any, keyof IntrinsicElements>; } & GridBaseProps & { sx?: SxProps<Theme> | undefined; } & SystemProps<...> & Omit<...>): Element | null', gave the following error.
    Property 'component' is missing in type '{ children: Element; item: true; xs: number; }' but required in type '{ component: ElementType<any, keyof IntrinsicElements>; }'.
  Overload 2 of 2, '(props: DefaultComponentProps<GridTypeMap<{}, "div">>): Element | null', gave the following error.
    Type '{ children: Element; item: true; xs: number; }' is not assignable to type 'IntrinsicAttributes & GridBaseProps & { sx?: SxProps<Theme> | undefined; } & SystemProps<Theme> & Omit<...>'.
      Property 'item' does not exist on type 'IntrinsicAttributes & GridBaseProps & { sx?: SxProps<Theme> | undefined; } & SystemProps<Theme> & Omit<...>'.
client/src/features/conductor/ConductorStudio.tsx(410,16): error TS2769: No overload matches this call.
  Overload 1 of 2, '(props: { component: ElementType<any, keyof IntrinsicElements>; } & GridBaseProps & { sx?: SxProps<Theme> | undefined; } & SystemProps<...> & Omit<...>): Element | null', gave the following error.
    Property 'component' is missing in type '{ children: Element; item: true; xs: number; }' but required in type '{ component: ElementType<any, keyof IntrinsicElements>; }'.
  Overload 2 of 2, '(props: DefaultComponentProps<GridTypeMap<{}, "div">>): Element | null', gave the following error.
    Type '{ children: Element; item: true; xs: number; }' is not assignable to type 'IntrinsicAttributes & GridBaseProps & { sx?: SxProps<Theme> | undefined; } & SystemProps<Theme> & Omit<...>'.
      Property 'item' does not exist on type 'IntrinsicAttributes & GridBaseProps & { sx?: SxProps<Theme> | undefined; } & SystemProps<Theme> & Omit<...>'.
client/src/features/conductor/ConductorStudio.tsx(487,8): error TS2769: No overload matches this call.
  Overload 1 of 2, '(props: { component: ElementType<any, keyof IntrinsicElements>; } & GridBaseProps & { sx?: SxProps<Theme> | undefined; } & SystemProps<...> & Omit<...>): Element | null', gave the following error.
    Property 'component' is missing in type '{ children: Element; item: true; xs: number; md: number; }' but required in type '{ component: ElementType<any, keyof IntrinsicElements>; }'.
  Overload 2 of 2, '(props: DefaultComponentProps<GridTypeMap<{}, "div">>): Element | null', gave the following error.
    Type '{ children: Element; item: true; xs: number; md: number; }' is not assignable to type 'IntrinsicAttributes & GridBaseProps & { sx?: SxProps<Theme> | undefined; } & SystemProps<Theme> & Omit<...>'.
      Property 'item' does not exist on type 'IntrinsicAttributes & GridBaseProps & { sx?: SxProps<Theme> | undefined; } & SystemProps<Theme> & Omit<...>'.
client/src/features/conductor/ConductorStudio.tsx(526,20): error TS2769: No overload matches this call.
  Overload 1 of 2, '(props: { component: ElementType<any, keyof IntrinsicElements>; } & GridBaseProps & { sx?: SxProps<Theme> | undefined; } & SystemProps<...> & Omit<...>): Element | null', gave the following error.
    Property 'component' is missing in type '{ children: Element; item: true; xs: number; }' but required in type '{ component: ElementType<any, keyof IntrinsicElements>; }'.
  Overload 2 of 2, '(props: DefaultComponentProps<GridTypeMap<{}, "div">>): Element | null', gave the following error.
    Type '{ children: Element; item: true; xs: number; }' is not assignable to type 'IntrinsicAttributes & GridBaseProps & { sx?: SxProps<Theme> | undefined; } & SystemProps<Theme> & Omit<...>'.
      Property 'item' does not exist on type 'IntrinsicAttributes & GridBaseProps & { sx?: SxProps<Theme> | undefined; } & SystemProps<Theme> & Omit<...>'.
client/src/features/conductor/ConductorStudio.tsx(534,20): error TS2769: No overload matches this call.
  Overload 1 of 2, '(props: { component: ElementType<any, keyof IntrinsicElements>; } & GridBaseProps & { sx?: SxProps<Theme> | undefined; } & SystemProps<...> & Omit<...>): Element | null', gave the following error.
    Property 'component' is missing in type '{ children: Element; item: true; xs: number; }' but required in type '{ component: ElementType<any, keyof IntrinsicElements>; }'.
  Overload 2 of 2, '(props: DefaultComponentProps<GridTypeMap<{}, "div">>): Element | null', gave the following error.
    Type '{ children: Element; item: true; xs: number; }' is not assignable to type 'IntrinsicAttributes & GridBaseProps & { sx?: SxProps<Theme> | undefined; } & SystemProps<Theme> & Omit<...>'.
      Property 'item' does not exist on type 'IntrinsicAttributes & GridBaseProps & { sx?: SxProps<Theme> | undefined; } & SystemProps<Theme> & Omit<...>'.
client/src/features/conductor/ConductorStudio.tsx(544,24): error TS2769: No overload matches this call.
  Overload 1 of 2, '(props: { component: ElementType<any, keyof IntrinsicElements>; } & GridBaseProps & { sx?: SxProps<Theme> | undefined; } & SystemProps<...> & Omit<...>): Element | null', gave the following error.
    Property 'component' is missing in type '{ children: Element; item: true; xs: number; }' but required in type '{ component: ElementType<any, keyof IntrinsicElements>; }'.
  Overload 2 of 2, '(props: DefaultComponentProps<GridTypeMap<{}, "div">>): Element | null', gave the following error.
    Type '{ children: Element; item: true; xs: number; }' is not assignable to type 'IntrinsicAttributes & GridBaseProps & { sx?: SxProps<Theme> | undefined; } & SystemProps<Theme> & Omit<...>'.
      Property 'item' does not exist on type 'IntrinsicAttributes & GridBaseProps & { sx?: SxProps<Theme> | undefined; } & SystemProps<Theme> & Omit<...>'.
client/src/features/conductor/ConductorStudio.tsx(591,8): error TS2769: No overload matches this call.
  Overload 1 of 2, '(props: { component: ElementType<any, keyof IntrinsicElements>; } & GridBaseProps & { sx?: SxProps<Theme> | undefined; } & SystemProps<...> & Omit<...>): Element | null', gave the following error.
    Property 'component' is missing in type '{ children: Element; item: true; xs: number; md: number; }' but required in type '{ component: ElementType<any, keyof IntrinsicElements>; }'.
  Overload 2 of 2, '(props: DefaultComponentProps<GridTypeMap<{}, "div">>): Element | null', gave the following error.
    Type '{ children: Element; item: true; xs: number; md: number; }' is not assignable to type 'IntrinsicAttributes & GridBaseProps & { sx?: SxProps<Theme> | undefined; } & SystemProps<Theme> & Omit<...>'.
      Property 'item' does not exist on type 'IntrinsicAttributes & GridBaseProps & { sx?: SxProps<Theme> | undefined; } & SystemProps<Theme> & Omit<...>'.
client/src/features/conductor/ConductorStudio.tsx(690,8): error TS2769: No overload matches this call.
  Overload 1 of 2, '(props: { component: ElementType<any, keyof IntrinsicElements>; } & GridBaseProps & { sx?: SxProps<Theme> | undefined; } & SystemProps<...> & Omit<...>): Element | null', gave the following error.
    Property 'component' is missing in type '{ children: Element; item: true; xs: number; }' but required in type '{ component: ElementType<any, keyof IntrinsicElements>; }'.
  Overload 2 of 2, '(props: DefaultComponentProps<GridTypeMap<{}, "div">>): Element | null', gave the following error.
    Type '{ children: Element; item: true; xs: number; }' is not assignable to type 'IntrinsicAttributes & GridBaseProps & { sx?: SxProps<Theme> | undefined; } & SystemProps<Theme> & Omit<...>'.
      Property 'item' does not exist on type 'IntrinsicAttributes & GridBaseProps & { sx?: SxProps<Theme> | undefined; } & SystemProps<Theme> & Omit<...>'.
client/src/features/conductor/ConductorStudio.tsx(867,12): error TS2769: No overload matches this call.
  Overload 1 of 2, '(props: { component: ElementType<any, keyof IntrinsicElements>; } & GridBaseProps & { sx?: SxProps<Theme> | undefined; } & SystemProps<...> & Omit<...>): Element | null', gave the following error.
    Property 'component' is missing in type '{ children: Element; item: true; xs: number; md: number; }' but required in type '{ component: ElementType<any, keyof IntrinsicElements>; }'.
  Overload 2 of 2, '(props: DefaultComponentProps<GridTypeMap<{}, "div">>): Element | null', gave the following error.
    Type '{ children: Element; item: true; xs: number; md: number; }' is not assignable to type 'IntrinsicAttributes & GridBaseProps & { sx?: SxProps<Theme> | undefined; } & SystemProps<Theme> & Omit<...>'.
      Property 'item' does not exist on type 'IntrinsicAttributes & GridBaseProps & { sx?: SxProps<Theme> | undefined; } & SystemProps<Theme> & Omit<...>'.
client/src/features/conductor/ConductorStudio.tsx(904,12): error TS2769: No overload matches this call.
  Overload 1 of 2, '(props: { component: ElementType<any, keyof IntrinsicElements>; } & GridBaseProps & { sx?: SxProps<Theme> | undefined; } & SystemProps<...> & Omit<...>): Element | null', gave the following error.
    Property 'component' is missing in type '{ children: Element; item: true; xs: number; md: number; }' but required in type '{ component: ElementType<any, keyof IntrinsicElements>; }'.
  Overload 2 of 2, '(props: DefaultComponentProps<GridTypeMap<{}, "div">>): Element | null', gave the following error.
    Type '{ children: Element; item: true; xs: number; md: number; }' is not assignable to type 'IntrinsicAttributes & GridBaseProps & { sx?: SxProps<Theme> | undefined; } & SystemProps<Theme> & Omit<...>'.
      Property 'item' does not exist on type 'IntrinsicAttributes & GridBaseProps & { sx?: SxProps<Theme> | undefined; } & SystemProps<Theme> & Omit<...>'.
client/src/features/conductor/hooks.ts(4,10): error TS2459: Module '"./panels/ProvenanceTree"' declares 'StepNode' locally, but it is not exported.
client/src/features/conductor/panels/CanaryHealthPanel.tsx(33,12): error TS2769: No overload matches this call.
  Overload 1 of 2, '(props: { component: ElementType<any, keyof IntrinsicElements>; } & GridBaseProps & { sx?: SxProps<Theme> | undefined; } & SystemProps<...> & Omit<...>): Element | null', gave the following error.
    Property 'component' is missing in type '{ children: Element[]; item: true; xs: number; sm: number; }' but required in type '{ component: ElementType<any, keyof IntrinsicElements>; }'.
  Overload 2 of 2, '(props: DefaultComponentProps<GridTypeMap<{}, "div">>): Element | null', gave the following error.
    Type '{ children: Element[]; item: true; xs: number; sm: number; }' is not assignable to type 'IntrinsicAttributes & GridBaseProps & { sx?: SxProps<Theme> | undefined; } & SystemProps<Theme> & Omit<...>'.
      Property 'item' does not exist on type 'IntrinsicAttributes & GridBaseProps & { sx?: SxProps<Theme> | undefined; } & SystemProps<Theme> & Omit<...>'.
client/src/features/conductor/panels/CanaryHealthPanel.tsx(42,12): error TS2769: No overload matches this call.
  Overload 1 of 2, '(props: { component: ElementType<any, keyof IntrinsicElements>; } & GridBaseProps & { sx?: SxProps<Theme> | undefined; } & SystemProps<...> & Omit<...>): Element | null', gave the following error.
    Property 'component' is missing in type '{ children: Element[]; item: true; xs: number; sm: number; }' but required in type '{ component: ElementType<any, keyof IntrinsicElements>; }'.
  Overload 2 of 2, '(props: DefaultComponentProps<GridTypeMap<{}, "div">>): Element | null', gave the following error.
    Type '{ children: Element[]; item: true; xs: number; sm: number; }' is not assignable to type 'IntrinsicAttributes & GridBaseProps & { sx?: SxProps<Theme> | undefined; } & SystemProps<Theme> & Omit<...>'.
      Property 'item' does not exist on type 'IntrinsicAttributes & GridBaseProps & { sx?: SxProps<Theme> | undefined; } & SystemProps<Theme> & Omit<...>'.
client/src/features/conductor/panels/CanaryHealthPanel.tsx(48,12): error TS2769: No overload matches this call.
  Overload 1 of 2, '(props: { component: ElementType<any, keyof IntrinsicElements>; } & GridBaseProps & { sx?: SxProps<Theme> | undefined; } & SystemProps<...> & Omit<...>): Element | null', gave the following error.
    Property 'component' is missing in type '{ children: Element[]; item: true; xs: number; sm: number; }' but required in type '{ component: ElementType<any, keyof IntrinsicElements>; }'.
  Overload 2 of 2, '(props: DefaultComponentProps<GridTypeMap<{}, "div">>): Element | null', gave the following error.
    Type '{ children: Element[]; item: true; xs: number; sm: number; }' is not assignable to type 'IntrinsicAttributes & GridBaseProps & { sx?: SxProps<Theme> | undefined; } & SystemProps<Theme> & Omit<...>'.
      Property 'item' does not exist on type 'IntrinsicAttributes & GridBaseProps & { sx?: SxProps<Theme> | undefined; } & SystemProps<Theme> & Omit<...>'.
client/src/features/link-analysis/LinkAnalysisCanvas.stories.tsx(4,13): error TS2709: Cannot use namespace 'Meta' as a type.
client/src/features/link-analysis/LinkAnalysisCanvas.stories.tsx(10,23): error TS2709: Cannot use namespace 'StoryObj' as a type.
client/src/features/maestro/pages/Pipelines.tsx(59,22): error TS2709: Cannot use namespace 'ListRowRenderer' as a type.
client/src/features/orchestrator/OrchestratorDashboard.tsx(126,8): error TS2769: No overload matches this call.
  Overload 1 of 2, '(props: { component: ElementType<any, keyof IntrinsicElements>; } & GridBaseProps & { sx?: SxProps<Theme> | undefined; } & SystemProps<...> & Omit<...>): Element | null', gave the following error.
    Property 'component' is missing in type '{ children: Element; item: true; xs: number; md: number; lg: number; key: string; }' but required in type '{ component: ElementType<any, keyof IntrinsicElements>; }'.
  Overload 2 of 2, '(props: DefaultComponentProps<GridTypeMap<{}, "div">>): Element | null', gave the following error.
    Type '{ children: Element; item: true; xs: number; md: number; lg: number; key: string; }' is not assignable to type 'IntrinsicAttributes & GridBaseProps & { sx?: SxProps<Theme> | undefined; } & SystemProps<Theme> & Omit<...>'.
      Property 'item' does not exist on type 'IntrinsicAttributes & GridBaseProps & { sx?: SxProps<Theme> | undefined; } & SystemProps<Theme> & Omit<...>'.
client/src/features/orchestrator/OrchestratorDashboard.tsx(257,18): error TS2769: No overload matches this call.
  Overload 1 of 2, '(props: { component: ElementType<any, keyof IntrinsicElements>; } & GridBaseProps & { sx?: SxProps<Theme> | undefined; } & SystemProps<...> & Omit<...>): Element | null', gave the following error.
    Property 'component' is missing in type '{ children: Element; item: true; xs: number; md: number; key: string; }' but required in type '{ component: ElementType<any, keyof IntrinsicElements>; }'.
  Overload 2 of 2, '(props: DefaultComponentProps<GridTypeMap<{}, "div">>): Element | null', gave the following error.
    Type '{ children: Element; item: true; xs: number; md: number; key: string; }' is not assignable to type 'IntrinsicAttributes & GridBaseProps & { sx?: SxProps<Theme> | undefined; } & SystemProps<Theme> & Omit<...>'.
      Property 'item' does not exist on type 'IntrinsicAttributes & GridBaseProps & { sx?: SxProps<Theme> | undefined; } & SystemProps<Theme> & Omit<...>'.
client/src/features/orchestrator/OrchestratorDashboard.tsx(328,22): error TS2769: No overload matches this call.
  Overload 1 of 2, '(props: { component: ElementType<any, keyof IntrinsicElements>; } & GridBaseProps & { sx?: SxProps<Theme> | undefined; } & SystemProps<...> & Omit<...>): Element | null', gave the following error.
    Property 'component' is missing in type '{ children: Element; item: true; xs: number; md: number; lg: number; key: string; }' but required in type '{ component: ElementType<any, keyof IntrinsicElements>; }'.
  Overload 2 of 2, '(props: DefaultComponentProps<GridTypeMap<{}, "div">>): Element | null', gave the following error.
    Type '{ children: Element; item: true; xs: number; md: number; lg: number; key: string; }' is not assignable to type 'IntrinsicAttributes & GridBaseProps & { sx?: SxProps<Theme> | undefined; } & SystemProps<Theme> & Omit<...>'.
      Property 'item' does not exist on type 'IntrinsicAttributes & GridBaseProps & { sx?: SxProps<Theme> | undefined; } & SystemProps<Theme> & Omit<...>'.
client/src/features/orchestrator/OrchestratorDashboard.tsx(346,33): error TS2769: No overload matches this call.
  Overload 1 of 2, '(props: { component: ElementType<any, keyof IntrinsicElements>; } & ChipOwnProps & ChipSlotsAndSlotProps & CommonProps & Omit<...>): Element | null', gave the following error.
    Type 'ReactNode' is not assignable to type 'ReactElement<unknown, string | JSXElementConstructor<any>> | undefined'.
      Type 'null' is not assignable to type 'ReactElement<unknown, string | JSXElementConstructor<any>> | undefined'.
  Overload 2 of 2, '(props: DefaultComponentProps<ChipTypeMap<{}, "div">>): Element | null', gave the following error.
    Type 'ReactNode' is not assignable to type 'ReactElement<unknown, string | JSXElementConstructor<any>> | undefined'.
      Type 'null' is not assignable to type 'ReactElement<unknown, string | JSXElementConstructor<any>> | undefined'.
client/src/features/wargame/NarrativeHeatmap.tsx(70,11): error TS2353: Object literal may only specify known properties, and 'animate' does not exist in type 'BaseLayoutOptions'.
client/src/features/wargame/ScenarioInput.tsx(92,35): error TS2339: Property 'simulationParameters' does not exist on type '{ id: string; crisisType: string; targetAudiences: string[]; keyNarratives: string[]; adversaryProfiles: string[]; createdAt: string; }'.
client/src/features/wargame/TelemetryDisplay.tsx(40,49): error TS2339: Property 'value' does not exist on type 'never'.
client/src/features/wargame/TelemetryDisplay.tsx(107,10): error TS2769: No overload matches this call.
  Overload 1 of 2, '(props: { component: ElementType<any, keyof IntrinsicElements>; } & GridBaseProps & { sx?: SxProps<Theme> | undefined; } & SystemProps<...> & Omit<...>): Element | null', gave the following error.
    Property 'component' is missing in type '{ children: Element; item: true; xs: number; }' but required in type '{ component: ElementType<any, keyof IntrinsicElements>; }'.
  Overload 2 of 2, '(props: DefaultComponentProps<GridTypeMap<{}, "div">>): Element | null', gave the following error.
    Type '{ children: Element; item: true; xs: number; }' is not assignable to type 'IntrinsicAttributes & GridBaseProps & { sx?: SxProps<Theme> | undefined; } & SystemProps<Theme> & Omit<...>'.
      Property 'item' does not exist on type 'IntrinsicAttributes & GridBaseProps & { sx?: SxProps<Theme> | undefined; } & SystemProps<Theme> & Omit<...>'.
client/src/features/wargame/TelemetryDisplay.tsx(117,10): error TS2769: No overload matches this call.
  Overload 1 of 2, '(props: { component: ElementType<any, keyof IntrinsicElements>; } & GridBaseProps & { sx?: SxProps<Theme> | undefined; } & SystemProps<...> & Omit<...>): Element | null', gave the following error.
    Property 'component' is missing in type '{ children: Element; item: true; xs: number; }' but required in type '{ component: ElementType<any, keyof IntrinsicElements>; }'.
  Overload 2 of 2, '(props: DefaultComponentProps<GridTypeMap<{}, "div">>): Element | null', gave the following error.
    Type '{ children: Element; item: true; xs: number; }' is not assignable to type 'IntrinsicAttributes & GridBaseProps & { sx?: SxProps<Theme> | undefined; } & SystemProps<Theme> & Omit<...>'.
      Property 'item' does not exist on type 'IntrinsicAttributes & GridBaseProps & { sx?: SxProps<Theme> | undefined; } & SystemProps<Theme> & Omit<...>'.
client/src/features/wargame/TelemetryDisplay.tsx(125,10): error TS2769: No overload matches this call.
  Overload 1 of 2, '(props: { component: ElementType<any, keyof IntrinsicElements>; } & GridBaseProps & { sx?: SxProps<Theme> | undefined; } & SystemProps<...> & Omit<...>): Element | null', gave the following error.
    Property 'component' is missing in type '{ children: Element; item: true; xs: number; }' but required in type '{ component: ElementType<any, keyof IntrinsicElements>; }'.
  Overload 2 of 2, '(props: DefaultComponentProps<GridTypeMap<{}, "div">>): Element | null', gave the following error.
    Type '{ children: Element; item: true; xs: number; }' is not assignable to type 'IntrinsicAttributes & GridBaseProps & { sx?: SxProps<Theme> | undefined; } & SystemProps<Theme> & Omit<...>'.
      Property 'item' does not exist on type 'IntrinsicAttributes & GridBaseProps & { sx?: SxProps<Theme> | undefined; } & SystemProps<Theme> & Omit<...>'.
client/src/features/workflows/Editor.tsx(41,14): error TS2709: Cannot use namespace 'Connection' as a type.
client/src/features/workflows/RunViewer.tsx(220,11): error TS2322: Type '{ id: string; type: string; position: { x: number; y: number; }; data: { name: string; state: "pending" | "completed" | "failed" | "running" | "skipped"; duration: number | undefined; traceId: string | undefined; traceUrl: string | null; }; sourcePosition: any; targetPosition: any; }[]' is not assignable to type 'Node[]'.
  Type '{ id: string; type: string; position: { x: number; y: number; }; data: { name: string; state: "pending" | "completed" | "failed" | "running" | "skipped"; duration: number | undefined; traceId: string | undefined; traceUrl: string | null; }; sourcePosition: any; targetPosition: any; }' is missing the following properties from type 'Node': baseURI, childNodes, firstChild, isConnected, and 46 more.
client/src/features/workflows/RunViewer.tsx(245,22): error TS2709: Cannot use namespace 'Edge' as a type.
client/src/maestro/otel/web.ts(15,10): error TS2305: Module '"../../services/api"' has no exported member 'scrub'.
client/src/maestro/otel/web.ts(18,47): error TS2709: Cannot use namespace 'SpanProcessor' as a type.
client/src/maestro/otel/web.ts(25,17): error TS2709: Cannot use namespace 'ReadableSpan' as a type.
client/src/maestro/otel/web.ts(33,15): error TS2709: Cannot use namespace 'ReadableSpan' as a type.
client/src/maestro/otel/web.ts(40,9): error TS2304: Cannot find name 'd'.
client/src/pages/DisclosurePackagerPage.tsx(272,12): error TS2769: No overload matches this call.
  Overload 1 of 2, '(props: { component: ElementType<any, keyof IntrinsicElements>; } & GridBaseProps & { sx?: SxProps<Theme> | undefined; } & SystemProps<...> & Omit<...>): Element | null', gave the following error.
    Property 'component' is missing in type '{ children: Element; item: true; xs: number; md: number; }' but required in type '{ component: ElementType<any, keyof IntrinsicElements>; }'.
  Overload 2 of 2, '(props: DefaultComponentProps<GridTypeMap<{}, "div">>): Element | null', gave the following error.
    Type '{ children: Element; item: true; xs: number; md: number; }' is not assignable to type 'IntrinsicAttributes & GridBaseProps & { sx?: SxProps<Theme> | undefined; } & SystemProps<Theme> & Omit<...>'.
      Property 'item' does not exist on type 'IntrinsicAttributes & GridBaseProps & { sx?: SxProps<Theme> | undefined; } & SystemProps<Theme> & Omit<...>'.
client/src/pages/DisclosurePackagerPage.tsx(281,24): error TS2769: No overload matches this call.
  Overload 1 of 2, '(props: { component: ElementType<any, keyof IntrinsicElements>; } & GridBaseProps & { sx?: SxProps<Theme> | undefined; } & SystemProps<...> & Omit<...>): Element | null', gave the following error.
    Property 'component' is missing in type '{ children: Element; item: true; xs: number; sm: number; }' but required in type '{ component: ElementType<any, keyof IntrinsicElements>; }'.
  Overload 2 of 2, '(props: DefaultComponentProps<GridTypeMap<{}, "div">>): Element | null', gave the following error.
    Type '{ children: Element; item: true; xs: number; sm: number; }' is not assignable to type 'IntrinsicAttributes & GridBaseProps & { sx?: SxProps<Theme> | undefined; } & SystemProps<Theme> & Omit<...>'.
      Property 'item' does not exist on type 'IntrinsicAttributes & GridBaseProps & { sx?: SxProps<Theme> | undefined; } & SystemProps<Theme> & Omit<...>'.
client/src/pages/DisclosurePackagerPage.tsx(292,24): error TS2769: No overload matches this call.
  Overload 1 of 2, '(props: { component: ElementType<any, keyof IntrinsicElements>; } & GridBaseProps & { sx?: SxProps<Theme> | undefined; } & SystemProps<...> & Omit<...>): Element | null', gave the following error.
    Property 'component' is missing in type '{ children: Element; item: true; xs: number; sm: number; }' but required in type '{ component: ElementType<any, keyof IntrinsicElements>; }'.
  Overload 2 of 2, '(props: DefaultComponentProps<GridTypeMap<{}, "div">>): Element | null', gave the following error.
    Type '{ children: Element; item: true; xs: number; sm: number; }' is not assignable to type 'IntrinsicAttributes & GridBaseProps & { sx?: SxProps<Theme> | undefined; } & SystemProps<Theme> & Omit<...>'.
      Property 'item' does not exist on type 'IntrinsicAttributes & GridBaseProps & { sx?: SxProps<Theme> | undefined; } & SystemProps<Theme> & Omit<...>'.
client/src/pages/DisclosurePackagerPage.tsx(303,24): error TS2769: No overload matches this call.
  Overload 1 of 2, '(props: { component: ElementType<any, keyof IntrinsicElements>; } & GridBaseProps & { sx?: SxProps<Theme> | undefined; } & SystemProps<...> & Omit<...>): Element | null', gave the following error.
    Property 'component' is missing in type '{ children: Element; item: true; xs: number; sm: number; }' but required in type '{ component: ElementType<any, keyof IntrinsicElements>; }'.
  Overload 2 of 2, '(props: DefaultComponentProps<GridTypeMap<{}, "div">>): Element | null', gave the following error.
    Type '{ children: Element; item: true; xs: number; sm: number; }' is not assignable to type 'IntrinsicAttributes & GridBaseProps & { sx?: SxProps<Theme> | undefined; } & SystemProps<Theme> & Omit<...>'.
      Property 'item' does not exist on type 'IntrinsicAttributes & GridBaseProps & { sx?: SxProps<Theme> | undefined; } & SystemProps<Theme> & Omit<...>'.
client/src/pages/DisclosurePackagerPage.tsx(313,24): error TS2769: No overload matches this call.
  Overload 1 of 2, '(props: { component: ElementType<any, keyof IntrinsicElements>; } & GridBaseProps & { sx?: SxProps<Theme> | undefined; } & SystemProps<...> & Omit<...>): Element | null', gave the following error.
    Property 'component' is missing in type '{ children: Element; item: true; xs: number; sm: number; }' but required in type '{ component: ElementType<any, keyof IntrinsicElements>; }'.
  Overload 2 of 2, '(props: DefaultComponentProps<GridTypeMap<{}, "div">>): Element | null', gave the following error.
    Type '{ children: Element; item: true; xs: number; sm: number; }' is not assignable to type 'IntrinsicAttributes & GridBaseProps & { sx?: SxProps<Theme> | undefined; } & SystemProps<Theme> & Omit<...>'.
      Property 'item' does not exist on type 'IntrinsicAttributes & GridBaseProps & { sx?: SxProps<Theme> | undefined; } & SystemProps<Theme> & Omit<...>'.
client/src/pages/DisclosurePackagerPage.tsx(458,12): error TS2769: No overload matches this call.
  Overload 1 of 2, '(props: { component: ElementType<any, keyof IntrinsicElements>; } & GridBaseProps & { sx?: SxProps<Theme> | undefined; } & SystemProps<...> & Omit<...>): Element | null', gave the following error.
    Property 'component' is missing in type '{ children: Element; item: true; xs: number; md: number; }' but required in type '{ component: ElementType<any, keyof IntrinsicElements>; }'.
  Overload 2 of 2, '(props: DefaultComponentProps<GridTypeMap<{}, "div">>): Element | null', gave the following error.
    Type '{ children: Element; item: true; xs: number; md: number; }' is not assignable to type 'IntrinsicAttributes & GridBaseProps & { sx?: SxProps<Theme> | undefined; } & SystemProps<Theme> & Omit<...>'.
      Property 'item' does not exist on type 'IntrinsicAttributes & GridBaseProps & { sx?: SxProps<Theme> | undefined; } & SystemProps<Theme> & Omit<...>'.
client/src/pages/Executors.tsx(67,10): error TS2769: No overload matches this call.
  Overload 1 of 2, '(props: { component: ElementType<any, keyof IntrinsicElements>; } & GridBaseProps & { sx?: SxProps<Theme> | undefined; } & SystemProps<...> & Omit<...>): Element | null', gave the following error.
    Property 'component' is missing in type '{ children: Element; item: true; xs: number; md: number; }' but required in type '{ component: ElementType<any, keyof IntrinsicElements>; }'.
  Overload 2 of 2, '(props: DefaultComponentProps<GridTypeMap<{}, "div">>): Element | null', gave the following error.
    Type '{ children: Element; item: true; xs: number; md: number; }' is not assignable to type 'IntrinsicAttributes & GridBaseProps & { sx?: SxProps<Theme> | undefined; } & SystemProps<Theme> & Omit<...>'.
      Property 'item' does not exist on type 'IntrinsicAttributes & GridBaseProps & { sx?: SxProps<Theme> | undefined; } & SystemProps<Theme> & Omit<...>'.
client/src/pages/Executors.tsx(111,10): error TS2769: No overload matches this call.
  Overload 1 of 2, '(props: { component: ElementType<any, keyof IntrinsicElements>; } & GridBaseProps & { sx?: SxProps<Theme> | undefined; } & SystemProps<...> & Omit<...>): Element | null', gave the following error.
    Property 'component' is missing in type '{ children: Element; item: true; xs: number; md: number; }' but required in type '{ component: ElementType<any, keyof IntrinsicElements>; }'.
  Overload 2 of 2, '(props: DefaultComponentProps<GridTypeMap<{}, "div">>): Element | null', gave the following error.
    Type '{ children: Element; item: true; xs: number; md: number; }' is not assignable to type 'IntrinsicAttributes & GridBaseProps & { sx?: SxProps<Theme> | undefined; } & SystemProps<Theme> & Omit<...>'.
      Property 'item' does not exist on type 'IntrinsicAttributes & GridBaseProps & { sx?: SxProps<Theme> | undefined; } & SystemProps<Theme> & Omit<...>'.
client/src/pages/finops/FinOpsDashboard.tsx(28,10): error TS2305: Module '"../../services/api"' has no exported member 'FinOpsAPI'.
client/src/pages/finops/FinOpsDashboard.tsx(127,14): error TS7006: Parameter 'data' implicitly has an 'any' type.
client/src/pages/finops/FinOpsDashboard.tsx(192,10): error TS2769: No overload matches this call.
  Overload 1 of 2, '(props: { component: ElementType<any, keyof IntrinsicElements>; } & GridBaseProps & { sx?: SxProps<Theme> | undefined; } & SystemProps<...> & Omit<...>): Element | null', gave the following error.
    Property 'component' is missing in type '{ children: Element; item: true; xs: number; md: number; }' but required in type '{ component: ElementType<any, keyof IntrinsicElements>; }'.
  Overload 2 of 2, '(props: DefaultComponentProps<GridTypeMap<{}, "div">>): Element | null', gave the following error.
    Type '{ children: Element; item: true; xs: number; md: number; }' is not assignable to type 'IntrinsicAttributes & GridBaseProps & { sx?: SxProps<Theme> | undefined; } & SystemProps<Theme> & Omit<...>'.
      Property 'item' does not exist on type 'IntrinsicAttributes & GridBaseProps & { sx?: SxProps<Theme> | undefined; } & SystemProps<Theme> & Omit<...>'.
client/src/pages/finops/FinOpsDashboard.tsx(217,12): error TS2769: No overload matches this call.
  Overload 1 of 2, '(props: { component: ElementType<any, keyof IntrinsicElements>; } & GridBaseProps & { sx?: SxProps<Theme> | undefined; } & SystemProps<...> & Omit<...>): Element | null', gave the following error.
    Property 'component' is missing in type '{ children: Element; item: true; xs: number; md: number; key: "storage" | "compute" | "egress" | "third_party"; }' but required in type '{ component: ElementType<any, keyof IntrinsicElements>; }'.
  Overload 2 of 2, '(props: DefaultComponentProps<GridTypeMap<{}, "div">>): Element | null', gave the following error.
    Type '{ children: Element; item: true; xs: number; md: number; key: "storage" | "compute" | "egress" | "third_party"; }' is not assignable to type 'IntrinsicAttributes & GridBaseProps & { sx?: SxProps<Theme> | undefined; } & SystemProps<Theme> & Omit<...>'.
      Property 'item' does not exist on type 'IntrinsicAttributes & GridBaseProps & { sx?: SxProps<Theme> | undefined; } & SystemProps<Theme> & Omit<...>'.
client/src/pages/finops/FinOpsDashboard.tsx(257,10): error TS2769: No overload matches this call.
  Overload 1 of 2, '(props: { component: ElementType<any, keyof IntrinsicElements>; } & GridBaseProps & { sx?: SxProps<Theme> | undefined; } & SystemProps<...> & Omit<...>): Element | null', gave the following error.
    Property 'component' is missing in type '{ children: Element; item: true; xs: number; md: number; }' but required in type '{ component: ElementType<any, keyof IntrinsicElements>; }'.
  Overload 2 of 2, '(props: DefaultComponentProps<GridTypeMap<{}, "div">>): Element | null', gave the following error.
    Type '{ children: Element; item: true; xs: number; md: number; }' is not assignable to type 'IntrinsicAttributes & GridBaseProps & { sx?: SxProps<Theme> | undefined; } & SystemProps<Theme> & Omit<...>'.
      Property 'item' does not exist on type 'IntrinsicAttributes & GridBaseProps & { sx?: SxProps<Theme> | undefined; } & SystemProps<Theme> & Omit<...>'.
client/src/pages/finops/FinOpsDashboard.tsx(299,10): error TS2769: No overload matches this call.
  Overload 1 of 2, '(props: { component: ElementType<any, keyof IntrinsicElements>; } & GridBaseProps & { sx?: SxProps<Theme> | undefined; } & SystemProps<...> & Omit<...>): Element | null', gave the following error.
    Property 'component' is missing in type '{ children: Element; item: true; xs: number; md: number; }' but required in type '{ component: ElementType<any, keyof IntrinsicElements>; }'.
  Overload 2 of 2, '(props: DefaultComponentProps<GridTypeMap<{}, "div">>): Element | null', gave the following error.
    Type '{ children: Element; item: true; xs: number; md: number; }' is not assignable to type 'IntrinsicAttributes & GridBaseProps & { sx?: SxProps<Theme> | undefined; } & SystemProps<Theme> & Omit<...>'.
      Property 'item' does not exist on type 'IntrinsicAttributes & GridBaseProps & { sx?: SxProps<Theme> | undefined; } & SystemProps<Theme> & Omit<...>'.
client/src/pages/GraphWorkbench/GraphCanvas.tsx(96,10): error TS2339: Property 'find' does not exist on type 'CollectionReturnValue'.
client/src/pages/GraphWorkbench/GraphCanvas.tsx(97,12): error TS7006: Parameter 'n' implicitly has an 'any' type.
client/src/pages/GraphWorkbench/GraphCanvas.tsx(224,44): error TS2339: Property 'message' does not exist on type 'never'.
client/src/pages/Hunting/HuntList.tsx(277,51): error TS2339: Property 'value' does not exist on type 'never'.
client/src/pages/InvestigationDashboard.tsx(3,52): error TS7016: Could not find a declaration file for module 'react-grid-layout'. '/Users/brianlong/Developer/summit/node_modules/.pnpm/react-grid-layout@1.5.3_react-dom@18.3.1_react@18.3.1__react@18.3.1/node_modules/react-grid-layout/index.js' implicitly has an 'any' type.
  Try `npm i --save-dev @types/react-grid-layout` if it exists or add a new declaration (.d.ts) file containing `declare module 'react-grid-layout';`
client/src/pages/Investigations/InvestigationDetail.tsx(572,18): error TS2769: No overload matches this call.
  Overload 1 of 2, '(props: { component: ElementType<any, keyof IntrinsicElements>; } & GridBaseProps & { sx?: SxProps<Theme> | undefined; } & SystemProps<...> & Omit<...>): Element | null', gave the following error.
    Property 'component' is missing in type '{ children: Element; item: true; xs: number; key: string; }' but required in type '{ component: ElementType<any, keyof IntrinsicElements>; }'.
  Overload 2 of 2, '(props: DefaultComponentProps<GridTypeMap<{}, "div">>): Element | null', gave the following error.
    Type '{ children: Element; item: true; xs: number; key: string; }' is not assignable to type 'IntrinsicAttributes & GridBaseProps & { sx?: SxProps<Theme> | undefined; } & SystemProps<Theme> & Omit<...>'.
      Property 'item' does not exist on type 'IntrinsicAttributes & GridBaseProps & { sx?: SxProps<Theme> | undefined; } & SystemProps<Theme> & Omit<...>'.
client/src/pages/Investigations/InvestigationDetail.tsx(702,18): error TS2769: No overload matches this call.
  Overload 1 of 2, '(props: { component: ElementType<any, keyof IntrinsicElements>; } & GridBaseProps & { sx?: SxProps<Theme> | undefined; } & SystemProps<...> & Omit<...>): Element | null', gave the following error.
    Property 'component' is missing in type '{ children: Element; item: true; xs: number; sm: number; md: number; key: string; }' but required in type '{ component: ElementType<any, keyof IntrinsicElements>; }'.
  Overload 2 of 2, '(props: DefaultComponentProps<GridTypeMap<{}, "div">>): Element | null', gave the following error.
    Type '{ children: Element; item: true; xs: number; sm: number; md: number; key: string; }' is not assignable to type 'IntrinsicAttributes & GridBaseProps & { sx?: SxProps<Theme> | undefined; } & SystemProps<Theme> & Omit<...>'.
      Property 'item' does not exist on type 'IntrinsicAttributes & GridBaseProps & { sx?: SxProps<Theme> | undefined; } & SystemProps<Theme> & Omit<...>'.
client/src/pages/Investigations/InvestigationDetail.tsx(927,16): error TS2769: No overload matches this call.
  Overload 1 of 2, '(props: { component: ElementType<any, keyof IntrinsicElements>; } & GridBaseProps & { sx?: SxProps<Theme> | undefined; } & SystemProps<...> & Omit<...>): Element | null', gave the following error.
    Property 'component' is missing in type '{ children: Element; item: true; xs: number; md: number; }' but required in type '{ component: ElementType<any, keyof IntrinsicElements>; }'.
  Overload 2 of 2, '(props: DefaultComponentProps<GridTypeMap<{}, "div">>): Element | null', gave the following error.
    Type '{ children: Element; item: true; xs: number; md: number; }' is not assignable to type 'IntrinsicAttributes & GridBaseProps & { sx?: SxProps<Theme> | undefined; } & SystemProps<Theme> & Omit<...>'.
      Property 'item' does not exist on type 'IntrinsicAttributes & GridBaseProps & { sx?: SxProps<Theme> | undefined; } & SystemProps<Theme> & Omit<...>'.
client/src/pages/Investigations/InvestigationDetail.tsx(979,16): error TS2769: No overload matches this call.
  Overload 1 of 2, '(props: { component: ElementType<any, keyof IntrinsicElements>; } & GridBaseProps & { sx?: SxProps<Theme> | undefined; } & SystemProps<...> & Omit<...>): Element | null', gave the following error.
    Property 'component' is missing in type '{ children: Element; item: true; xs: number; md: number; }' but required in type '{ component: ElementType<any, keyof IntrinsicElements>; }'.
  Overload 2 of 2, '(props: DefaultComponentProps<GridTypeMap<{}, "div">>): Element | null', gave the following error.
    Type '{ children: Element; item: true; xs: number; md: number; }' is not assignable to type 'IntrinsicAttributes & GridBaseProps & { sx?: SxProps<Theme> | undefined; } & SystemProps<Theme> & Omit<...>'.
      Property 'item' does not exist on type 'IntrinsicAttributes & GridBaseProps & { sx?: SxProps<Theme> | undefined; } & SystemProps<Theme> & Omit<...>'.
client/src/pages/Investigations/InvestigationList.tsx(33,46): error TS2783: 'id' is specified more than once, so this usage will be overwritten.
client/src/routes/OsintHealth.tsx(1,25): error TS2307: Cannot find module '../routes/osint-health-legacy' or its corresponding type declarations.
client/src/routes/Workspaces.tsx(56,12): error TS2769: No overload matches this call.
  Overload 1 of 2, '(props: { component: ElementType<any, keyof IntrinsicElements>; } & GridBaseProps & { sx?: SxProps<Theme> | undefined; } & SystemProps<...> & Omit<...>): Element | null', gave the following error.
    Property 'component' is missing in type '{ children: Element; item: true; xs: number; md: number; key: string; }' but required in type '{ component: ElementType<any, keyof IntrinsicElements>; }'.
  Overload 2 of 2, '(props: DefaultComponentProps<GridTypeMap<{}, "div">>): Element | null', gave the following error.
    Type '{ children: Element; item: true; xs: number; md: number; key: string; }' is not assignable to type 'IntrinsicAttributes & GridBaseProps & { sx?: SxProps<Theme> | undefined; } & SystemProps<Theme> & Omit<...>'.
      Property 'item' does not exist on type 'IntrinsicAttributes & GridBaseProps & { sx?: SxProps<Theme> | undefined; } & SystemProps<Theme> & Omit<...>'.
server/src/services/opa-client.ts(1,15): error TS1005: '{' expected.
server/src/services/opa-client.ts(1,20): error TS1005: ';' expected.
server/src/services/opa-client.ts(1,38): error TS1434: Unexpected keyword or identifier.
ELIFECYCLE Command failed with exit code 1.
