<?xml version="1.0" encoding="UTF-8"?>
<testsuites name="jest tests" tests="3" failures="0" errors="0" time="26.546">
  <testsuite name="AgentOrchestrator System" errors="0" failures="0" skipped="0" timestamp="2025-12-06T19:26:51" time="26.394" tests="3">
    <testcase classname="AgentOrchestrator System should register an agent" name="AgentOrchestrator System should register an agent" time="0.012">
    </testcase>
    <testcase classname="AgentOrchestrator System should route a task to a capable agent" name="AgentOrchestrator System should route a task to a capable agent" time="0.009">
    </testcase>
    <testcase classname="AgentOrchestrator System should not route task if no agent has capability" name="AgentOrchestrator System should not route task if no agent has capability" time="0.003">
    </testcase>
  </testsuite>
</testsuites>