<?xml version="1.0" encoding="UTF-8"?>
<testsuites name="jest tests" tests="187" failures="85" errors="0" time="249.663">
  <testsuite name="StatsOverview" errors="0" failures="2" skipped="0" timestamp="2025-10-16T07:17:13" time="28.015" tests="2">
    <testcase classname="StatsOverview" name="renders server stats correctly" time="3.341">
      <failure>Error: Unable to find an element with the text: 42,137. This could be because the text is broken up by multiple elements. In this case, you can provide a function for your text matcher to make your matcher more flexible.

Ignored nodes: comments, script, style
&lt;body&gt;
  &lt;div&gt;
    &lt;div
      aria-label=&quot;Overview stats&quot;
      class=&quot;MuiStack-root css-1875w52-MuiStack-root&quot;
      role=&quot;group&quot;
    &gt;
      &lt;div&gt;
        &lt;h6
          class=&quot;MuiTypography-root MuiTypography-subtitle2 css-1x0mq5c-MuiTypography-root&quot;
        &gt;
          Total Entities
        &lt;/h6&gt;
        &lt;h5
          class=&quot;MuiTypography-root MuiTypography-h5 css-16xl4zq-MuiTypography-root&quot;
        &gt;
          0
        &lt;/h5&gt;
      &lt;/div&gt;
      &lt;div&gt;
        &lt;h6
          class=&quot;MuiTypography-root MuiTypography-subtitle2 css-1x0mq5c-MuiTypography-root&quot;
        &gt;
          Total Relationships
        &lt;/h6&gt;
        &lt;h5
          class=&quot;MuiTypography-root MuiTypography-h5 css-16xl4zq-MuiTypography-root&quot;
        &gt;
          0
        &lt;/h5&gt;
      &lt;/div&gt;
      &lt;div&gt;
        &lt;h6
          class=&quot;MuiTypography-root MuiTypography-subtitle2 css-1x0mq5c-MuiTypography-root&quot;
        &gt;
          Investigations
        &lt;/h6&gt;
        &lt;h5
          class=&quot;MuiTypography-root MuiTypography-h5 css-16xl4zq-MuiTypography-root&quot;
        &gt;
          0
        &lt;/h5&gt;
      &lt;/div&gt;
      &lt;div&gt;
        &lt;h6
          class=&quot;MuiTypography-root MuiTypography-subtitle2 css-1x0mq5c-MuiTypography-root&quot;
        &gt;
          Query Latency
        &lt;/h6&gt;
        &lt;h5
          class=&quot;MuiTypography-root MuiTypography-h5 css-16xl4zq-MuiTypography-root&quot;
        &gt;
          0
          ms
        &lt;/h5&gt;
      &lt;/div&gt;
    &lt;/div&gt;
  &lt;/div&gt;
&lt;/body&gt;
    at waitForWrapper (/Users/brianlong/Developer/summit/client/node_modules/@testing-library/dom/dist/wait-for.js:166:27)
    at Object.&lt;anonymous&gt; (/Users/brianlong/Developer/summit/client/src/components/dashboard/__tests__/StatsOverview.test.tsx:30:18)
    at Promise.finally.completed (/Users/brianlong/Developer/summit/client/node_modules/jest-circus/build/jestAdapterInit.js:1556:28)
    at new Promise (&lt;anonymous&gt;)
    at callAsyncCircusFn (/Users/brianlong/Developer/summit/client/node_modules/jest-circus/build/jestAdapterInit.js:1496:10)
    at _callCircusTest (/Users/brianlong/Developer/summit/client/node_modules/jest-circus/build/jestAdapterInit.js:1006:40)
    at processTicksAndRejections (node:internal/process/task_queues:95:5)
    at _runTest (/Users/brianlong/Developer/summit/client/node_modules/jest-circus/build/jestAdapterInit.js:946:3)
    at _runTestsForDescribeBlock (/Users/brianlong/Developer/summit/client/node_modules/jest-circus/build/jestAdapterInit.js:839:13)
    at _runTestsForDescribeBlock (/Users/brianlong/Developer/summit/client/node_modules/jest-circus/build/jestAdapterInit.js:829:11)
    at run (/Users/brianlong/Developer/summit/client/node_modules/jest-circus/build/jestAdapterInit.js:757:3)
    at runAndTransformResultsToJestFormat (/Users/brianlong/Developer/summit/client/node_modules/jest-circus/build/jestAdapterInit.js:1917:21)
    at jestAdapter (/Users/brianlong/Developer/summit/client/node_modules/jest-circus/build/runner.js:101:19)
    at runTestInternal (/Users/brianlong/Developer/summit/client/node_modules/jest-runner/build/testWorker.js:275:16)
    at runTest (/Users/brianlong/Developer/summit/client/node_modules/jest-runner/build/testWorker.js:343:7)
    at Object.worker (/Users/brianlong/Developer/summit/client/node_modules/jest-runner/build/testWorker.js:497:12)</failure>
    </testcase>
    <testcase classname="StatsOverview" name="shows loading state" time="0.078">
      <failure>TestingLibraryElementError: Unable to find an element by: [data-testid=&quot;skeleton&quot;]

Ignored nodes: comments, script, style
&lt;body&gt;
  &lt;div&gt;
    &lt;div
      aria-label=&quot;Overview stats&quot;
      class=&quot;MuiStack-root css-1875w52-MuiStack-root&quot;
      role=&quot;group&quot;
    &gt;
      &lt;div&gt;
        &lt;h6
          class=&quot;MuiTypography-root MuiTypography-subtitle2 css-1x0mq5c-MuiTypography-root&quot;
        &gt;
          Total Entities
        &lt;/h6&gt;
        &lt;h5
          class=&quot;MuiTypography-root MuiTypography-h5 css-16xl4zq-MuiTypography-root&quot;
        &gt;
          0
        &lt;/h5&gt;
      &lt;/div&gt;
      &lt;div&gt;
        &lt;h6
          class=&quot;MuiTypography-root MuiTypography-subtitle2 css-1x0mq5c-MuiTypography-root&quot;
        &gt;
          Total Relationships
        &lt;/h6&gt;
        &lt;h5
          class=&quot;MuiTypography-root MuiTypography-h5 css-16xl4zq-MuiTypography-root&quot;
        &gt;
          0
        &lt;/h5&gt;
      &lt;/div&gt;
      &lt;div&gt;
        &lt;h6
          class=&quot;MuiTypography-root MuiTypography-subtitle2 css-1x0mq5c-MuiTypography-root&quot;
        &gt;
          Investigations
        &lt;/h6&gt;
        &lt;h5
          class=&quot;MuiTypography-root MuiTypography-h5 css-16xl4zq-MuiTypography-root&quot;
        &gt;
          0
        &lt;/h5&gt;
      &lt;/div&gt;
      &lt;div&gt;
        &lt;h6
          class=&quot;MuiTypography-root MuiTypography-subtitle2 css-1x0mq5c-MuiTypography-root&quot;
        &gt;
          Query Latency
        &lt;/h6&gt;
        &lt;h5
          class=&quot;MuiTypography-root MuiTypography-h5 css-16xl4zq-MuiTypography-root&quot;
        &gt;
          0
          ms
        &lt;/h5&gt;
      &lt;/div&gt;
    &lt;/div&gt;
  &lt;/div&gt;
&lt;/body&gt;
    at Object.getElementError (/Users/brianlong/Developer/summit/client/node_modules/@testing-library/dom/dist/config.js:37:19)
    at /Users/brianlong/Developer/summit/client/node_modules/@testing-library/dom/dist/query-helpers.js:76:38
    at /Users/brianlong/Developer/summit/client/node_modules/@testing-library/dom/dist/query-helpers.js:109:15
    at Object.&lt;anonymous&gt; (/Users/brianlong/Developer/summit/client/src/components/dashboard/__tests__/StatsOverview.test.tsx:63:19)</failure>
    </testcase>
  </testsuite>
  <testsuite name="ModelManagementDashboard" errors="0" failures="5" skipped="0" timestamp="2025-10-16T07:17:13" time="36.739" tests="28">
    <testcase classname="ModelManagementDashboard" name="renders MLOps dashboard header" time="0.969">
    </testcase>
    <testcase classname="ModelManagementDashboard" name="renders view tabs" time="0.482">
    </testcase>
    <testcase classname="ModelManagementDashboard" name="renders search and filters" time="0.173">
    </testcase>
    <testcase classname="ModelManagementDashboard" name="displays models by default" time="0.168">
    </testcase>
    <testcase classname="ModelManagementDashboard" name="switches between view tabs" time="2.819">
    </testcase>
    <testcase classname="ModelManagementDashboard" name="filters models by search query" time="1.355">
    </testcase>
    <testcase classname="ModelManagementDashboard" name="filters models by status" time="1.109">
    </testcase>
    <testcase classname="ModelManagementDashboard" name="selects model and shows details" time="0.889">
    </testcase>
    <testcase classname="ModelManagementDashboard" name="calls model select callback" time="0.685">
    </testcase>
    <testcase classname="ModelManagementDashboard" name="shows deploy button for non-production models" time="0.899">
    </testcase>
    <testcase classname="ModelManagementDashboard" name="hides deploy button for production models" time="0.856">
    </testcase>
    <testcase classname="ModelManagementDashboard" name="handles model deployment" time="1.276">
    </testcase>
    <testcase classname="ModelManagementDashboard" name="displays model performance metrics" time="2.157">
      <failure>TestingLibraryElementError: Found multiple elements with the text: (_, node) =&gt; !!node &amp;&amp; node.textContent?.includes(t)

Here are the matching elements:

Ignored nodes: comments, script, style
&lt;body&gt;
  &lt;div&gt;
    &lt;div
      class=&quot;model-management-dashboard &quot;
      style=&quot;height: 100%; display: flex; flex-direction: column;&quot;
    &gt;
      &lt;div
        style=&quot;margin-bottom: 24px;&quot;
      &gt;
        &lt;h3
          style=&quot;font-size: 1.2rem; font-weight: 600; margin-bottom: 16px;&quot;
        &gt;
          🤖 MLOps Model Management
        &lt;/h3&gt;
        &lt;div
          style=&quot;display: flex; border-bottom: 1px solid var(--hairline); margin-bottom: 16px;&quot;
        &gt;
          &lt;button
            style=&quot;padding: 12px 16px; background-color: transparent; border-bottom: 2px solid rgb(26, 115, 232); cursor: pointer; font-size: 14px; font-weight: 600; color: rgb(26, 115, 232);&quot;
          &gt;
            🎯 Models
             (
            3
            )
          &lt;/button&gt;
          &lt;button
            style=&quot;padding: 12px 16px; background-color: transparent; border-bottom: 2px solid transparent; cursor: pointer; font-size: 14px; font-weight: 400; color: rgb(102, 102, 102);&quot;
          &gt;
            🏋️ Training Jobs
             (
            2
            )
          &lt;/button&gt;
          &lt;button
            style=&quot;padding: 12px 16px; background-color: transparent; border-bottom: 2px solid transparent; cursor: pointer; font-size: 14px; font-weight: 400; color: rgb(102, 102, 102);&quot;
          &gt;
            🧪 Experiments
             (
            1
            )
          &lt;/button&gt;
          &lt;button
            style=&quot;padding: 12px 16px; background-color: transparent; border-bottom: 2px solid transparent; cursor: pointer; font-size: 14px; font-weight: 400; color: rgb(102, 102, 102);&quot;
          &gt;
            📊 Monitoring
             (
            0
            )
          &lt;/button&gt;
        &lt;/div&gt;
        &lt;div
          style=&quot;display: flex; gap: 12px; align-items: center; flex-wrap: wrap;&quot;
        &gt;
          &lt;input
            placeholder=&quot;Search models, tags, or algorithms...&quot;
            style=&quot;padding: 8px 12px; border: 1px solid var(--hairline); border-radius: 4px; flex: 1 1 300px; font-size: 14px;&quot;
            type=&quot;text&quot;
            value=&quot;&quot;
          /&gt;
          &lt;select
            style=&quot;padding: 8px; border: 1px solid var(--hairline); border-radius: 4px; font-size: 14px;&quot;
          &gt;
            &lt;option
              value=&quot;all&quot;
            &gt;
              All Status
            &lt;/option&gt;
            &lt;option
              value=&quot;production&quot;
            &gt;
              Production
            &lt;/option&gt;
            &lt;option
              value=&quot;staging&quot;
            &gt;
              Staging
            &lt;/option&gt;
            &lt;option
              value=&quot;development&quot;
            &gt;
              Development
            &lt;/option&gt;
            &lt;option
              value=&quot;deprecated&quot;
            &gt;
              Deprecated
            &lt;/option&gt;
          &lt;/select&gt;
        &lt;/div&gt;
      &lt;/div&gt;
      &lt;div
        style=&quot;flex: 1 1 0%; overflow: hidden;&quot;
      &gt;
        &lt;div
          style=&quot;height: 100%; display: grid; grid-template-columns: 1fr 1fr; gap: 16px;&quot;
        &gt;
          &lt;div
            style=&quot;overflow: auto; border: 1px solid var(--hairline); border-radius: 8px;&quot;
          &gt;
            &lt;div
              style=&quot;padding: 16px; border-bottom: 1px solid var(--hairline); background-color: rgb(248, 249, 250);&quot;
            &gt;
              &lt;h4
                style=&quot;margin: 0px; font-size: 14px; font-weight: 600;&quot;
              &gt;
                ML Models (
                3
                )
              &lt;/h4&gt;
            &lt;/div&gt;
            &lt;div&gt;
              &lt;div
                style=&quot;padding: 16px; border-bottom: 1px solid rgb(240, 240, 240); cursor: pointer; background-color: rgb(227, 242, 253); transition: background-color 0.2s;&quot;
              &gt;
                &lt;div
                  style=&quot;display: flex; justify-content: space-between; align-items: flex-start; margin-bottom: 8px;&quot;
                &gt;
                  &lt;div&gt;
                    &lt;h5
                      style=&quot;font-size: 14px; font-weight: 600; margin: 0px 0px 4px 0px;&quot;
                    &gt;
                      Entity Resolution Neural Network
                    &lt;/h5&gt;
                    &lt;div
                      style=&quot;font-size: 12px; color: rgb(102, 102, 102);&quot;
                    &gt;
                      v2.3.1
                       • 
                      Siamese Neural Network
                    &lt;/div&gt;
                  &lt;/div&gt;
                  &lt;div
                    style=&quot;display: flex; align-items: center; gap: 8px;&quot;
                  &gt;
                    &lt;span
                      style=&quot;font-size: 16px;&quot;
                    &gt;
                      🟢
                    &lt;/span&gt;
                    &lt;span
                      style=&quot;font-size: 11px; padding: 2px 6px; border-radius: 12px; background-color: rgb(40, 167, 69); color: white; font-weight: 600;&quot;
                    &gt;
                      PRODUCTION
                    &lt;/span&gt;
                  &lt;/div&gt;
                &lt;/div&gt;
                &lt;div
                  style=&quot;display: grid; grid-template-columns: 1fr 1fr 1fr; gap: 8px; margin-bottom: 8px; font-size: 12px;&quot;
                &gt;
                  &lt;div&gt;
                    &lt;strong&gt;
                      Accuracy:
           ...

Ignored nodes: comments, script, style
&lt;div&gt;
  &lt;div
    class=&quot;model-management-dashboard &quot;
    style=&quot;height: 100%; display: flex; flex-direction: column;&quot;
  &gt;
    &lt;div
      style=&quot;margin-bottom: 24px;&quot;
    &gt;
      &lt;h3
        style=&quot;font-size: 1.2rem; font-weight: 600; margin-bottom: 16px;&quot;
      &gt;
        🤖 MLOps Model Management
      &lt;/h3&gt;
      &lt;div
        style=&quot;display: flex; border-bottom: 1px solid var(--hairline); margin-bottom: 16px;&quot;
      &gt;
        &lt;button
          style=&quot;padding: 12px 16px; background-color: transparent; border-bottom: 2px solid rgb(26, 115, 232); cursor: pointer; font-size: 14px; font-weight: 600; color: rgb(26, 115, 232);&quot;
        &gt;
          🎯 Models
           (
          3
          )
        &lt;/button&gt;
        &lt;button
          style=&quot;padding: 12px 16px; background-color: transparent; border-bottom: 2px solid transparent; cursor: pointer; font-size: 14px; font-weight: 400; color: rgb(102, 102, 102);&quot;
        &gt;
          🏋️ Training Jobs
           (
          2
          )
        &lt;/button&gt;
        &lt;button
          style=&quot;padding: 12px 16px; background-color: transparent; border-bottom: 2px solid transparent; cursor: pointer; font-size: 14px; font-weight: 400; color: rgb(102, 102, 102);&quot;
        &gt;
          🧪 Experiments
           (
          1
          )
        &lt;/button&gt;
        &lt;button
          style=&quot;padding: 12px 16px; background-color: transparent; border-bottom: 2px solid transparent; cursor: pointer; font-size: 14px; font-weight: 400; color: rgb(102, 102, 102);&quot;
        &gt;
          📊 Monitoring
           (
          0
          )
        &lt;/button&gt;
      &lt;/div&gt;
      &lt;div
        style=&quot;display: flex; gap: 12px; align-items: center; flex-wrap: wrap;&quot;
      &gt;
        &lt;input
          placeholder=&quot;Search models, tags, or algorithms...&quot;
          style=&quot;padding: 8px 12px; border: 1px solid var(--hairline); border-radius: 4px; flex: 1 1 300px; font-size: 14px;&quot;
          type=&quot;text&quot;
          value=&quot;&quot;
        /&gt;
        &lt;select
          style=&quot;padding: 8px; border: 1px solid var(--hairline); border-radius: 4px; font-size: 14px;&quot;
        &gt;
          &lt;option
            value=&quot;all&quot;
          &gt;
            All Status
          &lt;/option&gt;
          &lt;option
            value=&quot;production&quot;
          &gt;
            Production
          &lt;/option&gt;
          &lt;option
            value=&quot;staging&quot;
          &gt;
            Staging
          &lt;/option&gt;
          &lt;option
            value=&quot;development&quot;
          &gt;
            Development
          &lt;/option&gt;
          &lt;option
            value=&quot;deprecated&quot;
          &gt;
            Deprecated
          &lt;/option&gt;
        &lt;/select&gt;
      &lt;/div&gt;
    &lt;/div&gt;
    &lt;div
      style=&quot;flex: 1 1 0%; overflow: hidden;&quot;
    &gt;
      &lt;div
        style=&quot;height: 100%; display: grid; grid-template-columns: 1fr 1fr; gap: 16px;&quot;
      &gt;
        &lt;div
          style=&quot;overflow: auto; border: 1px solid var(--hairline); border-radius: 8px;&quot;
        &gt;
          &lt;div
            style=&quot;padding: 16px; border-bottom: 1px solid var(--hairline); background-color: rgb(248, 249, 250);&quot;
          &gt;
            &lt;h4
              style=&quot;margin: 0px; font-size: 14px; font-weight: 600;&quot;
            &gt;
              ML Models (
              3
              )
            &lt;/h4&gt;
          &lt;/div&gt;
          &lt;div&gt;
            &lt;div
              style=&quot;padding: 16px; border-bottom: 1px solid rgb(240, 240, 240); cursor: pointer; background-color: rgb(227, 242, 253); transition: background-color 0.2s;&quot;
            &gt;
              &lt;div
                style=&quot;display: flex; justify-content: space-between; align-items: flex-start; margin-bottom: 8px;&quot;
              &gt;
                &lt;div&gt;
                  &lt;h5
                    style=&quot;font-size: 14px; font-weight: 600; margin: 0px 0px 4px 0px;&quot;
                  &gt;
                    Entity Resolution Neural Network
                  &lt;/h5&gt;
                  &lt;div
                    style=&quot;font-size: 12px; color: rgb(102, 102, 102);&quot;
                  &gt;
                    v2.3.1
                     • 
                    Siamese Neural Network
                  &lt;/div&gt;
                &lt;/div&gt;
                &lt;div
                  style=&quot;display: flex; align-items: center; gap: 8px;&quot;
                &gt;
                  &lt;span
                    style=&quot;font-size: 16px;&quot;
                  &gt;
                    🟢
                  &lt;/span&gt;
                  &lt;span
                    style=&quot;font-size: 11px; padding: 2px 6px; border-radius: 12px; background-color: rgb(40, 167, 69); color: white; font-weight: 600;&quot;
                  &gt;
                    PRODUCTION
                  &lt;/span&gt;
                &lt;/div&gt;
              &lt;/div&gt;
              &lt;div
                style=&quot;display: grid; grid-template-columns: 1fr 1fr 1fr; gap: 8px; margin-bottom: 8px; font-size: 12px;&quot;
              &gt;
                &lt;div&gt;
                  &lt;strong&gt;
                    Accuracy:
                  &lt;/strong&gt;
                   
                  94.2
                  %
                &lt;/div&gt;
                &lt;div&gt;
                  &lt;strong&gt;
                    F1:
                  &lt;/strong&gt;
                   
     ...

Ignored nodes: comments, script, style
&lt;div
  class=&quot;model-management-dashboard &quot;
  style=&quot;height: 100%; display: flex; flex-direction: column;&quot;
&gt;
  &lt;div
    style=&quot;margin-bottom: 24px;&quot;
  &gt;
    &lt;h3
      style=&quot;font-size: 1.2rem; font-weight: 600; margin-bottom: 16px;&quot;
    &gt;
      🤖 MLOps Model Management
    &lt;/h3&gt;
    &lt;div
      style=&quot;display: flex; border-bottom: 1px solid var(--hairline); margin-bottom: 16px;&quot;
    &gt;
      &lt;button
        style=&quot;padding: 12px 16px; background-color: transparent; border-bottom: 2px solid rgb(26, 115, 232); cursor: pointer; font-size: 14px; font-weight: 600; color: rgb(26, 115, 232);&quot;
      &gt;
        🎯 Models
         (
        3
        )
      &lt;/button&gt;
      &lt;button
        style=&quot;padding: 12px 16px; background-color: transparent; border-bottom: 2px solid transparent; cursor: pointer; font-size: 14px; font-weight: 400; color: rgb(102, 102, 102);&quot;
      &gt;
        🏋️ Training Jobs
         (
        2
        )
      &lt;/button&gt;
      &lt;button
        style=&quot;padding: 12px 16px; background-color: transparent; border-bottom: 2px solid transparent; cursor: pointer; font-size: 14px; font-weight: 400; color: rgb(102, 102, 102);&quot;
      &gt;
        🧪 Experiments
         (
        1
        )
      &lt;/button&gt;
      &lt;button
        style=&quot;padding: 12px 16px; background-color: transparent; border-bottom: 2px solid transparent; cursor: pointer; font-size: 14px; font-weight: 400; color: rgb(102, 102, 102);&quot;
      &gt;
        📊 Monitoring
         (
        0
        )
      &lt;/button&gt;
    &lt;/div&gt;
    &lt;div
      style=&quot;display: flex; gap: 12px; align-items: center; flex-wrap: wrap;&quot;
    &gt;
      &lt;input
        placeholder=&quot;Search models, tags, or algorithms...&quot;
        style=&quot;padding: 8px 12px; border: 1px solid var(--hairline); border-radius: 4px; flex: 1 1 300px; font-size: 14px;&quot;
        type=&quot;text&quot;
        value=&quot;&quot;
      /&gt;
      &lt;select
        style=&quot;padding: 8px; border: 1px solid var(--hairline); border-radius: 4px; font-size: 14px;&quot;
      &gt;
        &lt;option
          value=&quot;all&quot;
        &gt;
          All Status
        &lt;/option&gt;
        &lt;option
          value=&quot;production&quot;
        &gt;
          Production
        &lt;/option&gt;
        &lt;option
          value=&quot;staging&quot;
        &gt;
          Staging
        &lt;/option&gt;
        &lt;option
          value=&quot;development&quot;
        &gt;
          Development
        &lt;/option&gt;
        &lt;option
          value=&quot;deprecated&quot;
        &gt;
          Deprecated
        &lt;/option&gt;
      &lt;/select&gt;
    &lt;/div&gt;
  &lt;/div&gt;
  &lt;div
    style=&quot;flex: 1 1 0%; overflow: hidden;&quot;
  &gt;
    &lt;div
      style=&quot;height: 100%; display: grid; grid-template-columns: 1fr 1fr; gap: 16px;&quot;
    &gt;
      &lt;div
        style=&quot;overflow: auto; border: 1px solid var(--hairline); border-radius: 8px;&quot;
      &gt;
        &lt;div
          style=&quot;padding: 16px; border-bottom: 1px solid var(--hairline); background-color: rgb(248, 249, 250);&quot;
        &gt;
          &lt;h4
            style=&quot;margin: 0px; font-size: 14px; font-weight: 600;&quot;
          &gt;
            ML Models (
            3
            )
          &lt;/h4&gt;
        &lt;/div&gt;
        &lt;div&gt;
          &lt;div
            style=&quot;padding: 16px; border-bottom: 1px solid rgb(240, 240, 240); cursor: pointer; background-color: rgb(227, 242, 253); transition: background-color 0.2s;&quot;
          &gt;
            &lt;div
              style=&quot;display: flex; justify-content: space-between; align-items: flex-start; margin-bottom: 8px;&quot;
            &gt;
              &lt;div&gt;
                &lt;h5
                  style=&quot;font-size: 14px; font-weight: 600; margin: 0px 0px 4px 0px;&quot;
                &gt;
                  Entity Resolution Neural Network
                &lt;/h5&gt;
                &lt;div
                  style=&quot;font-size: 12px; color: rgb(102, 102, 102);&quot;
                &gt;
                  v2.3.1
                   • 
                  Siamese Neural Network
                &lt;/div&gt;
              &lt;/div&gt;
              &lt;div
                style=&quot;display: flex; align-items: center; gap: 8px;&quot;
              &gt;
                &lt;span
                  style=&quot;font-size: 16px;&quot;
                &gt;
                  🟢
                &lt;/span&gt;
                &lt;span
                  style=&quot;font-size: 11px; padding: 2px 6px; border-radius: 12px; background-color: rgb(40, 167, 69); color: white; font-weight: 600;&quot;
                &gt;
                  PRODUCTION
                &lt;/span&gt;
              &lt;/div&gt;
            &lt;/div&gt;
            &lt;div
              style=&quot;display: grid; grid-template-columns: 1fr 1fr 1fr; gap: 8px; margin-bottom: 8px; font-size: 12px;&quot;
            &gt;
              &lt;div&gt;
                &lt;strong&gt;
                  Accuracy:
                &lt;/strong&gt;
                 
                94.2
                %
              &lt;/div&gt;
              &lt;div&gt;
                &lt;strong&gt;
                  F1:
                &lt;/strong&gt;
                 
                94.2
                %
              &lt;/div&gt;
              &lt;div&gt;
                &lt;strong&gt;
                  Latency:
                &lt;/strong&gt;
                 
                12.5
                ms
              &lt;/div&gt;
      ...

Ignored nodes: comments, script, style
&lt;div
  style=&quot;flex: 1 1 0%; overflow: hidden;&quot;
&gt;
  &lt;div
    style=&quot;height: 100%; display: grid; grid-template-columns: 1fr 1fr; gap: 16px;&quot;
  &gt;
    &lt;div
      style=&quot;overflow: auto; border: 1px solid var(--hairline); border-radius: 8px;&quot;
    &gt;
      &lt;div
        style=&quot;padding: 16px; border-bottom: 1px solid var(--hairline); background-color: rgb(248, 249, 250);&quot;
      &gt;
        &lt;h4
          style=&quot;margin: 0px; font-size: 14px; font-weight: 600;&quot;
        &gt;
          ML Models (
          3
          )
        &lt;/h4&gt;
      &lt;/div&gt;
      &lt;div&gt;
        &lt;div
          style=&quot;padding: 16px; border-bottom: 1px solid rgb(240, 240, 240); cursor: pointer; background-color: rgb(227, 242, 253); transition: background-color 0.2s;&quot;
        &gt;
          &lt;div
            style=&quot;display: flex; justify-content: space-between; align-items: flex-start; margin-bottom: 8px;&quot;
          &gt;
            &lt;div&gt;
              &lt;h5
                style=&quot;font-size: 14px; font-weight: 600; margin: 0px 0px 4px 0px;&quot;
              &gt;
                Entity Resolution Neural Network
              &lt;/h5&gt;
              &lt;div
                style=&quot;font-size: 12px; color: rgb(102, 102, 102);&quot;
              &gt;
                v2.3.1
                 • 
                Siamese Neural Network
              &lt;/div&gt;
            &lt;/div&gt;
            &lt;div
              style=&quot;display: flex; align-items: center; gap: 8px;&quot;
            &gt;
              &lt;span
                style=&quot;font-size: 16px;&quot;
              &gt;
                🟢
              &lt;/span&gt;
              &lt;span
                style=&quot;font-size: 11px; padding: 2px 6px; border-radius: 12px; background-color: rgb(40, 167, 69); color: white; font-weight: 600;&quot;
              &gt;
                PRODUCTION
              &lt;/span&gt;
            &lt;/div&gt;
          &lt;/div&gt;
          &lt;div
            style=&quot;display: grid; grid-template-columns: 1fr 1fr 1fr; gap: 8px; margin-bottom: 8px; font-size: 12px;&quot;
          &gt;
            &lt;div&gt;
              &lt;strong&gt;
                Accuracy:
              &lt;/strong&gt;
               
              94.2
              %
            &lt;/div&gt;
            &lt;div&gt;
              &lt;strong&gt;
                F1:
              &lt;/strong&gt;
               
              94.2
              %
            &lt;/div&gt;
            &lt;div&gt;
              &lt;strong&gt;
                Latency:
              &lt;/strong&gt;
               
              12.5
              ms
            &lt;/div&gt;
          &lt;/div&gt;
          &lt;div
            style=&quot;display: flex; flex-wrap: wrap; gap: 4px; margin-bottom: 8px;&quot;
          &gt;
            &lt;span
              style=&quot;font-size: 11px; padding: 2px 6px; background-color: rgb(233, 236, 239); border-radius: 12px; color: rgb(73, 80, 87);&quot;
            &gt;
              entity-resolution
            &lt;/span&gt;
            &lt;span
              style=&quot;font-size: 11px; padding: 2px 6px; background-color: rgb(233, 236, 239); border-radius: 12px; color: rgb(73, 80, 87);&quot;
            &gt;
              neural-network
            &lt;/span&gt;
            &lt;span
              style=&quot;font-size: 11px; padding: 2px 6px; background-color: rgb(233, 236, 239); border-radius: 12px; color: rgb(73, 80, 87);&quot;
            &gt;
              production
            &lt;/span&gt;
          &lt;/div&gt;
          &lt;div
            style=&quot;font-size: 12px; color: rgb(102, 102, 102);&quot;
          &gt;
            &lt;div&gt;
              Author: 
              Dr. Sarah Chen
            &lt;/div&gt;
            &lt;div&gt;
              Created: 
              1/15/2024
            &lt;/div&gt;
          &lt;/div&gt;
        &lt;/div&gt;
        &lt;div
          style=&quot;padding: 16px; border-bottom: 1px solid rgb(240, 240, 240); cursor: pointer; background-color: transparent; transition: background-color 0.2s;&quot;
        &gt;
          &lt;div
            style=&quot;display: flex; justify-content: space-between; align-items: flex-start; margin-bottom: 8px;&quot;
          &gt;
            &lt;div&gt;
              &lt;h5
                style=&quot;font-size: 14px; font-weight: 600; margin: 0px 0px 4px 0px;&quot;
              &gt;
                Anomaly Detection Ensemble
              &lt;/h5&gt;
              &lt;div
                style=&quot;font-size: 12px; color: rgb(102, 102, 102);&quot;
              &gt;
                v1.8.4
                 • 
                Random Forest + Isolation Forest
              &lt;/div&gt;
            &lt;/div&gt;
            &lt;div
              style=&quot;display: flex; align-items: center; gap: 8px;&quot;
            &gt;
              &lt;span
                style=&quot;font-size: 16px;&quot;
              &gt;
                🟡
              &lt;/span&gt;
              &lt;span
                style=&quot;font-size: 11px; padding: 2px 6px; border-radius: 12px; background-color: rgb(255, 193, 7); color: white; font-weight: 600;&quot;
              &gt;
                STAGING
              &lt;/span&gt;
            &lt;/div&gt;
          &lt;/div&gt;
          &lt;div
            style=&quot;display: grid; grid-template-columns: 1fr 1fr 1fr; gap: 8px; margin-bottom: 8px; font-size: 12px;&quot;
          &gt;
            &lt;div&gt;
              &lt;strong&gt;
                Accuracy:
              &lt;/strong&gt;
               
              89.7
              %
            &lt;/div&gt;
            &lt;div&gt;
              &lt;strong&gt;
                F1:
              &lt;/strong&gt;
          ...

Ignored nodes: comments, script, style
&lt;div
  style=&quot;height: 100%; display: grid; grid-template-columns: 1fr 1fr; gap: 16px;&quot;
&gt;
  &lt;div
    style=&quot;overflow: auto; border: 1px solid var(--hairline); border-radius: 8px;&quot;
  &gt;
    &lt;div
      style=&quot;padding: 16px; border-bottom: 1px solid var(--hairline); background-color: rgb(248, 249, 250);&quot;
    &gt;
      &lt;h4
        style=&quot;margin: 0px; font-size: 14px; font-weight: 600;&quot;
      &gt;
        ML Models (
        3
        )
      &lt;/h4&gt;
    &lt;/div&gt;
    &lt;div&gt;
      &lt;div
        style=&quot;padding: 16px; border-bottom: 1px solid rgb(240, 240, 240); cursor: pointer; background-color: rgb(227, 242, 253); transition: background-color 0.2s;&quot;
      &gt;
        &lt;div
          style=&quot;display: flex; justify-content: space-between; align-items: flex-start; margin-bottom: 8px;&quot;
        &gt;
          &lt;div&gt;
            &lt;h5
              style=&quot;font-size: 14px; font-weight: 600; margin: 0px 0px 4px 0px;&quot;
            &gt;
              Entity Resolution Neural Network
            &lt;/h5&gt;
            &lt;div
              style=&quot;font-size: 12px; color: rgb(102, 102, 102);&quot;
            &gt;
              v2.3.1
               • 
              Siamese Neural Network
            &lt;/div&gt;
          &lt;/div&gt;
          &lt;div
            style=&quot;display: flex; align-items: center; gap: 8px;&quot;
          &gt;
            &lt;span
              style=&quot;font-size: 16px;&quot;
            &gt;
              🟢
            &lt;/span&gt;
            &lt;span
              style=&quot;font-size: 11px; padding: 2px 6px; border-radius: 12px; background-color: rgb(40, 167, 69); color: white; font-weight: 600;&quot;
            &gt;
              PRODUCTION
            &lt;/span&gt;
          &lt;/div&gt;
        &lt;/div&gt;
        &lt;div
          style=&quot;display: grid; grid-template-columns: 1fr 1fr 1fr; gap: 8px; margin-bottom: 8px; font-size: 12px;&quot;
        &gt;
          &lt;div&gt;
            &lt;strong&gt;
              Accuracy:
            &lt;/strong&gt;
             
            94.2
            %
          &lt;/div&gt;
          &lt;div&gt;
            &lt;strong&gt;
              F1:
            &lt;/strong&gt;
             
            94.2
            %
          &lt;/div&gt;
          &lt;div&gt;
            &lt;strong&gt;
              Latency:
            &lt;/strong&gt;
             
            12.5
            ms
          &lt;/div&gt;
        &lt;/div&gt;
        &lt;div
          style=&quot;display: flex; flex-wrap: wrap; gap: 4px; margin-bottom: 8px;&quot;
        &gt;
          &lt;span
            style=&quot;font-size: 11px; padding: 2px 6px; background-color: rgb(233, 236, 239); border-radius: 12px; color: rgb(73, 80, 87);&quot;
          &gt;
            entity-resolution
          &lt;/span&gt;
          &lt;span
            style=&quot;font-size: 11px; padding: 2px 6px; background-color: rgb(233, 236, 239); border-radius: 12px; color: rgb(73, 80, 87);&quot;
          &gt;
            neural-network
          &lt;/span&gt;
          &lt;span
            style=&quot;font-size: 11px; padding: 2px 6px; background-color: rgb(233, 236, 239); border-radius: 12px; color: rgb(73, 80, 87);&quot;
          &gt;
            production
          &lt;/span&gt;
        &lt;/div&gt;
        &lt;div
          style=&quot;font-size: 12px; color: rgb(102, 102, 102);&quot;
        &gt;
          &lt;div&gt;
            Author: 
            Dr. Sarah Chen
          &lt;/div&gt;
          &lt;div&gt;
            Created: 
            1/15/2024
          &lt;/div&gt;
        &lt;/div&gt;
      &lt;/div&gt;
      &lt;div
        style=&quot;padding: 16px; border-bottom: 1px solid rgb(240, 240, 240); cursor: pointer; background-color: transparent; transition: background-color 0.2s;&quot;
      &gt;
        &lt;div
          style=&quot;display: flex; justify-content: space-between; align-items: flex-start; margin-bottom: 8px;&quot;
        &gt;
          &lt;div&gt;
            &lt;h5
              style=&quot;font-size: 14px; font-weight: 600; margin: 0px 0px 4px 0px;&quot;
            &gt;
              Anomaly Detection Ensemble
            &lt;/h5&gt;
            &lt;div
              style=&quot;font-size: 12px; color: rgb(102, 102, 102);&quot;
            &gt;
              v1.8.4
               • 
              Random Forest + Isolation Forest
            &lt;/div&gt;
          &lt;/div&gt;
          &lt;div
            style=&quot;display: flex; align-items: center; gap: 8px;&quot;
          &gt;
            &lt;span
              style=&quot;font-size: 16px;&quot;
            &gt;
              🟡
            &lt;/span&gt;
            &lt;span
              style=&quot;font-size: 11px; padding: 2px 6px; border-radius: 12px; background-color: rgb(255, 193, 7); color: white; font-weight: 600;&quot;
            &gt;
              STAGING
            &lt;/span&gt;
          &lt;/div&gt;
        &lt;/div&gt;
        &lt;div
          style=&quot;display: grid; grid-template-columns: 1fr 1fr 1fr; gap: 8px; margin-bottom: 8px; font-size: 12px;&quot;
        &gt;
          &lt;div&gt;
            &lt;strong&gt;
              Accuracy:
            &lt;/strong&gt;
             
            89.7
            %
          &lt;/div&gt;
          &lt;div&gt;
            &lt;strong&gt;
              F1:
            &lt;/strong&gt;
             
            89.6
            %
          &lt;/div&gt;
          &lt;div&gt;
            &lt;strong&gt;
              Latency:
            &lt;/strong&gt;
             
            8.2
            ms
          &lt;/div&gt;
        &lt;/div&gt;
        &lt;div
          style=&quot;display: flex; flex-wrap: wrap; g...

Ignored nodes: comments, script, style
&lt;div
  style=&quot;overflow: auto; border: 1px solid var(--hairline); border-radius: 8px;&quot;
&gt;
  &lt;div
    style=&quot;padding: 16px; border-bottom: 1px solid var(--hairline); background-color: rgb(248, 249, 250);&quot;
  &gt;
    &lt;h4
      style=&quot;margin: 0px; font-size: 14px; font-weight: 600;&quot;
    &gt;
      ML Models (
      3
      )
    &lt;/h4&gt;
  &lt;/div&gt;
  &lt;div&gt;
    &lt;div
      style=&quot;padding: 16px; border-bottom: 1px solid rgb(240, 240, 240); cursor: pointer; background-color: rgb(227, 242, 253); transition: background-color 0.2s;&quot;
    &gt;
      &lt;div
        style=&quot;display: flex; justify-content: space-between; align-items: flex-start; margin-bottom: 8px;&quot;
      &gt;
        &lt;div&gt;
          &lt;h5
            style=&quot;font-size: 14px; font-weight: 600; margin: 0px 0px 4px 0px;&quot;
          &gt;
            Entity Resolution Neural Network
          &lt;/h5&gt;
          &lt;div
            style=&quot;font-size: 12px; color: rgb(102, 102, 102);&quot;
          &gt;
            v2.3.1
             • 
            Siamese Neural Network
          &lt;/div&gt;
        &lt;/div&gt;
        &lt;div
          style=&quot;display: flex; align-items: center; gap: 8px;&quot;
        &gt;
          &lt;span
            style=&quot;font-size: 16px;&quot;
          &gt;
            🟢
          &lt;/span&gt;
          &lt;span
            style=&quot;font-size: 11px; padding: 2px 6px; border-radius: 12px; background-color: rgb(40, 167, 69); color: white; font-weight: 600;&quot;
          &gt;
            PRODUCTION
          &lt;/span&gt;
        &lt;/div&gt;
      &lt;/div&gt;
      &lt;div
        style=&quot;display: grid; grid-template-columns: 1fr 1fr 1fr; gap: 8px; margin-bottom: 8px; font-size: 12px;&quot;
      &gt;
        &lt;div&gt;
          &lt;strong&gt;
            Accuracy:
          &lt;/strong&gt;
           
          94.2
          %
        &lt;/div&gt;
        &lt;div&gt;
          &lt;strong&gt;
            F1:
          &lt;/strong&gt;
           
          94.2
          %
        &lt;/div&gt;
        &lt;div&gt;
          &lt;strong&gt;
            Latency:
          &lt;/strong&gt;
           
          12.5
          ms
        &lt;/div&gt;
      &lt;/div&gt;
      &lt;div
        style=&quot;display: flex; flex-wrap: wrap; gap: 4px; margin-bottom: 8px;&quot;
      &gt;
        &lt;span
          style=&quot;font-size: 11px; padding: 2px 6px; background-color: rgb(233, 236, 239); border-radius: 12px; color: rgb(73, 80, 87);&quot;
        &gt;
          entity-resolution
        &lt;/span&gt;
        &lt;span
          style=&quot;font-size: 11px; padding: 2px 6px; background-color: rgb(233, 236, 239); border-radius: 12px; color: rgb(73, 80, 87);&quot;
        &gt;
          neural-network
        &lt;/span&gt;
        &lt;span
          style=&quot;font-size: 11px; padding: 2px 6px; background-color: rgb(233, 236, 239); border-radius: 12px; color: rgb(73, 80, 87);&quot;
        &gt;
          production
        &lt;/span&gt;
      &lt;/div&gt;
      &lt;div
        style=&quot;font-size: 12px; color: rgb(102, 102, 102);&quot;
      &gt;
        &lt;div&gt;
          Author: 
          Dr. Sarah Chen
        &lt;/div&gt;
        &lt;div&gt;
          Created: 
          1/15/2024
        &lt;/div&gt;
      &lt;/div&gt;
    &lt;/div&gt;
    &lt;div
      style=&quot;padding: 16px; border-bottom: 1px solid rgb(240, 240, 240); cursor: pointer; background-color: transparent; transition: background-color 0.2s;&quot;
    &gt;
      &lt;div
        style=&quot;display: flex; justify-content: space-between; align-items: flex-start; margin-bottom: 8px;&quot;
      &gt;
        &lt;div&gt;
          &lt;h5
            style=&quot;font-size: 14px; font-weight: 600; margin: 0px 0px 4px 0px;&quot;
          &gt;
            Anomaly Detection Ensemble
          &lt;/h5&gt;
          &lt;div
            style=&quot;font-size: 12px; color: rgb(102, 102, 102);&quot;
          &gt;
            v1.8.4
             • 
            Random Forest + Isolation Forest
          &lt;/div&gt;
        &lt;/div&gt;
        &lt;div
          style=&quot;display: flex; align-items: center; gap: 8px;&quot;
        &gt;
          &lt;span
            style=&quot;font-size: 16px;&quot;
          &gt;
            🟡
          &lt;/span&gt;
          &lt;span
            style=&quot;font-size: 11px; padding: 2px 6px; border-radius: 12px; background-color: rgb(255, 193, 7); color: white; font-weight: 600;&quot;
          &gt;
            STAGING
          &lt;/span&gt;
        &lt;/div&gt;
      &lt;/div&gt;
      &lt;div
        style=&quot;display: grid; grid-template-columns: 1fr 1fr 1fr; gap: 8px; margin-bottom: 8px; font-size: 12px;&quot;
      &gt;
        &lt;div&gt;
          &lt;strong&gt;
            Accuracy:
          &lt;/strong&gt;
           
          89.7
          %
        &lt;/div&gt;
        &lt;div&gt;
          &lt;strong&gt;
            F1:
          &lt;/strong&gt;
           
          89.6
          %
        &lt;/div&gt;
        &lt;div&gt;
          &lt;strong&gt;
            Latency:
          &lt;/strong&gt;
           
          8.2
          ms
        &lt;/div&gt;
      &lt;/div&gt;
      &lt;div
        style=&quot;display: flex; flex-wrap: wrap; gap: 4px; margin-bottom: 8px;&quot;
      &gt;
        &lt;span
          style=&quot;font-size: 11px; padding: 2px 6px; background-color: rgb(233, 236, 239); border-radius: 12px; color: rgb(73, 80, 87);&quot;
        &gt;
          anomaly-detection
        &lt;/span&gt;
        &lt;span
          style=&quot;font-size: 11px; padding: 2px 6px; background-color: rgb(233, 236, 239); border-radius: 12px; color: rgb(73, 80, 87);&quot;
        &gt;
          ensemble
        &lt;/span&gt;
        &lt;span
          style=&quot;font-size: 11px; padding: 2px 6px; background-color: rgb(233, 236, 239); border-radius: 12px; color: rgb(73, 80, 87);&quot;
        &gt;
          staging
        &lt;/span&gt;
      &lt;/div&gt;
      &lt;div
        style=&quot;font-size: 12px; color: rgb(102, 102, 102);&quot;
      &gt;
        &lt;div&gt;
          Author: 
          Alex Rodriguez
        &lt;/div&gt;
        &lt;div&gt;
          Created: 
          1/10/2024
        &lt;/div&gt;
      &lt;/div&gt;
    &lt;/div&gt;
    &lt;div
      style=&quot;padding: 16px; border-bottom: 1px solid rgb(240, 240, 240); cursor: pointer; background-color: transparent; transition: background-color 0.2s;&quot;
    &gt;
      &lt;div
        style=&quot;display: flex; justify-content: space-between; align-items: flex-start; margin-bottom: 8px;&quot;
      &gt;
        &lt;div&gt;
          &lt;h5
            style=&quot;font-size: 14px; font-weight: 600; margin: 0px 0px 4px 0px;&quot;
          &gt;
            Sentiment Analysis Transformer
          &lt;/h5&gt;
          &lt;div
            style=&quot;font-size: 12px; color: rgb(102, 102, 102);&quot;
          &gt;
            v3.1.0-beta
             • 
            BERT Transformer
          &lt;/div&gt;
        &lt;/div&gt;
        &lt;div
          style=&quot;display: flex; align-items: center; gap: 8px;&quot;
        &gt;
          &lt;span
            style=&quot;font-size: 16px;&quot;
          &gt;
            🔵
          &lt;/span&gt;
          &lt;span
            style=&quot;font-size: 11px; padding: 2px 6px; border-radius: 12px; background-color: rgb(23, 162, 184); color: white; font-weight: 600;&quot;
          &gt;
            DEVELOPMENT
          &lt;/span&gt;
        &lt;/div&gt;
      &lt;/div&gt;
      &lt;div
        style=&quot;display: grid; grid-template-columns: 1fr 1fr 1fr; gap: 8px; margin-bottom: 8px; font-size: 12px;&quot;
      &gt;
        &lt;div&gt;
          &lt;strong&gt;
            Accuracy:
          &lt;/strong&gt;
           
          87.1
          %
        &lt;/div&gt;
        &lt;div&gt;
          &lt;strong&gt;
            F1:
          &lt;/strong&gt;
           
          87.1
          %
        &lt;/div&gt;
        &lt;div&gt;
          &lt;strong&gt;
            Latency:
          &lt;/strong&gt;
           
          45.3
          ms
        &lt;/div&gt;
      &lt;/div&gt;
      &lt;div
        style=&quot;display: flex; flex-wrap: wrap; gap: 4px; margin-bottom: 8px;&quot;
      &gt;
        &lt;span
          style=&quot;font-size: 11px; padding: 2px 6px; background-color: rgb(233, 236, 239); border-radius: 12px; color: rgb(73, 80, 87);&quot;
        &gt;
          sentiment-analysis
        &lt;/span&gt;
        &lt;span
          style=&quot;font-size: 11px; padding: 2px 6px; background-color: rgb(233, 236, 239); border-radius: 12px; color: rgb(73, 80, 87);&quot;
        &gt;
          transformer
        &lt;/span&gt;
        &lt;span
          style=&quot;font-size: 11px; padding: 2px 6px; background-color: rgb(233, 236, 239); border-radius: 12px; color: rgb(73, 80, 87);&quot;
        &gt;
          nlp
        &lt;/span&gt;
      &lt;/div&gt;
      &lt;div
        style=&quot;font-size: 12px; color: rgb(102, 102, 102);&quot;
      &gt;
        &lt;div&gt;
          Author: 
          Dr. Michael Zhang
        &lt;/div&gt;
        &lt;div&gt;
          Created: 
          1/25/2024
        &lt;/div&gt;
      &lt;/div&gt;
    &lt;/div&gt;
  &lt;/div&gt;
&lt;/div&gt;

Ignored nodes: comments, script, style
&lt;div&gt;
  &lt;div
    style=&quot;padding: 16px; border-bottom: 1px solid rgb(240, 240, 240); cursor: pointer; background-color: rgb(227, 242, 253); transition: background-color 0.2s;&quot;
  &gt;
    &lt;div
      style=&quot;display: flex; justify-content: space-between; align-items: flex-start; margin-bottom: 8px;&quot;
    &gt;
      &lt;div&gt;
        &lt;h5
          style=&quot;font-size: 14px; font-weight: 600; margin: 0px 0px 4px 0px;&quot;
        &gt;
          Entity Resolution Neural Network
        &lt;/h5&gt;
        &lt;div
          style=&quot;font-size: 12px; color: rgb(102, 102, 102);&quot;
        &gt;
          v2.3.1
           • 
          Siamese Neural Network
        &lt;/div&gt;
      &lt;/div&gt;
      &lt;div
        style=&quot;display: flex; align-items: center; gap: 8px;&quot;
      &gt;
        &lt;span
          style=&quot;font-size: 16px;&quot;
        &gt;
          🟢
        &lt;/span&gt;
        &lt;span
          style=&quot;font-size: 11px; padding: 2px 6px; border-radius: 12px; background-color: rgb(40, 167, 69); color: white; font-weight: 600;&quot;
        &gt;
          PRODUCTION
        &lt;/span&gt;
      &lt;/div&gt;
    &lt;/div&gt;
    &lt;div
      style=&quot;display: grid; grid-template-columns: 1fr 1fr 1fr; gap: 8px; margin-bottom: 8px; font-size: 12px;&quot;
    &gt;
      &lt;div&gt;
        &lt;strong&gt;
          Accuracy:
        &lt;/strong&gt;
         
        94.2
        %
      &lt;/div&gt;
      &lt;div&gt;
        &lt;strong&gt;
          F1:
        &lt;/strong&gt;
         
        94.2
        %
      &lt;/div&gt;
      &lt;div&gt;
        &lt;strong&gt;
          Latency:
        &lt;/strong&gt;
         
        12.5
        ms
      &lt;/div&gt;
    &lt;/div&gt;
    &lt;div
      style=&quot;display: flex; flex-wrap: wrap; gap: 4px; margin-bottom: 8px;&quot;
    &gt;
      &lt;span
        style=&quot;font-size: 11px; padding: 2px 6px; background-color: rgb(233, 236, 239); border-radius: 12px; color: rgb(73, 80, 87);&quot;
      &gt;
        entity-resolution
      &lt;/span&gt;
      &lt;span
        style=&quot;font-size: 11px; padding: 2px 6px; background-color: rgb(233, 236, 239); border-radius: 12px; color: rgb(73, 80, 87);&quot;
      &gt;
        neural-network
      &lt;/span&gt;
      &lt;span
        style=&quot;font-size: 11px; padding: 2px 6px; background-color: rgb(233, 236, 239); border-radius: 12px; color: rgb(73, 80, 87);&quot;
      &gt;
        production
      &lt;/span&gt;
    &lt;/div&gt;
    &lt;div
      style=&quot;font-size: 12px; color: rgb(102, 102, 102);&quot;
    &gt;
      &lt;div&gt;
        Author: 
        Dr. Sarah Chen
      &lt;/div&gt;
      &lt;div&gt;
        Created: 
        1/15/2024
      &lt;/div&gt;
    &lt;/div&gt;
  &lt;/div&gt;
  &lt;div
    style=&quot;padding: 16px; border-bottom: 1px solid rgb(240, 240, 240); cursor: pointer; background-color: transparent; transition: background-color 0.2s;&quot;
  &gt;
    &lt;div
      style=&quot;display: flex; justify-content: space-between; align-items: flex-start; margin-bottom: 8px;&quot;
    &gt;
      &lt;div&gt;
        &lt;h5
          style=&quot;font-size: 14px; font-weight: 600; margin: 0px 0px 4px 0px;&quot;
        &gt;
          Anomaly Detection Ensemble
        &lt;/h5&gt;
        &lt;div
          style=&quot;font-size: 12px; color: rgb(102, 102, 102);&quot;
        &gt;
          v1.8.4
           • 
          Random Forest + Isolation Forest
        &lt;/div&gt;
      &lt;/div&gt;
      &lt;div
        style=&quot;display: flex; align-items: center; gap: 8px;&quot;
      &gt;
        &lt;span
          style=&quot;font-size: 16px;&quot;
        &gt;
          🟡
        &lt;/span&gt;
        &lt;span
          style=&quot;font-size: 11px; padding: 2px 6px; border-radius: 12px; background-color: rgb(255, 193, 7); color: white; font-weight: 600;&quot;
        &gt;
          STAGING
        &lt;/span&gt;
      &lt;/div&gt;
    &lt;/div&gt;
    &lt;div
      style=&quot;display: grid; grid-template-columns: 1fr 1fr 1fr; gap: 8px; margin-bottom: 8px; font-size: 12px;&quot;
    &gt;
      &lt;div&gt;
        &lt;strong&gt;
          Accuracy:
        &lt;/strong&gt;
         
        89.7
        %
      &lt;/div&gt;
      &lt;div&gt;
        &lt;strong&gt;
          F1:
        &lt;/strong&gt;
         
        89.6
        %
      &lt;/div&gt;
      &lt;div&gt;
        &lt;strong&gt;
          Latency:
        &lt;/strong&gt;
         
        8.2
        ms
      &lt;/div&gt;
    &lt;/div&gt;
    &lt;div
      style=&quot;display: flex; flex-wrap: wrap; gap: 4px; margin-bottom: 8px;&quot;
    &gt;
      &lt;span
        style=&quot;font-size: 11px; padding: 2px 6px; background-color: rgb(233, 236, 239); border-radius: 12px; color: rgb(73, 80, 87);&quot;
      &gt;
        anomaly-detection
      &lt;/span&gt;
      &lt;span
        style=&quot;font-size: 11px; padding: 2px 6px; background-color: rgb(233, 236, 239); border-radius: 12px; color: rgb(73, 80, 87);&quot;
      &gt;
        ensemble
      &lt;/span&gt;
      &lt;span
        style=&quot;font-size: 11px; padding: 2px 6px; background-color: rgb(233, 236, 239); border-radius: 12px; color: rgb(73, 80, 87);&quot;
      &gt;
        staging
      &lt;/span&gt;
    &lt;/div&gt;
    &lt;div
      style=&quot;font-size: 12px; color: rgb(102, 102, 102);&quot;
    &gt;
      &lt;div&gt;
        Author: 
        Alex Rodriguez
      &lt;/div&gt;
      &lt;div&gt;
        Created: 
        1/10/2024
      &lt;/div&gt;
    &lt;/div&gt;
  &lt;/div&gt;
  &lt;div
    style=&quot;padding: 16px; border-bottom: 1px solid rgb(240, 240, 240); cursor: pointer; background-color: transparent; transition: background-color 0.2s;&quot;
  &gt;
    &lt;div
      style=&quot;display: flex; justify-content: space-between; align-items: flex-start; margin-bottom: 8px;&quot;
    &gt;
      &lt;div&gt;
        &lt;h5
          style=&quot;font-size: 14px; font-weight: 600; margin: 0px 0px 4px 0px;&quot;
        &gt;
          Sentiment Analysis Transformer
        &lt;/h5&gt;
        &lt;div
          style=&quot;font-size: 12px; color: rgb(102, 102, 102);&quot;
        &gt;
          v3.1.0-beta
           • 
          BERT Transformer
        &lt;/div&gt;
      &lt;/div&gt;
      &lt;div
        style=&quot;display: flex; align-items: center; gap: 8px;&quot;
      &gt;
        &lt;span
          style=&quot;font-size: 16px;&quot;
        &gt;
          🔵
        &lt;/span&gt;
        &lt;span
          style=&quot;font-size: 11px; padding: 2px 6px; border-radius: 12px; background-color: rgb(23, 162, 184); color: white; font-weight: 600;&quot;
        &gt;
          DEVELOPMENT
        &lt;/span&gt;
      &lt;/div&gt;
    &lt;/div&gt;
    &lt;div
      style=&quot;display: grid; grid-template-columns: 1fr 1fr 1fr; gap: 8px; margin-bottom: 8px; font-size: 12px;&quot;
    &gt;
      &lt;div&gt;
        &lt;strong&gt;
          Accuracy:
        &lt;/strong&gt;
         
        87.1
        %
      &lt;/div&gt;
      &lt;div&gt;
        &lt;strong&gt;
          F1:
        &lt;/strong&gt;
         
        87.1
        %
      &lt;/div&gt;
      &lt;div&gt;
        &lt;strong&gt;
          Latency:
        &lt;/strong&gt;
         
        45.3
        ms
      &lt;/div&gt;
    &lt;/div&gt;
    &lt;div
      style=&quot;display: flex; flex-wrap: wrap; gap: 4px; margin-bottom: 8px;&quot;
    &gt;
      &lt;span
        style=&quot;font-size: 11px; padding: 2px 6px; background-color: rgb(233, 236, 239); border-radius: 12px; color: rgb(73, 80, 87);&quot;
      &gt;
        sentiment-analysis
      &lt;/span&gt;
      &lt;span
        style=&quot;font-size: 11px; padding: 2px 6px; background-color: rgb(233, 236, 239); border-radius: 12px; color: rgb(73, 80, 87);&quot;
      &gt;
        transformer
      &lt;/span&gt;
      &lt;span
        style=&quot;font-size: 11px; padding: 2px 6px; background-color: rgb(233, 236, 239); border-radius: 12px; color: rgb(73, 80, 87);&quot;
      &gt;
        nlp
      &lt;/span&gt;
    &lt;/div&gt;
    &lt;div
      style=&quot;font-size: 12px; color: rgb(102, 102, 102);&quot;
    &gt;
      &lt;div&gt;
        Author: 
        Dr. Michael Zhang
      &lt;/div&gt;
      &lt;div&gt;
        Created: 
        1/25/2024
      &lt;/div&gt;
    &lt;/div&gt;
  &lt;/div&gt;
&lt;/div&gt;

Ignored nodes: comments, script, style
&lt;div
  style=&quot;padding: 16px; border-bottom: 1px solid rgb(240, 240, 240); cursor: pointer; background-color: rgb(227, 242, 253); transition: background-color 0.2s;&quot;
&gt;
  &lt;div
    style=&quot;display: flex; justify-content: space-between; align-items: flex-start; margin-bottom: 8px;&quot;
  &gt;
    &lt;div&gt;
      &lt;h5
        style=&quot;font-size: 14px; font-weight: 600; margin: 0px 0px 4px 0px;&quot;
      &gt;
        Entity Resolution Neural Network
      &lt;/h5&gt;
      &lt;div
        style=&quot;font-size: 12px; color: rgb(102, 102, 102);&quot;
      &gt;
        v2.3.1
         • 
        Siamese Neural Network
      &lt;/div&gt;
    &lt;/div&gt;
    &lt;div
      style=&quot;display: flex; align-items: center; gap: 8px;&quot;
    &gt;
      &lt;span
        style=&quot;font-size: 16px;&quot;
      &gt;
        🟢
      &lt;/span&gt;
      &lt;span
        style=&quot;font-size: 11px; padding: 2px 6px; border-radius: 12px; background-color: rgb(40, 167, 69); color: white; font-weight: 600;&quot;
      &gt;
        PRODUCTION
      &lt;/span&gt;
    &lt;/div&gt;
  &lt;/div&gt;
  &lt;div
    style=&quot;display: grid; grid-template-columns: 1fr 1fr 1fr; gap: 8px; margin-bottom: 8px; font-size: 12px;&quot;
  &gt;
    &lt;div&gt;
      &lt;strong&gt;
        Accuracy:
      &lt;/strong&gt;
       
      94.2
      %
    &lt;/div&gt;
    &lt;div&gt;
      &lt;strong&gt;
        F1:
      &lt;/strong&gt;
       
      94.2
      %
    &lt;/div&gt;
    &lt;div&gt;
      &lt;strong&gt;
        Latency:
      &lt;/strong&gt;
       
      12.5
      ms
    &lt;/div&gt;
  &lt;/div&gt;
  &lt;div
    style=&quot;display: flex; flex-wrap: wrap; gap: 4px; margin-bottom: 8px;&quot;
  &gt;
    &lt;span
      style=&quot;font-size: 11px; padding: 2px 6px; background-color: rgb(233, 236, 239); border-radius: 12px; color: rgb(73, 80, 87);&quot;
    &gt;
      entity-resolution
    &lt;/span&gt;
    &lt;span
      style=&quot;font-size: 11px; padding: 2px 6px; background-color: rgb(233, 236, 239); border-radius: 12px; color: rgb(73, 80, 87);&quot;
    &gt;
      neural-network
    &lt;/span&gt;
    &lt;span
      style=&quot;font-size: 11px; padding: 2px 6px; background-color: rgb(233, 236, 239); border-radius: 12px; color: rgb(73, 80, 87);&quot;
    &gt;
      production
    &lt;/span&gt;
  &lt;/div&gt;
  &lt;div
    style=&quot;font-size: 12px; color: rgb(102, 102, 102);&quot;
  &gt;
    &lt;div&gt;
      Author: 
      Dr. Sarah Chen
    &lt;/div&gt;
    &lt;div&gt;
      Created: 
      1/15/2024
    &lt;/div&gt;
  &lt;/div&gt;
&lt;/div&gt;

Ignored nodes: comments, script, style
&lt;div
  style=&quot;display: grid; grid-template-columns: 1fr 1fr 1fr; gap: 8px; margin-bottom: 8px; font-size: 12px;&quot;
&gt;
  &lt;div&gt;
    &lt;strong&gt;
      Accuracy:
    &lt;/strong&gt;
     
    94.2
    %
  &lt;/div&gt;
  &lt;div&gt;
    &lt;strong&gt;
      F1:
    &lt;/strong&gt;
     
    94.2
    %
  &lt;/div&gt;
  &lt;div&gt;
    &lt;strong&gt;
      Latency:
    &lt;/strong&gt;
     
    12.5
    ms
  &lt;/div&gt;
&lt;/div&gt;

Ignored nodes: comments, script, style
&lt;div&gt;
  &lt;strong&gt;
    Accuracy:
  &lt;/strong&gt;
   
  94.2
  %
&lt;/div&gt;

Ignored nodes: comments, script, style
&lt;div
  style=&quot;overflow: auto; border: 1px solid var(--hairline); border-radius: 8px;&quot;
&gt;
  &lt;div
    style=&quot;padding: 16px; border-bottom: 1px solid var(--hairline); background-color: rgb(248, 249, 250); display: flex; justify-content: space-between; align-items: center;&quot;
  &gt;
    &lt;h4
      style=&quot;margin: 0px; font-size: 14px; font-weight: 600;&quot;
    &gt;
      Model Details
    &lt;/h4&gt;
  &lt;/div&gt;
  &lt;div
    style=&quot;padding: 16px;&quot;
  &gt;
    &lt;div
      style=&quot;margin-bottom: 24px;&quot;
    &gt;
      &lt;h5
        style=&quot;font-size: 16px; font-weight: 600; margin-bottom: 8px;&quot;
      &gt;
        Entity Resolution Neural Network
         
        v2.3.1
      &lt;/h5&gt;
      &lt;p
        style=&quot;font-size: 13px; color: rgb(102, 102, 102); line-height: 1.4;&quot;
      &gt;
        Deep learning model for entity resolution and deduplication
      &lt;/p&gt;
    &lt;/div&gt;
    &lt;div
      style=&quot;margin-bottom: 24px;&quot;
    &gt;
      &lt;h6
        style=&quot;font-size: 14px; font-weight: 600; margin-bottom: 8px;&quot;
      &gt;
        Performance Metrics
      &lt;/h6&gt;
      &lt;div
        style=&quot;display: grid; grid-template-columns: 1fr 1fr; gap: 12px; font-size: 13px;&quot;
      &gt;
        &lt;div&gt;
          &lt;strong&gt;
            Accuracy:
          &lt;/strong&gt;
           
          94.2
          %
        &lt;/div&gt;
        &lt;div&gt;
          &lt;strong&gt;
            Precision:
          &lt;/strong&gt;
           
          92.8
          %
        &lt;/div&gt;
        &lt;div&gt;
          &lt;strong&gt;
            Recall:
          &lt;/strong&gt;
           
          95.6
          %
        &lt;/div&gt;
        &lt;div&gt;
          &lt;strong&gt;
            F1 Score:
          &lt;/strong&gt;
           
          94.2
          %
        &lt;/div&gt;
        &lt;div&gt;
          &lt;strong&gt;
            AUC:
          &lt;/strong&gt;
           
          97.3
          %
        &lt;/div&gt;
        &lt;div&gt;
          &lt;strong&gt;
            Loss:
          &lt;/strong&gt;
           
          0.084
        &lt;/div&gt;
        &lt;div&gt;
          &lt;strong&gt;
            Latency:
          &lt;/strong&gt;
           
          12.5
          ms
        &lt;/div&gt;
        &lt;div&gt;
          &lt;strong&gt;
            Throughput:
          &lt;/strong&gt;
           
          1847
          /sec
        &lt;/div&gt;
      &lt;/div&gt;
    &lt;/div&gt;
    &lt;div
      style=&quot;margin-bottom: 24px;&quot;
    &gt;
      &lt;h6
        style=&quot;font-size: 14px; font-weight: 600; margin-bottom: 8px;&quot;
      &gt;
        Model Information
      &lt;/h6&gt;
      &lt;div
        style=&quot;font-size: 13px; line-height: 1.4;&quot;
      &gt;
        &lt;div&gt;
          &lt;strong&gt;
            Algorithm:
          &lt;/strong&gt;
           
          Siamese Neural Network
        &lt;/div&gt;
        &lt;div&gt;
          &lt;strong&gt;
            Size:
          &lt;/strong&gt;
           
          45.3
           MB
        &lt;/div&gt;
        &lt;div&gt;
          &lt;strong&gt;
            Training Duration:
          &lt;/strong&gt;
           
          180
           minutes
        &lt;/div&gt;
        &lt;div&gt;
          &lt;strong&gt;
            Dataset Version:
          &lt;/strong&gt;
           
          v1.2.0
        &lt;/div&gt;
        &lt;div&gt;
          &lt;strong&gt;
            Author:
          &lt;/strong&gt;
           
          Dr. Sarah Chen
        &lt;/div&gt;
        &lt;div&gt;
          &lt;strong&gt;
            Created:
          &lt;/strong&gt;
           
          1/15/2024, 12:00:00 AM
        &lt;/div&gt;
        &lt;div&gt;
          &lt;strong&gt;
            Deployed:
          &lt;/strong&gt;
           
          1/20/2024, 12:00:00 AM
        &lt;/div&gt;
      &lt;/div&gt;
    &lt;/div&gt;
    &lt;div
      style=&quot;margin-bottom: 24px;&quot;
    &gt;
      &lt;h6
        style=&quot;font-size: 14px; font-weight: 600; margin-bottom: 8px;&quot;
      &gt;
        Environment
      &lt;/h6&gt;
      &lt;div
        style=&quot;font-size: 13px; line-height: 1.4;&quot;
      &gt;
        &lt;div&gt;
          &lt;strong&gt;
            Python:
          &lt;/strong&gt;
           
          3.9.7
        &lt;/div&gt;
        &lt;div&gt;
          &lt;strong&gt;
            Hardware:
          &lt;/strong&gt;
           
          NVIDIA V100
        &lt;/div&gt;
        &lt;div&gt;
          &lt;strong&gt;
            Frameworks:
          &lt;/strong&gt;
        &lt;/div&gt;
        &lt;div
          style=&quot;margin-left: 16px;&quot;
        &gt;
          &lt;div&gt;
            • 
            tensorflow
            : 
            2.8.0
          &lt;/div&gt;
          &lt;div&gt;
            • 
            numpy
            : 
            1.21.0
          &lt;/div&gt;
          &lt;div&gt;
            • 
            pandas
            : 
            1.3.3
          &lt;/div&gt;
        &lt;/div&gt;
      &lt;/div&gt;
    &lt;/div&gt;
    &lt;div
      style=&quot;margin-bottom: 24px;&quot;
    &gt;
      &lt;h6
        style=&quot;font-size: 14px; font-weight: 600; margin-bottom: 8px;&quot;
      &gt;
        Endpoints
      &lt;/h6&gt;
      &lt;div
        style=&quot;font-size: 13px; line-height: 1.4;&quot;
      &gt;
        &lt;div&gt;
          &lt;strong&gt;
            Inference:
          &lt;/strong&gt;
           
          &lt;code&gt;
            /api/models/entity-resolution/predict
          &lt;/code&gt;
        &lt;/div&gt;
        &lt;div&gt;
          &lt;strong&gt;
            Monitoring:
          &lt;/strong&gt;
           
          &lt;code&gt;
            /api/models/entity-resolution/metrics
          &lt;/code&gt;
        &lt;/div&gt;
      &lt;/div&gt;
    &lt;/div&gt;
    &lt;div
      style=&quot;margin-bottom: 24px;&quot;
    &gt;
      &lt;h6
        style=&quot;font-size: 14px; font-weight: 600; margin-bottom: 8px;&quot;
      &gt;
        Tags
      &lt;/h6&gt;
      &lt;div
        style=&quot;display: flex; flex-wrap: wrap; gap: 4px;&quot;
      &gt;
        &lt;span
          style=&quot;font-size: 12px; padding: 4px 8px; background-color: rgb(233, 236, 239); border-radius: 12px; color: rgb(73, 80, 87);&quot;
        &gt;
          entity-resolution
        &lt;/span&gt;
        &lt;span
          style=&quot;font-size: 12px; padding: 4px 8px; background-color: rgb(233, 236, 239); border-radius: 12px; color: rgb(73, 80, 87);&quot;
        &gt;
          neural-network
        &lt;/span&gt;
        &lt;span
          style=&quot;font-size: 12px; padding: 4px 8px; background-color: rgb(233, 236, 239); border-radius: 12px; color: rgb(73, 80, 87);&quot;
        &gt;
          production
        &lt;/span&gt;
      &lt;/div&gt;
    &lt;/div&gt;
  &lt;/div&gt;
&lt;/div&gt;

Ignored nodes: comments, script, style
&lt;div
  style=&quot;padding: 16px;&quot;
&gt;
  &lt;div
    style=&quot;margin-bottom: 24px;&quot;
  &gt;
    &lt;h5
      style=&quot;font-size: 16px; font-weight: 600; margin-bottom: 8px;&quot;
    &gt;
      Entity Resolution Neural Network
       
      v2.3.1
    &lt;/h5&gt;
    &lt;p
      style=&quot;font-size: 13px; color: rgb(102, 102, 102); line-height: 1.4;&quot;
    &gt;
      Deep learning model for entity resolution and deduplication
    &lt;/p&gt;
  &lt;/div&gt;
  &lt;div
    style=&quot;margin-bottom: 24px;&quot;
  &gt;
    &lt;h6
      style=&quot;font-size: 14px; font-weight: 600; margin-bottom: 8px;&quot;
    &gt;
      Performance Metrics
    &lt;/h6&gt;
    &lt;div
      style=&quot;display: grid; grid-template-columns: 1fr 1fr; gap: 12px; font-size: 13px;&quot;
    &gt;
      &lt;div&gt;
        &lt;strong&gt;
          Accuracy:
        &lt;/strong&gt;
         
        94.2
        %
      &lt;/div&gt;
      &lt;div&gt;
        &lt;strong&gt;
          Precision:
        &lt;/strong&gt;
         
        92.8
        %
      &lt;/div&gt;
      &lt;div&gt;
        &lt;strong&gt;
          Recall:
        &lt;/strong&gt;
         
        95.6
        %
      &lt;/div&gt;
      &lt;div&gt;
        &lt;strong&gt;
          F1 Score:
        &lt;/strong&gt;
         
        94.2
        %
      &lt;/div&gt;
      &lt;div&gt;
        &lt;strong&gt;
          AUC:
        &lt;/strong&gt;
         
        97.3
        %
      &lt;/div&gt;
      &lt;div&gt;
        &lt;strong&gt;
          Loss:
        &lt;/strong&gt;
         
        0.084
      &lt;/div&gt;
      &lt;div&gt;
        &lt;strong&gt;
          Latency:
        &lt;/strong&gt;
         
        12.5
        ms
      &lt;/div&gt;
      &lt;div&gt;
        &lt;strong&gt;
          Throughput:
        &lt;/strong&gt;
         
        1847
        /sec
      &lt;/div&gt;
    &lt;/div&gt;
  &lt;/div&gt;
  &lt;div
    style=&quot;margin-bottom: 24px;&quot;
  &gt;
    &lt;h6
      style=&quot;font-size: 14px; font-weight: 600; margin-bottom: 8px;&quot;
    &gt;
      Model Information
    &lt;/h6&gt;
    &lt;div
      style=&quot;font-size: 13px; line-height: 1.4;&quot;
    &gt;
      &lt;div&gt;
        &lt;strong&gt;
          Algorithm:
        &lt;/strong&gt;
         
        Siamese Neural Network
      &lt;/div&gt;
      &lt;div&gt;
        &lt;strong&gt;
          Size:
        &lt;/strong&gt;
         
        45.3
         MB
      &lt;/div&gt;
      &lt;div&gt;
        &lt;strong&gt;
          Training Duration:
        &lt;/strong&gt;
         
        180
         minutes
      &lt;/div&gt;
      &lt;div&gt;
        &lt;strong&gt;
          Dataset Version:
        &lt;/strong&gt;
         
        v1.2.0
      &lt;/div&gt;
      &lt;div&gt;
        &lt;strong&gt;
          Author:
        &lt;/strong&gt;
         
        Dr. Sarah Chen
      &lt;/div&gt;
      &lt;div&gt;
        &lt;strong&gt;
          Created:
        &lt;/strong&gt;
         
        1/15/2024, 12:00:00 AM
      &lt;/div&gt;
      &lt;div&gt;
        &lt;strong&gt;
          Deployed:
        &lt;/strong&gt;
         
        1/20/2024, 12:00:00 AM
      &lt;/div&gt;
    &lt;/div&gt;
  &lt;/div&gt;
  &lt;div
    style=&quot;margin-bottom: 24px;&quot;
  &gt;
    &lt;h6
      style=&quot;font-size: 14px; font-weight: 600; margin-bottom: 8px;&quot;
    &gt;
      Environment
    &lt;/h6&gt;
    &lt;div
      style=&quot;font-size: 13px; line-height: 1.4;&quot;
    &gt;
      &lt;div&gt;
        &lt;strong&gt;
          Python:
        &lt;/strong&gt;
         
        3.9.7
      &lt;/div&gt;
      &lt;div&gt;
        &lt;strong&gt;
          Hardware:
        &lt;/strong&gt;
         
        NVIDIA V100
      &lt;/div&gt;
      &lt;div&gt;
        &lt;strong&gt;
          Frameworks:
        &lt;/strong&gt;
      &lt;/div&gt;
      &lt;div
        style=&quot;margin-left: 16px;&quot;
      &gt;
        &lt;div&gt;
          • 
          tensorflow
          : 
          2.8.0
        &lt;/div&gt;
        &lt;div&gt;
          • 
          numpy
          : 
          1.21.0
        &lt;/div&gt;
        &lt;div&gt;
          • 
          pandas
          : 
          1.3.3
        &lt;/div&gt;
      &lt;/div&gt;
    &lt;/div&gt;
  &lt;/div&gt;
  &lt;div
    style=&quot;margin-bottom: 24px;&quot;
  &gt;
    &lt;h6
      style=&quot;font-size: 14px; font-weight: 600; margin-bottom: 8px;&quot;
    &gt;
      Endpoints
    &lt;/h6&gt;
    &lt;div
      style=&quot;font-size: 13px; line-height: 1.4;&quot;
    &gt;
      &lt;div&gt;
        &lt;strong&gt;
          Inference:
        &lt;/strong&gt;
         
        &lt;code&gt;
          /api/models/entity-resolution/predict
        &lt;/code&gt;
      &lt;/div&gt;
      &lt;div&gt;
        &lt;strong&gt;
          Monitoring:
        &lt;/strong&gt;
         
        &lt;code&gt;
          /api/models/entity-resolution/metrics
        &lt;/code&gt;
      &lt;/div&gt;
    &lt;/div&gt;
  &lt;/div&gt;
  &lt;div
    style=&quot;margin-bottom: 24px;&quot;
  &gt;
    &lt;h6
      style=&quot;font-size: 14px; font-weight: 600; margin-bottom: 8px;&quot;
    &gt;
      Tags
    &lt;/h6&gt;
    &lt;div
      style=&quot;display: flex; flex-wrap: wrap; gap: 4px;&quot;
    &gt;
      &lt;span
        style=&quot;font-size: 12px; padding: 4px 8px; background-color: rgb(233, 236, 239); border-radius: 12px; color: rgb(73, 80, 87);&quot;
      &gt;
        entity-resolution
      &lt;/span&gt;
      &lt;span
        style=&quot;font-size: 12px; padding: 4px 8px; background-color: rgb(233, 236, 239); border-radius: 12px; color: rgb(73, 80, 87);&quot;
      &gt;
        neural-network
      &lt;/span&gt;
      &lt;span
        style=&quot;font-size: 12px; padding: 4px 8px; background-color: rgb(233, 236, 239); border-radius: 12px; color: rgb(73, 80, 87);&quot;
      &gt;
        production
      &lt;/span&gt;
    &lt;/div&gt;
  &lt;/div&gt;
&lt;/div&gt;

Ignored nodes: comments, script, style
&lt;div
  style=&quot;margin-bottom: 24px;&quot;
&gt;
  &lt;h6
    style=&quot;font-size: 14px; font-weight: 600; margin-bottom: 8px;&quot;
  &gt;
    Performance Metrics
  &lt;/h6&gt;
  &lt;div
    style=&quot;display: grid; grid-template-columns: 1fr 1fr; gap: 12px; font-size: 13px;&quot;
  &gt;
    &lt;div&gt;
      &lt;strong&gt;
        Accuracy:
      &lt;/strong&gt;
       
      94.2
      %
    &lt;/div&gt;
    &lt;div&gt;
      &lt;strong&gt;
        Precision:
      &lt;/strong&gt;
       
      92.8
      %
    &lt;/div&gt;
    &lt;div&gt;
      &lt;strong&gt;
        Recall:
      &lt;/strong&gt;
       
      95.6
      %
    &lt;/div&gt;
    &lt;div&gt;
      &lt;strong&gt;
        F1 Score:
      &lt;/strong&gt;
       
      94.2
      %
    &lt;/div&gt;
    &lt;div&gt;
      &lt;strong&gt;
        AUC:
      &lt;/strong&gt;
       
      97.3
      %
    &lt;/div&gt;
    &lt;div&gt;
      &lt;strong&gt;
        Loss:
      &lt;/strong&gt;
       
      0.084
    &lt;/div&gt;
    &lt;div&gt;
      &lt;strong&gt;
        Latency:
      &lt;/strong&gt;
       
      12.5
      ms
    &lt;/div&gt;
    &lt;div&gt;
      &lt;strong&gt;
        Throughput:
      &lt;/strong&gt;
       
      1847
      /sec
    &lt;/div&gt;
  &lt;/div&gt;
&lt;/div&gt;

Ignored nodes: comments, script, style
&lt;div
  style=&quot;display: grid; grid-template-columns: 1fr 1fr; gap: 12px; font-size: 13px;&quot;
&gt;
  &lt;div&gt;
    &lt;strong&gt;
      Accuracy:
    &lt;/strong&gt;
     
    94.2
    %
  &lt;/div&gt;
  &lt;div&gt;
    &lt;strong&gt;
      Precision:
    &lt;/strong&gt;
     
    92.8
    %
  &lt;/div&gt;
  &lt;div&gt;
    &lt;strong&gt;
      Recall:
    &lt;/strong&gt;
     
    95.6
    %
  &lt;/div&gt;
  &lt;div&gt;
    &lt;strong&gt;
      F1 Score:
    &lt;/strong&gt;
     
    94.2
    %
  &lt;/div&gt;
  &lt;div&gt;
    &lt;strong&gt;
      AUC:
    &lt;/strong&gt;
     
    97.3
    %
  &lt;/div&gt;
  &lt;div&gt;
    &lt;strong&gt;
      Loss:
    &lt;/strong&gt;
     
    0.084
  &lt;/div&gt;
  &lt;div&gt;
    &lt;strong&gt;
      Latency:
    &lt;/strong&gt;
     
    12.5
    ms
  &lt;/div&gt;
  &lt;div&gt;
    &lt;strong&gt;
      Throughput:
    &lt;/strong&gt;
     
    1847
    /sec
  &lt;/div&gt;
&lt;/div&gt;

Ignored nodes: comments, script, style
&lt;div&gt;
  &lt;strong&gt;
    Accuracy:
  &lt;/strong&gt;
   
  94.2
  %
&lt;/div&gt;

(If this is intentional, then use the `*AllBy*` variant of the query (like `queryAllByText`, `getAllByText`, or `findAllByText`)).

Ignored nodes: comments, script, style
&lt;body&gt;
  &lt;div&gt;
    &lt;div
      class=&quot;model-management-dashboard &quot;
      style=&quot;height: 100%; display: flex; flex-direction: column;&quot;
    &gt;
      &lt;div
        style=&quot;margin-bottom: 24px;&quot;
      &gt;
        &lt;h3
          style=&quot;font-size: 1.2rem; font-weight: 600; margin-bottom: 16px;&quot;
        &gt;
          🤖 MLOps Model Management
        &lt;/h3&gt;
        &lt;div
          style=&quot;display: flex; border-bottom: 1px solid var(--hairline); margin-bottom: 16px;&quot;
        &gt;
          &lt;button
            style=&quot;padding: 12px 16px; background-color: transparent; border-bottom: 2px solid rgb(26, 115, 232); cursor: pointer; font-size: 14px; font-weight: 600; color: rgb(26, 115, 232);&quot;
          &gt;
            🎯 Models
             (
            3
            )
          &lt;/button&gt;
          &lt;button
            style=&quot;padding: 12px 16px; background-color: transparent; border-bottom: 2px solid transparent; cursor: pointer; font-size: 14px; font-weight: 400; color: rgb(102, 102, 102);&quot;
          &gt;
            🏋️ Training Jobs
             (
            2
            )
          &lt;/button&gt;
          &lt;button
            style=&quot;padding: 12px 16px; background-color: transparent; border-bottom: 2px solid transparent; cursor: pointer; font-size: 14px; font-weight: 400; color: rgb(102, 102, 102);&quot;
          &gt;
            🧪 Experiments
             (
            1
            )
          &lt;/button&gt;
          &lt;button
            style=&quot;padding: 12px 16px; background-color: transparent; border-bottom: 2px solid transparent; cursor: pointer; font-size: 14px; font-weight: 400; color: rgb(102, 102, 102);&quot;
          &gt;
            📊 Monitoring
             (
            0
            )
          &lt;/button&gt;
        &lt;/div&gt;
        &lt;div
          style=&quot;display: flex; gap: 12px; align-items: center; flex-wrap: wrap;&quot;
        &gt;
          &lt;input
            placeholder=&quot;Search models, tags, or algorithms...&quot;
            style=&quot;padding: 8px 12px; border: 1px solid var(--hairline); border-radius: 4px; flex: 1 1 300px; font-size: 14px;&quot;
            type=&quot;text&quot;
            value=&quot;&quot;
          /&gt;
          &lt;select
            style=&quot;padding: 8px; border: 1px solid var(--hairline); border-radius: 4px; font-size: 14px;&quot;
          &gt;
            &lt;option
              value=&quot;all&quot;
            &gt;
              All Status
            &lt;/option&gt;
            &lt;option
              value=&quot;production&quot;
            &gt;
              Production
            &lt;/option&gt;
            &lt;option
              value=&quot;staging&quot;
            &gt;
              Staging
            &lt;/option&gt;
            &lt;option
              value=&quot;development&quot;
            &gt;
              Development
            &lt;/option&gt;
            &lt;option
              value=&quot;deprecated&quot;
            &gt;
              Deprecated
            &lt;/option&gt;
          &lt;/select&gt;
        &lt;/div&gt;
      &lt;/div&gt;
      &lt;div
        style=&quot;flex: 1 1 0%; overflow: hidden;&quot;
      &gt;
        &lt;div
          style=&quot;height: 100%; display: grid; grid-template-columns: 1fr 1fr; gap: 16px;&quot;
        &gt;
          &lt;div
            style=&quot;overflow: auto; border: 1px solid var(--hairline); border-radius: 8px;&quot;
          &gt;
            &lt;div
              style=&quot;padding: 16px; border-bottom: 1px solid var(--hairline); background-color: rgb(248, 249, 250);&quot;
            &gt;
              &lt;h4
                style=&quot;margin: 0px; font-size: 14px; font-weight: 600;&quot;
              &gt;
                ML Models (
                3
                )
              &lt;/h4&gt;
            &lt;/div&gt;
            &lt;div&gt;
              &lt;div
                style=&quot;padding: 16px; border-bottom: 1px solid rgb(240, 240, 240); cursor: pointer; background-color: rgb(227, 242, 253); transition: background-color 0.2s;&quot;
              &gt;
                &lt;div
                  style=&quot;display: flex; justify-content: space-between; align-items: flex-start; margin-bottom: 8px;&quot;
                &gt;
                  &lt;div&gt;
                    &lt;h5
                      style=&quot;font-size: 14px; font-weight: 600; margin: 0px 0px 4px 0px;&quot;
                    &gt;
                      Entity Resolution Neural Network
                    &lt;/h5&gt;
                    &lt;div
                      style=&quot;font-size: 12px; color: rgb(102, 102, 102);&quot;
                    &gt;
                      v2.3.1
                       • 
                      Siamese Neural Network
                    &lt;/div&gt;
                  &lt;/div&gt;
                  &lt;div
                    style=&quot;display: flex; align-items: center; gap: 8px;&quot;
                  &gt;
                    &lt;span
                      style=&quot;font-size: 16px;&quot;
                    &gt;
                      🟢
                    &lt;/span&gt;
                    &lt;span
[...]
    at _runTestsForDescribeBlock (/Users/brianlong/Developer/summit/client/node_modules/jest-circus/build/jestAdapterInit.js:839:13)
    at _runTestsForDescribeBlock (/Users/brianlong/Developer/summit/client/node_modules/jest-circus/build/jestAdapterInit.js:829:11)
    at run (/Users/brianlong/Developer/summit/client/node_modules/jest-circus/build/jestAdapterInit.js:757:3)
    at runAndTransformResultsToJestFormat (/Users/brianlong/Developer/summit/client/node_modules/jest-circus/build/jestAdapterInit.js:1917:21)
    at jestAdapter (/Users/brianlong/Developer/summit/client/node_modules/jest-circus/build/runner.js:101:19)
    at runTestInternal (/Users/brianlong/Developer/summit/client/node_modules/jest-runner/build/testWorker.js:275:16)
    at runTest (/Users/brianlong/Developer/summit/client/node_modules/jest-runner/build/testWorker.js:343:7)
    at Object.worker (/Users/brianlong/Developer/summit/client/node_modules/jest-runner/build/testWorker.js:497:12)</failure>
    </testcase>
    <testcase classname="EnhancedAIAssistant" name="shows proper ARIA structure for messages" time="0.114">
      <failure>TypeError: messagesEndRef.current?.scrollTo is not a function
    at /Users/brianlong/Developer/summit/client/src/components/ai-enhanced/EnhancedAIAssistant.tsx:218:29
    at commitHookEffectListMount (/Users/brianlong/Developer/summit/client/node_modules/react-dom/cjs/react-dom.development.js:23189:26)
    at commitPassiveMountOnFiber (/Users/brianlong/Developer/summit/client/node_modules/react-dom/cjs/react-dom.development.js:24970:11)
    at commitPassiveMountEffects_complete (/Users/brianlong/Developer/summit/client/node_modules/react-dom/cjs/react-dom.development.js:24930:9)
    at commitPassiveMountEffects_begin (/Users/brianlong/Developer/summit/client/node_modules/react-dom/cjs/react-dom.development.js:24917:7)
    at commitPassiveMountEffects (/Users/brianlong/Developer/summit/client/node_modules/react-dom/cjs/react-dom.development.js:24905:3)
    at flushPassiveEffectsImpl (/Users/brianlong/Developer/summit/client/node_modules/react-dom/cjs/react-dom.development.js:27078:3)
    at flushPassiveEffects (/Users/brianlong/Developer/summit/client/node_modules/react-dom/cjs/react-dom.development.js:27023:14)
    at /Users/brianlong/Developer/summit/client/node_modules/react-dom/cjs/react-dom.development.js:26808:9
    at flushActQueue (/Users/brianlong/Developer/summit/client/node_modules/react/cjs/react.development.js:2667:24)
    at act (/Users/brianlong/Developer/summit/client/node_modules/react/cjs/react.development.js:2582:11)
    at actWithWarning (/Users/brianlong/Developer/summit/client/node_modules/react-dom/cjs/react-dom-test-utils.development.js:1740:10)
    at /Users/brianlong/Developer/summit/client/node_modules/@testing-library/react/dist/act-compat.js:63:25
    at renderRoot (/Users/brianlong/Developer/summit/client/node_modules/@testing-library/react/dist/pure.js:159:26)
    at render (/Users/brianlong/Developer/summit/client/node_modules/@testing-library/react/dist/pure.js:246:10)
    at renderWithTheme (/Users/brianlong/Developer/summit/client/src/components/ai-enhanced/__tests__/EnhancedAIAssistant.test.tsx:27:16)
    at Object.&lt;anonymous&gt; (/Users/brianlong/Developer/summit/client/src/components/ai-enhanced/__tests__/EnhancedAIAssistant.test.tsx:361:5)
    at Promise.finally.completed (/Users/brianlong/Developer/summit/client/node_modules/jest-circus/build/jestAdapterInit.js:1556:28)
    at new Promise (&lt;anonymous&gt;)
    at callAsyncCircusFn (/Users/brianlong/Developer/summit/client/node_modules/jest-circus/build/jestAdapterInit.js:1496:10)
    at _callCircusTest (/Users/brianlong/Developer/summit/client/node_modules/jest-circus/build/jestAdapterInit.js:1006:40)
    at processTicksAndRejections (node:internal/process/task_queues:95:5)
    at _runTest (/Users/brianlong/Developer/summit/client/node_modules/jest-circus/build/jestAdapterInit.js:946:3)
    at _runTestsForDescribeBlock (/Users/brianlong/Developer/summit/client/node_modules/jest-circus/build/jestAdapterInit.js:839:13)
    at _runTestsForDescribeBlock (/Users/brianlong/Developer/summit/client/node_modules/jest-circus/build/jestAdapterInit.js:829:11)
    at run (/Users/brianlong/Developer/summit/client/node_modules/jest-circus/build/jestAdapterInit.js:757:3)
    at runAndTransformResultsToJestFormat (/Users/brianlong/Developer/summit/client/node_modules/jest-circus/build/jestAdapterInit.js:1917:21)
    at jestAdapter (/Users/brianlong/Developer/summit/client/node_modules/jest-circus/build/runner.js:101:19)
    at runTestInternal (/Users/brianlong/Developer/summit/client/node_modules/jest-runner/build/testWorker.js:275:16)
    at runTest (/Users/brianlong/Developer/summit/client/node_modules/jest-runner/build/testWorker.js:343:7)
    at Object.worker (/Users/brianlong/Developer/summit/client/node_modules/jest-runner/build/testWorker.js:497:12)</failure>
    </testcase>
    <testcase classname="EnhancedAIAssistant" name="legacy fallback streams and completes to idle" time="0">
      <failure>ReferenceError: TextEncoder is not defined
    at installStreamingFetchMock (/Users/brianlong/Developer/summit/client/src/components/ai-enhanced/test-utils/fetch.ts:2:19)
    at Object.&lt;anonymous&gt; (/Users/brianlong/Developer/summit/client/src/components/ai-enhanced/__tests__/EnhancedAIAssistant.test.tsx:392:30)
    at Promise.finally.completed (/Users/brianlong/Developer/summit/client/node_modules/jest-circus/build/jestAdapterInit.js:1556:28)
    at new Promise (&lt;anonymous&gt;)
    at callAsyncCircusFn (/Users/brianlong/Developer/summit/client/node_modules/jest-circus/build/jestAdapterInit.js:1496:10)
    at _callCircusTest (/Users/brianlong/Developer/summit/client/node_modules/jest-circus/build/jestAdapterInit.js:1006:40)
    at processTicksAndRejections (node:internal/process/task_queues:95:5)
    at _runTest (/Users/brianlong/Developer/summit/client/node_modules/jest-circus/build/jestAdapterInit.js:946:3)
    at _runTestsForDescribeBlock (/Users/brianlong/Developer/summit/client/node_modules/jest-circus/build/jestAdapterInit.js:839:13)
    at _runTestsForDescribeBlock (/Users/brianlong/Developer/summit/client/node_modules/jest-circus/build/jestAdapterInit.js:829:11)
    at run (/Users/brianlong/Developer/summit/client/node_modules/jest-circus/build/jestAdapterInit.js:757:3)
    at runAndTransformResultsToJestFormat (/Users/brianlong/Developer/summit/client/node_modules/jest-circus/build/jestAdapterInit.js:1917:21)
    at jestAdapter (/Users/brianlong/Developer/summit/client/node_modules/jest-circus/build/runner.js:101:19)
    at runTestInternal (/Users/brianlong/Developer/summit/client/node_modules/jest-runner/build/testWorker.js:275:16)
    at runTest (/Users/brianlong/Developer/summit/client/node_modules/jest-runner/build/testWorker.js:343:7)
    at Object.worker (/Users/brianlong/Developer/summit/client/node_modules/jest-runner/build/testWorker.js:497:12)</failure>
    </testcase>
    <testcase classname="EnhancedAIAssistant" name="displays &quot;cannot confirm&quot; message when RAG is strict and no cites are provided" time="0.264">
      <failure>TypeError: messagesEndRef.current?.scrollTo is not a function
    at /Users/brianlong/Developer/summit/client/src/components/ai-enhanced/EnhancedAIAssistant.tsx:218:29
    at commitHookEffectListMount (/Users/brianlong/Developer/summit/client/node_modules/react-dom/cjs/react-dom.development.js:23189:26)
    at commitPassiveMountOnFiber (/Users/brianlong/Developer/summit/client/node_modules/react-dom/cjs/react-dom.development.js:24970:11)
    at commitPassiveMountEffects_complete (/Users/brianlong/Developer/summit/client/node_modules/react-dom/cjs/react-dom.development.js:24930:9)
    at commitPassiveMountEffects_begin (/Users/brianlong/Developer/summit/client/node_modules/react-dom/cjs/react-dom.development.js:24917:7)
    at commitPassiveMountEffects (/Users/brianlong/Developer/summit/client/node_modules/react-dom/cjs/react-dom.development.js:24905:3)
    at flushPassiveEffectsImpl (/Users/brianlong/Developer/summit/client/node_modules/react-dom/cjs/react-dom.development.js:27078:3)
    at flushPassiveEffects (/Users/brianlong/Developer/summit/client/node_modules/react-dom/cjs/react-dom.development.js:27023:14)
    at /Users/brianlong/Developer/summit/client/node_modules/react-dom/cjs/react-dom.development.js:26808:9
    at flushActQueue (/Users/brianlong/Developer/summit/client/node_modules/react/cjs/react.development.js:2667:24)
    at act (/Users/brianlong/Developer/summit/client/node_modules/react/cjs/react.development.js:2582:11)
    at actWithWarning (/Users/brianlong/Developer/summit/client/node_modules/react-dom/cjs/react-dom-test-utils.development.js:1740:10)
    at /Users/brianlong/Developer/summit/client/node_modules/@testing-library/react/dist/act-compat.js:63:25
    at renderRoot (/Users/brianlong/Developer/summit/client/node_modules/@testing-library/react/dist/pure.js:159:26)
    at render (/Users/brianlong/Developer/summit/client/node_modules/@testing-library/react/dist/pure.js:246:10)
    at renderWithTheme (/Users/brianlong/Developer/summit/client/src/components/ai-enhanced/__tests__/EnhancedAIAssistant.test.tsx:27:16)
    at Object.&lt;anonymous&gt; (/Users/brianlong/Developer/summit/client/src/components/ai-enhanced/__tests__/EnhancedAIAssistant.test.tsx:418:5)
    at Promise.finally.completed (/Users/brianlong/Developer/summit/client/node_modules/jest-circus/build/jestAdapterInit.js:1556:28)
    at new Promise (&lt;anonymous&gt;)
    at callAsyncCircusFn (/Users/brianlong/Developer/summit/client/node_modules/jest-circus/build/jestAdapterInit.js:1496:10)
    at _callCircusTest (/Users/brianlong/Developer/summit/client/node_modules/jest-circus/build/jestAdapterInit.js:1006:40)
    at processTicksAndRejections (node:internal/process/task_queues:95:5)
    at _runTest (/Users/brianlong/Developer/summit/client/node_modules/jest-circus/build/jestAdapterInit.js:946:3)
    at _runTestsForDescribeBlock (/Users/brianlong/Developer/summit/client/node_modules/jest-circus/build/jestAdapterInit.js:839:13)
    at _runTestsForDescribeBlock (/Users/brianlong/Developer/summit/client/node_modules/jest-circus/build/jestAdapterInit.js:829:11)
    at run (/Users/brianlong/Developer/summit/client/node_modules/jest-circus/build/jestAdapterInit.js:757:3)
    at runAndTransformResultsToJestFormat (/Users/brianlong/Developer/summit/client/node_modules/jest-circus/build/jestAdapterInit.js:1917:21)
    at jestAdapter (/Users/brianlong/Developer/summit/client/node_modules/jest-circus/build/runner.js:101:19)
    at runTestInternal (/Users/brianlong/Developer/summit/client/node_modules/jest-runner/build/testWorker.js:275:16)
    at runTest (/Users/brianlong/Developer/summit/client/node_modules/jest-runner/build/testWorker.js:343:7)
    at Object.worker (/Users/brianlong/Developer/summit/client/node_modules/jest-runner/build/testWorker.js:497:12)</failure>
    </testcase>
  </testsuite>
  <testsuite name="LaunchableOrchestrator" errors="0" failures="0" skipped="0" timestamp="2025-10-16T07:18:42" time="4.862" tests="6">
    <testcase classname="LaunchableOrchestrator" name="starts all modules and exposes running statuses" time="0.269">
    </testcase>
    <testcase classname="LaunchableOrchestrator" name="dispatches composite launch task across all modules" time="0.498">
    </testcase>
    <testcase classname="LaunchableOrchestrator" name="surfaces errors when an action is unsupported" time="0.258">
    </testcase>
    <testcase classname="LaunchableOrchestrator" name="surfaces errors when a module is missing" time="0.269">
    </testcase>
    <testcase classname="LaunchableOrchestrator" name="emits task lifecycle events" time="1.162">
    </testcase>
    <testcase classname="LaunchableOrchestrator" name="validates mission presets against the orchestrator catalog" time="0.231">
    </testcase>
  </testsuite>
  <testsuite name="undefined" errors="0" failures="0" skipped="0" timestamp="2025-10-16T07:18:43" time="4.848" tests="1">
    <testcase classname="" name="renders IntelGraph test app content" time="1.257">
    </testcase>
  </testsuite>
  <testsuite name="AuditDashboard" errors="0" failures="0" skipped="0" timestamp="2025-10-16T07:18:44" time="3.586" tests="1">
    <testcase classname="AuditDashboard" name="renders logs and resolutions" time="0.19">
    </testcase>
  </testsuite>
  <testsuite name="analyzeText" errors="0" failures="0" skipped="0" timestamp="2025-10-16T07:18:49" time="3.621" tests="2">
    <testcase classname="analyzeText" name="detects emotional language" time="0.019">
    </testcase>
    <testcase classname="analyzeText" name="detects bias phrases" time="0">
    </testcase>
  </testsuite>
  <testsuite name="hypothesis store" errors="0" failures="0" skipped="0" timestamp="2025-10-16T07:18:51" time="2.704" tests="1">
    <testcase classname="hypothesis store" name="updates with evidence weight" time="0.002">
    </testcase>
  </testsuite>
  <testsuite name="undefined" errors="0" failures="0" skipped="0" timestamp="2025-10-16T07:18:49" time="6.764" tests="1">
    <testcase classname="" name="mounts TestApp without crashing" time="0.614">
    </testcase>
  </testsuite>
  <testsuite name="undefined" errors="0" failures="0" skipped="0" timestamp="2025-10-16T07:18:49" time="7.335" tests="1">
    <testcase classname="" name="renders IntelGraph test app content" time="1.49">
    </testcase>
  </testsuite>
  <testsuite name="undefined" errors="0" failures="0" skipped="0" timestamp="2025-10-16T07:19:27" time="7.043" tests="1">
    <testcase classname="" name="mounts TestApp without crashing" time="2.044">
    </testcase>
  </testsuite>
  <testsuite name="MCPRegistry page" errors="0" failures="1" skipped="0" timestamp="2025-10-16T07:18:20" time="83.053" tests="1">
    <testcase classname="MCPRegistry page" name="renders registry heading and empty state" time="8.968">
      <failure>Error: thrown: &quot;Exceeded timeout of 5000 ms for a test.
Add a timeout value to this test to increase the timeout, if this is a long-running test. See https://jestjs.io/docs/api#testname-fn-timeout.&quot;
    at /Users/brianlong/Developer/summit/client/src/__tests__/MCPRegistry.test.tsx:26:3
    at _dispatchDescribe (/Users/brianlong/Developer/summit/client/node_modules/jest-circus/build/jestAdapterInit.js:604:26)
    at describe (/Users/brianlong/Developer/summit/client/node_modules/jest-circus/build/jestAdapterInit.js:572:44)
    at Object.&lt;anonymous&gt; (/Users/brianlong/Developer/summit/client/src/__tests__/MCPRegistry.test.tsx:6:1)
    at Runtime._execModule (/Users/brianlong/Developer/summit/client/node_modules/jest-runtime/build/index.js:1268:24)
    at Runtime._loadModule (/Users/brianlong/Developer/summit/client/node_modules/jest-runtime/build/index.js:944:12)
    at Runtime.requireModule (/Users/brianlong/Developer/summit/client/node_modules/jest-runtime/build/index.js:832:12)
    at jestAdapter (/Users/brianlong/Developer/summit/client/node_modules/jest-circus/build/runner.js:95:13)
    at processTicksAndRejections (node:internal/process/task_queues:95:5)
    at runTestInternal (/Users/brianlong/Developer/summit/client/node_modules/jest-runner/build/testWorker.js:275:16)
    at runTest (/Users/brianlong/Developer/summit/client/node_modules/jest-runner/build/testWorker.js:343:7)
    at Object.worker (/Users/brianlong/Developer/summit/client/node_modules/jest-runner/build/testWorker.js:497:12)</failure>
    </testcase>
  </testsuite>
  <testsuite name="AdvancedGraphInteractions" errors="0" failures="0" skipped="0" timestamp="2025-10-16T07:18:21" time="105.893" tests="19">
    <testcase classname="AdvancedGraphInteractions" name="renders component header with node and edge counts" time="6.316">
    </testcase>
    <testcase classname="AdvancedGraphInteractions" name="displays control buttons in header" time="2.621">
    </testcase>
    <testcase classname="AdvancedGraphInteractions" name="renders all navigation tabs" time="0.35">
    </testcase>
    <testcase classname="AdvancedGraphInteractions" name="displays network analysis metrics by default" time="0.311">
    </testcase>
    <testcase classname="AdvancedGraphInteractions" name="switches to filters tab when clicked" time="1.7">
    </testcase>
    <testcase classname="AdvancedGraphInteractions" name="switches to communities tab when clicked" time="0.424">
    </testcase>
    <testcase classname="AdvancedGraphInteractions" name="switches to pathfinding tab when clicked" time="0.446">
    </testcase>
    <testcase classname="AdvancedGraphInteractions" name="displays community detection button and handles click" time="2.996">
    </testcase>
    <testcase classname="AdvancedGraphInteractions" name="handles layout algorithm selection" time="4.281">
    </testcase>
    <testcase classname="AdvancedGraphInteractions" name="handles centrality threshold slider changes" time="1.261">
    </testcase>
    <testcase classname="AdvancedGraphInteractions" name="toggles show communities switch" time="1.497">
    </testcase>
    <testcase classname="AdvancedGraphInteractions" name="handles node type filter chips" time="0.823">
    </testcase>
    <testcase classname="AdvancedGraphInteractions" name="calls onNodeSelect when provided" time="0.251">
    </testcase>
    <testcase classname="AdvancedGraphInteractions" name="calls onAnalysisRun when community detection is triggered" time="1.29">
    </testcase>
    <testcase classname="AdvancedGraphInteractions" name="displays metric cards with proper formatting" time="2.706">
    </testcase>
    <testcase classname="AdvancedGraphInteractions" name="shows proper category chips for metrics" time="1.842">
    </testcase>
    <testcase classname="AdvancedGraphInteractions" name="handles empty node and edge arrays gracefully" time="1.99">
    </testcase>
    <testcase classname="AdvancedGraphInteractions" name="has proper accessibility attributes" time="1.959">
    </testcase>
    <testcase classname="AdvancedGraphInteractions" name="enables advanced features by default" time="0.13">
    </testcase>
  </testsuite>
  <testsuite name="EnhancedAnalyticsDashboard" errors="0" failures="0" skipped="0" timestamp="2025-10-16T07:18:36" time="140.768" tests="12">
    <testcase classname="EnhancedAnalyticsDashboard" name="renders dashboard header with title and controls" time="4.461">
    </testcase>
    <testcase classname="EnhancedAnalyticsDashboard" name="displays metric cards with key metrics" time="1.002">
    </testcase>
    <testcase classname="EnhancedAnalyticsDashboard" name="shows real-time monitoring alert when enabled" time="0.741">
    </testcase>
    <testcase classname="EnhancedAnalyticsDashboard" name="renders time range selector with default value" time="0.44">
    </testcase>
    <testcase classname="EnhancedAnalyticsDashboard" name="toggles real-time monitoring" time="0.69">
    </testcase>
    <testcase classname="EnhancedAnalyticsDashboard" name="handles refresh button click" time="3.522">
    </testcase>
    <testcase classname="EnhancedAnalyticsDashboard" name="renders navigation tabs and switches between them" time="0.74">
    </testcase>
    <testcase classname="EnhancedAnalyticsDashboard" name="calls onExport when export button is clicked" time="1.786">
    </testcase>
    <testcase classname="EnhancedAnalyticsDashboard" name="shows appropriate category labels for metrics" time="1.084">
    </testcase>
    <testcase classname="EnhancedAnalyticsDashboard" name="handles loading states properly" time="1.602">
    </testcase>
    <testcase classname="EnhancedAnalyticsDashboard" name="has proper accessibility attributes" time="0.413">
    </testcase>
    <testcase classname="EnhancedAnalyticsDashboard" name="formats metric values correctly" time="0.823">
    </testcase>
  </testsuite>
</testsuites>