<?xml version="1.0" encoding="UTF-8"?>
<testsuites name="jest tests" tests="16" failures="13" errors="0" time="15.254">
  <testsuite name="TemporalAnalysis" errors="0" failures="13" skipped="0" timestamp="2025-10-16T08:03:51" time="10.444" tests="16">
    <testcase classname="TemporalAnalysis" name="renders timeline controls" time="0.351">
    </testcase>
    <testcase classname="TemporalAnalysis" name="renders timeline visualization area" time="0.02">
      <failure>TestingLibraryElementError: Unable to find an element by: [data-testid=&quot;timeline-visualization&quot;]

Ignored nodes: comments, script, style
&lt;body&gt;
  &lt;div&gt;
    &lt;div
      class=&quot;temporal-analysis &quot;
    &gt;
      &lt;div
        class=&quot;flex items-center justify-between mb-4 p-3 bg-gray-50 rounded-lg&quot;
      &gt;
        &lt;div
          class=&quot;flex items-center gap-4&quot;
        &gt;
          &lt;h3
            class=&quot;font-semibold text-gray-900&quot;
          &gt;
            Temporal Analysis
          &lt;/h3&gt;
          &lt;span
            class=&quot;text-sm text-gray-600&quot;
          &gt;
            2
             events | Zoom: 
            1.0
            x
          &lt;/span&gt;
        &lt;/div&gt;
        &lt;div
          class=&quot;flex gap-2&quot;
        &gt;
          &lt;button
            class=&quot;px-3 py-1 bg-white border rounded hover:bg-gray-50 text-sm&quot;
          &gt;
            üîç+
          &lt;/button&gt;
          &lt;button
            class=&quot;px-3 py-1 bg-white border rounded hover:bg-gray-50 text-sm&quot;
          &gt;
            üîç-
          &lt;/button&gt;
          &lt;button
            class=&quot;px-3 py-1 bg-white border rounded hover:bg-gray-50 text-sm&quot;
          &gt;
            Reset
          &lt;/button&gt;
        &lt;/div&gt;
      &lt;/div&gt;
      &lt;div
        class=&quot;relative&quot;
      &gt;
        &lt;canvas
          class=&quot;border rounded-lg cursor-crosshair&quot;
          height=&quot;400&quot;
          style=&quot;background-color: white;&quot;
          width=&quot;1000&quot;
        /&gt;
      &lt;/div&gt;
      &lt;div
        class=&quot;mt-4 grid grid-cols-4 gap-4 text-sm&quot;
      &gt;
        &lt;div
          class=&quot;bg-white p-3 rounded-lg border&quot;
        &gt;
          &lt;div
            class=&quot;font-medium text-gray-900&quot;
          &gt;
            Total Events
          &lt;/div&gt;
          &lt;div
            class=&quot;text-2xl font-bold text-blue-600&quot;
          &gt;
            2
          &lt;/div&gt;
        &lt;/div&gt;
        &lt;div
          class=&quot;bg-white p-3 rounded-lg border&quot;
        &gt;
          &lt;div
            class=&quot;font-medium text-gray-900&quot;
          &gt;
            Critical Events
          &lt;/div&gt;
          &lt;div
            class=&quot;text-2xl font-bold text-red-600&quot;
          &gt;
            0
          &lt;/div&gt;
        &lt;/div&gt;
        &lt;div
          class=&quot;bg-white p-3 rounded-lg border&quot;
        &gt;
          &lt;div
            class=&quot;font-medium text-gray-900&quot;
          &gt;
            Event Clusters
          &lt;/div&gt;
          &lt;div
            class=&quot;text-2xl font-bold text-green-600&quot;
          &gt;
            0
          &lt;/div&gt;
        &lt;/div&gt;
        &lt;div
          class=&quot;bg-white p-3 rounded-lg border&quot;
        &gt;
          &lt;div
            class=&quot;font-medium text-gray-900&quot;
          &gt;
            Anomalies
          &lt;/div&gt;
          &lt;div
            class=&quot;text-2xl font-bold text-orange-600&quot;
          &gt;
            0
          &lt;/div&gt;
        &lt;/div&gt;
      &lt;/div&gt;
    &lt;/div&gt;
    &lt;div
      aria-live=&quot;assertive&quot;
      class=&quot;fixed top-4 right-4 z-50 pointer-events-none&quot;
    &gt;
      &lt;div
        class=&quot;flex flex-col space-y-3&quot;
      /&gt;
    &lt;/div&gt;
  &lt;/div&gt;
&lt;/body&gt;
    at Object.getElementError (/Users/brianlong/Developer/summit/client/node_modules/@testing-library/dom/dist/config.js:37:19)
    at /Users/brianlong/Developer/summit/client/node_modules/@testing-library/dom/dist/query-helpers.js:76:38
    at /Users/brianlong/Developer/summit/client/node_modules/@testing-library/dom/dist/query-helpers.js:52:17
    at /Users/brianlong/Developer/summit/client/node_modules/@testing-library/dom/dist/query-helpers.js:95:19
    at Object.&lt;anonymous&gt; (/Users/brianlong/Developer/summit/client/src/components/timeline/__tests__/TemporalAnalysis.test.tsx:73:19)
    at Promise.finally.completed (/Users/brianlong/Developer/summit/client/node_modules/jest-circus/build/jestAdapterInit.js:1556:28)
    at new Promise (&lt;anonymous&gt;)
    at callAsyncCircusFn (/Users/brianlong/Developer/summit/client/node_modules/jest-circus/build/jestAdapterInit.js:1496:10)
    at _callCircusTest (/Users/brianlong/Developer/summit/client/node_modules/jest-circus/build/jestAdapterInit.js:1006:40)
    at _runTest (/Users/brianlong/Developer/summit/client/node_modules/jest-circus/build/jestAdapterInit.js:946:3)
    at _runTestsForDescribeBlock (/Users/brianlong/Developer/summit/client/node_modules/jest-circus/build/jestAdapterInit.js:839:13)
    at _runTestsForDescribeBlock (/Users/brianlong/Developer/summit/client/node_modules/jest-circus/build/jestAdapterInit.js:829:11)
    at run (/Users/brianlong/Developer/summit/client/node_modules/jest-circus/build/jestAdapterInit.js:757:3)
    at runAndTransformResultsToJestFormat (/Users/brianlong/Developer/summit/client/node_modules/jest-circus/build/jestAdapterInit.js:1917:21)
    at jestAdapter (/Users/brianlong/Developer/summit/client/node_modules/jest-circus/build/runner.js:101:19)
    at runTestInternal (/Users/brianlong/Developer/summit/client/node_modules/jest-runner/build/index.js:275:16)
    at runTest (/Users/brianlong/Developer/summit/client/node_modules/jest-runner/build/index.js:343:7)</failure>
    </testcase>
    <testcase classname="TemporalAnalysis" name="renders event statistics" time="0.02">
      <failure>TestingLibraryElementError: Unable to find an element by: [data-testid=&quot;event-statistics&quot;]

Ignored nodes: comments, script, style
&lt;body&gt;
  &lt;div&gt;
    &lt;div
      class=&quot;temporal-analysis &quot;
    &gt;
      &lt;div
        class=&quot;flex items-center justify-between mb-4 p-3 bg-gray-50 rounded-lg&quot;
      &gt;
        &lt;div
          class=&quot;flex items-center gap-4&quot;
        &gt;
          &lt;h3
            class=&quot;font-semibold text-gray-900&quot;
          &gt;
            Temporal Analysis
          &lt;/h3&gt;
          &lt;span
            class=&quot;text-sm text-gray-600&quot;
          &gt;
            2
             events | Zoom: 
            1.0
            x
          &lt;/span&gt;
        &lt;/div&gt;
        &lt;div
          class=&quot;flex gap-2&quot;
        &gt;
          &lt;button
            class=&quot;px-3 py-1 bg-white border rounded hover:bg-gray-50 text-sm&quot;
          &gt;
            üîç+
          &lt;/button&gt;
          &lt;button
            class=&quot;px-3 py-1 bg-white border rounded hover:bg-gray-50 text-sm&quot;
          &gt;
            üîç-
          &lt;/button&gt;
          &lt;button
            class=&quot;px-3 py-1 bg-white border rounded hover:bg-gray-50 text-sm&quot;
          &gt;
            Reset
          &lt;/button&gt;
        &lt;/div&gt;
      &lt;/div&gt;
      &lt;div
        class=&quot;relative&quot;
      &gt;
        &lt;canvas
          class=&quot;border rounded-lg cursor-crosshair&quot;
          height=&quot;400&quot;
          style=&quot;background-color: white;&quot;
          width=&quot;1000&quot;
        /&gt;
      &lt;/div&gt;
      &lt;div
        class=&quot;mt-4 grid grid-cols-4 gap-4 text-sm&quot;
      &gt;
        &lt;div
          class=&quot;bg-white p-3 rounded-lg border&quot;
        &gt;
          &lt;div
            class=&quot;font-medium text-gray-900&quot;
          &gt;
            Total Events
          &lt;/div&gt;
          &lt;div
            class=&quot;text-2xl font-bold text-blue-600&quot;
          &gt;
            2
          &lt;/div&gt;
        &lt;/div&gt;
        &lt;div
          class=&quot;bg-white p-3 rounded-lg border&quot;
        &gt;
          &lt;div
            class=&quot;font-medium text-gray-900&quot;
          &gt;
            Critical Events
          &lt;/div&gt;
          &lt;div
            class=&quot;text-2xl font-bold text-red-600&quot;
          &gt;
            0
          &lt;/div&gt;
        &lt;/div&gt;
        &lt;div
          class=&quot;bg-white p-3 rounded-lg border&quot;
        &gt;
          &lt;div
            class=&quot;font-medium text-gray-900&quot;
          &gt;
            Event Clusters
          &lt;/div&gt;
          &lt;div
            class=&quot;text-2xl font-bold text-green-600&quot;
          &gt;
            0
          &lt;/div&gt;
        &lt;/div&gt;
        &lt;div
          class=&quot;bg-white p-3 rounded-lg border&quot;
        &gt;
          &lt;div
            class=&quot;font-medium text-gray-900&quot;
          &gt;
            Anomalies
          &lt;/div&gt;
          &lt;div
            class=&quot;text-2xl font-bold text-orange-600&quot;
          &gt;
            0
          &lt;/div&gt;
        &lt;/div&gt;
      &lt;/div&gt;
    &lt;/div&gt;
    &lt;div
      aria-live=&quot;assertive&quot;
      class=&quot;fixed top-4 right-4 z-50 pointer-events-none&quot;
    &gt;
      &lt;div
        class=&quot;flex flex-col space-y-3&quot;
      /&gt;
    &lt;/div&gt;
  &lt;/div&gt;
&lt;/body&gt;
    at Object.getElementError (/Users/brianlong/Developer/summit/client/node_modules/@testing-library/dom/dist/config.js:37:19)
    at /Users/brianlong/Developer/summit/client/node_modules/@testing-library/dom/dist/query-helpers.js:76:38
    at /Users/brianlong/Developer/summit/client/node_modules/@testing-library/dom/dist/query-helpers.js:52:17
    at /Users/brianlong/Developer/summit/client/node_modules/@testing-library/dom/dist/query-helpers.js:95:19
    at Object.&lt;anonymous&gt; (/Users/brianlong/Developer/summit/client/src/components/timeline/__tests__/TemporalAnalysis.test.tsx:79:19)
    at Promise.finally.completed (/Users/brianlong/Developer/summit/client/node_modules/jest-circus/build/jestAdapterInit.js:1556:28)
    at new Promise (&lt;anonymous&gt;)
    at callAsyncCircusFn (/Users/brianlong/Developer/summit/client/node_modules/jest-circus/build/jestAdapterInit.js:1496:10)
    at _callCircusTest (/Users/brianlong/Developer/summit/client/node_modules/jest-circus/build/jestAdapterInit.js:1006:40)
    at _runTest (/Users/brianlong/Developer/summit/client/node_modules/jest-circus/build/jestAdapterInit.js:946:3)
    at _runTestsForDescribeBlock (/Users/brianlong/Developer/summit/client/node_modules/jest-circus/build/jestAdapterInit.js:839:13)
    at _runTestsForDescribeBlock (/Users/brianlong/Developer/summit/client/node_modules/jest-circus/build/jestAdapterInit.js:829:11)
    at run (/Users/brianlong/Developer/summit/client/node_modules/jest-circus/build/jestAdapterInit.js:757:3)
    at runAndTransformResultsToJestFormat (/Users/brianlong/Developer/summit/client/node_modules/jest-circus/build/jestAdapterInit.js:1917:21)
    at jestAdapter (/Users/brianlong/Developer/summit/client/node_modules/jest-circus/build/runner.js:101:19)
    at runTestInternal (/Users/brianlong/Developer/summit/client/node_modules/jest-runner/build/index.js:275:16)
    at runTest (/Users/brianlong/Developer/summit/client/node_modules/jest-runner/build/index.js:343:7)</failure>
    </testcase>
    <testcase classname="TemporalAnalysis" name="toggles cluster display" time="1.038">
    </testcase>
    <testcase classname="TemporalAnalysis" name="toggles anomaly display" time="0.044">
      <failure>TestingLibraryElementError: Unable to find an element by: [data-testid=&quot;timeline-visualization&quot;]

Ignored nodes: comments, script, style
&lt;body&gt;
  &lt;div&gt;
    &lt;div
      class=&quot;temporal-analysis &quot;
    &gt;
      &lt;div
        class=&quot;flex items-center justify-between mb-4 p-3 bg-gray-50 rounded-lg&quot;
      &gt;
        &lt;div
          class=&quot;flex items-center gap-4&quot;
        &gt;
          &lt;h3
            class=&quot;font-semibold text-gray-900&quot;
          &gt;
            Temporal Analysis
          &lt;/h3&gt;
          &lt;span
            class=&quot;text-sm text-gray-600&quot;
          &gt;
            2
             events | Zoom: 
            1.0
            x
          &lt;/span&gt;
        &lt;/div&gt;
        &lt;div
          class=&quot;flex gap-2&quot;
        &gt;
          &lt;button
            class=&quot;px-3 py-1 bg-white border rounded hover:bg-gray-50 text-sm&quot;
          &gt;
            üîç+
          &lt;/button&gt;
          &lt;button
            class=&quot;px-3 py-1 bg-white border rounded hover:bg-gray-50 text-sm&quot;
          &gt;
            üîç-
          &lt;/button&gt;
          &lt;button
            class=&quot;px-3 py-1 bg-white border rounded hover:bg-gray-50 text-sm&quot;
          &gt;
            Reset
          &lt;/button&gt;
        &lt;/div&gt;
      &lt;/div&gt;
      &lt;div
        class=&quot;relative&quot;
      &gt;
        &lt;canvas
          class=&quot;border rounded-lg cursor-crosshair&quot;
          height=&quot;400&quot;
          style=&quot;background-color: white;&quot;
          width=&quot;1000&quot;
        /&gt;
      &lt;/div&gt;
      &lt;div
        class=&quot;mt-4 grid grid-cols-4 gap-4 text-sm&quot;
      &gt;
        &lt;div
          class=&quot;bg-white p-3 rounded-lg border&quot;
        &gt;
          &lt;div
            class=&quot;font-medium text-gray-900&quot;
          &gt;
            Total Events
          &lt;/div&gt;
          &lt;div
            class=&quot;text-2xl font-bold text-blue-600&quot;
          &gt;
            2
          &lt;/div&gt;
        &lt;/div&gt;
        &lt;div
          class=&quot;bg-white p-3 rounded-lg border&quot;
        &gt;
          &lt;div
            class=&quot;font-medium text-gray-900&quot;
          &gt;
            Critical Events
          &lt;/div&gt;
          &lt;div
            class=&quot;text-2xl font-bold text-red-600&quot;
          &gt;
            0
          &lt;/div&gt;
        &lt;/div&gt;
        &lt;div
          class=&quot;bg-white p-3 rounded-lg border&quot;
        &gt;
          &lt;div
            class=&quot;font-medium text-gray-900&quot;
          &gt;
            Event Clusters
          &lt;/div&gt;
          &lt;div
            class=&quot;text-2xl font-bold text-green-600&quot;
          &gt;
            0
          &lt;/div&gt;
        &lt;/div&gt;
        &lt;div
          class=&quot;bg-white p-3 rounded-lg border&quot;
        &gt;
          &lt;div
            class=&quot;font-medium text-gray-900&quot;
          &gt;
            Anomalies
          &lt;/div&gt;
          &lt;div
            class=&quot;text-2xl font-bold text-orange-600&quot;
          &gt;
            0
          &lt;/div&gt;
        &lt;/div&gt;
      &lt;/div&gt;
    &lt;/div&gt;
    &lt;div
      aria-live=&quot;assertive&quot;
      class=&quot;fixed top-4 right-4 z-50 pointer-events-none&quot;
    &gt;
      &lt;div
        class=&quot;flex flex-col space-y-3&quot;
      /&gt;
    &lt;/div&gt;
  &lt;/div&gt;
&lt;/body&gt;
    at Object.getElementError (/Users/brianlong/Developer/summit/client/node_modules/@testing-library/dom/dist/config.js:37:19)
    at /Users/brianlong/Developer/summit/client/node_modules/@testing-library/dom/dist/query-helpers.js:76:38
    at /Users/brianlong/Developer/summit/client/node_modules/@testing-library/dom/dist/query-helpers.js:52:17
    at /Users/brianlong/Developer/summit/client/node_modules/@testing-library/dom/dist/query-helpers.js:95:19
    at Object.&lt;anonymous&gt; (/Users/brianlong/Developer/summit/client/src/components/timeline/__tests__/TemporalAnalysis.test.tsx:101:24)
    at Promise.finally.completed (/Users/brianlong/Developer/summit/client/node_modules/jest-circus/build/jestAdapterInit.js:1556:28)
    at new Promise (&lt;anonymous&gt;)
    at callAsyncCircusFn (/Users/brianlong/Developer/summit/client/node_modules/jest-circus/build/jestAdapterInit.js:1496:10)
    at _callCircusTest (/Users/brianlong/Developer/summit/client/node_modules/jest-circus/build/jestAdapterInit.js:1006:40)
    at runNextTicks (node:internal/process/task_queues:60:5)
    at processTimers (node:internal/timers:516:9)
    at _runTest (/Users/brianlong/Developer/summit/client/node_modules/jest-circus/build/jestAdapterInit.js:946:3)
    at _runTestsForDescribeBlock (/Users/brianlong/Developer/summit/client/node_modules/jest-circus/build/jestAdapterInit.js:839:13)
    at _runTestsForDescribeBlock (/Users/brianlong/Developer/summit/client/node_modules/jest-circus/build/jestAdapterInit.js:829:11)
    at run (/Users/brianlong/Developer/summit/client/node_modules/jest-circus/build/jestAdapterInit.js:757:3)
    at runAndTransformResultsToJestFormat (/Users/brianlong/Developer/summit/client/node_modules/jest-circus/build/jestAdapterInit.js:1917:21)
    at jestAdapter (/Users/brianlong/Developer/summit/client/node_modules/jest-circus/build/runner.js:101:19)
    at runTestInternal (/Users/brianlong/Developer/summit/client/node_modules/jest-runner/build/index.js:275:16)
    at runTest (/Users/brianlong/Developer/summit/client/node_modules/jest-runner/build/index.js:343:7)</failure>
    </testcase>
    <testcase classname="TemporalAnalysis" name="toggles zoom functionality" time="0.035">
      <failure>TestingLibraryElementError: Unable to find an element by: [data-testid=&quot;timeline-visualization&quot;]

Ignored nodes: comments, script, style
&lt;body&gt;
  &lt;div&gt;
    &lt;div
      class=&quot;temporal-analysis &quot;
    &gt;
      &lt;div
        class=&quot;flex items-center justify-between mb-4 p-3 bg-gray-50 rounded-lg&quot;
      &gt;
        &lt;div
          class=&quot;flex items-center gap-4&quot;
        &gt;
          &lt;h3
            class=&quot;font-semibold text-gray-900&quot;
          &gt;
            Temporal Analysis
          &lt;/h3&gt;
          &lt;span
            class=&quot;text-sm text-gray-600&quot;
          &gt;
            2
             events | Zoom: 
            1.0
            x
          &lt;/span&gt;
        &lt;/div&gt;
        &lt;div
          class=&quot;flex gap-2&quot;
        &gt;
          &lt;button
            class=&quot;px-3 py-1 bg-white border rounded hover:bg-gray-50 text-sm&quot;
          &gt;
            üîç+
          &lt;/button&gt;
          &lt;button
            class=&quot;px-3 py-1 bg-white border rounded hover:bg-gray-50 text-sm&quot;
          &gt;
            üîç-
          &lt;/button&gt;
          &lt;button
            class=&quot;px-3 py-1 bg-white border rounded hover:bg-gray-50 text-sm&quot;
          &gt;
            Reset
          &lt;/button&gt;
        &lt;/div&gt;
      &lt;/div&gt;
      &lt;div
        class=&quot;relative&quot;
      &gt;
        &lt;canvas
          class=&quot;border rounded-lg cursor-crosshair&quot;
          height=&quot;400&quot;
          style=&quot;background-color: white;&quot;
          width=&quot;1000&quot;
        /&gt;
      &lt;/div&gt;
      &lt;div
        class=&quot;mt-4 grid grid-cols-4 gap-4 text-sm&quot;
      &gt;
        &lt;div
          class=&quot;bg-white p-3 rounded-lg border&quot;
        &gt;
          &lt;div
            class=&quot;font-medium text-gray-900&quot;
          &gt;
            Total Events
          &lt;/div&gt;
          &lt;div
            class=&quot;text-2xl font-bold text-blue-600&quot;
          &gt;
            2
          &lt;/div&gt;
        &lt;/div&gt;
        &lt;div
          class=&quot;bg-white p-3 rounded-lg border&quot;
        &gt;
          &lt;div
            class=&quot;font-medium text-gray-900&quot;
          &gt;
            Critical Events
          &lt;/div&gt;
          &lt;div
            class=&quot;text-2xl font-bold text-red-600&quot;
          &gt;
            0
          &lt;/div&gt;
        &lt;/div&gt;
        &lt;div
          class=&quot;bg-white p-3 rounded-lg border&quot;
        &gt;
          &lt;div
            class=&quot;font-medium text-gray-900&quot;
          &gt;
            Event Clusters
          &lt;/div&gt;
          &lt;div
            class=&quot;text-2xl font-bold text-green-600&quot;
          &gt;
            0
          &lt;/div&gt;
        &lt;/div&gt;
        &lt;div
          class=&quot;bg-white p-3 rounded-lg border&quot;
        &gt;
          &lt;div
            class=&quot;font-medium text-gray-900&quot;
          &gt;
            Anomalies
          &lt;/div&gt;
          &lt;div
            class=&quot;text-2xl font-bold text-orange-600&quot;
          &gt;
            0
          &lt;/div&gt;
        &lt;/div&gt;
      &lt;/div&gt;
    &lt;/div&gt;
    &lt;div
      aria-live=&quot;assertive&quot;
      class=&quot;fixed top-4 right-4 z-50 pointer-events-none&quot;
    &gt;
      &lt;div
        class=&quot;flex flex-col space-y-3&quot;
      /&gt;
    &lt;/div&gt;
  &lt;/div&gt;
&lt;/body&gt;
    at Object.getElementError (/Users/brianlong/Developer/summit/client/node_modules/@testing-library/dom/dist/config.js:37:19)
    at /Users/brianlong/Developer/summit/client/node_modules/@testing-library/dom/dist/query-helpers.js:76:38
    at /Users/brianlong/Developer/summit/client/node_modules/@testing-library/dom/dist/query-helpers.js:52:17
    at /Users/brianlong/Developer/summit/client/node_modules/@testing-library/dom/dist/query-helpers.js:95:19
    at Object.&lt;anonymous&gt; (/Users/brianlong/Developer/summit/client/src/components/timeline/__tests__/TemporalAnalysis.test.tsx:112:24)
    at Promise.finally.completed (/Users/brianlong/Developer/summit/client/node_modules/jest-circus/build/jestAdapterInit.js:1556:28)
    at new Promise (&lt;anonymous&gt;)
    at callAsyncCircusFn (/Users/brianlong/Developer/summit/client/node_modules/jest-circus/build/jestAdapterInit.js:1496:10)
    at _callCircusTest (/Users/brianlong/Developer/summit/client/node_modules/jest-circus/build/jestAdapterInit.js:1006:40)
    at runNextTicks (node:internal/process/task_queues:60:5)
    at processTimers (node:internal/timers:516:9)
    at _runTest (/Users/brianlong/Developer/summit/client/node_modules/jest-circus/build/jestAdapterInit.js:946:3)
    at _runTestsForDescribeBlock (/Users/brianlong/Developer/summit/client/node_modules/jest-circus/build/jestAdapterInit.js:839:13)
    at _runTestsForDescribeBlock (/Users/brianlong/Developer/summit/client/node_modules/jest-circus/build/jestAdapterInit.js:829:11)
    at run (/Users/brianlong/Developer/summit/client/node_modules/jest-circus/build/jestAdapterInit.js:757:3)
    at runAndTransformResultsToJestFormat (/Users/brianlong/Developer/summit/client/node_modules/jest-circus/build/jestAdapterInit.js:1917:21)
    at jestAdapter (/Users/brianlong/Developer/summit/client/node_modules/jest-circus/build/runner.js:101:19)
    at runTestInternal (/Users/brianlong/Developer/summit/client/node_modules/jest-runner/build/index.js:275:16)
    at runTest (/Users/brianlong/Developer/summit/client/node_modules/jest-runner/build/index.js:343:7)</failure>
    </testcase>
    <testcase classname="TemporalAnalysis" name="handles timeline visualization clicks" time="0.341">
      <failure>TestingLibraryElementError: Unable to find an element by: [data-testid=&quot;timeline-visualization&quot;]

Ignored nodes: comments, script, style
&lt;body&gt;
  &lt;div&gt;
    &lt;div
      class=&quot;temporal-analysis &quot;
    &gt;
      &lt;div
        class=&quot;flex items-center justify-between mb-4 p-3 bg-gray-50 rounded-lg&quot;
      &gt;
        &lt;div
          class=&quot;flex items-center gap-4&quot;
        &gt;
          &lt;h3
            class=&quot;font-semibold text-gray-900&quot;
          &gt;
            Temporal Analysis
          &lt;/h3&gt;
          &lt;span
            class=&quot;text-sm text-gray-600&quot;
          &gt;
            2
             events | Zoom: 
            1.0
            x
          &lt;/span&gt;
        &lt;/div&gt;
        &lt;div
          class=&quot;flex gap-2&quot;
        &gt;
          &lt;button
            class=&quot;px-3 py-1 bg-white border rounded hover:bg-gray-50 text-sm&quot;
          &gt;
            üîç+
          &lt;/button&gt;
          &lt;button
            class=&quot;px-3 py-1 bg-white border rounded hover:bg-gray-50 text-sm&quot;
          &gt;
            üîç-
          &lt;/button&gt;
          &lt;button
            class=&quot;px-3 py-1 bg-white border rounded hover:bg-gray-50 text-sm&quot;
          &gt;
            Reset
          &lt;/button&gt;
        &lt;/div&gt;
      &lt;/div&gt;
      &lt;div
        class=&quot;relative&quot;
      &gt;
        &lt;canvas
          class=&quot;border rounded-lg cursor-crosshair&quot;
          height=&quot;400&quot;
          style=&quot;background-color: white;&quot;
          width=&quot;1000&quot;
        /&gt;
      &lt;/div&gt;
      &lt;div
        class=&quot;mt-4 grid grid-cols-4 gap-4 text-sm&quot;
      &gt;
        &lt;div
          class=&quot;bg-white p-3 rounded-lg border&quot;
        &gt;
          &lt;div
            class=&quot;font-medium text-gray-900&quot;
          &gt;
            Total Events
          &lt;/div&gt;
          &lt;div
            class=&quot;text-2xl font-bold text-blue-600&quot;
          &gt;
            2
          &lt;/div&gt;
        &lt;/div&gt;
        &lt;div
          class=&quot;bg-white p-3 rounded-lg border&quot;
        &gt;
          &lt;div
            class=&quot;font-medium text-gray-900&quot;
          &gt;
            Critical Events
          &lt;/div&gt;
          &lt;div
            class=&quot;text-2xl font-bold text-red-600&quot;
          &gt;
            0
          &lt;/div&gt;
        &lt;/div&gt;
        &lt;div
          class=&quot;bg-white p-3 rounded-lg border&quot;
        &gt;
          &lt;div
            class=&quot;font-medium text-gray-900&quot;
          &gt;
            Event Clusters
          &lt;/div&gt;
          &lt;div
            class=&quot;text-2xl font-bold text-green-600&quot;
          &gt;
            0
          &lt;/div&gt;
        &lt;/div&gt;
        &lt;div
          class=&quot;bg-white p-3 rounded-lg border&quot;
        &gt;
          &lt;div
            class=&quot;font-medium text-gray-900&quot;
          &gt;
            Anomalies
          &lt;/div&gt;
          &lt;div
            class=&quot;text-2xl font-bold text-orange-600&quot;
          &gt;
            0
          &lt;/div&gt;
        &lt;/div&gt;
      &lt;/div&gt;
    &lt;/div&gt;
    &lt;div
      aria-live=&quot;assertive&quot;
      class=&quot;fixed top-4 right-4 z-50 pointer-events-none&quot;
    &gt;
      &lt;div
        class=&quot;flex flex-col space-y-3&quot;
      /&gt;
    &lt;/div&gt;
  &lt;/div&gt;
&lt;/body&gt;
    at Object.getElementError (/Users/brianlong/Developer/summit/client/node_modules/@testing-library/dom/dist/config.js:37:19)
    at /Users/brianlong/Developer/summit/client/node_modules/@testing-library/dom/dist/query-helpers.js:76:38
    at /Users/brianlong/Developer/summit/client/node_modules/@testing-library/dom/dist/query-helpers.js:52:17
    at /Users/brianlong/Developer/summit/client/node_modules/@testing-library/dom/dist/query-helpers.js:95:19
    at Object.&lt;anonymous&gt; (/Users/brianlong/Developer/summit/client/src/components/timeline/__tests__/TemporalAnalysis.test.tsx:121:32)
    at Promise.finally.completed (/Users/brianlong/Developer/summit/client/node_modules/jest-circus/build/jestAdapterInit.js:1556:28)
    at new Promise (&lt;anonymous&gt;)
    at callAsyncCircusFn (/Users/brianlong/Developer/summit/client/node_modules/jest-circus/build/jestAdapterInit.js:1496:10)
    at _callCircusTest (/Users/brianlong/Developer/summit/client/node_modules/jest-circus/build/jestAdapterInit.js:1006:40)
    at runNextTicks (node:internal/process/task_queues:60:5)
    at processTimers (node:internal/timers:516:9)
    at _runTest (/Users/brianlong/Developer/summit/client/node_modules/jest-circus/build/jestAdapterInit.js:946:3)
    at _runTestsForDescribeBlock (/Users/brianlong/Developer/summit/client/node_modules/jest-circus/build/jestAdapterInit.js:839:13)
    at _runTestsForDescribeBlock (/Users/brianlong/Developer/summit/client/node_modules/jest-circus/build/jestAdapterInit.js:829:11)
    at run (/Users/brianlong/Developer/summit/client/node_modules/jest-circus/build/jestAdapterInit.js:757:3)
    at runAndTransformResultsToJestFormat (/Users/brianlong/Developer/summit/client/node_modules/jest-circus/build/jestAdapterInit.js:1917:21)
    at jestAdapter (/Users/brianlong/Developer/summit/client/node_modules/jest-circus/build/runner.js:101:19)
    at runTestInternal (/Users/brianlong/Developer/summit/client/node_modules/jest-runner/build/index.js:275:16)
    at runTest (/Users/brianlong/Developer/summit/client/node_modules/jest-runner/build/index.js:343:7)</failure>
    </testcase>
    <testcase classname="TemporalAnalysis" name="handles investigation ID prop" time="0.091">
      <failure>TestingLibraryElementError: Unable to find an element by: [data-testid=&quot;timeline-visualization&quot;]

Ignored nodes: comments, script, style
&lt;body&gt;
  &lt;div&gt;
    &lt;div
      class=&quot;temporal-analysis &quot;
    &gt;
      &lt;div
        class=&quot;flex items-center justify-between mb-4 p-3 bg-gray-50 rounded-lg&quot;
      &gt;
        &lt;div
          class=&quot;flex items-center gap-4&quot;
        &gt;
          &lt;h3
            class=&quot;font-semibold text-gray-900&quot;
          &gt;
            Temporal Analysis
          &lt;/h3&gt;
          &lt;span
            class=&quot;text-sm text-gray-600&quot;
          &gt;
            2
             events | Zoom: 
            1.0
            x
          &lt;/span&gt;
        &lt;/div&gt;
        &lt;div
          class=&quot;flex gap-2&quot;
        &gt;
          &lt;button
            class=&quot;px-3 py-1 bg-white border rounded hover:bg-gray-50 text-sm&quot;
          &gt;
            üîç+
          &lt;/button&gt;
          &lt;button
            class=&quot;px-3 py-1 bg-white border rounded hover:bg-gray-50 text-sm&quot;
          &gt;
            üîç-
          &lt;/button&gt;
          &lt;button
            class=&quot;px-3 py-1 bg-white border rounded hover:bg-gray-50 text-sm&quot;
          &gt;
            Reset
          &lt;/button&gt;
        &lt;/div&gt;
      &lt;/div&gt;
      &lt;div
        class=&quot;relative&quot;
      &gt;
        &lt;canvas
          class=&quot;border rounded-lg cursor-crosshair&quot;
          height=&quot;400&quot;
          style=&quot;background-color: white;&quot;
          width=&quot;1000&quot;
        /&gt;
      &lt;/div&gt;
      &lt;div
        class=&quot;mt-4 grid grid-cols-4 gap-4 text-sm&quot;
      &gt;
        &lt;div
          class=&quot;bg-white p-3 rounded-lg border&quot;
        &gt;
          &lt;div
            class=&quot;font-medium text-gray-900&quot;
          &gt;
            Total Events
          &lt;/div&gt;
          &lt;div
            class=&quot;text-2xl font-bold text-blue-600&quot;
          &gt;
            2
          &lt;/div&gt;
        &lt;/div&gt;
        &lt;div
          class=&quot;bg-white p-3 rounded-lg border&quot;
        &gt;
          &lt;div
            class=&quot;font-medium text-gray-900&quot;
          &gt;
            Critical Events
          &lt;/div&gt;
          &lt;div
            class=&quot;text-2xl font-bold text-red-600&quot;
          &gt;
            0
          &lt;/div&gt;
        &lt;/div&gt;
        &lt;div
          class=&quot;bg-white p-3 rounded-lg border&quot;
        &gt;
          &lt;div
            class=&quot;font-medium text-gray-900&quot;
          &gt;
            Event Clusters
          &lt;/div&gt;
          &lt;div
            class=&quot;text-2xl font-bold text-green-600&quot;
          &gt;
            0
          &lt;/div&gt;
        &lt;/div&gt;
        &lt;div
          class=&quot;bg-white p-3 rounded-lg border&quot;
        &gt;
          &lt;div
            class=&quot;font-medium text-gray-900&quot;
          &gt;
            Anomalies
          &lt;/div&gt;
          &lt;div
            class=&quot;text-2xl font-bold text-orange-600&quot;
          &gt;
            0
          &lt;/div&gt;
        &lt;/div&gt;
      &lt;/div&gt;
    &lt;/div&gt;
    &lt;div
      aria-live=&quot;assertive&quot;
      class=&quot;fixed top-4 right-4 z-50 pointer-events-none&quot;
    &gt;
      &lt;div
        class=&quot;flex flex-col space-y-3&quot;
      /&gt;
    &lt;/div&gt;
  &lt;/div&gt;
&lt;/body&gt;
    at Object.getElementError (/Users/brianlong/Developer/summit/client/node_modules/@testing-library/dom/dist/config.js:37:19)
    at /Users/brianlong/Developer/summit/client/node_modules/@testing-library/dom/dist/query-helpers.js:76:38
    at /Users/brianlong/Developer/summit/client/node_modules/@testing-library/dom/dist/query-helpers.js:52:17
    at /Users/brianlong/Developer/summit/client/node_modules/@testing-library/dom/dist/query-helpers.js:95:19
    at Object.&lt;anonymous&gt; (/Users/brianlong/Developer/summit/client/src/components/timeline/__tests__/TemporalAnalysis.test.tsx:131:19)
    at Promise.finally.completed (/Users/brianlong/Developer/summit/client/node_modules/jest-circus/build/jestAdapterInit.js:1556:28)
    at new Promise (&lt;anonymous&gt;)
    at callAsyncCircusFn (/Users/brianlong/Developer/summit/client/node_modules/jest-circus/build/jestAdapterInit.js:1496:10)
    at _callCircusTest (/Users/brianlong/Developer/summit/client/node_modules/jest-circus/build/jestAdapterInit.js:1006:40)
    at runNextTicks (node:internal/process/task_queues:60:5)
    at processTimers (node:internal/timers:516:9)
    at _runTest (/Users/brianlong/Developer/summit/client/node_modules/jest-circus/build/jestAdapterInit.js:946:3)
    at _runTestsForDescribeBlock (/Users/brianlong/Developer/summit/client/node_modules/jest-circus/build/jestAdapterInit.js:839:13)
    at _runTestsForDescribeBlock (/Users/brianlong/Developer/summit/client/node_modules/jest-circus/build/jestAdapterInit.js:829:11)
    at run (/Users/brianlong/Developer/summit/client/node_modules/jest-circus/build/jestAdapterInit.js:757:3)
    at runAndTransformResultsToJestFormat (/Users/brianlong/Developer/summit/client/node_modules/jest-circus/build/jestAdapterInit.js:1917:21)
    at jestAdapter (/Users/brianlong/Developer/summit/client/node_modules/jest-circus/build/runner.js:101:19)
    at runTestInternal (/Users/brianlong/Developer/summit/client/node_modules/jest-runner/build/index.js:275:16)
    at runTest (/Users/brianlong/Developer/summit/client/node_modules/jest-runner/build/index.js:343:7)</failure>
    </testcase>
    <testcase classname="TemporalAnalysis" name="calls event selection callback" time="0.043">
      <failure>TestingLibraryElementError: Unable to find an element by: [data-testid=&quot;timeline-visualization&quot;]

Ignored nodes: comments, script, style
&lt;body&gt;
  &lt;div&gt;
    &lt;div
      class=&quot;temporal-analysis &quot;
    &gt;
      &lt;div
        class=&quot;flex items-center justify-between mb-4 p-3 bg-gray-50 rounded-lg&quot;
      &gt;
        &lt;div
          class=&quot;flex items-center gap-4&quot;
        &gt;
          &lt;h3
            class=&quot;font-semibold text-gray-900&quot;
          &gt;
            Temporal Analysis
          &lt;/h3&gt;
          &lt;span
            class=&quot;text-sm text-gray-600&quot;
          &gt;
            2
             events | Zoom: 
            1.0
            x
          &lt;/span&gt;
        &lt;/div&gt;
        &lt;div
          class=&quot;flex gap-2&quot;
        &gt;
          &lt;button
            class=&quot;px-3 py-1 bg-white border rounded hover:bg-gray-50 text-sm&quot;
          &gt;
            üîç+
          &lt;/button&gt;
          &lt;button
            class=&quot;px-3 py-1 bg-white border rounded hover:bg-gray-50 text-sm&quot;
          &gt;
            üîç-
          &lt;/button&gt;
          &lt;button
            class=&quot;px-3 py-1 bg-white border rounded hover:bg-gray-50 text-sm&quot;
          &gt;
            Reset
          &lt;/button&gt;
        &lt;/div&gt;
      &lt;/div&gt;
      &lt;div
        class=&quot;relative&quot;
      &gt;
        &lt;canvas
          class=&quot;border rounded-lg cursor-crosshair&quot;
          height=&quot;400&quot;
          style=&quot;background-color: white;&quot;
          width=&quot;1000&quot;
        /&gt;
      &lt;/div&gt;
      &lt;div
        class=&quot;mt-4 grid grid-cols-4 gap-4 text-sm&quot;
      &gt;
        &lt;div
          class=&quot;bg-white p-3 rounded-lg border&quot;
        &gt;
          &lt;div
            class=&quot;font-medium text-gray-900&quot;
          &gt;
            Total Events
          &lt;/div&gt;
          &lt;div
            class=&quot;text-2xl font-bold text-blue-600&quot;
          &gt;
            2
          &lt;/div&gt;
        &lt;/div&gt;
        &lt;div
          class=&quot;bg-white p-3 rounded-lg border&quot;
        &gt;
          &lt;div
            class=&quot;font-medium text-gray-900&quot;
          &gt;
            Critical Events
          &lt;/div&gt;
          &lt;div
            class=&quot;text-2xl font-bold text-red-600&quot;
          &gt;
            0
          &lt;/div&gt;
        &lt;/div&gt;
        &lt;div
          class=&quot;bg-white p-3 rounded-lg border&quot;
        &gt;
          &lt;div
            class=&quot;font-medium text-gray-900&quot;
          &gt;
            Event Clusters
          &lt;/div&gt;
          &lt;div
            class=&quot;text-2xl font-bold text-green-600&quot;
          &gt;
            0
          &lt;/div&gt;
        &lt;/div&gt;
        &lt;div
          class=&quot;bg-white p-3 rounded-lg border&quot;
        &gt;
          &lt;div
            class=&quot;font-medium text-gray-900&quot;
          &gt;
            Anomalies
          &lt;/div&gt;
          &lt;div
            class=&quot;text-2xl font-bold text-orange-600&quot;
          &gt;
            0
          &lt;/div&gt;
        &lt;/div&gt;
      &lt;/div&gt;
    &lt;/div&gt;
    &lt;div
      aria-live=&quot;assertive&quot;
      class=&quot;fixed top-4 right-4 z-50 pointer-events-none&quot;
    &gt;
      &lt;div
        class=&quot;flex flex-col space-y-3&quot;
      /&gt;
    &lt;/div&gt;
  &lt;/div&gt;
&lt;/body&gt;
    at Object.getElementError (/Users/brianlong/Developer/summit/client/node_modules/@testing-library/dom/dist/config.js:37:19)
    at /Users/brianlong/Developer/summit/client/node_modules/@testing-library/dom/dist/query-helpers.js:76:38
    at /Users/brianlong/Developer/summit/client/node_modules/@testing-library/dom/dist/query-helpers.js:52:17
    at /Users/brianlong/Developer/summit/client/node_modules/@testing-library/dom/dist/query-helpers.js:95:19
    at Object.&lt;anonymous&gt; (/Users/brianlong/Developer/summit/client/src/components/timeline/__tests__/TemporalAnalysis.test.tsx:140:32)
    at Promise.finally.completed (/Users/brianlong/Developer/summit/client/node_modules/jest-circus/build/jestAdapterInit.js:1556:28)
    at new Promise (&lt;anonymous&gt;)
    at callAsyncCircusFn (/Users/brianlong/Developer/summit/client/node_modules/jest-circus/build/jestAdapterInit.js:1496:10)
    at _callCircusTest (/Users/brianlong/Developer/summit/client/node_modules/jest-circus/build/jestAdapterInit.js:1006:40)
    at runNextTicks (node:internal/process/task_queues:60:5)
    at processTimers (node:internal/timers:516:9)
    at _runTest (/Users/brianlong/Developer/summit/client/node_modules/jest-circus/build/jestAdapterInit.js:946:3)
    at _runTestsForDescribeBlock (/Users/brianlong/Developer/summit/client/node_modules/jest-circus/build/jestAdapterInit.js:839:13)
    at _runTestsForDescribeBlock (/Users/brianlong/Developer/summit/client/node_modules/jest-circus/build/jestAdapterInit.js:829:11)
    at run (/Users/brianlong/Developer/summit/client/node_modules/jest-circus/build/jestAdapterInit.js:757:3)
    at runAndTransformResultsToJestFormat (/Users/brianlong/Developer/summit/client/node_modules/jest-circus/build/jestAdapterInit.js:1917:21)
    at jestAdapter (/Users/brianlong/Developer/summit/client/node_modules/jest-circus/build/runner.js:101:19)
    at runTestInternal (/Users/brianlong/Developer/summit/client/node_modules/jest-runner/build/index.js:275:16)
    at runTest (/Users/brianlong/Developer/summit/client/node_modules/jest-runner/build/index.js:343:7)</failure>
    </testcase>
    <testcase classname="TemporalAnalysis" name="calls time range change callback" time="1.349">
    </testcase>
    <testcase classname="TemporalAnalysis" name="shows event details on hover" time="0.003">
      <failure>TestingLibraryElementError: Unable to find an element by: [data-testid=&quot;timeline-visualization&quot;]

Ignored nodes: comments, script, style
&lt;body&gt;
  &lt;div&gt;
    &lt;div
      class=&quot;temporal-analysis &quot;
    &gt;
      &lt;div
        class=&quot;flex items-center justify-between mb-4 p-3 bg-gray-50 rounded-lg&quot;
      &gt;
        &lt;div
          class=&quot;flex items-center gap-4&quot;
        &gt;
          &lt;h3
            class=&quot;font-semibold text-gray-900&quot;
          &gt;
            Temporal Analysis
          &lt;/h3&gt;
          &lt;span
            class=&quot;text-sm text-gray-600&quot;
          &gt;
            2
             events | Zoom: 
            1.0
            x
          &lt;/span&gt;
        &lt;/div&gt;
        &lt;div
          class=&quot;flex gap-2&quot;
        &gt;
          &lt;button
            class=&quot;px-3 py-1 bg-white border rounded hover:bg-gray-50 text-sm&quot;
          &gt;
            üîç+
          &lt;/button&gt;
          &lt;button
            class=&quot;px-3 py-1 bg-white border rounded hover:bg-gray-50 text-sm&quot;
          &gt;
            üîç-
          &lt;/button&gt;
          &lt;button
            class=&quot;px-3 py-1 bg-white border rounded hover:bg-gray-50 text-sm&quot;
          &gt;
            Reset
          &lt;/button&gt;
        &lt;/div&gt;
      &lt;/div&gt;
      &lt;div
        class=&quot;relative&quot;
      &gt;
        &lt;canvas
          class=&quot;border rounded-lg cursor-crosshair&quot;
          height=&quot;400&quot;
          style=&quot;background-color: white;&quot;
          width=&quot;1000&quot;
        /&gt;
      &lt;/div&gt;
      &lt;div
        class=&quot;mt-4 grid grid-cols-4 gap-4 text-sm&quot;
      &gt;
        &lt;div
          class=&quot;bg-white p-3 rounded-lg border&quot;
        &gt;
          &lt;div
            class=&quot;font-medium text-gray-900&quot;
          &gt;
            Total Events
          &lt;/div&gt;
          &lt;div
            class=&quot;text-2xl font-bold text-blue-600&quot;
          &gt;
            2
          &lt;/div&gt;
        &lt;/div&gt;
        &lt;div
          class=&quot;bg-white p-3 rounded-lg border&quot;
        &gt;
          &lt;div
            class=&quot;font-medium text-gray-900&quot;
          &gt;
            Critical Events
          &lt;/div&gt;
          &lt;div
            class=&quot;text-2xl font-bold text-red-600&quot;
          &gt;
            0
          &lt;/div&gt;
        &lt;/div&gt;
        &lt;div
          class=&quot;bg-white p-3 rounded-lg border&quot;
        &gt;
          &lt;div
            class=&quot;font-medium text-gray-900&quot;
          &gt;
            Event Clusters
          &lt;/div&gt;
          &lt;div
            class=&quot;text-2xl font-bold text-green-600&quot;
          &gt;
            0
          &lt;/div&gt;
        &lt;/div&gt;
        &lt;div
          class=&quot;bg-white p-3 rounded-lg border&quot;
        &gt;
          &lt;div
            class=&quot;font-medium text-gray-900&quot;
          &gt;
            Anomalies
          &lt;/div&gt;
          &lt;div
            class=&quot;text-2xl font-bold text-orange-600&quot;
          &gt;
            0
          &lt;/div&gt;
        &lt;/div&gt;
      &lt;/div&gt;
    &lt;/div&gt;
    &lt;div
      aria-live=&quot;assertive&quot;
      class=&quot;fixed top-4 right-4 z-50 pointer-events-none&quot;
    &gt;
      &lt;div
        class=&quot;flex flex-col space-y-3&quot;
      /&gt;
    &lt;/div&gt;
  &lt;/div&gt;
&lt;/body&gt;
    at Object.getElementError (/Users/brianlong/Developer/summit/client/node_modules/@testing-library/dom/dist/config.js:37:19)
    at /Users/brianlong/Developer/summit/client/node_modules/@testing-library/dom/dist/query-helpers.js:76:38
    at /Users/brianlong/Developer/summit/client/node_modules/@testing-library/dom/dist/query-helpers.js:52:17
    at /Users/brianlong/Developer/summit/client/node_modules/@testing-library/dom/dist/query-helpers.js:95:19
    at Object.&lt;anonymous&gt; (/Users/brianlong/Developer/summit/client/src/components/timeline/__tests__/TemporalAnalysis.test.tsx:164:32)
    at Promise.finally.completed (/Users/brianlong/Developer/summit/client/node_modules/jest-circus/build/jestAdapterInit.js:1556:28)
    at new Promise (&lt;anonymous&gt;)
    at callAsyncCircusFn (/Users/brianlong/Developer/summit/client/node_modules/jest-circus/build/jestAdapterInit.js:1496:10)
    at _callCircusTest (/Users/brianlong/Developer/summit/client/node_modules/jest-circus/build/jestAdapterInit.js:1006:40)
    at _runTest (/Users/brianlong/Developer/summit/client/node_modules/jest-circus/build/jestAdapterInit.js:946:3)
    at _runTestsForDescribeBlock (/Users/brianlong/Developer/summit/client/node_modules/jest-circus/build/jestAdapterInit.js:839:13)
    at _runTestsForDescribeBlock (/Users/brianlong/Developer/summit/client/node_modules/jest-circus/build/jestAdapterInit.js:829:11)
    at run (/Users/brianlong/Developer/summit/client/node_modules/jest-circus/build/jestAdapterInit.js:757:3)
    at runAndTransformResultsToJestFormat (/Users/brianlong/Developer/summit/client/node_modules/jest-circus/build/jestAdapterInit.js:1917:21)
    at jestAdapter (/Users/brianlong/Developer/summit/client/node_modules/jest-circus/build/runner.js:101:19)
    at runTestInternal (/Users/brianlong/Developer/summit/client/node_modules/jest-runner/build/index.js:275:16)
    at runTest (/Users/brianlong/Developer/summit/client/node_modules/jest-runner/build/index.js:343:7)</failure>
    </testcase>
    <testcase classname="TemporalAnalysis" name="ignores wheel events when zoom disabled" time="0.031">
      <failure>TestingLibraryElementError: Unable to find an element by: [data-testid=&quot;timeline-visualization&quot;]

Ignored nodes: comments, script, style
&lt;body&gt;
  &lt;div&gt;
    &lt;div
      class=&quot;temporal-analysis &quot;
    &gt;
      &lt;div
        class=&quot;flex items-center justify-between mb-4 p-3 bg-gray-50 rounded-lg&quot;
      &gt;
        &lt;div
          class=&quot;flex items-center gap-4&quot;
        &gt;
          &lt;h3
            class=&quot;font-semibold text-gray-900&quot;
          &gt;
            Temporal Analysis
          &lt;/h3&gt;
          &lt;span
            class=&quot;text-sm text-gray-600&quot;
          &gt;
            2
             events | Zoom: 
            1.0
            x
          &lt;/span&gt;
        &lt;/div&gt;
        &lt;div
          class=&quot;flex gap-2&quot;
        &gt;
          &lt;button
            class=&quot;px-3 py-1 bg-white border rounded hover:bg-gray-50 text-sm&quot;
          &gt;
            üîç+
          &lt;/button&gt;
          &lt;button
            class=&quot;px-3 py-1 bg-white border rounded hover:bg-gray-50 text-sm&quot;
          &gt;
            üîç-
          &lt;/button&gt;
          &lt;button
            class=&quot;px-3 py-1 bg-white border rounded hover:bg-gray-50 text-sm&quot;
          &gt;
            Reset
          &lt;/button&gt;
        &lt;/div&gt;
      &lt;/div&gt;
      &lt;div
        class=&quot;relative&quot;
      &gt;
        &lt;canvas
          class=&quot;border rounded-lg cursor-crosshair&quot;
          height=&quot;400&quot;
          style=&quot;background-color: white;&quot;
          width=&quot;1000&quot;
        /&gt;
      &lt;/div&gt;
      &lt;div
        class=&quot;mt-4 grid grid-cols-4 gap-4 text-sm&quot;
      &gt;
        &lt;div
          class=&quot;bg-white p-3 rounded-lg border&quot;
        &gt;
          &lt;div
            class=&quot;font-medium text-gray-900&quot;
          &gt;
            Total Events
          &lt;/div&gt;
          &lt;div
            class=&quot;text-2xl font-bold text-blue-600&quot;
          &gt;
            2
          &lt;/div&gt;
        &lt;/div&gt;
        &lt;div
          class=&quot;bg-white p-3 rounded-lg border&quot;
        &gt;
          &lt;div
            class=&quot;font-medium text-gray-900&quot;
          &gt;
            Critical Events
          &lt;/div&gt;
          &lt;div
            class=&quot;text-2xl font-bold text-red-600&quot;
          &gt;
            0
          &lt;/div&gt;
        &lt;/div&gt;
        &lt;div
          class=&quot;bg-white p-3 rounded-lg border&quot;
        &gt;
          &lt;div
            class=&quot;font-medium text-gray-900&quot;
          &gt;
            Event Clusters
          &lt;/div&gt;
          &lt;div
            class=&quot;text-2xl font-bold text-green-600&quot;
          &gt;
            0
          &lt;/div&gt;
        &lt;/div&gt;
        &lt;div
          class=&quot;bg-white p-3 rounded-lg border&quot;
        &gt;
          &lt;div
            class=&quot;font-medium text-gray-900&quot;
          &gt;
            Anomalies
          &lt;/div&gt;
          &lt;div
            class=&quot;text-2xl font-bold text-orange-600&quot;
          &gt;
            0
          &lt;/div&gt;
        &lt;/div&gt;
      &lt;/div&gt;
    &lt;/div&gt;
    &lt;div
      aria-live=&quot;assertive&quot;
      class=&quot;fixed top-4 right-4 z-50 pointer-events-none&quot;
    &gt;
      &lt;div
        class=&quot;flex flex-col space-y-3&quot;
      /&gt;
    &lt;/div&gt;
  &lt;/div&gt;
&lt;/body&gt;
    at Object.getElementError (/Users/brianlong/Developer/summit/client/node_modules/@testing-library/dom/dist/config.js:37:19)
    at /Users/brianlong/Developer/summit/client/node_modules/@testing-library/dom/dist/query-helpers.js:76:38
    at /Users/brianlong/Developer/summit/client/node_modules/@testing-library/dom/dist/query-helpers.js:52:17
    at /Users/brianlong/Developer/summit/client/node_modules/@testing-library/dom/dist/query-helpers.js:95:19
    at Object.&lt;anonymous&gt; (/Users/brianlong/Developer/summit/client/src/components/timeline/__tests__/TemporalAnalysis.test.tsx:174:32)
    at Promise.finally.completed (/Users/brianlong/Developer/summit/client/node_modules/jest-circus/build/jestAdapterInit.js:1556:28)
    at new Promise (&lt;anonymous&gt;)
    at callAsyncCircusFn (/Users/brianlong/Developer/summit/client/node_modules/jest-circus/build/jestAdapterInit.js:1496:10)
    at _callCircusTest (/Users/brianlong/Developer/summit/client/node_modules/jest-circus/build/jestAdapterInit.js:1006:40)
    at _runTest (/Users/brianlong/Developer/summit/client/node_modules/jest-circus/build/jestAdapterInit.js:946:3)
    at _runTestsForDescribeBlock (/Users/brianlong/Developer/summit/client/node_modules/jest-circus/build/jestAdapterInit.js:839:13)
    at _runTestsForDescribeBlock (/Users/brianlong/Developer/summit/client/node_modules/jest-circus/build/jestAdapterInit.js:829:11)
    at run (/Users/brianlong/Developer/summit/client/node_modules/jest-circus/build/jestAdapterInit.js:757:3)
    at runAndTransformResultsToJestFormat (/Users/brianlong/Developer/summit/client/node_modules/jest-circus/build/jestAdapterInit.js:1917:21)
    at jestAdapter (/Users/brianlong/Developer/summit/client/node_modules/jest-circus/build/runner.js:101:19)
    at runTestInternal (/Users/brianlong/Developer/summit/client/node_modules/jest-runner/build/index.js:275:16)
    at runTest (/Users/brianlong/Developer/summit/client/node_modules/jest-runner/build/index.js:343:7)</failure>
    </testcase>
    <testcase classname="TemporalAnalysis" name="applies custom className" time="0.086">
      <failure>TestingLibraryElementError: Unable to find an element by: [data-testid=&quot;timeline-visualization&quot;]

Ignored nodes: comments, script, style
&lt;body&gt;
  &lt;div&gt;
    &lt;div
      class=&quot;temporal-analysis custom-temporal-class&quot;
    &gt;
      &lt;div
        class=&quot;flex items-center justify-between mb-4 p-3 bg-gray-50 rounded-lg&quot;
      &gt;
        &lt;div
          class=&quot;flex items-center gap-4&quot;
        &gt;
          &lt;h3
            class=&quot;font-semibold text-gray-900&quot;
          &gt;
            Temporal Analysis
          &lt;/h3&gt;
          &lt;span
            class=&quot;text-sm text-gray-600&quot;
          &gt;
            2
             events | Zoom: 
            1.0
            x
          &lt;/span&gt;
        &lt;/div&gt;
        &lt;div
          class=&quot;flex gap-2&quot;
        &gt;
          &lt;button
            class=&quot;px-3 py-1 bg-white border rounded hover:bg-gray-50 text-sm&quot;
          &gt;
            üîç+
          &lt;/button&gt;
          &lt;button
            class=&quot;px-3 py-1 bg-white border rounded hover:bg-gray-50 text-sm&quot;
          &gt;
            üîç-
          &lt;/button&gt;
          &lt;button
            class=&quot;px-3 py-1 bg-white border rounded hover:bg-gray-50 text-sm&quot;
          &gt;
            Reset
          &lt;/button&gt;
        &lt;/div&gt;
      &lt;/div&gt;
      &lt;div
        class=&quot;relative&quot;
      &gt;
        &lt;canvas
          class=&quot;border rounded-lg cursor-crosshair&quot;
          height=&quot;400&quot;
          style=&quot;background-color: white;&quot;
          width=&quot;1000&quot;
        /&gt;
      &lt;/div&gt;
      &lt;div
        class=&quot;mt-4 grid grid-cols-4 gap-4 text-sm&quot;
      &gt;
        &lt;div
          class=&quot;bg-white p-3 rounded-lg border&quot;
        &gt;
          &lt;div
            class=&quot;font-medium text-gray-900&quot;
          &gt;
            Total Events
          &lt;/div&gt;
          &lt;div
            class=&quot;text-2xl font-bold text-blue-600&quot;
          &gt;
            2
          &lt;/div&gt;
        &lt;/div&gt;
        &lt;div
          class=&quot;bg-white p-3 rounded-lg border&quot;
        &gt;
          &lt;div
            class=&quot;font-medium text-gray-900&quot;
          &gt;
            Critical Events
          &lt;/div&gt;
          &lt;div
            class=&quot;text-2xl font-bold text-red-600&quot;
          &gt;
            0
          &lt;/div&gt;
        &lt;/div&gt;
        &lt;div
          class=&quot;bg-white p-3 rounded-lg border&quot;
        &gt;
          &lt;div
            class=&quot;font-medium text-gray-900&quot;
          &gt;
            Event Clusters
          &lt;/div&gt;
          &lt;div
            class=&quot;text-2xl font-bold text-green-600&quot;
          &gt;
            0
          &lt;/div&gt;
        &lt;/div&gt;
        &lt;div
          class=&quot;bg-white p-3 rounded-lg border&quot;
        &gt;
          &lt;div
            class=&quot;font-medium text-gray-900&quot;
          &gt;
            Anomalies
          &lt;/div&gt;
          &lt;div
            class=&quot;text-2xl font-bold text-orange-600&quot;
          &gt;
            0
          &lt;/div&gt;
        &lt;/div&gt;
      &lt;/div&gt;
    &lt;/div&gt;
    &lt;div
      aria-live=&quot;assertive&quot;
      class=&quot;fixed top-4 right-4 z-50 pointer-events-none&quot;
    &gt;
      &lt;div
        class=&quot;flex flex-col space-y-3&quot;
      /&gt;
    &lt;/div&gt;
  &lt;/div&gt;
&lt;/body&gt;
    at Object.getElementError (/Users/brianlong/Developer/summit/client/node_modules/@testing-library/dom/dist/config.js:37:19)
    at /Users/brianlong/Developer/summit/client/node_modules/@testing-library/dom/dist/query-helpers.js:76:38
    at /Users/brianlong/Developer/summit/client/node_modules/@testing-library/dom/dist/query-helpers.js:52:17
    at /Users/brianlong/Developer/summit/client/node_modules/@testing-library/dom/dist/query-helpers.js:95:19
    at Object.&lt;anonymous&gt; (/Users/brianlong/Developer/summit/client/src/components/timeline/__tests__/TemporalAnalysis.test.tsx:187:30)
    at Promise.finally.completed (/Users/brianlong/Developer/summit/client/node_modules/jest-circus/build/jestAdapterInit.js:1556:28)
    at new Promise (&lt;anonymous&gt;)
    at callAsyncCircusFn (/Users/brianlong/Developer/summit/client/node_modules/jest-circus/build/jestAdapterInit.js:1496:10)
    at _callCircusTest (/Users/brianlong/Developer/summit/client/node_modules/jest-circus/build/jestAdapterInit.js:1006:40)
    at _runTest (/Users/brianlong/Developer/summit/client/node_modules/jest-circus/build/jestAdapterInit.js:946:3)
    at _runTestsForDescribeBlock (/Users/brianlong/Developer/summit/client/node_modules/jest-circus/build/jestAdapterInit.js:839:13)
    at _runTestsForDescribeBlock (/Users/brianlong/Developer/summit/client/node_modules/jest-circus/build/jestAdapterInit.js:829:11)
    at run (/Users/brianlong/Developer/summit/client/node_modules/jest-circus/build/jestAdapterInit.js:757:3)
    at runAndTransformResultsToJestFormat (/Users/brianlong/Developer/summit/client/node_modules/jest-circus/build/jestAdapterInit.js:1917:21)
    at jestAdapter (/Users/brianlong/Developer/summit/client/node_modules/jest-circus/build/runner.js:101:19)
    at runTestInternal (/Users/brianlong/Developer/summit/client/node_modules/jest-runner/build/index.js:275:16)
    at runTest (/Users/brianlong/Developer/summit/client/node_modules/jest-runner/build/index.js:343:7)</failure>
    </testcase>
    <testcase classname="TemporalAnalysis" name="maintains responsive layout" time="0.226">
      <failure>TestingLibraryElementError: Unable to find an element by: [data-testid=&quot;timeline-visualization&quot;]

Ignored nodes: comments, script, style
&lt;body&gt;
  &lt;div&gt;
    &lt;div
      class=&quot;temporal-analysis &quot;
    &gt;
      &lt;div
        class=&quot;flex items-center justify-between mb-4 p-3 bg-gray-50 rounded-lg&quot;
      &gt;
        &lt;div
          class=&quot;flex items-center gap-4&quot;
        &gt;
          &lt;h3
            class=&quot;font-semibold text-gray-900&quot;
          &gt;
            Temporal Analysis
          &lt;/h3&gt;
          &lt;span
            class=&quot;text-sm text-gray-600&quot;
          &gt;
            2
             events | Zoom: 
            1.0
            x
          &lt;/span&gt;
        &lt;/div&gt;
        &lt;div
          class=&quot;flex gap-2&quot;
        &gt;
          &lt;button
            class=&quot;px-3 py-1 bg-white border rounded hover:bg-gray-50 text-sm&quot;
          &gt;
            üîç+
          &lt;/button&gt;
          &lt;button
            class=&quot;px-3 py-1 bg-white border rounded hover:bg-gray-50 text-sm&quot;
          &gt;
            üîç-
          &lt;/button&gt;
          &lt;button
            class=&quot;px-3 py-1 bg-white border rounded hover:bg-gray-50 text-sm&quot;
          &gt;
            Reset
          &lt;/button&gt;
        &lt;/div&gt;
      &lt;/div&gt;
      &lt;div
        class=&quot;relative&quot;
      &gt;
        &lt;canvas
          class=&quot;border rounded-lg cursor-crosshair&quot;
          height=&quot;400&quot;
          style=&quot;background-color: white;&quot;
          width=&quot;1000&quot;
        /&gt;
      &lt;/div&gt;
      &lt;div
        class=&quot;mt-4 grid grid-cols-4 gap-4 text-sm&quot;
      &gt;
        &lt;div
          class=&quot;bg-white p-3 rounded-lg border&quot;
        &gt;
          &lt;div
            class=&quot;font-medium text-gray-900&quot;
          &gt;
            Total Events
          &lt;/div&gt;
          &lt;div
            class=&quot;text-2xl font-bold text-blue-600&quot;
          &gt;
            2
          &lt;/div&gt;
        &lt;/div&gt;
        &lt;div
          class=&quot;bg-white p-3 rounded-lg border&quot;
        &gt;
          &lt;div
            class=&quot;font-medium text-gray-900&quot;
          &gt;
            Critical Events
          &lt;/div&gt;
          &lt;div
            class=&quot;text-2xl font-bold text-red-600&quot;
          &gt;
            0
          &lt;/div&gt;
        &lt;/div&gt;
        &lt;div
          class=&quot;bg-white p-3 rounded-lg border&quot;
        &gt;
          &lt;div
            class=&quot;font-medium text-gray-900&quot;
          &gt;
            Event Clusters
          &lt;/div&gt;
          &lt;div
            class=&quot;text-2xl font-bold text-green-600&quot;
          &gt;
            0
          &lt;/div&gt;
        &lt;/div&gt;
        &lt;div
          class=&quot;bg-white p-3 rounded-lg border&quot;
        &gt;
          &lt;div
            class=&quot;font-medium text-gray-900&quot;
          &gt;
            Anomalies
          &lt;/div&gt;
          &lt;div
            class=&quot;text-2xl font-bold text-orange-600&quot;
          &gt;
            0
          &lt;/div&gt;
        &lt;/div&gt;
      &lt;/div&gt;
    &lt;/div&gt;
    &lt;div
      aria-live=&quot;assertive&quot;
      class=&quot;fixed top-4 right-4 z-50 pointer-events-none&quot;
    &gt;
      &lt;div
        class=&quot;flex flex-col space-y-3&quot;
      /&gt;
    &lt;/div&gt;
  &lt;/div&gt;
&lt;/body&gt;
    at Object.getElementError (/Users/brianlong/Developer/summit/client/node_modules/@testing-library/dom/dist/config.js:37:19)
    at /Users/brianlong/Developer/summit/client/node_modules/@testing-library/dom/dist/query-helpers.js:76:38
    at /Users/brianlong/Developer/summit/client/node_modules/@testing-library/dom/dist/query-helpers.js:52:17
    at /Users/brianlong/Developer/summit/client/node_modules/@testing-library/dom/dist/query-helpers.js:95:19
    at Object.&lt;anonymous&gt; (/Users/brianlong/Developer/summit/client/src/components/timeline/__tests__/TemporalAnalysis.test.tsx:196:32)
    at Promise.finally.completed (/Users/brianlong/Developer/summit/client/node_modules/jest-circus/build/jestAdapterInit.js:1556:28)
    at new Promise (&lt;anonymous&gt;)
    at callAsyncCircusFn (/Users/brianlong/Developer/summit/client/node_modules/jest-circus/build/jestAdapterInit.js:1496:10)
    at _callCircusTest (/Users/brianlong/Developer/summit/client/node_modules/jest-circus/build/jestAdapterInit.js:1006:40)
    at _runTest (/Users/brianlong/Developer/summit/client/node_modules/jest-circus/build/jestAdapterInit.js:946:3)
    at _runTestsForDescribeBlock (/Users/brianlong/Developer/summit/client/node_modules/jest-circus/build/jestAdapterInit.js:839:13)
    at _runTestsForDescribeBlock (/Users/brianlong/Developer/summit/client/node_modules/jest-circus/build/jestAdapterInit.js:829:11)
    at run (/Users/brianlong/Developer/summit/client/node_modules/jest-circus/build/jestAdapterInit.js:757:3)
    at runAndTransformResultsToJestFormat (/Users/brianlong/Developer/summit/client/node_modules/jest-circus/build/jestAdapterInit.js:1917:21)
    at jestAdapter (/Users/brianlong/Developer/summit/client/node_modules/jest-circus/build/runner.js:101:19)
    at runTestInternal (/Users/brianlong/Developer/summit/client/node_modules/jest-runner/build/index.js:275:16)
    at runTest (/Users/brianlong/Developer/summit/client/node_modules/jest-runner/build/index.js:343:7)</failure>
    </testcase>
    <testcase classname="TemporalAnalysis" name="handles drag interactions" time="0.046">
      <failure>TestingLibraryElementError: Unable to find an element by: [data-testid=&quot;timeline-visualization&quot;]

Ignored nodes: comments, script, style
&lt;body&gt;
  &lt;div&gt;
    &lt;div
      class=&quot;temporal-analysis &quot;
    &gt;
      &lt;div
        class=&quot;flex items-center justify-between mb-4 p-3 bg-gray-50 rounded-lg&quot;
      &gt;
        &lt;div
          class=&quot;flex items-center gap-4&quot;
        &gt;
          &lt;h3
            class=&quot;font-semibold text-gray-900&quot;
          &gt;
            Temporal Analysis
          &lt;/h3&gt;
          &lt;span
            class=&quot;text-sm text-gray-600&quot;
          &gt;
            2
             events | Zoom: 
            1.0
            x
          &lt;/span&gt;
        &lt;/div&gt;
        &lt;div
          class=&quot;flex gap-2&quot;
        &gt;
          &lt;button
            class=&quot;px-3 py-1 bg-white border rounded hover:bg-gray-50 text-sm&quot;
          &gt;
            üîç+
          &lt;/button&gt;
          &lt;button
            class=&quot;px-3 py-1 bg-white border rounded hover:bg-gray-50 text-sm&quot;
          &gt;
            üîç-
          &lt;/button&gt;
          &lt;button
            class=&quot;px-3 py-1 bg-white border rounded hover:bg-gray-50 text-sm&quot;
          &gt;
            Reset
          &lt;/button&gt;
        &lt;/div&gt;
      &lt;/div&gt;
      &lt;div
        class=&quot;relative&quot;
      &gt;
        &lt;canvas
          class=&quot;border rounded-lg cursor-crosshair&quot;
          height=&quot;400&quot;
          style=&quot;background-color: white;&quot;
          width=&quot;1000&quot;
        /&gt;
      &lt;/div&gt;
      &lt;div
        class=&quot;mt-4 grid grid-cols-4 gap-4 text-sm&quot;
      &gt;
        &lt;div
          class=&quot;bg-white p-3 rounded-lg border&quot;
        &gt;
          &lt;div
            class=&quot;font-medium text-gray-900&quot;
          &gt;
            Total Events
          &lt;/div&gt;
          &lt;div
            class=&quot;text-2xl font-bold text-blue-600&quot;
          &gt;
            2
          &lt;/div&gt;
        &lt;/div&gt;
        &lt;div
          class=&quot;bg-white p-3 rounded-lg border&quot;
        &gt;
          &lt;div
            class=&quot;font-medium text-gray-900&quot;
          &gt;
            Critical Events
          &lt;/div&gt;
          &lt;div
            class=&quot;text-2xl font-bold text-red-600&quot;
          &gt;
            0
          &lt;/div&gt;
        &lt;/div&gt;
        &lt;div
          class=&quot;bg-white p-3 rounded-lg border&quot;
        &gt;
          &lt;div
            class=&quot;font-medium text-gray-900&quot;
          &gt;
            Event Clusters
          &lt;/div&gt;
          &lt;div
            class=&quot;text-2xl font-bold text-green-600&quot;
          &gt;
            0
          &lt;/div&gt;
        &lt;/div&gt;
        &lt;div
          class=&quot;bg-white p-3 rounded-lg border&quot;
        &gt;
          &lt;div
            class=&quot;font-medium text-gray-900&quot;
          &gt;
            Anomalies
          &lt;/div&gt;
          &lt;div
            class=&quot;text-2xl font-bold text-orange-600&quot;
          &gt;
            0
          &lt;/div&gt;
        &lt;/div&gt;
      &lt;/div&gt;
    &lt;/div&gt;
    &lt;div
      aria-live=&quot;assertive&quot;
      class=&quot;fixed top-4 right-4 z-50 pointer-events-none&quot;
    &gt;
      &lt;div
        class=&quot;flex flex-col space-y-3&quot;
      /&gt;
    &lt;/div&gt;
  &lt;/div&gt;
&lt;/body&gt;
    at Object.getElementError (/Users/brianlong/Developer/summit/client/node_modules/@testing-library/dom/dist/config.js:37:19)
    at /Users/brianlong/Developer/summit/client/node_modules/@testing-library/dom/dist/query-helpers.js:76:38
    at /Users/brianlong/Developer/summit/client/node_modules/@testing-library/dom/dist/query-helpers.js:52:17
    at /Users/brianlong/Developer/summit/client/node_modules/@testing-library/dom/dist/query-helpers.js:95:19
    at Object.&lt;anonymous&gt; (/Users/brianlong/Developer/summit/client/src/components/timeline/__tests__/TemporalAnalysis.test.tsx:203:32)
    at Promise.finally.completed (/Users/brianlong/Developer/summit/client/node_modules/jest-circus/build/jestAdapterInit.js:1556:28)
    at new Promise (&lt;anonymous&gt;)
    at callAsyncCircusFn (/Users/brianlong/Developer/summit/client/node_modules/jest-circus/build/jestAdapterInit.js:1496:10)
    at _callCircusTest (/Users/brianlong/Developer/summit/client/node_modules/jest-circus/build/jestAdapterInit.js:1006:40)
    at _runTest (/Users/brianlong/Developer/summit/client/node_modules/jest-circus/build/jestAdapterInit.js:946:3)
    at _runTestsForDescribeBlock (/Users/brianlong/Developer/summit/client/node_modules/jest-circus/build/jestAdapterInit.js:839:13)
    at _runTestsForDescribeBlock (/Users/brianlong/Developer/summit/client/node_modules/jest-circus/build/jestAdapterInit.js:829:11)
    at run (/Users/brianlong/Developer/summit/client/node_modules/jest-circus/build/jestAdapterInit.js:757:3)
    at runAndTransformResultsToJestFormat (/Users/brianlong/Developer/summit/client/node_modules/jest-circus/build/jestAdapterInit.js:1917:21)
    at jestAdapter (/Users/brianlong/Developer/summit/client/node_modules/jest-circus/build/runner.js:101:19)
    at runTestInternal (/Users/brianlong/Developer/summit/client/node_modules/jest-runner/build/index.js:275:16)
    at runTest (/Users/brianlong/Developer/summit/client/node_modules/jest-runner/build/index.js:343:7)</failure>
    </testcase>
    <testcase classname="TemporalAnalysis" name="handles keyboard navigation" time="0.024">
      <failure>TestingLibraryElementError: Unable to find an element by: [data-testid=&quot;timeline-visualization&quot;]

Ignored nodes: comments, script, style
&lt;body&gt;
  &lt;div&gt;
    &lt;div
      class=&quot;temporal-analysis &quot;
    &gt;
      &lt;div
        class=&quot;flex items-center justify-between mb-4 p-3 bg-gray-50 rounded-lg&quot;
      &gt;
        &lt;div
          class=&quot;flex items-center gap-4&quot;
        &gt;
          &lt;h3
            class=&quot;font-semibold text-gray-900&quot;
          &gt;
            Temporal Analysis
          &lt;/h3&gt;
          &lt;span
            class=&quot;text-sm text-gray-600&quot;
          &gt;
            2
             events | Zoom: 
            1.0
            x
          &lt;/span&gt;
        &lt;/div&gt;
        &lt;div
          class=&quot;flex gap-2&quot;
        &gt;
          &lt;button
            class=&quot;px-3 py-1 bg-white border rounded hover:bg-gray-50 text-sm&quot;
          &gt;
            üîç+
          &lt;/button&gt;
          &lt;button
            class=&quot;px-3 py-1 bg-white border rounded hover:bg-gray-50 text-sm&quot;
          &gt;
            üîç-
          &lt;/button&gt;
          &lt;button
            class=&quot;px-3 py-1 bg-white border rounded hover:bg-gray-50 text-sm&quot;
          &gt;
            Reset
          &lt;/button&gt;
        &lt;/div&gt;
      &lt;/div&gt;
      &lt;div
        class=&quot;relative&quot;
      &gt;
        &lt;canvas
          class=&quot;border rounded-lg cursor-crosshair&quot;
          height=&quot;400&quot;
          style=&quot;background-color: white;&quot;
          width=&quot;1000&quot;
        /&gt;
      &lt;/div&gt;
      &lt;div
        class=&quot;mt-4 grid grid-cols-4 gap-4 text-sm&quot;
      &gt;
        &lt;div
          class=&quot;bg-white p-3 rounded-lg border&quot;
        &gt;
          &lt;div
            class=&quot;font-medium text-gray-900&quot;
          &gt;
            Total Events
          &lt;/div&gt;
          &lt;div
            class=&quot;text-2xl font-bold text-blue-600&quot;
          &gt;
            2
          &lt;/div&gt;
        &lt;/div&gt;
        &lt;div
          class=&quot;bg-white p-3 rounded-lg border&quot;
        &gt;
          &lt;div
            class=&quot;font-medium text-gray-900&quot;
          &gt;
            Critical Events
          &lt;/div&gt;
          &lt;div
            class=&quot;text-2xl font-bold text-red-600&quot;
          &gt;
            0
          &lt;/div&gt;
        &lt;/div&gt;
        &lt;div
          class=&quot;bg-white p-3 rounded-lg border&quot;
        &gt;
          &lt;div
            class=&quot;font-medium text-gray-900&quot;
          &gt;
            Event Clusters
          &lt;/div&gt;
          &lt;div
            class=&quot;text-2xl font-bold text-green-600&quot;
          &gt;
            0
          &lt;/div&gt;
        &lt;/div&gt;
        &lt;div
          class=&quot;bg-white p-3 rounded-lg border&quot;
        &gt;
          &lt;div
            class=&quot;font-medium text-gray-900&quot;
          &gt;
            Anomalies
          &lt;/div&gt;
          &lt;div
            class=&quot;text-2xl font-bold text-orange-600&quot;
          &gt;
            0
          &lt;/div&gt;
        &lt;/div&gt;
      &lt;/div&gt;
    &lt;/div&gt;
    &lt;div
      aria-live=&quot;assertive&quot;
      class=&quot;fixed top-4 right-4 z-50 pointer-events-none&quot;
    &gt;
      &lt;div
        class=&quot;flex flex-col space-y-3&quot;
      /&gt;
    &lt;/div&gt;
  &lt;/div&gt;
&lt;/body&gt;
    at Object.getElementError (/Users/brianlong/Developer/summit/client/node_modules/@testing-library/dom/dist/config.js:37:19)
    at /Users/brianlong/Developer/summit/client/node_modules/@testing-library/dom/dist/query-helpers.js:76:38
    at /Users/brianlong/Developer/summit/client/node_modules/@testing-library/dom/dist/query-helpers.js:52:17
    at /Users/brianlong/Developer/summit/client/node_modules/@testing-library/dom/dist/query-helpers.js:95:19
    at Object.&lt;anonymous&gt; (/Users/brianlong/Developer/summit/client/src/components/timeline/__tests__/TemporalAnalysis.test.tsx:213:32)
    at Promise.finally.completed (/Users/brianlong/Developer/summit/client/node_modules/jest-circus/build/jestAdapterInit.js:1556:28)
    at new Promise (&lt;anonymous&gt;)
    at callAsyncCircusFn (/Users/brianlong/Developer/summit/client/node_modules/jest-circus/build/jestAdapterInit.js:1496:10)
    at _callCircusTest (/Users/brianlong/Developer/summit/client/node_modules/jest-circus/build/jestAdapterInit.js:1006:40)
    at _runTest (/Users/brianlong/Developer/summit/client/node_modules/jest-circus/build/jestAdapterInit.js:946:3)
    at _runTestsForDescribeBlock (/Users/brianlong/Developer/summit/client/node_modules/jest-circus/build/jestAdapterInit.js:839:13)
    at _runTestsForDescribeBlock (/Users/brianlong/Developer/summit/client/node_modules/jest-circus/build/jestAdapterInit.js:829:11)
    at run (/Users/brianlong/Developer/summit/client/node_modules/jest-circus/build/jestAdapterInit.js:757:3)
    at runAndTransformResultsToJestFormat (/Users/brianlong/Developer/summit/client/node_modules/jest-circus/build/jestAdapterInit.js:1917:21)
    at jestAdapter (/Users/brianlong/Developer/summit/client/node_modules/jest-circus/build/runner.js:101:19)
    at runTestInternal (/Users/brianlong/Developer/summit/client/node_modules/jest-runner/build/index.js:275:16)
    at runTest (/Users/brianlong/Developer/summit/client/node_modules/jest-runner/build/index.js:343:7)</failure>
    </testcase>
  </testsuite>
</testsuites>