<?xml version="1.0" encoding="UTF-8"?>
<testsuites name="jest tests" tests="148" failures="64" errors="0" time="65.596">
  <testsuite name="EnhancedAIAssistant" errors="0" failures="17" skipped="0" timestamp="2025-12-04T06:52:52" time="8.529" tests="17">
    <testcase classname="EnhancedAIAssistant" name="renders welcome message on initial load" time="0.216">
      <failure>TypeError: messagesEndRef.current?.scrollTo is not a function
    at /app/client/src/components/ai-enhanced/EnhancedAIAssistant.tsx:218:29
    at commitHookEffectListMount (/app/client/node_modules/react-dom/cjs/react-dom.development.js:23189:26)
    at commitPassiveMountOnFiber (/app/client/node_modules/react-dom/cjs/react-dom.development.js:24970:11)
    at commitPassiveMountEffects_complete (/app/client/node_modules/react-dom/cjs/react-dom.development.js:24930:9)
    at commitPassiveMountEffects_begin (/app/client/node_modules/react-dom/cjs/react-dom.development.js:24917:7)
    at commitPassiveMountEffects (/app/client/node_modules/react-dom/cjs/react-dom.development.js:24905:3)
    at flushPassiveEffectsImpl (/app/client/node_modules/react-dom/cjs/react-dom.development.js:27078:3)
    at flushPassiveEffects (/app/client/node_modules/react-dom/cjs/react-dom.development.js:27023:14)
    at /app/client/node_modules/react-dom/cjs/react-dom.development.js:26808:9
    at flushActQueue (/app/client/node_modules/react/cjs/react.development.js:2667:24)
    at act (/app/client/node_modules/react/cjs/react.development.js:2582:11)
    at actWithWarning (/app/client/node_modules/react-dom/cjs/react-dom-test-utils.development.js:1740:10)
    at /app/client/node_modules/@testing-library/react/dist/act-compat.js:63:25
    at renderRoot (/app/client/node_modules/@testing-library/react/dist/pure.js:159:26)
    at render (/app/client/node_modules/@testing-library/react/dist/pure.js:246:10)
    at renderWithTheme (/app/client/src/components/ai-enhanced/__tests__/EnhancedAIAssistant.test.tsx:27:16)
    at Object.&lt;anonymous&gt; (/app/client/src/components/ai-enhanced/__tests__/EnhancedAIAssistant.test.tsx:61:5)
    at Promise.finally.completed (/app/client/node_modules/jest-circus/build/jestAdapterInit.js:1556:28)
    at new Promise (&lt;anonymous&gt;)
    at callAsyncCircusFn (/app/client/node_modules/jest-circus/build/jestAdapterInit.js:1496:10)
    at _callCircusTest (/app/client/node_modules/jest-circus/build/jestAdapterInit.js:1006:40)
    at processTicksAndRejections (node:internal/process/task_queues:105:5)
    at _runTest (/app/client/node_modules/jest-circus/build/jestAdapterInit.js:946:3)
    at _runTestsForDescribeBlock (/app/client/node_modules/jest-circus/build/jestAdapterInit.js:839:13)
    at _runTestsForDescribeBlock (/app/client/node_modules/jest-circus/build/jestAdapterInit.js:829:11)
    at run (/app/client/node_modules/jest-circus/build/jestAdapterInit.js:757:3)
    at runAndTransformResultsToJestFormat (/app/client/node_modules/jest-circus/build/jestAdapterInit.js:1917:21)
    at jestAdapter (/app/client/node_modules/jest-circus/build/runner.js:101:19)
    at runTestInternal (/app/client/node_modules/jest-runner/build/testWorker.js:275:16)
    at runTest (/app/client/node_modules/jest-runner/build/testWorker.js:343:7)
    at Object.worker (/app/client/node_modules/jest-runner/build/testWorker.js:497:12)</failure>
    </testcase>
    <testcase classname="EnhancedAIAssistant" name="displays assistant name and status" time="0.055">
      <failure>TypeError: messagesEndRef.current?.scrollTo is not a function
    at /app/client/src/components/ai-enhanced/EnhancedAIAssistant.tsx:218:29
    at commitHookEffectListMount (/app/client/node_modules/react-dom/cjs/react-dom.development.js:23189:26)
    at commitPassiveMountOnFiber (/app/client/node_modules/react-dom/cjs/react-dom.development.js:24970:11)
    at commitPassiveMountEffects_complete (/app/client/node_modules/react-dom/cjs/react-dom.development.js:24930:9)
    at commitPassiveMountEffects_begin (/app/client/node_modules/react-dom/cjs/react-dom.development.js:24917:7)
    at commitPassiveMountEffects (/app/client/node_modules/react-dom/cjs/react-dom.development.js:24905:3)
    at flushPassiveEffectsImpl (/app/client/node_modules/react-dom/cjs/react-dom.development.js:27078:3)
    at flushPassiveEffects (/app/client/node_modules/react-dom/cjs/react-dom.development.js:27023:14)
    at /app/client/node_modules/react-dom/cjs/react-dom.development.js:26808:9
    at flushActQueue (/app/client/node_modules/react/cjs/react.development.js:2667:24)
    at act (/app/client/node_modules/react/cjs/react.development.js:2582:11)
    at actWithWarning (/app/client/node_modules/react-dom/cjs/react-dom-test-utils.development.js:1740:10)
    at /app/client/node_modules/@testing-library/react/dist/act-compat.js:63:25
    at renderRoot (/app/client/node_modules/@testing-library/react/dist/pure.js:159:26)
    at render (/app/client/node_modules/@testing-library/react/dist/pure.js:246:10)
    at renderWithTheme (/app/client/src/components/ai-enhanced/__tests__/EnhancedAIAssistant.test.tsx:27:16)
    at Object.&lt;anonymous&gt; (/app/client/src/components/ai-enhanced/__tests__/EnhancedAIAssistant.test.tsx:70:5)
    at Promise.finally.completed (/app/client/node_modules/jest-circus/build/jestAdapterInit.js:1556:28)
    at new Promise (&lt;anonymous&gt;)
    at callAsyncCircusFn (/app/client/node_modules/jest-circus/build/jestAdapterInit.js:1496:10)
    at _callCircusTest (/app/client/node_modules/jest-circus/build/jestAdapterInit.js:1006:40)
    at processTicksAndRejections (node:internal/process/task_queues:105:5)
    at _runTest (/app/client/node_modules/jest-circus/build/jestAdapterInit.js:946:3)
    at _runTestsForDescribeBlock (/app/client/node_modules/jest-circus/build/jestAdapterInit.js:839:13)
    at _runTestsForDescribeBlock (/app/client/node_modules/jest-circus/build/jestAdapterInit.js:829:11)
    at run (/app/client/node_modules/jest-circus/build/jestAdapterInit.js:757:3)
    at runAndTransformResultsToJestFormat (/app/client/node_modules/jest-circus/build/jestAdapterInit.js:1917:21)
    at jestAdapter (/app/client/node_modules/jest-circus/build/runner.js:101:19)
    at runTestInternal (/app/client/node_modules/jest-runner/build/testWorker.js:275:16)
    at runTest (/app/client/node_modules/jest-runner/build/testWorker.js:343:7)
    at Object.worker (/app/client/node_modules/jest-runner/build/testWorker.js:497:12)</failure>
    </testcase>
    <testcase classname="EnhancedAIAssistant" name="streams assistant tokens and settles to idle" time="0.042">
      <failure>TypeError: messagesEndRef.current?.scrollTo is not a function
    at /app/client/src/components/ai-enhanced/EnhancedAIAssistant.tsx:218:29
    at commitHookEffectListMount (/app/client/node_modules/react-dom/cjs/react-dom.development.js:23189:26)
    at commitPassiveMountOnFiber (/app/client/node_modules/react-dom/cjs/react-dom.development.js:24970:11)
    at commitPassiveMountEffects_complete (/app/client/node_modules/react-dom/cjs/react-dom.development.js:24930:9)
    at commitPassiveMountEffects_begin (/app/client/node_modules/react-dom/cjs/react-dom.development.js:24917:7)
    at commitPassiveMountEffects (/app/client/node_modules/react-dom/cjs/react-dom.development.js:24905:3)
    at flushPassiveEffectsImpl (/app/client/node_modules/react-dom/cjs/react-dom.development.js:27078:3)
    at flushPassiveEffects (/app/client/node_modules/react-dom/cjs/react-dom.development.js:27023:14)
    at /app/client/node_modules/react-dom/cjs/react-dom.development.js:26808:9
    at flushActQueue (/app/client/node_modules/react/cjs/react.development.js:2667:24)
    at act (/app/client/node_modules/react/cjs/react.development.js:2582:11)
    at actWithWarning (/app/client/node_modules/react-dom/cjs/react-dom-test-utils.development.js:1740:10)
    at /app/client/node_modules/@testing-library/react/dist/act-compat.js:63:25
    at renderRoot (/app/client/node_modules/@testing-library/react/dist/pure.js:159:26)
    at render (/app/client/node_modules/@testing-library/react/dist/pure.js:246:10)
    at renderWithTheme (/app/client/src/components/ai-enhanced/__tests__/EnhancedAIAssistant.test.tsx:27:16)
    at Object.&lt;anonymous&gt; (/app/client/src/components/ai-enhanced/__tests__/EnhancedAIAssistant.test.tsx:83:5)
    at Promise.finally.completed (/app/client/node_modules/jest-circus/build/jestAdapterInit.js:1556:28)
    at new Promise (&lt;anonymous&gt;)
    at callAsyncCircusFn (/app/client/node_modules/jest-circus/build/jestAdapterInit.js:1496:10)
    at _callCircusTest (/app/client/node_modules/jest-circus/build/jestAdapterInit.js:1006:40)
    at processTicksAndRejections (node:internal/process/task_queues:105:5)
    at _runTest (/app/client/node_modules/jest-circus/build/jestAdapterInit.js:946:3)
    at _runTestsForDescribeBlock (/app/client/node_modules/jest-circus/build/jestAdapterInit.js:839:13)
    at _runTestsForDescribeBlock (/app/client/node_modules/jest-circus/build/jestAdapterInit.js:829:11)
    at run (/app/client/node_modules/jest-circus/build/jestAdapterInit.js:757:3)
    at runAndTransformResultsToJestFormat (/app/client/node_modules/jest-circus/build/jestAdapterInit.js:1917:21)
    at jestAdapter (/app/client/node_modules/jest-circus/build/runner.js:101:19)
    at runTestInternal (/app/client/node_modules/jest-runner/build/testWorker.js:275:16)
    at runTest (/app/client/node_modules/jest-runner/build/testWorker.js:343:7)
    at Object.worker (/app/client/node_modules/jest-runner/build/testWorker.js:497:12)</failure>
    </testcase>
    <testcase classname="EnhancedAIAssistant" name="sends message when user types and presses enter" time="0.034">
      <failure>TypeError: messagesEndRef.current?.scrollTo is not a function
    at /app/client/src/components/ai-enhanced/EnhancedAIAssistant.tsx:218:29
    at commitHookEffectListMount (/app/client/node_modules/react-dom/cjs/react-dom.development.js:23189:26)
    at commitPassiveMountOnFiber (/app/client/node_modules/react-dom/cjs/react-dom.development.js:24970:11)
    at commitPassiveMountEffects_complete (/app/client/node_modules/react-dom/cjs/react-dom.development.js:24930:9)
    at commitPassiveMountEffects_begin (/app/client/node_modules/react-dom/cjs/react-dom.development.js:24917:7)
    at commitPassiveMountEffects (/app/client/node_modules/react-dom/cjs/react-dom.development.js:24905:3)
    at flushPassiveEffectsImpl (/app/client/node_modules/react-dom/cjs/react-dom.development.js:27078:3)
    at flushPassiveEffects (/app/client/node_modules/react-dom/cjs/react-dom.development.js:27023:14)
    at /app/client/node_modules/react-dom/cjs/react-dom.development.js:26808:9
    at flushActQueue (/app/client/node_modules/react/cjs/react.development.js:2667:24)
    at act (/app/client/node_modules/react/cjs/react.development.js:2582:11)
    at actWithWarning (/app/client/node_modules/react-dom/cjs/react-dom-test-utils.development.js:1740:10)
    at /app/client/node_modules/@testing-library/react/dist/act-compat.js:63:25
    at renderRoot (/app/client/node_modules/@testing-library/react/dist/pure.js:159:26)
    at render (/app/client/node_modules/@testing-library/react/dist/pure.js:246:10)
    at renderWithTheme (/app/client/src/components/ai-enhanced/__tests__/EnhancedAIAssistant.test.tsx:27:16)
    at Object.&lt;anonymous&gt; (/app/client/src/components/ai-enhanced/__tests__/EnhancedAIAssistant.test.tsx:117:5)
    at Promise.finally.completed (/app/client/node_modules/jest-circus/build/jestAdapterInit.js:1556:28)
    at new Promise (&lt;anonymous&gt;)
    at callAsyncCircusFn (/app/client/node_modules/jest-circus/build/jestAdapterInit.js:1496:10)
    at _callCircusTest (/app/client/node_modules/jest-circus/build/jestAdapterInit.js:1006:40)
    at processTicksAndRejections (node:internal/process/task_queues:105:5)
    at _runTest (/app/client/node_modules/jest-circus/build/jestAdapterInit.js:946:3)
    at _runTestsForDescribeBlock (/app/client/node_modules/jest-circus/build/jestAdapterInit.js:839:13)
    at _runTestsForDescribeBlock (/app/client/node_modules/jest-circus/build/jestAdapterInit.js:829:11)
    at run (/app/client/node_modules/jest-circus/build/jestAdapterInit.js:757:3)
    at runAndTransformResultsToJestFormat (/app/client/node_modules/jest-circus/build/jestAdapterInit.js:1917:21)
    at jestAdapter (/app/client/node_modules/jest-circus/build/runner.js:101:19)
    at runTestInternal (/app/client/node_modules/jest-runner/build/testWorker.js:275:16)
    at runTest (/app/client/node_modules/jest-runner/build/testWorker.js:343:7)
    at Object.worker (/app/client/node_modules/jest-runner/build/testWorker.js:497:12)</failure>
    </testcase>
    <testcase classname="EnhancedAIAssistant" name="sends message when send button is clicked" time="0.044">
      <failure>TypeError: messagesEndRef.current?.scrollTo is not a function
    at /app/client/src/components/ai-enhanced/EnhancedAIAssistant.tsx:218:29
    at commitHookEffectListMount (/app/client/node_modules/react-dom/cjs/react-dom.development.js:23189:26)
    at commitPassiveMountOnFiber (/app/client/node_modules/react-dom/cjs/react-dom.development.js:24970:11)
    at commitPassiveMountEffects_complete (/app/client/node_modules/react-dom/cjs/react-dom.development.js:24930:9)
    at commitPassiveMountEffects_begin (/app/client/node_modules/react-dom/cjs/react-dom.development.js:24917:7)
    at commitPassiveMountEffects (/app/client/node_modules/react-dom/cjs/react-dom.development.js:24905:3)
    at flushPassiveEffectsImpl (/app/client/node_modules/react-dom/cjs/react-dom.development.js:27078:3)
    at flushPassiveEffects (/app/client/node_modules/react-dom/cjs/react-dom.development.js:27023:14)
    at /app/client/node_modules/react-dom/cjs/react-dom.development.js:26808:9
    at flushActQueue (/app/client/node_modules/react/cjs/react.development.js:2667:24)
    at act (/app/client/node_modules/react/cjs/react.development.js:2582:11)
    at actWithWarning (/app/client/node_modules/react-dom/cjs/react-dom-test-utils.development.js:1740:10)
    at /app/client/node_modules/@testing-library/react/dist/act-compat.js:63:25
    at renderRoot (/app/client/node_modules/@testing-library/react/dist/pure.js:159:26)
    at render (/app/client/node_modules/@testing-library/react/dist/pure.js:246:10)
    at renderWithTheme (/app/client/src/components/ai-enhanced/__tests__/EnhancedAIAssistant.test.tsx:27:16)
    at Object.&lt;anonymous&gt; (/app/client/src/components/ai-enhanced/__tests__/EnhancedAIAssistant.test.tsx:154:5)
    at Promise.finally.completed (/app/client/node_modules/jest-circus/build/jestAdapterInit.js:1556:28)
    at new Promise (&lt;anonymous&gt;)
    at callAsyncCircusFn (/app/client/node_modules/jest-circus/build/jestAdapterInit.js:1496:10)
    at _callCircusTest (/app/client/node_modules/jest-circus/build/jestAdapterInit.js:1006:40)
    at processTicksAndRejections (node:internal/process/task_queues:105:5)
    at _runTest (/app/client/node_modules/jest-circus/build/jestAdapterInit.js:946:3)
    at _runTestsForDescribeBlock (/app/client/node_modules/jest-circus/build/jestAdapterInit.js:839:13)
    at _runTestsForDescribeBlock (/app/client/node_modules/jest-circus/build/jestAdapterInit.js:829:11)
    at run (/app/client/node_modules/jest-circus/build/jestAdapterInit.js:757:3)
    at runAndTransformResultsToJestFormat (/app/client/node_modules/jest-circus/build/jestAdapterInit.js:1917:21)
    at jestAdapter (/app/client/node_modules/jest-circus/build/runner.js:101:19)
    at runTestInternal (/app/client/node_modules/jest-runner/build/testWorker.js:275:16)
    at runTest (/app/client/node_modules/jest-runner/build/testWorker.js:343:7)
    at Object.worker (/app/client/node_modules/jest-runner/build/testWorker.js:497:12)</failure>
    </testcase>
    <testcase classname="EnhancedAIAssistant" name="disables send button when input is empty" time="0.034">
      <failure>TypeError: messagesEndRef.current?.scrollTo is not a function
    at /app/client/src/components/ai-enhanced/EnhancedAIAssistant.tsx:218:29
    at commitHookEffectListMount (/app/client/node_modules/react-dom/cjs/react-dom.development.js:23189:26)
    at commitPassiveMountOnFiber (/app/client/node_modules/react-dom/cjs/react-dom.development.js:24970:11)
    at commitPassiveMountEffects_complete (/app/client/node_modules/react-dom/cjs/react-dom.development.js:24930:9)
    at commitPassiveMountEffects_begin (/app/client/node_modules/react-dom/cjs/react-dom.development.js:24917:7)
    at commitPassiveMountEffects (/app/client/node_modules/react-dom/cjs/react-dom.development.js:24905:3)
    at flushPassiveEffectsImpl (/app/client/node_modules/react-dom/cjs/react-dom.development.js:27078:3)
    at flushPassiveEffects (/app/client/node_modules/react-dom/cjs/react-dom.development.js:27023:14)
    at /app/client/node_modules/react-dom/cjs/react-dom.development.js:26808:9
    at flushActQueue (/app/client/node_modules/react/cjs/react.development.js:2667:24)
    at act (/app/client/node_modules/react/cjs/react.development.js:2582:11)
    at actWithWarning (/app/client/node_modules/react-dom/cjs/react-dom-test-utils.development.js:1740:10)
    at /app/client/node_modules/@testing-library/react/dist/act-compat.js:63:25
    at renderRoot (/app/client/node_modules/@testing-library/react/dist/pure.js:159:26)
    at render (/app/client/node_modules/@testing-library/react/dist/pure.js:246:10)
    at renderWithTheme (/app/client/src/components/ai-enhanced/__tests__/EnhancedAIAssistant.test.tsx:27:16)
    at Object.&lt;anonymous&gt; (/app/client/src/components/ai-enhanced/__tests__/EnhancedAIAssistant.test.tsx:185:5)
    at Promise.finally.completed (/app/client/node_modules/jest-circus/build/jestAdapterInit.js:1556:28)
    at new Promise (&lt;anonymous&gt;)
    at callAsyncCircusFn (/app/client/node_modules/jest-circus/build/jestAdapterInit.js:1496:10)
    at _callCircusTest (/app/client/node_modules/jest-circus/build/jestAdapterInit.js:1006:40)
    at processTicksAndRejections (node:internal/process/task_queues:105:5)
    at _runTest (/app/client/node_modules/jest-circus/build/jestAdapterInit.js:946:3)
    at _runTestsForDescribeBlock (/app/client/node_modules/jest-circus/build/jestAdapterInit.js:839:13)
    at _runTestsForDescribeBlock (/app/client/node_modules/jest-circus/build/jestAdapterInit.js:829:11)
    at run (/app/client/node_modules/jest-circus/build/jestAdapterInit.js:757:3)
    at runAndTransformResultsToJestFormat (/app/client/node_modules/jest-circus/build/jestAdapterInit.js:1917:21)
    at jestAdapter (/app/client/node_modules/jest-circus/build/runner.js:101:19)
    at runTestInternal (/app/client/node_modules/jest-runner/build/testWorker.js:275:16)
    at runTest (/app/client/node_modules/jest-runner/build/testWorker.js:343:7)
    at Object.worker (/app/client/node_modules/jest-runner/build/testWorker.js:497:12)</failure>
    </testcase>
    <testcase classname="EnhancedAIAssistant" name="aborts cleanly on unmount (no state updates after unmount)" time="0.033">
      <failure>TypeError: messagesEndRef.current?.scrollTo is not a function
    at /app/client/src/components/ai-enhanced/EnhancedAIAssistant.tsx:218:29
    at commitHookEffectListMount (/app/client/node_modules/react-dom/cjs/react-dom.development.js:23189:26)
    at commitPassiveMountOnFiber (/app/client/node_modules/react-dom/cjs/react-dom.development.js:24970:11)
    at commitPassiveMountEffects_complete (/app/client/node_modules/react-dom/cjs/react-dom.development.js:24930:9)
    at commitPassiveMountEffects_begin (/app/client/node_modules/react-dom/cjs/react-dom.development.js:24917:7)
    at commitPassiveMountEffects (/app/client/node_modules/react-dom/cjs/react-dom.development.js:24905:3)
    at flushPassiveEffectsImpl (/app/client/node_modules/react-dom/cjs/react-dom.development.js:27078:3)
    at flushPassiveEffects (/app/client/node_modules/react-dom/cjs/react-dom.development.js:27023:14)
    at /app/client/node_modules/react-dom/cjs/react-dom.development.js:26808:9
    at flushActQueue (/app/client/node_modules/react/cjs/react.development.js:2667:24)
    at act (/app/client/node_modules/react/cjs/react.development.js:2582:11)
    at actWithWarning (/app/client/node_modules/react-dom/cjs/react-dom-test-utils.development.js:1740:10)
    at /app/client/node_modules/@testing-library/react/dist/act-compat.js:63:25
    at renderRoot (/app/client/node_modules/@testing-library/react/dist/pure.js:159:26)
    at render (/app/client/node_modules/@testing-library/react/dist/pure.js:246:10)
    at renderWithTheme (/app/client/src/components/ai-enhanced/__tests__/EnhancedAIAssistant.test.tsx:27:16)
    at Object.&lt;anonymous&gt; (/app/client/src/components/ai-enhanced/__tests__/EnhancedAIAssistant.test.tsx:200:35)
    at Promise.finally.completed (/app/client/node_modules/jest-circus/build/jestAdapterInit.js:1556:28)
    at new Promise (&lt;anonymous&gt;)
    at callAsyncCircusFn (/app/client/node_modules/jest-circus/build/jestAdapterInit.js:1496:10)
    at _callCircusTest (/app/client/node_modules/jest-circus/build/jestAdapterInit.js:1006:40)
    at processTicksAndRejections (node:internal/process/task_queues:105:5)
    at _runTest (/app/client/node_modules/jest-circus/build/jestAdapterInit.js:946:3)
    at _runTestsForDescribeBlock (/app/client/node_modules/jest-circus/build/jestAdapterInit.js:839:13)
    at _runTestsForDescribeBlock (/app/client/node_modules/jest-circus/build/jestAdapterInit.js:829:11)
    at run (/app/client/node_modules/jest-circus/build/jestAdapterInit.js:757:3)
    at runAndTransformResultsToJestFormat (/app/client/node_modules/jest-circus/build/jestAdapterInit.js:1917:21)
    at jestAdapter (/app/client/node_modules/jest-circus/build/runner.js:101:19)
    at runTestInternal (/app/client/node_modules/jest-runner/build/testWorker.js:275:16)
    at runTest (/app/client/node_modules/jest-runner/build/testWorker.js:343:7)
    at Object.worker (/app/client/node_modules/jest-runner/build/testWorker.js:497:12)</failure>
    </testcase>
    <testcase classname="EnhancedAIAssistant" name="voice input pipes transcript into the log deterministically" time="0.063">
      <failure>TypeError: messagesEndRef.current?.scrollTo is not a function
    at /app/client/src/components/ai-enhanced/EnhancedAIAssistant.tsx:218:29
    at commitHookEffectListMount (/app/client/node_modules/react-dom/cjs/react-dom.development.js:23189:26)
    at commitPassiveMountOnFiber (/app/client/node_modules/react-dom/cjs/react-dom.development.js:24970:11)
    at commitPassiveMountEffects_complete (/app/client/node_modules/react-dom/cjs/react-dom.development.js:24930:9)
    at commitPassiveMountEffects_begin (/app/client/node_modules/react-dom/cjs/react-dom.development.js:24917:7)
    at commitPassiveMountEffects (/app/client/node_modules/react-dom/cjs/react-dom.development.js:24905:3)
    at flushPassiveEffectsImpl (/app/client/node_modules/react-dom/cjs/react-dom.development.js:27078:3)
    at flushPassiveEffects (/app/client/node_modules/react-dom/cjs/react-dom.development.js:27023:14)
    at /app/client/node_modules/react-dom/cjs/react-dom.development.js:26808:9
    at flushActQueue (/app/client/node_modules/react/cjs/react.development.js:2667:24)
    at act (/app/client/node_modules/react/cjs/react.development.js:2582:11)
    at actWithWarning (/app/client/node_modules/react-dom/cjs/react-dom-test-utils.development.js:1740:10)
    at /app/client/node_modules/@testing-library/react/dist/act-compat.js:63:25
    at renderRoot (/app/client/node_modules/@testing-library/react/dist/pure.js:159:26)
    at render (/app/client/node_modules/@testing-library/react/dist/pure.js:246:10)
    at renderWithTheme (/app/client/src/components/ai-enhanced/__tests__/EnhancedAIAssistant.test.tsx:27:16)
    at Object.&lt;anonymous&gt; (/app/client/src/components/ai-enhanced/__tests__/EnhancedAIAssistant.test.tsx:228:5)
    at Promise.finally.completed (/app/client/node_modules/jest-circus/build/jestAdapterInit.js:1556:28)
    at new Promise (&lt;anonymous&gt;)
    at callAsyncCircusFn (/app/client/node_modules/jest-circus/build/jestAdapterInit.js:1496:10)
    at _callCircusTest (/app/client/node_modules/jest-circus/build/jestAdapterInit.js:1006:40)
    at processTicksAndRejections (node:internal/process/task_queues:105:5)
    at _runTest (/app/client/node_modules/jest-circus/build/jestAdapterInit.js:946:3)
    at _runTestsForDescribeBlock (/app/client/node_modules/jest-circus/build/jestAdapterInit.js:839:13)
    at _runTestsForDescribeBlock (/app/client/node_modules/jest-circus/build/jestAdapterInit.js:829:11)
    at run (/app/client/node_modules/jest-circus/build/jestAdapterInit.js:757:3)
    at runAndTransformResultsToJestFormat (/app/client/node_modules/jest-circus/build/jestAdapterInit.js:1917:21)
    at jestAdapter (/app/client/node_modules/jest-circus/build/runner.js:101:19)
    at runTestInternal (/app/client/node_modules/jest-runner/build/testWorker.js:275:16)
    at runTest (/app/client/node_modules/jest-runner/build/testWorker.js:343:7)
    at Object.worker (/app/client/node_modules/jest-runner/build/testWorker.js:497:12)</failure>
    </testcase>
    <testcase classname="EnhancedAIAssistant" name="toggles voice commands" time="0.05">
      <failure>TypeError: messagesEndRef.current?.scrollTo is not a function
    at /app/client/src/components/ai-enhanced/EnhancedAIAssistant.tsx:218:29
    at commitHookEffectListMount (/app/client/node_modules/react-dom/cjs/react-dom.development.js:23189:26)
    at commitPassiveMountOnFiber (/app/client/node_modules/react-dom/cjs/react-dom.development.js:24970:11)
    at commitPassiveMountEffects_complete (/app/client/node_modules/react-dom/cjs/react-dom.development.js:24930:9)
    at commitPassiveMountEffects_begin (/app/client/node_modules/react-dom/cjs/react-dom.development.js:24917:7)
    at commitPassiveMountEffects (/app/client/node_modules/react-dom/cjs/react-dom.development.js:24905:3)
    at flushPassiveEffectsImpl (/app/client/node_modules/react-dom/cjs/react-dom.development.js:27078:3)
    at flushPassiveEffects (/app/client/node_modules/react-dom/cjs/react-dom.development.js:27023:14)
    at /app/client/node_modules/react-dom/cjs/react-dom.development.js:26808:9
    at flushActQueue (/app/client/node_modules/react/cjs/react.development.js:2667:24)
    at act (/app/client/node_modules/react/cjs/react.development.js:2582:11)
    at actWithWarning (/app/client/node_modules/react-dom/cjs/react-dom-test-utils.development.js:1740:10)
    at /app/client/node_modules/@testing-library/react/dist/act-compat.js:63:25
    at renderRoot (/app/client/node_modules/@testing-library/react/dist/pure.js:159:26)
    at render (/app/client/node_modules/@testing-library/react/dist/pure.js:246:10)
    at renderWithTheme (/app/client/src/components/ai-enhanced/__tests__/EnhancedAIAssistant.test.tsx:27:16)
    at Object.&lt;anonymous&gt; (/app/client/src/components/ai-enhanced/__tests__/EnhancedAIAssistant.test.tsx:242:5)
    at Promise.finally.completed (/app/client/node_modules/jest-circus/build/jestAdapterInit.js:1556:28)
    at new Promise (&lt;anonymous&gt;)
    at callAsyncCircusFn (/app/client/node_modules/jest-circus/build/jestAdapterInit.js:1496:10)
    at _callCircusTest (/app/client/node_modules/jest-circus/build/jestAdapterInit.js:1006:40)
    at processTicksAndRejections (node:internal/process/task_queues:105:5)
    at _runTest (/app/client/node_modules/jest-circus/build/jestAdapterInit.js:946:3)
    at _runTestsForDescribeBlock (/app/client/node_modules/jest-circus/build/jestAdapterInit.js:839:13)
    at _runTestsForDescribeBlock (/app/client/node_modules/jest-circus/build/jestAdapterInit.js:829:11)
    at run (/app/client/node_modules/jest-circus/build/jestAdapterInit.js:757:3)
    at runAndTransformResultsToJestFormat (/app/client/node_modules/jest-circus/build/jestAdapterInit.js:1917:21)
    at jestAdapter (/app/client/node_modules/jest-circus/build/runner.js:101:19)
    at runTestInternal (/app/client/node_modules/jest-runner/build/testWorker.js:275:16)
    at runTest (/app/client/node_modules/jest-runner/build/testWorker.js:343:7)
    at Object.worker (/app/client/node_modules/jest-runner/build/testWorker.js:497:12)</failure>
    </testcase>
    <testcase classname="EnhancedAIAssistant" name="disables voice button when voice is not enabled" time="0.042">
      <failure>TypeError: messagesEndRef.current?.scrollTo is not a function
    at /app/client/src/components/ai-enhanced/EnhancedAIAssistant.tsx:218:29
    at commitHookEffectListMount (/app/client/node_modules/react-dom/cjs/react-dom.development.js:23189:26)
    at commitPassiveMountOnFiber (/app/client/node_modules/react-dom/cjs/react-dom.development.js:24970:11)
    at commitPassiveMountEffects_complete (/app/client/node_modules/react-dom/cjs/react-dom.development.js:24930:9)
    at commitPassiveMountEffects_begin (/app/client/node_modules/react-dom/cjs/react-dom.development.js:24917:7)
    at commitPassiveMountEffects (/app/client/node_modules/react-dom/cjs/react-dom.development.js:24905:3)
    at flushPassiveEffectsImpl (/app/client/node_modules/react-dom/cjs/react-dom.development.js:27078:3)
    at flushPassiveEffects (/app/client/node_modules/react-dom/cjs/react-dom.development.js:27023:14)
    at /app/client/node_modules/react-dom/cjs/react-dom.development.js:26808:9
    at flushActQueue (/app/client/node_modules/react/cjs/react.development.js:2667:24)
    at act (/app/client/node_modules/react/cjs/react.development.js:2582:11)
    at actWithWarning (/app/client/node_modules/react-dom/cjs/react-dom-test-utils.development.js:1740:10)
    at /app/client/node_modules/@testing-library/react/dist/act-compat.js:63:25
    at renderRoot (/app/client/node_modules/@testing-library/react/dist/pure.js:159:26)
    at render (/app/client/node_modules/@testing-library/react/dist/pure.js:246:10)
    at renderWithTheme (/app/client/src/components/ai-enhanced/__tests__/EnhancedAIAssistant.test.tsx:27:16)
    at Object.&lt;anonymous&gt; (/app/client/src/components/ai-enhanced/__tests__/EnhancedAIAssistant.test.tsx:259:5)
    at Promise.finally.completed (/app/client/node_modules/jest-circus/build/jestAdapterInit.js:1556:28)
    at new Promise (&lt;anonymous&gt;)
    at callAsyncCircusFn (/app/client/node_modules/jest-circus/build/jestAdapterInit.js:1496:10)
    at _callCircusTest (/app/client/node_modules/jest-circus/build/jestAdapterInit.js:1006:40)
    at processTicksAndRejections (node:internal/process/task_queues:105:5)
    at _runTest (/app/client/node_modules/jest-circus/build/jestAdapterInit.js:946:3)
    at _runTestsForDescribeBlock (/app/client/node_modules/jest-circus/build/jestAdapterInit.js:839:13)
    at _runTestsForDescribeBlock (/app/client/node_modules/jest-circus/build/jestAdapterInit.js:829:11)
    at run (/app/client/node_modules/jest-circus/build/jestAdapterInit.js:757:3)
    at runAndTransformResultsToJestFormat (/app/client/node_modules/jest-circus/build/jestAdapterInit.js:1917:21)
    at jestAdapter (/app/client/node_modules/jest-circus/build/runner.js:101:19)
    at runTestInternal (/app/client/node_modules/jest-runner/build/testWorker.js:275:16)
    at runTest (/app/client/node_modules/jest-runner/build/testWorker.js:343:7)
    at Object.worker (/app/client/node_modules/jest-runner/build/testWorker.js:497:12)</failure>
    </testcase>
    <testcase classname="EnhancedAIAssistant" name="prevents empty messages from being sent" time="0.051">
      <failure>TypeError: messagesEndRef.current?.scrollTo is not a function
    at /app/client/src/components/ai-enhanced/EnhancedAIAssistant.tsx:218:29
    at commitHookEffectListMount (/app/client/node_modules/react-dom/cjs/react-dom.development.js:23189:26)
    at commitPassiveMountOnFiber (/app/client/node_modules/react-dom/cjs/react-dom.development.js:24970:11)
    at commitPassiveMountEffects_complete (/app/client/node_modules/react-dom/cjs/react-dom.development.js:24930:9)
    at commitPassiveMountEffects_begin (/app/client/node_modules/react-dom/cjs/react-dom.development.js:24917:7)
    at commitPassiveMountEffects (/app/client/node_modules/react-dom/cjs/react-dom.development.js:24905:3)
    at flushPassiveEffectsImpl (/app/client/node_modules/react-dom/cjs/react-dom.development.js:27078:3)
    at flushPassiveEffects (/app/client/node_modules/react-dom/cjs/react-dom.development.js:27023:14)
    at /app/client/node_modules/react-dom/cjs/react-dom.development.js:26808:9
    at flushActQueue (/app/client/node_modules/react/cjs/react.development.js:2667:24)
    at act (/app/client/node_modules/react/cjs/react.development.js:2582:11)
    at actWithWarning (/app/client/node_modules/react-dom/cjs/react-dom-test-utils.development.js:1740:10)
    at /app/client/node_modules/@testing-library/react/dist/act-compat.js:63:25
    at renderRoot (/app/client/node_modules/@testing-library/react/dist/pure.js:159:26)
    at render (/app/client/node_modules/@testing-library/react/dist/pure.js:246:10)
    at renderWithTheme (/app/client/src/components/ai-enhanced/__tests__/EnhancedAIAssistant.test.tsx:27:16)
    at Object.&lt;anonymous&gt; (/app/client/src/components/ai-enhanced/__tests__/EnhancedAIAssistant.test.tsx:269:5)
    at Promise.finally.completed (/app/client/node_modules/jest-circus/build/jestAdapterInit.js:1556:28)
    at new Promise (&lt;anonymous&gt;)
    at callAsyncCircusFn (/app/client/node_modules/jest-circus/build/jestAdapterInit.js:1496:10)
    at _callCircusTest (/app/client/node_modules/jest-circus/build/jestAdapterInit.js:1006:40)
    at processTicksAndRejections (node:internal/process/task_queues:105:5)
    at _runTest (/app/client/node_modules/jest-circus/build/jestAdapterInit.js:946:3)
    at _runTestsForDescribeBlock (/app/client/node_modules/jest-circus/build/jestAdapterInit.js:839:13)
    at _runTestsForDescribeBlock (/app/client/node_modules/jest-circus/build/jestAdapterInit.js:829:11)
    at run (/app/client/node_modules/jest-circus/build/jestAdapterInit.js:757:3)
    at runAndTransformResultsToJestFormat (/app/client/node_modules/jest-circus/build/jestAdapterInit.js:1917:21)
    at jestAdapter (/app/client/node_modules/jest-circus/build/runner.js:101:19)
    at runTestInternal (/app/client/node_modules/jest-runner/build/testWorker.js:275:16)
    at runTest (/app/client/node_modules/jest-runner/build/testWorker.js:343:7)
    at Object.worker (/app/client/node_modules/jest-runner/build/testWorker.js:497:12)</failure>
    </testcase>
    <testcase classname="EnhancedAIAssistant" name="handles multiline input correctly" time="0.035">
      <failure>TypeError: messagesEndRef.current?.scrollTo is not a function
    at /app/client/src/components/ai-enhanced/EnhancedAIAssistant.tsx:218:29
    at commitHookEffectListMount (/app/client/node_modules/react-dom/cjs/react-dom.development.js:23189:26)
    at commitPassiveMountOnFiber (/app/client/node_modules/react-dom/cjs/react-dom.development.js:24970:11)
    at commitPassiveMountEffects_complete (/app/client/node_modules/react-dom/cjs/react-dom.development.js:24930:9)
    at commitPassiveMountEffects_begin (/app/client/node_modules/react-dom/cjs/react-dom.development.js:24917:7)
    at commitPassiveMountEffects (/app/client/node_modules/react-dom/cjs/react-dom.development.js:24905:3)
    at flushPassiveEffectsImpl (/app/client/node_modules/react-dom/cjs/react-dom.development.js:27078:3)
    at flushPassiveEffects (/app/client/node_modules/react-dom/cjs/react-dom.development.js:27023:14)
    at /app/client/node_modules/react-dom/cjs/react-dom.development.js:26808:9
    at flushActQueue (/app/client/node_modules/react/cjs/react.development.js:2667:24)
    at act (/app/client/node_modules/react/cjs/react.development.js:2582:11)
    at actWithWarning (/app/client/node_modules/react-dom/cjs/react-dom-test-utils.development.js:1740:10)
    at /app/client/node_modules/@testing-library/react/dist/act-compat.js:63:25
    at renderRoot (/app/client/node_modules/@testing-library/react/dist/pure.js:159:26)
    at render (/app/client/node_modules/@testing-library/react/dist/pure.js:246:10)
    at renderWithTheme (/app/client/src/components/ai-enhanced/__tests__/EnhancedAIAssistant.test.tsx:27:16)
    at Object.&lt;anonymous&gt; (/app/client/src/components/ai-enhanced/__tests__/EnhancedAIAssistant.test.tsx:291:5)
    at Promise.finally.completed (/app/client/node_modules/jest-circus/build/jestAdapterInit.js:1556:28)
    at new Promise (&lt;anonymous&gt;)
    at callAsyncCircusFn (/app/client/node_modules/jest-circus/build/jestAdapterInit.js:1496:10)
    at _callCircusTest (/app/client/node_modules/jest-circus/build/jestAdapterInit.js:1006:40)
    at processTicksAndRejections (node:internal/process/task_queues:105:5)
    at _runTest (/app/client/node_modules/jest-circus/build/jestAdapterInit.js:946:3)
    at _runTestsForDescribeBlock (/app/client/node_modules/jest-circus/build/jestAdapterInit.js:839:13)
    at _runTestsForDescribeBlock (/app/client/node_modules/jest-circus/build/jestAdapterInit.js:829:11)
    at run (/app/client/node_modules/jest-circus/build/jestAdapterInit.js:757:3)
    at runAndTransformResultsToJestFormat (/app/client/node_modules/jest-circus/build/jestAdapterInit.js:1917:21)
    at jestAdapter (/app/client/node_modules/jest-circus/build/runner.js:101:19)
    at runTestInternal (/app/client/node_modules/jest-runner/build/testWorker.js:275:16)
    at runTest (/app/client/node_modules/jest-runner/build/testWorker.js:343:7)
    at Object.worker (/app/client/node_modules/jest-runner/build/testWorker.js:497:12)</failure>
    </testcase>
    <testcase classname="EnhancedAIAssistant" name="allows copying message content" time="0.033">
      <failure>TypeError: messagesEndRef.current?.scrollTo is not a function
    at /app/client/src/components/ai-enhanced/EnhancedAIAssistant.tsx:218:29
    at commitHookEffectListMount (/app/client/node_modules/react-dom/cjs/react-dom.development.js:23189:26)
    at commitPassiveMountOnFiber (/app/client/node_modules/react-dom/cjs/react-dom.development.js:24970:11)
    at commitPassiveMountEffects_complete (/app/client/node_modules/react-dom/cjs/react-dom.development.js:24930:9)
    at commitPassiveMountEffects_begin (/app/client/node_modules/react-dom/cjs/react-dom.development.js:24917:7)
    at commitPassiveMountEffects (/app/client/node_modules/react-dom/cjs/react-dom.development.js:24905:3)
    at flushPassiveEffectsImpl (/app/client/node_modules/react-dom/cjs/react-dom.development.js:27078:3)
    at flushPassiveEffects (/app/client/node_modules/react-dom/cjs/react-dom.development.js:27023:14)
    at /app/client/node_modules/react-dom/cjs/react-dom.development.js:26808:9
    at flushActQueue (/app/client/node_modules/react/cjs/react.development.js:2667:24)
    at act (/app/client/node_modules/react/cjs/react.development.js:2582:11)
    at actWithWarning (/app/client/node_modules/react-dom/cjs/react-dom-test-utils.development.js:1740:10)
    at /app/client/node_modules/@testing-library/react/dist/act-compat.js:63:25
    at renderRoot (/app/client/node_modules/@testing-library/react/dist/pure.js:159:26)
    at render (/app/client/node_modules/@testing-library/react/dist/pure.js:246:10)
    at renderWithTheme (/app/client/src/components/ai-enhanced/__tests__/EnhancedAIAssistant.test.tsx:27:16)
    at Object.&lt;anonymous&gt; (/app/client/src/components/ai-enhanced/__tests__/EnhancedAIAssistant.test.tsx:326:5)
    at Promise.finally.completed (/app/client/node_modules/jest-circus/build/jestAdapterInit.js:1556:28)
    at new Promise (&lt;anonymous&gt;)
    at callAsyncCircusFn (/app/client/node_modules/jest-circus/build/jestAdapterInit.js:1496:10)
    at _callCircusTest (/app/client/node_modules/jest-circus/build/jestAdapterInit.js:1006:40)
    at processTicksAndRejections (node:internal/process/task_queues:105:5)
    at _runTest (/app/client/node_modules/jest-circus/build/jestAdapterInit.js:946:3)
    at _runTestsForDescribeBlock (/app/client/node_modules/jest-circus/build/jestAdapterInit.js:839:13)
    at _runTestsForDescribeBlock (/app/client/node_modules/jest-circus/build/jestAdapterInit.js:829:11)
    at run (/app/client/node_modules/jest-circus/build/jestAdapterInit.js:757:3)
    at runAndTransformResultsToJestFormat (/app/client/node_modules/jest-circus/build/jestAdapterInit.js:1917:21)
    at jestAdapter (/app/client/node_modules/jest-circus/build/runner.js:101:19)
    at runTestInternal (/app/client/node_modules/jest-runner/build/testWorker.js:275:16)
    at runTest (/app/client/node_modules/jest-runner/build/testWorker.js:343:7)
    at Object.worker (/app/client/node_modules/jest-runner/build/testWorker.js:497:12)</failure>
    </testcase>
    <testcase classname="EnhancedAIAssistant" name="has proper accessibility attributes" time="0.034">
      <failure>TypeError: messagesEndRef.current?.scrollTo is not a function
    at /app/client/src/components/ai-enhanced/EnhancedAIAssistant.tsx:218:29
    at commitHookEffectListMount (/app/client/node_modules/react-dom/cjs/react-dom.development.js:23189:26)
    at commitPassiveMountOnFiber (/app/client/node_modules/react-dom/cjs/react-dom.development.js:24970:11)
    at commitPassiveMountEffects_complete (/app/client/node_modules/react-dom/cjs/react-dom.development.js:24930:9)
    at commitPassiveMountEffects_begin (/app/client/node_modules/react-dom/cjs/react-dom.development.js:24917:7)
    at commitPassiveMountEffects (/app/client/node_modules/react-dom/cjs/react-dom.development.js:24905:3)
    at flushPassiveEffectsImpl (/app/client/node_modules/react-dom/cjs/react-dom.development.js:27078:3)
    at flushPassiveEffects (/app/client/node_modules/react-dom/cjs/react-dom.development.js:27023:14)
    at /app/client/node_modules/react-dom/cjs/react-dom.development.js:26808:9
    at flushActQueue (/app/client/node_modules/react/cjs/react.development.js:2667:24)
    at act (/app/client/node_modules/react/cjs/react.development.js:2582:11)
    at actWithWarning (/app/client/node_modules/react-dom/cjs/react-dom-test-utils.development.js:1740:10)
    at /app/client/node_modules/@testing-library/react/dist/act-compat.js:63:25
    at renderRoot (/app/client/node_modules/@testing-library/react/dist/pure.js:159:26)
    at render (/app/client/node_modules/@testing-library/react/dist/pure.js:246:10)
    at renderWithTheme (/app/client/src/components/ai-enhanced/__tests__/EnhancedAIAssistant.test.tsx:27:16)
    at Object.&lt;anonymous&gt; (/app/client/src/components/ai-enhanced/__tests__/EnhancedAIAssistant.test.tsx:340:5)
    at Promise.finally.completed (/app/client/node_modules/jest-circus/build/jestAdapterInit.js:1556:28)
    at new Promise (&lt;anonymous&gt;)
    at callAsyncCircusFn (/app/client/node_modules/jest-circus/build/jestAdapterInit.js:1496:10)
    at _callCircusTest (/app/client/node_modules/jest-circus/build/jestAdapterInit.js:1006:40)
    at processTicksAndRejections (node:internal/process/task_queues:105:5)
    at _runTest (/app/client/node_modules/jest-circus/build/jestAdapterInit.js:946:3)
    at _runTestsForDescribeBlock (/app/client/node_modules/jest-circus/build/jestAdapterInit.js:839:13)
    at _runTestsForDescribeBlock (/app/client/node_modules/jest-circus/build/jestAdapterInit.js:829:11)
    at run (/app/client/node_modules/jest-circus/build/jestAdapterInit.js:757:3)
    at runAndTransformResultsToJestFormat (/app/client/node_modules/jest-circus/build/jestAdapterInit.js:1917:21)
    at jestAdapter (/app/client/node_modules/jest-circus/build/runner.js:101:19)
    at runTestInternal (/app/client/node_modules/jest-runner/build/testWorker.js:275:16)
    at runTest (/app/client/node_modules/jest-runner/build/testWorker.js:343:7)
    at Object.worker (/app/client/node_modules/jest-runner/build/testWorker.js:497:12)</failure>
    </testcase>
    <testcase classname="EnhancedAIAssistant" name="shows proper ARIA structure for messages" time="0.034">
      <failure>TypeError: messagesEndRef.current?.scrollTo is not a function
    at /app/client/src/components/ai-enhanced/EnhancedAIAssistant.tsx:218:29
    at commitHookEffectListMount (/app/client/node_modules/react-dom/cjs/react-dom.development.js:23189:26)
    at commitPassiveMountOnFiber (/app/client/node_modules/react-dom/cjs/react-dom.development.js:24970:11)
    at commitPassiveMountEffects_complete (/app/client/node_modules/react-dom/cjs/react-dom.development.js:24930:9)
    at commitPassiveMountEffects_begin (/app/client/node_modules/react-dom/cjs/react-dom.development.js:24917:7)
    at commitPassiveMountEffects (/app/client/node_modules/react-dom/cjs/react-dom.development.js:24905:3)
    at flushPassiveEffectsImpl (/app/client/node_modules/react-dom/cjs/react-dom.development.js:27078:3)
    at flushPassiveEffects (/app/client/node_modules/react-dom/cjs/react-dom.development.js:27023:14)
    at /app/client/node_modules/react-dom/cjs/react-dom.development.js:26808:9
    at flushActQueue (/app/client/node_modules/react/cjs/react.development.js:2667:24)
    at act (/app/client/node_modules/react/cjs/react.development.js:2582:11)
    at actWithWarning (/app/client/node_modules/react-dom/cjs/react-dom-test-utils.development.js:1740:10)
    at /app/client/node_modules/@testing-library/react/dist/act-compat.js:63:25
    at renderRoot (/app/client/node_modules/@testing-library/react/dist/pure.js:159:26)
    at render (/app/client/node_modules/@testing-library/react/dist/pure.js:246:10)
    at renderWithTheme (/app/client/src/components/ai-enhanced/__tests__/EnhancedAIAssistant.test.tsx:27:16)
    at Object.&lt;anonymous&gt; (/app/client/src/components/ai-enhanced/__tests__/EnhancedAIAssistant.test.tsx:361:5)
    at Promise.finally.completed (/app/client/node_modules/jest-circus/build/jestAdapterInit.js:1556:28)
    at new Promise (&lt;anonymous&gt;)
    at callAsyncCircusFn (/app/client/node_modules/jest-circus/build/jestAdapterInit.js:1496:10)
    at _callCircusTest (/app/client/node_modules/jest-circus/build/jestAdapterInit.js:1006:40)
    at processTicksAndRejections (node:internal/process/task_queues:105:5)
    at _runTest (/app/client/node_modules/jest-circus/build/jestAdapterInit.js:946:3)
    at _runTestsForDescribeBlock (/app/client/node_modules/jest-circus/build/jestAdapterInit.js:839:13)
    at _runTestsForDescribeBlock (/app/client/node_modules/jest-circus/build/jestAdapterInit.js:829:11)
    at run (/app/client/node_modules/jest-circus/build/jestAdapterInit.js:757:3)
    at runAndTransformResultsToJestFormat (/app/client/node_modules/jest-circus/build/jestAdapterInit.js:1917:21)
    at jestAdapter (/app/client/node_modules/jest-circus/build/runner.js:101:19)
    at runTestInternal (/app/client/node_modules/jest-runner/build/testWorker.js:275:16)
    at runTest (/app/client/node_modules/jest-runner/build/testWorker.js:343:7)
    at Object.worker (/app/client/node_modules/jest-runner/build/testWorker.js:497:12)</failure>
    </testcase>
    <testcase classname="EnhancedAIAssistant" name="legacy fallback streams and completes to idle" time="0">
      <failure>ReferenceError: TextEncoder is not defined
    at installStreamingFetchMock (/app/client/src/components/ai-enhanced/test-utils/fetch.ts:2:19)
    at Object.&lt;anonymous&gt; (/app/client/src/components/ai-enhanced/__tests__/EnhancedAIAssistant.test.tsx:392:30)
    at Promise.finally.completed (/app/client/node_modules/jest-circus/build/jestAdapterInit.js:1556:28)
    at new Promise (&lt;anonymous&gt;)
    at callAsyncCircusFn (/app/client/node_modules/jest-circus/build/jestAdapterInit.js:1496:10)
    at _callCircusTest (/app/client/node_modules/jest-circus/build/jestAdapterInit.js:1006:40)
    at processTicksAndRejections (node:internal/process/task_queues:105:5)
    at _runTest (/app/client/node_modules/jest-circus/build/jestAdapterInit.js:946:3)
    at _runTestsForDescribeBlock (/app/client/node_modules/jest-circus/build/jestAdapterInit.js:839:13)
    at _runTestsForDescribeBlock (/app/client/node_modules/jest-circus/build/jestAdapterInit.js:829:11)
    at run (/app/client/node_modules/jest-circus/build/jestAdapterInit.js:757:3)
    at runAndTransformResultsToJestFormat (/app/client/node_modules/jest-circus/build/jestAdapterInit.js:1917:21)
    at jestAdapter (/app/client/node_modules/jest-circus/build/runner.js:101:19)
    at runTestInternal (/app/client/node_modules/jest-runner/build/testWorker.js:275:16)
    at runTest (/app/client/node_modules/jest-runner/build/testWorker.js:343:7)
    at Object.worker (/app/client/node_modules/jest-runner/build/testWorker.js:497:12)</failure>
    </testcase>
    <testcase classname="EnhancedAIAssistant" name="displays &quot;cannot confirm&quot; message when RAG is strict and no cites are provided" time="0.038">
      <failure>TypeError: messagesEndRef.current?.scrollTo is not a function
    at /app/client/src/components/ai-enhanced/EnhancedAIAssistant.tsx:218:29
    at commitHookEffectListMount (/app/client/node_modules/react-dom/cjs/react-dom.development.js:23189:26)
    at commitPassiveMountOnFiber (/app/client/node_modules/react-dom/cjs/react-dom.development.js:24970:11)
    at commitPassiveMountEffects_complete (/app/client/node_modules/react-dom/cjs/react-dom.development.js:24930:9)
    at commitPassiveMountEffects_begin (/app/client/node_modules/react-dom/cjs/react-dom.development.js:24917:7)
    at commitPassiveMountEffects (/app/client/node_modules/react-dom/cjs/react-dom.development.js:24905:3)
    at flushPassiveEffectsImpl (/app/client/node_modules/react-dom/cjs/react-dom.development.js:27078:3)
    at flushPassiveEffects (/app/client/node_modules/react-dom/cjs/react-dom.development.js:27023:14)
    at /app/client/node_modules/react-dom/cjs/react-dom.development.js:26808:9
    at flushActQueue (/app/client/node_modules/react/cjs/react.development.js:2667:24)
    at act (/app/client/node_modules/react/cjs/react.development.js:2582:11)
    at actWithWarning (/app/client/node_modules/react-dom/cjs/react-dom-test-utils.development.js:1740:10)
    at /app/client/node_modules/@testing-library/react/dist/act-compat.js:63:25
    at renderRoot (/app/client/node_modules/@testing-library/react/dist/pure.js:159:26)
    at render (/app/client/node_modules/@testing-library/react/dist/pure.js:246:10)
    at renderWithTheme (/app/client/src/components/ai-enhanced/__tests__/EnhancedAIAssistant.test.tsx:27:16)
    at Object.&lt;anonymous&gt; (/app/client/src/components/ai-enhanced/__tests__/EnhancedAIAssistant.test.tsx:418:5)
    at Promise.finally.completed (/app/client/node_modules/jest-circus/build/jestAdapterInit.js:1556:28)
    at new Promise (&lt;anonymous&gt;)
    at callAsyncCircusFn (/app/client/node_modules/jest-circus/build/jestAdapterInit.js:1496:10)
    at _callCircusTest (/app/client/node_modules/jest-circus/build/jestAdapterInit.js:1006:40)
    at processTicksAndRejections (node:internal/process/task_queues:105:5)
    at _runTest (/app/client/node_modules/jest-circus/build/jestAdapterInit.js:946:3)
    at _runTestsForDescribeBlock (/app/client/node_modules/jest-circus/build/jestAdapterInit.js:839:13)
    at _runTestsForDescribeBlock (/app/client/node_modules/jest-circus/build/jestAdapterInit.js:829:11)
    at run (/app/client/node_modules/jest-circus/build/jestAdapterInit.js:757:3)
    at runAndTransformResultsToJestFormat (/app/client/node_modules/jest-circus/build/jestAdapterInit.js:1917:21)
    at jestAdapter (/app/client/node_modules/jest-circus/build/runner.js:101:19)
    at runTestInternal (/app/client/node_modules/jest-runner/build/testWorker.js:275:16)
    at runTest (/app/client/node_modules/jest-runner/build/testWorker.js:343:7)
    at Object.worker (/app/client/node_modules/jest-runner/build/testWorker.js:497:12)</failure>
    </testcase>
  </testsuite>
  <testsuite name="ToastContainer" errors="0" failures="0" skipped="0" timestamp="2025-12-04T06:53:01" time="0.528" tests="16">
    <testcase classname="ToastContainer" name="renders toast provider without errors" time="0.013">
    </testcase>
    <testcase classname="ToastContainer" name="adds and displays a toast" time="0.04">
    </testcase>
    <testcase classname="ToastContainer" name="displays different toast types with correct styling" time="0.047">
    </testcase>
    <testcase classname="ToastContainer" name="toast displays correct icons" time="0.015">
    </testcase>
    <testcase classname="ToastContainer" name="toast auto-dismisses after duration" time="0.019">
    </testcase>
    <testcase classname="ToastContainer" name="toast can be manually dismissed" time="0.024">
    </testcase>
    <testcase classname="ToastContainer" name="clear all toasts works" time="0.022">
    </testcase>
    <testcase classname="ToastContainer" name="respects maxToasts limit" time="0.034">
    </testcase>
    <testcase classname="ToastContainer" name="toast positioning works correctly" time="0.013">
    </testcase>
    <testcase classname="ToastContainer" name="toast with action button works" time="0.013">
    </testcase>
    <testcase classname="ToastContainer" name="toast animation classes are applied" time="0.009">
    </testcase>
    <testcase classname="ToastContainer" name="useToast throws error when used outside provider" time="0.003">
    </testcase>
    <testcase classname="ToastContainer Performance" name="handles rapid toast additions without performance issues" time="0.015">
    </testcase>
    <testcase classname="ToastContainer Performance" name="cleanup works properly when component unmounts" time="0.005">
    </testcase>
    <testcase classname="ToastContainer Accessibility" name="toast container has proper ARIA attributes" time="0.004">
    </testcase>
    <testcase classname="ToastContainer Accessibility" name="close button has proper screen reader text" time="0.007">
    </testcase>
  </testsuite>
  <testsuite name="AdvancedGraphInteractions" errors="0" failures="0" skipped="0" timestamp="2025-12-04T06:52:52" time="9.659" tests="19">
    <testcase classname="AdvancedGraphInteractions" name="renders component header with node and edge counts" time="0.193">
    </testcase>
    <testcase classname="AdvancedGraphInteractions" name="displays control buttons in header" time="0.202">
    </testcase>
    <testcase classname="AdvancedGraphInteractions" name="renders all navigation tabs" time="0.062">
    </testcase>
    <testcase classname="AdvancedGraphInteractions" name="displays network analysis metrics by default" time="0.065">
    </testcase>
    <testcase classname="AdvancedGraphInteractions" name="switches to filters tab when clicked" time="0.17">
    </testcase>
    <testcase classname="AdvancedGraphInteractions" name="switches to communities tab when clicked" time="0.077">
    </testcase>
    <testcase classname="AdvancedGraphInteractions" name="switches to pathfinding tab when clicked" time="0.113">
    </testcase>
    <testcase classname="AdvancedGraphInteractions" name="displays community detection button and handles click" time="0.253">
    </testcase>
    <testcase classname="AdvancedGraphInteractions" name="handles layout algorithm selection" time="0.233">
    </testcase>
    <testcase classname="AdvancedGraphInteractions" name="handles centrality threshold slider changes" time="0.136">
    </testcase>
    <testcase classname="AdvancedGraphInteractions" name="toggles show communities switch" time="0.151">
    </testcase>
    <testcase classname="AdvancedGraphInteractions" name="handles node type filter chips" time="0.125">
    </testcase>
    <testcase classname="AdvancedGraphInteractions" name="calls onNodeSelect when provided" time="0.041">
    </testcase>
    <testcase classname="AdvancedGraphInteractions" name="calls onAnalysisRun when community detection is triggered" time="0.102">
    </testcase>
    <testcase classname="AdvancedGraphInteractions" name="displays metric cards with proper formatting" time="0.043">
    </testcase>
    <testcase classname="AdvancedGraphInteractions" name="shows proper category chips for metrics" time="0.054">
    </testcase>
    <testcase classname="AdvancedGraphInteractions" name="handles empty node and edge arrays gracefully" time="0.052">
    </testcase>
    <testcase classname="AdvancedGraphInteractions" name="has proper accessibility attributes" time="0.087">
    </testcase>
    <testcase classname="AdvancedGraphInteractions" name="enables advanced features by default" time="0.046">
    </testcase>
  </testsuite>
  <testsuite name="PerformanceMonitor" errors="0" failures="12" skipped="0" timestamp="2025-12-04T06:53:02" time="0.38" tests="15">
    <testcase classname="PerformanceMonitor" name="renders performance indicator when enabled" time="0.04">
      <failure>TypeError: performance.getEntriesByType is not a function
    at /app/client/src/components/PerformanceMonitor.tsx:35:33
    at /app/client/src/components/PerformanceMonitor.tsx:78:28
    at commitHookEffectListMount (/app/client/node_modules/react-dom/cjs/react-dom.development.js:23189:26)
    at commitPassiveMountOnFiber (/app/client/node_modules/react-dom/cjs/react-dom.development.js:24970:11)
    at commitPassiveMountEffects_complete (/app/client/node_modules/react-dom/cjs/react-dom.development.js:24930:9)
    at commitPassiveMountEffects_begin (/app/client/node_modules/react-dom/cjs/react-dom.development.js:24917:7)
    at commitPassiveMountEffects (/app/client/node_modules/react-dom/cjs/react-dom.development.js:24905:3)
    at flushPassiveEffectsImpl (/app/client/node_modules/react-dom/cjs/react-dom.development.js:27078:3)
    at flushPassiveEffects (/app/client/node_modules/react-dom/cjs/react-dom.development.js:27023:14)
    at /app/client/node_modules/react-dom/cjs/react-dom.development.js:26808:9
    at flushActQueue (/app/client/node_modules/react/cjs/react.development.js:2667:24)
    at act (/app/client/node_modules/react/cjs/react.development.js:2582:11)
    at actWithWarning (/app/client/node_modules/react-dom/cjs/react-dom-test-utils.development.js:1740:10)
    at /app/client/node_modules/@testing-library/react/dist/act-compat.js:63:25
    at renderRoot (/app/client/node_modules/@testing-library/react/dist/pure.js:159:26)
    at render (/app/client/node_modules/@testing-library/react/dist/pure.js:246:10)
    at Object.&lt;anonymous&gt; (/app/client/src/components/__tests__/PerformanceMonitor.test.tsx:64:11)
    at Promise.finally.completed (/app/client/node_modules/jest-circus/build/jestAdapterInit.js:1556:28)
    at new Promise (&lt;anonymous&gt;)
    at callAsyncCircusFn (/app/client/node_modules/jest-circus/build/jestAdapterInit.js:1496:10)
    at _callCircusTest (/app/client/node_modules/jest-circus/build/jestAdapterInit.js:1006:40)
    at processTicksAndRejections (node:internal/process/task_queues:105:5)
    at _runTest (/app/client/node_modules/jest-circus/build/jestAdapterInit.js:946:3)
    at _runTestsForDescribeBlock (/app/client/node_modules/jest-circus/build/jestAdapterInit.js:839:13)
    at _runTestsForDescribeBlock (/app/client/node_modules/jest-circus/build/jestAdapterInit.js:829:11)
    at run (/app/client/node_modules/jest-circus/build/jestAdapterInit.js:757:3)
    at runAndTransformResultsToJestFormat (/app/client/node_modules/jest-circus/build/jestAdapterInit.js:1917:21)
    at jestAdapter (/app/client/node_modules/jest-circus/build/runner.js:101:19)
    at runTestInternal (/app/client/node_modules/jest-runner/build/testWorker.js:275:16)
    at runTest (/app/client/node_modules/jest-runner/build/testWorker.js:343:7)
    at Object.worker (/app/client/node_modules/jest-runner/build/testWorker.js:497:12)</failure>
      <failure>TypeError: performance.getEntriesByType is not a function
    at /app/client/src/components/PerformanceMonitor.tsx:35:33
    at /app/client/src/components/PerformanceMonitor.tsx:63:26
    at callTimer (/app/client/node_modules/@sinonjs/fake-timers/src/fake-timers-src.js:806:24)
    at doTickInner (/app/client/node_modules/@sinonjs/fake-timers/src/fake-timers-src.js:1413:29)
    at doTick (/app/client/node_modules/@sinonjs/fake-timers/src/fake-timers-src.js:1494:20)
    at Object.tick (/app/client/node_modules/@sinonjs/fake-timers/src/fake-timers-src.js:1502:20)
    at Object.runToLast (/app/client/node_modules/@sinonjs/fake-timers/src/fake-timers-src.js:1661:26)
    at FakeTimers.runOnlyPendingTimers (/app/client/node_modules/@jest/fake-timers/build/index.js:542:19)
    at Object.runOnlyPendingTimers (/app/client/node_modules/jest-runtime/build/index.js:1804:52)
    at Object.&lt;anonymous&gt; (/app/client/src/components/__tests__/PerformanceMonitor.test.tsx:58:10)
    at Promise.finally.completed (/app/client/node_modules/jest-circus/build/jestAdapterInit.js:1556:28)
    at new Promise (&lt;anonymous&gt;)
    at callAsyncCircusFn (/app/client/node_modules/jest-circus/build/jestAdapterInit.js:1496:10)
    at _callCircusHook (/app/client/node_modules/jest-circus/build/jestAdapterInit.js:975:40)
    at processTicksAndRejections (node:internal/process/task_queues:105:5)
    at _runTest (/app/client/node_modules/jest-circus/build/jestAdapterInit.js:948:5)
    at _runTestsForDescribeBlock (/app/client/node_modules/jest-circus/build/jestAdapterInit.js:839:13)
    at _runTestsForDescribeBlock (/app/client/node_modules/jest-circus/build/jestAdapterInit.js:829:11)
    at run (/app/client/node_modules/jest-circus/build/jestAdapterInit.js:757:3)
    at runAndTransformResultsToJestFormat (/app/client/node_modules/jest-circus/build/jestAdapterInit.js:1917:21)
    at jestAdapter (/app/client/node_modules/jest-circus/build/runner.js:101:19)
    at runTestInternal (/app/client/node_modules/jest-runner/build/testWorker.js:275:16)
    at runTest (/app/client/node_modules/jest-runner/build/testWorker.js:343:7)
    at Object.worker (/app/client/node_modules/jest-runner/build/testWorker.js:497:12)</failure>
    </testcase>
    <testcase classname="PerformanceMonitor" name="does not render when disabled" time="0.003">
    </testcase>
    <testcase classname="PerformanceMonitor" name="shows performance details when clicked" time="0.005">
      <failure>TypeError: performance.getEntriesByType is not a function
    at /app/client/src/components/PerformanceMonitor.tsx:35:33
    at /app/client/src/components/PerformanceMonitor.tsx:78:28
    at commitHookEffectListMount (/app/client/node_modules/react-dom/cjs/react-dom.development.js:23189:26)
    at commitPassiveMountOnFiber (/app/client/node_modules/react-dom/cjs/react-dom.development.js:24970:11)
    at commitPassiveMountEffects_complete (/app/client/node_modules/react-dom/cjs/react-dom.development.js:24930:9)
    at commitPassiveMountEffects_begin (/app/client/node_modules/react-dom/cjs/react-dom.development.js:24917:7)
    at commitPassiveMountEffects (/app/client/node_modules/react-dom/cjs/react-dom.development.js:24905:3)
    at flushPassiveEffectsImpl (/app/client/node_modules/react-dom/cjs/react-dom.development.js:27078:3)
    at flushPassiveEffects (/app/client/node_modules/react-dom/cjs/react-dom.development.js:27023:14)
    at /app/client/node_modules/react-dom/cjs/react-dom.development.js:26808:9
    at flushActQueue (/app/client/node_modules/react/cjs/react.development.js:2667:24)
    at act (/app/client/node_modules/react/cjs/react.development.js:2582:11)
    at actWithWarning (/app/client/node_modules/react-dom/cjs/react-dom-test-utils.development.js:1740:10)
    at /app/client/node_modules/@testing-library/react/dist/act-compat.js:63:25
    at renderRoot (/app/client/node_modules/@testing-library/react/dist/pure.js:159:26)
    at render (/app/client/node_modules/@testing-library/react/dist/pure.js:246:10)
    at Object.&lt;anonymous&gt; (/app/client/src/components/__tests__/PerformanceMonitor.test.tsx:77:11)
    at Promise.finally.completed (/app/client/node_modules/jest-circus/build/jestAdapterInit.js:1556:28)
    at new Promise (&lt;anonymous&gt;)
    at callAsyncCircusFn (/app/client/node_modules/jest-circus/build/jestAdapterInit.js:1496:10)
    at _callCircusTest (/app/client/node_modules/jest-circus/build/jestAdapterInit.js:1006:40)
    at processTicksAndRejections (node:internal/process/task_queues:105:5)
    at _runTest (/app/client/node_modules/jest-circus/build/jestAdapterInit.js:946:3)
    at _runTestsForDescribeBlock (/app/client/node_modules/jest-circus/build/jestAdapterInit.js:839:13)
    at _runTestsForDescribeBlock (/app/client/node_modules/jest-circus/build/jestAdapterInit.js:829:11)
    at run (/app/client/node_modules/jest-circus/build/jestAdapterInit.js:757:3)
    at runAndTransformResultsToJestFormat (/app/client/node_modules/jest-circus/build/jestAdapterInit.js:1917:21)
    at jestAdapter (/app/client/node_modules/jest-circus/build/runner.js:101:19)
    at runTestInternal (/app/client/node_modules/jest-runner/build/testWorker.js:275:16)
    at runTest (/app/client/node_modules/jest-runner/build/testWorker.js:343:7)
    at Object.worker (/app/client/node_modules/jest-runner/build/testWorker.js:497:12)</failure>
      <failure>TypeError: performance.getEntriesByType is not a function
    at /app/client/src/components/PerformanceMonitor.tsx:35:33
    at /app/client/src/components/PerformanceMonitor.tsx:63:26
    at callTimer (/app/client/node_modules/@sinonjs/fake-timers/src/fake-timers-src.js:806:24)
    at doTickInner (/app/client/node_modules/@sinonjs/fake-timers/src/fake-timers-src.js:1413:29)
    at doTick (/app/client/node_modules/@sinonjs/fake-timers/src/fake-timers-src.js:1494:20)
    at Object.tick (/app/client/node_modules/@sinonjs/fake-timers/src/fake-timers-src.js:1502:20)
    at Object.runToLast (/app/client/node_modules/@sinonjs/fake-timers/src/fake-timers-src.js:1661:26)
    at FakeTimers.runOnlyPendingTimers (/app/client/node_modules/@jest/fake-timers/build/index.js:542:19)
    at Object.runOnlyPendingTimers (/app/client/node_modules/jest-runtime/build/index.js:1804:52)
    at Object.&lt;anonymous&gt; (/app/client/src/components/__tests__/PerformanceMonitor.test.tsx:58:10)
    at Promise.finally.completed (/app/client/node_modules/jest-circus/build/jestAdapterInit.js:1556:28)
    at new Promise (&lt;anonymous&gt;)
    at callAsyncCircusFn (/app/client/node_modules/jest-circus/build/jestAdapterInit.js:1496:10)
    at _callCircusHook (/app/client/node_modules/jest-circus/build/jestAdapterInit.js:975:40)
    at processTicksAndRejections (node:internal/process/task_queues:105:5)
    at _runTest (/app/client/node_modules/jest-circus/build/jestAdapterInit.js:948:5)
    at _runTestsForDescribeBlock (/app/client/node_modules/jest-circus/build/jestAdapterInit.js:839:13)
    at _runTestsForDescribeBlock (/app/client/node_modules/jest-circus/build/jestAdapterInit.js:829:11)
    at run (/app/client/node_modules/jest-circus/build/jestAdapterInit.js:757:3)
    at runAndTransformResultsToJestFormat (/app/client/node_modules/jest-circus/build/jestAdapterInit.js:1917:21)
    at jestAdapter (/app/client/node_modules/jest-circus/build/runner.js:101:19)
    at runTestInternal (/app/client/node_modules/jest-runner/build/testWorker.js:275:16)
    at runTest (/app/client/node_modules/jest-runner/build/testWorker.js:343:7)
    at Object.worker (/app/client/node_modules/jest-runner/build/testWorker.js:497:12)</failure>
    </testcase>
    <testcase classname="PerformanceMonitor" name="collects metrics at specified intervals" time="0.005">
      <failure>TypeError: performance.getEntriesByType is not a function
    at /app/client/src/components/PerformanceMonitor.tsx:35:33
    at /app/client/src/components/PerformanceMonitor.tsx:78:28
    at commitHookEffectListMount (/app/client/node_modules/react-dom/cjs/react-dom.development.js:23189:26)
    at commitPassiveMountOnFiber (/app/client/node_modules/react-dom/cjs/react-dom.development.js:24970:11)
    at commitPassiveMountEffects_complete (/app/client/node_modules/react-dom/cjs/react-dom.development.js:24930:9)
    at commitPassiveMountEffects_begin (/app/client/node_modules/react-dom/cjs/react-dom.development.js:24917:7)
    at commitPassiveMountEffects (/app/client/node_modules/react-dom/cjs/react-dom.development.js:24905:3)
    at flushPassiveEffectsImpl (/app/client/node_modules/react-dom/cjs/react-dom.development.js:27078:3)
    at flushPassiveEffects (/app/client/node_modules/react-dom/cjs/react-dom.development.js:27023:14)
    at /app/client/node_modules/react-dom/cjs/react-dom.development.js:26808:9
    at flushActQueue (/app/client/node_modules/react/cjs/react.development.js:2667:24)
    at act (/app/client/node_modules/react/cjs/react.development.js:2582:11)
    at actWithWarning (/app/client/node_modules/react-dom/cjs/react-dom-test-utils.development.js:1740:10)
    at /app/client/node_modules/@testing-library/react/dist/act-compat.js:63:25
    at renderRoot (/app/client/node_modules/@testing-library/react/dist/pure.js:159:26)
    at render (/app/client/node_modules/@testing-library/react/dist/pure.js:246:10)
    at Object.&lt;anonymous&gt; (/app/client/src/components/__tests__/PerformanceMonitor.test.tsx:92:11)
    at Promise.finally.completed (/app/client/node_modules/jest-circus/build/jestAdapterInit.js:1556:28)
    at new Promise (&lt;anonymous&gt;)
    at callAsyncCircusFn (/app/client/node_modules/jest-circus/build/jestAdapterInit.js:1496:10)
    at _callCircusTest (/app/client/node_modules/jest-circus/build/jestAdapterInit.js:1006:40)
    at processTicksAndRejections (node:internal/process/task_queues:105:5)
    at _runTest (/app/client/node_modules/jest-circus/build/jestAdapterInit.js:946:3)
    at _runTestsForDescribeBlock (/app/client/node_modules/jest-circus/build/jestAdapterInit.js:839:13)
    at _runTestsForDescribeBlock (/app/client/node_modules/jest-circus/build/jestAdapterInit.js:829:11)
    at run (/app/client/node_modules/jest-circus/build/jestAdapterInit.js:757:3)
    at runAndTransformResultsToJestFormat (/app/client/node_modules/jest-circus/build/jestAdapterInit.js:1917:21)
    at jestAdapter (/app/client/node_modules/jest-circus/build/runner.js:101:19)
    at runTestInternal (/app/client/node_modules/jest-runner/build/testWorker.js:275:16)
    at runTest (/app/client/node_modules/jest-runner/build/testWorker.js:343:7)
    at Object.worker (/app/client/node_modules/jest-runner/build/testWorker.js:497:12)</failure>
      <failure>TypeError: performance.getEntriesByType is not a function
    at /app/client/src/components/PerformanceMonitor.tsx:35:33
    at /app/client/src/components/PerformanceMonitor.tsx:63:26
    at callTimer (/app/client/node_modules/@sinonjs/fake-timers/src/fake-timers-src.js:806:24)
    at doTickInner (/app/client/node_modules/@sinonjs/fake-timers/src/fake-timers-src.js:1413:29)
    at doTick (/app/client/node_modules/@sinonjs/fake-timers/src/fake-timers-src.js:1494:20)
    at Object.tick (/app/client/node_modules/@sinonjs/fake-timers/src/fake-timers-src.js:1502:20)
    at Object.runToLast (/app/client/node_modules/@sinonjs/fake-timers/src/fake-timers-src.js:1661:26)
    at FakeTimers.runOnlyPendingTimers (/app/client/node_modules/@jest/fake-timers/build/index.js:542:19)
    at Object.runOnlyPendingTimers (/app/client/node_modules/jest-runtime/build/index.js:1804:52)
    at Object.&lt;anonymous&gt; (/app/client/src/components/__tests__/PerformanceMonitor.test.tsx:58:10)
    at Promise.finally.completed (/app/client/node_modules/jest-circus/build/jestAdapterInit.js:1556:28)
    at new Promise (&lt;anonymous&gt;)
    at callAsyncCircusFn (/app/client/node_modules/jest-circus/build/jestAdapterInit.js:1496:10)
    at _callCircusHook (/app/client/node_modules/jest-circus/build/jestAdapterInit.js:975:40)
    at processTicksAndRejections (node:internal/process/task_queues:105:5)
    at _runTest (/app/client/node_modules/jest-circus/build/jestAdapterInit.js:948:5)
    at _runTestsForDescribeBlock (/app/client/node_modules/jest-circus/build/jestAdapterInit.js:839:13)
    at _runTestsForDescribeBlock (/app/client/node_modules/jest-circus/build/jestAdapterInit.js:829:11)
    at run (/app/client/node_modules/jest-circus/build/jestAdapterInit.js:757:3)
    at runAndTransformResultsToJestFormat (/app/client/node_modules/jest-circus/build/jestAdapterInit.js:1917:21)
    at jestAdapter (/app/client/node_modules/jest-circus/build/runner.js:101:19)
    at runTestInternal (/app/client/node_modules/jest-runner/build/testWorker.js:275:16)
    at runTest (/app/client/node_modules/jest-runner/build/testWorker.js:343:7)
    at Object.worker (/app/client/node_modules/jest-runner/build/testWorker.js:497:12)</failure>
    </testcase>
    <testcase classname="PerformanceMonitor" name="respects maxSamples limit" time="0.005">
      <failure>TypeError: performance.getEntriesByType is not a function
    at /app/client/src/components/PerformanceMonitor.tsx:35:33
    at /app/client/src/components/PerformanceMonitor.tsx:78:28
    at commitHookEffectListMount (/app/client/node_modules/react-dom/cjs/react-dom.development.js:23189:26)
    at commitPassiveMountOnFiber (/app/client/node_modules/react-dom/cjs/react-dom.development.js:24970:11)
    at commitPassiveMountEffects_complete (/app/client/node_modules/react-dom/cjs/react-dom.development.js:24930:9)
    at commitPassiveMountEffects_begin (/app/client/node_modules/react-dom/cjs/react-dom.development.js:24917:7)
    at commitPassiveMountEffects (/app/client/node_modules/react-dom/cjs/react-dom.development.js:24905:3)
    at flushPassiveEffectsImpl (/app/client/node_modules/react-dom/cjs/react-dom.development.js:27078:3)
    at flushPassiveEffects (/app/client/node_modules/react-dom/cjs/react-dom.development.js:27023:14)
    at /app/client/node_modules/react-dom/cjs/react-dom.development.js:26808:9
    at flushActQueue (/app/client/node_modules/react/cjs/react.development.js:2667:24)
    at act (/app/client/node_modules/react/cjs/react.development.js:2582:11)
    at actWithWarning (/app/client/node_modules/react-dom/cjs/react-dom-test-utils.development.js:1740:10)
    at /app/client/node_modules/@testing-library/react/dist/act-compat.js:63:25
    at renderRoot (/app/client/node_modules/@testing-library/react/dist/pure.js:159:26)
    at render (/app/client/node_modules/@testing-library/react/dist/pure.js:246:10)
    at Object.&lt;anonymous&gt; (/app/client/src/components/__tests__/PerformanceMonitor.test.tsx:122:11)
    at Promise.finally.completed (/app/client/node_modules/jest-circus/build/jestAdapterInit.js:1556:28)
    at new Promise (&lt;anonymous&gt;)
    at callAsyncCircusFn (/app/client/node_modules/jest-circus/build/jestAdapterInit.js:1496:10)
    at _callCircusTest (/app/client/node_modules/jest-circus/build/jestAdapterInit.js:1006:40)
    at processTicksAndRejections (node:internal/process/task_queues:105:5)
    at _runTest (/app/client/node_modules/jest-circus/build/jestAdapterInit.js:946:3)
    at _runTestsForDescribeBlock (/app/client/node_modules/jest-circus/build/jestAdapterInit.js:839:13)
    at _runTestsForDescribeBlock (/app/client/node_modules/jest-circus/build/jestAdapterInit.js:829:11)
    at run (/app/client/node_modules/jest-circus/build/jestAdapterInit.js:757:3)
    at runAndTransformResultsToJestFormat (/app/client/node_modules/jest-circus/build/jestAdapterInit.js:1917:21)
    at jestAdapter (/app/client/node_modules/jest-circus/build/runner.js:101:19)
    at runTestInternal (/app/client/node_modules/jest-runner/build/testWorker.js:275:16)
    at runTest (/app/client/node_modules/jest-runner/build/testWorker.js:343:7)
    at Object.worker (/app/client/node_modules/jest-runner/build/testWorker.js:497:12)</failure>
      <failure>TypeError: performance.getEntriesByType is not a function
    at /app/client/src/components/PerformanceMonitor.tsx:35:33
    at /app/client/src/components/PerformanceMonitor.tsx:63:26
    at callTimer (/app/client/node_modules/@sinonjs/fake-timers/src/fake-timers-src.js:806:24)
    at doTickInner (/app/client/node_modules/@sinonjs/fake-timers/src/fake-timers-src.js:1413:29)
    at doTick (/app/client/node_modules/@sinonjs/fake-timers/src/fake-timers-src.js:1494:20)
    at Object.tick (/app/client/node_modules/@sinonjs/fake-timers/src/fake-timers-src.js:1502:20)
    at Object.runToLast (/app/client/node_modules/@sinonjs/fake-timers/src/fake-timers-src.js:1661:26)
    at FakeTimers.runOnlyPendingTimers (/app/client/node_modules/@jest/fake-timers/build/index.js:542:19)
    at Object.runOnlyPendingTimers (/app/client/node_modules/jest-runtime/build/index.js:1804:52)
    at Object.&lt;anonymous&gt; (/app/client/src/components/__tests__/PerformanceMonitor.test.tsx:58:10)
    at Promise.finally.completed (/app/client/node_modules/jest-circus/build/jestAdapterInit.js:1556:28)
    at new Promise (&lt;anonymous&gt;)
    at callAsyncCircusFn (/app/client/node_modules/jest-circus/build/jestAdapterInit.js:1496:10)
    at _callCircusHook (/app/client/node_modules/jest-circus/build/jestAdapterInit.js:975:40)
    at processTicksAndRejections (node:internal/process/task_queues:105:5)
    at _runTest (/app/client/node_modules/jest-circus/build/jestAdapterInit.js:948:5)
    at _runTestsForDescribeBlock (/app/client/node_modules/jest-circus/build/jestAdapterInit.js:839:13)
    at _runTestsForDescribeBlock (/app/client/node_modules/jest-circus/build/jestAdapterInit.js:829:11)
    at run (/app/client/node_modules/jest-circus/build/jestAdapterInit.js:757:3)
    at runAndTransformResultsToJestFormat (/app/client/node_modules/jest-circus/build/jestAdapterInit.js:1917:21)
    at jestAdapter (/app/client/node_modules/jest-circus/build/runner.js:101:19)
    at runTestInternal (/app/client/node_modules/jest-runner/build/testWorker.js:275:16)
    at runTest (/app/client/node_modules/jest-runner/build/testWorker.js:343:7)
    at Object.worker (/app/client/node_modules/jest-runner/build/testWorker.js:497:12)</failure>
    </testcase>
    <testcase classname="PerformanceMonitor" name="shows color indicators based on memory usage" time="0.005">
      <failure>TypeError: performance.getEntriesByType is not a function
    at /app/client/src/components/PerformanceMonitor.tsx:35:33
    at /app/client/src/components/PerformanceMonitor.tsx:78:28
    at commitHookEffectListMount (/app/client/node_modules/react-dom/cjs/react-dom.development.js:23189:26)
    at commitPassiveMountOnFiber (/app/client/node_modules/react-dom/cjs/react-dom.development.js:24970:11)
    at commitPassiveMountEffects_complete (/app/client/node_modules/react-dom/cjs/react-dom.development.js:24930:9)
    at commitPassiveMountEffects_begin (/app/client/node_modules/react-dom/cjs/react-dom.development.js:24917:7)
    at commitPassiveMountEffects (/app/client/node_modules/react-dom/cjs/react-dom.development.js:24905:3)
    at flushPassiveEffectsImpl (/app/client/node_modules/react-dom/cjs/react-dom.development.js:27078:3)
    at flushPassiveEffects (/app/client/node_modules/react-dom/cjs/react-dom.development.js:27023:14)
    at /app/client/node_modules/react-dom/cjs/react-dom.development.js:26808:9
    at flushActQueue (/app/client/node_modules/react/cjs/react.development.js:2667:24)
    at act (/app/client/node_modules/react/cjs/react.development.js:2582:11)
    at actWithWarning (/app/client/node_modules/react-dom/cjs/react-dom-test-utils.development.js:1740:10)
    at /app/client/node_modules/@testing-library/react/dist/act-compat.js:63:25
    at renderRoot (/app/client/node_modules/@testing-library/react/dist/pure.js:159:26)
    at render (/app/client/node_modules/@testing-library/react/dist/pure.js:246:10)
    at Object.&lt;anonymous&gt; (/app/client/src/components/__tests__/PerformanceMonitor.test.tsx:156:32)
    at Promise.finally.completed (/app/client/node_modules/jest-circus/build/jestAdapterInit.js:1556:28)
    at new Promise (&lt;anonymous&gt;)
    at callAsyncCircusFn (/app/client/node_modules/jest-circus/build/jestAdapterInit.js:1496:10)
    at _callCircusTest (/app/client/node_modules/jest-circus/build/jestAdapterInit.js:1006:40)
    at processTicksAndRejections (node:internal/process/task_queues:105:5)
[...]
    </testcase>
    <testcase classname="ThreatIntelligenceHub" name="renders view tabs" time="0.031">
    </testcase>
    <testcase classname="ThreatIntelligenceHub" name="renders search and filters" time="0.023">
    </testcase>
    <testcase classname="ThreatIntelligenceHub" name="displays indicators by default" time="0.033">
    </testcase>
    <testcase classname="ThreatIntelligenceHub" name="switches between view tabs" time="5.006">
      <failure>Error: thrown: &quot;Exceeded timeout of 5000 ms for a test.
Add a timeout value to this test to increase the timeout, if this is a long-running test. See https://jestjs.io/docs/api#testname-fn-timeout.&quot;
    at /app/client/src/components/intelligence/__tests__/ThreatIntelligenceHub.test.tsx:64:3
    at _dispatchDescribe (/app/client/node_modules/jest-circus/build/jestAdapterInit.js:604:26)
    at describe (/app/client/node_modules/jest-circus/build/jestAdapterInit.js:572:44)
    at Object.&lt;anonymous&gt; (/app/client/src/components/intelligence/__tests__/ThreatIntelligenceHub.test.tsx:13:1)
    at Runtime._execModule (/app/client/node_modules/jest-runtime/build/index.js:1268:24)
    at Runtime._loadModule (/app/client/node_modules/jest-runtime/build/index.js:944:12)
    at Runtime.requireModule (/app/client/node_modules/jest-runtime/build/index.js:832:12)
    at jestAdapter (/app/client/node_modules/jest-circus/build/runner.js:95:13)
    at processTicksAndRejections (node:internal/process/task_queues:105:5)
    at runTestInternal (/app/client/node_modules/jest-runner/build/testWorker.js:275:16)
    at runTest (/app/client/node_modules/jest-runner/build/testWorker.js:343:7)
    at Object.worker (/app/client/node_modules/jest-runner/build/testWorker.js:497:12)</failure>
    </testcase>
    <testcase classname="ThreatIntelligenceHub" name="filters indicators by search query" time="5.006">
      <failure>Error: thrown: &quot;Exceeded timeout of 5000 ms for a test.
Add a timeout value to this test to increase the timeout, if this is a long-running test. See https://jestjs.io/docs/api#testname-fn-timeout.&quot;
    at /app/client/src/components/intelligence/__tests__/ThreatIntelligenceHub.test.tsx:84:3
    at _dispatchDescribe (/app/client/node_modules/jest-circus/build/jestAdapterInit.js:604:26)
    at describe (/app/client/node_modules/jest-circus/build/jestAdapterInit.js:572:44)
    at Object.&lt;anonymous&gt; (/app/client/src/components/intelligence/__tests__/ThreatIntelligenceHub.test.tsx:13:1)
    at Runtime._execModule (/app/client/node_modules/jest-runtime/build/index.js:1268:24)
    at Runtime._loadModule (/app/client/node_modules/jest-runtime/build/index.js:944:12)
    at Runtime.requireModule (/app/client/node_modules/jest-runtime/build/index.js:832:12)
    at jestAdapter (/app/client/node_modules/jest-circus/build/runner.js:95:13)
    at processTicksAndRejections (node:internal/process/task_queues:105:5)
    at runTestInternal (/app/client/node_modules/jest-runner/build/testWorker.js:275:16)
    at runTest (/app/client/node_modules/jest-runner/build/testWorker.js:343:7)
    at Object.worker (/app/client/node_modules/jest-runner/build/testWorker.js:497:12)</failure>
    </testcase>
    <testcase classname="ThreatIntelligenceHub" name="filters indicators by severity" time="5.005">
      <failure>Error: thrown: &quot;Exceeded timeout of 5000 ms for a test.
Add a timeout value to this test to increase the timeout, if this is a long-running test. See https://jestjs.io/docs/api#testname-fn-timeout.&quot;
    at /app/client/src/components/intelligence/__tests__/ThreatIntelligenceHub.test.tsx:98:3
    at _dispatchDescribe (/app/client/node_modules/jest-circus/build/jestAdapterInit.js:604:26)
    at describe (/app/client/node_modules/jest-circus/build/jestAdapterInit.js:572:44)
    at Object.&lt;anonymous&gt; (/app/client/src/components/intelligence/__tests__/ThreatIntelligenceHub.test.tsx:13:1)
    at Runtime._execModule (/app/client/node_modules/jest-runtime/build/index.js:1268:24)
    at Runtime._loadModule (/app/client/node_modules/jest-runtime/build/index.js:944:12)
    at Runtime.requireModule (/app/client/node_modules/jest-runtime/build/index.js:832:12)
    at jestAdapter (/app/client/node_modules/jest-circus/build/runner.js:95:13)
    at processTicksAndRejections (node:internal/process/task_queues:105:5)
    at runTestInternal (/app/client/node_modules/jest-runner/build/testWorker.js:275:16)
    at runTest (/app/client/node_modules/jest-runner/build/testWorker.js:343:7)
    at Object.worker (/app/client/node_modules/jest-runner/build/testWorker.js:497:12)</failure>
    </testcase>
    <testcase classname="ThreatIntelligenceHub" name="filters indicators by type" time="5.004">
      <failure>Error: thrown: &quot;Exceeded timeout of 5000 ms for a test.
Add a timeout value to this test to increase the timeout, if this is a long-running test. See https://jestjs.io/docs/api#testname-fn-timeout.&quot;
    at /app/client/src/components/intelligence/__tests__/ThreatIntelligenceHub.test.tsx:110:3
    at _dispatchDescribe (/app/client/node_modules/jest-circus/build/jestAdapterInit.js:604:26)
    at describe (/app/client/node_modules/jest-circus/build/jestAdapterInit.js:572:44)
    at Object.&lt;anonymous&gt; (/app/client/src/components/intelligence/__tests__/ThreatIntelligenceHub.test.tsx:13:1)
    at Runtime._execModule (/app/client/node_modules/jest-runtime/build/index.js:1268:24)
    at Runtime._loadModule (/app/client/node_modules/jest-runtime/build/index.js:944:12)
    at Runtime.requireModule (/app/client/node_modules/jest-runtime/build/index.js:832:12)
    at jestAdapter (/app/client/node_modules/jest-circus/build/runner.js:95:13)
    at processTicksAndRejections (node:internal/process/task_queues:105:5)
    at runTestInternal (/app/client/node_modules/jest-runner/build/testWorker.js:275:16)
    at runTest (/app/client/node_modules/jest-runner/build/testWorker.js:343:7)
    at Object.worker (/app/client/node_modules/jest-runner/build/testWorker.js:497:12)</failure>
    </testcase>
    <testcase classname="ThreatIntelligenceHub" name="selects indicator and shows details" time="5.002">
      <failure>Error: thrown: &quot;Exceeded timeout of 5000 ms for a test.
Add a timeout value to this test to increase the timeout, if this is a long-running test. See https://jestjs.io/docs/api#testname-fn-timeout.&quot;
    at /app/client/src/components/intelligence/__tests__/ThreatIntelligenceHub.test.tsx:122:3
    at _dispatchDescribe (/app/client/node_modules/jest-circus/build/jestAdapterInit.js:604:26)
    at describe (/app/client/node_modules/jest-circus/build/jestAdapterInit.js:572:44)
    at Object.&lt;anonymous&gt; (/app/client/src/components/intelligence/__tests__/ThreatIntelligenceHub.test.tsx:13:1)
    at Runtime._execModule (/app/client/node_modules/jest-runtime/build/index.js:1268:24)
    at Runtime._loadModule (/app/client/node_modules/jest-runtime/build/index.js:944:12)
    at Runtime.requireModule (/app/client/node_modules/jest-runtime/build/index.js:832:12)
    at jestAdapter (/app/client/node_modules/jest-circus/build/runner.js:95:13)
    at processTicksAndRejections (node:internal/process/task_queues:105:5)
    at runTestInternal (/app/client/node_modules/jest-runner/build/testWorker.js:275:16)
    at runTest (/app/client/node_modules/jest-runner/build/testWorker.js:343:7)
    at Object.worker (/app/client/node_modules/jest-runner/build/testWorker.js:497:12)</failure>
    </testcase>
    <testcase classname="ThreatIntelligenceHub" name="calls indicator select callback" time="5.004">
      <failure>Error: thrown: &quot;Exceeded timeout of 5000 ms for a test.
Add a timeout value to this test to increase the timeout, if this is a long-running test. See https://jestjs.io/docs/api#testname-fn-timeout.&quot;
    at /app/client/src/components/intelligence/__tests__/ThreatIntelligenceHub.test.tsx:141:3
    at _dispatchDescribe (/app/client/node_modules/jest-circus/build/jestAdapterInit.js:604:26)
    at describe (/app/client/node_modules/jest-circus/build/jestAdapterInit.js:572:44)
    at Object.&lt;anonymous&gt; (/app/client/src/components/intelligence/__tests__/ThreatIntelligenceHub.test.tsx:13:1)
    at Runtime._execModule (/app/client/node_modules/jest-runtime/build/index.js:1268:24)
    at Runtime._loadModule (/app/client/node_modules/jest-runtime/build/index.js:944:12)
    at Runtime.requireModule (/app/client/node_modules/jest-runtime/build/index.js:832:12)
    at jestAdapter (/app/client/node_modules/jest-circus/build/runner.js:95:13)
    at processTicksAndRejections (node:internal/process/task_queues:105:5)
    at runTestInternal (/app/client/node_modules/jest-runner/build/testWorker.js:275:16)
    at runTest (/app/client/node_modules/jest-runner/build/testWorker.js:343:7)
    at Object.worker (/app/client/node_modules/jest-runner/build/testWorker.js:497:12)</failure>
    </testcase>
    <testcase classname="ThreatIntelligenceHub" name="calls campaign select callback" time="5.004">
      <failure>Error: thrown: &quot;Exceeded timeout of 5000 ms for a test.
Add a timeout value to this test to increase the timeout, if this is a long-running test. See https://jestjs.io/docs/api#testname-fn-timeout.&quot;
    at /app/client/src/components/intelligence/__tests__/ThreatIntelligenceHub.test.tsx:162:3
    at _dispatchDescribe (/app/client/node_modules/jest-circus/build/jestAdapterInit.js:604:26)
    at describe (/app/client/node_modules/jest-circus/build/jestAdapterInit.js:572:44)
    at Object.&lt;anonymous&gt; (/app/client/src/components/intelligence/__tests__/ThreatIntelligenceHub.test.tsx:13:1)
    at Runtime._execModule (/app/client/node_modules/jest-runtime/build/index.js:1268:24)
    at Runtime._loadModule (/app/client/node_modules/jest-runtime/build/index.js:944:12)
    at Runtime.requireModule (/app/client/node_modules/jest-runtime/build/index.js:832:12)
    at jestAdapter (/app/client/node_modules/jest-circus/build/runner.js:95:13)
    at processTicksAndRejections (node:internal/process/task_queues:105:5)
    at runTestInternal (/app/client/node_modules/jest-runner/build/testWorker.js:275:16)
    at runTest (/app/client/node_modules/jest-runner/build/testWorker.js:343:7)
    at Object.worker (/app/client/node_modules/jest-runner/build/testWorker.js:497:12)</failure>
    </testcase>
    <testcase classname="ThreatIntelligenceHub" name="calls actor select callback" time="5.005">
      <failure>Error: thrown: &quot;Exceeded timeout of 5000 ms for a test.
Add a timeout value to this test to increase the timeout, if this is a long-running test. See https://jestjs.io/docs/api#testname-fn-timeout.&quot;
    at /app/client/src/components/intelligence/__tests__/ThreatIntelligenceHub.test.tsx:186:3
    at _dispatchDescribe (/app/client/node_modules/jest-circus/build/jestAdapterInit.js:604:26)
    at describe (/app/client/node_modules/jest-circus/build/jestAdapterInit.js:572:44)
    at Object.&lt;anonymous&gt; (/app/client/src/components/intelligence/__tests__/ThreatIntelligenceHub.test.tsx:13:1)
    at Runtime._execModule (/app/client/node_modules/jest-runtime/build/index.js:1268:24)
    at Runtime._loadModule (/app/client/node_modules/jest-runtime/build/index.js:944:12)
    at Runtime.requireModule (/app/client/node_modules/jest-runtime/build/index.js:832:12)
    at jestAdapter (/app/client/node_modules/jest-circus/build/runner.js:95:13)
    at processTicksAndRejections (node:internal/process/task_queues:105:5)
    at runTestInternal (/app/client/node_modules/jest-runner/build/testWorker.js:275:16)
    at runTest (/app/client/node_modules/jest-runner/build/testWorker.js:343:7)
    at Object.worker (/app/client/node_modules/jest-runner/build/testWorker.js:497:12)</failure>
    </testcase>
    <testcase classname="ThreatIntelligenceHub" name="handles investigation ID prop" time="0.023">
    </testcase>
    <testcase classname="ThreatIntelligenceHub" name="displays severity colors correctly" time="0.024">
    </testcase>
    <testcase classname="ThreatIntelligenceHub" name="displays indicator type icons" time="0.021">
    </testcase>
    <testcase classname="ThreatIntelligenceHub" name="shows last updated timestamp" time="0.018">
    </testcase>
    <testcase classname="ThreatIntelligenceHub" name="handles auto-refresh when enabled" time="0.022">
      <failure>ReferenceError: act is not defined
    at Object.&lt;anonymous&gt; (/app/client/src/components/intelligence/__tests__/ThreatIntelligenceHub.test.tsx:243:5)
    at Promise.finally.completed (/app/client/node_modules/jest-circus/build/jestAdapterInit.js:1556:28)
    at new Promise (&lt;anonymous&gt;)
    at callAsyncCircusFn (/app/client/node_modules/jest-circus/build/jestAdapterInit.js:1496:10)
    at _callCircusTest (/app/client/node_modules/jest-circus/build/jestAdapterInit.js:1006:40)
    at _runTest (/app/client/node_modules/jest-circus/build/jestAdapterInit.js:946:3)
    at _runTestsForDescribeBlock (/app/client/node_modules/jest-circus/build/jestAdapterInit.js:839:13)
    at _runTestsForDescribeBlock (/app/client/node_modules/jest-circus/build/jestAdapterInit.js:829:11)
    at run (/app/client/node_modules/jest-circus/build/jestAdapterInit.js:757:3)
    at runAndTransformResultsToJestFormat (/app/client/node_modules/jest-circus/build/jestAdapterInit.js:1917:21)
    at jestAdapter (/app/client/node_modules/jest-circus/build/runner.js:101:19)
    at runTestInternal (/app/client/node_modules/jest-runner/build/testWorker.js:275:16)
    at runTest (/app/client/node_modules/jest-runner/build/testWorker.js:343:7)
    at Object.worker (/app/client/node_modules/jest-runner/build/testWorker.js:497:12)</failure>
    </testcase>
    <testcase classname="ThreatIntelligenceHub" name="displays feed status information" time="5.002">
      <failure>Error: thrown: &quot;Exceeded timeout of 5000 ms for a test.
Add a timeout value to this test to increase the timeout, if this is a long-running test. See https://jestjs.io/docs/api#testname-fn-timeout.&quot;
    at /app/client/src/components/intelligence/__tests__/ThreatIntelligenceHub.test.tsx:251:3
    at _dispatchDescribe (/app/client/node_modules/jest-circus/build/jestAdapterInit.js:604:26)
    at describe (/app/client/node_modules/jest-circus/build/jestAdapterInit.js:572:44)
    at Object.&lt;anonymous&gt; (/app/client/src/components/intelligence/__tests__/ThreatIntelligenceHub.test.tsx:13:1)
    at Runtime._execModule (/app/client/node_modules/jest-runtime/build/index.js:1268:24)
    at Runtime._loadModule (/app/client/node_modules/jest-runtime/build/index.js:944:12)
    at Runtime.requireModule (/app/client/node_modules/jest-runtime/build/index.js:832:12)
    at jestAdapter (/app/client/node_modules/jest-circus/build/runner.js:95:13)
    at processTicksAndRejections (node:internal/process/task_queues:105:5)
    at runTestInternal (/app/client/node_modules/jest-runner/build/testWorker.js:275:16)
    at runTest (/app/client/node_modules/jest-runner/build/testWorker.js:343:7)
    at Object.worker (/app/client/node_modules/jest-runner/build/testWorker.js:497:12)</failure>
    </testcase>
    <testcase classname="ThreatIntelligenceHub" name="applies custom className" time="0.021">
    </testcase>
    <testcase classname="ThreatIntelligenceHub" name="handles empty search results" time="5.002">
      <failure>Error: thrown: &quot;Exceeded timeout of 5000 ms for a test.
Add a timeout value to this test to increase the timeout, if this is a long-running test. See https://jestjs.io/docs/api#testname-fn-timeout.&quot;
    at /app/client/src/components/intelligence/__tests__/ThreatIntelligenceHub.test.tsx:278:3
    at _dispatchDescribe (/app/client/node_modules/jest-circus/build/jestAdapterInit.js:604:26)
    at describe (/app/client/node_modules/jest-circus/build/jestAdapterInit.js:572:44)
    at Object.&lt;anonymous&gt; (/app/client/src/components/intelligence/__tests__/ThreatIntelligenceHub.test.tsx:13:1)
    at Runtime._execModule (/app/client/node_modules/jest-runtime/build/index.js:1268:24)
    at Runtime._loadModule (/app/client/node_modules/jest-runtime/build/index.js:944:12)
    at Runtime.requireModule (/app/client/node_modules/jest-runtime/build/index.js:832:12)
    at jestAdapter (/app/client/node_modules/jest-circus/build/runner.js:95:13)
    at processTicksAndRejections (node:internal/process/task_queues:105:5)
    at runTestInternal (/app/client/node_modules/jest-runner/build/testWorker.js:275:16)
    at runTest (/app/client/node_modules/jest-runner/build/testWorker.js:343:7)
    at Object.worker (/app/client/node_modules/jest-runner/build/testWorker.js:497:12)</failure>
    </testcase>
    <testcase classname="ThreatIntelligenceHub" name="displays indicator context information" time="5.004">
      <failure>Error: thrown: &quot;Exceeded timeout of 5000 ms for a test.
Add a timeout value to this test to increase the timeout, if this is a long-running test. See https://jestjs.io/docs/api#testname-fn-timeout.&quot;
    at /app/client/src/components/intelligence/__tests__/ThreatIntelligenceHub.test.tsx:291:3
    at _dispatchDescribe (/app/client/node_modules/jest-circus/build/jestAdapterInit.js:604:26)
    at describe (/app/client/node_modules/jest-circus/build/jestAdapterInit.js:572:44)
    at Object.&lt;anonymous&gt; (/app/client/src/components/intelligence/__tests__/ThreatIntelligenceHub.test.tsx:13:1)
    at Runtime._execModule (/app/client/node_modules/jest-runtime/build/index.js:1268:24)
    at Runtime._loadModule (/app/client/node_modules/jest-runtime/build/index.js:944:12)
    at Runtime.requireModule (/app/client/node_modules/jest-runtime/build/index.js:832:12)
    at jestAdapter (/app/client/node_modules/jest-circus/build/runner.js:95:13)
    at processTicksAndRejections (node:internal/process/task_queues:105:5)
    at runTestInternal (/app/client/node_modules/jest-runner/build/testWorker.js:275:16)
    at runTest (/app/client/node_modules/jest-runner/build/testWorker.js:343:7)
    at Object.worker (/app/client/node_modules/jest-runner/build/testWorker.js:497:12)</failure>
    </testcase>
    <testcase classname="ThreatIntelligenceHub" name="shows indicator confidence scores" time="0.022">
    </testcase>
    <testcase classname="ThreatIntelligenceHub" name="handles component cleanup on unmount" time="0.016">
    </testcase>
    <testcase classname="ThreatIntelligenceHub" name="supports keyboard navigation" time="0.019">
    </testcase>
    <testcase classname="ThreatIntelligenceHub" name="updates counters in tab labels" time="5.003">
      <failure>Error: thrown: &quot;Exceeded timeout of 5000 ms for a test.
Add a timeout value to this test to increase the timeout, if this is a long-running test. See https://jestjs.io/docs/api#testname-fn-timeout.&quot;
    at /app/client/src/components/intelligence/__tests__/ThreatIntelligenceHub.test.tsx:338:3
    at _dispatchDescribe (/app/client/node_modules/jest-circus/build/jestAdapterInit.js:604:26)
    at describe (/app/client/node_modules/jest-circus/build/jestAdapterInit.js:572:44)
    at Object.&lt;anonymous&gt; (/app/client/src/components/intelligence/__tests__/ThreatIntelligenceHub.test.tsx:13:1)
    at Runtime._execModule (/app/client/node_modules/jest-runtime/build/index.js:1268:24)
    at Runtime._loadModule (/app/client/node_modules/jest-runtime/build/index.js:944:12)
    at Runtime.requireModule (/app/client/node_modules/jest-runtime/build/index.js:832:12)
    at jestAdapter (/app/client/node_modules/jest-circus/build/runner.js:95:13)
    at processTicksAndRejections (node:internal/process/task_queues:105:5)
    at runTestInternal (/app/client/node_modules/jest-runner/build/testWorker.js:275:16)
    at runTest (/app/client/node_modules/jest-runner/build/testWorker.js:343:7)
    at Object.worker (/app/client/node_modules/jest-runner/build/testWorker.js:497:12)</failure>
    </testcase>
  </testsuite>
</testsuites>