<?xml version="1.0" encoding="UTF-8"?>
<testsuites name="jest tests" tests="184" failures="33" errors="0" time="81.847">
  <testsuite name="undefined" errors="0" failures="1" skipped="0" timestamp="2025-10-16T03:09:20" time="36.472" tests="1">
    <testcase classname="" name="aborts first stream when a new prompt is sent" time="2.748">
      <failure>TestingLibraryElementError: Unable to find an accessible element with the role &quot;region&quot; and name `/ai assistant/i`

Here are the accessible roles:

  heading:

  Name &quot;IntelBot&quot;:
  &lt;h6
    class=&quot;MuiTypography-root MuiTypography-h6 css-fe0fwj-MuiTypography-root&quot;
  /&gt;

  --------------------------------------------------
  status:

  Name &quot;assistant-status&quot;:
  &lt;span
    aria-label=&quot;assistant-status&quot;
    class=&quot;MuiTypography-root MuiTypography-caption css-1374baf-MuiTypography-root&quot;
    role=&quot;status&quot;
  /&gt;

  --------------------------------------------------
  button:

  Name &quot;Start Voice&quot;:
  &lt;button
    aria-label=&quot;Start Voice&quot;
    class=&quot;MuiButtonBase-root MuiIconButton-root MuiIconButton-sizeMedium css-53g0n7-MuiButtonBase-root-MuiIconButton-root&quot;
    tabindex=&quot;0&quot;
    type=&quot;button&quot;
  /&gt;

  Name &quot;Settings&quot;:
  &lt;button
    aria-label=&quot;Settings&quot;
    class=&quot;MuiButtonBase-root MuiIconButton-root MuiIconButton-sizeMedium css-53g0n7-MuiButtonBase-root-MuiIconButton-root&quot;
    tabindex=&quot;0&quot;
    type=&quot;button&quot;
  /&gt;

  Name &quot;Generate Query&quot;:
  &lt;button
    class=&quot;MuiButtonBase-root MuiButton-root MuiButton-outlined MuiButton-outlinedPrimary MuiButton-sizeSmall MuiButton-outlinedSizeSmall MuiButton-colorPrimary MuiButton-root MuiButton-outlined MuiButton-outlinedPrimary MuiButton-sizeSmall MuiButton-outlinedSizeSmall MuiButton-colorPrimary css-wyro15-MuiButtonBase-root-MuiButton-root&quot;
    tabindex=&quot;0&quot;
    type=&quot;button&quot;
  /&gt;

  Name &quot;Export Analysis&quot;:
  &lt;button
    class=&quot;MuiButtonBase-root MuiButton-root MuiButton-outlined MuiButton-outlinedPrimary MuiButton-sizeSmall MuiButton-outlinedSizeSmall MuiButton-colorPrimary MuiButton-root MuiButton-outlined MuiButton-outlinedPrimary MuiButton-sizeSmall MuiButton-outlinedSizeSmall MuiButton-colorPrimary css-wyro15-MuiButtonBase-root-MuiButton-root&quot;
    tabindex=&quot;0&quot;
    type=&quot;button&quot;
  /&gt;

  Name &quot;&quot;:
  &lt;button
    class=&quot;MuiButtonBase-root MuiIconButton-root MuiIconButton-sizeSmall css-155wbr6-MuiButtonBase-root-MuiIconButton-root&quot;
    tabindex=&quot;0&quot;
    type=&quot;button&quot;
  /&gt;

  Name &quot;&quot;:
  &lt;button
    class=&quot;MuiButtonBase-root MuiIconButton-root MuiIconButton-colorSuccess MuiIconButton-sizeSmall css-1v9s22v-MuiButtonBase-root-MuiIconButton-root&quot;
    tabindex=&quot;0&quot;
    type=&quot;button&quot;
  /&gt;

  Name &quot;&quot;:
  &lt;button
    class=&quot;MuiButtonBase-root MuiIconButton-root MuiIconButton-sizeSmall css-155wbr6-MuiButtonBase-root-MuiIconButton-root&quot;
    tabindex=&quot;0&quot;
    type=&quot;button&quot;
  /&gt;

  Name &quot;send&quot;:
  &lt;button
    aria-label=&quot;send&quot;
    class=&quot;MuiButtonBase-root Mui-disabled MuiIconButton-root Mui-disabled MuiIconButton-colorPrimary MuiIconButton-sizeMedium css-13g7lho-MuiButtonBase-root-MuiIconButton-root&quot;
    disabled=&quot;&quot;
    tabindex=&quot;-1&quot;
    type=&quot;button&quot;
  /&gt;

  --------------------------------------------------
  log:

  Name &quot;&quot;:
  &lt;div
    aria-live=&quot;polite&quot;
    class=&quot;MuiBox-root css-16jc2nm&quot;
    data-testid=&quot;message-log&quot;
    role=&quot;log&quot;
  /&gt;

  --------------------------------------------------
  article:

  Name &quot;assistant&quot;:
  &lt;div
    aria-label=&quot;assistant&quot;
    role=&quot;article&quot;
  /&gt;

  Name &quot;user&quot;:
  &lt;div
    aria-label=&quot;user&quot;
    role=&quot;article&quot;
  /&gt;

  Name &quot;user&quot;:
  &lt;div
    aria-label=&quot;user&quot;
    role=&quot;article&quot;
  /&gt;

  Name &quot;assistant&quot;:
  &lt;div
    aria-label=&quot;assistant&quot;
    role=&quot;article&quot;
  /&gt;

  --------------------------------------------------
  textbox:

  Name &quot;assistant-input&quot;:
  &lt;input
    aria-invalid=&quot;false&quot;
    aria-label=&quot;assistant-input&quot;
    class=&quot;MuiInputBase-input MuiOutlinedInput-input css-16wblaj-MuiInputBase-input-MuiOutlinedInput-input&quot;
    id=&quot;:r7:&quot;
    placeholder=&quot;Ask me anything about your data...&quot;
    type=&quot;text&quot;
    value=&quot;&quot;
  /&gt;

  --------------------------------------------------

Ignored nodes: comments, script, style
&lt;body&gt;
  &lt;div&gt;
    &lt;div
      class=&quot;MuiBox-root css-1sm2s1z&quot;
    &gt;
      &lt;div
        class=&quot;MuiPaper-root MuiPaper-elevation MuiPaper-rounded MuiPaper-elevation1 css-keymb1-MuiPaper-root&quot;
        style=&quot;--Paper-shadow: 0px 2px 1px -1px rgba(0,0,0,0.2),0px 1px 1px 0px rgba(0,0,0,0.14),0px 1px 3px 0px rgba(0,0,0,0.12);&quot;
      &gt;
        &lt;div
          class=&quot;MuiBox-root css-1lekzkb&quot;
        &gt;
          &lt;div
            class=&quot;MuiBox-root css-j0ozid&quot;
          &gt;
            &lt;div
              class=&quot;MuiAvatar-root MuiAvatar-circular MuiAvatar-colorDefault css-1cz7le2-MuiAvatar-root&quot;
            &gt;
              &lt;svg
                aria-hidden=&quot;true&quot;
                class=&quot;MuiSvgIcon-root MuiSvgIcon-fontSizeMedium css-1umw9bq-MuiSvgIcon-root&quot;
                data-testid=&quot;SmartToyIcon&quot;
                focusable=&quot;false&quot;
                viewBox=&quot;0 0 24 24&quot;
              &gt;
                &lt;path
                  d=&quot;M20 9V7c0-1.1-.9-2-2-2h-3c0-1.66-1.34-3-3-3S9 3.34 9 5H6c-1.1 0-2 .9-2 2v2c-1.66 0-3 1.34-3 3s1.34 3 3 3v4c0 1.1.9 2 2 2h12c1.1 0 2-.9 2-2v-4c1.66 0 3-1.34 3-3s-1.34-3-3-3M7.5 11.5c0-.83.67-1.5 1.5-1.5s1.5.67 1.5 1.5S9.83 13 9 13s-1.5-.67-1.5-1.5M16 17H8v-2h8zm-1-4c-.83 0-1.5-.67-1.5-1.5S14.17 10 15 10s1.5.67 1.5 1.5S15.83 13 15 13&quot;
                /&gt;
              &lt;/svg&gt;
            &lt;/div&gt;
            &lt;div
              class=&quot;MuiBox-root css-0&quot;
            &gt;
              &lt;h6
                class=&quot;MuiTypography-root MuiTypography-h6 css-fe0fwj-MuiTypography-root&quot;
              &gt;
                IntelBot
              &lt;/h6&gt;
              &lt;span
                aria-label=&quot;assistant-status&quot;
                class=&quot;MuiTypography-root MuiTypography-caption css-1374baf-MuiTypography-root&quot;
                role=&quot;status&quot;
              &gt;
                Intelligence Analysis Assistant •
                 
                Online
              &lt;/span&gt;
            &lt;/div&gt;
          &lt;/div&gt;
          &lt;div
            class=&quot;MuiStack-root css-niqf4j-MuiStack-root&quot;
          &gt;
            &lt;button
              aria-label=&quot;Start Voice&quot;
              class=&quot;MuiButtonBase-root MuiIconButton-root MuiIconButton-sizeMedium css-53g0n7-MuiButtonBase-root-MuiIconButton-root&quot;
              tabindex=&quot;0&quot;
              type=&quot;button&quot;
            &gt;
              &lt;svg
                aria-hidden=&quot;true&quot;
                class=&quot;MuiSvgIcon-root MuiSvgIcon-fontSizeMedium css-1umw9bq-MuiSvgIcon-root&quot;
                data-testid=&quot;MicOffIcon&quot;
                focusable=&quot;false&quot;
                viewBox=&quot;0 0 24 24&quot;
              &gt;
                &lt;path
                  d=&quot;M19 11h-1.7c0 .74-.16 1.43-.43 2.05l1.23 1.23c.56-.98.9-2.09.9-3.28m-4.02.17c0-.06.02-.11.02-.17V5c0-1.66-1.34-3-3-3S9 3.34 9 5v.18zM4.27 3 3 4.27l6.01 6.01V11c0 1.66 1.33 3 2.99 3 .22 0 .44-.03.65-.08l1.66 1.66c-.71.33-1.5.52-2.31.52-2.76 0-5.3-2.1-5.3-5.1H5c0 3.41 2.72 6.23 6 6.72V21h2v-3.28c.91-.13 1.77-.45 2.54-.9L19.73 21 21 19.73z&quot;
                /&gt;
              &lt;/svg&gt;
            &lt;/button&gt;
            &lt;button
              aria-label=&quot;Settings&quot;
              class=&quot;MuiButtonBase-root MuiIconButton-root MuiIconButton-sizeMedium css-53g0n7-MuiButtonBase-root-MuiIconButton-root&quot;
              tabindex=&quot;0&quot;
              type=&quot;button&quot;
            &gt;
              &lt;svg
                aria-hidden=&quot;true&quot;
                class=&quot;MuiSvgIcon-root MuiSvgIcon-fontSizeMedium css-1umw9bq-MuiSvgIcon-root&quot;
                data-testid=&quot;SettingsIcon&quot;
                focusable=&quot;false&quot;
                viewBox=&quot;0 0 24 24&quot;
              &gt;
                &lt;path
                  d=&quot;M19.14 12.94c.04-.3.06-.61.06-.94 0-.32-.02-.64-.07-.94l2.03-1.58c.18-.14.23-.41.12-.61l-1.92-3.32c-.12-.22-.37-.29-.59-.22l-2.39.96c-.5-.38-1.03-.7-1.62-.94l-.36-2.54c-.04-.24-.24-.41-.48-.41h-3.84c-.24 0-.43.17-.47.41l-.36 2.54c-.59.24-1.13.57-1.62.94l-2.39-.96c-.22-.08-.47 0-.59.22L2.74 8.87c-.12.21-.08.47.12.61l2.03 1.58c-.05.3-.09.63-.09.94s.02.64.07.94l-2.03 1.58c-.18.14-.23.41-.12.61l1.92 3.32c.12.22.37.29.59.22l2.39-.96c.5.38 1.03.7 1.62.94l.36 2.54c.05.24.24.41.48.41h3.84c.24 0 .44-.17.47-.41l.36-2.54c.59-.24 1.13-.56 1.62-.94l2.39.96c.22.08.47 0 .59-.22l1.92-3.32c.12-.22.07-.47-.12-.61zM12 15.6c-1.98 0-3.6-1.62-3.6-3.6s1.62-3.6 3.6-3.6 3.6 1.62 3.6 3.6-1.62 3.6-3.6 3.6&quot;
                /&gt;
              &lt;/svg&gt;
            &lt;/button&gt;
          &lt;/div&gt;
        &lt;/div&gt;
      &lt;/div&gt;
      &lt;div
        aria-live=&quot;polite&quot;
        class=&quot;MuiBox-root css-16jc2nm&quot;
        data-testid=&quot;message-log&quot;
        role=&quot;log&quot;
      &gt;
        &lt;div
          aria-label=&quot;assistant&quot;
          role=&quot;article&quot;
        &gt;
          &lt;div
            class=&quot;MuiBox-root css-t8hy5&quot;
          &gt;
            &lt;div
              class=&quot;MuiAvatar-root MuiAvatar-circular MuiAvatar-colorDefault css-1l53gx1-MuiAvatar-root&quot;
            &gt;
              &lt;svg
                aria-hidden=&quot;true&quot;
                class=&quot;MuiSvgIcon-root MuiSvgIcon-fontSizeSmall css-120dh41-MuiSvgIcon-root&quot;
                data-testid=&quot;SmartToyIcon&quot;
                focusable=&quot;false&quot;
                viewBox=&quot;0 0 24 24&quot;
              &gt;
                &lt;path
                  d=&quot;M20 9V7c0-1.1-.9-2-2-2h-3c0-1.66-1.34-3-3-3S9 3.34 9 5H6c-1.1 0-2 .9-2 2v2c-1.66 0-3 1.34-3 3s1.34 3 3 3v4c0 1.1.9 2 2 2h12c1.1 0 2-.9 2-2v-4c1.66 0 3-1.34 3-3s-1.34-3-3-3M7.5 11.5c0-.83.67-1.5 1.5-1.5s1.5.67 1.5 1.5S9.83 13 9 13s-1...
    at Object.getElementError (/Users/brianlong/Developer/summit/client/node_modules/@testing-library/dom/dist/config.js:37:19)
    at /Users/brianlong/Developer/summit/client/node_modules/@testing-library/dom/dist/query-helpers.js:76:38
    at /Users/brianlong/Developer/summit/client/node_modules/@testing-library/dom/dist/query-helpers.js:52:17
    at /Users/brianlong/Developer/summit/client/node_modules/@testing-library/dom/dist/query-helpers.js:95:19
    at Object.&lt;anonymous&gt; (/Users/brianlong/Developer/summit/client/src/components/ai-enhanced/__tests__/assistant.abort.test.tsx:37:11)</failure>
    </testcase>
  </testsuite>
  <testsuite name="EnhancedAnalyticsDashboard" errors="0" failures="0" skipped="0" timestamp="2025-10-16T03:09:20" time="37.353" tests="12">
    <testcase classname="EnhancedAnalyticsDashboard" name="renders dashboard header with title and controls" time="0.97">
    </testcase>
    <testcase classname="EnhancedAnalyticsDashboard" name="displays metric cards with key metrics" time="0.307">
    </testcase>
    <testcase classname="EnhancedAnalyticsDashboard" name="shows real-time monitoring alert when enabled" time="0.378">
    </testcase>
    <testcase classname="EnhancedAnalyticsDashboard" name="renders time range selector with default value" time="0.45">
    </testcase>
    <testcase classname="EnhancedAnalyticsDashboard" name="toggles real-time monitoring" time="0.273">
    </testcase>
    <testcase classname="EnhancedAnalyticsDashboard" name="handles refresh button click" time="0.687">
    </testcase>
    <testcase classname="EnhancedAnalyticsDashboard" name="renders navigation tabs and switches between them" time="0.142">
    </testcase>
    <testcase classname="EnhancedAnalyticsDashboard" name="calls onExport when export button is clicked" time="0.105">
    </testcase>
    <testcase classname="EnhancedAnalyticsDashboard" name="shows appropriate category labels for metrics" time="0.12">
    </testcase>
    <testcase classname="EnhancedAnalyticsDashboard" name="handles loading states properly" time="0.207">
    </testcase>
    <testcase classname="EnhancedAnalyticsDashboard" name="has proper accessibility attributes" time="0.111">
    </testcase>
    <testcase classname="EnhancedAnalyticsDashboard" name="formats metric values correctly" time="0.161">
    </testcase>
  </testsuite>
  <testsuite name="AdvancedGraphInteractions" errors="0" failures="0" skipped="0" timestamp="2025-10-16T03:09:21" time="37.02" tests="19">
    <testcase classname="AdvancedGraphInteractions" name="renders component header with node and edge counts" time="0.555">
    </testcase>
    <testcase classname="AdvancedGraphInteractions" name="displays control buttons in header" time="0.506">
    </testcase>
    <testcase classname="AdvancedGraphInteractions" name="renders all navigation tabs" time="0.081">
    </testcase>
    <testcase classname="AdvancedGraphInteractions" name="displays network analysis metrics by default" time="0.106">
    </testcase>
    <testcase classname="AdvancedGraphInteractions" name="switches to filters tab when clicked" time="0.512">
    </testcase>
    <testcase classname="AdvancedGraphInteractions" name="switches to communities tab when clicked" time="0.257">
    </testcase>
    <testcase classname="AdvancedGraphInteractions" name="switches to pathfinding tab when clicked" time="0.231">
    </testcase>
    <testcase classname="AdvancedGraphInteractions" name="displays community detection button and handles click" time="0.505">
    </testcase>
    <testcase classname="AdvancedGraphInteractions" name="handles layout algorithm selection" time="0.343">
    </testcase>
    <testcase classname="AdvancedGraphInteractions" name="handles centrality threshold slider changes" time="0.149">
    </testcase>
    <testcase classname="AdvancedGraphInteractions" name="toggles show communities switch" time="0.167">
    </testcase>
    <testcase classname="AdvancedGraphInteractions" name="handles node type filter chips" time="0.16">
    </testcase>
    <testcase classname="AdvancedGraphInteractions" name="calls onNodeSelect when provided" time="0.025">
    </testcase>
    <testcase classname="AdvancedGraphInteractions" name="calls onAnalysisRun when community detection is triggered" time="0.105">
    </testcase>
    <testcase classname="AdvancedGraphInteractions" name="displays metric cards with proper formatting" time="0.039">
    </testcase>
    <testcase classname="AdvancedGraphInteractions" name="shows proper category chips for metrics" time="0.03">
    </testcase>
    <testcase classname="AdvancedGraphInteractions" name="handles empty node and edge arrays gracefully" time="0.062">
    </testcase>
    <testcase classname="AdvancedGraphInteractions" name="has proper accessibility attributes" time="0.069">
    </testcase>
    <testcase classname="AdvancedGraphInteractions" name="enables advanced features by default" time="0.046">
    </testcase>
  </testsuite>
  <testsuite name="undefined" errors="0" failures="1" skipped="0" timestamp="2025-10-16T03:09:20" time="37.493" tests="1">
    <testcase classname="" name="chunking invariance (fuzz)" time="3.817">
      <failure>Error: Property failed after 1 tests
{ seed: -2025326610, path: &quot;0:0&quot;, endOnFailure: true }
Counterexample: [[]]
Shrunk 1 time(s)
Got TestingLibraryElementError: Found multiple elements with the role &quot;textbox&quot; and name `/assistant-input/i`

Here are the matching elements:

Ignored nodes: comments, script, style
&lt;input
  aria-invalid=&quot;false&quot;
  aria-label=&quot;assistant-input&quot;
  class=&quot;MuiInputBase-input MuiOutlinedInput-input css-16wblaj-MuiInputBase-input-MuiOutlinedInput-input&quot;
  id=&quot;:r7:&quot;
  placeholder=&quot;Ask me anything about your data...&quot;
  type=&quot;text&quot;
  value=&quot;&quot;
/&gt;

Ignored nodes: comments, script, style
&lt;input
  aria-invalid=&quot;false&quot;
  aria-label=&quot;assistant-input&quot;
  class=&quot;MuiInputBase-input MuiOutlinedInput-input css-16wblaj-MuiInputBase-input-MuiOutlinedInput-input&quot;
  id=&quot;:r19:&quot;
  placeholder=&quot;Ask me anything about your data...&quot;
  type=&quot;text&quot;
  value=&quot;&quot;
/&gt;

(If this is intentional, then use the `*AllBy*` variant of the query (like `queryAllByText`, `getAllByText`, or `findAllByText`)).

Ignored nodes: comments, script, style
&lt;body&gt;
  &lt;div&gt;
    &lt;div
      class=&quot;MuiBox-root css-1sm2s1z&quot;
    &gt;
      &lt;div
        class=&quot;MuiPaper-root MuiPaper-elevation MuiPaper-rounded MuiPaper-elevation1 css-keymb1-MuiPaper-root&quot;
        style=&quot;--Paper-shadow: 0px 2px 1px -1px rgba(0,0,0,0.2),0px 1px 1px 0px rgba(0,0,0,0.14),0px 1px 3px 0px rgba(0,0,0,0.12);&quot;
      &gt;
        &lt;div
          class=&quot;MuiBox-root css-1lekzkb&quot;
        &gt;
          &lt;div
            class=&quot;MuiBox-root css-j0ozid&quot;
          &gt;
            &lt;div
              class=&quot;MuiAvatar-root MuiAvatar-circular MuiAvatar-colorDefault css-1cz7le2-MuiAvatar-root&quot;
            &gt;
              &lt;svg
                aria-hidden=&quot;true&quot;
                class=&quot;MuiSvgIcon-root MuiSvgIcon-fontSizeMedium css-1umw9bq-MuiSvgIcon-root&quot;
                data-testid=&quot;SmartToyIcon&quot;
                focusable=&quot;false&quot;
                viewBox=&quot;0 0 24 24&quot;
              &gt;
                &lt;path
                  d=&quot;M20 9V7c0-1.1-.9-2-2-2h-3c0-1.66-1.34-3-3-3S9 3.34 9 5H6c-1.1 0-2 .9-2 2v2c-1.66 0-3 1.34-3 3s1.34 3 3 3v4c0 1.1.9 2 2 2h12c1.1 0 2-.9 2-2v-4c1.66 0 3-1.34 3-3s-1.34-3-3-3M7.5 11.5c0-.83.67-1.5 1.5-1.5s1.5.67 1.5 1.5S9.83 13 9 13s-1.5-.67-1.5-1.5M16 17H8v-2h8zm-1-4c-.83 0-1.5-.67-1.5-1.5S14.17 10 15 10s1.5.67 1.5 1.5S15.83 13 15 13&quot;
                /&gt;
              &lt;/svg&gt;
            &lt;/div&gt;
            &lt;div
              class=&quot;MuiBox-root css-0&quot;
            &gt;
              &lt;h6
                class=&quot;MuiTypography-root MuiTypography-h6 css-fe0fwj-MuiTypography-root&quot;
              &gt;
                IntelBot
              &lt;/h6&gt;
              &lt;span
                aria-label=&quot;assistant-status&quot;
                class=&quot;MuiTypography-root MuiTypography-caption css-1374baf-MuiTypography-root&quot;
                role=&quot;status&quot;
              &gt;
                Intelligence Analysis Assistant •
                 
                Typing...
              &lt;/span&gt;
            &lt;/div&gt;
          &lt;/div&gt;
          &lt;div
            class=&quot;MuiStack-root css-niqf4j-MuiStack-root&quot;
          &gt;
            &lt;button
              aria-label=&quot;Start Voice&quot;
              class=&quot;MuiButtonBase-root MuiIconButton-root MuiIconButton-sizeMedium css-53g0n7-MuiButtonBase-root-MuiIconButton-root&quot;
              tabindex=&quot;0&quot;
              type=&quot;button&quot;
            &gt;
              &lt;svg
                aria-hidden=&quot;true&quot;
                class=&quot;MuiSvgIcon-root MuiSvgIcon-fontSizeMedium css-1umw9bq-MuiSvgIcon-root&quot;
                data-testid=&quot;MicOffIcon&quot;
                focusable=&quot;false&quot;
                viewBox=&quot;0 0 24 24&quot;
              &gt;
                &lt;path
                  d=&quot;M19 11h-1.7c0 .74-.16 1.43-.43 2.05l1.23 1.23c.56-.98.9-2.09.9-3.28m-4.02.17c0-.06.02-.11.02-.17V5c0-1.66-1.34-3-3-3S9 3.34 9 5v.18zM4.27 3 3 4.27l6.01 6.01V11c0 1.66 1.33 3 2.99 3 .22 0 .44-.03.65-.08l1.66 1.66c-.71.33-1.5.52-2.31.52-2.76 0-5.3-2.1-5.3-5.1H5c0 3.41 2.72 6.23 6 6.72V21h2v-3.28c.91-.13 1.77-.45 2.54-.9L19.73 21 21 19.73z&quot;
                /&gt;
              &lt;/svg&gt;
            &lt;/button&gt;
            &lt;button
              aria-label=&quot;Settings&quot;
              class=&quot;MuiButtonBase-root MuiIconButton-root MuiIconButton-sizeMedium css-53g0n7-MuiButtonBase-root-MuiIconButton-root&quot;
              tabindex=&quot;0&quot;
              type=&quot;button&quot;
            &gt;
              &lt;svg
                aria-hidden=&quot;true&quot;
                class=&quot;MuiSvgIcon-root MuiSvgIcon-fontSizeMedium css-1umw9bq-MuiSvgIcon-root&quot;
                data-testid=&quot;SettingsIcon&quot;
                focusable=&quot;false&quot;
                viewBox=&quot;0 0 24 24&quot;
              &gt;
                &lt;path
                  d=&quot;M19.14 12.94c.04-.3.06-.61.06-.94 0-.32-.02-.64-.07-.94l2.03-1.58c.18-.14.23-.41.12-.61l-1.92-3.32c-.12-.22-.37-.29-.59-.22l-2.39.96c-.5-.38-1.03-.7-1.62-.94l-.36-2.54c-.04-.24-.24-.41-.48-.41h-3.84c-.24 0-.43.17-.47.41l-.36 2.54c-.59.24-1.13.57-1.62.94l-2.39-.96c-.22-.08-.47 0-.59.22L2.74 8.87c-.12.21-.08.47.12.61l2.03 1.58c-.05.3-.09.63-.09.94s.02.64.07.94l-2.03 1.58c-.18.14-.23.41-.12.61l1.92 3.32c.12.22.37.29.59.22l2.39-.96c.5.38 1.03.7 1.62.94l.36 2.54c.05.24.24.41.48.41h3.84c.24 0 .44-.17.47-.41l.36-2.54c.59-.24 1.13-.56 1.62-.94l2.39.96c.22.08.47 0 .59-.22l1.92-3.32c.12-.22.07-.47-.12-.61zM12 15.6c-1.98 0-3.6-1.62-3.6-3.6s1.62-3.6 3.6-3.6 3.6 1.62 3.6 3.6-1.62 3.6-3.6 3.6&quot;
                /&gt;
              &lt;/svg&gt;
            &lt;/button&gt;
          &lt;/div&gt;
        &lt;/div&gt;
      &lt;/div&gt;
      &lt;div
        aria-live=&quot;polite&quot;
        class=&quot;MuiBox-root css-16jc2nm&quot;
        data-testid=&quot;message-log&quot;
        role=&quot;log&quot;
      &gt;
        &lt;div
          aria-label=&quot;assistant&quot;
          role=&quot;article&quot;
        &gt;
          &lt;div
            class=&quot;MuiBox-root css-t8hy5&quot;
          &gt;
            &lt;div
              class=&quot;MuiAvatar-root MuiAvatar-circular MuiAvatar-colorDefault css-1l53gx1-MuiAvatar-root&quot;
            &gt;
              &lt;svg
                aria-hidden=&quot;true&quot;
                class=&quot;MuiSvgIcon-root MuiSvgIcon-fontSizeSmall css-120dh41-MuiSvgIcon-root&quot;
                data-testid=&quot;SmartToyIcon&quot;
                focusable=&quot;false&quot;
                viewBox=&quot;0 0 24 24&quot;
              &gt;
                &lt;path
                  d=&quot;M20 9V7c0-1.1-.9-2-2-2h-3c0-1.66-1.34-3-3-3S9 3.34 9 5H6c-1.1 0-2 .9-2 2v2c-1.66 0-3 1.34-3 3s1.34 3 3 3v4c0 1.1.9 2 2 2h12c1.1 0 2-.9 2-2v-4c1.66 0 3-1.34 3-3s-1.34-3-3-3M7.5 11.5c0-.83.67-1.5 1.5-1.5s1.5.67 1.5 1.5S9.83 13 9 13...
    at Object.getElementError (/Users/brianlong/Developer/summit/client/node_modules/@testing-library/dom/dist/config.js:37:19)
    at getElementError (/Users/brianlong/Developer/summit/client/node_modules/@testing-library/dom/dist/query-helpers.js:20:35)
    at getMultipleElementsFoundError (/Users/brianlong/Developer/summit/client/node_modules/@testing-library/dom/dist/query-helpers.js:23:10)
    at /Users/brianlong/Developer/summit/client/node_modules/@testing-library/dom/dist/query-helpers.js:55:13
    at /Users/brianlong/Developer/summit/client/node_modules/@testing-library/dom/dist/query-helpers.js:95:19
    at /Users/brianlong/Developer/summit/client/src/components/ai-enhanced/tests/assistant.chunking.fuzz.test.tsx:36:18
    at AsyncProperty.predicate (/Users/brianlong/Developer/summit/node_modules/fast-check/lib/check/property/AsyncProperty.js:17:96)
    at AsyncProperty.run (/Users/brianlong/Developer/summit/node_modules/fast-check/lib/check/property/AsyncProperty.generic.js:49:39)
    at asyncRunIt (/Users/brianlong/Developer/summit/node_modules/fast-check/lib/check/runner/Runner.js:37:36)
    at Object.&lt;anonymous&gt; (/Users/brianlong/Developer/summit/client/src/components/ai-enhanced/tests/assistant.chunking.fuzz.test.tsx:20:3)

Hint: Enable verbose mode in order to have the list of all failing values encountered during the run
    at buildError (/Users/brianlong/Developer/summit/node_modules/fast-check/lib/check/runner/utils/RunDetailsFormatter.js:132:15)
    at asyncThrowIfFailed (/Users/brianlong/Developer/summit/node_modules/fast-check/lib/check/runner/utils/RunDetailsFormatter.js:149:11)</failure>
    </testcase>
  </testsuite>
  <testsuite name="ToastContainer" errors="0" failures="1" skipped="0" timestamp="2025-10-16T03:09:58" time="1.237" tests="16">
    <testcase classname="ToastContainer" name="renders toast provider without errors" time="0.088">
    </testcase>
    <testcase classname="ToastContainer" name="adds and displays a toast" time="0.137">
    </testcase>
    <testcase classname="ToastContainer" name="displays different toast types with correct styling" time="0.036">
    </testcase>
    <testcase classname="ToastContainer" name="toast displays correct icons" time="0.018">
    </testcase>
    <testcase classname="ToastContainer" name="toast auto-dismisses after duration" time="0.045">
    </testcase>
    <testcase classname="ToastContainer" name="toast can be manually dismissed" time="0.018">
    </testcase>
    <testcase classname="ToastContainer" name="clear all toasts works" time="0.02">
    </testcase>
    <testcase classname="ToastContainer" name="respects maxToasts limit" time="0.03">
    </testcase>
    <testcase classname="ToastContainer" name="toast positioning works correctly" time="0.021">
    </testcase>
    <testcase classname="ToastContainer" name="toast with action button works" time="0.018">
    </testcase>
    <testcase classname="ToastContainer" name="toast animation classes are applied" time="0.016">
    </testcase>
    <testcase classname="ToastContainer" name="useToast throws error when used outside provider" time="0.009">
      <failure>TestingLibraryElementError: Unable to find an element with the text: /Error caught/. This could be because the text is broken up by multiple elements. In this case, you can provide a function for your text matcher to make your matcher more flexible.

Ignored nodes: comments, script, style
&lt;body&gt;
  &lt;div&gt;
    &lt;div&gt;
      Should not render
    &lt;/div&gt;
  &lt;/div&gt;
&lt;/body&gt;
    at Object.getElementError (/Users/brianlong/Developer/summit/client/node_modules/@testing-library/dom/dist/config.js:37:19)
    at /Users/brianlong/Developer/summit/client/node_modules/@testing-library/dom/dist/query-helpers.js:76:38
    at /Users/brianlong/Developer/summit/client/node_modules/@testing-library/dom/dist/query-helpers.js:52:17
    at /Users/brianlong/Developer/summit/client/node_modules/@testing-library/dom/dist/query-helpers.js:95:19
    at Object.&lt;anonymous&gt; (/Users/brianlong/Developer/summit/client/src/components/__tests__/ToastContainer.test.tsx:263:19)
    at Promise.finally.completed (/Users/brianlong/Developer/summit/client/node_modules/jest-circus/build/jestAdapterInit.js:1556:28)
    at new Promise (&lt;anonymous&gt;)
    at callAsyncCircusFn (/Users/brianlong/Developer/summit/client/node_modules/jest-circus/build/jestAdapterInit.js:1496:10)
    at _callCircusTest (/Users/brianlong/Developer/summit/client/node_modules/jest-circus/build/jestAdapterInit.js:1006:40)
    at _runTest (/Users/brianlong/Developer/summit/client/node_modules/jest-circus/build/jestAdapterInit.js:946:3)
    at _runTestsForDescribeBlock (/Users/brianlong/Developer/summit/client/node_modules/jest-circus/build/jestAdapterInit.js:839:13)
    at _runTestsForDescribeBlock (/Users/brianlong/Developer/summit/client/node_modules/jest-circus/build/jestAdapterInit.js:829:11)
    at run (/Users/brianlong/Developer/summit/client/node_modules/jest-circus/build/jestAdapterInit.js:757:3)
    at runAndTransformResultsToJestFormat (/Users/brianlong/Developer/summit/client/node_modules/jest-circus/build/jestAdapterInit.js:1917:21)
    at jestAdapter (/Users/brianlong/Developer/summit/client/node_modules/jest-circus/build/runner.js:101:19)
    at runTestInternal (/Users/brianlong/Developer/summit/client/node_modules/jest-runner/build/testWorker.js:275:16)
    at runTest (/Users/brianlong/Developer/summit/client/node_modules/jest-runner/build/testWorker.js:343:7)
    at Object.worker (/Users/brianlong/Developer/summit/client/node_modules/jest-runner/build/testWorker.js:497:12)</failure>
    </testcase>
    <testcase classname="ToastContainer Performance" name="handles rapid toast additions without performance issues" time="0.02">
    </testcase>
    <testcase classname="ToastContainer Performance" name="cleanup works properly when component unmounts" time="0.005">
    </testcase>
    <testcase classname="ToastContainer Accessibility" name="toast container has proper ARIA attributes" time="0.004">
    </testcase>
    <testcase classname="ToastContainer Accessibility" name="close button has proper screen reader text" time="0.003">
    </testcase>
  </testsuite>
  <testsuite name="LaunchableOrchestrator" errors="0" failures="0" skipped="0" timestamp="2025-10-16T03:09:58" time="2.11" tests="6">
    <testcase classname="LaunchableOrchestrator" name="starts all modules and exposes running statuses" time="0.214">
    </testcase>
    <testcase classname="LaunchableOrchestrator" name="dispatches composite launch task across all modules" time="0.471">
    </testcase>
    <testcase classname="LaunchableOrchestrator" name="surfaces errors when an action is unsupported" time="0.206">
    </testcase>
    <testcase classname="LaunchableOrchestrator" name="surfaces errors when a module is missing" time="0.305">
    </testcase>
    <testcase classname="LaunchableOrchestrator" name="emits task lifecycle events" time="0.248">
    </testcase>
    <testcase classname="LaunchableOrchestrator" name="validates mission presets against the orchestrator catalog" time="0.249">
    </testcase>
  </testsuite>
  <testsuite name="ModelManagementDashboard" errors="0" failures="0" skipped="0" timestamp="2025-10-16T03:09:58" time="2.833" tests="28">
    <testcase classname="ModelManagementDashboard" name="renders MLOps dashboard header" time="0.065">
    </testcase>
    <testcase classname="ModelManagementDashboard" name="renders view tabs" time="0.037">
    </testcase>
    <testcase classname="ModelManagementDashboard" name="renders search and filters" time="0.054">
    </testcase>
    <testcase classname="ModelManagementDashboard" name="displays models by default" time="0.024">
    </testcase>
    <testcase classname="ModelManagementDashboard" name="switches between view tabs" time="0.205">
    </testcase>
    <testcase classname="ModelManagementDashboard" name="filters models by search query" time="0.212">
    </testcase>
    <testcase classname="ModelManagementDashboard" name="filters models by status" time="0.076">
    </testcase>
    <testcase classname="ModelManagementDashboard" name="selects model and shows details" time="0.051">
    </testcase>
    <testcase classname="ModelManagementDashboard" name="calls model select callback" time="0.049">
    </testcase>
    <testcase classname="ModelManagementDashboard" name="shows deploy button for non-production models" time="0.037">
    </testcase>
    <testcase classname="ModelManagementDashboard" name="hides deploy button for production models" time="0.062">
    </testcase>
    <testcase classname="ModelManagementDashboard" name="handles model deployment" time="0.069">
    </testcase>
    <testcase classname="ModelManagementDashboard" name="displays model performance metrics" time="0.26">
    </testcase>
    <testcase classname="ModelManagementDashboard" name="displays model environment information" time="0.04">
    </testcase>
    <testcase classname="ModelManagementDashboard" name="shows training job progress" time="0.06">
    </testcase>
    <testcase classname="ModelManagementDashboard" name="shows training job resource usage" time="0.059">
    </testcase>
    <testcase classname="ModelManagementDashboard" name="expands training job logs" time="0.04">
    </testcase>
    <testcase classname="ModelManagementDashboard" name="handles experiment selection" time="0.047">
    </testcase>
    <testcase classname="ModelManagementDashboard" name="displays experiment results" time="0.108">
    </testcase>
    <testcase classname="ModelManagementDashboard" name="shows monitoring placeholder" time="0.076">
    </testcase>
    <testcase classname="ModelManagementDashboard" name="handles investigation ID prop" time="0.046">
    </testcase>
    <testcase classname="ModelManagementDashboard" name="applies custom className" time="0.017">
    </testcase>
    <testcase classname="ModelManagementDashboard" name="displays status indicators correctly" time="0.015">
    </testcase>
    <testcase classname="ModelManagementDashboard" name="shows model tags" time="0.017">
    </testcase>
    <testcase classname="ModelManagementDashboard" name="handles empty search results" time="0.12">
    </testcase>
    <testcase classname="ModelManagementDashboard" name="updates model count in tab labels" time="0.083">
    </testcase>
    <testcase classname="ModelManagementDashboard" name="shows model endpoints when available" time="0.11">
    </testcase>
    <testcase classname="ModelManagementDashboard" name="handles hover states on model cards" time="0.242">
    </testcase>
  </testsuite>
  <testsuite name="StatsOverview" errors="0" failures="0" skipped="0" timestamp="2025-10-16T03:09:59" time="2.572" tests="2">
    <testcase classname="StatsOverview" name="renders server stats correctly" time="0.105">
    </testcase>
    <testcase classname="StatsOverview" name="shows loading state" time="0.064">
    </testcase>
  </testsuite>
  <testsuite name="AuditDashboard" errors="0" failures="0" skipped="0" timestamp="2025-10-16T03:10:02" time="0.335" tests="1">
    <testcase classname="AuditDashboard" name="renders logs and resolutions" time="0.02">
    </testcase>
  </testsuite>
  <testsuite name="undefined" errors="0" failures="0" skipped="0" timestamp="2025-10-16T03:10:01" time="1.672" tests="1">
    <testcase classname="" name="renders IntelGraph test app content" time="0.039">
    </testcase>
  </testsuite>
  <testsuite name="undefined" errors="0" failures="0" skipped="0" timestamp="2025-10-16T03:10:00" time="2.845" tests="1">
    <testcase classname="" name="increments alert badge on ALERT_EVT" time="0.124">
    </testcase>
  </testsuite>
  <testsuite name="analyzeText" errors="0" failures="0" skipped="0" timestamp="2025-10-16T03:10:02" time="0.795" tests="2">
    <testcase classname="analyzeText" name="detects emotional language" time="0.003">
    </testcase>
    <testcase classname="analyzeText" name="detects bias phrases" time="0.001">
    </testcase>
  </testsuite>
  <testsuite name="undefined" errors="0" failures="0" skipped="0" timestamp="2025-10-16T03:10:02" time="0.975" tests="1">
    <testcase classname="" name="increments alert badge on ALERT_EVT" time="0.125">
    </testcase>
  </testsuite>
  <testsuite name="DsarReviewer" errors="0" failures="0" skipped="0" timestamp="2025-10-16T03:10:03" time="0.689" tests="2">
    <testcase classname="DsarReviewer" name="renders requests and surfaces replay actions" time="0.177">
    </testcase>
    <testcase classname="DsarReviewer" name="shows request details when selected" time="0.058">
    </testcase>
  </testsuite>
  <testsuite name="undefined" errors="0" failures="0" skipped="0" timestamp="2025-10-16T03:10:03" time="1.061" tests="1">
    <testcase classname="" name="renders IntelGraph test app content" time="0.3">
    </testcase>
  </testsuite>
  <testsuite name="undefined" errors="0" failures="0" skipped="0" timestamp="2025-10-16T03:10:04" time="0.933" tests="1">
    <testcase classname="" name="mounts TestApp without crashing" time="0.032">
    </testcase>
  </testsuite>
  <testsuite name="NarrativeBuilder" errors="0" failures="0" skipped="0" timestamp="2025-10-16T03:10:04" time="1.076" tests="1">
    <testcase classname="NarrativeBuilder" name="blocks publish when citations missing" time="0.064">
    </testcase>
  </testsuite>
  <testsuite name="PresenceAvatars" errors="0" failures="0" skipped="0" timestamp="2025-10-16T03:10:04" time="1.599" tests="1">
    <testcase classname="PresenceAvatars" name="renders user initials" time="0.052">
    </testcase>
  </testsuite>
  <testsuite name="hypothesis store" errors="0" failures="0" skipped="0" timestamp="2025-10-16T03:10:05" time="0.691" tests="1">
    <testcase classname="hypothesis store" name="updates with evidence weight" time="0.004">
    </testcase>
  </testsuite>
  <testsuite name="undefined" errors="0" failures="0" skipped="0" timestamp="2025-10-16T03:10:05" time="0.65" tests="1">
    <testcase classname="" name="fetch transport streams tokens then done" time="0.008">
    </testcase>
  </testsuite>
  <testsuite name="undefined" errors="0" failures="0" skipped="0" timestamp="2025-10-16T03:10:05" time="1.153" tests="1">
    <testcase classname="" name="mounts TestApp without crashing" time="0.1">
    </testcase>
  </testsuite>
  <testsuite name="InteractiveGraphCanvas" errors="0" failures="3" skipped="0" timestamp="2025-10-16T03:10:07" time="0.662" tests="6">
    <testcase classname="InteractiveGraphCanvas" name="renders canvas element and control buttons" time="0.068">
    </testcase>
    <testcase classname="InteractiveGraphCanvas" name="handles canvas mouse events" time="0.023">
      <failure>Error: expect(jest.fn()).toHaveBeenCalled()

Expected number of calls: &gt;= 1
Received number of calls:    0
    at Object.&lt;anonymous&gt; (/Users/brianlong/Developer/summit/client/src/components/visualization/__tests__/InteractiveGraphCanvas.test.tsx:134:35)
    at Promise.finally.completed (/Users/brianlong/Developer/summit/client/node_modules/jest-circus/build/jestAdapterInit.js:1556:28)
    at new Promise (&lt;anonymous&gt;)
    at callAsyncCircusFn (/Users/brianlong/Developer/summit/client/node_modules/jest-circus/build/jestAdapterInit.js:1496:10)
    at _callCircusTest (/Users/brianlong/Developer/summit/client/node_modules/jest-circus/build/jestAdapterInit.js:1006:40)
    at processTicksAndRejections (node:internal/process/task_queues:95:5)
    at _runTest (/Users/brianlong/Developer/summit/client/node_modules/jest-circus/build/jestAdapterInit.js:946:3)
    at _runTestsForDescribeBlock (/Users/brianlong/Developer/summit/client/node_modules/jest-circus/build/jestAdapterInit.js:839:13)
    at _runTestsForDescribeBlock (/Users/brianlong/Developer/summit/client/node_modules/jest-circus/build/jestAdapterInit.js:829:11)
    at run (/Users/brianlong/Developer/summit/client/node_modules/jest-circus/build/jestAdapterInit.js:757:3)
    at runAndTransformResultsToJestFormat (/Users/brianlong/Developer/summit/client/node_modules/jest-circus/build/jestAdapterInit.js:1917:21)
    at jestAdapter (/Users/brianlong/Developer/summit/client/node_modules/jest-circus/build/runner.js:101:19)
    at runTestInternal (/Users/brianlong/Developer/summit/client/node_modules/jest-runner/build/testWorker.js:275:16)
    at runTest (/Users/brianlong/Developer/summit/client/node_modules/jest-runner/build/testWorker.js:343:7)
    at Object.worker (/Users/brianlong/Developer/summit/client/node_modules/jest-runner/build/testWorker.js:497:12)</failure>
    </testcase>
    <testcase classname="InteractiveGraphCanvas" name="handles wheel events for zooming" time="0.009">
      <failure>Error: expect(jest.fn()).toHaveBeenCalled()

Expected number of calls: &gt;= 1
Received number of calls:    0
    at Object.&lt;anonymous&gt; (/Users/brianlong/Developer/summit/client/src/components/visualization/__tests__/InteractiveGraphCanvas.test.tsx:145:35)
    at Promise.finally.completed (/Users/brianlong/Developer/summit/client/node_modules/jest-circus/build/jestAdapterInit.js:1556:28)
    at new Promise (&lt;anonymous&gt;)
    at callAsyncCircusFn (/Users/brianlong/Developer/summit/client/node_modules/jest-circus/build/jestAdapterInit.js:1496:10)
    at _callCircusTest (/Users/brianlong/Developer/summit/client/node_modules/jest-circus/build/jestAdapterInit.js:1006:40)
    at processTicksAndRejections (node:internal/process/task_queues:95:5)
    at _runTest (/Users/brianlong/Developer/summit/client/node_modules/jest-circus/build/jestAdapterInit.js:946:3)
    at _runTestsForDescribeBlock (/Users/brianlong/Developer/summit/client/node_modules/jest-circus/build/jestAdapterInit.js:839:13)
    at _runTestsForDescribeBlock (/Users/brianlong/Developer/summit/client/node_modules/jest-circus/build/jestAdapterInit.js:829:11)
    at run (/Users/brianlong/Developer/summit/client/node_modules/jest-circus/build/jestAdapterInit.js:757:3)
    at runAndTransformResultsToJestFormat (/Users/brianlong/Developer/summit/client/node_modules/jest-circus/build/jestAdapterInit.js:1917:21)
    at jestAdapter (/Users/brianlong/Developer/summit/client/node_modules/jest-circus/build/runner.js:101:19)
    at runTestInternal (/Users/brianlong/Developer/summit/client/node_modules/jest-runner/build/testWorker.js:275:16)
    at runTest (/Users/brianlong/Developer/summit/client/node_modules/jest-runner/build/testWorker.js:343:7)
    at Object.worker (/Users/brianlong/Developer/summit/client/node_modules/jest-runner/build/testWorker.js:497:12)</failure>
    </testcase>
    <testcase classname="InteractiveGraphCanvas" name="applies custom className" time="0.014">
    </testcase>
    <testcase classname="InteractiveGraphCanvas" name="supports all layout algorithms via props" time="0.009">
      <failure>Error: expect(jest.fn()).toHaveBeenCalled()

Expected number of calls: &gt;= 1
Received number of calls:    0
    at Object.&lt;anonymous&gt; (/Users/brianlong/Developer/summit/client/src/components/visualization/__tests__/InteractiveGraphCanvas.test.tsx:164:35)
    at Promise.finally.completed (/Users/brianlong/Developer/summit/client/node_modules/jest-circus/build/jestAdapterInit.js:1556:28)
    at new Promise (&lt;anonymous&gt;)
    at callAsyncCircusFn (/Users/brianlong/Developer/summit/client/node_modules/jest-circus/build/jestAdapterInit.js:1496:10)
    at _callCircusTest (/Users/brianlong/Developer/summit/client/node_modules/jest-circus/build/jestAdapterInit.js:1006:40)
    at processTicksAndRejections (node:internal/process/task_queues:95:5)
    at _runTest (/Users/brianlong/Developer/summit/client/node_modules/jest-circus/build/jestAdapterInit.js:946:3)
    at _runTestsForDescribeBlock (/Users/brianlong/Developer/summit/client/node_modules/jest-circus/build/jestAdapterInit.js:839:13)
    at _runTestsForDescribeBlock (/Users/brianlong/Developer/summit/client/node_modules/jest-circus/build/jestAdapterInit.js:829:11)
    at run (/Users/brianlong/Developer/summit/client/node_modules/jest-circus/build/jestAdapterInit.js:757:3)
    at runAndTransformResultsToJestFormat (/Users/brianlong/Developer/summit/client/node_modules/jest-circus/build/jestAdapterInit.js:1917:21)
    at jestAdapter (/Users/brianlong/Developer/summit/client/node_modules/jest-circus/build/runner.js:101:19)
    at runTestInternal (/Users/brianlong/Developer/summit/client/node_modules/jest-runner/build/testWorker.js:275:16)
    at runTest (/Users/brianlong/Developer/summit/client/node_modules/jest-runner/build/testWorker.js:343:7)
    at Object.worker (/Users/brianlong/Developer/summit/client/node_modules/jest-runner/build/testWorker.js:497:12)</failure>
    </testcase>
    <testcase classname="InteractiveGraphCanvas" name="requests animation frames and cleans up on unmount" time="0.007">
    </testcase>
  </testsuite>
  <testsuite name="TemporalAnalysis" errors="0" failures="2" skipped="0" timestamp="2025-10-16T03:10:07" time="0.788" tests="15">
    <testcase classname="TemporalAnalysis" name="renders header and controls" time="0.099">
    </testcase>
    <testcase classname="TemporalAnalysis" name="renders timeline visualization area" time="0.012">
    </testcase>
    <testcase classname="TemporalAnalysis" name="renders event statistics" time="0.022">
    </testcase>
    <testcase classname="TemporalAnalysis" name="handles timeline visualization clicks" time="0.015">
    </testcase>
    <testcase classname="TemporalAnalysis" name="handles investigation ID prop" time="0.004">
    </testcase>
    <testcase classname="TemporalAnalysis" name="calls event selection callback" time="0.005">
    </testcase>
    <testcase classname="TemporalAnalysis" name="shows event details on hover" time="0.006">
    </testcase>
    <testcase classname="TemporalAnalysis" name="handles wheel events for zooming when enabled" time="0.015">
    </testcase>
    <testcase classname="TemporalAnalysis" name="ignores wheel events when zoom disabled" time="0.005">
    </testcase>
    <testcase classname="TemporalAnalysis" name="applies custom className" time="0.005">
    </testcase>
    <testcase classname="TemporalAnalysis" name="displays cluster/anomaly statistics" time="0.003">
    </testcase>
    <testcase classname="TemporalAnalysis" name="handles component unmount cleanly" time="0.014">
      <failure>Error: expect(jest.fn()).toHaveBeenCalled()

Expected number of calls: &gt;= 1
Received number of calls:    0
    at Object.&lt;anonymous&gt; (/Users/brianlong/Developer/summit/client/src/components/timeline/__tests__/TemporalAnalysis.test.tsx:151:35)
    at Promise.finally.completed (/Users/brianlong/Developer/summit/client/node_modules/jest-circus/build/jestAdapterInit.js:1556:28)
    at new Promise (&lt;anonymous&gt;)
    at callAsyncCircusFn (/Users/brianlong/Developer/summit/client/node_modules/jest-circus/build/jestAdapterInit.js:1496:10)
    at _callCircusTest (/Users/brianlong/Developer/summit/client/node_modules/jest-circus/build/jestAdapterInit.js:1006:40)
    at processTicksAndRejections (node:internal/process/task_queues:95:5)
    at _runTest (/Users/brianlong/Developer/summit/client/node_modules/jest-circus/build/jestAdapterInit.js:946:3)
    at _runTestsForDescribeBlock (/Users/brianlong/Developer/summit/client/node_modules/jest-circus/build/jestAdapterInit.js:839:13)
    at _runTestsForDescribeBlock (/Users/brianlong/Developer/summit/client/node_modules/jest-circus/build/jestAdapterInit.js:829:11)
    at run (/Users/brianlong/Developer/summit/client/node_modules/jest-circus/build/jestAdapterInit.js:757:3)
    at runAndTransformResultsToJestFormat (/Users/brianlong/Developer/summit/client/node_modules/jest-circus/build/jestAdapterInit.js:1917:21)
    at jestAdapter (/Users/brianlong/Developer/summit/client/node_modules/jest-circus/build/runner.js:101:19)
    at runTestInternal (/Users/brianlong/Developer/summit/client/node_modules/jest-runner/build/testWorker.js:275:16)
    at runTest (/Users/brianlong/Developer/summit/client/node_modules/jest-runner/build/testWorker.js:343:7)
    at Object.worker (/Users/brianlong/Developer/summit/client/node_modules/jest-runner/build/testWorker.js:497:12)</failure>
    </testcase>
    <testcase classname="TemporalAnalysis" name="maintains responsive layout" time="0.017">
    </testcase>
    <testcase classname="TemporalAnalysis" name="handles drag interactions" time="0.009">
    </testcase>
    <testcase classname="TemporalAnalysis" name="handles keyboard navigation" time="0.013">
      <failure>TestingLibraryElementError: Unable to find an element by: [data-testid=&quot;timeline-visualization&quot;]

Ignored nodes: comments, script, style
&lt;body&gt;
  &lt;div&gt;
    &lt;div
      class=&quot;temporal-analysis &quot;
    &gt;
      &lt;div
        class=&quot;flex items-center justify-between mb-4 p-3 bg-gray-50 rounded-lg&quot;
      &gt;
        &lt;div
          class=&quot;flex items-center gap-4&quot;
        &gt;
          &lt;h3
            class=&quot;font-semibold text-gray-900&quot;
          &gt;
            Temporal Analysis
          &lt;/h3&gt;
          &lt;span
            class=&quot;text-sm text-gray-600&quot;
          &gt;
            0
             events | Zoom: 
            1.0
            x
          &lt;/span&gt;
        &lt;/div&gt;
        &lt;div
          class=&quot;flex gap-2&quot;
        &gt;
          &lt;button
            class=&quot;px-3 py-1 bg-white border rounded hover:bg-gray-50 text-sm&quot;
          &gt;
            🔍+
          &lt;/button&gt;
          &lt;button
            class=&quot;px-3 py-1 bg-white border rounded hover:bg-gray-50 text-sm&quot;
          &gt;
            🔍-
          &lt;/button&gt;
          &lt;button
            class=&quot;px-3 py-1 bg-white border rounded hover:bg-gray-50 text-sm&quot;
          &gt;
            Reset
          &lt;/button&gt;
        &lt;/div&gt;
      &lt;/div&gt;
      &lt;div
        class=&quot;relative&quot;
      &gt;
        &lt;canvas
          class=&quot;border rounded-lg cursor-crosshair&quot;
          height=&quot;400&quot;
          style=&quot;background-color: white;&quot;
          width=&quot;1000&quot;
        /&gt;
      &lt;/div&gt;
      &lt;div
        class=&quot;mt-4 grid grid-cols-4 gap-4 text-sm&quot;
      &gt;
        &lt;div
          class=&quot;bg-white p-3 rounded-lg border&quot;
        &gt;
          &lt;div
            class=&quot;font-medium text-gray-900&quot;
          &gt;
            Total Events
          &lt;/div&gt;
          &lt;div
            class=&quot;text-2xl font-bold text-blue-600&quot;
          &gt;
            0
          &lt;/div&gt;
        &lt;/div&gt;
        &lt;div
          class=&quot;bg-white p-3 rounded-lg border&quot;
        &gt;
          &lt;div
            class=&quot;font-medium text-gray-900&quot;
          &gt;
            Critical Events
          &lt;/div&gt;
          &lt;div
            class=&quot;text-2xl font-bold text-red-600&quot;
          &gt;
            0
          &lt;/div&gt;
        &lt;/div&gt;
        &lt;div
          class=&quot;bg-white p-3 rounded-lg border&quot;
        &gt;
          &lt;div
            class=&quot;font-medium text-gray-900&quot;
          &gt;
            Event Clusters
          &lt;/div&gt;
          &lt;div
            class=&quot;text-2xl font-bold text-green-600&quot;
          &gt;
            0
          &lt;/div&gt;
        &lt;/div&gt;
        &lt;div
          class=&quot;bg-white p-3 rounded-lg border&quot;
        &gt;
          &lt;div
            class=&quot;font-medium text-gray-900&quot;
          &gt;
            Anomalies
          &lt;/div&gt;
          &lt;div
            class=&quot;text-2xl font-bold text-orange-600&quot;
          &gt;
            0
          &lt;/div&gt;
        &lt;/div&gt;
      &lt;/div&gt;
    &lt;/div&gt;
  &lt;/div&gt;
&lt;/body&gt;
    at Object.getElementError (/Users/brianlong/Developer/summit/client/node_modules/@testing-library/dom/dist/config.js:37:19)
    at /Users/brianlong/Developer/summit/client/node_modules/@testing-library/dom/dist/query-helpers.js:76:38
    at /Users/brianlong/Developer/summit/client/node_modules/@testing-library/dom/dist/query-helpers.js:52:17
    at /Users/brianlong/Developer/summit/client/node_modules/@testing-library/dom/dist/query-helpers.js:95:19
    at Object.&lt;anonymous&gt; (/Users/brianlong/Developer/summit/client/src/components/timeline/__tests__/TemporalAnalysis.test.tsx:181:32)
    at Promise.finally.completed (/Users/brianlong/Developer/summit/client/node_modules/jest-circus/build/jestAdapterInit.js:1556:28)
    at new Promise (&lt;anonymous&gt;)
    at callAsyncCircusFn (/Users/brianlong/Developer/summit/client/node_modules/jest-circus/build/jestAdapterInit.js:1496:10)
    at _callCircusTest (/Users/brianlong/Developer/summit/client/node_modules/jest-circus/build/jestAdapterInit.js:1006:40)
    at processTicksAndRejections (node:internal/process/task_queues:95:5)
    at _runTest (/Users/brianlong/Developer/summit/client/node_modules/jest-circus/build/jestAdapterInit.js:946:3)
    at _runTestsForDescribeBlock (/Users/brianlong/Developer/summit/client/node_modules/jest-circus/build/jestAdapterInit.js:839:13)
    at _runTestsForDescribeBlock (/Users/brianlong/Developer/summit/client/node_modules/jest-circus/build/jestAdapterInit.js:829:11)
    at run (/Users/brianlong/Developer/summit/client/node_modules/jest-circus/build/jestAdapterInit.js:757:3)
    at runAndTransformResultsToJestFormat (/Users/brianlong/Developer/summit/client/node_modules/jest-circus/build/jestAdapterInit.js:1917:21)
    at jestAdapter (/Users/brianlong/Developer/summit/client/node_modules/jest-circus/build/runner.js:101:19)
    at runTestInternal (/Users/brianlong/Developer/summit/client/node_modules/jest-runner/build/testWorker.js:275:16)
    at runTest (/Users/brianlong/Developer/summit/client/node_modules/jest-runner/build/testWorker.js:343:7)
    at Object.worker (/Users/brianlong/Developer/summit/client/node_modules/jest-runner/build/testWorker.js:497:12)</failure>
    </testcase>
  </testsuite>
  <testsuite name="chunk-boundary invariance" errors="0" failures="5" skipped="0" timestamp="2025-10-16T03:09:21" time="47.574" tests="5">
    <testcase classname="chunk-boundary invariance" name="renders correctly for cuts=[]" time="3.819">
      <failure>Error: No assistant messages found

Ignored nodes: comments, script, style
&lt;html&gt;
  &lt;head&gt;
    &lt;meta
      content=&quot;&quot;
      name=&quot;emotion-insertion-point&quot;
    /&gt;
  &lt;/head&gt;
  &lt;body&gt;
    &lt;div&gt;
      &lt;div
        class=&quot;MuiBox-root css-1sm2s1z&quot;
      &gt;
        &lt;div
          class=&quot;MuiPaper-root MuiPaper-elevation MuiPaper-rounded MuiPaper-elevation1 css-keymb1-MuiPaper-root&quot;
          style=&quot;--Paper-shadow: 0px 2px 1px -1px rgba(0,0,0,0.2),0px 1px 1px 0px rgba(0,0,0,0.14),0px 1px 3px 0px rgba(0,0,0,0.12);&quot;
        &gt;
          &lt;div
            class=&quot;MuiBox-root css-1lekzkb&quot;
          &gt;
            &lt;div
              class=&quot;MuiBox-root css-j0ozid&quot;
            &gt;
              &lt;div
                class=&quot;MuiAvatar-root MuiAvatar-circular MuiAvatar-colorDefault css-1cz7le2-MuiAvatar-root&quot;
              &gt;
                &lt;svg
                  aria-hidden=&quot;true&quot;
                  class=&quot;MuiSvgIcon-root MuiSvgIcon-fontSizeMedium css-1umw9bq-MuiSvgIcon-root&quot;
                  data-testid=&quot;SmartToyIcon&quot;
                  focusable=&quot;false&quot;
                  viewBox=&quot;0 0 24 24&quot;
                &gt;
                  &lt;path
                    d=&quot;M20 9V7c0-1.1-.9-2-2-2h-3c0-1.66-1.34-3-3-3S9 3.34 9 5H6c-1.1 0-2 .9-2 2v2c-1.66 0-3 1.34-3 3s1.34 3 3 3v4c0 1.1.9 2 2 2h12c1.1 0 2-.9 2-2v-4c1.66 0 3-1.34 3-3s-1.34-3-3-3M7.5 11.5c0-.83.67-1.5 1.5-1.5s1.5.67 1.5 1.5S9.83 13 9 13s-1.5-.67-1.5-1.5M16 17H8v-2h8zm-1-4c-.83 0-1.5-.67-1.5-1.5S14.17 10 15 10s1.5.67 1.5 1.5S15.83 13 15 13&quot;
                  /&gt;
                &lt;/svg&gt;
              &lt;/div&gt;
              &lt;div
                class=&quot;MuiBox-root css-0&quot;
              &gt;
                &lt;h6
                  class=&quot;MuiTypography-root MuiTypography-h6 css-fe0fwj-MuiTypography-root&quot;
                &gt;
                  IntelBot
                &lt;/h6&gt;
                &lt;span
                  aria-label=&quot;assistant-status&quot;
                  class=&quot;MuiTypography-root MuiTypography-caption css-1374baf-MuiTypography-root&quot;
                  role=&quot;status&quot;
                &gt;
                  Intelligence Analysis Assistant •
                   
                  Typing...
                &lt;/span&gt;
              &lt;/div&gt;
            &lt;/div&gt;
            &lt;div
              class=&quot;MuiStack-root css-niqf4j-MuiStack-root&quot;
            &gt;
              &lt;button
                aria-label=&quot;Start Voice&quot;
                class=&quot;MuiButtonBase-root MuiIconButton-root MuiIconButton-sizeMedium css-53g0n7-MuiButtonBase-root-MuiIconButton-root&quot;
                tabindex=&quot;0&quot;
                type=&quot;button&quot;
              &gt;
                &lt;svg
                  aria-hidden=&quot;true&quot;
                  class=&quot;MuiSvgIcon-root MuiSvgIcon-fontSizeMedium css-1umw9bq-MuiSvgIcon-root&quot;
                  data-testid=&quot;MicOffIcon&quot;
                  focusable=&quot;false&quot;
                  viewBox=&quot;0 0 24 24&quot;
                &gt;
                  &lt;path
                    d=&quot;M19 11h-1.7c0 .74-.16 1.43-.43 2.05l1.23 1.23c.56-.98.9-2.09.9-3.28m-4.02.17c0-.06.02-.11.02-.17V5c0-1.66-1.34-3-3-3S9 3.34 9 5v.18zM4.27 3 3 4.27l6.01 6.01V11c0 1.66 1.33 3 2.99 3 .22 0 .44-.03.65-.08l1.66 1.66c-.71.33-1.5.52-2.31.52-2.76 0-5.3-2.1-5.3-5.1H5c0 3.41 2.72 6.23 6 6.72V21h2v-3.28c.91-.13 1.77-.45 2.54-.9L19.73 21 21 19.73z&quot;
                  /&gt;
                &lt;/svg&gt;
              &lt;/button&gt;
              &lt;button
                aria-label=&quot;Settings&quot;
                class=&quot;MuiButtonBase-root MuiIconButton-root MuiIconButton-sizeMedium css-53g0n7-MuiButtonBase-root-MuiIconButton-root&quot;
                tabindex=&quot;0&quot;
                type=&quot;button&quot;
              &gt;
                &lt;svg
                  aria-hidden=&quot;true&quot;
                  class=&quot;MuiSvgIcon-root MuiSvgIcon-fontSizeMedium css-1umw9bq-MuiSvgIcon-root&quot;
                  data-testid=&quot;SettingsIcon&quot;
                  focusable=&quot;false&quot;
                  viewBox=&quot;0 0 24 24&quot;
                &gt;
                  &lt;path
                    d=&quot;M19.14 12.94c.04-.3.06-.61.06-.94 0-.32-.02-.64-.07-.94l2.03-1.58c.18-.14.23-.41.12-.61l-1.92-3.32c-.12-.22-.37-.29-.59-.22l-2.39.96c-.5-.38-1.03-.7-1.62-.94l-.36-2.54c-.04-.24-.24-.41-.48-.41h-3.84c-.24 0-.43.17-.47.41l-.36 2.54c-.59.24-1.13.57-1.62.94l-2.39-.96c-.22-.08-.47 0-.59.22L2.74 8.87c-.12.21-.08.47.12.61l2.03 1.58c-.05.3-.09.63-.09.94s.02.64.07.94l-2.03 1.58c-.18.14-.23.41-.12.61l1.92 3.32c.12.22.37.29.59.22l2.39-.96c.5.38 1.03.7 1.62.94l.36 2.54c.05.24.24.41.48.41h3.84c.24 0 .44-.17.47-.41l.36-2.54c.59-.24 1.13-.56 1.62-.94l2.39.96c.22.08.47 0 .59-.22l1.92-3.32c.12-.22.07-.47-.12-.61zM12 15.6c-1.98 0-3.6-1.62-3.6-3.6s1.62-3.6 3.6-3.6 3.6 1.62 3.6 3.6-1.62 3.6-3.6 3.6&quot;
                  /&gt;
                &lt;/svg&gt;
              &lt;/button&gt;
            &lt;/div&gt;
          &lt;/div&gt;
        &lt;/div&gt;
        &lt;div
          aria-live=&quot;polite&quot;
          class=&quot;MuiBox-root css-16jc2nm&quot;
          data-testid=&quot;message-log&quot;
          role=&quot;log&quot;
        &gt;
          &lt;div
            aria-label=&quot;assistant&quot;
            role=&quot;article&quot;
          &gt;
            &lt;div
              class=&quot;MuiBox-root css-t8hy5&quot;
            &gt;
              &lt;div
                class=&quot;MuiAvatar-root MuiAvatar-circular MuiAvatar-colorDefault css-1l53gx1-MuiAvatar-root&quot;
              &gt;
                &lt;svg
                  aria-hidden=&quot;true&quot;
                  class=&quot;MuiSvgIcon-root MuiSvgIcon-fontSizeSmall css-120dh41-MuiSvgIcon-root&quot;
                  data-testid=&quot;SmartToyIcon&quot;
                  f...
    at timeout.timeout (/Users/brianlong/Developer/summit/client/src/components/ai-enhanced/test-utils/text.ts:47:40)
    at runWithExpensiveErrorDiagnosticsDisabled (/Users/brianlong/Developer/summit/client/node_modules/@testing-library/dom/dist/config.js:47:12)
    at checkCallback (/Users/brianlong/Developer/summit/client/node_modules/@testing-library/dom/dist/wait-for.js:127:77)
    at checkRealTimersCallback (/Users/brianlong/Developer/summit/client/node_modules/@testing-library/dom/dist/wait-for.js:121:16)
    at Timeout.task [as _onTimeout] (/Users/brianlong/Developer/summit/client/node_modules/jsdom/lib/jsdom/browser/Window.js:579:19)
    at listOnTimeout (node:internal/timers:581:17)
    at processTimers (node:internal/timers:519:7)</failure>
    </testcase>
    <testcase classname="chunk-boundary invariance" name="renders correctly for cuts=[1]" time="2.292">
      <failure>Error: No assistant messages found

Ignored nodes: comments, script, style
&lt;html&gt;
  &lt;head&gt;
    &lt;meta
      content=&quot;&quot;
      name=&quot;emotion-insertion-point&quot;
    /&gt;
  &lt;/head&gt;
  &lt;body&gt;
    &lt;div&gt;
      &lt;div
        class=&quot;MuiBox-root css-1sm2s1z&quot;
      &gt;
        &lt;div
          class=&quot;MuiPaper-root MuiPaper-elevation MuiPaper-rounded MuiPaper-elevation1 css-keymb1-MuiPaper-root&quot;
          style=&quot;--Paper-shadow: 0px 2px 1px -1px rgba(0,0,0,0.2),0px 1px 1px 0px rgba(0,0,0,0.14),0px 1px 3px 0px rgba(0,0,0,0.12);&quot;
        &gt;
          &lt;div
            class=&quot;MuiBox-root css-1lekzkb&quot;
          &gt;
            &lt;div
              class=&quot;MuiBox-root css-j0ozid&quot;
            &gt;
              &lt;div
                class=&quot;MuiAvatar-root MuiAvatar-circular MuiAvatar-colorDefault css-1cz7le2-MuiAvatar-root&quot;
              &gt;
                &lt;svg
                  aria-hidden=&quot;true&quot;
                  class=&quot;MuiSvgIcon-root MuiSvgIcon-fontSizeMedium css-1umw9bq-MuiSvgIcon-root&quot;
                  data-testid=&quot;SmartToyIcon&quot;
                  focusable=&quot;false&quot;
                  viewBox=&quot;0 0 24 24&quot;
                &gt;
                  &lt;path
                    d=&quot;M20 9V7c0-1.1-.9-2-2-2h-3c0-1.66-1.34-3-3-3S9 3.34 9 5H6c-1.1 0-2 .9-2 2v2c-1.66 0-3 1.34-3 3s1.34 3 3 3v4c0 1.1.9 2 2 2h12c1.1 0 2-.9 2-2v-4c1.66 0 3-1.34 3-3s-1.34-3-3-3M7.5 11.5c0-.83.67-1.5 1.5-1.5s1.5.67 1.5 1.5S9.83 13 9 13s-1.5-.67-1.5-1.5M16 17H8v-2h8zm-1-4c-.83 0-1.5-.67-1.5-1.5S14.17 10 15 10s1.5.67 1.5 1.5S15.83 13 15 13&quot;
                  /&gt;
                &lt;/svg&gt;
              &lt;/div&gt;
              &lt;div
                class=&quot;MuiBox-root css-0&quot;
              &gt;
                &lt;h6
                  class=&quot;MuiTypography-root MuiTypography-h6 css-fe0fwj-MuiTypography-root&quot;
                &gt;
                  IntelBot
                &lt;/h6&gt;
                &lt;span
                  aria-label=&quot;assistant-status&quot;
                  class=&quot;MuiTypography-root MuiTypography-caption css-1374baf-MuiTypography-root&quot;
                  role=&quot;status&quot;
                &gt;
                  Intelligence Analysis Assistant •
                   
                  Typing...
                &lt;/span&gt;
              &lt;/div&gt;
            &lt;/div&gt;
            &lt;div
              class=&quot;MuiStack-root css-niqf4j-MuiStack-root&quot;
            &gt;
              &lt;button
                aria-label=&quot;Start Voice&quot;
                class=&quot;MuiButtonBase-root MuiIconButton-root MuiIconButton-sizeMedium css-53g0n7-MuiButtonBase-root-MuiIconButton-root&quot;
                tabindex=&quot;0&quot;
                type=&quot;button&quot;
              &gt;
                &lt;svg
                  aria-hidden=&quot;true&quot;
                  class=&quot;MuiSvgIcon-root MuiSvgIcon-fontSizeMedium css-1umw9bq-MuiSvgIcon-root&quot;
                  data-testid=&quot;MicOffIcon&quot;
                  focusable=&quot;false&quot;
                  viewBox=&quot;0 0 24 24&quot;
                &gt;
                  &lt;path
                    d=&quot;M19 11h-1.7c0 .74-.16 1.43-.43 2.05l1.23 1.23c.56-.98.9-2.09.9-3.28m-4.02.17c0-.06.02-.11.02-.17V5c0-1.66-1.34-3-3-3S9 3.34 9 5v.18zM4.27 3 3 4.27l6.01 6.01V11c0 1.66 1.33 3 2.99 3 .22 0 .44-.03.65-.08l1.66 1.66c-.71.33-1.5.52-2.31.52-2.76 0-5.3-2.1-5.3-5.1H5c0 3.41 2.72 6.23 6 6.72V21h2v-3.28c.91-.13 1.77-.45 2.54-.9L19.73 21 21 19.73z&quot;
                  /&gt;
                &lt;/svg&gt;
              &lt;/button&gt;
              &lt;button
                aria-label=&quot;Settings&quot;
                class=&quot;MuiButtonBase-root MuiIconButton-root MuiIconButton-sizeMedium css-53g0n7-MuiButtonBase-root-MuiIconButton-root&quot;
                tabindex=&quot;0&quot;
                type=&quot;button&quot;
              &gt;
                &lt;svg
                  aria-hidden=&quot;true&quot;
                  class=&quot;MuiSvgIcon-root MuiSvgIcon-fontSizeMedium css-1umw9bq-MuiSvgIcon-root&quot;
                  data-testid=&quot;SettingsIcon&quot;
                  focusable=&quot;false&quot;
                  viewBox=&quot;0 0 24 24&quot;
                &gt;
                  &lt;path
                    d=&quot;M19.14 12.94c.04-.3.06-.61.06-.94 0-.32-.02-.64-.07-.94l2.03-1.58c.18-.14.23-.41.12-.61l-1.92-3.32c-.12-.22-.37-.29-.59-.22l-2.39.96c-.5-.38-1.03-.7-1.62-.94l-.36-2.54c-.04-.24-.24-.41-.48-.41h-3.84c-.24 0-.43.17-.47.41l-.36 2.54c-.59.24-1.13.57-1.62.94l-2.39-.96c-.22-.08-.47 0-.59.22L2.74 8.87c-.12.21-.08.47.12.61l2.03 1.58c-.05.3-.09.63-.09.94s.02.64.07.94l-2.03 1.58c-.18.14-.23.41-.12.61l1.92 3.32c.12.22.37.29.59.22l2.39-.96c.5.38 1.03.7 1.62.94l.36 2.54c.05.24.24.41.48.41h3.84c.24 0 .44-.17.47-.41l.36-2.54c.59-.24 1.13-.56 1.62-.94l2.39.96c.22.08.47 0 .59-.22l1.92-3.32c.12-.22.07-.47-.12-.61zM12 15.6c-1.98 0-3.6-1.62-3.6-3.6s1.62-3.6 3.6-3.6 3.6 1.62 3.6 3.6-1.62 3.6-3.6 3.6&quot;
                  /&gt;
                &lt;/svg&gt;
              &lt;/button&gt;
            &lt;/div&gt;
          &lt;/div&gt;
        &lt;/div&gt;
        &lt;div
          aria-live=&quot;polite&quot;
          class=&quot;MuiBox-root css-16jc2nm&quot;
          data-testid=&quot;message-log&quot;
          role=&quot;log&quot;
        &gt;
          &lt;div
            aria-label=&quot;assistant&quot;
            role=&quot;article&quot;
          &gt;
            &lt;div
              class=&quot;MuiBox-root css-t8hy5&quot;
            &gt;
              &lt;div
                class=&quot;MuiAvatar-root MuiAvatar-circular MuiAvatar-colorDefault css-1l53gx1-MuiAvatar-root&quot;
              &gt;
                &lt;svg
                  aria-hidden=&quot;true&quot;
                  class=&quot;MuiSvgIcon-root MuiSvgIcon-fontSizeSmall css-120dh41-MuiSvgIcon-root&quot;
                  data-testid=&quot;SmartToyIcon&quot;
                  f...
    at timeout.timeout (/Users/brianlong/Developer/summit/client/src/components/ai-enhanced/test-utils/text.ts:47:40)
    at runWithExpensiveErrorDiagnosticsDisabled (/Users/brianlong/Developer/summit/client/node_modules/@testing-library/dom/dist/config.js:47:12)
    at checkCallback (/Users/brianlong/Developer/summit/client/node_modules/@testing-library/dom/dist/wait-for.js:127:77)
    at checkRealTimersCallback (/Users/brianlong/Developer/summit/client/node_modules/@testing-library/dom/dist/wait-for.js:121:16)
    at Timeout.task [as _onTimeout] (/Users/brianlong/Developer/summit/client/node_modules/jsdom/lib/jsdom/browser/Window.js:579:19)
    at listOnTimeout (node:internal/timers:581:17)
    at processTimers (node:internal/timers:519:7)</failure>
    </testcase>
    <testcase classname="chunk-boundary invariance" name="renders correctly for cuts=[2,12]" time="2.843">
      <failure>Error: No assistant messages found

Ignored nodes: comments, script, style
&lt;html&gt;
  &lt;head&gt;
    &lt;meta
      content=&quot;&quot;
      name=&quot;emotion-insertion-point&quot;
    /&gt;
  &lt;/head&gt;
  &lt;body&gt;
    &lt;div&gt;
      &lt;div
        class=&quot;MuiBox-root css-1sm2s1z&quot;
      &gt;
        &lt;div
          class=&quot;MuiPaper-root MuiPaper-elevation MuiPaper-rounded MuiPaper-elevation1 css-keymb1-MuiPaper-root&quot;
          style=&quot;--Paper-shadow: 0px 2px 1px -1px rgba(0,0,0,0.2),0px 1px 1px 0px rgba(0,0,0,0.14),0px 1px 3px 0px rgba(0,0,0,0.12);&quot;
        &gt;
          &lt;div
            class=&quot;MuiBox-root css-1lekzkb&quot;
          &gt;
            &lt;div
              class=&quot;MuiBox-root css-j0ozid&quot;
            &gt;
              &lt;div
                class=&quot;MuiAvatar-root MuiAvatar-circular MuiAvatar-colorDefault css-1cz7le2-MuiAvatar-root&quot;
              &gt;
                &lt;svg
                  aria-hidden=&quot;true&quot;
                  class=&quot;MuiSvgIcon-root MuiSvgIcon-fontSizeMedium css-1umw9bq-MuiSvgIcon-root&quot;
                  data-testid=&quot;SmartToyIcon&quot;
                  focusable=&quot;false&quot;
                  viewBox=&quot;0 0 24 24&quot;
                &gt;
                  &lt;path
                    d=&quot;M20 9V7c0-1.1-.9-2-2-2h-3c0-1.66-1.34-3-3-3S9 3.34 9 5H6c-1.1 0-2 .9-2 2v2c-1.66 0-3 1.34-3 3s1.34 3 3 3v4c0 1.1.9 2 2 2h12c1.1 0 2-.9 2-2v-4c1.66 0 3-1.34 3-3s-1.34-3-3-3M7.5 11.5c0-.83.67-1.5 1.5-1.5s1.5.67 1.5 1.5S9.83 13 9 13s-1.5-.67-1.5-1.5M16 17H8v-2h8zm-1-4c-.83 0-1.5-.67-1.5-1.5S14.17 10 15 10s1.5.67 1.5 1.5S15.83 13 15 13&quot;
                  /&gt;
                &lt;/svg&gt;
              &lt;/div&gt;
              &lt;div
                class=&quot;MuiBox-root css-0&quot;
              &gt;
                &lt;h6
                  class=&quot;MuiTypography-root MuiTypography-h6 css-fe0fwj-MuiTypography-root&quot;
                &gt;
                  IntelBot
                &lt;/h6&gt;
                &lt;span
                  aria-label=&quot;assistant-status&quot;
                  class=&quot;MuiTypography-root MuiTypography-caption css-1374baf-MuiTypography-root&quot;
                  role=&quot;status&quot;
                &gt;
                  Intelligence Analysis Assistant •
                   
                  Typing...
                &lt;/span&gt;
              &lt;/div&gt;
            &lt;/div&gt;
            &lt;div
              class=&quot;MuiStack-root css-niqf4j-MuiStack-root&quot;
            &gt;
              &lt;button
                aria-label=&quot;Start Voice&quot;
                class=&quot;MuiButtonBase-root MuiIconButton-root MuiIconButton-sizeMedium css-53g0n7-MuiButtonBase-root-MuiIconButton-root&quot;
                tabindex=&quot;0&quot;
                type=&quot;button&quot;
              &gt;
                &lt;svg
                  aria-hidden=&quot;true&quot;
                  class=&quot;MuiSvgIcon-root MuiSvgIcon-fontSizeMedium css-1umw9bq-MuiSvgIcon-root&quot;
                  data-testid=&quot;MicOffIcon&quot;
                  focusable=&quot;false&quot;
                  viewBox=&quot;0 0 24 24&quot;
                &gt;
                  &lt;path
                    d=&quot;M19 11h-1.7c0 .74-.16 1.43-.43 2.05l1.23 1.23c.56-.98.9-2.09.9-3.28m-4.02.17c0-.06.02-.11.02-.17V5c0-1.66-1.34-3-3-3S9 3.34 9 5v.18zM4.27 3 3 4.27l6.01 6.01V11c0 1.66 1.33 3 2.99 3 .22 0 .44-.03.65-.08l1.66 1.66c-.71.33-1.5.52-2.31.52-2.76 0-5.3-2.1-5.3-5.1H5c0 3.41 2.72 6.23 6 6.72V21h2v-3.28c.91-.13 1.77-.45 2.54-.9L19.73 21 21 19.73z&quot;
                  /&gt;
                &lt;/svg&gt;
              &lt;/button&gt;
              &lt;button
                aria-label=&quot;Settings&quot;
                class=&quot;MuiButtonBase-root MuiIconButton-root MuiIconButton-sizeMedium css-53g0n7-MuiButtonBase-root-MuiIconButton-root&quot;
                tabindex=&quot;0&quot;
                type=&quot;button&quot;
              &gt;
                &lt;svg
                  aria-hidden=&quot;true&quot;
                  class=&quot;MuiSvgIcon-root MuiSvgIcon-fontSizeMedium css-1umw9bq-MuiSvgIcon-root&quot;
                  data-testid=&quot;SettingsIcon&quot;
                  focusable=&quot;false&quot;
                  viewBox=&quot;0 0 24 24&quot;
                &gt;
                  &lt;path
                    d=&quot;M19.14 12.94c.04-.3.06-.61.06-.94 0-.32-.02-.64-.07-.94l2.03-1.58c.18-.14.23-.41.12-.61l-1.92-3.32c-.12-.22-.37-.29-.59-.22l-2.39.96c-.5-.38-1.03-.7-1.62-.94l-.36-2.54c-.04-.24-.24-.41-.48-.41h-3.84c-.24 0-.43.17-.47.41l-.36 2.54c-.59.24-1.13.57-1.62.94l-2.39-.96c-.22-.08-.47 0-.59.22L2.74 8.87c-.12.21-.08.47.12.61l2.03 1.58c-.05.3-.09.63-.09.94s.02.64.07.94l-2.03 1.58c-.18.14-.23.41-.12.61l1.92 3.32c.12.22.37.29.59.22l2.39-.96c.5.38 1.03.7 1.62.94l.36 2.54c.05.24.24.41.48.41h3.84c.24 0 .44-.17.47-.41l.36-2.54c.59-.24 1.13-.56 1.62-.94l2.39.96c.22.08.47 0 .59-.22l1.92-3.32c.12-.22.07-.47-.12-.61zM12 15.6c-1.98 0-3.6-1.62-3.6-3.6s1.62-3.6 3.6-3.6 3.6 1.62 3.6 3.6-1.62 3.6-3.6 3.6&quot;
                  /&gt;
                &lt;/svg&gt;
              &lt;/button&gt;
            &lt;/div&gt;
          &lt;/div&gt;
        &lt;/div&gt;
        &lt;div
          aria-live=&quot;polite&quot;
          class=&quot;MuiBox-root css-16jc2nm&quot;
          data-testid=&quot;message-log&quot;
          role=&quot;log&quot;
        &gt;
          &lt;div
            aria-label=&quot;assistant&quot;
            role=&quot;article&quot;
          &gt;
            &lt;div
              class=&quot;MuiBox-root css-t8hy5&quot;
            &gt;
              &lt;div
                class=&quot;MuiAvatar-root MuiAvatar-circular MuiAvatar-colorDefault css-1l53gx1-MuiAvatar-root&quot;
              &gt;
                &lt;svg
                  aria-hidden=&quot;true&quot;
                  class=&quot;MuiSvgIcon-root MuiSvgIcon-fontSizeSmall css-120dh41-MuiSvgIcon-root&quot;
                  data-testid=&quot;SmartToyIcon&quot;
                  f...
    at timeout.timeout (/Users/brianlong/Developer/summit/client/src/components/ai-enhanced/test-utils/text.ts:47:40)
    at runWithExpensiveErrorDiagnosticsDisabled (/Users/brianlong/Developer/summit/client/node_modules/@testing-library/dom/dist/config.js:47:12)
    at checkCallback (/Users/brianlong/Developer/summit/client/node_modules/@testing-library/dom/dist/wait-for.js:127:77)
    at checkRealTimersCallback (/Users/brianlong/Developer/summit/client/node_modules/@testing-library/dom/dist/wait-for.js:121:16)
    at Timeout.task [as _onTimeout] (/Users/brianlong/Developer/summit/client/node_modules/jsdom/lib/jsdom/browser/Window.js:579:19)
    at listOnTimeout (node:internal/timers:581:17)
    at processTimers (node:internal/timers:519:7)</failure>
    </testcase>
    <testcase classname="chunk-boundary invariance" name="renders correctly for cuts=[1,2,3,4]" time="2.565">
      <failure>Error: No assistant messages found

Ignored nodes: comments, script, style
&lt;html&gt;
  &lt;head&gt;
    &lt;meta
      content=&quot;&quot;
      name=&quot;emotion-insertion-point&quot;
    /&gt;
  &lt;/head&gt;
  &lt;body&gt;
    &lt;div&gt;
      &lt;div
        class=&quot;MuiBox-root css-1sm2s1z&quot;
      &gt;
        &lt;div
          class=&quot;MuiPaper-root MuiPaper-elevation MuiPaper-rounded MuiPaper-elevation1 css-keymb1-MuiPaper-root&quot;
          style=&quot;--Paper-shadow: 0px 2px 1px -1px rgba(0,0,0,0.2),0px 1px 1px 0px rgba(0,0,0,0.14),0px 1px 3px 0px rgba(0,0,0,0.12);&quot;
        &gt;
          &lt;div
            class=&quot;MuiBox-root css-1lekzkb&quot;
          &gt;
            &lt;div
              class=&quot;MuiBox-root css-j0ozid&quot;
            &gt;
              &lt;div
                class=&quot;MuiAvatar-root MuiAvatar-circular MuiAvatar-colorDefault css-1cz7le2-MuiAvatar-root&quot;
              &gt;
                &lt;svg
                  aria-hidden=&quot;true&quot;
                  class=&quot;MuiSvgIcon-root MuiSvgIcon-fontSizeMedium css-1umw9bq-MuiSvgIcon-root&quot;
                  data-testid=&quot;SmartToyIcon&quot;
                  focusable=&quot;false&quot;
                  viewBox=&quot;0 0 24 24&quot;
                &gt;
                  &lt;path
                    d=&quot;M20 9V7c0-1.1-.9-2-2-2h-3c0-1.66-1.34-3-3-3S9 3.34 9 5H6c-1.1 0-2 .9-2 2v2c-1.66 0-3 1.34-3 3s1.34 3 3 3v4c0 1.1.9 2 2 2h12c1.1 0 2-.9 2-2v-4c1.66 0 3-1.34 3-3s-1.34-3-3-3M7.5 11.5c0-.83.67-1.5 1.5-1.5s1.5.67 1.5 1.5S9.83 13 9 13s-1.5-.67-1.5-1.5M16 17H8v-2h8zm-1-4c-.83 0-1.5-.67-1.5-1.5S14.17 10 15 10s1.5.67 1.5 1.5S15.83 13 15 13&quot;
                  /&gt;
                &lt;/svg&gt;
              &lt;/div&gt;
              &lt;div
                class=&quot;MuiBox-root css-0&quot;
              &gt;
                &lt;h6
                  class=&quot;MuiTypography-root MuiTypography-h6 css-fe0fwj-MuiTypography-root&quot;
                &gt;
                  IntelBot
                &lt;/h6&gt;
                &lt;span
                  aria-label=&quot;assistant-status&quot;
                  class=&quot;MuiTypography-root MuiTypography-caption css-1374baf-MuiTypography-root&quot;
                  role=&quot;status&quot;
                &gt;
                  Intelligence Analysis Assistant •
                   
                  Typing...
                &lt;/span&gt;
              &lt;/div&gt;
            &lt;/div&gt;
            &lt;div
              class=&quot;MuiStack-root css-niqf4j-MuiStack-root&quot;
            &gt;
              &lt;button
                aria-label=&quot;Start Voice&quot;
                class=&quot;MuiButtonBase-root MuiIconButton-root MuiIconButton-sizeMedium css-53g0n7-MuiButtonBase-root-MuiIconButton-root&quot;
                tabindex=&quot;0&quot;
                type=&quot;button&quot;
              &gt;
                &lt;svg
                  aria-hidden=&quot;true&quot;
                  class=&quot;MuiSvgIcon-root MuiSvgIcon-fontSizeMedium css-1umw9bq-MuiSvgIcon-root&quot;
                  data-testid=&quot;MicOffIcon&quot;
                  focusable=&quot;false&quot;
                  viewBox=&quot;0 0 24 24&quot;
                &gt;
                  &lt;path
                    d=&quot;M19 11h-1.7c0 .74-.16 1.43-.43 2.05l1.23 1.23c.56-.98.9-2.09.9-3.28m-4.02.17c0-.06.02-.11.02-.17V5c0-1.66-1.34-3-3-3S9 3.34 9 5v.18zM4.27 3 3 4.27l6.01 6.01V11c0 1.66 1.33 3 2.99 3 .22 0 .44-.03.65-.08l1.66 1.66c-.71.33-1.5.52-2.31.52-2.76 0-5.3-2.1-5.3-5.1H5c0 3.41 2.72 6.23 6 6.72V21h2v-3.28c.91-.13 1.77-.45 2.54-.9L19.73 21 21 19.73z&quot;
                  /&gt;
                &lt;/svg&gt;
              &lt;/button&gt;
              &lt;button
                aria-label=&quot;Settings&quot;
                class=&quot;MuiButtonBase-root MuiIconButton-root MuiIconButton-sizeMedium css-53g0n7-MuiButtonBase-root-MuiIconButton-root&quot;
                tabindex=&quot;0&quot;
                type=&quot;button&quot;
              &gt;
                &lt;svg
                  aria-hidden=&quot;true&quot;
                  class=&quot;MuiSvgIcon-root MuiSvgIcon-fontSizeMedium css-1umw9bq-MuiSvgIcon-root&quot;
                  data-testid=&quot;SettingsIcon&quot;
                  focusable=&quot;false&quot;
                  viewBox=&quot;0 0 24 24&quot;
                &gt;
                  &lt;path
[...]
    at /Users/brianlong/Developer/summit/client/src/components/intelligence/__tests__/ThreatIntelligenceHub.test.tsx:94:3
    at _dispatchDescribe (/Users/brianlong/Developer/summit/client/node_modules/jest-circus/build/jestAdapterInit.js:604:26)
    at describe (/Users/brianlong/Developer/summit/client/node_modules/jest-circus/build/jestAdapterInit.js:572:44)
    at Object.&lt;anonymous&gt; (/Users/brianlong/Developer/summit/client/src/components/intelligence/__tests__/ThreatIntelligenceHub.test.tsx:13:1)
    at Runtime._execModule (/Users/brianlong/Developer/summit/client/node_modules/jest-runtime/build/index.js:1268:24)
    at Runtime._loadModule (/Users/brianlong/Developer/summit/client/node_modules/jest-runtime/build/index.js:944:12)
    at Runtime.requireModule (/Users/brianlong/Developer/summit/client/node_modules/jest-runtime/build/index.js:832:12)
    at jestAdapter (/Users/brianlong/Developer/summit/client/node_modules/jest-circus/build/runner.js:95:13)
    at processTicksAndRejections (node:internal/process/task_queues:95:5)
    at runTestInternal (/Users/brianlong/Developer/summit/client/node_modules/jest-runner/build/testWorker.js:275:16)
    at runTest (/Users/brianlong/Developer/summit/client/node_modules/jest-runner/build/testWorker.js:343:7)
    at Object.worker (/Users/brianlong/Developer/summit/client/node_modules/jest-runner/build/testWorker.js:497:12)</failure>
    </testcase>
    <testcase classname="ThreatIntelligenceHub" name="filters indicators by type" time="5.055">
      <failure>Error: thrown: &quot;Exceeded timeout of 5000 ms for a test.
Add a timeout value to this test to increase the timeout, if this is a long-running test. See https://jestjs.io/docs/api#testname-fn-timeout.&quot;
    at /Users/brianlong/Developer/summit/client/src/components/intelligence/__tests__/ThreatIntelligenceHub.test.tsx:106:3
    at _dispatchDescribe (/Users/brianlong/Developer/summit/client/node_modules/jest-circus/build/jestAdapterInit.js:604:26)
    at describe (/Users/brianlong/Developer/summit/client/node_modules/jest-circus/build/jestAdapterInit.js:572:44)
    at Object.&lt;anonymous&gt; (/Users/brianlong/Developer/summit/client/src/components/intelligence/__tests__/ThreatIntelligenceHub.test.tsx:13:1)
    at Runtime._execModule (/Users/brianlong/Developer/summit/client/node_modules/jest-runtime/build/index.js:1268:24)
    at Runtime._loadModule (/Users/brianlong/Developer/summit/client/node_modules/jest-runtime/build/index.js:944:12)
    at Runtime.requireModule (/Users/brianlong/Developer/summit/client/node_modules/jest-runtime/build/index.js:832:12)
    at jestAdapter (/Users/brianlong/Developer/summit/client/node_modules/jest-circus/build/runner.js:95:13)
    at processTicksAndRejections (node:internal/process/task_queues:95:5)
    at runTestInternal (/Users/brianlong/Developer/summit/client/node_modules/jest-runner/build/testWorker.js:275:16)
    at runTest (/Users/brianlong/Developer/summit/client/node_modules/jest-runner/build/testWorker.js:343:7)
    at Object.worker (/Users/brianlong/Developer/summit/client/node_modules/jest-runner/build/testWorker.js:497:12)</failure>
    </testcase>
    <testcase classname="ThreatIntelligenceHub" name="selects indicator and shows details" time="5.066">
      <failure>Error: thrown: &quot;Exceeded timeout of 5000 ms for a test.
Add a timeout value to this test to increase the timeout, if this is a long-running test. See https://jestjs.io/docs/api#testname-fn-timeout.&quot;
    at /Users/brianlong/Developer/summit/client/src/components/intelligence/__tests__/ThreatIntelligenceHub.test.tsx:118:3
    at _dispatchDescribe (/Users/brianlong/Developer/summit/client/node_modules/jest-circus/build/jestAdapterInit.js:604:26)
    at describe (/Users/brianlong/Developer/summit/client/node_modules/jest-circus/build/jestAdapterInit.js:572:44)
    at Object.&lt;anonymous&gt; (/Users/brianlong/Developer/summit/client/src/components/intelligence/__tests__/ThreatIntelligenceHub.test.tsx:13:1)
    at Runtime._execModule (/Users/brianlong/Developer/summit/client/node_modules/jest-runtime/build/index.js:1268:24)
    at Runtime._loadModule (/Users/brianlong/Developer/summit/client/node_modules/jest-runtime/build/index.js:944:12)
    at Runtime.requireModule (/Users/brianlong/Developer/summit/client/node_modules/jest-runtime/build/index.js:832:12)
    at jestAdapter (/Users/brianlong/Developer/summit/client/node_modules/jest-circus/build/runner.js:95:13)
    at processTicksAndRejections (node:internal/process/task_queues:95:5)
    at runTestInternal (/Users/brianlong/Developer/summit/client/node_modules/jest-runner/build/testWorker.js:275:16)
    at runTest (/Users/brianlong/Developer/summit/client/node_modules/jest-runner/build/testWorker.js:343:7)
    at Object.worker (/Users/brianlong/Developer/summit/client/node_modules/jest-runner/build/testWorker.js:497:12)</failure>
    </testcase>
    <testcase classname="ThreatIntelligenceHub" name="calls indicator select callback" time="5.017">
      <failure>Error: thrown: &quot;Exceeded timeout of 5000 ms for a test.
Add a timeout value to this test to increase the timeout, if this is a long-running test. See https://jestjs.io/docs/api#testname-fn-timeout.&quot;
    at /Users/brianlong/Developer/summit/client/src/components/intelligence/__tests__/ThreatIntelligenceHub.test.tsx:132:3
    at _dispatchDescribe (/Users/brianlong/Developer/summit/client/node_modules/jest-circus/build/jestAdapterInit.js:604:26)
    at describe (/Users/brianlong/Developer/summit/client/node_modules/jest-circus/build/jestAdapterInit.js:572:44)
    at Object.&lt;anonymous&gt; (/Users/brianlong/Developer/summit/client/src/components/intelligence/__tests__/ThreatIntelligenceHub.test.tsx:13:1)
    at Runtime._execModule (/Users/brianlong/Developer/summit/client/node_modules/jest-runtime/build/index.js:1268:24)
    at Runtime._loadModule (/Users/brianlong/Developer/summit/client/node_modules/jest-runtime/build/index.js:944:12)
    at Runtime.requireModule (/Users/brianlong/Developer/summit/client/node_modules/jest-runtime/build/index.js:832:12)
    at jestAdapter (/Users/brianlong/Developer/summit/client/node_modules/jest-circus/build/runner.js:95:13)
    at processTicksAndRejections (node:internal/process/task_queues:95:5)
    at runTestInternal (/Users/brianlong/Developer/summit/client/node_modules/jest-runner/build/testWorker.js:275:16)
    at runTest (/Users/brianlong/Developer/summit/client/node_modules/jest-runner/build/testWorker.js:343:7)
    at Object.worker (/Users/brianlong/Developer/summit/client/node_modules/jest-runner/build/testWorker.js:497:12)</failure>
    </testcase>
    <testcase classname="ThreatIntelligenceHub" name="calls campaign select callback" time="5.087">
      <failure>Error: thrown: &quot;Exceeded timeout of 5000 ms for a test.
Add a timeout value to this test to increase the timeout, if this is a long-running test. See https://jestjs.io/docs/api#testname-fn-timeout.&quot;
    at /Users/brianlong/Developer/summit/client/src/components/intelligence/__tests__/ThreatIntelligenceHub.test.tsx:148:3
    at _dispatchDescribe (/Users/brianlong/Developer/summit/client/node_modules/jest-circus/build/jestAdapterInit.js:604:26)
    at describe (/Users/brianlong/Developer/summit/client/node_modules/jest-circus/build/jestAdapterInit.js:572:44)
    at Object.&lt;anonymous&gt; (/Users/brianlong/Developer/summit/client/src/components/intelligence/__tests__/ThreatIntelligenceHub.test.tsx:13:1)
    at Runtime._execModule (/Users/brianlong/Developer/summit/client/node_modules/jest-runtime/build/index.js:1268:24)
    at Runtime._loadModule (/Users/brianlong/Developer/summit/client/node_modules/jest-runtime/build/index.js:944:12)
    at Runtime.requireModule (/Users/brianlong/Developer/summit/client/node_modules/jest-runtime/build/index.js:832:12)
    at jestAdapter (/Users/brianlong/Developer/summit/client/node_modules/jest-circus/build/runner.js:95:13)
    at processTicksAndRejections (node:internal/process/task_queues:95:5)
    at runTestInternal (/Users/brianlong/Developer/summit/client/node_modules/jest-runner/build/testWorker.js:275:16)
    at runTest (/Users/brianlong/Developer/summit/client/node_modules/jest-runner/build/testWorker.js:343:7)
    at Object.worker (/Users/brianlong/Developer/summit/client/node_modules/jest-runner/build/testWorker.js:497:12)</failure>
    </testcase>
    <testcase classname="ThreatIntelligenceHub" name="calls actor select callback" time="5.605">
      <failure>Error: thrown: &quot;Exceeded timeout of 5000 ms for a test.
Add a timeout value to this test to increase the timeout, if this is a long-running test. See https://jestjs.io/docs/api#testname-fn-timeout.&quot;
    at /Users/brianlong/Developer/summit/client/src/components/intelligence/__tests__/ThreatIntelligenceHub.test.tsx:167:3
    at _dispatchDescribe (/Users/brianlong/Developer/summit/client/node_modules/jest-circus/build/jestAdapterInit.js:604:26)
    at describe (/Users/brianlong/Developer/summit/client/node_modules/jest-circus/build/jestAdapterInit.js:572:44)
    at Object.&lt;anonymous&gt; (/Users/brianlong/Developer/summit/client/src/components/intelligence/__tests__/ThreatIntelligenceHub.test.tsx:13:1)
    at Runtime._execModule (/Users/brianlong/Developer/summit/client/node_modules/jest-runtime/build/index.js:1268:24)
    at Runtime._loadModule (/Users/brianlong/Developer/summit/client/node_modules/jest-runtime/build/index.js:944:12)
    at Runtime.requireModule (/Users/brianlong/Developer/summit/client/node_modules/jest-runtime/build/index.js:832:12)
    at jestAdapter (/Users/brianlong/Developer/summit/client/node_modules/jest-circus/build/runner.js:95:13)
    at processTicksAndRejections (node:internal/process/task_queues:95:5)
    at runTestInternal (/Users/brianlong/Developer/summit/client/node_modules/jest-runner/build/testWorker.js:275:16)
    at runTest (/Users/brianlong/Developer/summit/client/node_modules/jest-runner/build/testWorker.js:343:7)
    at Object.worker (/Users/brianlong/Developer/summit/client/node_modules/jest-runner/build/testWorker.js:497:12)</failure>
    </testcase>
    <testcase classname="ThreatIntelligenceHub" name="handles investigation ID prop" time="0.199">
    </testcase>
    <testcase classname="ThreatIntelligenceHub" name="displays severity colors correctly" time="0.091">
    </testcase>
    <testcase classname="ThreatIntelligenceHub" name="displays indicator type icons" time="0.111">
    </testcase>
    <testcase classname="ThreatIntelligenceHub" name="shows last updated timestamp" time="0.089">
    </testcase>
    <testcase classname="ThreatIntelligenceHub" name="handles auto-refresh when enabled" time="0.076">
      <failure>ReferenceError: act is not defined
    at Object.&lt;anonymous&gt; (/Users/brianlong/Developer/summit/client/src/components/intelligence/__tests__/ThreatIntelligenceHub.test.tsx:220:5)
    at Promise.finally.completed (/Users/brianlong/Developer/summit/client/node_modules/jest-circus/build/jestAdapterInit.js:1556:28)
    at new Promise (&lt;anonymous&gt;)
    at callAsyncCircusFn (/Users/brianlong/Developer/summit/client/node_modules/jest-circus/build/jestAdapterInit.js:1496:10)
    at _callCircusTest (/Users/brianlong/Developer/summit/client/node_modules/jest-circus/build/jestAdapterInit.js:1006:40)
    at _runTest (/Users/brianlong/Developer/summit/client/node_modules/jest-circus/build/jestAdapterInit.js:946:3)
    at _runTestsForDescribeBlock (/Users/brianlong/Developer/summit/client/node_modules/jest-circus/build/jestAdapterInit.js:839:13)
    at _runTestsForDescribeBlock (/Users/brianlong/Developer/summit/client/node_modules/jest-circus/build/jestAdapterInit.js:829:11)
    at run (/Users/brianlong/Developer/summit/client/node_modules/jest-circus/build/jestAdapterInit.js:757:3)
    at runAndTransformResultsToJestFormat (/Users/brianlong/Developer/summit/client/node_modules/jest-circus/build/jestAdapterInit.js:1917:21)
    at jestAdapter (/Users/brianlong/Developer/summit/client/node_modules/jest-circus/build/runner.js:101:19)
    at runTestInternal (/Users/brianlong/Developer/summit/client/node_modules/jest-runner/build/testWorker.js:275:16)
    at runTest (/Users/brianlong/Developer/summit/client/node_modules/jest-runner/build/testWorker.js:343:7)
    at Object.worker (/Users/brianlong/Developer/summit/client/node_modules/jest-runner/build/testWorker.js:497:12)</failure>
    </testcase>
    <testcase classname="ThreatIntelligenceHub" name="displays feed status information" time="5.342">
      <failure>Error: thrown: &quot;Exceeded timeout of 5000 ms for a test.
Add a timeout value to this test to increase the timeout, if this is a long-running test. See https://jestjs.io/docs/api#testname-fn-timeout.&quot;
    at /Users/brianlong/Developer/summit/client/src/components/intelligence/__tests__/ThreatIntelligenceHub.test.tsx:228:3
    at _dispatchDescribe (/Users/brianlong/Developer/summit/client/node_modules/jest-circus/build/jestAdapterInit.js:604:26)
    at describe (/Users/brianlong/Developer/summit/client/node_modules/jest-circus/build/jestAdapterInit.js:572:44)
    at Object.&lt;anonymous&gt; (/Users/brianlong/Developer/summit/client/src/components/intelligence/__tests__/ThreatIntelligenceHub.test.tsx:13:1)
    at Runtime._execModule (/Users/brianlong/Developer/summit/client/node_modules/jest-runtime/build/index.js:1268:24)
    at Runtime._loadModule (/Users/brianlong/Developer/summit/client/node_modules/jest-runtime/build/index.js:944:12)
    at Runtime.requireModule (/Users/brianlong/Developer/summit/client/node_modules/jest-runtime/build/index.js:832:12)
    at jestAdapter (/Users/brianlong/Developer/summit/client/node_modules/jest-circus/build/runner.js:95:13)
    at processTicksAndRejections (node:internal/process/task_queues:95:5)
    at runTestInternal (/Users/brianlong/Developer/summit/client/node_modules/jest-runner/build/testWorker.js:275:16)
    at runTest (/Users/brianlong/Developer/summit/client/node_modules/jest-runner/build/testWorker.js:343:7)
    at Object.worker (/Users/brianlong/Developer/summit/client/node_modules/jest-runner/build/testWorker.js:497:12)</failure>
    </testcase>
    <testcase classname="ThreatIntelligenceHub" name="applies custom className" time="0.178">
    </testcase>
    <testcase classname="ThreatIntelligenceHub" name="handles empty search results" time="5.017">
      <failure>Error: thrown: &quot;Exceeded timeout of 5000 ms for a test.
Add a timeout value to this test to increase the timeout, if this is a long-running test. See https://jestjs.io/docs/api#testname-fn-timeout.&quot;
    at /Users/brianlong/Developer/summit/client/src/components/intelligence/__tests__/ThreatIntelligenceHub.test.tsx:250:3
    at _dispatchDescribe (/Users/brianlong/Developer/summit/client/node_modules/jest-circus/build/jestAdapterInit.js:604:26)
    at describe (/Users/brianlong/Developer/summit/client/node_modules/jest-circus/build/jestAdapterInit.js:572:44)
    at Object.&lt;anonymous&gt; (/Users/brianlong/Developer/summit/client/src/components/intelligence/__tests__/ThreatIntelligenceHub.test.tsx:13:1)
    at Runtime._execModule (/Users/brianlong/Developer/summit/client/node_modules/jest-runtime/build/index.js:1268:24)
    at Runtime._loadModule (/Users/brianlong/Developer/summit/client/node_modules/jest-runtime/build/index.js:944:12)
    at Runtime.requireModule (/Users/brianlong/Developer/summit/client/node_modules/jest-runtime/build/index.js:832:12)
    at jestAdapter (/Users/brianlong/Developer/summit/client/node_modules/jest-circus/build/runner.js:95:13)
    at processTicksAndRejections (node:internal/process/task_queues:95:5)
    at runTestInternal (/Users/brianlong/Developer/summit/client/node_modules/jest-runner/build/testWorker.js:275:16)
    at runTest (/Users/brianlong/Developer/summit/client/node_modules/jest-runner/build/testWorker.js:343:7)
    at Object.worker (/Users/brianlong/Developer/summit/client/node_modules/jest-runner/build/testWorker.js:497:12)</failure>
    </testcase>
    <testcase classname="ThreatIntelligenceHub" name="displays indicator context information" time="5.016">
      <failure>Error: thrown: &quot;Exceeded timeout of 5000 ms for a test.
Add a timeout value to this test to increase the timeout, if this is a long-running test. See https://jestjs.io/docs/api#testname-fn-timeout.&quot;
    at /Users/brianlong/Developer/summit/client/src/components/intelligence/__tests__/ThreatIntelligenceHub.test.tsx:261:3
    at _dispatchDescribe (/Users/brianlong/Developer/summit/client/node_modules/jest-circus/build/jestAdapterInit.js:604:26)
    at describe (/Users/brianlong/Developer/summit/client/node_modules/jest-circus/build/jestAdapterInit.js:572:44)
    at Object.&lt;anonymous&gt; (/Users/brianlong/Developer/summit/client/src/components/intelligence/__tests__/ThreatIntelligenceHub.test.tsx:13:1)
    at Runtime._execModule (/Users/brianlong/Developer/summit/client/node_modules/jest-runtime/build/index.js:1268:24)
    at Runtime._loadModule (/Users/brianlong/Developer/summit/client/node_modules/jest-runtime/build/index.js:944:12)
    at Runtime.requireModule (/Users/brianlong/Developer/summit/client/node_modules/jest-runtime/build/index.js:832:12)
    at jestAdapter (/Users/brianlong/Developer/summit/client/node_modules/jest-circus/build/runner.js:95:13)
    at processTicksAndRejections (node:internal/process/task_queues:95:5)
    at runTestInternal (/Users/brianlong/Developer/summit/client/node_modules/jest-runner/build/testWorker.js:275:16)
    at runTest (/Users/brianlong/Developer/summit/client/node_modules/jest-runner/build/testWorker.js:343:7)
    at Object.worker (/Users/brianlong/Developer/summit/client/node_modules/jest-runner/build/testWorker.js:497:12)</failure>
    </testcase>
    <testcase classname="ThreatIntelligenceHub" name="shows indicator confidence scores" time="0.028">
    </testcase>
    <testcase classname="ThreatIntelligenceHub" name="handles component cleanup on unmount" time="0.016">
    </testcase>
    <testcase classname="ThreatIntelligenceHub" name="supports keyboard navigation" time="0.021">
    </testcase>
    <testcase classname="ThreatIntelligenceHub" name="updates counters in tab labels" time="5.018">
      <failure>Error: thrown: &quot;Exceeded timeout of 5000 ms for a test.
Add a timeout value to this test to increase the timeout, if this is a long-running test. See https://jestjs.io/docs/api#testname-fn-timeout.&quot;
    at /Users/brianlong/Developer/summit/client/src/components/intelligence/__tests__/ThreatIntelligenceHub.test.tsx:304:3
    at _dispatchDescribe (/Users/brianlong/Developer/summit/client/node_modules/jest-circus/build/jestAdapterInit.js:604:26)
    at describe (/Users/brianlong/Developer/summit/client/node_modules/jest-circus/build/jestAdapterInit.js:572:44)
    at Object.&lt;anonymous&gt; (/Users/brianlong/Developer/summit/client/src/components/intelligence/__tests__/ThreatIntelligenceHub.test.tsx:13:1)
    at Runtime._execModule (/Users/brianlong/Developer/summit/client/node_modules/jest-runtime/build/index.js:1268:24)
    at Runtime._loadModule (/Users/brianlong/Developer/summit/client/node_modules/jest-runtime/build/index.js:944:12)
    at Runtime.requireModule (/Users/brianlong/Developer/summit/client/node_modules/jest-runtime/build/index.js:832:12)
    at jestAdapter (/Users/brianlong/Developer/summit/client/node_modules/jest-circus/build/runner.js:95:13)
    at processTicksAndRejections (node:internal/process/task_queues:95:5)
    at runTestInternal (/Users/brianlong/Developer/summit/client/node_modules/jest-runner/build/testWorker.js:275:16)
    at runTest (/Users/brianlong/Developer/summit/client/node_modules/jest-runner/build/testWorker.js:343:7)
    at Object.worker (/Users/brianlong/Developer/summit/client/node_modules/jest-runner/build/testWorker.js:497:12)</failure>
    </testcase>
  </testsuite>
</testsuites>