<?xml version="1.0" encoding="UTF-8"?>
<testsuites name="jest tests" tests="148" failures="64" errors="0" time="65.596">
  <testsuite name="EnhancedAIAssistant" errors="0" failures="17" skipped="0" timestamp="2025-12-04T06:52:52" time="8.529" tests="17">
    <testcase classname="EnhancedAIAssistant" name="renders welcome message on initial load" time="0.216">
      <failure>TypeError: messagesEndRef.current?.scrollTo is not a function
    at /app/client/src/components/ai-enhanced/EnhancedAIAssistant.tsx:218:29
    at commitHookEffectListMount (/app/client/node_modules/react-dom/cjs/react-dom.development.js:23189:26)
    at commitPassiveMountOnFiber (/app/client/node_modules/react-dom/cjs/react-dom.development.js:24970:11)
    at commitPassiveMountEffects_complete (/app/client/node_modules/react-dom/cjs/react-dom.development.js:24930:9)
    at commitPassiveMountEffects_begin (/app/client/node_modules/react-dom/cjs/react-dom.development.js:24917:7)
    at commitPassiveMountEffects (/app/client/node_modules/react-dom/cjs/react-dom.development.js:24905:3)
    at flushPassiveEffectsImpl (/app/client/node_modules/react-dom/cjs/react-dom.development.js:27078:3)
    at flushPassiveEffects (/app/client/node_modules/react-dom/cjs/react-dom.development.js:27023:14)
    at /app/client/node_modules/react-dom/cjs/react-dom.development.js:26808:9
    at flushActQueue (/app/client/node_modules/react/cjs/react.development.js:2667:24)
    at act (/app/client/node_modules/react/cjs/react.development.js:2582:11)
    at actWithWarning (/app/client/node_modules/react-dom/cjs/react-dom-test-utils.development.js:1740:10)
    at /app/client/node_modules/@testing-library/react/dist/act-compat.js:63:25
    at renderRoot (/app/client/node_modules/@testing-library/react/dist/pure.js:159:26)
    at render (/app/client/node_modules/@testing-library/react/dist/pure.js:246:10)
    at renderWithTheme (/app/client/src/components/ai-enhanced/__tests__/EnhancedAIAssistant.test.tsx:27:16)
    at Object.&lt;anonymous&gt; (/app/client/src/components/ai-enhanced/__tests__/EnhancedAIAssistant.test.tsx:61:5)
    at Promise.finally.completed (/app/client/node_modules/jest-circus/build/jestAdapterInit.js:1556:28)
    at new Promise (&lt;anonymous&gt;)
    at callAsyncCircusFn (/app/client/node_modules/jest-circus/build/jestAdapterInit.js:1496:10)
    at _callCircusTest (/app/client/node_modules/jest-circus/build/jestAdapterInit.js:1006:40)
    at processTicksAndRejections (node:internal/process/task_queues:105:5)
    at _runTest (/app/client/node_modules/jest-circus/build/jestAdapterInit.js:946:3)
    at _runTestsForDescribeBlock (/app/client/node_modules/jest-circus/build/jestAdapterInit.js:839:13)
    at _runTestsForDescribeBlock (/app/client/node_modules/jest-circus/build/jestAdapterInit.js:829:11)
    at run (/app/client/node_modules/jest-circus/build/jestAdapterInit.js:757:3)
    at runAndTransformResultsToJestFormat (/app/client/node_modules/jest-circus/build/jestAdapterInit.js:1917:21)
    at jestAdapter (/app/client/node_modules/jest-circus/build/runner.js:101:19)
    at runTestInternal (/app/client/node_modules/jest-runner/build/testWorker.js:275:16)
    at runTest (/app/client/node_modules/jest-runner/build/testWorker.js:343:7)
    at Object.worker (/app/client/node_modules/jest-runner/build/testWorker.js:497:12)</failure>
    </testcase>
    <testcase classname="EnhancedAIAssistant" name="displays assistant name and status" time="0.055">
      <failure>TypeError: messagesEndRef.current?.scrollTo is not a function
    at /app/client/src/components/ai-enhanced/EnhancedAIAssistant.tsx:218:29
    at commitHookEffectListMount (/app/client/node_modules/react-dom/cjs/react-dom.development.js:23189:26)
    at commitPassiveMountOnFiber (/app/client/node_modules/react-dom/cjs/react-dom.development.js:24970:11)
    at commitPassiveMountEffects_complete (/app/client/node_modules/react-dom/cjs/react-dom.development.js:24930:9)
    at commitPassiveMountEffects_begin (/app/client/node_modules/react-dom/cjs/react-dom.development.js:24917:7)
    at commitPassiveMountEffects (/app/client/node_modules/react-dom/cjs/react-dom.development.js:24905:3)
    at flushPassiveEffectsImpl (/app/client/node_modules/react-dom/cjs/react-dom.development.js:27078:3)
    at flushPassiveEffects (/app/client/node_modules/react-dom/cjs/react-dom.development.js:27023:14)
    at /app/client/node_modules/react-dom/cjs/react-dom.development.js:26808:9
    at flushActQueue (/app/client/node_modules/react/cjs/react.development.js:2667:24)
    at act (/app/client/node_modules/react/cjs/react.development.js:2582:11)
    at actWithWarning (/app/client/node_modules/react-dom/cjs/react-dom-test-utils.development.js:1740:10)
    at /app/client/node_modules/@testing-library/react/dist/act-compat.js:63:25
    at renderRoot (/app/client/node_modules/@testing-library/react/dist/pure.js:159:26)
    at render (/app/client/node_modules/@testing-library/react/dist/pure.js:246:10)
    at renderWithTheme (/app/client/src/components/ai-enhanced/__tests__/EnhancedAIAssistant.test.tsx:27:16)
    at Object.&lt;anonymous&gt; (/app/client/src/components/ai-enhanced/__tests__/EnhancedAIAssistant.test.tsx:70:5)
    at Promise.finally.completed (/app/client/node_modules/jest-circus/build/jestAdapterInit.js:1556:28)
    at new Promise (&lt;anonymous&gt;)
    at callAsyncCircusFn (/app/client/node_modules/jest-circus/build/jestAdapterInit.js:1496:10)
    at _callCircusTest (/app/client/node_modules/jest-circus/build/jestAdapterInit.js:1006:40)
    at processTicksAndRejections (node:internal/process/task_queues:105:5)
    at _runTest (/app/client/node_modules/jest-circus/build/jestAdapterInit.js:946:3)
    at _runTestsForDescribeBlock (/app/client/node_modules/jest-circus/build/jestAdapterInit.js:839:13)
    at _runTestsForDescribeBlock (/app/client/node_modules/jest-circus/build/jestAdapterInit.js:829:11)
    at run (/app/client/node_modules/jest-circus/build/jestAdapterInit.js:757:3)
    at runAndTransformResultsToJestFormat (/app/client/node_modules/jest-circus/build/jestAdapterInit.js:1917:21)
    at jestAdapter (/app/client/node_modules/jest-circus/build/runner.js:101:19)
    at runTestInternal (/app/client/node_modules/jest-runner/build/testWorker.js:275:16)
    at runTest (/app/client/node_modules/jest-runner/build/testWorker.js:343:7)
    at Object.worker (/app/client/node_modules/jest-runner/build/testWorker.js:497:12)</failure>
    </testcase>
    <testcase classname="EnhancedAIAssistant" name="streams assistant tokens and settles to idle" time="0.042">
      <failure>TypeError: messagesEndRef.current?.scrollTo is not a function
    at /app/client/src/components/ai-enhanced/EnhancedAIAssistant.tsx:218:29
    at commitHookEffectListMount (/app/client/node_modules/react-dom/cjs/react-dom.development.js:23189:26)
    at commitPassiveMountOnFiber (/app/client/node_modules/react-dom/cjs/react-dom.development.js:24970:11)
    at commitPassiveMountEffects_complete (/app/client/node_modules/react-dom/cjs/react-dom.development.js:24930:9)
    at commitPassiveMountEffects_begin (/app/client/node_modules/react-dom/cjs/react-dom.development.js:24917:7)
    at commitPassiveMountEffects (/app/client/node_modules/react-dom/cjs/react-dom.development.js:24905:3)
    at flushPassiveEffectsImpl (/app/client/node_modules/react-dom/cjs/react-dom.development.js:27078:3)
    at flushPassiveEffects (/app/client/node_modules/react-dom/cjs/react-dom.development.js:27023:14)
    at /app/client/node_modules/react-dom/cjs/react-dom.development.js:26808:9
    at flushActQueue (/app/client/node_modules/react/cjs/react.development.js:2667:24)
    at act (/app/client/node_modules/react/cjs/react.development.js:2582:11)
    at actWithWarning (/app/client/node_modules/react-dom/cjs/react-dom-test-utils.development.js:1740:10)
    at /app/client/node_modules/@testing-library/react/dist/act-compat.js:63:25
    at renderRoot (/app/client/node_modules/@testing-library/react/dist/pure.js:159:26)
    at render (/app/client/node_modules/@testing-library/react/dist/pure.js:246:10)
    at renderWithTheme (/app/client/src/components/ai-enhanced/__tests__/EnhancedAIAssistant.test.tsx:27:16)
    at Object.&lt;anonymous&gt; (/app/client/src/components/ai-enhanced/__tests__/EnhancedAIAssistant.test.tsx:83:5)
    at Promise.finally.completed (/app/client/node_modules/jest-circus/build/jestAdapterInit.js:1556:28)
    at new Promise (&lt;anonymous&gt;)
    at callAsyncCircusFn (/app/client/node_modules/jest-circus/build/jestAdapterInit.js:1496:10)
    at _callCircusTest (/app/client/node_modules/jest-circus/build/jestAdapterInit.js:1006:40)
    at processTicksAndRejections (node:internal/process/task_queues:105:5)
    at _runTest (/app/client/node_modules/jest-circus/build/jestAdapterInit.js:946:3)
    at _runTestsForDescribeBlock (/app/client/node_modules/jest-circus/build/jestAdapterInit.js:839:13)
    at _runTestsForDescribeBlock (/app/client/node_modules/jest-circus/build/jestAdapterInit.js:829:11)
    at run (/app/client/node_modules/jest-circus/build/jestAdapterInit.js:757:3)
    at runAndTransformResultsToJestFormat (/app/client/node_modules/jest-circus/build/jestAdapterInit.js:1917:21)
    at jestAdapter (/app/client/node_modules/jest-circus/build/runner.js:101:19)
    at runTestInternal (/app/client/node_modules/jest-runner/build/testWorker.js:275:16)
    at runTest (/app/client/node_modules/jest-runner/build/testWorker.js:343:7)
    at Object.worker (/app/client/node_modules/jest-runner/build/testWorker.js:497:12)</failure>
    </testcase>
    <testcase classname="EnhancedAIAssistant" name="sends message when user types and presses enter" time="0.034">
      <failure>TypeError: messagesEndRef.current?.scrollTo is not a function
    at /app/client/src/components/ai-enhanced/EnhancedAIAssistant.tsx:218:29
    at commitHookEffectListMount (/app/client/node_modules/react-dom/cjs/react-dom.development.js:23189:26)
    at commitPassiveMountOnFiber (/app/client/node_modules/react-dom/cjs/react-dom.development.js:24970:11)
    at commitPassiveMountEffects_complete (/app/client/node_modules/react-dom/cjs/react-dom.development.js:24930:9)
    at commitPassiveMountEffects_begin (/app/client/node_modules/react-dom/cjs/react-dom.development.js:24917:7)
    at commitPassiveMountEffects (/app/client/node_modules/react-dom/cjs/react-dom.development.js:24905:3)
    at flushPassiveEffectsImpl (/app/client/node_modules/react-dom/cjs/react-dom.development.js:27078:3)
    at flushPassiveEffects (/app/client/node_modules/react-dom/cjs/react-dom.development.js:27023:14)
    at /app/client/node_modules/react-dom/cjs/react-dom.development.js:26808:9
    at flushActQueue (/app/client/node_modules/react/cjs/react.development.js:2667:24)
    at act (/app/client/node_modules/react/cjs/react.development.js:2582:11)
    at actWithWarning (/app/client/node_modules/react-dom/cjs/react-dom-test-utils.development.js:1740:10)
    at /app/client/node_modules/@testing-library/react/dist/act-compat.js:63:25
    at renderRoot (/app/client/node_modules/@testing-library/react/dist/pure.js:159:26)
    at render (/app/client/node_modules/@testing-library/react/dist/pure.js:246:10)
    at renderWithTheme (/app/client/src/components/ai-enhanced/__tests__/EnhancedAIAssistant.test.tsx:27:16)
    at Object.&lt;anonymous&gt; (/app/client/src/components/ai-enhanced/__tests__/EnhancedAIAssistant.test.tsx:117:5)
    at Promise.finally.completed (/app/client/node_modules/jest-circus/build/jestAdapterInit.js:1556:28)
    at new Promise (&lt;anonymous&gt;)
    at callAsyncCircusFn (/app/client/node_modules/jest-circus/build/jestAdapterInit.js:1496:10)
    at _callCircusTest (/app/client/node_modules/jest-circus/build/jestAdapterInit.js:1006:40)
    at processTicksAndRejections (node:internal/process/task_queues:105:5)
    at _runTest (/app/client/node_modules/jest-circus/build/jestAdapterInit.js:946:3)
    at _runTestsForDescribeBlock (/app/client/node_modules/jest-circus/build/jestAdapterInit.js:839:13)
    at _runTestsForDescribeBlock (/app/client/node_modules/jest-circus/build/jestAdapterInit.js:829:11)
    at run (/app/client/node_modules/jest-circus/build/jestAdapterInit.js:757:3)
    at runAndTransformResultsToJestFormat (/app/client/node_modules/jest-circus/build/jestAdapterInit.js:1917:21)
    at jestAdapter (/app/client/node_modules/jest-circus/build/runner.js:101:19)
    at runTestInternal (/app/client/node_modules/jest-runner/build/testWorker.js:275:16)
    at runTest (/app/client/node_modules/jest-runner/build/testWorker.js:343:7)
    at Object.worker (/app/client/node_modules/jest-runner/build/testWorker.js:497:12)</failure>
    </testcase>
    <testcase classname="EnhancedAIAssistant" name="sends message when send button is clicked" time="0.044">
      <failure>TypeError: messagesEndRef.current?.scrollTo is not a function
    at /app/client/src/components/ai-enhanced/EnhancedAIAssistant.tsx:218:29
    at commitHookEffectListMount (/app/client/node_modules/react-dom/cjs/react-dom.development.js:23189:26)
    at commitPassiveMountOnFiber (/app/client/node_modules/react-dom/cjs/react-dom.development.js:24970:11)
    at commitPassiveMountEffects_complete (/app/client/node_modules/react-dom/cjs/react-dom.development.js:24930:9)
    at commitPassiveMountEffects_begin (/app/client/node_modules/react-dom/cjs/react-dom.development.js:24917:7)
    at commitPassiveMountEffects (/app/client/node_modules/react-dom/cjs/react-dom.development.js:24905:3)
    at flushPassiveEffectsImpl (/app/client/node_modules/react-dom/cjs/react-dom.development.js:27078:3)
    at flushPassiveEffects (/app/client/node_modules/react-dom/cjs/react-dom.development.js:27023:14)
    at /app/client/node_modules/react-dom/cjs/react-dom.development.js:26808:9
    at flushActQueue (/app/client/node_modules/react/cjs/react.development.js:2667:24)
    at act (/app/client/node_modules/react/cjs/react.development.js:2582:11)
    at actWithWarning (/app/client/node_modules/react-dom/cjs/react-dom-test-utils.development.js:1740:10)
    at /app/client/node_modules/@testing-library/react/dist/act-compat.js:63:25
    at renderRoot (/app/client/node_modules/@testing-library/react/dist/pure.js:159:26)
    at render (/app/client/node_modules/@testing-library/react/dist/pure.js:246:10)
    at renderWithTheme (/app/client/src/components/ai-enhanced/__tests__/EnhancedAIAssistant.test.tsx:27:16)
    at Object.&lt;anonymous&gt; (/app/client/src/components/ai-enhanced/__tests__/EnhancedAIAssistant.test.tsx:154:5)
    at Promise.finally.completed (/app/client/node_modules/jest-circus/build/jestAdapterInit.js:1556:28)
    at new Promise (&lt;anonymous&gt;)
    at callAsyncCircusFn (/app/client/node_modules/jest-circus/build/jestAdapterInit.js:1496:10)
    at _callCircusTest (/app/client/node_modules/jest-circus/build/jestAdapterInit.js:1006:40)
    at processTicksAndRejections (node:internal/process/task_queues:105:5)
    at _runTest (/app/client/node_modules/jest-circus/build/jestAdapterInit.js:946:3)
    at _runTestsForDescribeBlock (/app/client/node_modules/jest-circus/build/jestAdapterInit.js:839:13)
    at _runTestsForDescribeBlock (/app/client/node_modules/jest-circus/build/jestAdapterInit.js:829:11)
    at run (/app/client/node_modules/jest-circus/build/jestAdapterInit.js:757:3)
    at runAndTransformResultsToJestFormat (/app/client/node_modules/jest-circus/build/jestAdapterInit.js:1917:21)
    at jestAdapter (/app/client/node_modules/jest-circus/build/runner.js:101:19)
    at runTestInternal (/app/client/node_modules/jest-runner/build/testWorker.js:275:16)
    at runTest (/app/client/node_modules/jest-runner/build/testWorker.js:343:7)
    at Object.worker (/app/client/node_modules/jest-runner/build/testWorker.js:497:12)</failure>
    </testcase>
    <testcase classname="EnhancedAIAssistant" name="disables send button when input is empty" time="0.034">
      <failure>TypeError: messagesEndRef.current?.scrollTo is not a function
    at /app/client/src/components/ai-enhanced/EnhancedAIAssistant.tsx:218:29
    at commitHookEffectListMount (/app/client/node_modules/react-dom/cjs/react-dom.development.js:23189:26)
    at commitPassiveMountOnFiber (/app/client/node_modules/react-dom/cjs/react-dom.development.js:24970:11)
    at commitPassiveMountEffects_complete (/app/client/node_modules/react-dom/cjs/react-dom.development.js:24930:9)
    at commitPassiveMountEffects_begin (/app/client/node_modules/react-dom/cjs/react-dom.development.js:24917:7)
    at commitPassiveMountEffects (/app/client/node_modules/react-dom/cjs/react-dom.development.js:24905:3)
    at flushPassiveEffectsImpl (/app/client/node_modules/react-dom/cjs/react-dom.development.js:27078:3)
    at flushPassiveEffects (/app/client/node_modules/react-dom/cjs/react-dom.development.js:27023:14)
    at /app/client/node_modules/react-dom/cjs/react-dom.development.js:26808:9
    at flushActQueue (/app/client/node_modules/react/cjs/react.development.js:2667:24)
    at act (/app/client/node_modules/react/cjs/react.development.js:2582:11)
    at actWithWarning (/app/client/node_modules/react-dom/cjs/react-dom-test-utils.development.js:1740:10)
    at /app/client/node_modules/@testing-library/react/dist/act-compat.js:63:25
    at renderRoot (/app/client/node_modules/@testing-library/react/dist/pure.js:159:26)
    at render (/app/client/node_modules/@testing-library/react/dist/pure.js:246:10)
    at renderWithTheme (/app/client/src/components/ai-enhanced/__tests__/EnhancedAIAssistant.test.tsx:27:16)
    at Object.&lt;anonymous&gt; (/app/client/src/components/ai-enhanced/__tests__/EnhancedAIAssistant.test.tsx:185:5)
    at Promise.finally.completed (/app/client/node_modules/jest-circus/build/jestAdapterInit.js:1556:28)
    at new Promise (&lt;anonymous&gt;)
    at callAsyncCircusFn (/app/client/node_modules/jest-circus/build/jestAdapterInit.js:1496:10)
    at _callCircusTest (/app/client/node_modules/jest-circus/build/jestAdapterInit.js:1006:40)
    at processTicksAndRejections (node:internal/process/task_queues:105:5)
    at _runTest (/app/client/node_modules/jest-circus/build/jestAdapterInit.js:946:3)
    at _runTestsForDescribeBlock (/app/client/node_modules/jest-circus/build/jestAdapterInit.js:839:13)
    at _runTestsForDescribeBlock (/app/client/node_modules/jest-circus/build/jestAdapterInit.js:829:11)
    at run (/app/client/node_modules/jest-circus/build/jestAdapterInit.js:757:3)
    at runAndTransformResultsToJestFormat (/app/client/node_modules/jest-circus/build/jestAdapterInit.js:1917:21)
    at jestAdapter (/app/client/node_modules/jest-circus/build/runner.js:101:19)
    at runTestInternal (/app/client/node_modules/jest-runner/build/testWorker.js:275:16)
    at runTest (/app/client/node_modules/jest-runner/build/testWorker.js:343:7)
    at Object.worker (/app/client/node_modules/jest-runner/build/testWorker.js:497:12)</failure>
    </testcase>
    <testcase classname="EnhancedAIAssistant" name="aborts cleanly on unmount (no state updates after unmount)" time="0.033">
      <failure>TypeError: messagesEndRef.current?.scrollTo is not a function
    at /app/client/src/components/ai-enhanced/EnhancedAIAssistant.tsx:218:29
    at commitHookEffectListMount (/app/client/node_modules/react-dom/cjs/react-dom.development.js:23189:26)
    at commitPassiveMountOnFiber (/app/client/node_modules/react-dom/cjs/react-dom.development.js:24970:11)
    at commitPassiveMountEffects_complete (/app/client/node_modules/react-dom/cjs/react-dom.development.js:24930:9)
    at commitPassiveMountEffects_begin (/app/client/node_modules/react-dom/cjs/react-dom.development.js:24917:7)
    at commitPassiveMountEffects (/app/client/node_modules/react-dom/cjs/react-dom.development.js:24905:3)
    at flushPassiveEffectsImpl (/app/client/node_modules/react-dom/cjs/react-dom.development.js:27078:3)
    at flushPassiveEffects (/app/client/node_modules/react-dom/cjs/react-dom.development.js:27023:14)
    at /app/client/node_modules/react-dom/cjs/react-dom.development.js:26808:9
    at flushActQueue (/app/client/node_modules/react/cjs/react.development.js:2667:24)
    at act (/app/client/node_modules/react/cjs/react.development.js:2582:11)
    at actWithWarning (/app/client/node_modules/react-dom/cjs/react-dom-test-utils.development.js:1740:10)
    at /app/client/node_modules/@testing-library/react/dist/act-compat.js:63:25
    at renderRoot (/app/client/node_modules/@testing-library/react/dist/pure.js:159:26)
    at render (/app/client/node_modules/@testing-library/react/dist/pure.js:246:10)
    at renderWithTheme (/app/client/src/components/ai-enhanced/__tests__/EnhancedAIAssistant.test.tsx:27:16)
    at Object.&lt;anonymous&gt; (/app/client/src/components/ai-enhanced/__tests__/EnhancedAIAssistant.test.tsx:200:35)
    at Promise.finally.completed (/app/client/node_modules/jest-circus/build/jestAdapterInit.js:1556:28)
    at new Promise (&lt;anonymous&gt;)
    at callAsyncCircusFn (/app/client/node_modules/jest-circus/build/jestAdapterInit.js:1496:10)
    at _callCircusTest (/app/client/node_modules/jest-circus/build/jestAdapterInit.js:1006:40)
    at processTicksAndRejections (node:internal/process/task_queues:105:5)
    at _runTest (/app/client/node_modules/jest-circus/build/jestAdapterInit.js:946:3)
    at _runTestsForDescribeBlock (/app/client/node_modules/jest-circus/build/jestAdapterInit.js:839:13)
    at _runTestsForDescribeBlock (/app/client/node_modules/jest-circus/build/jestAdapterInit.js:829:11)
    at run (/app/client/node_modules/jest-circus/build/jestAdapterInit.js:757:3)
    at runAndTransformResultsToJestFormat (/app/client/node_modules/jest-circus/build/jestAdapterInit.js:1917:21)
    at jestAdapter (/app/client/node_modules/jest-circus/build/runner.js:101:19)
    at runTestInternal (/app/client/node_modules/jest-runner/build/testWorker.js:275:16)
    at runTest (/app/client/node_modules/jest-runner/build/testWorker.js:343:7)
    at Object.worker (/app/client/node_modules/jest-runner/build/testWorker.js:497:12)</failure>
    </testcase>
    <testcase classname="EnhancedAIAssistant" name="voice input pipes transcript into the log deterministically" time="0.063">
      <failure>TypeError: messagesEndRef.current?.scrollTo is not a function
    at /app/client/src/components/ai-enhanced/EnhancedAIAssistant.tsx:218:29
    at commitHookEffectListMount (/app/client/node_modules/react-dom/cjs/react-dom.development.js:23189:26)
    at commitPassiveMountOnFiber (/app/client/node_modules/react-dom/cjs/react-dom.development.js:24970:11)
    at commitPassiveMountEffects_complete (/app/client/node_modules/react-dom/cjs/react-dom.development.js:24930:9)
    at commitPassiveMountEffects_begin (/app/client/node_modules/react-dom/cjs/react-dom.development.js:24917:7)
    at commitPassiveMountEffects (/app/client/node_modules/react-dom/cjs/react-dom.development.js:24905:3)
    at flushPassiveEffectsImpl (/app/client/node_modules/react-dom/cjs/react-dom.development.js:27078:3)
    at flushPassiveEffects (/app/client/node_modules/react-dom/cjs/react-dom.development.js:27023:14)
    at /app/client/node_modules/react-dom/cjs/react-dom.development.js:26808:9
    at flushActQueue (/app/client/node_modules/react/cjs/react.development.js:2667:24)
    at act (/app/client/node_modules/react/cjs/react.development.js:2582:11)
    at actWithWarning (/app/client/node_modules/react-dom/cjs/react-dom-test-utils.development.js:1740:10)
    at /app/client/node_modules/@testing-library/react/dist/act-compat.js:63:25
    at renderRoot (/app/client/node_modules/@testing-library/react/dist/pure.js:159:26)
    at render (/app/client/node_modules/@testing-library/react/dist/pure.js:246:10)
    at renderWithTheme (/app/client/src/components/ai-enhanced/__tests__/EnhancedAIAssistant.test.tsx:27:16)
    at Object.&lt;anonymous&gt; (/app/client/src/components/ai-enhanced/__tests__/EnhancedAIAssistant.test.tsx:228:5)
    at Promise.finally.completed (/app/client/node_modules/jest-circus/build/jestAdapterInit.js:1556:28)
    at new Promise (&lt;anonymous&gt;)
    at callAsyncCircusFn (/app/client/node_modules/jest-circus/build/jestAdapterInit.js:1496:10)
    at _callCircusTest (/app/client/node_modules/jest-circus/build/jestAdapterInit.js:1006:40)
    at processTicksAndRejections (node:internal/process/task_queues:105:5)
    at _runTest (/app/client/node_modules/jest-circus/build/jestAdapterInit.js:946:3)
    at _runTestsForDescribeBlock (/app/client/node_modules/jest-circus/build/jestAdapterInit.js:839:13)
    at _runTestsForDescribeBlock (/app/client/node_modules/jest-circus/build/jestAdapterInit.js:829:11)
    at run (/app/client/node_modules/jest-circus/build/jestAdapterInit.js:757:3)
    at runAndTransformResultsToJestFormat (/app/client/node_modules/jest-circus/build/jestAdapterInit.js:1917:21)
    at jestAdapter (/app/client/node_modules/jest-circus/build/runner.js:101:19)
    at runTestInternal (/app/client/node_modules/jest-runner/build/testWorker.js:275:16)
    at runTest (/app/client/node_modules/jest-runner/build/testWorker.js:343:7)
    at Object.worker (/app/client/node_modules/jest-runner/build/testWorker.js:497:12)</failure>
    </testcase>
    <testcase classname="EnhancedAIAssistant" name="toggles voice commands" time="0.05">
      <failure>TypeError: messagesEndRef.current?.scrollTo is not a function
    at /app/client/src/components/ai-enhanced/EnhancedAIAssistant.tsx:218:29
    at commitHookEffectListMount (/app/client/node_modules/react-dom/cjs/react-dom.development.js:23189:26)
    at commitPassiveMountOnFiber (/app/client/node_modules/react-dom/cjs/react-dom.development.js:24970:11)
    at commitPassiveMountEffects_complete (/app/client/node_modules/react-dom/cjs/react-dom.development.js:24930:9)
    at commitPassiveMountEffects_begin (/app/client/node_modules/react-dom/cjs/react-dom.development.js:24917:7)
    at commitPassiveMountEffects (/app/client/node_modules/react-dom/cjs/react-dom.development.js:24905:3)
    at flushPassiveEffectsImpl (/app/client/node_modules/react-dom/cjs/react-dom.development.js:27078:3)
    at flushPassiveEffects (/app/client/node_modules/react-dom/cjs/react-dom.development.js:27023:14)
    at /app/client/node_modules/react-dom/cjs/react-dom.development.js:26808:9
    at flushActQueue (/app/client/node_modules/react/cjs/react.development.js:2667:24)
    at act (/app/client/node_modules/react/cjs/react.development.js:2582:11)
    at actWithWarning (/app/client/node_modules/react-dom/cjs/react-dom-test-utils.development.js:1740:10)
    at /app/client/node_modules/@testing-library/react/dist/act-compat.js:63:25
    at renderRoot (/app/client/node_modules/@testing-library/react/dist/pure.js:159:26)
    at render (/app/client/node_modules/@testing-library/react/dist/pure.js:246:10)
    at renderWithTheme (/app/client/src/components/ai-enhanced/__tests__/EnhancedAIAssistant.test.tsx:27:16)
    at Object.&lt;anonymous&gt; (/app/client/src/components/ai-enhanced/__tests__/EnhancedAIAssistant.test.tsx:242:5)
    at Promise.finally.completed (/app/client/node_modules/jest-circus/build/jestAdapterInit.js:1556:28)
    at new Promise (&lt;anonymous&gt;)
    at callAsyncCircusFn (/app/client/node_modules/jest-circus/build/jestAdapterInit.js:1496:10)
    at _callCircusTest (/app/client/node_modules/jest-circus/build/jestAdapterInit.js:1006:40)
    at processTicksAndRejections (node:internal/process/task_queues:105:5)
    at _runTest (/app/client/node_modules/jest-circus/build/jestAdapterInit.js:946:3)
    at _runTestsForDescribeBlock (/app/client/node_modules/jest-circus/build/jestAdapterInit.js:839:13)
    at _runTestsForDescribeBlock (/app/client/node_modules/jest-circus/build/jestAdapterInit.js:829:11)
    at run (/app/client/node_modules/jest-circus/build/jestAdapterInit.js:757:3)
    at runAndTransformResultsToJestFormat (/app/client/node_modules/jest-circus/build/jestAdapterInit.js:1917:21)
    at jestAdapter (/app/client/node_modules/jest-circus/build/runner.js:101:19)
    at runTestInternal (/app/client/node_modules/jest-runner/build/testWorker.js:275:16)
    at runTest (/app/client/node_modules/jest-runner/build/testWorker.js:343:7)
    at Object.worker (/app/client/node_modules/jest-runner/build/testWorker.js:497:12)</failure>
    </testcase>
    <testcase classname="EnhancedAIAssistant" name="disables voice button when voice is not enabled" time="0.042">
      <failure>TypeError: messagesEndRef.current?.scrollTo is not a function
    at /app/client/src/components/ai-enhanced/EnhancedAIAssistant.tsx:218:29
    at commitHookEffectListMount (/app/client/node_modules/react-dom/cjs/react-dom.development.js:23189:26)
    at commitPassiveMountOnFiber (/app/client/node_modules/react-dom/cjs/react-dom.development.js:24970:11)
    at commitPassiveMountEffects_complete (/app/client/node_modules/react-dom/cjs/react-dom.development.js:24930:9)
    at commitPassiveMountEffects_begin (/app/client/node_modules/react-dom/cjs/react-dom.development.js:24917:7)
    at commitPassiveMountEffects (/app/client/node_modules/react-dom/cjs/react-dom.development.js:24905:3)
    at flushPassiveEffectsImpl (/app/client/node_modules/react-dom/cjs/react-dom.development.js:27078:3)
    at flushPassiveEffects (/app/client/node_modules/react-dom/cjs/react-dom.development.js:27023:14)
    at /app/client/node_modules/react-dom/cjs/react-dom.development.js:26808:9
    at flushActQueue (/app/client/node_modules/react/cjs/react.development.js:2667:24)
    at act (/app/client/node_modules/react/cjs/react.development.js:2582:11)
    at actWithWarning (/app/client/node_modules/react-dom/cjs/react-dom-test-utils.development.js:1740:10)
    at /app/client/node_modules/@testing-library/react/dist/act-compat.js:63:25
    at renderRoot (/app/client/node_modules/@testing-library/react/dist/pure.js:159:26)
    at render (/app/client/node_modules/@testing-library/react/dist/pure.js:246:10)
    at renderWithTheme (/app/client/src/components/ai-enhanced/__tests__/EnhancedAIAssistant.test.tsx:27:16)
    at Object.&lt;anonymous&gt; (/app/client/src/components/ai-enhanced/__tests__/EnhancedAIAssistant.test.tsx:259:5)
    at Promise.finally.completed (/app/client/node_modules/jest-circus/build/jestAdapterInit.js:1556:28)
    at new Promise (&lt;anonymous&gt;)
    at callAsyncCircusFn (/app/client/node_modules/jest-circus/build/jestAdapterInit.js:1496:10)
    at _callCircusTest (/app/client/node_modules/jest-circus/build/jestAdapterInit.js:1006:40)
    at processTicksAndRejections (node:internal/process/task_queues:105:5)
    at _runTest (/app/client/node_modules/jest-circus/build/jestAdapterInit.js:946:3)
    at _runTestsForDescribeBlock (/app/client/node_modules/jest-circus/build/jestAdapterInit.js:839:13)
    at _runTestsForDescribeBlock (/app/client/node_modules/jest-circus/build/jestAdapterInit.js:829:11)
    at run (/app/client/node_modules/jest-circus/build/jestAdapterInit.js:757:3)
    at runAndTransformResultsToJestFormat (/app/client/node_modules/jest-circus/build/jestAdapterInit.js:1917:21)
    at jestAdapter (/app/client/node_modules/jest-circus/build/runner.js:101:19)
    at runTestInternal (/app/client/node_modules/jest-runner/build/testWorker.js:275:16)
    at runTest (/app/client/node_modules/jest-runner/build/testWorker.js:343:7)
    at Object.worker (/app/client/node_modules/jest-runner/build/testWorker.js:497:12)</failure>
    </testcase>
    <testcase classname="EnhancedAIAssistant" name="prevents empty messages from being sent" time="0.051">
      <failure>TypeError: messagesEndRef.current?.scrollTo is not a function
    at /app/client/src/components/ai-enhanced/EnhancedAIAssistant.tsx:218:29
    at commitHookEffectListMount (/app/client/node_modules/react-dom/cjs/react-dom.development.js:23189:26)
    at commitPassiveMountOnFiber (/app/client/node_modules/react-dom/cjs/react-dom.development.js:24970:11)
    at commitPassiveMountEffects_complete (/app/client/node_modules/react-dom/cjs/react-dom.development.js:24930:9)
    at commitPassiveMountEffects_begin (/app/client/node_modules/react-dom/cjs/react-dom.development.js:24917:7)
    at commitPassiveMountEffects (/app/client/node_modules/react-dom/cjs/react-dom.development.js:24905:3)
    at flushPassiveEffectsImpl (/app/client/node_modules/react-dom/cjs/react-dom.development.js:27078:3)
    at flushPassiveEffects (/app/client/node_modules/react-dom/cjs/react-dom.development.js:27023:14)
    at /app/client/node_modules/react-dom/cjs/react-dom.development.js:26808:9
    at flushActQueue (/app/client/node_modules/react/cjs/react.development.js:2667:24)
    at act (/app/client/node_modules/react/cjs/react.development.js:2582:11)
    at actWithWarning (/app/client/node_modules/react-dom/cjs/react-dom-test-utils.development.js:1740:10)
    at /app/client/node_modules/@testing-library/react/dist/act-compat.js:63:25
    at renderRoot (/app/client/node_modules/@testing-library/react/dist/pure.js:159:26)
    at render (/app/client/node_modules/@testing-library/react/dist/pure.js:246:10)
    at renderWithTheme (/app/client/src/components/ai-enhanced/__tests__/EnhancedAIAssistant.test.tsx:27:16)
    at Object.&lt;anonymous&gt; (/app/client/src/components/ai-enhanced/__tests__/EnhancedAIAssistant.test.tsx:269:5)
    at Promise.finally.completed (/app/client/node_modules/jest-circus/build/jestAdapterInit.js:1556:28)
    at new Promise (&lt;anonymous&gt;)
    at callAsyncCircusFn (/app/client/node_modules/jest-circus/build/jestAdapterInit.js:1496:10)
    at _callCircusTest (/app/client/node_modules/jest-circus/build/jestAdapterInit.js:1006:40)
    at processTicksAndRejections (node:internal/process/task_queues:105:5)
    at _runTest (/app/client/node_modules/jest-circus/build/jestAdapterInit.js:946:3)
    at _runTestsForDescribeBlock (/app/client/node_modules/jest-circus/build/jestAdapterInit.js:839:13)
    at _runTestsForDescribeBlock (/app/client/node_modules/jest-circus/build/jestAdapterInit.js:829:11)
    at run (/app/client/node_modules/jest-circus/build/jestAdapterInit.js:757:3)
    at runAndTransformResultsToJestFormat (/app/client/node_modules/jest-circus/build/jestAdapterInit.js:1917:21)
    at jestAdapter (/app/client/node_modules/jest-circus/build/runner.js:101:19)
    at runTestInternal (/app/client/node_modules/jest-runner/build/testWorker.js:275:16)
    at runTest (/app/client/node_modules/jest-runner/build/testWorker.js:343:7)
    at Object.worker (/app/client/node_modules/jest-runner/build/testWorker.js:497:12)</failure>
    </testcase>
    <testcase classname="EnhancedAIAssistant" name="handles multiline input correctly" time="0.035">
      <failure>TypeError: messagesEndRef.current?.scrollTo is not a function
    at /app/client/src/components/ai-enhanced/EnhancedAIAssistant.tsx:218:29
    at commitHookEffectListMount (/app/client/node_modules/react-dom/cjs/react-dom.development.js:23189:26)
    at commitPassiveMountOnFiber (/app/client/node_modules/react-dom/cjs/react-dom.development.js:24970:11)
    at commitPassiveMountEffects_complete (/app/client/node_modules/react-dom/cjs/react-dom.development.js:24930:9)
    at commitPassiveMountEffects_begin (/app/client/node_modules/react-dom/cjs/react-dom.development.js:24917:7)
    at commitPassiveMountEffects (/app/client/node_modules/react-dom/cjs/react-dom.development.js:24905:3)
    at flushPassiveEffectsImpl (/app/client/node_modules/react-dom/cjs/react-dom.development.js:27078:3)
    at flushPassiveEffects (/app/client/node_modules/react-dom/cjs/react-dom.development.js:27023:14)
    at /app/client/node_modules/react-dom/cjs/react-dom.development.js:26808:9
    at flushActQueue (/app/client/node_modules/react/cjs/react.development.js:2667:24)
    at act (/app/client/node_modules/react/cjs/react.development.js:2582:11)
    at actWithWarning (/app/client/node_modules/react-dom/cjs/react-dom-test-utils.development.js:1740:10)
    at /app/client/node_modules/@testing-library/react/dist/act-compat.js:63:25
    at renderRoot (/app/client/node_modules/@testing-library/react/dist/pure.js:159:26)
    at render (/app/client/node_modules/@testing-library/react/dist/pure.js:246:10)
    at renderWithTheme (/app/client/src/components/ai-enhanced/__tests__/EnhancedAIAssistant.test.tsx:27:16)
    at Object.&lt;anonymous&gt; (/app/client/src/components/ai-enhanced/__tests__/EnhancedAIAssistant.test.tsx:291:5)
    at Promise.finally.completed (/app/client/node_modules/jest-circus/build/jestAdapterInit.js:1556:28)
    at new Promise (&lt;anonymous&gt;)
    at callAsyncCircusFn (/app/client/node_modules/jest-circus/build/jestAdapterInit.js:1496:10)
    at _callCircusTest (/app/client/node_modules/jest-circus/build/jestAdapterInit.js:1006:40)
    at processTicksAndRejections (node:internal/process/task_queues:105:5)
    at _runTest (/app/client/node_modules/jest-circus/build/jestAdapterInit.js:946:3)
    at _runTestsForDescribeBlock (/app/client/node_modules/jest-circus/build/jestAdapterInit.js:839:13)
    at _runTestsForDescribeBlock (/app/client/node_modules/jest-circus/build/jestAdapterInit.js:829:11)
    at run (/app/client/node_modules/jest-circus/build/jestAdapterInit.js:757:3)
    at runAndTransformResultsToJestFormat (/app/client/node_modules/jest-circus/build/jestAdapterInit.js:1917:21)
    at jestAdapter (/app/client/node_modules/jest-circus/build/runner.js:101:19)
    at runTestInternal (/app/client/node_modules/jest-runner/build/testWorker.js:275:16)
    at runTest (/app/client/node_modules/jest-runner/build/testWorker.js:343:7)
    at Object.worker (/app/client/node_modules/jest-runner/build/testWorker.js:497:12)</failure>
    </testcase>
    <testcase classname="EnhancedAIAssistant" name="allows copying message content" time="0.033">
      <failure>TypeError: messagesEndRef.current?.scrollTo is not a function
    at /app/client/src/components/ai-enhanced/EnhancedAIAssistant.tsx:218:29
    at commitHookEffectListMount (/app/client/node_modules/react-dom/cjs/react-dom.development.js:23189:26)
    at commitPassiveMountOnFiber (/app/client/node_modules/react-dom/cjs/react-dom.development.js:24970:11)
    at commitPassiveMountEffects_complete (/app/client/node_modules/react-dom/cjs/react-dom.development.js:24930:9)
    at commitPassiveMountEffects_begin (/app/client/node_modules/react-dom/cjs/react-dom.development.js:24917:7)
    at commitPassiveMountEffects (/app/client/node_modules/react-dom/cjs/react-dom.development.js:24905:3)
    at flushPassiveEffectsImpl (/app/client/node_modules/react-dom/cjs/react-dom.development.js:27078:3)
    at flushPassiveEffects (/app/client/node_modules/react-dom/cjs/react-dom.development.js:27023:14)
    at /app/client/node_modules/react-dom/cjs/react-dom.development.js:26808:9
    at flushActQueue (/app/client/node_modules/react/cjs/react.development.js:2667:24)
    at act (/app/client/node_modules/react/cjs/react.development.js:2582:11)
    at actWithWarning (/app/client/node_modules/react-dom/cjs/react-dom-test-utils.development.js:1740:10)
    at /app/client/node_modules/@testing-library/react/dist/act-compat.js:63:25
    at renderRoot (/app/client/node_modules/@testing-library/react/dist/pure.js:159:26)
    at render (/app/client/node_modules/@testing-library/react/dist/pure.js:246:10)
    at renderWithTheme (/app/client/src/components/ai-enhanced/__tests__/EnhancedAIAssistant.test.tsx:27:16)
    at Object.&lt;anonymous&gt; (/app/client/src/components/ai-enhanced/__tests__/EnhancedAIAssistant.test.tsx:326:5)
    at Promise.finally.completed (/app/client/node_modules/jest-circus/build/jestAdapterInit.js:1556:28)
    at new Promise (&lt;anonymous&gt;)
    at callAsyncCircusFn (/app/client/node_modules/jest-circus/build/jestAdapterInit.js:1496:10)
    at _callCircusTest (/app/client/node_modules/jest-circus/build/jestAdapterInit.js:1006:40)
    at processTicksAndRejections (node:internal/process/task_queues:105:5)
    at _runTest (/app/client/node_modules/jest-circus/build/jestAdapterInit.js:946:3)
    at _runTestsForDescribeBlock (/app/client/node_modules/jest-circus/build/jestAdapterInit.js:839:13)
    at _runTestsForDescribeBlock (/app/client/node_modules/jest-circus/build/jestAdapterInit.js:829:11)
    at run (/app/client/node_modules/jest-circus/build/jestAdapterInit.js:757:3)
    at runAndTransformResultsToJestFormat (/app/client/node_modules/jest-circus/build/jestAdapterInit.js:1917:21)
    at jestAdapter (/app/client/node_modules/jest-circus/build/runner.js:101:19)
    at runTestInternal (/app/client/node_modules/jest-runner/build/testWorker.js:275:16)
    at runTest (/app/client/node_modules/jest-runner/build/testWorker.js:343:7)
    at Object.worker (/app/client/node_modules/jest-runner/build/testWorker.js:497:12)</failure>
    </testcase>
    <testcase classname="EnhancedAIAssistant" name="has proper accessibility attributes" time="0.034">
      <failure>TypeError: messagesEndRef.current?.scrollTo is not a function
    at /app/client/src/components/ai-enhanced/EnhancedAIAssistant.tsx:218:29
    at commitHookEffectListMount (/app/client/node_modules/react-dom/cjs/react-dom.development.js:23189:26)
    at commitPassiveMountOnFiber (/app/client/node_modules/react-dom/cjs/react-dom.development.js:24970:11)
    at commitPassiveMountEffects_complete (/app/client/node_modules/react-dom/cjs/react-dom.development.js:24930:9)
    at commitPassiveMountEffects_begin (/app/client/node_modules/react-dom/cjs/react-dom.development.js:24917:7)
    at commitPassiveMountEffects (/app/client/node_modules/react-dom/cjs/react-dom.development.js:24905:3)
    at flushPassiveEffectsImpl (/app/client/node_modules/react-dom/cjs/react-dom.development.js:27078:3)
    at flushPassiveEffects (/app/client/node_modules/react-dom/cjs/react-dom.development.js:27023:14)
    at /app/client/node_modules/react-dom/cjs/react-dom.development.js:26808:9
    at flushActQueue (/app/client/node_modules/react/cjs/react.development.js:2667:24)
    at act (/app/client/node_modules/react/cjs/react.development.js:2582:11)
    at actWithWarning (/app/client/node_modules/react-dom/cjs/react-dom-test-utils.development.js:1740:10)
    at /app/client/node_modules/@testing-library/react/dist/act-compat.js:63:25
    at renderRoot (/app/client/node_modules/@testing-library/react/dist/pure.js:159:26)
    at render (/app/client/node_modules/@testing-library/react/dist/pure.js:246:10)
    at renderWithTheme (/app/client/src/components/ai-enhanced/__tests__/EnhancedAIAssistant.test.tsx:27:16)
    at Object.&lt;anonymous&gt; (/app/client/src/components/ai-enhanced/__tests__/EnhancedAIAssistant.test.tsx:340:5)
    at Promise.finally.completed (/app/client/node_modules/jest-circus/build/jestAdapterInit.js:1556:28)
    at new Promise (&lt;anonymous&gt;)
    at callAsyncCircusFn (/app/client/node_modules/jest-circus/build/jestAdapterInit.js:1496:10)
    at _callCircusTest (/app/client/node_modules/jest-circus/build/jestAdapterInit.js:1006:40)
    at processTicksAndRejections (node:internal/process/task_queues:105:5)
    at _runTest (/app/client/node_modules/jest-circus/build/jestAdapterInit.js:946:3)
    at _runTestsForDescribeBlock (/app/client/node_modules/jest-circus/build/jestAdapterInit.js:839:13)
    at _runTestsForDescribeBlock (/app/client/node_modules/jest-circus/build/jestAdapterInit.js:829:11)
    at run (/app/client/node_modules/jest-circus/build/jestAdapterInit.js:757:3)
    at runAndTransformResultsToJestFormat (/app/client/node_modules/jest-circus/build/jestAdapterInit.js:1917:21)
    at jestAdapter (/app/client/node_modules/jest-circus/build/runner.js:101:19)
    at runTestInternal (/app/client/node_modules/jest-runner/build/testWorker.js:275:16)
    at runTest (/app/client/node_modules/jest-runner/build/testWorker.js:343:7)
    at Object.worker (/app/client/node_modules/jest-runner/build/testWorker.js:497:12)</failure>
    </testcase>
    <testcase classname="EnhancedAIAssistant" name="shows proper ARIA structure for messages" time="0.034">
      <failure>TypeError: messagesEndRef.current?.scrollTo is not a function
    at /app/client/src/components/ai-enhanced/EnhancedAIAssistant.tsx:218:29
    at commitHookEffectListMount (/app/client/node_modules/react-dom/cjs/react-dom.development.js:23189:26)
    at commitPassiveMountOnFiber (/app/client/node_modules/react-dom/cjs/react-dom.development.js:24970:11)
    at commitPassiveMountEffects_complete (/app/client/node_modules/react-dom/cjs/react-dom.development.js:24930:9)
    at commitPassiveMountEffects_begin (/app/client/node_modules/react-dom/cjs/react-dom.development.js:24917:7)
    at commitPassiveMountEffects (/app/client/node_modules/react-dom/cjs/react-dom.development.js:24905:3)
    at flushPassiveEffectsImpl (/app/client/node_modules/react-dom/cjs/react-dom.development.js:27078:3)
    at flushPassiveEffects (/app/client/node_modules/react-dom/cjs/react-dom.development.js:27023:14)
    at /app/client/node_modules/react-dom/cjs/react-dom.development.js:26808:9
    at flushActQueue (/app/client/node_modules/react/cjs/react.development.js:2667:24)
    at act (/app/client/node_modules/react/cjs/react.development.js:2582:11)
    at actWithWarning (/app/client/node_modules/react-dom/cjs/react-dom-test-utils.development.js:1740:10)
    at /app/client/node_modules/@testing-library/react/dist/act-compat.js:63:25
    at renderRoot (/app/client/node_modules/@testing-library/react/dist/pure.js:159:26)
    at render (/app/client/node_modules/@testing-library/react/dist/pure.js:246:10)
    at renderWithTheme (/app/client/src/components/ai-enhanced/__tests__/EnhancedAIAssistant.test.tsx:27:16)
    at Object.&lt;anonymous&gt; (/app/client/src/components/ai-enhanced/__tests__/EnhancedAIAssistant.test.tsx:361:5)
    at Promise.finally.completed (/app/client/node_modules/jest-circus/build/jestAdapterInit.js:1556:28)
    at new Promise (&lt;anonymous&gt;)
    at callAsyncCircusFn (/app/client/node_modules/jest-circus/build/jestAdapterInit.js:1496:10)
    at _callCircusTest (/app/client/node_modules/jest-circus/build/jestAdapterInit.js:1006:40)
    at processTicksAndRejections (node:internal/process/task_queues:105:5)
    at _runTest (/app/client/node_modules/jest-circus/build/jestAdapterInit.js:946:3)
    at _runTestsForDescribeBlock (/app/client/node_modules/jest-circus/build/jestAdapterInit.js:839:13)
    at _runTestsForDescribeBlock (/app/client/node_modules/jest-circus/build/jestAdapterInit.js:829:11)
    at run (/app/client/node_modules/jest-circus/build/jestAdapterInit.js:757:3)
    at runAndTransformResultsToJestFormat (/app/client/node_modules/jest-circus/build/jestAdapterInit.js:1917:21)
    at jestAdapter (/app/client/node_modules/jest-circus/build/runner.js:101:19)
    at runTestInternal (/app/client/node_modules/jest-runner/build/testWorker.js:275:16)
    at runTest (/app/client/node_modules/jest-runner/build/testWorker.js:343:7)
    at Object.worker (/app/client/node_modules/jest-runner/build/testWorker.js:497:12)</failure>
    </testcase>
    <testcase classname="EnhancedAIAssistant" name="legacy fallback streams and completes to idle" time="0">
      <failure>ReferenceError: TextEncoder is not defined
    at installStreamingFetchMock (/app/client/src/components/ai-enhanced/test-utils/fetch.ts:2:19)
    at Object.&lt;anonymous&gt; (/app/client/src/components/ai-enhanced/__tests__/EnhancedAIAssistant.test.tsx:392:30)
    at Promise.finally.completed (/app/client/node_modules/jest-circus/build/jestAdapterInit.js:1556:28)
    at new Promise (&lt;anonymous&gt;)
    at callAsyncCircusFn (/app/client/node_modules/jest-circus/build/jestAdapterInit.js:1496:10)
    at _callCircusTest (/app/client/node_modules/jest-circus/build/jestAdapterInit.js:1006:40)
    at processTicksAndRejections (node:internal/process/task_queues:105:5)
    at _runTest (/app/client/node_modules/jest-circus/build/jestAdapterInit.js:946:3)
    at _runTestsForDescribeBlock (/app/client/node_modules/jest-circus/build/jestAdapterInit.js:839:13)
    at _runTestsForDescribeBlock (/app/client/node_modules/jest-circus/build/jestAdapterInit.js:829:11)
    at run (/app/client/node_modules/jest-circus/build/jestAdapterInit.js:757:3)
    at runAndTransformResultsToJestFormat (/app/client/node_modules/jest-circus/build/jestAdapterInit.js:1917:21)
    at jestAdapter (/app/client/node_modules/jest-circus/build/runner.js:101:19)
    at runTestInternal (/app/client/node_modules/jest-runner/build/testWorker.js:275:16)
    at runTest (/app/client/node_modules/jest-runner/build/testWorker.js:343:7)
    at Object.worker (/app/client/node_modules/jest-runner/build/testWorker.js:497:12)</failure>
    </testcase>
    <testcase classname="EnhancedAIAssistant" name="displays &quot;cannot confirm&quot; message when RAG is strict and no cites are provided" time="0.038">
      <failure>TypeError: messagesEndRef.current?.scrollTo is not a function
    at /app/client/src/components/ai-enhanced/EnhancedAIAssistant.tsx:218:29
    at commitHookEffectListMount (/app/client/node_modules/react-dom/cjs/react-dom.development.js:23189:26)
    at commitPassiveMountOnFiber (/app/client/node_modules/react-dom/cjs/react-dom.development.js:24970:11)
    at commitPassiveMountEffects_complete (/app/client/node_modules/react-dom/cjs/react-dom.development.js:24930:9)
    at commitPassiveMountEffects_begin (/app/client/node_modules/react-dom/cjs/react-dom.development.js:24917:7)
    at commitPassiveMountEffects (/app/client/node_modules/react-dom/cjs/react-dom.development.js:24905:3)
    at flushPassiveEffectsImpl (/app/client/node_modules/react-dom/cjs/react-dom.development.js:27078:3)
    at flushPassiveEffects (/app/client/node_modules/react-dom/cjs/react-dom.development.js:27023:14)
    at /app/client/node_modules/react-dom/cjs/react-dom.development.js:26808:9
    at flushActQueue (/app/client/node_modules/react/cjs/react.development.js:2667:24)
    at act (/app/client/node_modules/react/cjs/react.development.js:2582:11)
    at actWithWarning (/app/client/node_modules/react-dom/cjs/react-dom-test-utils.development.js:1740:10)
    at /app/client/node_modules/@testing-library/react/dist/act-compat.js:63:25
    at renderRoot (/app/client/node_modules/@testing-library/react/dist/pure.js:159:26)
    at render (/app/client/node_modules/@testing-library/react/dist/pure.js:246:10)
    at renderWithTheme (/app/client/src/components/ai-enhanced/__tests__/EnhancedAIAssistant.test.tsx:27:16)
    at Object.&lt;anonymous&gt; (/app/client/src/components/ai-enhanced/__tests__/EnhancedAIAssistant.test.tsx:418:5)
    at Promise.finally.completed (/app/client/node_modules/jest-circus/build/jestAdapterInit.js:1556:28)
    at new Promise (&lt;anonymous&gt;)
    at callAsyncCircusFn (/app/client/node_modules/jest-circus/build/jestAdapterInit.js:1496:10)
    at _callCircusTest (/app/client/node_modules/jest-circus/build/jestAdapterInit.js:1006:40)
    at processTicksAndRejections (node:internal/process/task_queues:105:5)
    at _runTest (/app/client/node_modules/jest-circus/build/jestAdapterInit.js:946:3)
    at _runTestsForDescribeBlock (/app/client/node_modules/jest-circus/build/jestAdapterInit.js:839:13)
    at _runTestsForDescribeBlock (/app/client/node_modules/jest-circus/build/jestAdapterInit.js:829:11)
    at run (/app/client/node_modules/jest-circus/build/jestAdapterInit.js:757:3)
    at runAndTransformResultsToJestFormat (/app/client/node_modules/jest-circus/build/jestAdapterInit.js:1917:21)
    at jestAdapter (/app/client/node_modules/jest-circus/build/runner.js:101:19)
    at runTestInternal (/app/client/node_modules/jest-runner/build/testWorker.js:275:16)
    at runTest (/app/client/node_modules/jest-runner/build/testWorker.js:343:7)
    at Object.worker (/app/client/node_modules/jest-runner/build/testWorker.js:497:12)</failure>
    </testcase>
  </testsuite>
  <testsuite name="ToastContainer" errors="0" failures="0" skipped="0" timestamp="2025-12-04T06:53:01" time="0.528" tests="16">
    <testcase classname="ToastContainer" name="renders toast provider without errors" time="0.013">
    </testcase>
    <testcase classname="ToastContainer" name="adds and displays a toast" time="0.04">
    </testcase>
    <testcase classname="ToastContainer" name="displays different toast types with correct styling" time="0.047">
    </testcase>
    <testcase classname="ToastContainer" name="toast displays correct icons" time="0.015">
    </testcase>
    <testcase classname="ToastContainer" name="toast auto-dismisses after duration" time="0.019">
    </testcase>
    <testcase classname="ToastContainer" name="toast can be manually dismissed" time="0.024">
    </testcase>
    <testcase classname="ToastContainer" name="clear all toasts works" time="0.022">
    </testcase>
    <testcase classname="ToastContainer" name="respects maxToasts limit" time="0.034">
    </testcase>
    <testcase classname="ToastContainer" name="toast positioning works correctly" time="0.013">
    </testcase>
    <testcase classname="ToastContainer" name="toast with action button works" time="0.013">
    </testcase>
    <testcase classname="ToastContainer" name="toast animation classes are applied" time="0.009">
    </testcase>
    <testcase classname="ToastContainer" name="useToast throws error when used outside provider" time="0.003">
    </testcase>
    <testcase classname="ToastContainer Performance" name="handles rapid toast additions without performance issues" time="0.015">
    </testcase>
    <testcase classname="ToastContainer Performance" name="cleanup works properly when component unmounts" time="0.005">
    </testcase>
    <testcase classname="ToastContainer Accessibility" name="toast container has proper ARIA attributes" time="0.004">
    </testcase>
    <testcase classname="ToastContainer Accessibility" name="close button has proper screen reader text" time="0.007">
    </testcase>
  </testsuite>
  <testsuite name="AdvancedGraphInteractions" errors="0" failures="0" skipped="0" timestamp="2025-12-04T06:52:52" time="9.659" tests="19">
    <testcase classname="AdvancedGraphInteractions" name="renders component header with node and edge counts" time="0.193">
    </testcase>
    <testcase classname="AdvancedGraphInteractions" name="displays control buttons in header" time="0.202">
    </testcase>
    <testcase classname="AdvancedGraphInteractions" name="renders all navigation tabs" time="0.062">
    </testcase>
    <testcase classname="AdvancedGraphInteractions" name="displays network analysis metrics by default" time="0.065">
    </testcase>
    <testcase classname="AdvancedGraphInteractions" name="switches to filters tab when clicked" time="0.17">
    </testcase>
    <testcase classname="AdvancedGraphInteractions" name="switches to communities tab when clicked" time="0.077">
    </testcase>
    <testcase classname="AdvancedGraphInteractions" name="switches to pathfinding tab when clicked" time="0.113">
    </testcase>
    <testcase classname="AdvancedGraphInteractions" name="displays community detection button and handles click" time="0.253">
    </testcase>
    <testcase classname="AdvancedGraphInteractions" name="handles layout algorithm selection" time="0.233">
    </testcase>
    <testcase classname="AdvancedGraphInteractions" name="handles centrality threshold slider changes" time="0.136">
    </testcase>
    <testcase classname="AdvancedGraphInteractions" name="toggles show communities switch" time="0.151">
    </testcase>
    <testcase classname="AdvancedGraphInteractions" name="handles node type filter chips" time="0.125">
    </testcase>
    <testcase classname="AdvancedGraphInteractions" name="calls onNodeSelect when provided" time="0.041">
    </testcase>
    <testcase classname="AdvancedGraphInteractions" name="calls onAnalysisRun when community detection is triggered" time="0.102">
    </testcase>
    <testcase classname="AdvancedGraphInteractions" name="displays metric cards with proper formatting" time="0.043">
    </testcase>
    <testcase classname="AdvancedGraphInteractions" name="shows proper category chips for metrics" time="0.054">
    </testcase>
    <testcase classname="AdvancedGraphInteractions" name="handles empty node and edge arrays gracefully" time="0.052">
    </testcase>
    <testcase classname="AdvancedGraphInteractions" name="has proper accessibility attributes" time="0.087">
    </testcase>
    <testcase classname="AdvancedGraphInteractions" name="enables advanced features by default" time="0.046">
    </testcase>
  </testsuite>
  <testsuite name="PerformanceMonitor" errors="0" failures="12" skipped="0" timestamp="2025-12-04T06:53:02" time="0.38" tests="15">
    <testcase classname="PerformanceMonitor" name="renders performance indicator when enabled" time="0.04">
      <failure>TypeError: performance.getEntriesByType is not a function
    at /app/client/src/components/PerformanceMonitor.tsx:35:33
    at /app/client/src/components/PerformanceMonitor.tsx:78:28
    at commitHookEffectListMount (/app/client/node_modules/react-dom/cjs/react-dom.development.js:23189:26)
    at commitPassiveMountOnFiber (/app/client/node_modules/react-dom/cjs/react-dom.development.js:24970:11)
    at commitPassiveMountEffects_complete (/app/client/node_modules/react-dom/cjs/react-dom.development.js:24930:9)
    at commitPassiveMountEffects_begin (/app/client/node_modules/react-dom/cjs/react-dom.development.js:24917:7)
    at commitPassiveMountEffects (/app/client/node_modules/react-dom/cjs/react-dom.development.js:24905:3)
    at flushPassiveEffectsImpl (/app/client/node_modules/react-dom/cjs/react-dom.development.js:27078:3)
    at flushPassiveEffects (/app/client/node_modules/react-dom/cjs/react-dom.development.js:27023:14)
    at /app/client/node_modules/react-dom/cjs/react-dom.development.js:26808:9
    at flushActQueue (/app/client/node_modules/react/cjs/react.development.js:2667:24)
    at act (/app/client/node_modules/react/cjs/react.development.js:2582:11)
    at actWithWarning (/app/client/node_modules/react-dom/cjs/react-dom-test-utils.development.js:1740:10)
    at /app/client/node_modules/@testing-library/react/dist/act-compat.js:63:25
    at renderRoot (/app/client/node_modules/@testing-library/react/dist/pure.js:159:26)
    at render (/app/client/node_modules/@testing-library/react/dist/pure.js:246:10)
    at Object.&lt;anonymous&gt; (/app/client/src/components/__tests__/PerformanceMonitor.test.tsx:64:11)
    at Promise.finally.completed (/app/client/node_modules/jest-circus/build/jestAdapterInit.js:1556:28)
    at new Promise (&lt;anonymous&gt;)
    at callAsyncCircusFn (/app/client/node_modules/jest-circus/build/jestAdapterInit.js:1496:10)
    at _callCircusTest (/app/client/node_modules/jest-circus/build/jestAdapterInit.js:1006:40)
    at processTicksAndRejections (node:internal/process/task_queues:105:5)
    at _runTest (/app/client/node_modules/jest-circus/build/jestAdapterInit.js:946:3)
    at _runTestsForDescribeBlock (/app/client/node_modules/jest-circus/build/jestAdapterInit.js:839:13)
    at _runTestsForDescribeBlock (/app/client/node_modules/jest-circus/build/jestAdapterInit.js:829:11)
    at run (/app/client/node_modules/jest-circus/build/jestAdapterInit.js:757:3)
    at runAndTransformResultsToJestFormat (/app/client/node_modules/jest-circus/build/jestAdapterInit.js:1917:21)
    at jestAdapter (/app/client/node_modules/jest-circus/build/runner.js:101:19)
    at runTestInternal (/app/client/node_modules/jest-runner/build/testWorker.js:275:16)
    at runTest (/app/client/node_modules/jest-runner/build/testWorker.js:343:7)
    at Object.worker (/app/client/node_modules/jest-runner/build/testWorker.js:497:12)</failure>
      <failure>TypeError: performance.getEntriesByType is not a function
    at /app/client/src/components/PerformanceMonitor.tsx:35:33
    at /app/client/src/components/PerformanceMonitor.tsx:63:26
    at callTimer (/app/client/node_modules/@sinonjs/fake-timers/src/fake-timers-src.js:806:24)
    at doTickInner (/app/client/node_modules/@sinonjs/fake-timers/src/fake-timers-src.js:1413:29)
    at doTick (/app/client/node_modules/@sinonjs/fake-timers/src/fake-timers-src.js:1494:20)
    at Object.tick (/app/client/node_modules/@sinonjs/fake-timers/src/fake-timers-src.js:1502:20)
    at Object.runToLast (/app/client/node_modules/@sinonjs/fake-timers/src/fake-timers-src.js:1661:26)
    at FakeTimers.runOnlyPendingTimers (/app/client/node_modules/@jest/fake-timers/build/index.js:542:19)
    at Object.runOnlyPendingTimers (/app/client/node_modules/jest-runtime/build/index.js:1804:52)
    at Object.&lt;anonymous&gt; (/app/client/src/components/__tests__/PerformanceMonitor.test.tsx:58:10)
    at Promise.finally.completed (/app/client/node_modules/jest-circus/build/jestAdapterInit.js:1556:28)
    at new Promise (&lt;anonymous&gt;)
    at callAsyncCircusFn (/app/client/node_modules/jest-circus/build/jestAdapterInit.js:1496:10)
    at _callCircusHook (/app/client/node_modules/jest-circus/build/jestAdapterInit.js:975:40)
    at processTicksAndRejections (node:internal/process/task_queues:105:5)
    at _runTest (/app/client/node_modules/jest-circus/build/jestAdapterInit.js:948:5)
    at _runTestsForDescribeBlock (/app/client/node_modules/jest-circus/build/jestAdapterInit.js:839:13)
    at _runTestsForDescribeBlock (/app/client/node_modules/jest-circus/build/jestAdapterInit.js:829:11)
    at run (/app/client/node_modules/jest-circus/build/jestAdapterInit.js:757:3)
    at runAndTransformResultsToJestFormat (/app/client/node_modules/jest-circus/build/jestAdapterInit.js:1917:21)
    at jestAdapter (/app/client/node_modules/jest-circus/build/runner.js:101:19)
    at runTestInternal (/app/client/node_modules/jest-runner/build/testWorker.js:275:16)
    at runTest (/app/client/node_modules/jest-runner/build/testWorker.js:343:7)
    at Object.worker (/app/client/node_modules/jest-runner/build/testWorker.js:497:12)</failure>
    </testcase>
    <testcase classname="PerformanceMonitor" name="does not render when disabled" time="0.003">
    </testcase>
    <testcase classname="PerformanceMonitor" name="shows performance details when clicked" time="0.005">
      <failure>TypeError: performance.getEntriesByType is not a function
    at /app/client/src/components/PerformanceMonitor.tsx:35:33
    at /app/client/src/components/PerformanceMonitor.tsx:78:28
    at commitHookEffectListMount (/app/client/node_modules/react-dom/cjs/react-dom.development.js:23189:26)
    at commitPassiveMountOnFiber (/app/client/node_modules/react-dom/cjs/react-dom.development.js:24970:11)
    at commitPassiveMountEffects_complete (/app/client/node_modules/react-dom/cjs/react-dom.development.js:24930:9)
    at commitPassiveMountEffects_begin (/app/client/node_modules/react-dom/cjs/react-dom.development.js:24917:7)
    at commitPassiveMountEffects (/app/client/node_modules/react-dom/cjs/react-dom.development.js:24905:3)
    at flushPassiveEffectsImpl (/app/client/node_modules/react-dom/cjs/react-dom.development.js:27078:3)
    at flushPassiveEffects (/app/client/node_modules/react-dom/cjs/react-dom.development.js:27023:14)
    at /app/client/node_modules/react-dom/cjs/react-dom.development.js:26808:9
    at flushActQueue (/app/client/node_modules/react/cjs/react.development.js:2667:24)
    at act (/app/client/node_modules/react/cjs/react.development.js:2582:11)
    at actWithWarning (/app/client/node_modules/react-dom/cjs/react-dom-test-utils.development.js:1740:10)
    at /app/client/node_modules/@testing-library/react/dist/act-compat.js:63:25
    at renderRoot (/app/client/node_modules/@testing-library/react/dist/pure.js:159:26)
    at render (/app/client/node_modules/@testing-library/react/dist/pure.js:246:10)
    at Object.&lt;anonymous&gt; (/app/client/src/components/__tests__/PerformanceMonitor.test.tsx:77:11)
    at Promise.finally.completed (/app/client/node_modules/jest-circus/build/jestAdapterInit.js:1556:28)
    at new Promise (&lt;anonymous&gt;)
    at callAsyncCircusFn (/app/client/node_modules/jest-circus/build/jestAdapterInit.js:1496:10)
    at _callCircusTest (/app/client/node_modules/jest-circus/build/jestAdapterInit.js:1006:40)
    at processTicksAndRejections (node:internal/process/task_queues:105:5)
    at _runTest (/app/client/node_modules/jest-circus/build/jestAdapterInit.js:946:3)
    at _runTestsForDescribeBlock (/app/client/node_modules/jest-circus/build/jestAdapterInit.js:839:13)
    at _runTestsForDescribeBlock (/app/client/node_modules/jest-circus/build/jestAdapterInit.js:829:11)
    at run (/app/client/node_modules/jest-circus/build/jestAdapterInit.js:757:3)
    at runAndTransformResultsToJestFormat (/app/client/node_modules/jest-circus/build/jestAdapterInit.js:1917:21)
    at jestAdapter (/app/client/node_modules/jest-circus/build/runner.js:101:19)
    at runTestInternal (/app/client/node_modules/jest-runner/build/testWorker.js:275:16)
    at runTest (/app/client/node_modules/jest-runner/build/testWorker.js:343:7)
    at Object.worker (/app/client/node_modules/jest-runner/build/testWorker.js:497:12)</failure>
      <failure>TypeError: performance.getEntriesByType is not a function
    at /app/client/src/components/PerformanceMonitor.tsx:35:33
    at /app/client/src/components/PerformanceMonitor.tsx:63:26
    at callTimer (/app/client/node_modules/@sinonjs/fake-timers/src/fake-timers-src.js:806:24)
    at doTickInner (/app/client/node_modules/@sinonjs/fake-timers/src/fake-timers-src.js:1413:29)
    at doTick (/app/client/node_modules/@sinonjs/fake-timers/src/fake-timers-src.js:1494:20)
    at Object.tick (/app/client/node_modules/@sinonjs/fake-timers/src/fake-timers-src.js:1502:20)
    at Object.runToLast (/app/client/node_modules/@sinonjs/fake-timers/src/fake-timers-src.js:1661:26)
    at FakeTimers.runOnlyPendingTimers (/app/client/node_modules/@jest/fake-timers/build/index.js:542:19)
    at Object.runOnlyPendingTimers (/app/client/node_modules/jest-runtime/build/index.js:1804:52)
    at Object.&lt;anonymous&gt; (/app/client/src/components/__tests__/PerformanceMonitor.test.tsx:58:10)
    at Promise.finally.completed (/app/client/node_modules/jest-circus/build/jestAdapterInit.js:1556:28)
    at new Promise (&lt;anonymous&gt;)
    at callAsyncCircusFn (/app/client/node_modules/jest-circus/build/jestAdapterInit.js:1496:10)
    at _callCircusHook (/app/client/node_modules/jest-circus/build/jestAdapterInit.js:975:40)
    at processTicksAndRejections (node:internal/process/task_queues:105:5)
    at _runTest (/app/client/node_modules/jest-circus/build/jestAdapterInit.js:948:5)
    at _runTestsForDescribeBlock (/app/client/node_modules/jest-circus/build/jestAdapterInit.js:839:13)
    at _runTestsForDescribeBlock (/app/client/node_modules/jest-circus/build/jestAdapterInit.js:829:11)
    at run (/app/client/node_modules/jest-circus/build/jestAdapterInit.js:757:3)
    at runAndTransformResultsToJestFormat (/app/client/node_modules/jest-circus/build/jestAdapterInit.js:1917:21)
    at jestAdapter (/app/client/node_modules/jest-circus/build/runner.js:101:19)
    at runTestInternal (/app/client/node_modules/jest-runner/build/testWorker.js:275:16)
    at runTest (/app/client/node_modules/jest-runner/build/testWorker.js:343:7)
    at Object.worker (/app/client/node_modules/jest-runner/build/testWorker.js:497:12)</failure>
    </testcase>
    <testcase classname="PerformanceMonitor" name="collects metrics at specified intervals" time="0.005">
      <failure>TypeError: performance.getEntriesByType is not a function
    at /app/client/src/components/PerformanceMonitor.tsx:35:33
    at /app/client/src/components/PerformanceMonitor.tsx:78:28
    at commitHookEffectListMount (/app/client/node_modules/react-dom/cjs/react-dom.development.js:23189:26)
    at commitPassiveMountOnFiber (/app/client/node_modules/react-dom/cjs/react-dom.development.js:24970:11)
    at commitPassiveMountEffects_complete (/app/client/node_modules/react-dom/cjs/react-dom.development.js:24930:9)
    at commitPassiveMountEffects_begin (/app/client/node_modules/react-dom/cjs/react-dom.development.js:24917:7)
    at commitPassiveMountEffects (/app/client/node_modules/react-dom/cjs/react-dom.development.js:24905:3)
    at flushPassiveEffectsImpl (/app/client/node_modules/react-dom/cjs/react-dom.development.js:27078:3)
    at flushPassiveEffects (/app/client/node_modules/react-dom/cjs/react-dom.development.js:27023:14)
    at /app/client/node_modules/react-dom/cjs/react-dom.development.js:26808:9
    at flushActQueue (/app/client/node_modules/react/cjs/react.development.js:2667:24)
    at act (/app/client/node_modules/react/cjs/react.development.js:2582:11)
    at actWithWarning (/app/client/node_modules/react-dom/cjs/react-dom-test-utils.development.js:1740:10)
    at /app/client/node_modules/@testing-library/react/dist/act-compat.js:63:25
    at renderRoot (/app/client/node_modules/@testing-library/react/dist/pure.js:159:26)
    at render (/app/client/node_modules/@testing-library/react/dist/pure.js:246:10)
    at Object.&lt;anonymous&gt; (/app/client/src/components/__tests__/PerformanceMonitor.test.tsx:92:11)
    at Promise.finally.completed (/app/client/node_modules/jest-circus/build/jestAdapterInit.js:1556:28)
    at new Promise (&lt;anonymous&gt;)
    at callAsyncCircusFn (/app/client/node_modules/jest-circus/build/jestAdapterInit.js:1496:10)
    at _callCircusTest (/app/client/node_modules/jest-circus/build/jestAdapterInit.js:1006:40)
    at processTicksAndRejections (node:internal/process/task_queues:105:5)
    at _runTest (/app/client/node_modules/jest-circus/build/jestAdapterInit.js:946:3)
    at _runTestsForDescribeBlock (/app/client/node_modules/jest-circus/build/jestAdapterInit.js:839:13)
    at _runTestsForDescribeBlock (/app/client/node_modules/jest-circus/build/jestAdapterInit.js:829:11)
    at run (/app/client/node_modules/jest-circus/build/jestAdapterInit.js:757:3)
    at runAndTransformResultsToJestFormat (/app/client/node_modules/jest-circus/build/jestAdapterInit.js:1917:21)
    at jestAdapter (/app/client/node_modules/jest-circus/build/runner.js:101:19)
    at runTestInternal (/app/client/node_modules/jest-runner/build/testWorker.js:275:16)
    at runTest (/app/client/node_modules/jest-runner/build/testWorker.js:343:7)
    at Object.worker (/app/client/node_modules/jest-runner/build/testWorker.js:497:12)</failure>
      <failure>TypeError: performance.getEntriesByType is not a function
    at /app/client/src/components/PerformanceMonitor.tsx:35:33
    at /app/client/src/components/PerformanceMonitor.tsx:63:26
    at callTimer (/app/client/node_modules/@sinonjs/fake-timers/src/fake-timers-src.js:806:24)
    at doTickInner (/app/client/node_modules/@sinonjs/fake-timers/src/fake-timers-src.js:1413:29)
    at doTick (/app/client/node_modules/@sinonjs/fake-timers/src/fake-timers-src.js:1494:20)
    at Object.tick (/app/client/node_modules/@sinonjs/fake-timers/src/fake-timers-src.js:1502:20)
    at Object.runToLast (/app/client/node_modules/@sinonjs/fake-timers/src/fake-timers-src.js:1661:26)
    at FakeTimers.runOnlyPendingTimers (/app/client/node_modules/@jest/fake-timers/build/index.js:542:19)
    at Object.runOnlyPendingTimers (/app/client/node_modules/jest-runtime/build/index.js:1804:52)
    at Object.&lt;anonymous&gt; (/app/client/src/components/__tests__/PerformanceMonitor.test.tsx:58:10)
    at Promise.finally.completed (/app/client/node_modules/jest-circus/build/jestAdapterInit.js:1556:28)
    at new Promise (&lt;anonymous&gt;)
    at callAsyncCircusFn (/app/client/node_modules/jest-circus/build/jestAdapterInit.js:1496:10)
    at _callCircusHook (/app/client/node_modules/jest-circus/build/jestAdapterInit.js:975:40)
    at processTicksAndRejections (node:internal/process/task_queues:105:5)
    at _runTest (/app/client/node_modules/jest-circus/build/jestAdapterInit.js:948:5)
    at _runTestsForDescribeBlock (/app/client/node_modules/jest-circus/build/jestAdapterInit.js:839:13)
    at _runTestsForDescribeBlock (/app/client/node_modules/jest-circus/build/jestAdapterInit.js:829:11)
    at run (/app/client/node_modules/jest-circus/build/jestAdapterInit.js:757:3)
    at runAndTransformResultsToJestFormat (/app/client/node_modules/jest-circus/build/jestAdapterInit.js:1917:21)
    at jestAdapter (/app/client/node_modules/jest-circus/build/runner.js:101:19)
    at runTestInternal (/app/client/node_modules/jest-runner/build/testWorker.js:275:16)
    at runTest (/app/client/node_modules/jest-runner/build/testWorker.js:343:7)
    at Object.worker (/app/client/node_modules/jest-runner/build/testWorker.js:497:12)</failure>
    </testcase>
    <testcase classname="PerformanceMonitor" name="respects maxSamples limit" time="0.005">
      <failure>TypeError: performance.getEntriesByType is not a function
    at /app/client/src/components/PerformanceMonitor.tsx:35:33
    at /app/client/src/components/PerformanceMonitor.tsx:78:28
    at commitHookEffectListMount (/app/client/node_modules/react-dom/cjs/react-dom.development.js:23189:26)
    at commitPassiveMountOnFiber (/app/client/node_modules/react-dom/cjs/react-dom.development.js:24970:11)
    at commitPassiveMountEffects_complete (/app/client/node_modules/react-dom/cjs/react-dom.development.js:24930:9)
    at commitPassiveMountEffects_begin (/app/client/node_modules/react-dom/cjs/react-dom.development.js:24917:7)
    at commitPassiveMountEffects (/app/client/node_modules/react-dom/cjs/react-dom.development.js:24905:3)
    at flushPassiveEffectsImpl (/app/client/node_modules/react-dom/cjs/react-dom.development.js:27078:3)
    at flushPassiveEffects (/app/client/node_modules/react-dom/cjs/react-dom.development.js:27023:14)
    at /app/client/node_modules/react-dom/cjs/react-dom.development.js:26808:9
    at flushActQueue (/app/client/node_modules/react/cjs/react.development.js:2667:24)
    at act (/app/client/node_modules/react/cjs/react.development.js:2582:11)
    at actWithWarning (/app/client/node_modules/react-dom/cjs/react-dom-test-utils.development.js:1740:10)
    at /app/client/node_modules/@testing-library/react/dist/act-compat.js:63:25
    at renderRoot (/app/client/node_modules/@testing-library/react/dist/pure.js:159:26)
    at render (/app/client/node_modules/@testing-library/react/dist/pure.js:246:10)
    at Object.&lt;anonymous&gt; (/app/client/src/components/__tests__/PerformanceMonitor.test.tsx:122:11)
    at Promise.finally.completed (/app/client/node_modules/jest-circus/build/jestAdapterInit.js:1556:28)
    at new Promise (&lt;anonymous&gt;)
    at callAsyncCircusFn (/app/client/node_modules/jest-circus/build/jestAdapterInit.js:1496:10)
    at _callCircusTest (/app/client/node_modules/jest-circus/build/jestAdapterInit.js:1006:40)
    at processTicksAndRejections (node:internal/process/task_queues:105:5)
    at _runTest (/app/client/node_modules/jest-circus/build/jestAdapterInit.js:946:3)
    at _runTestsForDescribeBlock (/app/client/node_modules/jest-circus/build/jestAdapterInit.js:839:13)
    at _runTestsForDescribeBlock (/app/client/node_modules/jest-circus/build/jestAdapterInit.js:829:11)
    at run (/app/client/node_modules/jest-circus/build/jestAdapterInit.js:757:3)
    at runAndTransformResultsToJestFormat (/app/client/node_modules/jest-circus/build/jestAdapterInit.js:1917:21)
    at jestAdapter (/app/client/node_modules/jest-circus/build/runner.js:101:19)
    at runTestInternal (/app/client/node_modules/jest-runner/build/testWorker.js:275:16)
    at runTest (/app/client/node_modules/jest-runner/build/testWorker.js:343:7)
    at Object.worker (/app/client/node_modules/jest-runner/build/testWorker.js:497:12)</failure>
      <failure>TypeError: performance.getEntriesByType is not a function
    at /app/client/src/components/PerformanceMonitor.tsx:35:33
    at /app/client/src/components/PerformanceMonitor.tsx:63:26
    at callTimer (/app/client/node_modules/@sinonjs/fake-timers/src/fake-timers-src.js:806:24)
    at doTickInner (/app/client/node_modules/@sinonjs/fake-timers/src/fake-timers-src.js:1413:29)
    at doTick (/app/client/node_modules/@sinonjs/fake-timers/src/fake-timers-src.js:1494:20)
    at Object.tick (/app/client/node_modules/@sinonjs/fake-timers/src/fake-timers-src.js:1502:20)
    at Object.runToLast (/app/client/node_modules/@sinonjs/fake-timers/src/fake-timers-src.js:1661:26)
    at FakeTimers.runOnlyPendingTimers (/app/client/node_modules/@jest/fake-timers/build/index.js:542:19)
    at Object.runOnlyPendingTimers (/app/client/node_modules/jest-runtime/build/index.js:1804:52)
    at Object.&lt;anonymous&gt; (/app/client/src/components/__tests__/PerformanceMonitor.test.tsx:58:10)
    at Promise.finally.completed (/app/client/node_modules/jest-circus/build/jestAdapterInit.js:1556:28)
    at new Promise (&lt;anonymous&gt;)
    at callAsyncCircusFn (/app/client/node_modules/jest-circus/build/jestAdapterInit.js:1496:10)
    at _callCircusHook (/app/client/node_modules/jest-circus/build/jestAdapterInit.js:975:40)
    at processTicksAndRejections (node:internal/process/task_queues:105:5)
    at _runTest (/app/client/node_modules/jest-circus/build/jestAdapterInit.js:948:5)
    at _runTestsForDescribeBlock (/app/client/node_modules/jest-circus/build/jestAdapterInit.js:839:13)
    at _runTestsForDescribeBlock (/app/client/node_modules/jest-circus/build/jestAdapterInit.js:829:11)
    at run (/app/client/node_modules/jest-circus/build/jestAdapterInit.js:757:3)
    at runAndTransformResultsToJestFormat (/app/client/node_modules/jest-circus/build/jestAdapterInit.js:1917:21)
    at jestAdapter (/app/client/node_modules/jest-circus/build/runner.js:101:19)
    at runTestInternal (/app/client/node_modules/jest-runner/build/testWorker.js:275:16)
    at runTest (/app/client/node_modules/jest-runner/build/testWorker.js:343:7)
    at Object.worker (/app/client/node_modules/jest-runner/build/testWorker.js:497:12)</failure>
    </testcase>
    <testcase classname="PerformanceMonitor" name="shows color indicators based on memory usage" time="0.005">
      <failure>TypeError: performance.getEntriesByType is not a function
    at /app/client/src/components/PerformanceMonitor.tsx:35:33
    at /app/client/src/components/PerformanceMonitor.tsx:78:28
    at commitHookEffectListMount (/app/client/node_modules/react-dom/cjs/react-dom.development.js:23189:26)
    at commitPassiveMountOnFiber (/app/client/node_modules/react-dom/cjs/react-dom.development.js:24970:11)
    at commitPassiveMountEffects_complete (/app/client/node_modules/react-dom/cjs/react-dom.development.js:24930:9)
    at commitPassiveMountEffects_begin (/app/client/node_modules/react-dom/cjs/react-dom.development.js:24917:7)
    at commitPassiveMountEffects (/app/client/node_modules/react-dom/cjs/react-dom.development.js:24905:3)
    at flushPassiveEffectsImpl (/app/client/node_modules/react-dom/cjs/react-dom.development.js:27078:3)
    at flushPassiveEffects (/app/client/node_modules/react-dom/cjs/react-dom.development.js:27023:14)
    at /app/client/node_modules/react-dom/cjs/react-dom.development.js:26808:9
    at flushActQueue (/app/client/node_modules/react/cjs/react.development.js:2667:24)
    at act (/app/client/node_modules/react/cjs/react.development.js:2582:11)
    at actWithWarning (/app/client/node_modules/react-dom/cjs/react-dom-test-utils.development.js:1740:10)
    at /app/client/node_modules/@testing-library/react/dist/act-compat.js:63:25
    at renderRoot (/app/client/node_modules/@testing-library/react/dist/pure.js:159:26)
    at render (/app/client/node_modules/@testing-library/react/dist/pure.js:246:10)
    at Object.&lt;anonymous&gt; (/app/client/src/components/__tests__/PerformanceMonitor.test.tsx:156:32)
    at Promise.finally.completed (/app/client/node_modules/jest-circus/build/jestAdapterInit.js:1556:28)
    at new Promise (&lt;anonymous&gt;)
    at callAsyncCircusFn (/app/client/node_modules/jest-circus/build/jestAdapterInit.js:1496:10)
    at _callCircusTest (/app/client/node_modules/jest-circus/build/jestAdapterInit.js:1006:40)
    at processTicksAndRejections (node:internal/process/task_queues:105:5)
    at _runTest (/app/client/node_modules/jest-circus/build/jestAdapterInit.js:946:3)
    at _runTestsForDescribeBlock (/app/client/node_modules/jest-circus/build/jestAdapterInit.js:839:13)
    at _runTestsForDescribeBlock (/app/client/node_modules/jest-circus/build/jestAdapterInit.js:829:11)
    at run (/app/client/node_modules/jest-circus/build/jestAdapterInit.js:757:3)
    at runAndTransformResultsToJestFormat (/app/client/node_modules/jest-circus/build/jestAdapterInit.js:1917:21)
    at jestAdapter (/app/client/node_modules/jest-circus/build/runner.js:101:19)
    at runTestInternal (/app/client/node_modules/jest-runner/build/testWorker.js:275:16)
    at runTest (/app/client/node_modules/jest-runner/build/testWorker.js:343:7)
    at Object.worker (/app/client/node_modules/jest-runner/build/testWorker.js:497:12)</failure>
      <failure>TypeError: performance.getEntriesByType is not a function
    at /app/client/src/components/PerformanceMonitor.tsx:35:33
    at /app/client/src/components/PerformanceMonitor.tsx:63:26
    at callTimer (/app/client/node_modules/@sinonjs/fake-timers/src/fake-timers-src.js:806:24)
    at doTickInner (/app/client/node_modules/@sinonjs/fake-timers/src/fake-timers-src.js:1413:29)
    at doTick (/app/client/node_modules/@sinonjs/fake-timers/src/fake-timers-src.js:1494:20)
    at Object.tick (/app/client/node_modules/@sinonjs/fake-timers/src/fake-timers-src.js:1502:20)
    at Object.runToLast (/app/client/node_modules/@sinonjs/fake-timers/src/fake-timers-src.js:1661:26)
    at FakeTimers.runOnlyPendingTimers (/app/client/node_modules/@jest/fake-timers/build/index.js:542:19)
    at Object.runOnlyPendingTimers (/app/client/node_modules/jest-runtime/build/index.js:1804:52)
    at Object.&lt;anonymous&gt; (/app/client/src/components/__tests__/PerformanceMonitor.test.tsx:58:10)
    at Promise.finally.completed (/app/client/node_modules/jest-circus/build/jestAdapterInit.js:1556:28)
    at new Promise (&lt;anonymous&gt;)
    at callAsyncCircusFn (/app/client/node_modules/jest-circus/build/jestAdapterInit.js:1496:10)
    at _callCircusHook (/app/client/node_modules/jest-circus/build/jestAdapterInit.js:975:40)
    at processTicksAndRejections (node:internal/process/task_queues:105:5)
    at _runTest (/app/client/node_modules/jest-circus/build/jestAdapterInit.js:948:5)
    at _runTestsForDescribeBlock (/app/client/node_modules/jest-circus/build/jestAdapterInit.js:839:13)
    at _runTestsForDescribeBlock (/app/client/node_modules/jest-circus/build/jestAdapterInit.js:829:11)
    at run (/app/client/node_modules/jest-circus/build/jestAdapterInit.js:757:3)
    at runAndTransformResultsToJestFormat (/app/client/node_modules/jest-circus/build/jestAdapterInit.js:1917:21)
    at jestAdapter (/app/client/node_modules/jest-circus/build/runner.js:101:19)
    at runTestInternal (/app/client/node_modules/jest-runner/build/testWorker.js:275:16)
    at runTest (/app/client/node_modules/jest-runner/build/testWorker.js:343:7)
    at Object.worker (/app/client/node_modules/jest-runner/build/testWorker.js:497:12)</failure>
    </testcase>
    <testcase classname="PerformanceMonitor" name="closes detailed panel when close button clicked" time="0.005">
      <failure>TypeError: performance.getEntriesByType is not a function
    at /app/client/src/components/PerformanceMonitor.tsx:35:33
    at /app/client/src/components/PerformanceMonitor.tsx:78:28
    at commitHookEffectListMount (/app/client/node_modules/react-dom/cjs/react-dom.development.js:23189:26)
    at commitPassiveMountOnFiber (/app/client/node_modules/react-dom/cjs/react-dom.development.js:24970:11)
    at commitPassiveMountEffects_complete (/app/client/node_modules/react-dom/cjs/react-dom.development.js:24930:9)
    at commitPassiveMountEffects_begin (/app/client/node_modules/react-dom/cjs/react-dom.development.js:24917:7)
    at commitPassiveMountEffects (/app/client/node_modules/react-dom/cjs/react-dom.development.js:24905:3)
    at flushPassiveEffectsImpl (/app/client/node_modules/react-dom/cjs/react-dom.development.js:27078:3)
    at flushPassiveEffects (/app/client/node_modules/react-dom/cjs/react-dom.development.js:27023:14)
    at /app/client/node_modules/react-dom/cjs/react-dom.development.js:26808:9
    at flushActQueue (/app/client/node_modules/react/cjs/react.development.js:2667:24)
    at act (/app/client/node_modules/react/cjs/react.development.js:2582:11)
    at actWithWarning (/app/client/node_modules/react-dom/cjs/react-dom-test-utils.development.js:1740:10)
    at /app/client/node_modules/@testing-library/react/dist/act-compat.js:63:25
    at renderRoot (/app/client/node_modules/@testing-library/react/dist/pure.js:159:26)
    at render (/app/client/node_modules/@testing-library/react/dist/pure.js:246:10)
    at Object.&lt;anonymous&gt; (/app/client/src/components/__tests__/PerformanceMonitor.test.tsx:180:11)
    at Promise.finally.completed (/app/client/node_modules/jest-circus/build/jestAdapterInit.js:1556:28)
    at new Promise (&lt;anonymous&gt;)
    at callAsyncCircusFn (/app/client/node_modules/jest-circus/build/jestAdapterInit.js:1496:10)
    at _callCircusTest (/app/client/node_modules/jest-circus/build/jestAdapterInit.js:1006:40)
    at processTicksAndRejections (node:internal/process/task_queues:105:5)
    at _runTest (/app/client/node_modules/jest-circus/build/jestAdapterInit.js:946:3)
    at _runTestsForDescribeBlock (/app/client/node_modules/jest-circus/build/jestAdapterInit.js:839:13)
    at _runTestsForDescribeBlock (/app/client/node_modules/jest-circus/build/jestAdapterInit.js:829:11)
    at run (/app/client/node_modules/jest-circus/build/jestAdapterInit.js:757:3)
    at runAndTransformResultsToJestFormat (/app/client/node_modules/jest-circus/build/jestAdapterInit.js:1917:21)
    at jestAdapter (/app/client/node_modules/jest-circus/build/runner.js:101:19)
    at runTestInternal (/app/client/node_modules/jest-runner/build/testWorker.js:275:16)
    at runTest (/app/client/node_modules/jest-runner/build/testWorker.js:343:7)
    at Object.worker (/app/client/node_modules/jest-runner/build/testWorker.js:497:12)</failure>
      <failure>TypeError: performance.getEntriesByType is not a function
    at /app/client/src/components/PerformanceMonitor.tsx:35:33
    at /app/client/src/components/PerformanceMonitor.tsx:63:26
    at callTimer (/app/client/node_modules/@sinonjs/fake-timers/src/fake-timers-src.js:806:24)
    at doTickInner (/app/client/node_modules/@sinonjs/fake-timers/src/fake-timers-src.js:1413:29)
    at doTick (/app/client/node_modules/@sinonjs/fake-timers/src/fake-timers-src.js:1494:20)
    at Object.tick (/app/client/node_modules/@sinonjs/fake-timers/src/fake-timers-src.js:1502:20)
    at Object.runToLast (/app/client/node_modules/@sinonjs/fake-timers/src/fake-timers-src.js:1661:26)
    at FakeTimers.runOnlyPendingTimers (/app/client/node_modules/@jest/fake-timers/build/index.js:542:19)
    at Object.runOnlyPendingTimers (/app/client/node_modules/jest-runtime/build/index.js:1804:52)
    at Object.&lt;anonymous&gt; (/app/client/src/components/__tests__/PerformanceMonitor.test.tsx:58:10)
    at Promise.finally.completed (/app/client/node_modules/jest-circus/build/jestAdapterInit.js:1556:28)
    at new Promise (&lt;anonymous&gt;)
    at callAsyncCircusFn (/app/client/node_modules/jest-circus/build/jestAdapterInit.js:1496:10)
    at _callCircusHook (/app/client/node_modules/jest-circus/build/jestAdapterInit.js:975:40)
    at processTicksAndRejections (node:internal/process/task_queues:105:5)
    at _runTest (/app/client/node_modules/jest-circus/build/jestAdapterInit.js:948:5)
    at _runTestsForDescribeBlock (/app/client/node_modules/jest-circus/build/jestAdapterInit.js:839:13)
    at _runTestsForDescribeBlock (/app/client/node_modules/jest-circus/build/jestAdapterInit.js:829:11)
    at run (/app/client/node_modules/jest-circus/build/jestAdapterInit.js:757:3)
    at runAndTransformResultsToJestFormat (/app/client/node_modules/jest-circus/build/jestAdapterInit.js:1917:21)
    at jestAdapter (/app/client/node_modules/jest-circus/build/runner.js:101:19)
    at runTestInternal (/app/client/node_modules/jest-runner/build/testWorker.js:275:16)
    at runTest (/app/client/node_modules/jest-runner/build/testWorker.js:343:7)
    at Object.worker (/app/client/node_modules/jest-runner/build/testWorker.js:497:12)</failure>
    </testcase>
    <testcase classname="PerformanceMonitor" name="shows average metrics when available" time="0.005">
      <failure>TypeError: performance.getEntriesByType is not a function
    at /app/client/src/components/PerformanceMonitor.tsx:35:33
    at /app/client/src/components/PerformanceMonitor.tsx:78:28
    at commitHookEffectListMount (/app/client/node_modules/react-dom/cjs/react-dom.development.js:23189:26)
    at commitPassiveMountOnFiber (/app/client/node_modules/react-dom/cjs/react-dom.development.js:24970:11)
    at commitPassiveMountEffects_complete (/app/client/node_modules/react-dom/cjs/react-dom.development.js:24930:9)
    at commitPassiveMountEffects_begin (/app/client/node_modules/react-dom/cjs/react-dom.development.js:24917:7)
    at commitPassiveMountEffects (/app/client/node_modules/react-dom/cjs/react-dom.development.js:24905:3)
    at flushPassiveEffectsImpl (/app/client/node_modules/react-dom/cjs/react-dom.development.js:27078:3)
    at flushPassiveEffects (/app/client/node_modules/react-dom/cjs/react-dom.development.js:27023:14)
    at /app/client/node_modules/react-dom/cjs/react-dom.development.js:26808:9
    at flushActQueue (/app/client/node_modules/react/cjs/react.development.js:2667:24)
    at act (/app/client/node_modules/react/cjs/react.development.js:2582:11)
    at actWithWarning (/app/client/node_modules/react-dom/cjs/react-dom-test-utils.development.js:1740:10)
    at /app/client/node_modules/@testing-library/react/dist/act-compat.js:63:25
    at renderRoot (/app/client/node_modules/@testing-library/react/dist/pure.js:159:26)
    at render (/app/client/node_modules/@testing-library/react/dist/pure.js:246:10)
    at Object.&lt;anonymous&gt; (/app/client/src/components/__tests__/PerformanceMonitor.test.tsx:196:11)
    at Promise.finally.completed (/app/client/node_modules/jest-circus/build/jestAdapterInit.js:1556:28)
    at new Promise (&lt;anonymous&gt;)
    at callAsyncCircusFn (/app/client/node_modules/jest-circus/build/jestAdapterInit.js:1496:10)
    at _callCircusTest (/app/client/node_modules/jest-circus/build/jestAdapterInit.js:1006:40)
    at processTicksAndRejections (node:internal/process/task_queues:105:5)
    at _runTest (/app/client/node_modules/jest-circus/build/jestAdapterInit.js:946:3)
    at _runTestsForDescribeBlock (/app/client/node_modules/jest-circus/build/jestAdapterInit.js:839:13)
    at _runTestsForDescribeBlock (/app/client/node_modules/jest-circus/build/jestAdapterInit.js:829:11)
    at run (/app/client/node_modules/jest-circus/build/jestAdapterInit.js:757:3)
    at runAndTransformResultsToJestFormat (/app/client/node_modules/jest-circus/build/jestAdapterInit.js:1917:21)
    at jestAdapter (/app/client/node_modules/jest-circus/build/runner.js:101:19)
    at runTestInternal (/app/client/node_modules/jest-runner/build/testWorker.js:275:16)
    at runTest (/app/client/node_modules/jest-runner/build/testWorker.js:343:7)
    at Object.worker (/app/client/node_modules/jest-runner/build/testWorker.js:497:12)</failure>
      <failure>TypeError: performance.getEntriesByType is not a function
    at /app/client/src/components/PerformanceMonitor.tsx:35:33
    at /app/client/src/components/PerformanceMonitor.tsx:63:26
    at callTimer (/app/client/node_modules/@sinonjs/fake-timers/src/fake-timers-src.js:806:24)
    at doTickInner (/app/client/node_modules/@sinonjs/fake-timers/src/fake-timers-src.js:1413:29)
    at doTick (/app/client/node_modules/@sinonjs/fake-timers/src/fake-timers-src.js:1494:20)
    at Object.tick (/app/client/node_modules/@sinonjs/fake-timers/src/fake-timers-src.js:1502:20)
    at Object.runToLast (/app/client/node_modules/@sinonjs/fake-timers/src/fake-timers-src.js:1661:26)
    at FakeTimers.runOnlyPendingTimers (/app/client/node_modules/@jest/fake-timers/build/index.js:542:19)
    at Object.runOnlyPendingTimers (/app/client/node_modules/jest-runtime/build/index.js:1804:52)
    at Object.&lt;anonymous&gt; (/app/client/src/components/__tests__/PerformanceMonitor.test.tsx:58:10)
    at Promise.finally.completed (/app/client/node_modules/jest-circus/build/jestAdapterInit.js:1556:28)
    at new Promise (&lt;anonymous&gt;)
    at callAsyncCircusFn (/app/client/node_modules/jest-circus/build/jestAdapterInit.js:1496:10)
    at _callCircusHook (/app/client/node_modules/jest-circus/build/jestAdapterInit.js:975:40)
    at processTicksAndRejections (node:internal/process/task_queues:105:5)
    at _runTest (/app/client/node_modules/jest-circus/build/jestAdapterInit.js:948:5)
    at _runTestsForDescribeBlock (/app/client/node_modules/jest-circus/build/jestAdapterInit.js:839:13)
    at _runTestsForDescribeBlock (/app/client/node_modules/jest-circus/build/jestAdapterInit.js:829:11)
    at run (/app/client/node_modules/jest-circus/build/jestAdapterInit.js:757:3)
    at runAndTransformResultsToJestFormat (/app/client/node_modules/jest-circus/build/jestAdapterInit.js:1917:21)
    at jestAdapter (/app/client/node_modules/jest-circus/build/runner.js:101:19)
    at runTestInternal (/app/client/node_modules/jest-runner/build/testWorker.js:275:16)
    at runTest (/app/client/node_modules/jest-runner/build/testWorker.js:343:7)
    at Object.worker (/app/client/node_modules/jest-runner/build/testWorker.js:497:12)</failure>
    </testcase>
    <testcase classname="PerformanceMonitor" name="handles missing performance.memory gracefully" time="0.018">
      <failure>TypeError: performance.getEntriesByType is not a function
    at /app/client/src/components/PerformanceMonitor.tsx:35:33
    at /app/client/src/components/PerformanceMonitor.tsx:78:28
    at commitHookEffectListMount (/app/client/node_modules/react-dom/cjs/react-dom.development.js:23189:26)
    at commitPassiveMountOnFiber (/app/client/node_modules/react-dom/cjs/react-dom.development.js:24970:11)
    at commitPassiveMountEffects_complete (/app/client/node_modules/react-dom/cjs/react-dom.development.js:24930:9)
    at commitPassiveMountEffects_begin (/app/client/node_modules/react-dom/cjs/react-dom.development.js:24917:7)
    at commitPassiveMountEffects (/app/client/node_modules/react-dom/cjs/react-dom.development.js:24905:3)
    at flushPassiveEffectsImpl (/app/client/node_modules/react-dom/cjs/react-dom.development.js:27078:3)
    at flushPassiveEffects (/app/client/node_modules/react-dom/cjs/react-dom.development.js:27023:14)
    at /app/client/node_modules/react-dom/cjs/react-dom.development.js:26808:9
    at flushActQueue (/app/client/node_modules/react/cjs/react.development.js:2667:24)
    at act (/app/client/node_modules/react/cjs/react.development.js:2582:11)
    at actWithWarning (/app/client/node_modules/react-dom/cjs/react-dom-test-utils.development.js:1740:10)
    at /app/client/node_modules/@testing-library/react/dist/act-compat.js:63:25
    at renderRoot (/app/client/node_modules/@testing-library/react/dist/pure.js:159:26)
    at render (/app/client/node_modules/@testing-library/react/dist/pure.js:246:10)
    at Object.&lt;anonymous&gt; (/app/client/src/components/__tests__/PerformanceMonitor.test.tsx:221:11)
    at Promise.finally.completed (/app/client/node_modules/jest-circus/build/jestAdapterInit.js:1556:28)
    at new Promise (&lt;anonymous&gt;)
    at callAsyncCircusFn (/app/client/node_modules/jest-circus/build/jestAdapterInit.js:1496:10)
    at _callCircusTest (/app/client/node_modules/jest-circus/build/jestAdapterInit.js:1006:40)
    at processTicksAndRejections (node:internal/process/task_queues:105:5)
    at _runTest (/app/client/node_modules/jest-circus/build/jestAdapterInit.js:946:3)
    at _runTestsForDescribeBlock (/app/client/node_modules/jest-circus/build/jestAdapterInit.js:839:13)
    at _runTestsForDescribeBlock (/app/client/node_modules/jest-circus/build/jestAdapterInit.js:829:11)
    at run (/app/client/node_modules/jest-circus/build/jestAdapterInit.js:757:3)
    at runAndTransformResultsToJestFormat (/app/client/node_modules/jest-circus/build/jestAdapterInit.js:1917:21)
    at jestAdapter (/app/client/node_modules/jest-circus/build/runner.js:101:19)
    at runTestInternal (/app/client/node_modules/jest-runner/build/testWorker.js:275:16)
    at runTest (/app/client/node_modules/jest-runner/build/testWorker.js:343:7)
    at Object.worker (/app/client/node_modules/jest-runner/build/testWorker.js:497:12)</failure>
      <failure>TypeError: performance.getEntriesByType is not a function
    at /app/client/src/components/PerformanceMonitor.tsx:35:33
    at /app/client/src/components/PerformanceMonitor.tsx:63:26
    at callTimer (/app/client/node_modules/@sinonjs/fake-timers/src/fake-timers-src.js:806:24)
    at doTickInner (/app/client/node_modules/@sinonjs/fake-timers/src/fake-timers-src.js:1413:29)
    at doTick (/app/client/node_modules/@sinonjs/fake-timers/src/fake-timers-src.js:1494:20)
    at Object.tick (/app/client/node_modules/@sinonjs/fake-timers/src/fake-timers-src.js:1502:20)
    at Object.runToLast (/app/client/node_modules/@sinonjs/fake-timers/src/fake-timers-src.js:1661:26)
    at FakeTimers.runOnlyPendingTimers (/app/client/node_modules/@jest/fake-timers/build/index.js:542:19)
    at Object.runOnlyPendingTimers (/app/client/node_modules/jest-runtime/build/index.js:1804:52)
    at Object.&lt;anonymous&gt; (/app/client/src/components/__tests__/PerformanceMonitor.test.tsx:58:10)
    at Promise.finally.completed (/app/client/node_modules/jest-circus/build/jestAdapterInit.js:1556:28)
    at new Promise (&lt;anonymous&gt;)
    at callAsyncCircusFn (/app/client/node_modules/jest-circus/build/jestAdapterInit.js:1496:10)
    at _callCircusHook (/app/client/node_modules/jest-circus/build/jestAdapterInit.js:975:40)
    at processTicksAndRejections (node:internal/process/task_queues:105:5)
    at _runTest (/app/client/node_modules/jest-circus/build/jestAdapterInit.js:948:5)
    at _runTestsForDescribeBlock (/app/client/node_modules/jest-circus/build/jestAdapterInit.js:839:13)
    at _runTestsForDescribeBlock (/app/client/node_modules/jest-circus/build/jestAdapterInit.js:829:11)
    at run (/app/client/node_modules/jest-circus/build/jestAdapterInit.js:757:3)
    at runAndTransformResultsToJestFormat (/app/client/node_modules/jest-circus/build/jestAdapterInit.js:1917:21)
    at jestAdapter (/app/client/node_modules/jest-circus/build/runner.js:101:19)
    at runTestInternal (/app/client/node_modules/jest-runner/build/testWorker.js:275:16)
    at runTest (/app/client/node_modules/jest-runner/build/testWorker.js:343:7)
    at Object.worker (/app/client/node_modules/jest-runner/build/testWorker.js:497:12)</failure>
    </testcase>
    <testcase classname="usePerformanceTracking" name="trackRender creates performance marks and measures" time="0.003">
      <failure>Error: expect(received).toHaveBeenCalledWith(...expected)

Matcher error: received value must be a mock or spy function

Received has type:  function
Received has value: [Function anonymous]
    at Object.&lt;anonymous&gt; (/app/client/src/components/__tests__/PerformanceMonitor.test.tsx:251:30)
    at Promise.finally.completed (/app/client/node_modules/jest-circus/build/jestAdapterInit.js:1556:28)
    at new Promise (&lt;anonymous&gt;)
    at callAsyncCircusFn (/app/client/node_modules/jest-circus/build/jestAdapterInit.js:1496:10)
    at _callCircusTest (/app/client/node_modules/jest-circus/build/jestAdapterInit.js:1006:40)
    at processTicksAndRejections (node:internal/process/task_queues:105:5)
    at _runTest (/app/client/node_modules/jest-circus/build/jestAdapterInit.js:946:3)
    at _runTestsForDescribeBlock (/app/client/node_modules/jest-circus/build/jestAdapterInit.js:839:13)
    at _runTestsForDescribeBlock (/app/client/node_modules/jest-circus/build/jestAdapterInit.js:829:11)
    at run (/app/client/node_modules/jest-circus/build/jestAdapterInit.js:757:3)
    at runAndTransformResultsToJestFormat (/app/client/node_modules/jest-circus/build/jestAdapterInit.js:1917:21)
    at jestAdapter (/app/client/node_modules/jest-circus/build/runner.js:101:19)
    at runTestInternal (/app/client/node_modules/jest-runner/build/testWorker.js:275:16)
    at runTest (/app/client/node_modules/jest-runner/build/testWorker.js:343:7)
    at Object.worker (/app/client/node_modules/jest-runner/build/testWorker.js:497:12)</failure>
    </testcase>
    <testcase classname="usePerformanceTracking" name="trackError increments error counter and logs" time="0.003">
    </testcase>
    <testcase classname="PerformanceMonitor Integration" name="works with real performance data" time="0.004">
      <failure>TypeError: performance.getEntriesByType is not a function
    at /app/client/src/components/PerformanceMonitor.tsx:35:33
    at /app/client/src/components/PerformanceMonitor.tsx:78:28
    at commitHookEffectListMount (/app/client/node_modules/react-dom/cjs/react-dom.development.js:23189:26)
    at commitPassiveMountOnFiber (/app/client/node_modules/react-dom/cjs/react-dom.development.js:24970:11)
    at commitPassiveMountEffects_complete (/app/client/node_modules/react-dom/cjs/react-dom.development.js:24930:9)
    at commitPassiveMountEffects_begin (/app/client/node_modules/react-dom/cjs/react-dom.development.js:24917:7)
    at commitPassiveMountEffects (/app/client/node_modules/react-dom/cjs/react-dom.development.js:24905:3)
    at flushPassiveEffectsImpl (/app/client/node_modules/react-dom/cjs/react-dom.development.js:27078:3)
    at flushPassiveEffects (/app/client/node_modules/react-dom/cjs/react-dom.development.js:27023:14)
    at /app/client/node_modules/react-dom/cjs/react-dom.development.js:26808:9
    at flushActQueue (/app/client/node_modules/react/cjs/react.development.js:2667:24)
    at act (/app/client/node_modules/react/cjs/react.development.js:2582:11)
    at actWithWarning (/app/client/node_modules/react-dom/cjs/react-dom-test-utils.development.js:1740:10)
    at /app/client/node_modules/@testing-library/react/dist/act-compat.js:63:25
    at renderRoot (/app/client/node_modules/@testing-library/react/dist/pure.js:159:26)
    at render (/app/client/node_modules/@testing-library/react/dist/pure.js:246:10)
    at Object.&lt;anonymous&gt; (/app/client/src/components/__tests__/PerformanceMonitor.test.tsx:306:11)
    at Promise.finally.completed (/app/client/node_modules/jest-circus/build/jestAdapterInit.js:1556:28)
    at new Promise (&lt;anonymous&gt;)
    at callAsyncCircusFn (/app/client/node_modules/jest-circus/build/jestAdapterInit.js:1496:10)
    at _callCircusTest (/app/client/node_modules/jest-circus/build/jestAdapterInit.js:1006:40)
    at processTicksAndRejections (node:internal/process/task_queues:105:5)
    at _runTest (/app/client/node_modules/jest-circus/build/jestAdapterInit.js:946:3)
    at _runTestsForDescribeBlock (/app/client/node_modules/jest-circus/build/jestAdapterInit.js:839:13)
    at _runTestsForDescribeBlock (/app/client/node_modules/jest-circus/build/jestAdapterInit.js:829:11)
    at run (/app/client/node_modules/jest-circus/build/jestAdapterInit.js:757:3)
    at runAndTransformResultsToJestFormat (/app/client/node_modules/jest-circus/build/jestAdapterInit.js:1917:21)
    at jestAdapter (/app/client/node_modules/jest-circus/build/runner.js:101:19)
    at runTestInternal (/app/client/node_modules/jest-runner/build/testWorker.js:275:16)
    at runTest (/app/client/node_modules/jest-runner/build/testWorker.js:343:7)
    at Object.worker (/app/client/node_modules/jest-runner/build/testWorker.js:497:12)</failure>
    </testcase>
    <testcase classname="PerformanceMonitor Integration" name="handles performance API not available" time="0.003">
    </testcase>
    <testcase classname="PerformanceMonitor Performance" name="does not cause memory leaks with many samples" time="0.005">
      <failure>TypeError: performance.getEntriesByType is not a function
    at /app/client/src/components/PerformanceMonitor.tsx:35:33
    at /app/client/src/components/PerformanceMonitor.tsx:78:28
    at commitHookEffectListMount (/app/client/node_modules/react-dom/cjs/react-dom.development.js:23189:26)
    at commitPassiveMountOnFiber (/app/client/node_modules/react-dom/cjs/react-dom.development.js:24970:11)
    at commitPassiveMountEffects_complete (/app/client/node_modules/react-dom/cjs/react-dom.development.js:24930:9)
    at commitPassiveMountEffects_begin (/app/client/node_modules/react-dom/cjs/react-dom.development.js:24917:7)
    at commitPassiveMountEffects (/app/client/node_modules/react-dom/cjs/react-dom.development.js:24905:3)
    at flushPassiveEffectsImpl (/app/client/node_modules/react-dom/cjs/react-dom.development.js:27078:3)
    at flushPassiveEffects (/app/client/node_modules/react-dom/cjs/react-dom.development.js:27023:14)
    at /app/client/node_modules/react-dom/cjs/react-dom.development.js:26808:9
    at flushActQueue (/app/client/node_modules/react/cjs/react.development.js:2667:24)
    at act (/app/client/node_modules/react/cjs/react.development.js:2582:11)
    at actWithWarning (/app/client/node_modules/react-dom/cjs/react-dom-test-utils.development.js:1740:10)
    at /app/client/node_modules/@testing-library/react/dist/act-compat.js:63:25
    at renderRoot (/app/client/node_modules/@testing-library/react/dist/pure.js:159:26)
    at render (/app/client/node_modules/@testing-library/react/dist/pure.js:246:10)
    at Object.&lt;anonymous&gt; (/app/client/src/components/__tests__/PerformanceMonitor.test.tsx:349:11)
    at Promise.finally.completed (/app/client/node_modules/jest-circus/build/jestAdapterInit.js:1556:28)
    at new Promise (&lt;anonymous&gt;)
    at callAsyncCircusFn (/app/client/node_modules/jest-circus/build/jestAdapterInit.js:1496:10)
    at _callCircusTest (/app/client/node_modules/jest-circus/build/jestAdapterInit.js:1006:40)
    at processTicksAndRejections (node:internal/process/task_queues:105:5)
    at _runTest (/app/client/node_modules/jest-circus/build/jestAdapterInit.js:946:3)
    at _runTestsForDescribeBlock (/app/client/node_modules/jest-circus/build/jestAdapterInit.js:839:13)
    at _runTestsForDescribeBlock (/app/client/node_modules/jest-circus/build/jestAdapterInit.js:829:11)
    at run (/app/client/node_modules/jest-circus/build/jestAdapterInit.js:757:3)
    at runAndTransformResultsToJestFormat (/app/client/node_modules/jest-circus/build/jestAdapterInit.js:1917:21)
    at jestAdapter (/app/client/node_modules/jest-circus/build/runner.js:101:19)
    at runTestInternal (/app/client/node_modules/jest-runner/build/testWorker.js:275:16)
    at runTest (/app/client/node_modules/jest-runner/build/testWorker.js:343:7)
    at Object.worker (/app/client/node_modules/jest-runner/build/testWorker.js:497:12)</failure>
    </testcase>
    <testcase classname="PerformanceMonitor Performance" name="cleans up interval on unmount" time="0.004">
      <failure>TypeError: performance.getEntriesByType is not a function
    at /app/client/src/components/PerformanceMonitor.tsx:35:33
    at /app/client/src/components/PerformanceMonitor.tsx:78:28
    at commitHookEffectListMount (/app/client/node_modules/react-dom/cjs/react-dom.development.js:23189:26)
    at commitPassiveMountOnFiber (/app/client/node_modules/react-dom/cjs/react-dom.development.js:24970:11)
    at commitPassiveMountEffects_complete (/app/client/node_modules/react-dom/cjs/react-dom.development.js:24930:9)
    at commitPassiveMountEffects_begin (/app/client/node_modules/react-dom/cjs/react-dom.development.js:24917:7)
    at commitPassiveMountEffects (/app/client/node_modules/react-dom/cjs/react-dom.development.js:24905:3)
    at flushPassiveEffectsImpl (/app/client/node_modules/react-dom/cjs/react-dom.development.js:27078:3)
    at flushPassiveEffects (/app/client/node_modules/react-dom/cjs/react-dom.development.js:27023:14)
    at /app/client/node_modules/react-dom/cjs/react-dom.development.js:26808:9
    at flushActQueue (/app/client/node_modules/react/cjs/react.development.js:2667:24)
    at act (/app/client/node_modules/react/cjs/react.development.js:2582:11)
    at actWithWarning (/app/client/node_modules/react-dom/cjs/react-dom-test-utils.development.js:1740:10)
    at /app/client/node_modules/@testing-library/react/dist/act-compat.js:63:25
    at renderRoot (/app/client/node_modules/@testing-library/react/dist/pure.js:159:26)
    at render (/app/client/node_modules/@testing-library/react/dist/pure.js:246:10)
    at Object.&lt;anonymous&gt; (/app/client/src/components/__tests__/PerformanceMonitor.test.tsx:369:31)
    at Promise.finally.completed (/app/client/node_modules/jest-circus/build/jestAdapterInit.js:1556:28)
    at new Promise (&lt;anonymous&gt;)
    at callAsyncCircusFn (/app/client/node_modules/jest-circus/build/jestAdapterInit.js:1496:10)
    at _callCircusTest (/app/client/node_modules/jest-circus/build/jestAdapterInit.js:1006:40)
    at processTicksAndRejections (node:internal/process/task_queues:105:5)
    at _runTest (/app/client/node_modules/jest-circus/build/jestAdapterInit.js:946:3)
    at _runTestsForDescribeBlock (/app/client/node_modules/jest-circus/build/jestAdapterInit.js:839:13)
    at _runTestsForDescribeBlock (/app/client/node_modules/jest-circus/build/jestAdapterInit.js:829:11)
    at run (/app/client/node_modules/jest-circus/build/jestAdapterInit.js:757:3)
    at runAndTransformResultsToJestFormat (/app/client/node_modules/jest-circus/build/jestAdapterInit.js:1917:21)
    at jestAdapter (/app/client/node_modules/jest-circus/build/runner.js:101:19)
    at runTestInternal (/app/client/node_modules/jest-runner/build/testWorker.js:275:16)
    at runTest (/app/client/node_modules/jest-runner/build/testWorker.js:343:7)
    at Object.worker (/app/client/node_modules/jest-runner/build/testWorker.js:497:12)</failure>
    </testcase>
  </testsuite>
  <testsuite name="TemporalAnalysis" errors="0" failures="13" skipped="0" timestamp="2025-12-04T06:53:02" time="0.568" tests="16">
    <testcase classname="TemporalAnalysis" name="renders timeline controls" time="0.034">
    </testcase>
    <testcase classname="TemporalAnalysis" name="renders timeline visualization area" time="0.012">
      <failure>TestingLibraryElementError: Unable to find an element by: [data-testid=&quot;timeline-visualization&quot;]

Ignored nodes: comments, script, style
&lt;body&gt;
  &lt;div&gt;
    &lt;div
      class=&quot;temporal-analysis &quot;
    &gt;
      &lt;div
        class=&quot;flex items-center justify-between mb-4 p-3 bg-gray-50 rounded-lg&quot;
      &gt;
        &lt;div
          class=&quot;flex items-center gap-4&quot;
        &gt;
          &lt;h3
            class=&quot;font-semibold text-gray-900&quot;
          &gt;
            Temporal Analysis
          &lt;/h3&gt;
          &lt;span
            class=&quot;text-sm text-gray-600&quot;
          &gt;
            2
             events | Zoom: 
            1.0
            x
          &lt;/span&gt;
        &lt;/div&gt;
        &lt;div
          class=&quot;flex gap-2&quot;
        &gt;
          &lt;button
            class=&quot;px-3 py-1 bg-white border rounded hover:bg-gray-50 text-sm&quot;
          &gt;
            +
          &lt;/button&gt;
          &lt;button
            class=&quot;px-3 py-1 bg-white border rounded hover:bg-gray-50 text-sm&quot;
          &gt;
            -
          &lt;/button&gt;
          &lt;button
            class=&quot;px-3 py-1 bg-white border rounded hover:bg-gray-50 text-sm&quot;
          &gt;
            Reset
          &lt;/button&gt;
        &lt;/div&gt;
      &lt;/div&gt;
      &lt;div
        class=&quot;relative&quot;
      &gt;
        &lt;canvas
          class=&quot;border rounded-lg cursor-crosshair&quot;
          height=&quot;400&quot;
          style=&quot;background-color: white;&quot;
          width=&quot;1000&quot;
        /&gt;
      &lt;/div&gt;
      &lt;div
        class=&quot;mt-4 grid grid-cols-4 gap-4 text-sm&quot;
      &gt;
        &lt;div
          class=&quot;bg-white p-3 rounded-lg border&quot;
        &gt;
          &lt;div
            class=&quot;font-medium text-gray-900&quot;
          &gt;
            Total Events
          &lt;/div&gt;
          &lt;div
            class=&quot;text-2xl font-bold text-blue-600&quot;
          &gt;
            2
          &lt;/div&gt;
        &lt;/div&gt;
        &lt;div
          class=&quot;bg-white p-3 rounded-lg border&quot;
        &gt;
          &lt;div
            class=&quot;font-medium text-gray-900&quot;
          &gt;
            Critical Events
          &lt;/div&gt;
          &lt;div
            class=&quot;text-2xl font-bold text-red-600&quot;
          &gt;
            0
          &lt;/div&gt;
        &lt;/div&gt;
        &lt;div
          class=&quot;bg-white p-3 rounded-lg border&quot;
        &gt;
          &lt;div
            class=&quot;font-medium text-gray-900&quot;
          &gt;
            Event Clusters
          &lt;/div&gt;
          &lt;div
            class=&quot;text-2xl font-bold text-green-600&quot;
          &gt;
            0
          &lt;/div&gt;
        &lt;/div&gt;
        &lt;div
          class=&quot;bg-white p-3 rounded-lg border&quot;
        &gt;
          &lt;div
            class=&quot;font-medium text-gray-900&quot;
          &gt;
            Anomalies
          &lt;/div&gt;
          &lt;div
            class=&quot;text-2xl font-bold text-orange-600&quot;
          &gt;
            0
          &lt;/div&gt;
        &lt;/div&gt;
      &lt;/div&gt;
    &lt;/div&gt;
    &lt;div
      aria-live=&quot;assertive&quot;
      class=&quot;fixed top-4 right-4 z-50 pointer-events-none&quot;
    &gt;
      &lt;div
        class=&quot;flex flex-col space-y-3&quot;
      /&gt;
    &lt;/div&gt;
  &lt;/div&gt;
&lt;/body&gt;
    at Object.getElementError (/app/client/node_modules/@testing-library/dom/dist/config.js:37:19)
    at /app/client/node_modules/@testing-library/dom/dist/query-helpers.js:76:38
    at /app/client/node_modules/@testing-library/dom/dist/query-helpers.js:52:17
    at /app/client/node_modules/@testing-library/dom/dist/query-helpers.js:95:19
    at Object.&lt;anonymous&gt; (/app/client/src/components/timeline/__tests__/TemporalAnalysis.test.tsx:73:19)
    at Promise.finally.completed (/app/client/node_modules/jest-circus/build/jestAdapterInit.js:1556:28)
    at new Promise (&lt;anonymous&gt;)
    at callAsyncCircusFn (/app/client/node_modules/jest-circus/build/jestAdapterInit.js:1496:10)
    at _callCircusTest (/app/client/node_modules/jest-circus/build/jestAdapterInit.js:1006:40)
    at processTicksAndRejections (node:internal/process/task_queues:105:5)
    at _runTest (/app/client/node_modules/jest-circus/build/jestAdapterInit.js:946:3)
    at _runTestsForDescribeBlock (/app/client/node_modules/jest-circus/build/jestAdapterInit.js:839:13)
    at _runTestsForDescribeBlock (/app/client/node_modules/jest-circus/build/jestAdapterInit.js:829:11)
    at run (/app/client/node_modules/jest-circus/build/jestAdapterInit.js:757:3)
    at runAndTransformResultsToJestFormat (/app/client/node_modules/jest-circus/build/jestAdapterInit.js:1917:21)
    at jestAdapter (/app/client/node_modules/jest-circus/build/runner.js:101:19)
    at runTestInternal (/app/client/node_modules/jest-runner/build/testWorker.js:275:16)
    at runTest (/app/client/node_modules/jest-runner/build/testWorker.js:343:7)
    at Object.worker (/app/client/node_modules/jest-runner/build/testWorker.js:497:12)</failure>
    </testcase>
    <testcase classname="TemporalAnalysis" name="renders event statistics" time="0.006">
      <failure>TestingLibraryElementError: Unable to find an element by: [data-testid=&quot;event-statistics&quot;]

Ignored nodes: comments, script, style
&lt;body&gt;
  &lt;div&gt;
    &lt;div
      class=&quot;temporal-analysis &quot;
    &gt;
      &lt;div
        class=&quot;flex items-center justify-between mb-4 p-3 bg-gray-50 rounded-lg&quot;
      &gt;
        &lt;div
          class=&quot;flex items-center gap-4&quot;
        &gt;
          &lt;h3
            class=&quot;font-semibold text-gray-900&quot;
          &gt;
            Temporal Analysis
          &lt;/h3&gt;
          &lt;span
            class=&quot;text-sm text-gray-600&quot;
          &gt;
            2
             events | Zoom: 
            1.0
            x
          &lt;/span&gt;
        &lt;/div&gt;
        &lt;div
          class=&quot;flex gap-2&quot;
        &gt;
          &lt;button
            class=&quot;px-3 py-1 bg-white border rounded hover:bg-gray-50 text-sm&quot;
          &gt;
            +
          &lt;/button&gt;
          &lt;button
            class=&quot;px-3 py-1 bg-white border rounded hover:bg-gray-50 text-sm&quot;
          &gt;
            -
          &lt;/button&gt;
          &lt;button
            class=&quot;px-3 py-1 bg-white border rounded hover:bg-gray-50 text-sm&quot;
          &gt;
            Reset
          &lt;/button&gt;
        &lt;/div&gt;
      &lt;/div&gt;
      &lt;div
        class=&quot;relative&quot;
      &gt;
        &lt;canvas
          class=&quot;border rounded-lg cursor-crosshair&quot;
          height=&quot;400&quot;
          style=&quot;background-color: white;&quot;
          width=&quot;1000&quot;
        /&gt;
      &lt;/div&gt;
      &lt;div
        class=&quot;mt-4 grid grid-cols-4 gap-4 text-sm&quot;
      &gt;
        &lt;div
          class=&quot;bg-white p-3 rounded-lg border&quot;
        &gt;
          &lt;div
            class=&quot;font-medium text-gray-900&quot;
          &gt;
            Total Events
          &lt;/div&gt;
          &lt;div
            class=&quot;text-2xl font-bold text-blue-600&quot;
          &gt;
            2
          &lt;/div&gt;
        &lt;/div&gt;
        &lt;div
          class=&quot;bg-white p-3 rounded-lg border&quot;
        &gt;
          &lt;div
            class=&quot;font-medium text-gray-900&quot;
          &gt;
            Critical Events
          &lt;/div&gt;
          &lt;div
            class=&quot;text-2xl font-bold text-red-600&quot;
          &gt;
            0
          &lt;/div&gt;
        &lt;/div&gt;
        &lt;div
          class=&quot;bg-white p-3 rounded-lg border&quot;
        &gt;
          &lt;div
            class=&quot;font-medium text-gray-900&quot;
          &gt;
            Event Clusters
          &lt;/div&gt;
          &lt;div
            class=&quot;text-2xl font-bold text-green-600&quot;
          &gt;
            0
          &lt;/div&gt;
        &lt;/div&gt;
        &lt;div
          class=&quot;bg-white p-3 rounded-lg border&quot;
        &gt;
          &lt;div
            class=&quot;font-medium text-gray-900&quot;
          &gt;
            Anomalies
          &lt;/div&gt;
          &lt;div
            class=&quot;text-2xl font-bold text-orange-600&quot;
          &gt;
            0
          &lt;/div&gt;
        &lt;/div&gt;
      &lt;/div&gt;
    &lt;/div&gt;
    &lt;div
      aria-live=&quot;assertive&quot;
      class=&quot;fixed top-4 right-4 z-50 pointer-events-none&quot;
    &gt;
      &lt;div
        class=&quot;flex flex-col space-y-3&quot;
      /&gt;
    &lt;/div&gt;
  &lt;/div&gt;
&lt;/body&gt;
    at Object.getElementError (/app/client/node_modules/@testing-library/dom/dist/config.js:37:19)
    at /app/client/node_modules/@testing-library/dom/dist/query-helpers.js:76:38
    at /app/client/node_modules/@testing-library/dom/dist/query-helpers.js:52:17
    at /app/client/node_modules/@testing-library/dom/dist/query-helpers.js:95:19
    at Object.&lt;anonymous&gt; (/app/client/src/components/timeline/__tests__/TemporalAnalysis.test.tsx:79:19)
    at Promise.finally.completed (/app/client/node_modules/jest-circus/build/jestAdapterInit.js:1556:28)
    at new Promise (&lt;anonymous&gt;)
    at callAsyncCircusFn (/app/client/node_modules/jest-circus/build/jestAdapterInit.js:1496:10)
    at _callCircusTest (/app/client/node_modules/jest-circus/build/jestAdapterInit.js:1006:40)
    at processTicksAndRejections (node:internal/process/task_queues:105:5)
    at _runTest (/app/client/node_modules/jest-circus/build/jestAdapterInit.js:946:3)
    at _runTestsForDescribeBlock (/app/client/node_modules/jest-circus/build/jestAdapterInit.js:839:13)
    at _runTestsForDescribeBlock (/app/client/node_modules/jest-circus/build/jestAdapterInit.js:829:11)
    at run (/app/client/node_modules/jest-circus/build/jestAdapterInit.js:757:3)
    at runAndTransformResultsToJestFormat (/app/client/node_modules/jest-circus/build/jestAdapterInit.js:1917:21)
    at jestAdapter (/app/client/node_modules/jest-circus/build/runner.js:101:19)
    at runTestInternal (/app/client/node_modules/jest-runner/build/testWorker.js:275:16)
    at runTest (/app/client/node_modules/jest-runner/build/testWorker.js:343:7)
    at Object.worker (/app/client/node_modules/jest-runner/build/testWorker.js:497:12)</failure>
    </testcase>
    <testcase classname="TemporalAnalysis" name="toggles cluster display" time="0.099">
    </testcase>
    <testcase classname="TemporalAnalysis" name="toggles anomaly display" time="0.007">
      <failure>TestingLibraryElementError: Unable to find an element by: [data-testid=&quot;timeline-visualization&quot;]

Ignored nodes: comments, script, style
&lt;body&gt;
  &lt;div&gt;
    &lt;div
      class=&quot;temporal-analysis &quot;
    &gt;
      &lt;div
        class=&quot;flex items-center justify-between mb-4 p-3 bg-gray-50 rounded-lg&quot;
      &gt;
        &lt;div
          class=&quot;flex items-center gap-4&quot;
        &gt;
          &lt;h3
            class=&quot;font-semibold text-gray-900&quot;
          &gt;
            Temporal Analysis
          &lt;/h3&gt;
          &lt;span
            class=&quot;text-sm text-gray-600&quot;
          &gt;
            2
             events | Zoom: 
            1.0
            x
          &lt;/span&gt;
        &lt;/div&gt;
        &lt;div
          class=&quot;flex gap-2&quot;
        &gt;
          &lt;button
            class=&quot;px-3 py-1 bg-white border rounded hover:bg-gray-50 text-sm&quot;
          &gt;
            +
          &lt;/button&gt;
          &lt;button
            class=&quot;px-3 py-1 bg-white border rounded hover:bg-gray-50 text-sm&quot;
          &gt;
            -
          &lt;/button&gt;
          &lt;button
            class=&quot;px-3 py-1 bg-white border rounded hover:bg-gray-50 text-sm&quot;
          &gt;
            Reset
          &lt;/button&gt;
        &lt;/div&gt;
      &lt;/div&gt;
      &lt;div
        class=&quot;relative&quot;
      &gt;
        &lt;canvas
          class=&quot;border rounded-lg cursor-crosshair&quot;
          height=&quot;400&quot;
          style=&quot;background-color: white;&quot;
          width=&quot;1000&quot;
        /&gt;
      &lt;/div&gt;
      &lt;div
        class=&quot;mt-4 grid grid-cols-4 gap-4 text-sm&quot;
      &gt;
        &lt;div
          class=&quot;bg-white p-3 rounded-lg border&quot;
        &gt;
          &lt;div
            class=&quot;font-medium text-gray-900&quot;
          &gt;
            Total Events
          &lt;/div&gt;
          &lt;div
            class=&quot;text-2xl font-bold text-blue-600&quot;
          &gt;
            2
          &lt;/div&gt;
        &lt;/div&gt;
        &lt;div
          class=&quot;bg-white p-3 rounded-lg border&quot;
        &gt;
          &lt;div
            class=&quot;font-medium text-gray-900&quot;
          &gt;
            Critical Events
          &lt;/div&gt;
          &lt;div
            class=&quot;text-2xl font-bold text-red-600&quot;
          &gt;
            0
          &lt;/div&gt;
        &lt;/div&gt;
        &lt;div
          class=&quot;bg-white p-3 rounded-lg border&quot;
        &gt;
          &lt;div
            class=&quot;font-medium text-gray-900&quot;
          &gt;
            Event Clusters
          &lt;/div&gt;
          &lt;div
            class=&quot;text-2xl font-bold text-green-600&quot;
          &gt;
            0
          &lt;/div&gt;
        &lt;/div&gt;
        &lt;div
          class=&quot;bg-white p-3 rounded-lg border&quot;
        &gt;
          &lt;div
            class=&quot;font-medium text-gray-900&quot;
          &gt;
            Anomalies
          &lt;/div&gt;
          &lt;div
            class=&quot;text-2xl font-bold text-orange-600&quot;
          &gt;
            0
          &lt;/div&gt;
        &lt;/div&gt;
      &lt;/div&gt;
    &lt;/div&gt;
    &lt;div
      aria-live=&quot;assertive&quot;
      class=&quot;fixed top-4 right-4 z-50 pointer-events-none&quot;
    &gt;
      &lt;div
        class=&quot;flex flex-col space-y-3&quot;
      /&gt;
    &lt;/div&gt;
  &lt;/div&gt;
&lt;/body&gt;
    at Object.getElementError (/app/client/node_modules/@testing-library/dom/dist/config.js:37:19)
    at /app/client/node_modules/@testing-library/dom/dist/query-helpers.js:76:38
    at /app/client/node_modules/@testing-library/dom/dist/query-helpers.js:52:17
    at /app/client/node_modules/@testing-library/dom/dist/query-helpers.js:95:19
    at Object.&lt;anonymous&gt; (/app/client/src/components/timeline/__tests__/TemporalAnalysis.test.tsx:101:24)
    at Promise.finally.completed (/app/client/node_modules/jest-circus/build/jestAdapterInit.js:1556:28)
    at new Promise (&lt;anonymous&gt;)
    at callAsyncCircusFn (/app/client/node_modules/jest-circus/build/jestAdapterInit.js:1496:10)
    at _callCircusTest (/app/client/node_modules/jest-circus/build/jestAdapterInit.js:1006:40)
    at _runTest (/app/client/node_modules/jest-circus/build/jestAdapterInit.js:946:3)
    at _runTestsForDescribeBlock (/app/client/node_modules/jest-circus/build/jestAdapterInit.js:839:13)
    at _runTestsForDescribeBlock (/app/client/node_modules/jest-circus/build/jestAdapterInit.js:829:11)
    at run (/app/client/node_modules/jest-circus/build/jestAdapterInit.js:757:3)
    at runAndTransformResultsToJestFormat (/app/client/node_modules/jest-circus/build/jestAdapterInit.js:1917:21)
    at jestAdapter (/app/client/node_modules/jest-circus/build/runner.js:101:19)
    at runTestInternal (/app/client/node_modules/jest-runner/build/testWorker.js:275:16)
    at runTest (/app/client/node_modules/jest-runner/build/testWorker.js:343:7)
    at Object.worker (/app/client/node_modules/jest-runner/build/testWorker.js:497:12)</failure>
    </testcase>
    <testcase classname="TemporalAnalysis" name="toggles zoom functionality" time="0.006">
      <failure>TestingLibraryElementError: Unable to find an element by: [data-testid=&quot;timeline-visualization&quot;]

Ignored nodes: comments, script, style
&lt;body&gt;
  &lt;div&gt;
    &lt;div
      class=&quot;temporal-analysis &quot;
    &gt;
      &lt;div
        class=&quot;flex items-center justify-between mb-4 p-3 bg-gray-50 rounded-lg&quot;
      &gt;
        &lt;div
          class=&quot;flex items-center gap-4&quot;
        &gt;
          &lt;h3
            class=&quot;font-semibold text-gray-900&quot;
          &gt;
            Temporal Analysis
          &lt;/h3&gt;
          &lt;span
            class=&quot;text-sm text-gray-600&quot;
          &gt;
            2
             events | Zoom: 
            1.0
            x
          &lt;/span&gt;
        &lt;/div&gt;
        &lt;div
          class=&quot;flex gap-2&quot;
        &gt;
          &lt;button
            class=&quot;px-3 py-1 bg-white border rounded hover:bg-gray-50 text-sm&quot;
          &gt;
            +
          &lt;/button&gt;
          &lt;button
            class=&quot;px-3 py-1 bg-white border rounded hover:bg-gray-50 text-sm&quot;
          &gt;
            -
          &lt;/button&gt;
          &lt;button
            class=&quot;px-3 py-1 bg-white border rounded hover:bg-gray-50 text-sm&quot;
          &gt;
            Reset
          &lt;/button&gt;
        &lt;/div&gt;
      &lt;/div&gt;
      &lt;div
        class=&quot;relative&quot;
      &gt;
        &lt;canvas
          class=&quot;border rounded-lg cursor-crosshair&quot;
          height=&quot;400&quot;
          style=&quot;background-color: white;&quot;
          width=&quot;1000&quot;
        /&gt;
      &lt;/div&gt;
      &lt;div
        class=&quot;mt-4 grid grid-cols-4 gap-4 text-sm&quot;
      &gt;
        &lt;div
          class=&quot;bg-white p-3 rounded-lg border&quot;
        &gt;
          &lt;div
            class=&quot;font-medium text-gray-900&quot;
          &gt;
            Total Events
          &lt;/div&gt;
          &lt;div
            class=&quot;text-2xl font-bold text-blue-600&quot;
          &gt;
            2
          &lt;/div&gt;
        &lt;/div&gt;
        &lt;div
          class=&quot;bg-white p-3 rounded-lg border&quot;
        &gt;
          &lt;div
            class=&quot;font-medium text-gray-900&quot;
          &gt;
            Critical Events
          &lt;/div&gt;
          &lt;div
            class=&quot;text-2xl font-bold text-red-600&quot;
          &gt;
            0
          &lt;/div&gt;
        &lt;/div&gt;
        &lt;div
          class=&quot;bg-white p-3 rounded-lg border&quot;
        &gt;
          &lt;div
            class=&quot;font-medium text-gray-900&quot;
          &gt;
            Event Clusters
          &lt;/div&gt;
          &lt;div
            class=&quot;text-2xl font-bold text-green-600&quot;
          &gt;
            0
          &lt;/div&gt;
        &lt;/div&gt;
        &lt;div
          class=&quot;bg-white p-3 rounded-lg border&quot;
        &gt;
          &lt;div
            class=&quot;font-medium text-gray-900&quot;
          &gt;
            Anomalies
          &lt;/div&gt;
          &lt;div
            class=&quot;text-2xl font-bold text-orange-600&quot;
          &gt;
            0
          &lt;/div&gt;
        &lt;/div&gt;
      &lt;/div&gt;
    &lt;/div&gt;
    &lt;div
      aria-live=&quot;assertive&quot;
      class=&quot;fixed top-4 right-4 z-50 pointer-events-none&quot;
    &gt;
      &lt;div
        class=&quot;flex flex-col space-y-3&quot;
      /&gt;
    &lt;/div&gt;
  &lt;/div&gt;
&lt;/body&gt;
    at Object.getElementError (/app/client/node_modules/@testing-library/dom/dist/config.js:37:19)
    at /app/client/node_modules/@testing-library/dom/dist/query-helpers.js:76:38
    at /app/client/node_modules/@testing-library/dom/dist/query-helpers.js:52:17
    at /app/client/node_modules/@testing-library/dom/dist/query-helpers.js:95:19
    at Object.&lt;anonymous&gt; (/app/client/src/components/timeline/__tests__/TemporalAnalysis.test.tsx:112:24)
    at Promise.finally.completed (/app/client/node_modules/jest-circus/build/jestAdapterInit.js:1556:28)
    at new Promise (&lt;anonymous&gt;)
    at callAsyncCircusFn (/app/client/node_modules/jest-circus/build/jestAdapterInit.js:1496:10)
    at _callCircusTest (/app/client/node_modules/jest-circus/build/jestAdapterInit.js:1006:40)
    at _runTest (/app/client/node_modules/jest-circus/build/jestAdapterInit.js:946:3)
    at _runTestsForDescribeBlock (/app/client/node_modules/jest-circus/build/jestAdapterInit.js:839:13)
    at _runTestsForDescribeBlock (/app/client/node_modules/jest-circus/build/jestAdapterInit.js:829:11)
    at run (/app/client/node_modules/jest-circus/build/jestAdapterInit.js:757:3)
    at runAndTransformResultsToJestFormat (/app/client/node_modules/jest-circus/build/jestAdapterInit.js:1917:21)
    at jestAdapter (/app/client/node_modules/jest-circus/build/runner.js:101:19)
    at runTestInternal (/app/client/node_modules/jest-runner/build/testWorker.js:275:16)
    at runTest (/app/client/node_modules/jest-runner/build/testWorker.js:343:7)
    at Object.worker (/app/client/node_modules/jest-runner/build/testWorker.js:497:12)</failure>
    </testcase>
    <testcase classname="TemporalAnalysis" name="handles timeline visualization clicks" time="0.005">
      <failure>TestingLibraryElementError: Unable to find an element by: [data-testid=&quot;timeline-visualization&quot;]

Ignored nodes: comments, script, style
&lt;body&gt;
  &lt;div&gt;
    &lt;div
      class=&quot;temporal-analysis &quot;
    &gt;
      &lt;div
        class=&quot;flex items-center justify-between mb-4 p-3 bg-gray-50 rounded-lg&quot;
      &gt;
        &lt;div
          class=&quot;flex items-center gap-4&quot;
        &gt;
          &lt;h3
            class=&quot;font-semibold text-gray-900&quot;
          &gt;
            Temporal Analysis
          &lt;/h3&gt;
          &lt;span
            class=&quot;text-sm text-gray-600&quot;
          &gt;
            2
             events | Zoom: 
            1.0
            x
          &lt;/span&gt;
        &lt;/div&gt;
        &lt;div
          class=&quot;flex gap-2&quot;
        &gt;
          &lt;button
            class=&quot;px-3 py-1 bg-white border rounded hover:bg-gray-50 text-sm&quot;
          &gt;
            +
          &lt;/button&gt;
          &lt;button
            class=&quot;px-3 py-1 bg-white border rounded hover:bg-gray-50 text-sm&quot;
          &gt;
            -
          &lt;/button&gt;
          &lt;button
            class=&quot;px-3 py-1 bg-white border rounded hover:bg-gray-50 text-sm&quot;
          &gt;
            Reset
          &lt;/button&gt;
        &lt;/div&gt;
      &lt;/div&gt;
      &lt;div
        class=&quot;relative&quot;
      &gt;
        &lt;canvas
          class=&quot;border rounded-lg cursor-crosshair&quot;
          height=&quot;400&quot;
          style=&quot;background-color: white;&quot;
          width=&quot;1000&quot;
        /&gt;
      &lt;/div&gt;
      &lt;div
        class=&quot;mt-4 grid grid-cols-4 gap-4 text-sm&quot;
      &gt;
        &lt;div
          class=&quot;bg-white p-3 rounded-lg border&quot;
        &gt;
          &lt;div
            class=&quot;font-medium text-gray-900&quot;
          &gt;
            Total Events
          &lt;/div&gt;
          &lt;div
            class=&quot;text-2xl font-bold text-blue-600&quot;
          &gt;
            2
          &lt;/div&gt;
        &lt;/div&gt;
        &lt;div
          class=&quot;bg-white p-3 rounded-lg border&quot;
        &gt;
          &lt;div
            class=&quot;font-medium text-gray-900&quot;
          &gt;
            Critical Events
          &lt;/div&gt;
          &lt;div
            class=&quot;text-2xl font-bold text-red-600&quot;
          &gt;
            0
          &lt;/div&gt;
        &lt;/div&gt;
        &lt;div
          class=&quot;bg-white p-3 rounded-lg border&quot;
        &gt;
          &lt;div
            class=&quot;font-medium text-gray-900&quot;
          &gt;
            Event Clusters
          &lt;/div&gt;
          &lt;div
            class=&quot;text-2xl font-bold text-green-600&quot;
          &gt;
            0
          &lt;/div&gt;
        &lt;/div&gt;
        &lt;div
          class=&quot;bg-white p-3 rounded-lg border&quot;
        &gt;
          &lt;div
            class=&quot;font-medium text-gray-900&quot;
          &gt;
            Anomalies
          &lt;/div&gt;
          &lt;div
            class=&quot;text-2xl font-bold text-orange-600&quot;
          &gt;
            0
          &lt;/div&gt;
        &lt;/div&gt;
      &lt;/div&gt;
    &lt;/div&gt;
    &lt;div
      aria-live=&quot;assertive&quot;
      class=&quot;fixed top-4 right-4 z-50 pointer-events-none&quot;
    &gt;
      &lt;div
        class=&quot;flex flex-col space-y-3&quot;
      /&gt;
    &lt;/div&gt;
  &lt;/div&gt;
&lt;/body&gt;
    at Object.getElementError (/app/client/node_modules/@testing-library/dom/dist/config.js:37:19)
    at /app/client/node_modules/@testing-library/dom/dist/query-helpers.js:76:38
    at /app/client/node_modules/@testing-library/dom/dist/query-helpers.js:52:17
    at /app/client/node_modules/@testing-library/dom/dist/query-helpers.js:95:19
    at Object.&lt;anonymous&gt; (/app/client/src/components/timeline/__tests__/TemporalAnalysis.test.tsx:121:32)
    at Promise.finally.completed (/app/client/node_modules/jest-circus/build/jestAdapterInit.js:1556:28)
    at new Promise (&lt;anonymous&gt;)
    at callAsyncCircusFn (/app/client/node_modules/jest-circus/build/jestAdapterInit.js:1496:10)
    at _callCircusTest (/app/client/node_modules/jest-circus/build/jestAdapterInit.js:1006:40)
    at _runTest (/app/client/node_modules/jest-circus/build/jestAdapterInit.js:946:3)
    at _runTestsForDescribeBlock (/app/client/node_modules/jest-circus/build/jestAdapterInit.js:839:13)
    at _runTestsForDescribeBlock (/app/client/node_modules/jest-circus/build/jestAdapterInit.js:829:11)
    at run (/app/client/node_modules/jest-circus/build/jestAdapterInit.js:757:3)
    at runAndTransformResultsToJestFormat (/app/client/node_modules/jest-circus/build/jestAdapterInit.js:1917:21)
    at jestAdapter (/app/client/node_modules/jest-circus/build/runner.js:101:19)
    at runTestInternal (/app/client/node_modules/jest-runner/build/testWorker.js:275:16)
    at runTest (/app/client/node_modules/jest-runner/build/testWorker.js:343:7)
    at Object.worker (/app/client/node_modules/jest-runner/build/testWorker.js:497:12)</failure>
    </testcase>
    <testcase classname="TemporalAnalysis" name="handles investigation ID prop" time="0.006">
      <failure>TestingLibraryElementError: Unable to find an element by: [data-testid=&quot;timeline-visualization&quot;]

Ignored nodes: comments, script, style
&lt;body&gt;
  &lt;div&gt;
    &lt;div
      class=&quot;temporal-analysis &quot;
    &gt;
      &lt;div
        class=&quot;flex items-center justify-between mb-4 p-3 bg-gray-50 rounded-lg&quot;
      &gt;
        &lt;div
          class=&quot;flex items-center gap-4&quot;
        &gt;
          &lt;h3
            class=&quot;font-semibold text-gray-900&quot;
          &gt;
            Temporal Analysis
          &lt;/h3&gt;
          &lt;span
            class=&quot;text-sm text-gray-600&quot;
          &gt;
            2
             events | Zoom: 
            1.0
            x
          &lt;/span&gt;
        &lt;/div&gt;
        &lt;div
          class=&quot;flex gap-2&quot;
        &gt;
          &lt;button
            class=&quot;px-3 py-1 bg-white border rounded hover:bg-gray-50 text-sm&quot;
          &gt;
            +
          &lt;/button&gt;
          &lt;button
            class=&quot;px-3 py-1 bg-white border rounded hover:bg-gray-50 text-sm&quot;
          &gt;
            -
          &lt;/button&gt;
          &lt;button
            class=&quot;px-3 py-1 bg-white border rounded hover:bg-gray-50 text-sm&quot;
          &gt;
            Reset
          &lt;/button&gt;
        &lt;/div&gt;
      &lt;/div&gt;
      &lt;div
        class=&quot;relative&quot;
      &gt;
        &lt;canvas
          class=&quot;border rounded-lg cursor-crosshair&quot;
          height=&quot;400&quot;
          style=&quot;background-color: white;&quot;
          width=&quot;1000&quot;
        /&gt;
      &lt;/div&gt;
      &lt;div
        class=&quot;mt-4 grid grid-cols-4 gap-4 text-sm&quot;
      &gt;
        &lt;div
          class=&quot;bg-white p-3 rounded-lg border&quot;
        &gt;
          &lt;div
            class=&quot;font-medium text-gray-900&quot;
          &gt;
            Total Events
          &lt;/div&gt;
          &lt;div
            class=&quot;text-2xl font-bold text-blue-600&quot;
          &gt;
            2
          &lt;/div&gt;
        &lt;/div&gt;
        &lt;div
          class=&quot;bg-white p-3 rounded-lg border&quot;
        &gt;
          &lt;div
            class=&quot;font-medium text-gray-900&quot;
          &gt;
            Critical Events
          &lt;/div&gt;
          &lt;div
            class=&quot;text-2xl font-bold text-red-600&quot;
          &gt;
            0
          &lt;/div&gt;
        &lt;/div&gt;
        &lt;div
          class=&quot;bg-white p-3 rounded-lg border&quot;
        &gt;
          &lt;div
            class=&quot;font-medium text-gray-900&quot;
          &gt;
            Event Clusters
          &lt;/div&gt;
          &lt;div
            class=&quot;text-2xl font-bold text-green-600&quot;
          &gt;
            0
          &lt;/div&gt;
        &lt;/div&gt;
        &lt;div
          class=&quot;bg-white p-3 rounded-lg border&quot;
        &gt;
          &lt;div
            class=&quot;font-medium text-gray-900&quot;
          &gt;
            Anomalies
          &lt;/div&gt;
          &lt;div
            class=&quot;text-2xl font-bold text-orange-600&quot;
          &gt;
            0
          &lt;/div&gt;
        &lt;/div&gt;
      &lt;/div&gt;
    &lt;/div&gt;
    &lt;div
      aria-live=&quot;assertive&quot;
      class=&quot;fixed top-4 right-4 z-50 pointer-events-none&quot;
    &gt;
      &lt;div
        class=&quot;flex flex-col space-y-3&quot;
      /&gt;
    &lt;/div&gt;
  &lt;/div&gt;
&lt;/body&gt;
    at Object.getElementError (/app/client/node_modules/@testing-library/dom/dist/config.js:37:19)
    at /app/client/node_modules/@testing-library/dom/dist/query-helpers.js:76:38
    at /app/client/node_modules/@testing-library/dom/dist/query-helpers.js:52:17
    at /app/client/node_modules/@testing-library/dom/dist/query-helpers.js:95:19
    at Object.&lt;anonymous&gt; (/app/client/src/components/timeline/__tests__/TemporalAnalysis.test.tsx:131:19)
    at Promise.finally.completed (/app/client/node_modules/jest-circus/build/jestAdapterInit.js:1556:28)
    at new Promise (&lt;anonymous&gt;)
    at callAsyncCircusFn (/app/client/node_modules/jest-circus/build/jestAdapterInit.js:1496:10)
    at _callCircusTest (/app/client/node_modules/jest-circus/build/jestAdapterInit.js:1006:40)
    at _runTest (/app/client/node_modules/jest-circus/build/jestAdapterInit.js:946:3)
    at _runTestsForDescribeBlock (/app/client/node_modules/jest-circus/build/jestAdapterInit.js:839:13)
    at _runTestsForDescribeBlock (/app/client/node_modules/jest-circus/build/jestAdapterInit.js:829:11)
    at run (/app/client/node_modules/jest-circus/build/jestAdapterInit.js:757:3)
    at runAndTransformResultsToJestFormat (/app/client/node_modules/jest-circus/build/jestAdapterInit.js:1917:21)
    at jestAdapter (/app/client/node_modules/jest-circus/build/runner.js:101:19)
    at runTestInternal (/app/client/node_modules/jest-runner/build/testWorker.js:275:16)
    at runTest (/app/client/node_modules/jest-runner/build/testWorker.js:343:7)
    at Object.worker (/app/client/node_modules/jest-runner/build/testWorker.js:497:12)</failure>
    </testcase>
    <testcase classname="TemporalAnalysis" name="calls event selection callback" time="0.006">
      <failure>TestingLibraryElementError: Unable to find an element by: [data-testid=&quot;timeline-visualization&quot;]

Ignored nodes: comments, script, style
&lt;body&gt;
  &lt;div&gt;
    &lt;div
      class=&quot;temporal-analysis &quot;
    &gt;
      &lt;div
        class=&quot;flex items-center justify-between mb-4 p-3 bg-gray-50 rounded-lg&quot;
      &gt;
        &lt;div
          class=&quot;flex items-center gap-4&quot;
        &gt;
          &lt;h3
            class=&quot;font-semibold text-gray-900&quot;
          &gt;
            Temporal Analysis
          &lt;/h3&gt;
          &lt;span
            class=&quot;text-sm text-gray-600&quot;
          &gt;
            2
             events | Zoom: 
            1.0
            x
          &lt;/span&gt;
        &lt;/div&gt;
        &lt;div
          class=&quot;flex gap-2&quot;
        &gt;
          &lt;button
            class=&quot;px-3 py-1 bg-white border rounded hover:bg-gray-50 text-sm&quot;
          &gt;
            +
          &lt;/button&gt;
          &lt;button
            class=&quot;px-3 py-1 bg-white border rounded hover:bg-gray-50 text-sm&quot;
          &gt;
            -
          &lt;/button&gt;
          &lt;button
            class=&quot;px-3 py-1 bg-white border rounded hover:bg-gray-50 text-sm&quot;
          &gt;
            Reset
          &lt;/button&gt;
        &lt;/div&gt;
      &lt;/div&gt;
      &lt;div
        class=&quot;relative&quot;
      &gt;
        &lt;canvas
          class=&quot;border rounded-lg cursor-crosshair&quot;
          height=&quot;400&quot;
          style=&quot;background-color: white;&quot;
          width=&quot;1000&quot;
        /&gt;
      &lt;/div&gt;
      &lt;div
        class=&quot;mt-4 grid grid-cols-4 gap-4 text-sm&quot;
      &gt;
        &lt;div
          class=&quot;bg-white p-3 rounded-lg border&quot;
        &gt;
          &lt;div
            class=&quot;font-medium text-gray-900&quot;
          &gt;
            Total Events
          &lt;/div&gt;
          &lt;div
            class=&quot;text-2xl font-bold text-blue-600&quot;
          &gt;
            2
          &lt;/div&gt;
        &lt;/div&gt;
        &lt;div
          class=&quot;bg-white p-3 rounded-lg border&quot;
        &gt;
          &lt;div
            class=&quot;font-medium text-gray-900&quot;
          &gt;
            Critical Events
          &lt;/div&gt;
          &lt;div
            class=&quot;text-2xl font-bold text-red-600&quot;
          &gt;
            0
          &lt;/div&gt;
        &lt;/div&gt;
        &lt;div
          class=&quot;bg-white p-3 rounded-lg border&quot;
        &gt;
          &lt;div
            class=&quot;font-medium text-gray-900&quot;
          &gt;
            Event Clusters
          &lt;/div&gt;
          &lt;div
            class=&quot;text-2xl font-bold text-green-600&quot;
          &gt;
            0
          &lt;/div&gt;
        &lt;/div&gt;
        &lt;div
          class=&quot;bg-white p-3 rounded-lg border&quot;
        &gt;
          &lt;div
            class=&quot;font-medium text-gray-900&quot;
          &gt;
            Anomalies
          &lt;/div&gt;
          &lt;div
            class=&quot;text-2xl font-bold text-orange-600&quot;
          &gt;
            0
          &lt;/div&gt;
        &lt;/div&gt;
      &lt;/div&gt;
    &lt;/div&gt;
    &lt;div
      aria-live=&quot;assertive&quot;
      class=&quot;fixed top-4 right-4 z-50 pointer-events-none&quot;
    &gt;
      &lt;div
        class=&quot;flex flex-col space-y-3&quot;
      /&gt;
    &lt;/div&gt;
  &lt;/div&gt;
&lt;/body&gt;
    at Object.getElementError (/app/client/node_modules/@testing-library/dom/dist/config.js:37:19)
    at /app/client/node_modules/@testing-library/dom/dist/query-helpers.js:76:38
    at /app/client/node_modules/@testing-library/dom/dist/query-helpers.js:52:17
    at /app/client/node_modules/@testing-library/dom/dist/query-helpers.js:95:19
    at Object.&lt;anonymous&gt; (/app/client/src/components/timeline/__tests__/TemporalAnalysis.test.tsx:140:32)
    at Promise.finally.completed (/app/client/node_modules/jest-circus/build/jestAdapterInit.js:1556:28)
    at new Promise (&lt;anonymous&gt;)
    at callAsyncCircusFn (/app/client/node_modules/jest-circus/build/jestAdapterInit.js:1496:10)
    at _callCircusTest (/app/client/node_modules/jest-circus/build/jestAdapterInit.js:1006:40)
    at _runTest (/app/client/node_modules/jest-circus/build/jestAdapterInit.js:946:3)
    at _runTestsForDescribeBlock (/app/client/node_modules/jest-circus/build/jestAdapterInit.js:839:13)
    at _runTestsForDescribeBlock (/app/client/node_modules/jest-circus/build/jestAdapterInit.js:829:11)
    at run (/app/client/node_modules/jest-circus/build/jestAdapterInit.js:757:3)
    at runAndTransformResultsToJestFormat (/app/client/node_modules/jest-circus/build/jestAdapterInit.js:1917:21)
    at jestAdapter (/app/client/node_modules/jest-circus/build/runner.js:101:19)
    at runTestInternal (/app/client/node_modules/jest-runner/build/testWorker.js:275:16)
    at runTest (/app/client/node_modules/jest-runner/build/testWorker.js:343:7)
    at Object.worker (/app/client/node_modules/jest-runner/build/testWorker.js:497:12)</failure>
    </testcase>
    <testcase classname="TemporalAnalysis" name="calls time range change callback" time="0.03">
    </testcase>
    <testcase classname="TemporalAnalysis" name="shows event details on hover" time="0.006">
      <failure>TestingLibraryElementError: Unable to find an element by: [data-testid=&quot;timeline-visualization&quot;]

Ignored nodes: comments, script, style
&lt;body&gt;
  &lt;div&gt;
    &lt;div
      class=&quot;temporal-analysis &quot;
    &gt;
      &lt;div
        class=&quot;flex items-center justify-between mb-4 p-3 bg-gray-50 rounded-lg&quot;
      &gt;
        &lt;div
          class=&quot;flex items-center gap-4&quot;
        &gt;
          &lt;h3
            class=&quot;font-semibold text-gray-900&quot;
          &gt;
            Temporal Analysis
          &lt;/h3&gt;
          &lt;span
            class=&quot;text-sm text-gray-600&quot;
          &gt;
            2
             events | Zoom: 
            1.0
            x
          &lt;/span&gt;
        &lt;/div&gt;
        &lt;div
          class=&quot;flex gap-2&quot;
        &gt;
          &lt;button
            class=&quot;px-3 py-1 bg-white border rounded hover:bg-gray-50 text-sm&quot;
          &gt;
            +
          &lt;/button&gt;
          &lt;button
            class=&quot;px-3 py-1 bg-white border rounded hover:bg-gray-50 text-sm&quot;
          &gt;
            -
          &lt;/button&gt;
          &lt;button
            class=&quot;px-3 py-1 bg-white border rounded hover:bg-gray-50 text-sm&quot;
          &gt;
            Reset
          &lt;/button&gt;
        &lt;/div&gt;
      &lt;/div&gt;
      &lt;div
        class=&quot;relative&quot;
      &gt;
        &lt;canvas
          class=&quot;border rounded-lg cursor-crosshair&quot;
          height=&quot;400&quot;
          style=&quot;background-color: white;&quot;
          width=&quot;1000&quot;
        /&gt;
      &lt;/div&gt;
      &lt;div
        class=&quot;mt-4 grid grid-cols-4 gap-4 text-sm&quot;
      &gt;
        &lt;div
          class=&quot;bg-white p-3 rounded-lg border&quot;
        &gt;
          &lt;div
            class=&quot;font-medium text-gray-900&quot;
          &gt;
            Total Events
          &lt;/div&gt;
          &lt;div
            class=&quot;text-2xl font-bold text-blue-600&quot;
          &gt;
            2
          &lt;/div&gt;
        &lt;/div&gt;
        &lt;div
          class=&quot;bg-white p-3 rounded-lg border&quot;
        &gt;
          &lt;div
            class=&quot;font-medium text-gray-900&quot;
          &gt;
            Critical Events
          &lt;/div&gt;
          &lt;div
            class=&quot;text-2xl font-bold text-red-600&quot;
          &gt;
            0
          &lt;/div&gt;
        &lt;/div&gt;
        &lt;div
          class=&quot;bg-white p-3 rounded-lg border&quot;
        &gt;
          &lt;div
            class=&quot;font-medium text-gray-900&quot;
          &gt;
            Event Clusters
          &lt;/div&gt;
          &lt;div
            class=&quot;text-2xl font-bold text-green-600&quot;
          &gt;
            0
          &lt;/div&gt;
        &lt;/div&gt;
        &lt;div
          class=&quot;bg-white p-3 rounded-lg border&quot;
        &gt;
          &lt;div
            class=&quot;font-medium text-gray-900&quot;
          &gt;
            Anomalies
          &lt;/div&gt;
          &lt;div
            class=&quot;text-2xl font-bold text-orange-600&quot;
          &gt;
            0
          &lt;/div&gt;
        &lt;/div&gt;
      &lt;/div&gt;
    &lt;/div&gt;
    &lt;div
      aria-live=&quot;assertive&quot;
      class=&quot;fixed top-4 right-4 z-50 pointer-events-none&quot;
    &gt;
      &lt;div
        class=&quot;flex flex-col space-y-3&quot;
      /&gt;
    &lt;/div&gt;
  &lt;/div&gt;
&lt;/body&gt;
    at Object.getElementError (/app/client/node_modules/@testing-library/dom/dist/config.js:37:19)
    at /app/client/node_modules/@testing-library/dom/dist/query-helpers.js:76:38
    at /app/client/node_modules/@testing-library/dom/dist/query-helpers.js:52:17
    at /app/client/node_modules/@testing-library/dom/dist/query-helpers.js:95:19
    at Object.&lt;anonymous&gt; (/app/client/src/components/timeline/__tests__/TemporalAnalysis.test.tsx:164:32)
    at Promise.finally.completed (/app/client/node_modules/jest-circus/build/jestAdapterInit.js:1556:28)
    at new Promise (&lt;anonymous&gt;)
    at callAsyncCircusFn (/app/client/node_modules/jest-circus/build/jestAdapterInit.js:1496:10)
    at _callCircusTest (/app/client/node_modules/jest-circus/build/jestAdapterInit.js:1006:40)
    at _runTest (/app/client/node_modules/jest-circus/build/jestAdapterInit.js:946:3)
    at _runTestsForDescribeBlock (/app/client/node_modules/jest-circus/build/jestAdapterInit.js:839:13)
    at _runTestsForDescribeBlock (/app/client/node_modules/jest-circus/build/jestAdapterInit.js:829:11)
    at run (/app/client/node_modules/jest-circus/build/jestAdapterInit.js:757:3)
    at runAndTransformResultsToJestFormat (/app/client/node_modules/jest-circus/build/jestAdapterInit.js:1917:21)
    at jestAdapter (/app/client/node_modules/jest-circus/build/runner.js:101:19)
    at runTestInternal (/app/client/node_modules/jest-runner/build/testWorker.js:275:16)
    at runTest (/app/client/node_modules/jest-runner/build/testWorker.js:343:7)
    at Object.worker (/app/client/node_modules/jest-runner/build/testWorker.js:497:12)</failure>
    </testcase>
    <testcase classname="TemporalAnalysis" name="ignores wheel events when zoom disabled" time="0.006">
      <failure>TestingLibraryElementError: Unable to find an element by: [data-testid=&quot;timeline-visualization&quot;]

Ignored nodes: comments, script, style
&lt;body&gt;
  &lt;div&gt;
    &lt;div
      class=&quot;temporal-analysis &quot;
    &gt;
      &lt;div
        class=&quot;flex items-center justify-between mb-4 p-3 bg-gray-50 rounded-lg&quot;
      &gt;
        &lt;div
          class=&quot;flex items-center gap-4&quot;
        &gt;
          &lt;h3
            class=&quot;font-semibold text-gray-900&quot;
          &gt;
            Temporal Analysis
          &lt;/h3&gt;
          &lt;span
            class=&quot;text-sm text-gray-600&quot;
          &gt;
            2
             events | Zoom: 
            1.0
            x
          &lt;/span&gt;
        &lt;/div&gt;
        &lt;div
          class=&quot;flex gap-2&quot;
        &gt;
          &lt;button
            class=&quot;px-3 py-1 bg-white border rounded hover:bg-gray-50 text-sm&quot;
          &gt;
            +
          &lt;/button&gt;
          &lt;button
            class=&quot;px-3 py-1 bg-white border rounded hover:bg-gray-50 text-sm&quot;
          &gt;
            -
          &lt;/button&gt;
          &lt;button
            class=&quot;px-3 py-1 bg-white border rounded hover:bg-gray-50 text-sm&quot;
          &gt;
            Reset
          &lt;/button&gt;
        &lt;/div&gt;
      &lt;/div&gt;
      &lt;div
        class=&quot;relative&quot;
      &gt;
        &lt;canvas
          class=&quot;border rounded-lg cursor-crosshair&quot;
          height=&quot;400&quot;
          style=&quot;background-color: white;&quot;
          width=&quot;1000&quot;
        /&gt;
      &lt;/div&gt;
      &lt;div
        class=&quot;mt-4 grid grid-cols-4 gap-4 text-sm&quot;
      &gt;
        &lt;div
          class=&quot;bg-white p-3 rounded-lg border&quot;
        &gt;
          &lt;div
            class=&quot;font-medium text-gray-900&quot;
          &gt;
            Total Events
          &lt;/div&gt;
          &lt;div
            class=&quot;text-2xl font-bold text-blue-600&quot;
          &gt;
            2
          &lt;/div&gt;
        &lt;/div&gt;
        &lt;div
          class=&quot;bg-white p-3 rounded-lg border&quot;
        &gt;
          &lt;div
            class=&quot;font-medium text-gray-900&quot;
          &gt;
            Critical Events
          &lt;/div&gt;
          &lt;div
            class=&quot;text-2xl font-bold text-red-600&quot;
          &gt;
            0
          &lt;/div&gt;
        &lt;/div&gt;
        &lt;div
          class=&quot;bg-white p-3 rounded-lg border&quot;
        &gt;
          &lt;div
            class=&quot;font-medium text-gray-900&quot;
          &gt;
            Event Clusters
          &lt;/div&gt;
          &lt;div
            class=&quot;text-2xl font-bold text-green-600&quot;
          &gt;
            0
          &lt;/div&gt;
        &lt;/div&gt;
        &lt;div
          class=&quot;bg-white p-3 rounded-lg border&quot;
        &gt;
          &lt;div
            class=&quot;font-medium text-gray-900&quot;
          &gt;
            Anomalies
          &lt;/div&gt;
          &lt;div
            class=&quot;text-2xl font-bold text-orange-600&quot;
          &gt;
            0
          &lt;/div&gt;
        &lt;/div&gt;
      &lt;/div&gt;
    &lt;/div&gt;
    &lt;div
      aria-live=&quot;assertive&quot;
      class=&quot;fixed top-4 right-4 z-50 pointer-events-none&quot;
    &gt;
      &lt;div
        class=&quot;flex flex-col space-y-3&quot;
      /&gt;
    &lt;/div&gt;
  &lt;/div&gt;
&lt;/body&gt;
    at Object.getElementError (/app/client/node_modules/@testing-library/dom/dist/config.js:37:19)
    at /app/client/node_modules/@testing-library/dom/dist/query-helpers.js:76:38
    at /app/client/node_modules/@testing-library/dom/dist/query-helpers.js:52:17
    at /app/client/node_modules/@testing-library/dom/dist/query-helpers.js:95:19
    at Object.&lt;anonymous&gt; (/app/client/src/components/timeline/__tests__/TemporalAnalysis.test.tsx:174:32)
    at Promise.finally.completed (/app/client/node_modules/jest-circus/build/jestAdapterInit.js:1556:28)
    at new Promise (&lt;anonymous&gt;)
    at callAsyncCircusFn (/app/client/node_modules/jest-circus/build/jestAdapterInit.js:1496:10)
    at _callCircusTest (/app/client/node_modules/jest-circus/build/jestAdapterInit.js:1006:40)
    at _runTest (/app/client/node_modules/jest-circus/build/jestAdapterInit.js:946:3)
    at _runTestsForDescribeBlock (/app/client/node_modules/jest-circus/build/jestAdapterInit.js:839:13)
    at _runTestsForDescribeBlock (/app/client/node_modules/jest-circus/build/jestAdapterInit.js:829:11)
    at run (/app/client/node_modules/jest-circus/build/jestAdapterInit.js:757:3)
    at runAndTransformResultsToJestFormat (/app/client/node_modules/jest-circus/build/jestAdapterInit.js:1917:21)
    at jestAdapter (/app/client/node_modules/jest-circus/build/runner.js:101:19)
    at runTestInternal (/app/client/node_modules/jest-runner/build/testWorker.js:275:16)
    at runTest (/app/client/node_modules/jest-runner/build/testWorker.js:343:7)
    at Object.worker (/app/client/node_modules/jest-runner/build/testWorker.js:497:12)</failure>
    </testcase>
    <testcase classname="TemporalAnalysis" name="applies custom className" time="0.005">
      <failure>TestingLibraryElementError: Unable to find an element by: [data-testid=&quot;timeline-visualization&quot;]

Ignored nodes: comments, script, style
&lt;body&gt;
  &lt;div&gt;
    &lt;div
      class=&quot;temporal-analysis custom-temporal-class&quot;
    &gt;
      &lt;div
        class=&quot;flex items-center justify-between mb-4 p-3 bg-gray-50 rounded-lg&quot;
      &gt;
        &lt;div
          class=&quot;flex items-center gap-4&quot;
        &gt;
          &lt;h3
            class=&quot;font-semibold text-gray-900&quot;
          &gt;
            Temporal Analysis
          &lt;/h3&gt;
          &lt;span
            class=&quot;text-sm text-gray-600&quot;
          &gt;
            2
             events | Zoom: 
            1.0
            x
          &lt;/span&gt;
        &lt;/div&gt;
        &lt;div
          class=&quot;flex gap-2&quot;
        &gt;
          &lt;button
            class=&quot;px-3 py-1 bg-white border rounded hover:bg-gray-50 text-sm&quot;
          &gt;
            +
          &lt;/button&gt;
          &lt;button
            class=&quot;px-3 py-1 bg-white border rounded hover:bg-gray-50 text-sm&quot;
          &gt;
            -
          &lt;/button&gt;
          &lt;button
            class=&quot;px-3 py-1 bg-white border rounded hover:bg-gray-50 text-sm&quot;
          &gt;
            Reset
          &lt;/button&gt;
        &lt;/div&gt;
      &lt;/div&gt;
      &lt;div
        class=&quot;relative&quot;
      &gt;
        &lt;canvas
          class=&quot;border rounded-lg cursor-crosshair&quot;
          height=&quot;400&quot;
          style=&quot;background-color: white;&quot;
          width=&quot;1000&quot;
        /&gt;
      &lt;/div&gt;
      &lt;div
        class=&quot;mt-4 grid grid-cols-4 gap-4 text-sm&quot;
      &gt;
        &lt;div
          class=&quot;bg-white p-3 rounded-lg border&quot;
        &gt;
          &lt;div
            class=&quot;font-medium text-gray-900&quot;
          &gt;
            Total Events
          &lt;/div&gt;
          &lt;div
            class=&quot;text-2xl font-bold text-blue-600&quot;
          &gt;
            2
          &lt;/div&gt;
        &lt;/div&gt;
        &lt;div
          class=&quot;bg-white p-3 rounded-lg border&quot;
        &gt;
          &lt;div
            class=&quot;font-medium text-gray-900&quot;
          &gt;
            Critical Events
          &lt;/div&gt;
          &lt;div
            class=&quot;text-2xl font-bold text-red-600&quot;
          &gt;
            0
          &lt;/div&gt;
        &lt;/div&gt;
        &lt;div
          class=&quot;bg-white p-3 rounded-lg border&quot;
        &gt;
          &lt;div
            class=&quot;font-medium text-gray-900&quot;
          &gt;
            Event Clusters
          &lt;/div&gt;
          &lt;div
            class=&quot;text-2xl font-bold text-green-600&quot;
          &gt;
            0
          &lt;/div&gt;
        &lt;/div&gt;
        &lt;div
          class=&quot;bg-white p-3 rounded-lg border&quot;
        &gt;
          &lt;div
            class=&quot;font-medium text-gray-900&quot;
          &gt;
            Anomalies
          &lt;/div&gt;
          &lt;div
            class=&quot;text-2xl font-bold text-orange-600&quot;
          &gt;
            0
          &lt;/div&gt;
        &lt;/div&gt;
      &lt;/div&gt;
    &lt;/div&gt;
    &lt;div
      aria-live=&quot;assertive&quot;
      class=&quot;fixed top-4 right-4 z-50 pointer-events-none&quot;
    &gt;
      &lt;div
        class=&quot;flex flex-col space-y-3&quot;
      /&gt;
    &lt;/div&gt;
  &lt;/div&gt;
&lt;/body&gt;
    at Object.getElementError (/app/client/node_modules/@testing-library/dom/dist/config.js:37:19)
    at /app/client/node_modules/@testing-library/dom/dist/query-helpers.js:76:38
    at /app/client/node_modules/@testing-library/dom/dist/query-helpers.js:52:17
    at /app/client/node_modules/@testing-library/dom/dist/query-helpers.js:95:19
    at Object.&lt;anonymous&gt; (/app/client/src/components/timeline/__tests__/TemporalAnalysis.test.tsx:187:30)
    at Promise.finally.completed (/app/client/node_modules/jest-circus/build/jestAdapterInit.js:1556:28)
    at new Promise (&lt;anonymous&gt;)
    at callAsyncCircusFn (/app/client/node_modules/jest-circus/build/jestAdapterInit.js:1496:10)
    at _callCircusTest (/app/client/node_modules/jest-circus/build/jestAdapterInit.js:1006:40)
    at _runTest (/app/client/node_modules/jest-circus/build/jestAdapterInit.js:946:3)
    at _runTestsForDescribeBlock (/app/client/node_modules/jest-circus/build/jestAdapterInit.js:839:13)
    at _runTestsForDescribeBlock (/app/client/node_modules/jest-circus/build/jestAdapterInit.js:829:11)
    at run (/app/client/node_modules/jest-circus/build/jestAdapterInit.js:757:3)
    at runAndTransformResultsToJestFormat (/app/client/node_modules/jest-circus/build/jestAdapterInit.js:1917:21)
    at jestAdapter (/app/client/node_modules/jest-circus/build/runner.js:101:19)
    at runTestInternal (/app/client/node_modules/jest-runner/build/testWorker.js:275:16)
    at runTest (/app/client/node_modules/jest-runner/build/testWorker.js:343:7)
    at Object.worker (/app/client/node_modules/jest-runner/build/testWorker.js:497:12)</failure>
    </testcase>
    <testcase classname="TemporalAnalysis" name="maintains responsive layout" time="0.006">
      <failure>TestingLibraryElementError: Unable to find an element by: [data-testid=&quot;timeline-visualization&quot;]

Ignored nodes: comments, script, style
&lt;body&gt;
  &lt;div&gt;
    &lt;div
      class=&quot;temporal-analysis &quot;
    &gt;
      &lt;div
        class=&quot;flex items-center justify-between mb-4 p-3 bg-gray-50 rounded-lg&quot;
      &gt;
        &lt;div
          class=&quot;flex items-center gap-4&quot;
        &gt;
          &lt;h3
            class=&quot;font-semibold text-gray-900&quot;
          &gt;
            Temporal Analysis
          &lt;/h3&gt;
          &lt;span
            class=&quot;text-sm text-gray-600&quot;
          &gt;
            2
             events | Zoom: 
            1.0
            x
          &lt;/span&gt;
        &lt;/div&gt;
        &lt;div
          class=&quot;flex gap-2&quot;
        &gt;
          &lt;button
            class=&quot;px-3 py-1 bg-white border rounded hover:bg-gray-50 text-sm&quot;
          &gt;
            +
          &lt;/button&gt;
          &lt;button
            class=&quot;px-3 py-1 bg-white border rounded hover:bg-gray-50 text-sm&quot;
          &gt;
            -
          &lt;/button&gt;
          &lt;button
            class=&quot;px-3 py-1 bg-white border rounded hover:bg-gray-50 text-sm&quot;
          &gt;
            Reset
          &lt;/button&gt;
        &lt;/div&gt;
      &lt;/div&gt;
      &lt;div
        class=&quot;relative&quot;
      &gt;
        &lt;canvas
          class=&quot;border rounded-lg cursor-crosshair&quot;
          height=&quot;400&quot;
          style=&quot;background-color: white;&quot;
          width=&quot;1000&quot;
        /&gt;
      &lt;/div&gt;
      &lt;div
        class=&quot;mt-4 grid grid-cols-4 gap-4 text-sm&quot;
      &gt;
        &lt;div
          class=&quot;bg-white p-3 rounded-lg border&quot;
        &gt;
          &lt;div
            class=&quot;font-medium text-gray-900&quot;
          &gt;
            Total Events
          &lt;/div&gt;
          &lt;div
            class=&quot;text-2xl font-bold text-blue-600&quot;
          &gt;
            2
          &lt;/div&gt;
        &lt;/div&gt;
        &lt;div
          class=&quot;bg-white p-3 rounded-lg border&quot;
        &gt;
          &lt;div
            class=&quot;font-medium text-gray-900&quot;
          &gt;
            Critical Events
          &lt;/div&gt;
          &lt;div
            class=&quot;text-2xl font-bold text-red-600&quot;
          &gt;
            0
          &lt;/div&gt;
        &lt;/div&gt;
        &lt;div
          class=&quot;bg-white p-3 rounded-lg border&quot;
        &gt;
          &lt;div
            class=&quot;font-medium text-gray-900&quot;
          &gt;
            Event Clusters
          &lt;/div&gt;
          &lt;div
            class=&quot;text-2xl font-bold text-green-600&quot;
          &gt;
            0
          &lt;/div&gt;
        &lt;/div&gt;
        &lt;div
          class=&quot;bg-white p-3 rounded-lg border&quot;
        &gt;
          &lt;div
            class=&quot;font-medium text-gray-900&quot;
          &gt;
            Anomalies
          &lt;/div&gt;
          &lt;div
            class=&quot;text-2xl font-bold text-orange-600&quot;
          &gt;
            0
          &lt;/div&gt;
        &lt;/div&gt;
      &lt;/div&gt;
    &lt;/div&gt;
    &lt;div
      aria-live=&quot;assertive&quot;
      class=&quot;fixed top-4 right-4 z-50 pointer-events-none&quot;
    &gt;
      &lt;div
        class=&quot;flex flex-col space-y-3&quot;
      /&gt;
    &lt;/div&gt;
  &lt;/div&gt;
&lt;/body&gt;
    at Object.getElementError (/app/client/node_modules/@testing-library/dom/dist/config.js:37:19)
    at /app/client/node_modules/@testing-library/dom/dist/query-helpers.js:76:38
    at /app/client/node_modules/@testing-library/dom/dist/query-helpers.js:52:17
    at /app/client/node_modules/@testing-library/dom/dist/query-helpers.js:95:19
    at Object.&lt;anonymous&gt; (/app/client/src/components/timeline/__tests__/TemporalAnalysis.test.tsx:196:32)
    at Promise.finally.completed (/app/client/node_modules/jest-circus/build/jestAdapterInit.js:1556:28)
    at new Promise (&lt;anonymous&gt;)
    at callAsyncCircusFn (/app/client/node_modules/jest-circus/build/jestAdapterInit.js:1496:10)
    at _callCircusTest (/app/client/node_modules/jest-circus/build/jestAdapterInit.js:1006:40)
    at _runTest (/app/client/node_modules/jest-circus/build/jestAdapterInit.js:946:3)
    at _runTestsForDescribeBlock (/app/client/node_modules/jest-circus/build/jestAdapterInit.js:839:13)
    at _runTestsForDescribeBlock (/app/client/node_modules/jest-circus/build/jestAdapterInit.js:829:11)
    at run (/app/client/node_modules/jest-circus/build/jestAdapterInit.js:757:3)
    at runAndTransformResultsToJestFormat (/app/client/node_modules/jest-circus/build/jestAdapterInit.js:1917:21)
    at jestAdapter (/app/client/node_modules/jest-circus/build/runner.js:101:19)
    at runTestInternal (/app/client/node_modules/jest-runner/build/testWorker.js:275:16)
    at runTest (/app/client/node_modules/jest-runner/build/testWorker.js:343:7)
    at Object.worker (/app/client/node_modules/jest-runner/build/testWorker.js:497:12)</failure>
    </testcase>
    <testcase classname="TemporalAnalysis" name="handles drag interactions" time="0.006">
      <failure>TestingLibraryElementError: Unable to find an element by: [data-testid=&quot;timeline-visualization&quot;]

Ignored nodes: comments, script, style
&lt;body&gt;
  &lt;div&gt;
    &lt;div
      class=&quot;temporal-analysis &quot;
    &gt;
      &lt;div
        class=&quot;flex items-center justify-between mb-4 p-3 bg-gray-50 rounded-lg&quot;
      &gt;
        &lt;div
          class=&quot;flex items-center gap-4&quot;
        &gt;
          &lt;h3
            class=&quot;font-semibold text-gray-900&quot;
          &gt;
            Temporal Analysis
          &lt;/h3&gt;
          &lt;span
            class=&quot;text-sm text-gray-600&quot;
          &gt;
            2
             events | Zoom: 
            1.0
            x
          &lt;/span&gt;
        &lt;/div&gt;
        &lt;div
          class=&quot;flex gap-2&quot;
        &gt;
          &lt;button
            class=&quot;px-3 py-1 bg-white border rounded hover:bg-gray-50 text-sm&quot;
          &gt;
            +
          &lt;/button&gt;
          &lt;button
            class=&quot;px-3 py-1 bg-white border rounded hover:bg-gray-50 text-sm&quot;
          &gt;
            -
          &lt;/button&gt;
          &lt;button
            class=&quot;px-3 py-1 bg-white border rounded hover:bg-gray-50 text-sm&quot;
          &gt;
            Reset
          &lt;/button&gt;
        &lt;/div&gt;
      &lt;/div&gt;
      &lt;div
        class=&quot;relative&quot;
      &gt;
        &lt;canvas
          class=&quot;border rounded-lg cursor-crosshair&quot;
          height=&quot;400&quot;
          style=&quot;background-color: white;&quot;
          width=&quot;1000&quot;
        /&gt;
      &lt;/div&gt;
      &lt;div
        class=&quot;mt-4 grid grid-cols-4 gap-4 text-sm&quot;
      &gt;
        &lt;div
          class=&quot;bg-white p-3 rounded-lg border&quot;
        &gt;
          &lt;div
            class=&quot;font-medium text-gray-900&quot;
          &gt;
            Total Events
          &lt;/div&gt;
          &lt;div
            class=&quot;text-2xl font-bold text-blue-600&quot;
          &gt;
            2
          &lt;/div&gt;
        &lt;/div&gt;
        &lt;div
          class=&quot;bg-white p-3 rounded-lg border&quot;
        &gt;
          &lt;div
            class=&quot;font-medium text-gray-900&quot;
          &gt;
            Critical Events
          &lt;/div&gt;
          &lt;div
            class=&quot;text-2xl font-bold text-red-600&quot;
          &gt;
            0
          &lt;/div&gt;
        &lt;/div&gt;
        &lt;div
          class=&quot;bg-white p-3 rounded-lg border&quot;
        &gt;
          &lt;div
            class=&quot;font-medium text-gray-900&quot;
          &gt;
            Event Clusters
          &lt;/div&gt;
          &lt;div
            class=&quot;text-2xl font-bold text-green-600&quot;
          &gt;
            0
          &lt;/div&gt;
        &lt;/div&gt;
        &lt;div
          class=&quot;bg-white p-3 rounded-lg border&quot;
        &gt;
          &lt;div
            class=&quot;font-medium text-gray-900&quot;
          &gt;
            Anomalies
          &lt;/div&gt;
          &lt;div
            class=&quot;text-2xl font-bold text-orange-600&quot;
          &gt;
            0
          &lt;/div&gt;
        &lt;/div&gt;
      &lt;/div&gt;
    &lt;/div&gt;
    &lt;div
      aria-live=&quot;assertive&quot;
      class=&quot;fixed top-4 right-4 z-50 pointer-events-none&quot;
    &gt;
      &lt;div
        class=&quot;flex flex-col space-y-3&quot;
      /&gt;
    &lt;/div&gt;
  &lt;/div&gt;
&lt;/body&gt;
    at Object.getElementError (/app/client/node_modules/@testing-library/dom/dist/config.js:37:19)
    at /app/client/node_modules/@testing-library/dom/dist/query-helpers.js:76:38
    at /app/client/node_modules/@testing-library/dom/dist/query-helpers.js:52:17
    at /app/client/node_modules/@testing-library/dom/dist/query-helpers.js:95:19
    at Object.&lt;anonymous&gt; (/app/client/src/components/timeline/__tests__/TemporalAnalysis.test.tsx:203:32)
    at Promise.finally.completed (/app/client/node_modules/jest-circus/build/jestAdapterInit.js:1556:28)
    at new Promise (&lt;anonymous&gt;)
    at callAsyncCircusFn (/app/client/node_modules/jest-circus/build/jestAdapterInit.js:1496:10)
    at _callCircusTest (/app/client/node_modules/jest-circus/build/jestAdapterInit.js:1006:40)
    at _runTest (/app/client/node_modules/jest-circus/build/jestAdapterInit.js:946:3)
    at _runTestsForDescribeBlock (/app/client/node_modules/jest-circus/build/jestAdapterInit.js:839:13)
    at _runTestsForDescribeBlock (/app/client/node_modules/jest-circus/build/jestAdapterInit.js:829:11)
    at run (/app/client/node_modules/jest-circus/build/jestAdapterInit.js:757:3)
    at runAndTransformResultsToJestFormat (/app/client/node_modules/jest-circus/build/jestAdapterInit.js:1917:21)
    at jestAdapter (/app/client/node_modules/jest-circus/build/runner.js:101:19)
    at runTestInternal (/app/client/node_modules/jest-runner/build/testWorker.js:275:16)
    at runTest (/app/client/node_modules/jest-runner/build/testWorker.js:343:7)
    at Object.worker (/app/client/node_modules/jest-runner/build/testWorker.js:497:12)</failure>
    </testcase>
    <testcase classname="TemporalAnalysis" name="handles keyboard navigation" time="0.005">
      <failure>TestingLibraryElementError: Unable to find an element by: [data-testid=&quot;timeline-visualization&quot;]

Ignored nodes: comments, script, style
&lt;body&gt;
  &lt;div&gt;
    &lt;div
      class=&quot;temporal-analysis &quot;
    &gt;
      &lt;div
        class=&quot;flex items-center justify-between mb-4 p-3 bg-gray-50 rounded-lg&quot;
      &gt;
        &lt;div
          class=&quot;flex items-center gap-4&quot;
        &gt;
          &lt;h3
            class=&quot;font-semibold text-gray-900&quot;
          &gt;
            Temporal Analysis
          &lt;/h3&gt;
          &lt;span
            class=&quot;text-sm text-gray-600&quot;
          &gt;
            2
             events | Zoom: 
            1.0
            x
          &lt;/span&gt;
        &lt;/div&gt;
        &lt;div
          class=&quot;flex gap-2&quot;
        &gt;
          &lt;button
            class=&quot;px-3 py-1 bg-white border rounded hover:bg-gray-50 text-sm&quot;
          &gt;
            +
          &lt;/button&gt;
          &lt;button
            class=&quot;px-3 py-1 bg-white border rounded hover:bg-gray-50 text-sm&quot;
          &gt;
            -
          &lt;/button&gt;
          &lt;button
            class=&quot;px-3 py-1 bg-white border rounded hover:bg-gray-50 text-sm&quot;
          &gt;
            Reset
          &lt;/button&gt;
        &lt;/div&gt;
      &lt;/div&gt;
      &lt;div
        class=&quot;relative&quot;
      &gt;
        &lt;canvas
          class=&quot;border rounded-lg cursor-crosshair&quot;
          height=&quot;400&quot;
          style=&quot;background-color: white;&quot;
          width=&quot;1000&quot;
        /&gt;
      &lt;/div&gt;
      &lt;div
        class=&quot;mt-4 grid grid-cols-4 gap-4 text-sm&quot;
      &gt;
        &lt;div
          class=&quot;bg-white p-3 rounded-lg border&quot;
        &gt;
          &lt;div
            class=&quot;font-medium text-gray-900&quot;
          &gt;
            Total Events
          &lt;/div&gt;
          &lt;div
            class=&quot;text-2xl font-bold text-blue-600&quot;
          &gt;
            2
          &lt;/div&gt;
        &lt;/div&gt;
        &lt;div
          class=&quot;bg-white p-3 rounded-lg border&quot;
        &gt;
          &lt;div
            class=&quot;font-medium text-gray-900&quot;
          &gt;
            Critical Events
          &lt;/div&gt;
          &lt;div
            class=&quot;text-2xl font-bold text-red-600&quot;
          &gt;
            0
          &lt;/div&gt;
        &lt;/div&gt;
        &lt;div
          class=&quot;bg-white p-3 rounded-lg border&quot;
        &gt;
          &lt;div
            class=&quot;font-medium text-gray-900&quot;
          &gt;
            Event Clusters
          &lt;/div&gt;
          &lt;div
            class=&quot;text-2xl font-bold text-green-600&quot;
          &gt;
            0
          &lt;/div&gt;
        &lt;/div&gt;
        &lt;div
          class=&quot;bg-white p-3 rounded-lg border&quot;
        &gt;
          &lt;div
            class=&quot;font-medium text-gray-900&quot;
          &gt;
            Anomalies
          &lt;/div&gt;
          &lt;div
            class=&quot;text-2xl font-bold text-orange-600&quot;
          &gt;
            0
          &lt;/div&gt;
        &lt;/div&gt;
      &lt;/div&gt;
    &lt;/div&gt;
    &lt;div
      aria-live=&quot;assertive&quot;
      class=&quot;fixed top-4 right-4 z-50 pointer-events-none&quot;
    &gt;
      &lt;div
        class=&quot;flex flex-col space-y-3&quot;
      /&gt;
    &lt;/div&gt;
  &lt;/div&gt;
&lt;/body&gt;
    at Object.getElementError (/app/client/node_modules/@testing-library/dom/dist/config.js:37:19)
    at /app/client/node_modules/@testing-library/dom/dist/query-helpers.js:76:38
    at /app/client/node_modules/@testing-library/dom/dist/query-helpers.js:52:17
    at /app/client/node_modules/@testing-library/dom/dist/query-helpers.js:95:19
    at Object.&lt;anonymous&gt; (/app/client/src/components/timeline/__tests__/TemporalAnalysis.test.tsx:213:32)
    at Promise.finally.completed (/app/client/node_modules/jest-circus/build/jestAdapterInit.js:1556:28)
    at new Promise (&lt;anonymous&gt;)
    at callAsyncCircusFn (/app/client/node_modules/jest-circus/build/jestAdapterInit.js:1496:10)
    at _callCircusTest (/app/client/node_modules/jest-circus/build/jestAdapterInit.js:1006:40)
    at _runTest (/app/client/node_modules/jest-circus/build/jestAdapterInit.js:946:3)
    at _runTestsForDescribeBlock (/app/client/node_modules/jest-circus/build/jestAdapterInit.js:839:13)
    at _runTestsForDescribeBlock (/app/client/node_modules/jest-circus/build/jestAdapterInit.js:829:11)
    at run (/app/client/node_modules/jest-circus/build/jestAdapterInit.js:757:3)
    at runAndTransformResultsToJestFormat (/app/client/node_modules/jest-circus/build/jestAdapterInit.js:1917:21)
    at jestAdapter (/app/client/node_modules/jest-circus/build/runner.js:101:19)
    at runTestInternal (/app/client/node_modules/jest-runner/build/testWorker.js:275:16)
    at runTest (/app/client/node_modules/jest-runner/build/testWorker.js:343:7)
    at Object.worker (/app/client/node_modules/jest-runner/build/testWorker.js:497:12)</failure>
    </testcase>
  </testsuite>
  <testsuite name="LaunchableOrchestrator" errors="0" failures="0" skipped="0" timestamp="2025-12-04T06:53:02" time="1.665" tests="6">
    <testcase classname="LaunchableOrchestrator" name="starts all modules and exposes running statuses" time="0.183">
    </testcase>
    <testcase classname="LaunchableOrchestrator" name="dispatches composite launch task across all modules" time="0.416">
    </testcase>
    <testcase classname="LaunchableOrchestrator" name="surfaces errors when an action is unsupported" time="0.179">
    </testcase>
    <testcase classname="LaunchableOrchestrator" name="surfaces errors when a module is missing" time="0.18">
    </testcase>
    <testcase classname="LaunchableOrchestrator" name="emits task lifecycle events" time="0.22">
    </testcase>
    <testcase classname="LaunchableOrchestrator" name="validates mission presets against the orchestrator catalog" time="0.179">
    </testcase>
  </testsuite>
  <testsuite name="AIGovernanceWidget" errors="0" failures="0" skipped="0" timestamp="2025-12-04T06:53:03" time="2.126" tests="13">
    <testcase classname="AIGovernanceWidget" name="renders the widget title" time="0.099">
    </testcase>
    <testcase classname="AIGovernanceWidget" name="displays the automated validation rate chip" time="0.053">
    </testcase>
    <testcase classname="AIGovernanceWidget" name="renders key metrics section" time="0.056">
    </testcase>
    <testcase classname="AIGovernanceWidget" name="displays the 85% policy validation rate" time="0.053">
    </testcase>
    <testcase classname="AIGovernanceWidget" name="renders agent fleet status section" time="0.048">
    </testcase>
    <testcase classname="AIGovernanceWidget" name="displays all mock fleet agents" time="0.054">
    </testcase>
    <testcase classname="AIGovernanceWidget" name="shows agent status chips" time="0.048">
    </testcase>
    <testcase classname="AIGovernanceWidget" name="displays containment warning when agents are contained" time="0.042">
    </testcase>
    <testcase classname="AIGovernanceWidget" name="handles refresh button click" time="1.122">
    </testcase>
    <testcase classname="AIGovernanceWidget" name="displays compliance percentage for each agent" time="0.068">
    </testcase>
    <testcase classname="AIGovernanceWidget" name="shows incident count for agents with incidents" time="0.045">
    </testcase>
    <testcase classname="AIGovernanceWidget" name="displays response time metric" time="0.041">
    </testcase>
    <testcase classname="AIGovernanceWidget" name="renders with correct accessibility attributes" time="0.047">
    </testcase>
  </testsuite>
  <testsuite name="DsarReviewer" errors="0" failures="1" skipped="0" timestamp="2025-12-04T06:53:05" time="0.329" tests="2">
    <testcase classname="DsarReviewer" name="renders requests and surfaces replay actions" time="0.047">
    </testcase>
    <testcase classname="DsarReviewer" name="shows request details when selected" time="0.02">
      <failure>Error: expect(element).toHaveTextContent()

Expected element to have text content:
  req-2
Received:
  Request ID:
    at Object.&lt;anonymous&gt; (/app/client/src/features/compliance/__tests__/DsarReviewer.test.tsx:48:45)
    at Promise.finally.completed (/app/client/node_modules/jest-circus/build/jestAdapterInit.js:1556:28)
    at new Promise (&lt;anonymous&gt;)
    at callAsyncCircusFn (/app/client/node_modules/jest-circus/build/jestAdapterInit.js:1496:10)
    at _callCircusTest (/app/client/node_modules/jest-circus/build/jestAdapterInit.js:1006:40)
    at processTicksAndRejections (node:internal/process/task_queues:105:5)
    at _runTest (/app/client/node_modules/jest-circus/build/jestAdapterInit.js:946:3)
    at _runTestsForDescribeBlock (/app/client/node_modules/jest-circus/build/jestAdapterInit.js:839:13)
    at _runTestsForDescribeBlock (/app/client/node_modules/jest-circus/build/jestAdapterInit.js:829:11)
    at run (/app/client/node_modules/jest-circus/build/jestAdapterInit.js:757:3)
    at runAndTransformResultsToJestFormat (/app/client/node_modules/jest-circus/build/jestAdapterInit.js:1917:21)
    at jestAdapter (/app/client/node_modules/jest-circus/build/runner.js:101:19)
    at runTestInternal (/app/client/node_modules/jest-runner/build/testWorker.js:275:16)
    at runTest (/app/client/node_modules/jest-runner/build/testWorker.js:343:7)
    at Object.worker (/app/client/node_modules/jest-runner/build/testWorker.js:497:12)</failure>
    </testcase>
  </testsuite>
  <testsuite name="undefined" errors="0" failures="1" skipped="0" timestamp="2025-12-04T06:53:04" time="2.022" tests="1">
    <testcase classname="" name="aborts first stream when a new prompt is sent" time="0.143">
      <failure>TypeError: messagesEndRef.current?.scrollTo is not a function
    at /app/client/src/components/ai-enhanced/EnhancedAIAssistant.tsx:218:29
    at commitHookEffectListMount (/app/client/node_modules/react-dom/cjs/react-dom.development.js:23189:26)
    at commitPassiveMountOnFiber (/app/client/node_modules/react-dom/cjs/react-dom.development.js:24970:11)
    at commitPassiveMountEffects_complete (/app/client/node_modules/react-dom/cjs/react-dom.development.js:24930:9)
    at commitPassiveMountEffects_begin (/app/client/node_modules/react-dom/cjs/react-dom.development.js:24917:7)
    at commitPassiveMountEffects (/app/client/node_modules/react-dom/cjs/react-dom.development.js:24905:3)
    at flushPassiveEffectsImpl (/app/client/node_modules/react-dom/cjs/react-dom.development.js:27078:3)
    at flushPassiveEffects (/app/client/node_modules/react-dom/cjs/react-dom.development.js:27023:14)
    at /app/client/node_modules/react-dom/cjs/react-dom.development.js:26808:9
    at flushActQueue (/app/client/node_modules/react/cjs/react.development.js:2667:24)
    at act (/app/client/node_modules/react/cjs/react.development.js:2582:11)
    at actWithWarning (/app/client/node_modules/react-dom/cjs/react-dom-test-utils.development.js:1740:10)
    at /app/client/node_modules/@testing-library/react/dist/act-compat.js:63:25
    at renderRoot (/app/client/node_modules/@testing-library/react/dist/pure.js:159:26)
    at render (/app/client/node_modules/@testing-library/react/dist/pure.js:246:10)
    at Object.&lt;anonymous&gt; (/app/client/src/components/ai-enhanced/__tests__/assistant.abort.test.tsx:19:9)
    at Promise.finally.completed (/app/client/node_modules/jest-circus/build/jestAdapterInit.js:1556:28)
    at new Promise (&lt;anonymous&gt;)
    at callAsyncCircusFn (/app/client/node_modules/jest-circus/build/jestAdapterInit.js:1496:10)
    at _callCircusTest (/app/client/node_modules/jest-circus/build/jestAdapterInit.js:1006:40)
    at processTicksAndRejections (node:internal/process/task_queues:105:5)
    at _runTest (/app/client/node_modules/jest-circus/build/jestAdapterInit.js:946:3)
    at _runTestsForDescribeBlock (/app/client/node_modules/jest-circus/build/jestAdapterInit.js:839:13)
    at run (/app/client/node_modules/jest-circus/build/jestAdapterInit.js:757:3)
    at runAndTransformResultsToJestFormat (/app/client/node_modules/jest-circus/build/jestAdapterInit.js:1917:21)
    at jestAdapter (/app/client/node_modules/jest-circus/build/runner.js:101:19)
    at runTestInternal (/app/client/node_modules/jest-runner/build/testWorker.js:275:16)
    at runTest (/app/client/node_modules/jest-runner/build/testWorker.js:343:7)
    at Object.worker (/app/client/node_modules/jest-runner/build/testWorker.js:497:12)</failure>
    </testcase>
  </testsuite>
  <testsuite name="undefined" errors="0" failures="1" skipped="0" timestamp="2025-12-04T06:53:06" time="0.134" tests="1">
    <testcase classname="" name="fetch transport streams tokens then done" time="0.001">
      <failure>ReferenceError: TextEncoder is not defined
    at Object.&lt;anonymous&gt; (/app/client/src/lib/assistant/transport.test.ts:21:19)
    at Promise.finally.completed (/app/client/node_modules/jest-circus/build/jestAdapterInit.js:1556:28)
    at new Promise (&lt;anonymous&gt;)
    at callAsyncCircusFn (/app/client/node_modules/jest-circus/build/jestAdapterInit.js:1496:10)
    at _callCircusTest (/app/client/node_modules/jest-circus/build/jestAdapterInit.js:1006:40)
    at processTicksAndRejections (node:internal/process/task_queues:105:5)
    at _runTest (/app/client/node_modules/jest-circus/build/jestAdapterInit.js:946:3)
    at _runTestsForDescribeBlock (/app/client/node_modules/jest-circus/build/jestAdapterInit.js:839:13)
    at run (/app/client/node_modules/jest-circus/build/jestAdapterInit.js:757:3)
    at runAndTransformResultsToJestFormat (/app/client/node_modules/jest-circus/build/jestAdapterInit.js:1917:21)
    at jestAdapter (/app/client/node_modules/jest-circus/build/runner.js:101:19)
    at runTestInternal (/app/client/node_modules/jest-runner/build/testWorker.js:275:16)
    at runTest (/app/client/node_modules/jest-runner/build/testWorker.js:343:7)
    at Object.worker (/app/client/node_modules/jest-runner/build/testWorker.js:497:12)</failure>
    </testcase>
  </testsuite>
  <testsuite name="chunk-boundary invariance" errors="0" failures="5" skipped="0" timestamp="2025-12-04T06:53:06" time="1.921" tests="5">
    <testcase classname="chunk-boundary invariance" name="renders correctly for cuts=[]" time="0.084">
      <failure>TypeError: messagesEndRef.current?.scrollTo is not a function
    at /app/client/src/components/ai-enhanced/EnhancedAIAssistant.tsx:218:29
    at commitHookEffectListMount (/app/client/node_modules/react-dom/cjs/react-dom.development.js:23189:26)
    at commitPassiveMountOnFiber (/app/client/node_modules/react-dom/cjs/react-dom.development.js:24970:11)
    at commitPassiveMountEffects_complete (/app/client/node_modules/react-dom/cjs/react-dom.development.js:24930:9)
    at commitPassiveMountEffects_begin (/app/client/node_modules/react-dom/cjs/react-dom.development.js:24917:7)
    at commitPassiveMountEffects (/app/client/node_modules/react-dom/cjs/react-dom.development.js:24905:3)
    at flushPassiveEffectsImpl (/app/client/node_modules/react-dom/cjs/react-dom.development.js:27078:3)
    at flushPassiveEffects (/app/client/node_modules/react-dom/cjs/react-dom.development.js:27023:14)
    at /app/client/node_modules/react-dom/cjs/react-dom.development.js:26808:9
    at flushActQueue (/app/client/node_modules/react/cjs/react.development.js:2667:24)
    at act (/app/client/node_modules/react/cjs/react.development.js:2582:11)
    at actWithWarning (/app/client/node_modules/react-dom/cjs/react-dom-test-utils.development.js:1740:10)
    at /app/client/node_modules/@testing-library/react/dist/act-compat.js:63:25
    at renderRoot (/app/client/node_modules/@testing-library/react/dist/pure.js:159:26)
    at render (/app/client/node_modules/@testing-library/react/dist/pure.js:246:10)
    at Object.&lt;anonymous&gt; (/app/client/src/components/ai-enhanced/__tests__/assistant.chunking.test.tsx:38:13)
    at Promise.finally.completed (/app/client/node_modules/jest-circus/build/jestAdapterInit.js:1556:28)
    at new Promise (&lt;anonymous&gt;)
    at callAsyncCircusFn (/app/client/node_modules/jest-circus/build/jestAdapterInit.js:1496:10)
    at _callCircusTest (/app/client/node_modules/jest-circus/build/jestAdapterInit.js:1006:40)
    at processTicksAndRejections (node:internal/process/task_queues:105:5)
    at _runTest (/app/client/node_modules/jest-circus/build/jestAdapterInit.js:946:3)
    at _runTestsForDescribeBlock (/app/client/node_modules/jest-circus/build/jestAdapterInit.js:839:13)
    at _runTestsForDescribeBlock (/app/client/node_modules/jest-circus/build/jestAdapterInit.js:829:11)
    at run (/app/client/node_modules/jest-circus/build/jestAdapterInit.js:757:3)
    at runAndTransformResultsToJestFormat (/app/client/node_modules/jest-circus/build/jestAdapterInit.js:1917:21)
    at jestAdapter (/app/client/node_modules/jest-circus/build/runner.js:101:19)
    at runTestInternal (/app/client/node_modules/jest-runner/build/testWorker.js:275:16)
    at runTest (/app/client/node_modules/jest-runner/build/testWorker.js:343:7)
    at Object.worker (/app/client/node_modules/jest-runner/build/testWorker.js:497:12)</failure>
    </testcase>
    <testcase classname="chunk-boundary invariance" name="renders correctly for cuts=[1]" time="0.027">
      <failure>TypeError: messagesEndRef.current?.scrollTo is not a function
    at /app/client/src/components/ai-enhanced/EnhancedAIAssistant.tsx:218:29
    at commitHookEffectListMount (/app/client/node_modules/react-dom/cjs/react-dom.development.js:23189:26)
    at commitPassiveMountOnFiber (/app/client/node_modules/react-dom/cjs/react-dom.development.js:24970:11)
    at commitPassiveMountEffects_complete (/app/client/node_modules/react-dom/cjs/react-dom.development.js:24930:9)
    at commitPassiveMountEffects_begin (/app/client/node_modules/react-dom/cjs/react-dom.development.js:24917:7)
    at commitPassiveMountEffects (/app/client/node_modules/react-dom/cjs/react-dom.development.js:24905:3)
    at flushPassiveEffectsImpl (/app/client/node_modules/react-dom/cjs/react-dom.development.js:27078:3)
    at flushPassiveEffects (/app/client/node_modules/react-dom/cjs/react-dom.development.js:27023:14)
    at /app/client/node_modules/react-dom/cjs/react-dom.development.js:26808:9
    at flushActQueue (/app/client/node_modules/react/cjs/react.development.js:2667:24)
    at act (/app/client/node_modules/react/cjs/react.development.js:2582:11)
    at actWithWarning (/app/client/node_modules/react-dom/cjs/react-dom-test-utils.development.js:1740:10)
    at /app/client/node_modules/@testing-library/react/dist/act-compat.js:63:25
    at renderRoot (/app/client/node_modules/@testing-library/react/dist/pure.js:159:26)
    at render (/app/client/node_modules/@testing-library/react/dist/pure.js:246:10)
    at Object.&lt;anonymous&gt; (/app/client/src/components/ai-enhanced/__tests__/assistant.chunking.test.tsx:38:13)
    at Promise.finally.completed (/app/client/node_modules/jest-circus/build/jestAdapterInit.js:1556:28)
    at new Promise (&lt;anonymous&gt;)
    at callAsyncCircusFn (/app/client/node_modules/jest-circus/build/jestAdapterInit.js:1496:10)
    at _callCircusTest (/app/client/node_modules/jest-circus/build/jestAdapterInit.js:1006:40)
    at processTicksAndRejections (node:internal/process/task_queues:105:5)
    at _runTest (/app/client/node_modules/jest-circus/build/jestAdapterInit.js:946:3)
    at _runTestsForDescribeBlock (/app/client/node_modules/jest-circus/build/jestAdapterInit.js:839:13)
    at _runTestsForDescribeBlock (/app/client/node_modules/jest-circus/build/jestAdapterInit.js:829:11)
    at run (/app/client/node_modules/jest-circus/build/jestAdapterInit.js:757:3)
    at runAndTransformResultsToJestFormat (/app/client/node_modules/jest-circus/build/jestAdapterInit.js:1917:21)
    at jestAdapter (/app/client/node_modules/jest-circus/build/runner.js:101:19)
    at runTestInternal (/app/client/node_modules/jest-runner/build/testWorker.js:275:16)
    at runTest (/app/client/node_modules/jest-runner/build/testWorker.js:343:7)
    at Object.worker (/app/client/node_modules/jest-runner/build/testWorker.js:497:12)</failure>
    </testcase>
    <testcase classname="chunk-boundary invariance" name="renders correctly for cuts=[2,12]" time="0.024">
      <failure>TypeError: messagesEndRef.current?.scrollTo is not a function
    at /app/client/src/components/ai-enhanced/EnhancedAIAssistant.tsx:218:29
    at commitHookEffectListMount (/app/client/node_modules/react-dom/cjs/react-dom.development.js:23189:26)
    at commitPassiveMountOnFiber (/app/client/node_modules/react-dom/cjs/react-dom.development.js:24970:11)
    at commitPassiveMountEffects_complete (/app/client/node_modules/react-dom/cjs/react-dom.development.js:24930:9)
    at commitPassiveMountEffects_begin (/app/client/node_modules/react-dom/cjs/react-dom.development.js:24917:7)
    at commitPassiveMountEffects (/app/client/node_modules/react-dom/cjs/react-dom.development.js:24905:3)
    at flushPassiveEffectsImpl (/app/client/node_modules/react-dom/cjs/react-dom.development.js:27078:3)
    at flushPassiveEffects (/app/client/node_modules/react-dom/cjs/react-dom.development.js:27023:14)
    at /app/client/node_modules/react-dom/cjs/react-dom.development.js:26808:9
    at flushActQueue (/app/client/node_modules/react/cjs/react.development.js:2667:24)
    at act (/app/client/node_modules/react/cjs/react.development.js:2582:11)
    at actWithWarning (/app/client/node_modules/react-dom/cjs/react-dom-test-utils.development.js:1740:10)
    at /app/client/node_modules/@testing-library/react/dist/act-compat.js:63:25
    at renderRoot (/app/client/node_modules/@testing-library/react/dist/pure.js:159:26)
    at render (/app/client/node_modules/@testing-library/react/dist/pure.js:246:10)
    at Object.&lt;anonymous&gt; (/app/client/src/components/ai-enhanced/__tests__/assistant.chunking.test.tsx:38:13)
    at Promise.finally.completed (/app/client/node_modules/jest-circus/build/jestAdapterInit.js:1556:28)
    at new Promise (&lt;anonymous&gt;)
    at callAsyncCircusFn (/app/client/node_modules/jest-circus/build/jestAdapterInit.js:1496:10)
    at _callCircusTest (/app/client/node_modules/jest-circus/build/jestAdapterInit.js:1006:40)
    at processTicksAndRejections (node:internal/process/task_queues:105:5)
    at _runTest (/app/client/node_modules/jest-circus/build/jestAdapterInit.js:946:3)
    at _runTestsForDescribeBlock (/app/client/node_modules/jest-circus/build/jestAdapterInit.js:839:13)
    at _runTestsForDescribeBlock (/app/client/node_modules/jest-circus/build/jestAdapterInit.js:829:11)
    at run (/app/client/node_modules/jest-circus/build/jestAdapterInit.js:757:3)
    at runAndTransformResultsToJestFormat (/app/client/node_modules/jest-circus/build/jestAdapterInit.js:1917:21)
    at jestAdapter (/app/client/node_modules/jest-circus/build/runner.js:101:19)
    at runTestInternal (/app/client/node_modules/jest-runner/build/testWorker.js:275:16)
    at runTest (/app/client/node_modules/jest-runner/build/testWorker.js:343:7)
    at Object.worker (/app/client/node_modules/jest-runner/build/testWorker.js:497:12)</failure>
    </testcase>
    <testcase classname="chunk-boundary invariance" name="renders correctly for cuts=[1,2,3,4]" time="0.032">
      <failure>TypeError: messagesEndRef.current?.scrollTo is not a function
    at /app/client/src/components/ai-enhanced/EnhancedAIAssistant.tsx:218:29
    at commitHookEffectListMount (/app/client/node_modules/react-dom/cjs/react-dom.development.js:23189:26)
    at commitPassiveMountOnFiber (/app/client/node_modules/react-dom/cjs/react-dom.development.js:24970:11)
    at commitPassiveMountEffects_complete (/app/client/node_modules/react-dom/cjs/react-dom.development.js:24930:9)
    at commitPassiveMountEffects_begin (/app/client/node_modules/react-dom/cjs/react-dom.development.js:24917:7)
    at commitPassiveMountEffects (/app/client/node_modules/react-dom/cjs/react-dom.development.js:24905:3)
    at flushPassiveEffectsImpl (/app/client/node_modules/react-dom/cjs/react-dom.development.js:27078:3)
    at flushPassiveEffects (/app/client/node_modules/react-dom/cjs/react-dom.development.js:27023:14)
    at /app/client/node_modules/react-dom/cjs/react-dom.development.js:26808:9
    at flushActQueue (/app/client/node_modules/react/cjs/react.development.js:2667:24)
    at act (/app/client/node_modules/react/cjs/react.development.js:2582:11)
    at actWithWarning (/app/client/node_modules/react-dom/cjs/react-dom-test-utils.development.js:1740:10)
    at /app/client/node_modules/@testing-library/react/dist/act-compat.js:63:25
    at renderRoot (/app/client/node_modules/@testing-library/react/dist/pure.js:159:26)
    at render (/app/client/node_modules/@testing-library/react/dist/pure.js:246:10)
    at Object.&lt;anonymous&gt; (/app/client/src/components/ai-enhanced/__tests__/assistant.chunking.test.tsx:38:13)
    at Promise.finally.completed (/app/client/node_modules/jest-circus/build/jestAdapterInit.js:1556:28)
    at new Promise (&lt;anonymous&gt;)
    at callAsyncCircusFn (/app/client/node_modules/jest-circus/build/jestAdapterInit.js:1496:10)
    at _callCircusTest (/app/client/node_modules/jest-circus/build/jestAdapterInit.js:1006:40)
    at processTicksAndRejections (node:internal/process/task_queues:105:5)
    at _runTest (/app/client/node_modules/jest-circus/build/jestAdapterInit.js:946:3)
    at _runTestsForDescribeBlock (/app/client/node_modules/jest-circus/build/jestAdapterInit.js:839:13)
    at _runTestsForDescribeBlock (/app/client/node_modules/jest-circus/build/jestAdapterInit.js:829:11)
    at run (/app/client/node_modules/jest-circus/build/jestAdapterInit.js:757:3)
    at runAndTransformResultsToJestFormat (/app/client/node_modules/jest-circus/build/jestAdapterInit.js:1917:21)
    at jestAdapter (/app/client/node_modules/jest-circus/build/runner.js:101:19)
    at runTestInternal (/app/client/node_modules/jest-runner/build/testWorker.js:275:16)
    at runTest (/app/client/node_modules/jest-runner/build/testWorker.js:343:7)
    at Object.worker (/app/client/node_modules/jest-runner/build/testWorker.js:497:12)</failure>
    </testcase>
    <testcase classname="chunk-boundary invariance" name="renders correctly for cuts=[5,7,14,18]" time="0.027">
      <failure>TypeError: messagesEndRef.current?.scrollTo is not a function
    at /app/client/src/components/ai-enhanced/EnhancedAIAssistant.tsx:218:29
    at commitHookEffectListMount (/app/client/node_modules/react-dom/cjs/react-dom.development.js:23189:26)
    at commitPassiveMountOnFiber (/app/client/node_modules/react-dom/cjs/react-dom.development.js:24970:11)
    at commitPassiveMountEffects_complete (/app/client/node_modules/react-dom/cjs/react-dom.development.js:24930:9)
    at commitPassiveMountEffects_begin (/app/client/node_modules/react-dom/cjs/react-dom.development.js:24917:7)
    at commitPassiveMountEffects (/app/client/node_modules/react-dom/cjs/react-dom.development.js:24905:3)
    at flushPassiveEffectsImpl (/app/client/node_modules/react-dom/cjs/react-dom.development.js:27078:3)
    at flushPassiveEffects (/app/client/node_modules/react-dom/cjs/react-dom.development.js:27023:14)
    at /app/client/node_modules/react-dom/cjs/react-dom.development.js:26808:9
    at flushActQueue (/app/client/node_modules/react/cjs/react.development.js:2667:24)
    at act (/app/client/node_modules/react/cjs/react.development.js:2582:11)
    at actWithWarning (/app/client/node_modules/react-dom/cjs/react-dom-test-utils.development.js:1740:10)
    at /app/client/node_modules/@testing-library/react/dist/act-compat.js:63:25
    at renderRoot (/app/client/node_modules/@testing-library/react/dist/pure.js:159:26)
    at render (/app/client/node_modules/@testing-library/react/dist/pure.js:246:10)
    at Object.&lt;anonymous&gt; (/app/client/src/components/ai-enhanced/__tests__/assistant.chunking.test.tsx:38:13)
    at Promise.finally.completed (/app/client/node_modules/jest-circus/build/jestAdapterInit.js:1556:28)
    at new Promise (&lt;anonymous&gt;)
    at callAsyncCircusFn (/app/client/node_modules/jest-circus/build/jestAdapterInit.js:1496:10)
    at _callCircusTest (/app/client/node_modules/jest-circus/build/jestAdapterInit.js:1006:40)
    at processTicksAndRejections (node:internal/process/task_queues:105:5)
    at _runTest (/app/client/node_modules/jest-circus/build/jestAdapterInit.js:946:3)
    at _runTestsForDescribeBlock (/app/client/node_modules/jest-circus/build/jestAdapterInit.js:839:13)
    at _runTestsForDescribeBlock (/app/client/node_modules/jest-circus/build/jestAdapterInit.js:829:11)
    at run (/app/client/node_modules/jest-circus/build/jestAdapterInit.js:757:3)
    at runAndTransformResultsToJestFormat (/app/client/node_modules/jest-circus/build/jestAdapterInit.js:1917:21)
    at jestAdapter (/app/client/node_modules/jest-circus/build/runner.js:101:19)
    at runTestInternal (/app/client/node_modules/jest-runner/build/testWorker.js:275:16)
    at runTest (/app/client/node_modules/jest-runner/build/testWorker.js:343:7)
    at Object.worker (/app/client/node_modules/jest-runner/build/testWorker.js:497:12)</failure>
    </testcase>
  </testsuite>
  <testsuite name="LhoDashboard" errors="0" failures="1" skipped="0" timestamp="2025-12-04T06:53:08" time="0.395" tests="2">
    <testcase classname="LhoDashboard" name="renders summary and verifies custody chain" time="0.075">
    </testcase>
    <testcase classname="LhoDashboard" name="shows deterministic diff ordering" time="0.095">
      <failure>Error: expect(received).toEqual(expected) // deep equality

- Expected  - 0
+ Received  + 6

  Array [
    &quot;elasticsearch&quot;,
+   &quot;logs/doc-1&quot;,
    &quot;kafka&quot;,
+   &quot;audit&quot;,
    &quot;lifecycle&quot;,
+   &quot;session-9&quot;,
    &quot;postgres&quot;,
+   &quot;events/42&quot;,
    &quot;s3&quot;,
+   &quot;key-a&quot;,
+   &quot;key-b&quot;,
  ]
    at Object.&lt;anonymous&gt; (/app/client/src/features/lho/LhoDashboard.test.tsx:20:21)
    at Promise.finally.completed (/app/client/node_modules/jest-circus/build/jestAdapterInit.js:1556:28)
    at new Promise (&lt;anonymous&gt;)
    at callAsyncCircusFn (/app/client/node_modules/jest-circus/build/jestAdapterInit.js:1496:10)
    at _callCircusTest (/app/client/node_modules/jest-circus/build/jestAdapterInit.js:1006:40)
    at _runTest (/app/client/node_modules/jest-circus/build/jestAdapterInit.js:946:3)
    at _runTestsForDescribeBlock (/app/client/node_modules/jest-circus/build/jestAdapterInit.js:839:13)
    at _runTestsForDescribeBlock (/app/client/node_modules/jest-circus/build/jestAdapterInit.js:829:11)
    at run (/app/client/node_modules/jest-circus/build/jestAdapterInit.js:757:3)
    at runAndTransformResultsToJestFormat (/app/client/node_modules/jest-circus/build/jestAdapterInit.js:1917:21)
    at jestAdapter (/app/client/node_modules/jest-circus/build/runner.js:101:19)
    at runTestInternal (/app/client/node_modules/jest-runner/build/testWorker.js:275:16)
    at runTest (/app/client/node_modules/jest-runner/build/testWorker.js:343:7)
    at Object.worker (/app/client/node_modules/jest-runner/build/testWorker.js:497:12)</failure>
    </testcase>
  </testsuite>
  <testsuite name="NarrativeBuilder" errors="0" failures="0" skipped="0" timestamp="2025-12-04T06:53:08" time="0.159" tests="1">
    <testcase classname="NarrativeBuilder" name="blocks publish when citations missing" time="0.006">
    </testcase>
  </testsuite>
  <testsuite name="hypothesis store" errors="0" failures="0" skipped="0" timestamp="2025-12-04T06:53:09" time="0.117" tests="1">
    <testcase classname="hypothesis store" name="updates with evidence weight" time="0.001">
    </testcase>
  </testsuite>
  <testsuite name="analyzeText" errors="0" failures="0" skipped="0" timestamp="2025-12-04T06:53:09" time="0.112" tests="2">
    <testcase classname="analyzeText" name="detects emotional language" time="0.002">
    </testcase>
    <testcase classname="analyzeText" name="detects bias phrases" time="0.001">
    </testcase>
  </testsuite>
  <testsuite name="AuditDashboard" errors="0" failures="0" skipped="0" timestamp="2025-12-04T06:53:09" time="0.229" tests="1">
    <testcase classname="AuditDashboard" name="renders logs and resolutions" time="0.023">
    </testcase>
  </testsuite>
  <testsuite name="PresenceAvatars" errors="0" failures="0" skipped="0" timestamp="2025-12-04T06:53:09" time="0.296" tests="1">
    <testcase classname="PresenceAvatars" name="renders user initials" time="0.01">
    </testcase>
  </testsuite>
  <testsuite name="undefined" errors="0" failures="0" skipped="0" timestamp="2025-12-04T06:53:09" time="0.352" tests="1">
    <testcase classname="" name="renders IntelGraph test app content" time="0.054">
    </testcase>
  </testsuite>
  <testsuite name="undefined" errors="0" failures="0" skipped="0" timestamp="2025-12-04T06:53:10" time="0.209" tests="1">
    <testcase classname="" name="renders IntelGraph test app content" time="0.037">
    </testcase>
  </testsuite>
  <testsuite name="undefined" errors="0" failures="0" skipped="0" timestamp="2025-12-04T06:53:10" time="0.146" tests="1">
    <testcase classname="" name="mounts TestApp without crashing" time="0.008">
    </testcase>
  </testsuite>
  <testsuite name="undefined" errors="0" failures="0" skipped="0" timestamp="2025-12-04T06:53:10" time="0.147" tests="1">
    <testcase classname="" name="mounts TestApp without crashing" time="0.017">
    </testcase>
  </testsuite>
  <testsuite name="ThreatIntelligenceHub" errors="0" failures="13" skipped="0" timestamp="2025-12-04T06:52:52" time="63.353" tests="25">
    <testcase classname="ThreatIntelligenceHub" name="renders threat intelligence hub header" time="0.207">
    </testcase>
    <testcase classname="ThreatIntelligenceHub" name="renders view tabs" time="0.031">
    </testcase>
    <testcase classname="ThreatIntelligenceHub" name="renders search and filters" time="0.023">
    </testcase>
    <testcase classname="ThreatIntelligenceHub" name="displays indicators by default" time="0.033">
    </testcase>
    <testcase classname="ThreatIntelligenceHub" name="switches between view tabs" time="5.006">
      <failure>Error: thrown: &quot;Exceeded timeout of 5000 ms for a test.
Add a timeout value to this test to increase the timeout, if this is a long-running test. See https://jestjs.io/docs/api#testname-fn-timeout.&quot;
    at /app/client/src/components/intelligence/__tests__/ThreatIntelligenceHub.test.tsx:64:3
    at _dispatchDescribe (/app/client/node_modules/jest-circus/build/jestAdapterInit.js:604:26)
    at describe (/app/client/node_modules/jest-circus/build/jestAdapterInit.js:572:44)
    at Object.&lt;anonymous&gt; (/app/client/src/components/intelligence/__tests__/ThreatIntelligenceHub.test.tsx:13:1)
    at Runtime._execModule (/app/client/node_modules/jest-runtime/build/index.js:1268:24)
    at Runtime._loadModule (/app/client/node_modules/jest-runtime/build/index.js:944:12)
    at Runtime.requireModule (/app/client/node_modules/jest-runtime/build/index.js:832:12)
    at jestAdapter (/app/client/node_modules/jest-circus/build/runner.js:95:13)
    at processTicksAndRejections (node:internal/process/task_queues:105:5)
    at runTestInternal (/app/client/node_modules/jest-runner/build/testWorker.js:275:16)
    at runTest (/app/client/node_modules/jest-runner/build/testWorker.js:343:7)
    at Object.worker (/app/client/node_modules/jest-runner/build/testWorker.js:497:12)</failure>
    </testcase>
    <testcase classname="ThreatIntelligenceHub" name="filters indicators by search query" time="5.006">
      <failure>Error: thrown: &quot;Exceeded timeout of 5000 ms for a test.
Add a timeout value to this test to increase the timeout, if this is a long-running test. See https://jestjs.io/docs/api#testname-fn-timeout.&quot;
    at /app/client/src/components/intelligence/__tests__/ThreatIntelligenceHub.test.tsx:84:3
    at _dispatchDescribe (/app/client/node_modules/jest-circus/build/jestAdapterInit.js:604:26)
    at describe (/app/client/node_modules/jest-circus/build/jestAdapterInit.js:572:44)
    at Object.&lt;anonymous&gt; (/app/client/src/components/intelligence/__tests__/ThreatIntelligenceHub.test.tsx:13:1)
    at Runtime._execModule (/app/client/node_modules/jest-runtime/build/index.js:1268:24)
    at Runtime._loadModule (/app/client/node_modules/jest-runtime/build/index.js:944:12)
    at Runtime.requireModule (/app/client/node_modules/jest-runtime/build/index.js:832:12)
    at jestAdapter (/app/client/node_modules/jest-circus/build/runner.js:95:13)
    at processTicksAndRejections (node:internal/process/task_queues:105:5)
    at runTestInternal (/app/client/node_modules/jest-runner/build/testWorker.js:275:16)
    at runTest (/app/client/node_modules/jest-runner/build/testWorker.js:343:7)
    at Object.worker (/app/client/node_modules/jest-runner/build/testWorker.js:497:12)</failure>
    </testcase>
    <testcase classname="ThreatIntelligenceHub" name="filters indicators by severity" time="5.005">
      <failure>Error: thrown: &quot;Exceeded timeout of 5000 ms for a test.
Add a timeout value to this test to increase the timeout, if this is a long-running test. See https://jestjs.io/docs/api#testname-fn-timeout.&quot;
    at /app/client/src/components/intelligence/__tests__/ThreatIntelligenceHub.test.tsx:98:3
    at _dispatchDescribe (/app/client/node_modules/jest-circus/build/jestAdapterInit.js:604:26)
    at describe (/app/client/node_modules/jest-circus/build/jestAdapterInit.js:572:44)
    at Object.&lt;anonymous&gt; (/app/client/src/components/intelligence/__tests__/ThreatIntelligenceHub.test.tsx:13:1)
    at Runtime._execModule (/app/client/node_modules/jest-runtime/build/index.js:1268:24)
    at Runtime._loadModule (/app/client/node_modules/jest-runtime/build/index.js:944:12)
    at Runtime.requireModule (/app/client/node_modules/jest-runtime/build/index.js:832:12)
    at jestAdapter (/app/client/node_modules/jest-circus/build/runner.js:95:13)
    at processTicksAndRejections (node:internal/process/task_queues:105:5)
    at runTestInternal (/app/client/node_modules/jest-runner/build/testWorker.js:275:16)
    at runTest (/app/client/node_modules/jest-runner/build/testWorker.js:343:7)
    at Object.worker (/app/client/node_modules/jest-runner/build/testWorker.js:497:12)</failure>
    </testcase>
    <testcase classname="ThreatIntelligenceHub" name="filters indicators by type" time="5.004">
      <failure>Error: thrown: &quot;Exceeded timeout of 5000 ms for a test.
Add a timeout value to this test to increase the timeout, if this is a long-running test. See https://jestjs.io/docs/api#testname-fn-timeout.&quot;
    at /app/client/src/components/intelligence/__tests__/ThreatIntelligenceHub.test.tsx:110:3
    at _dispatchDescribe (/app/client/node_modules/jest-circus/build/jestAdapterInit.js:604:26)
    at describe (/app/client/node_modules/jest-circus/build/jestAdapterInit.js:572:44)
    at Object.&lt;anonymous&gt; (/app/client/src/components/intelligence/__tests__/ThreatIntelligenceHub.test.tsx:13:1)
    at Runtime._execModule (/app/client/node_modules/jest-runtime/build/index.js:1268:24)
    at Runtime._loadModule (/app/client/node_modules/jest-runtime/build/index.js:944:12)
    at Runtime.requireModule (/app/client/node_modules/jest-runtime/build/index.js:832:12)
    at jestAdapter (/app/client/node_modules/jest-circus/build/runner.js:95:13)
    at processTicksAndRejections (node:internal/process/task_queues:105:5)
    at runTestInternal (/app/client/node_modules/jest-runner/build/testWorker.js:275:16)
    at runTest (/app/client/node_modules/jest-runner/build/testWorker.js:343:7)
    at Object.worker (/app/client/node_modules/jest-runner/build/testWorker.js:497:12)</failure>
    </testcase>
    <testcase classname="ThreatIntelligenceHub" name="selects indicator and shows details" time="5.002">
      <failure>Error: thrown: &quot;Exceeded timeout of 5000 ms for a test.
Add a timeout value to this test to increase the timeout, if this is a long-running test. See https://jestjs.io/docs/api#testname-fn-timeout.&quot;
    at /app/client/src/components/intelligence/__tests__/ThreatIntelligenceHub.test.tsx:122:3
    at _dispatchDescribe (/app/client/node_modules/jest-circus/build/jestAdapterInit.js:604:26)
    at describe (/app/client/node_modules/jest-circus/build/jestAdapterInit.js:572:44)
    at Object.&lt;anonymous&gt; (/app/client/src/components/intelligence/__tests__/ThreatIntelligenceHub.test.tsx:13:1)
    at Runtime._execModule (/app/client/node_modules/jest-runtime/build/index.js:1268:24)
    at Runtime._loadModule (/app/client/node_modules/jest-runtime/build/index.js:944:12)
    at Runtime.requireModule (/app/client/node_modules/jest-runtime/build/index.js:832:12)
    at jestAdapter (/app/client/node_modules/jest-circus/build/runner.js:95:13)
    at processTicksAndRejections (node:internal/process/task_queues:105:5)
    at runTestInternal (/app/client/node_modules/jest-runner/build/testWorker.js:275:16)
    at runTest (/app/client/node_modules/jest-runner/build/testWorker.js:343:7)
    at Object.worker (/app/client/node_modules/jest-runner/build/testWorker.js:497:12)</failure>
    </testcase>
    <testcase classname="ThreatIntelligenceHub" name="calls indicator select callback" time="5.004">
      <failure>Error: thrown: &quot;Exceeded timeout of 5000 ms for a test.
Add a timeout value to this test to increase the timeout, if this is a long-running test. See https://jestjs.io/docs/api#testname-fn-timeout.&quot;
    at /app/client/src/components/intelligence/__tests__/ThreatIntelligenceHub.test.tsx:141:3
    at _dispatchDescribe (/app/client/node_modules/jest-circus/build/jestAdapterInit.js:604:26)
    at describe (/app/client/node_modules/jest-circus/build/jestAdapterInit.js:572:44)
    at Object.&lt;anonymous&gt; (/app/client/src/components/intelligence/__tests__/ThreatIntelligenceHub.test.tsx:13:1)
    at Runtime._execModule (/app/client/node_modules/jest-runtime/build/index.js:1268:24)
    at Runtime._loadModule (/app/client/node_modules/jest-runtime/build/index.js:944:12)
    at Runtime.requireModule (/app/client/node_modules/jest-runtime/build/index.js:832:12)
    at jestAdapter (/app/client/node_modules/jest-circus/build/runner.js:95:13)
    at processTicksAndRejections (node:internal/process/task_queues:105:5)
    at runTestInternal (/app/client/node_modules/jest-runner/build/testWorker.js:275:16)
    at runTest (/app/client/node_modules/jest-runner/build/testWorker.js:343:7)
    at Object.worker (/app/client/node_modules/jest-runner/build/testWorker.js:497:12)</failure>
    </testcase>
    <testcase classname="ThreatIntelligenceHub" name="calls campaign select callback" time="5.004">
      <failure>Error: thrown: &quot;Exceeded timeout of 5000 ms for a test.
Add a timeout value to this test to increase the timeout, if this is a long-running test. See https://jestjs.io/docs/api#testname-fn-timeout.&quot;
    at /app/client/src/components/intelligence/__tests__/ThreatIntelligenceHub.test.tsx:162:3
    at _dispatchDescribe (/app/client/node_modules/jest-circus/build/jestAdapterInit.js:604:26)
    at describe (/app/client/node_modules/jest-circus/build/jestAdapterInit.js:572:44)
    at Object.&lt;anonymous&gt; (/app/client/src/components/intelligence/__tests__/ThreatIntelligenceHub.test.tsx:13:1)
    at Runtime._execModule (/app/client/node_modules/jest-runtime/build/index.js:1268:24)
    at Runtime._loadModule (/app/client/node_modules/jest-runtime/build/index.js:944:12)
    at Runtime.requireModule (/app/client/node_modules/jest-runtime/build/index.js:832:12)
    at jestAdapter (/app/client/node_modules/jest-circus/build/runner.js:95:13)
    at processTicksAndRejections (node:internal/process/task_queues:105:5)
    at runTestInternal (/app/client/node_modules/jest-runner/build/testWorker.js:275:16)
    at runTest (/app/client/node_modules/jest-runner/build/testWorker.js:343:7)
    at Object.worker (/app/client/node_modules/jest-runner/build/testWorker.js:497:12)</failure>
    </testcase>
    <testcase classname="ThreatIntelligenceHub" name="calls actor select callback" time="5.005">
      <failure>Error: thrown: &quot;Exceeded timeout of 5000 ms for a test.
Add a timeout value to this test to increase the timeout, if this is a long-running test. See https://jestjs.io/docs/api#testname-fn-timeout.&quot;
    at /app/client/src/components/intelligence/__tests__/ThreatIntelligenceHub.test.tsx:186:3
    at _dispatchDescribe (/app/client/node_modules/jest-circus/build/jestAdapterInit.js:604:26)
    at describe (/app/client/node_modules/jest-circus/build/jestAdapterInit.js:572:44)
    at Object.&lt;anonymous&gt; (/app/client/src/components/intelligence/__tests__/ThreatIntelligenceHub.test.tsx:13:1)
    at Runtime._execModule (/app/client/node_modules/jest-runtime/build/index.js:1268:24)
    at Runtime._loadModule (/app/client/node_modules/jest-runtime/build/index.js:944:12)
    at Runtime.requireModule (/app/client/node_modules/jest-runtime/build/index.js:832:12)
    at jestAdapter (/app/client/node_modules/jest-circus/build/runner.js:95:13)
    at processTicksAndRejections (node:internal/process/task_queues:105:5)
    at runTestInternal (/app/client/node_modules/jest-runner/build/testWorker.js:275:16)
    at runTest (/app/client/node_modules/jest-runner/build/testWorker.js:343:7)
    at Object.worker (/app/client/node_modules/jest-runner/build/testWorker.js:497:12)</failure>
    </testcase>
    <testcase classname="ThreatIntelligenceHub" name="handles investigation ID prop" time="0.023">
    </testcase>
    <testcase classname="ThreatIntelligenceHub" name="displays severity colors correctly" time="0.024">
    </testcase>
    <testcase classname="ThreatIntelligenceHub" name="displays indicator type icons" time="0.021">
    </testcase>
    <testcase classname="ThreatIntelligenceHub" name="shows last updated timestamp" time="0.018">
    </testcase>
    <testcase classname="ThreatIntelligenceHub" name="handles auto-refresh when enabled" time="0.022">
      <failure>ReferenceError: act is not defined
    at Object.&lt;anonymous&gt; (/app/client/src/components/intelligence/__tests__/ThreatIntelligenceHub.test.tsx:243:5)
    at Promise.finally.completed (/app/client/node_modules/jest-circus/build/jestAdapterInit.js:1556:28)
    at new Promise (&lt;anonymous&gt;)
    at callAsyncCircusFn (/app/client/node_modules/jest-circus/build/jestAdapterInit.js:1496:10)
    at _callCircusTest (/app/client/node_modules/jest-circus/build/jestAdapterInit.js:1006:40)
    at _runTest (/app/client/node_modules/jest-circus/build/jestAdapterInit.js:946:3)
    at _runTestsForDescribeBlock (/app/client/node_modules/jest-circus/build/jestAdapterInit.js:839:13)
    at _runTestsForDescribeBlock (/app/client/node_modules/jest-circus/build/jestAdapterInit.js:829:11)
    at run (/app/client/node_modules/jest-circus/build/jestAdapterInit.js:757:3)
    at runAndTransformResultsToJestFormat (/app/client/node_modules/jest-circus/build/jestAdapterInit.js:1917:21)
    at jestAdapter (/app/client/node_modules/jest-circus/build/runner.js:101:19)
    at runTestInternal (/app/client/node_modules/jest-runner/build/testWorker.js:275:16)
    at runTest (/app/client/node_modules/jest-runner/build/testWorker.js:343:7)
    at Object.worker (/app/client/node_modules/jest-runner/build/testWorker.js:497:12)</failure>
    </testcase>
    <testcase classname="ThreatIntelligenceHub" name="displays feed status information" time="5.002">
      <failure>Error: thrown: &quot;Exceeded timeout of 5000 ms for a test.
Add a timeout value to this test to increase the timeout, if this is a long-running test. See https://jestjs.io/docs/api#testname-fn-timeout.&quot;
    at /app/client/src/components/intelligence/__tests__/ThreatIntelligenceHub.test.tsx:251:3
    at _dispatchDescribe (/app/client/node_modules/jest-circus/build/jestAdapterInit.js:604:26)
    at describe (/app/client/node_modules/jest-circus/build/jestAdapterInit.js:572:44)
    at Object.&lt;anonymous&gt; (/app/client/src/components/intelligence/__tests__/ThreatIntelligenceHub.test.tsx:13:1)
    at Runtime._execModule (/app/client/node_modules/jest-runtime/build/index.js:1268:24)
    at Runtime._loadModule (/app/client/node_modules/jest-runtime/build/index.js:944:12)
    at Runtime.requireModule (/app/client/node_modules/jest-runtime/build/index.js:832:12)
    at jestAdapter (/app/client/node_modules/jest-circus/build/runner.js:95:13)
    at processTicksAndRejections (node:internal/process/task_queues:105:5)
    at runTestInternal (/app/client/node_modules/jest-runner/build/testWorker.js:275:16)
    at runTest (/app/client/node_modules/jest-runner/build/testWorker.js:343:7)
    at Object.worker (/app/client/node_modules/jest-runner/build/testWorker.js:497:12)</failure>
    </testcase>
    <testcase classname="ThreatIntelligenceHub" name="applies custom className" time="0.021">
    </testcase>
    <testcase classname="ThreatIntelligenceHub" name="handles empty search results" time="5.002">
      <failure>Error: thrown: &quot;Exceeded timeout of 5000 ms for a test.
Add a timeout value to this test to increase the timeout, if this is a long-running test. See https://jestjs.io/docs/api#testname-fn-timeout.&quot;
    at /app/client/src/components/intelligence/__tests__/ThreatIntelligenceHub.test.tsx:278:3
    at _dispatchDescribe (/app/client/node_modules/jest-circus/build/jestAdapterInit.js:604:26)
    at describe (/app/client/node_modules/jest-circus/build/jestAdapterInit.js:572:44)
    at Object.&lt;anonymous&gt; (/app/client/src/components/intelligence/__tests__/ThreatIntelligenceHub.test.tsx:13:1)
    at Runtime._execModule (/app/client/node_modules/jest-runtime/build/index.js:1268:24)
    at Runtime._loadModule (/app/client/node_modules/jest-runtime/build/index.js:944:12)
    at Runtime.requireModule (/app/client/node_modules/jest-runtime/build/index.js:832:12)
    at jestAdapter (/app/client/node_modules/jest-circus/build/runner.js:95:13)
    at processTicksAndRejections (node:internal/process/task_queues:105:5)
    at runTestInternal (/app/client/node_modules/jest-runner/build/testWorker.js:275:16)
    at runTest (/app/client/node_modules/jest-runner/build/testWorker.js:343:7)
    at Object.worker (/app/client/node_modules/jest-runner/build/testWorker.js:497:12)</failure>
    </testcase>
    <testcase classname="ThreatIntelligenceHub" name="displays indicator context information" time="5.004">
      <failure>Error: thrown: &quot;Exceeded timeout of 5000 ms for a test.
Add a timeout value to this test to increase the timeout, if this is a long-running test. See https://jestjs.io/docs/api#testname-fn-timeout.&quot;
    at /app/client/src/components/intelligence/__tests__/ThreatIntelligenceHub.test.tsx:291:3
    at _dispatchDescribe (/app/client/node_modules/jest-circus/build/jestAdapterInit.js:604:26)
    at describe (/app/client/node_modules/jest-circus/build/jestAdapterInit.js:572:44)
    at Object.&lt;anonymous&gt; (/app/client/src/components/intelligence/__tests__/ThreatIntelligenceHub.test.tsx:13:1)
    at Runtime._execModule (/app/client/node_modules/jest-runtime/build/index.js:1268:24)
    at Runtime._loadModule (/app/client/node_modules/jest-runtime/build/index.js:944:12)
    at Runtime.requireModule (/app/client/node_modules/jest-runtime/build/index.js:832:12)
    at jestAdapter (/app/client/node_modules/jest-circus/build/runner.js:95:13)
    at processTicksAndRejections (node:internal/process/task_queues:105:5)
    at runTestInternal (/app/client/node_modules/jest-runner/build/testWorker.js:275:16)
    at runTest (/app/client/node_modules/jest-runner/build/testWorker.js:343:7)
    at Object.worker (/app/client/node_modules/jest-runner/build/testWorker.js:497:12)</failure>
    </testcase>
    <testcase classname="ThreatIntelligenceHub" name="shows indicator confidence scores" time="0.022">
    </testcase>
    <testcase classname="ThreatIntelligenceHub" name="handles component cleanup on unmount" time="0.016">
    </testcase>
    <testcase classname="ThreatIntelligenceHub" name="supports keyboard navigation" time="0.019">
    </testcase>
    <testcase classname="ThreatIntelligenceHub" name="updates counters in tab labels" time="5.003">
      <failure>Error: thrown: &quot;Exceeded timeout of 5000 ms for a test.
Add a timeout value to this test to increase the timeout, if this is a long-running test. See https://jestjs.io/docs/api#testname-fn-timeout.&quot;
    at /app/client/src/components/intelligence/__tests__/ThreatIntelligenceHub.test.tsx:338:3
    at _dispatchDescribe (/app/client/node_modules/jest-circus/build/jestAdapterInit.js:604:26)
    at describe (/app/client/node_modules/jest-circus/build/jestAdapterInit.js:572:44)
    at Object.&lt;anonymous&gt; (/app/client/src/components/intelligence/__tests__/ThreatIntelligenceHub.test.tsx:13:1)
    at Runtime._execModule (/app/client/node_modules/jest-runtime/build/index.js:1268:24)
    at Runtime._loadModule (/app/client/node_modules/jest-runtime/build/index.js:944:12)
    at Runtime.requireModule (/app/client/node_modules/jest-runtime/build/index.js:832:12)
    at jestAdapter (/app/client/node_modules/jest-circus/build/runner.js:95:13)
    at processTicksAndRejections (node:internal/process/task_queues:105:5)
    at runTestInternal (/app/client/node_modules/jest-runner/build/testWorker.js:275:16)
    at runTest (/app/client/node_modules/jest-runner/build/testWorker.js:343:7)
    at Object.worker (/app/client/node_modules/jest-runner/build/testWorker.js:497:12)</failure>
    </testcase>
  </testsuite>
</testsuites>