<?xml version="1.0" encoding="UTF-8"?>
<testsuites name="jest tests" tests="298" failures="110" errors="0" time="64.994">
  <testsuite name="ApprovalsList" errors="0" failures="1" skipped="0" timestamp="2025-12-25T04:35:35" time="10.609" tests="4">
    <testcase classname="ApprovalsList" name="shows loading state while fetching" time="0.117">
    </testcase>
    <testcase classname="ApprovalsList" name="renders empty state when no approvals are returned" time="0.142">
    </testcase>
    <testcase classname="ApprovalsList" name="renders error state when the queue fails to load" time="0.186">
    </testcase>
    <testcase classname="ApprovalsList" name="requires rationale before approving or denying" time="0.496">
      <failure>TestingLibraryElementError: Unable to find an accessible element with the role &quot;button&quot; and name `/approve/i`

Here are the accessible roles:

  heading:

  Name &quot;Approval queue&quot;:
  &lt;h6
    class=&quot;MuiTypography-root MuiTypography-h6 css-1miy0lu-MuiTypography-root&quot;
  /&gt;

  Name &quot;Select a request to review the details.&quot;:
  &lt;h6
    class=&quot;MuiTypography-root MuiTypography-subtitle1 css-1i3tsf3-MuiTypography-root&quot;
  /&gt;

  --------------------------------------------------
  button:

  Name &quot;Refresh&quot;:
  &lt;button
    class=&quot;MuiButtonBase-root MuiButton-root MuiButton-outlined MuiButton-outlinedPrimary MuiButton-sizeMedium MuiButton-outlinedSizeMedium MuiButton-colorPrimary MuiButton-root MuiButton-outlined MuiButton-outlinedPrimary MuiButton-sizeMedium MuiButton-outlinedSizeMedium MuiButton-colorPrimary css-1blvszr-MuiButtonBase-root-MuiButton-root&quot;
    tabindex=&quot;0&quot;
    type=&quot;button&quot;
  /&gt;

  Name &quot;Pause production pipeline Requested by alice Submitted 12/31/2024, 5:00:00 PM High blast radius Audit receipt&quot;:
  &lt;div
    class=&quot;MuiButtonBase-root MuiListItemButton-root MuiListItemButton-gutters MuiListItemButton-alignItemsFlexStart MuiListItemButton-root MuiListItemButton-gutters MuiListItemButton-alignItemsFlexStart css-bsdvlr-MuiButtonBase-root-MuiListItemButton-root&quot;
    data-testid=&quot;approval-row-appr-1&quot;
    role=&quot;button&quot;
    tabindex=&quot;0&quot;
  /&gt;

  --------------------------------------------------
  list:

  Name &quot;&quot;:
  &lt;ul
    class=&quot;MuiList-root css-54zhjy-MuiList-root&quot;
  /&gt;

  --------------------------------------------------
  separator:

  Name &quot;&quot;:
  &lt;li
    aria-orientation=&quot;horizontal&quot;
    class=&quot;MuiDivider-root MuiDivider-fullWidth css-1jpc804-MuiDivider-root&quot;
    role=&quot;separator&quot;
  /&gt;

  --------------------------------------------------

Ignored nodes: comments, script, style
&lt;body&gt;
  &lt;div&gt;
    &lt;div
      class=&quot;MuiPaper-root MuiPaper-elevation MuiPaper-rounded MuiPaper-elevation0 css-bwzitw-MuiPaper-root&quot;
      style=&quot;--Paper-shadow: none;&quot;
    &gt;
      &lt;div
        class=&quot;MuiStack-root css-eggeq0-MuiStack-root&quot;
      &gt;
        &lt;div
          class=&quot;MuiStack-root css-kdc3n8-MuiStack-root&quot;
        &gt;
          &lt;svg
            aria-hidden=&quot;true&quot;
            class=&quot;MuiSvgIcon-root MuiSvgIcon-colorPrimary MuiSvgIcon-fontSizeMedium css-1wtp6o0-MuiSvgIcon-root&quot;
            data-testid=&quot;WarningAmberIcon&quot;
            focusable=&quot;false&quot;
            viewBox=&quot;0 0 24 24&quot;
          &gt;
            &lt;path
              d=&quot;M12 5.99 19.53 19H4.47zM12 2 1 21h22z&quot;
            /&gt;
            &lt;path
              d=&quot;M13 16h-2v2h2zm0-6h-2v5h2z&quot;
            /&gt;
          &lt;/svg&gt;
          &lt;div
            class=&quot;MuiBox-root css-0&quot;
          &gt;
            &lt;h6
              class=&quot;MuiTypography-root MuiTypography-h6 css-1miy0lu-MuiTypography-root&quot;
            &gt;
              Approval queue
            &lt;/h6&gt;
            &lt;p
              class=&quot;MuiTypography-root MuiTypography-body2 css-1wle3ir-MuiTypography-root&quot;
            &gt;
              High-risk automation steps are paused until an operator records a decision.
            &lt;/p&gt;
          &lt;/div&gt;
        &lt;/div&gt;
        &lt;button
          class=&quot;MuiButtonBase-root MuiButton-root MuiButton-outlined MuiButton-outlinedPrimary MuiButton-sizeMedium MuiButton-outlinedSizeMedium MuiButton-colorPrimary MuiButton-root MuiButton-outlined MuiButton-outlinedPrimary MuiButton-sizeMedium MuiButton-outlinedSizeMedium MuiButton-colorPrimary css-1blvszr-MuiButtonBase-root-MuiButton-root&quot;
          tabindex=&quot;0&quot;
          type=&quot;button&quot;
        &gt;
          &lt;span
            class=&quot;MuiButton-icon MuiButton-startIcon MuiButton-iconSizeMedium css-1sh91j5-MuiButton-startIcon&quot;
          &gt;
            &lt;svg
              aria-hidden=&quot;true&quot;
              class=&quot;MuiSvgIcon-root MuiSvgIcon-fontSizeMedium css-1umw9bq-MuiSvgIcon-root&quot;
              data-testid=&quot;RefreshIcon&quot;
              focusable=&quot;false&quot;
              viewBox=&quot;0 0 24 24&quot;
            &gt;
              &lt;path
                d=&quot;M17.65 6.35C16.2 4.9 14.21 4 12 4c-4.42 0-7.99 3.58-7.99 8s3.57 8 7.99 8c3.73 0 6.84-2.55 7.73-6h-2.08c-.82 2.33-3.04 4-5.65 4-3.31 0-6-2.69-6-6s2.69-6 6-6c1.66 0 3.14.69 4.22 1.78L13 11h7V4z&quot;
              /&gt;
            &lt;/svg&gt;
          &lt;/span&gt;
          Refresh
        &lt;/button&gt;
      &lt;/div&gt;
      &lt;div
        class=&quot;MuiGrid-root MuiGrid-container MuiGrid-direction-xs-row MuiGrid-spacing-xs-2 css-1lkentr-MuiGrid-root&quot;
      &gt;
        &lt;div
          class=&quot;MuiGrid-root MuiGrid-direction-xs-row css-17fpwt7-MuiGrid-root&quot;
        &gt;
          &lt;div
            class=&quot;MuiPaper-root MuiPaper-outlined MuiPaper-rounded css-1wwjh30-MuiPaper-root&quot;
          &gt;
            &lt;ul
              class=&quot;MuiList-root css-54zhjy-MuiList-root&quot;
            &gt;
              &lt;div
                class=&quot;MuiButtonBase-root MuiListItemButton-root MuiListItemButton-gutters MuiListItemButton-alignItemsFlexStart MuiListItemButton-root MuiListItemButton-gutters MuiListItemButton-alignItemsFlexStart css-bsdvlr-MuiButtonBase-root-MuiListItemButton-root&quot;
                data-testid=&quot;approval-row-appr-1&quot;
                role=&quot;button&quot;
                tabindex=&quot;0&quot;
              &gt;
                &lt;div
                  class=&quot;MuiListItemText-root MuiListItemText-multiline css-14ln1j6-MuiListItemText-root&quot;
                &gt;
                  &lt;div
                    class=&quot;MuiTypography-root MuiTypography-subtitle2 css-1ypmsg6-MuiTypography-root&quot;
                  &gt;
                    Pause production pipeline
                  &lt;/div&gt;
                  &lt;p
                    class=&quot;MuiTypography-root MuiTypography-body2 MuiListItemText-secondary css-1a1whku-MuiTypography-root&quot;
                  &gt;
                    &lt;div
                      class=&quot;MuiStack-root css-ju0hs-MuiStack-root&quot;
                    &gt;
                      &lt;span
                        class=&quot;MuiTypography-root MuiTypography-caption css-1374baf-MuiTypography-root&quot;
                      &gt;
                        Requested by 
                        alice
                      &lt;/span&gt;
                      &lt;span
                        class=&quot;MuiTypography-root MuiTypography-caption css-1374baf-MuiTypography-root&quot;
                      &gt;
                        Submitted 
                        12/31/2024, 5:00:00 PM
                      &lt;/span&gt;
                      &lt;div
                        class=&quot;MuiStack-root css-7moozn-MuiStack-root&quot;
                      &gt;
                        &lt;div
                          class=&quot;MuiChip-root MuiChip-filled MuiChip-sizeSmall MuiChip-colorError MuiChip-filledError css-19grb1q-MuiChip-root&quot;
                        &gt;
                          &lt;svg
                            aria-hidden=&quot;true&quot;
                            class=&quot;MuiSvgIcon-root MuiSvgIcon-fontSizeSmall MuiChip-icon MuiChip-iconSmall MuiChip-iconColorError css-120dh41-MuiSvgIcon-root&quot;
                            data-testid=&quot;WarningAmberIcon&quot;
                            focusable=&quot;false&quot;
                            viewBox=&quot;0 0 24 24&quot;
                          &gt;
                            &lt;path
                              d=&quot;M12 5.99 19.53 19H4.47zM12 2 1 21h22z&quot;
                            /&gt;
                            &lt;path
                              d=&quot;M13 16h-2v2h2zm0-6h-2v5h2z&quot;
                            /&gt;
                          &lt;/svg&gt;
                          &lt;span
                            class=&quot;MuiChip-label MuiChip-labelSmall css-eccknh-MuiChip-label&quot;
                          &gt;
                            High blast radius
                          &lt;/span&gt;
                        &lt;/div&gt;
                        &lt;div
                          class=&quot;MuiChip-root MuiChip-filled MuiChip-sizeSmall MuiChip-colorInfo MuiChip-filledInfo css-1f9sg9q-MuiChip-root&quot;
                        &gt;
                          &lt;svg
                            aria-hidden=&quot;true&quot;
                            class=&quot;MuiSvgIcon-root MuiSvgIcon-fontSizeSmall MuiChip-icon MuiChip-iconSmall MuiChip-iconColorInfo css-120dh41-MuiSvgIcon-root&quot;
                            data-testid=&quot;ShieldIcon&quot;
                            focusable=&quot;false&quot;
                            viewBox=&quot;0 0 24 24&quot;
                          &gt;
                            &lt;path
                              d=&quot;M12 1 3 5v6c0 5.55 3.84 10.74 9 12 5.16-1.26 9-6.45 9-12V5z&quot;
                            /&gt;
                          &lt;/svg&gt;
                          &lt;span
                            class=&quot;MuiChip-label MuiChip-labelSmall css-eccknh-MuiChip-label&quot;
                          &gt;
                            Audit receipt
                          &lt;/span&gt;
                        &lt;/div&gt;
                      &lt;/div&gt;
                    &lt;/div&gt;
                  &lt;/p&gt;
                &lt;/div&gt;
              &lt;/div&gt;
              &lt;li
                aria-orientation=&quot;horizontal&quot;
                class=&quot;MuiDivider-root MuiDivider-fullWidth css-1jpc804-MuiDivider-root&quot;
                role=&quot;separator&quot;
              /&gt;
            &lt;/ul&gt;
          &lt;/div&gt;
        &lt;/div&gt;
        &lt;div
          class=&quot;MuiGrid-root MuiGrid-direction-xs-row css-17fpwt7-MuiGrid-root&quot;
        &gt;
          &lt;div
            class=&quot;MuiPaper-root MuiPaper-outlined MuiPaper-rounded css-107tty3-MuiPaper-root&quot;
          &gt;
            &lt;div
              class=&quot;MuiStack-root css-1w1skig-MuiStack-root&quot;
            &gt;
              &lt;h6
                class=&quot;MuiTypography-root MuiTypography-subtitle1 css-1i3tsf3-MuiTypography-root&quot;
              &gt;
                Select a request to review the details.
              &lt;/h6&gt;
              &lt;p
                class=&quot;MuiTypography-root MuiTypography-body2 css-1wle3ir-MuiTypography-root&quot;
              &gt;
                Obligations, risk flags, and rationale capture will appear here.
              &lt;/p&gt;
            &lt;/div&gt;
          &lt;/div&gt;
        &lt;/div&gt;
      &lt;/div&gt;
    &lt;/div&gt;
  &lt;/div&gt;
&lt;/body&gt;
    at Object.getElementError (/Users/brianlong/Developer/summit/node_modules/.pnpm/@testing-library+dom@8.20.1/node_modules/@testing-library/dom/dist/config.js:37:19)
    at /Users/brianlong/Developer/summit/node_modules/.pnpm/@testing-library+dom@8.20.1/node_modules/@testing-library/dom/dist/query-helpers.js:76:38
    at /Users/brianlong/Developer/summit/node_modules/.pnpm/@testing-library+dom@8.20.1/node_modules/@testing-library/dom/dist/query-helpers.js:52:17
    at /Users/brianlong/Developer/summit/node_modules/.pnpm/@testing-library+dom@8.20.1/node_modules/@testing-library/dom/dist/query-helpers.js:95:19
    at Object.&lt;anonymous&gt; (/Users/brianlong/Developer/summit/client/src/switchboard/approvals/ApprovalsList.test.tsx:71:34)</failure>
    </testcase>
  </testsuite>
  <testsuite name="chunk-boundary invariance" errors="0" failures="5" skipped="0" timestamp="2025-12-25T04:35:35" time="10.506" tests="5">
    <testcase classname="chunk-boundary invariance" name="renders correctly for cuts=[]" time="0.341">
      <failure>TypeError: messagesEndRef.current?.scrollTo is not a function
    at /Users/brianlong/Developer/summit/client/src/components/ai-enhanced/EnhancedAIAssistant.tsx:218:29
    at commitHookEffectListMount (/Users/brianlong/Developer/summit/node_modules/.pnpm/react-dom@18.3.1_react@18.3.1/node_modules/react-dom/cjs/react-dom.development.js:23189:26)
    at commitPassiveMountOnFiber (/Users/brianlong/Developer/summit/node_modules/.pnpm/react-dom@18.3.1_react@18.3.1/node_modules/react-dom/cjs/react-dom.development.js:24970:11)
    at commitPassiveMountEffects_complete (/Users/brianlong/Developer/summit/node_modules/.pnpm/react-dom@18.3.1_react@18.3.1/node_modules/react-dom/cjs/react-dom.development.js:24930:9)
    at commitPassiveMountEffects_begin (/Users/brianlong/Developer/summit/node_modules/.pnpm/react-dom@18.3.1_react@18.3.1/node_modules/react-dom/cjs/react-dom.development.js:24917:7)
    at commitPassiveMountEffects (/Users/brianlong/Developer/summit/node_modules/.pnpm/react-dom@18.3.1_react@18.3.1/node_modules/react-dom/cjs/react-dom.development.js:24905:3)
    at flushPassiveEffectsImpl (/Users/brianlong/Developer/summit/node_modules/.pnpm/react-dom@18.3.1_react@18.3.1/node_modules/react-dom/cjs/react-dom.development.js:27078:3)
    at flushPassiveEffects (/Users/brianlong/Developer/summit/node_modules/.pnpm/react-dom@18.3.1_react@18.3.1/node_modules/react-dom/cjs/react-dom.development.js:27023:14)
    at /Users/brianlong/Developer/summit/node_modules/.pnpm/react-dom@18.3.1_react@18.3.1/node_modules/react-dom/cjs/react-dom.development.js:26808:9
    at flushActQueue (/Users/brianlong/Developer/summit/node_modules/.pnpm/react@18.3.1/node_modules/react/cjs/react.development.js:2667:24)
    at act (/Users/brianlong/Developer/summit/node_modules/.pnpm/react@18.3.1/node_modules/react/cjs/react.development.js:2582:11)
    at actWithWarning (/Users/brianlong/Developer/summit/node_modules/.pnpm/react-dom@18.3.1_react@18.3.1/node_modules/react-dom/cjs/react-dom-test-utils.development.js:1740:10)
    at /Users/brianlong/Developer/summit/node_modules/.pnpm/@testing-library+react@13.4.0_@types+react@18.3.11_react-dom@18.3.1_react@18.3.1__react@18.3.1/node_modules/@testing-library/react/dist/act-compat.js:63:25
    at renderRoot (/Users/brianlong/Developer/summit/node_modules/.pnpm/@testing-library+react@13.4.0_@types+react@18.3.11_react-dom@18.3.1_react@18.3.1__react@18.3.1/node_modules/@testing-library/react/dist/pure.js:159:26)
    at render (/Users/brianlong/Developer/summit/node_modules/.pnpm/@testing-library+react@13.4.0_@types+react@18.3.11_react-dom@18.3.1_react@18.3.1__react@18.3.1/node_modules/@testing-library/react/dist/pure.js:246:10)
    at Object.&lt;anonymous&gt; (/Users/brianlong/Developer/summit/client/src/components/ai-enhanced/__tests__/assistant.chunking.test.tsx:38:13)
    at Promise.finally.completed (/Users/brianlong/Developer/summit/node_modules/.pnpm/jest-circus@30.2.0_babel-plugin-macros@3.1.0/node_modules/jest-circus/build/jestAdapterInit.js:1557:28)
    at new Promise (&lt;anonymous&gt;)
    at callAsyncCircusFn (/Users/brianlong/Developer/summit/node_modules/.pnpm/jest-circus@30.2.0_babel-plugin-macros@3.1.0/node_modules/jest-circus/build/jestAdapterInit.js:1497:10)
    at _callCircusTest (/Users/brianlong/Developer/summit/node_modules/.pnpm/jest-circus@30.2.0_babel-plugin-macros@3.1.0/node_modules/jest-circus/build/jestAdapterInit.js:1007:40)
    at processTicksAndRejections (node:internal/process/task_queues:95:5)
    at _runTest (/Users/brianlong/Developer/summit/node_modules/.pnpm/jest-circus@30.2.0_babel-plugin-macros@3.1.0/node_modules/jest-circus/build/jestAdapterInit.js:947:3)
    at /Users/brianlong/Developer/summit/node_modules/.pnpm/jest-circus@30.2.0_babel-plugin-macros@3.1.0/node_modules/jest-circus/build/jestAdapterInit.js:849:7
    at _runTestsForDescribeBlock (/Users/brianlong/Developer/summit/node_modules/.pnpm/jest-circus@30.2.0_babel-plugin-macros@3.1.0/node_modules/jest-circus/build/jestAdapterInit.js:862:11)
    at _runTestsForDescribeBlock (/Users/brianlong/Developer/summit/node_modules/.pnpm/jest-circus@30.2.0_babel-plugin-macros@3.1.0/node_modules/jest-circus/build/jestAdapterInit.js:857:11)
    at run (/Users/brianlong/Developer/summit/node_modules/.pnpm/jest-circus@30.2.0_babel-plugin-macros@3.1.0/node_modules/jest-circus/build/jestAdapterInit.js:761:3)
    at runAndTransformResultsToJestFormat (/Users/brianlong/Developer/summit/node_modules/.pnpm/jest-circus@30.2.0_babel-plugin-macros@3.1.0/node_modules/jest-circus/build/jestAdapterInit.js:1918:21)
    at jestAdapter (/Users/brianlong/Developer/summit/node_modules/.pnpm/jest-circus@30.2.0_babel-plugin-macros@3.1.0/node_modules/jest-circus/build/runner.js:101:19)
    at runTestInternal (/Users/brianlong/Developer/summit/node_modules/.pnpm/jest-runner@30.2.0/node_modules/jest-runner/build/testWorker.js:275:16)
    at runTest (/Users/brianlong/Developer/summit/node_modules/.pnpm/jest-runner@30.2.0/node_modules/jest-runner/build/testWorker.js:343:7)
    at Object.worker (/Users/brianlong/Developer/summit/node_modules/.pnpm/jest-runner@30.2.0/node_modules/jest-runner/build/testWorker.js:497:12)</failure>
    </testcase>
    <testcase classname="chunk-boundary invariance" name="renders correctly for cuts=[1]" time="0.076">
      <failure>TypeError: messagesEndRef.current?.scrollTo is not a function
    at /Users/brianlong/Developer/summit/client/src/components/ai-enhanced/EnhancedAIAssistant.tsx:218:29
    at commitHookEffectListMount (/Users/brianlong/Developer/summit/node_modules/.pnpm/react-dom@18.3.1_react@18.3.1/node_modules/react-dom/cjs/react-dom.development.js:23189:26)
    at commitPassiveMountOnFiber (/Users/brianlong/Developer/summit/node_modules/.pnpm/react-dom@18.3.1_react@18.3.1/node_modules/react-dom/cjs/react-dom.development.js:24970:11)
    at commitPassiveMountEffects_complete (/Users/brianlong/Developer/summit/node_modules/.pnpm/react-dom@18.3.1_react@18.3.1/node_modules/react-dom/cjs/react-dom.development.js:24930:9)
    at commitPassiveMountEffects_begin (/Users/brianlong/Developer/summit/node_modules/.pnpm/react-dom@18.3.1_react@18.3.1/node_modules/react-dom/cjs/react-dom.development.js:24917:7)
    at commitPassiveMountEffects (/Users/brianlong/Developer/summit/node_modules/.pnpm/react-dom@18.3.1_react@18.3.1/node_modules/react-dom/cjs/react-dom.development.js:24905:3)
    at flushPassiveEffectsImpl (/Users/brianlong/Developer/summit/node_modules/.pnpm/react-dom@18.3.1_react@18.3.1/node_modules/react-dom/cjs/react-dom.development.js:27078:3)
    at flushPassiveEffects (/Users/brianlong/Developer/summit/node_modules/.pnpm/react-dom@18.3.1_react@18.3.1/node_modules/react-dom/cjs/react-dom.development.js:27023:14)
    at /Users/brianlong/Developer/summit/node_modules/.pnpm/react-dom@18.3.1_react@18.3.1/node_modules/react-dom/cjs/react-dom.development.js:26808:9
    at flushActQueue (/Users/brianlong/Developer/summit/node_modules/.pnpm/react@18.3.1/node_modules/react/cjs/react.development.js:2667:24)
    at act (/Users/brianlong/Developer/summit/node_modules/.pnpm/react@18.3.1/node_modules/react/cjs/react.development.js:2582:11)
    at actWithWarning (/Users/brianlong/Developer/summit/node_modules/.pnpm/react-dom@18.3.1_react@18.3.1/node_modules/react-dom/cjs/react-dom-test-utils.development.js:1740:10)
    at /Users/brianlong/Developer/summit/node_modules/.pnpm/@testing-library+react@13.4.0_@types+react@18.3.11_react-dom@18.3.1_react@18.3.1__react@18.3.1/node_modules/@testing-library/react/dist/act-compat.js:63:25
    at renderRoot (/Users/brianlong/Developer/summit/node_modules/.pnpm/@testing-library+react@13.4.0_@types+react@18.3.11_react-dom@18.3.1_react@18.3.1__react@18.3.1/node_modules/@testing-library/react/dist/pure.js:159:26)
    at render (/Users/brianlong/Developer/summit/node_modules/.pnpm/@testing-library+react@13.4.0_@types+react@18.3.11_react-dom@18.3.1_react@18.3.1__react@18.3.1/node_modules/@testing-library/react/dist/pure.js:246:10)
    at Object.&lt;anonymous&gt; (/Users/brianlong/Developer/summit/client/src/components/ai-enhanced/__tests__/assistant.chunking.test.tsx:38:13)
    at Promise.finally.completed (/Users/brianlong/Developer/summit/node_modules/.pnpm/jest-circus@30.2.0_babel-plugin-macros@3.1.0/node_modules/jest-circus/build/jestAdapterInit.js:1557:28)
    at new Promise (&lt;anonymous&gt;)
    at callAsyncCircusFn (/Users/brianlong/Developer/summit/node_modules/.pnpm/jest-circus@30.2.0_babel-plugin-macros@3.1.0/node_modules/jest-circus/build/jestAdapterInit.js:1497:10)
    at _callCircusTest (/Users/brianlong/Developer/summit/node_modules/.pnpm/jest-circus@30.2.0_babel-plugin-macros@3.1.0/node_modules/jest-circus/build/jestAdapterInit.js:1007:40)
    at processTicksAndRejections (node:internal/process/task_queues:95:5)
    at _runTest (/Users/brianlong/Developer/summit/node_modules/.pnpm/jest-circus@30.2.0_babel-plugin-macros@3.1.0/node_modules/jest-circus/build/jestAdapterInit.js:947:3)
    at /Users/brianlong/Developer/summit/node_modules/.pnpm/jest-circus@30.2.0_babel-plugin-macros@3.1.0/node_modules/jest-circus/build/jestAdapterInit.js:849:7
    at _runTestsForDescribeBlock (/Users/brianlong/Developer/summit/node_modules/.pnpm/jest-circus@30.2.0_babel-plugin-macros@3.1.0/node_modules/jest-circus/build/jestAdapterInit.js:862:11)
    at _runTestsForDescribeBlock (/Users/brianlong/Developer/summit/node_modules/.pnpm/jest-circus@30.2.0_babel-plugin-macros@3.1.0/node_modules/jest-circus/build/jestAdapterInit.js:857:11)
    at run (/Users/brianlong/Developer/summit/node_modules/.pnpm/jest-circus@30.2.0_babel-plugin-macros@3.1.0/node_modules/jest-circus/build/jestAdapterInit.js:761:3)
    at runAndTransformResultsToJestFormat (/Users/brianlong/Developer/summit/node_modules/.pnpm/jest-circus@30.2.0_babel-plugin-macros@3.1.0/node_modules/jest-circus/build/jestAdapterInit.js:1918:21)
    at jestAdapter (/Users/brianlong/Developer/summit/node_modules/.pnpm/jest-circus@30.2.0_babel-plugin-macros@3.1.0/node_modules/jest-circus/build/runner.js:101:19)
    at runTestInternal (/Users/brianlong/Developer/summit/node_modules/.pnpm/jest-runner@30.2.0/node_modules/jest-runner/build/testWorker.js:275:16)
    at runTest (/Users/brianlong/Developer/summit/node_modules/.pnpm/jest-runner@30.2.0/node_modules/jest-runner/build/testWorker.js:343:7)
    at Object.worker (/Users/brianlong/Developer/summit/node_modules/.pnpm/jest-runner@30.2.0/node_modules/jest-runner/build/testWorker.js:497:12)</failure>
    </testcase>
    <testcase classname="chunk-boundary invariance" name="renders correctly for cuts=[2,12]" time="0.09">
      <failure>TypeError: messagesEndRef.current?.scrollTo is not a function
    at /Users/brianlong/Developer/summit/client/src/components/ai-enhanced/EnhancedAIAssistant.tsx:218:29
    at commitHookEffectListMount (/Users/brianlong/Developer/summit/node_modules/.pnpm/react-dom@18.3.1_react@18.3.1/node_modules/react-dom/cjs/react-dom.development.js:23189:26)
    at commitPassiveMountOnFiber (/Users/brianlong/Developer/summit/node_modules/.pnpm/react-dom@18.3.1_react@18.3.1/node_modules/react-dom/cjs/react-dom.development.js:24970:11)
    at commitPassiveMountEffects_complete (/Users/brianlong/Developer/summit/node_modules/.pnpm/react-dom@18.3.1_react@18.3.1/node_modules/react-dom/cjs/react-dom.development.js:24930:9)
    at commitPassiveMountEffects_begin (/Users/brianlong/Developer/summit/node_modules/.pnpm/react-dom@18.3.1_react@18.3.1/node_modules/react-dom/cjs/react-dom.development.js:24917:7)
    at commitPassiveMountEffects (/Users/brianlong/Developer/summit/node_modules/.pnpm/react-dom@18.3.1_react@18.3.1/node_modules/react-dom/cjs/react-dom.development.js:24905:3)
    at flushPassiveEffectsImpl (/Users/brianlong/Developer/summit/node_modules/.pnpm/react-dom@18.3.1_react@18.3.1/node_modules/react-dom/cjs/react-dom.development.js:27078:3)
    at flushPassiveEffects (/Users/brianlong/Developer/summit/node_modules/.pnpm/react-dom@18.3.1_react@18.3.1/node_modules/react-dom/cjs/react-dom.development.js:27023:14)
    at /Users/brianlong/Developer/summit/node_modules/.pnpm/react-dom@18.3.1_react@18.3.1/node_modules/react-dom/cjs/react-dom.development.js:26808:9
    at flushActQueue (/Users/brianlong/Developer/summit/node_modules/.pnpm/react@18.3.1/node_modules/react/cjs/react.development.js:2667:24)
    at act (/Users/brianlong/Developer/summit/node_modules/.pnpm/react@18.3.1/node_modules/react/cjs/react.development.js:2582:11)
    at actWithWarning (/Users/brianlong/Developer/summit/node_modules/.pnpm/react-dom@18.3.1_react@18.3.1/node_modules/react-dom/cjs/react-dom-test-utils.development.js:1740:10)
    at /Users/brianlong/Developer/summit/node_modules/.pnpm/@testing-library+react@13.4.0_@types+react@18.3.11_react-dom@18.3.1_react@18.3.1__react@18.3.1/node_modules/@testing-library/react/dist/act-compat.js:63:25
    at renderRoot (/Users/brianlong/Developer/summit/node_modules/.pnpm/@testing-library+react@13.4.0_@types+react@18.3.11_react-dom@18.3.1_react@18.3.1__react@18.3.1/node_modules/@testing-library/react/dist/pure.js:159:26)
    at render (/Users/brianlong/Developer/summit/node_modules/.pnpm/@testing-library+react@13.4.0_@types+react@18.3.11_react-dom@18.3.1_react@18.3.1__react@18.3.1/node_modules/@testing-library/react/dist/pure.js:246:10)
    at Object.&lt;anonymous&gt; (/Users/brianlong/Developer/summit/client/src/components/ai-enhanced/__tests__/assistant.chunking.test.tsx:38:13)
    at Promise.finally.completed (/Users/brianlong/Developer/summit/node_modules/.pnpm/jest-circus@30.2.0_babel-plugin-macros@3.1.0/node_modules/jest-circus/build/jestAdapterInit.js:1557:28)
    at new Promise (&lt;anonymous&gt;)
    at callAsyncCircusFn (/Users/brianlong/Developer/summit/node_modules/.pnpm/jest-circus@30.2.0_babel-plugin-macros@3.1.0/node_modules/jest-circus/build/jestAdapterInit.js:1497:10)
    at _callCircusTest (/Users/brianlong/Developer/summit/node_modules/.pnpm/jest-circus@30.2.0_babel-plugin-macros@3.1.0/node_modules/jest-circus/build/jestAdapterInit.js:1007:40)
    at processTicksAndRejections (node:internal/process/task_queues:95:5)
    at _runTest (/Users/brianlong/Developer/summit/node_modules/.pnpm/jest-circus@30.2.0_babel-plugin-macros@3.1.0/node_modules/jest-circus/build/jestAdapterInit.js:947:3)
    at /Users/brianlong/Developer/summit/node_modules/.pnpm/jest-circus@30.2.0_babel-plugin-macros@3.1.0/node_modules/jest-circus/build/jestAdapterInit.js:849:7
    at _runTestsForDescribeBlock (/Users/brianlong/Developer/summit/node_modules/.pnpm/jest-circus@30.2.0_babel-plugin-macros@3.1.0/node_modules/jest-circus/build/jestAdapterInit.js:862:11)
    at _runTestsForDescribeBlock (/Users/brianlong/Developer/summit/node_modules/.pnpm/jest-circus@30.2.0_babel-plugin-macros@3.1.0/node_modules/jest-circus/build/jestAdapterInit.js:857:11)
    at run (/Users/brianlong/Developer/summit/node_modules/.pnpm/jest-circus@30.2.0_babel-plugin-macros@3.1.0/node_modules/jest-circus/build/jestAdapterInit.js:761:3)
    at runAndTransformResultsToJestFormat (/Users/brianlong/Developer/summit/node_modules/.pnpm/jest-circus@30.2.0_babel-plugin-macros@3.1.0/node_modules/jest-circus/build/jestAdapterInit.js:1918:21)
    at jestAdapter (/Users/brianlong/Developer/summit/node_modules/.pnpm/jest-circus@30.2.0_babel-plugin-macros@3.1.0/node_modules/jest-circus/build/runner.js:101:19)
    at runTestInternal (/Users/brianlong/Developer/summit/node_modules/.pnpm/jest-runner@30.2.0/node_modules/jest-runner/build/testWorker.js:275:16)
    at runTest (/Users/brianlong/Developer/summit/node_modules/.pnpm/jest-runner@30.2.0/node_modules/jest-runner/build/testWorker.js:343:7)
    at Object.worker (/Users/brianlong/Developer/summit/node_modules/.pnpm/jest-runner@30.2.0/node_modules/jest-runner/build/testWorker.js:497:12)</failure>
    </testcase>
    <testcase classname="chunk-boundary invariance" name="renders correctly for cuts=[1,2,3,4]" time="0.066">
      <failure>TypeError: messagesEndRef.current?.scrollTo is not a function
    at /Users/brianlong/Developer/summit/client/src/components/ai-enhanced/EnhancedAIAssistant.tsx:218:29
    at commitHookEffectListMount (/Users/brianlong/Developer/summit/node_modules/.pnpm/react-dom@18.3.1_react@18.3.1/node_modules/react-dom/cjs/react-dom.development.js:23189:26)
    at commitPassiveMountOnFiber (/Users/brianlong/Developer/summit/node_modules/.pnpm/react-dom@18.3.1_react@18.3.1/node_modules/react-dom/cjs/react-dom.development.js:24970:11)
    at commitPassiveMountEffects_complete (/Users/brianlong/Developer/summit/node_modules/.pnpm/react-dom@18.3.1_react@18.3.1/node_modules/react-dom/cjs/react-dom.development.js:24930:9)
    at commitPassiveMountEffects_begin (/Users/brianlong/Developer/summit/node_modules/.pnpm/react-dom@18.3.1_react@18.3.1/node_modules/react-dom/cjs/react-dom.development.js:24917:7)
    at commitPassiveMountEffects (/Users/brianlong/Developer/summit/node_modules/.pnpm/react-dom@18.3.1_react@18.3.1/node_modules/react-dom/cjs/react-dom.development.js:24905:3)
    at flushPassiveEffectsImpl (/Users/brianlong/Developer/summit/node_modules/.pnpm/react-dom@18.3.1_react@18.3.1/node_modules/react-dom/cjs/react-dom.development.js:27078:3)
    at flushPassiveEffects (/Users/brianlong/Developer/summit/node_modules/.pnpm/react-dom@18.3.1_react@18.3.1/node_modules/react-dom/cjs/react-dom.development.js:27023:14)
    at /Users/brianlong/Developer/summit/node_modules/.pnpm/react-dom@18.3.1_react@18.3.1/node_modules/react-dom/cjs/react-dom.development.js:26808:9
    at flushActQueue (/Users/brianlong/Developer/summit/node_modules/.pnpm/react@18.3.1/node_modules/react/cjs/react.development.js:2667:24)
    at act (/Users/brianlong/Developer/summit/node_modules/.pnpm/react@18.3.1/node_modules/react/cjs/react.development.js:2582:11)
    at actWithWarning (/Users/brianlong/Developer/summit/node_modules/.pnpm/react-dom@18.3.1_react@18.3.1/node_modules/react-dom/cjs/react-dom-test-utils.development.js:1740:10)
    at /Users/brianlong/Developer/summit/node_modules/.pnpm/@testing-library+react@13.4.0_@types+react@18.3.11_react-dom@18.3.1_react@18.3.1__react@18.3.1/node_modules/@testing-library/react/dist/act-compat.js:63:25
    at renderRoot (/Users/brianlong/Developer/summit/node_modules/.pnpm/@testing-library+react@13.4.0_@types+react@18.3.11_react-dom@18.3.1_react@18.3.1__react@18.3.1/node_modules/@testing-library/react/dist/pure.js:159:26)
    at render (/Users/brianlong/Developer/summit/node_modules/.pnpm/@testing-library+react@13.4.0_@types+react@18.3.11_react-dom@18.3.1_react@18.3.1__react@18.3.1/node_modules/@testing-library/react/dist/pure.js:246:10)
    at Object.&lt;anonymous&gt; (/Users/brianlong/Developer/summit/client/src/components/ai-enhanced/__tests__/assistant.chunking.test.tsx:38:13)
    at Promise.finally.completed (/Users/brianlong/Developer/summit/node_modules/.pnpm/jest-circus@30.2.0_babel-plugin-macros@3.1.0/node_modules/jest-circus/build/jestAdapterInit.js:1557:28)
    at new Promise (&lt;anonymous&gt;)
    at callAsyncCircusFn (/Users/brianlong/Developer/summit/node_modules/.pnpm/jest-circus@30.2.0_babel-plugin-macros@3.1.0/node_modules/jest-circus/build/jestAdapterInit.js:1497:10)
    at _callCircusTest (/Users/brianlong/Developer/summit/node_modules/.pnpm/jest-circus@30.2.0_babel-plugin-macros@3.1.0/node_modules/jest-circus/build/jestAdapterInit.js:1007:40)
    at processTicksAndRejections (node:internal/process/task_queues:95:5)
    at _runTest (/Users/brianlong/Developer/summit/node_modules/.pnpm/jest-circus@30.2.0_babel-plugin-macros@3.1.0/node_modules/jest-circus/build/jestAdapterInit.js:947:3)
    at /Users/brianlong/Developer/summit/node_modules/.pnpm/jest-circus@30.2.0_babel-plugin-macros@3.1.0/node_modules/jest-circus/build/jestAdapterInit.js:849:7
    at _runTestsForDescribeBlock (/Users/brianlong/Developer/summit/node_modules/.pnpm/jest-circus@30.2.0_babel-plugin-macros@3.1.0/node_modules/jest-circus/build/jestAdapterInit.js:862:11)
    at _runTestsForDescribeBlock (/Users/brianlong/Developer/summit/node_modules/.pnpm/jest-circus@30.2.0_babel-plugin-macros@3.1.0/node_modules/jest-circus/build/jestAdapterInit.js:857:11)
    at run (/Users/brianlong/Developer/summit/node_modules/.pnpm/jest-circus@30.2.0_babel-plugin-macros@3.1.0/node_modules/jest-circus/build/jestAdapterInit.js:761:3)
    at runAndTransformResultsToJestFormat (/Users/brianlong/Developer/summit/node_modules/.pnpm/jest-circus@30.2.0_babel-plugin-macros@3.1.0/node_modules/jest-circus/build/jestAdapterInit.js:1918:21)
    at jestAdapter (/Users/brianlong/Developer/summit/node_modules/.pnpm/jest-circus@30.2.0_babel-plugin-macros@3.1.0/node_modules/jest-circus/build/runner.js:101:19)
    at runTestInternal (/Users/brianlong/Developer/summit/node_modules/.pnpm/jest-runner@30.2.0/node_modules/jest-runner/build/testWorker.js:275:16)
    at runTest (/Users/brianlong/Developer/summit/node_modules/.pnpm/jest-runner@30.2.0/node_modules/jest-runner/build/testWorker.js:343:7)
    at Object.worker (/Users/brianlong/Developer/summit/node_modules/.pnpm/jest-runner@30.2.0/node_modules/jest-runner/build/testWorker.js:497:12)</failure>
    </testcase>
    <testcase classname="chunk-boundary invariance" name="renders correctly for cuts=[5,7,14,18]" time="0.02">
      <failure>TypeError: messagesEndRef.current?.scrollTo is not a function
    at /Users/brianlong/Developer/summit/client/src/components/ai-enhanced/EnhancedAIAssistant.tsx:218:29
    at commitHookEffectListMount (/Users/brianlong/Developer/summit/node_modules/.pnpm/react-dom@18.3.1_react@18.3.1/node_modules/react-dom/cjs/react-dom.development.js:23189:26)
    at commitPassiveMountOnFiber (/Users/brianlong/Developer/summit/node_modules/.pnpm/react-dom@18.3.1_react@18.3.1/node_modules/react-dom/cjs/react-dom.development.js:24970:11)
    at commitPassiveMountEffects_complete (/Users/brianlong/Developer/summit/node_modules/.pnpm/react-dom@18.3.1_react@18.3.1/node_modules/react-dom/cjs/react-dom.development.js:24930:9)
    at commitPassiveMountEffects_begin (/Users/brianlong/Developer/summit/node_modules/.pnpm/react-dom@18.3.1_react@18.3.1/node_modules/react-dom/cjs/react-dom.development.js:24917:7)
    at commitPassiveMountEffects (/Users/brianlong/Developer/summit/node_modules/.pnpm/react-dom@18.3.1_react@18.3.1/node_modules/react-dom/cjs/react-dom.development.js:24905:3)
    at flushPassiveEffectsImpl (/Users/brianlong/Developer/summit/node_modules/.pnpm/react-dom@18.3.1_react@18.3.1/node_modules/react-dom/cjs/react-dom.development.js:27078:3)
    at flushPassiveEffects (/Users/brianlong/Developer/summit/node_modules/.pnpm/react-dom@18.3.1_react@18.3.1/node_modules/react-dom/cjs/react-dom.development.js:27023:14)
    at /Users/brianlong/Developer/summit/node_modules/.pnpm/react-dom@18.3.1_react@18.3.1/node_modules/react-dom/cjs/react-dom.development.js:26808:9
    at flushActQueue (/Users/brianlong/Developer/summit/node_modules/.pnpm/react@18.3.1/node_modules/react/cjs/react.development.js:2667:24)
    at act (/Users/brianlong/Developer/summit/node_modules/.pnpm/react@18.3.1/node_modules/react/cjs/react.development.js:2582:11)
    at actWithWarning (/Users/brianlong/Developer/summit/node_modules/.pnpm/react-dom@18.3.1_react@18.3.1/node_modules/react-dom/cjs/react-dom-test-utils.development.js:1740:10)
    at /Users/brianlong/Developer/summit/node_modules/.pnpm/@testing-library+react@13.4.0_@types+react@18.3.11_react-dom@18.3.1_react@18.3.1__react@18.3.1/node_modules/@testing-library/react/dist/act-compat.js:63:25
    at renderRoot (/Users/brianlong/Developer/summit/node_modules/.pnpm/@testing-library+react@13.4.0_@types+react@18.3.11_react-dom@18.3.1_react@18.3.1__react@18.3.1/node_modules/@testing-library/react/dist/pure.js:159:26)
    at render (/Users/brianlong/Developer/summit/node_modules/.pnpm/@testing-library+react@13.4.0_@types+react@18.3.11_react-dom@18.3.1_react@18.3.1__react@18.3.1/node_modules/@testing-library/react/dist/pure.js:246:10)
    at Object.&lt;anonymous&gt; (/Users/brianlong/Developer/summit/client/src/components/ai-enhanced/__tests__/assistant.chunking.test.tsx:38:13)
    at Promise.finally.completed (/Users/brianlong/Developer/summit/node_modules/.pnpm/jest-circus@30.2.0_babel-plugin-macros@3.1.0/node_modules/jest-circus/build/jestAdapterInit.js:1557:28)
    at new Promise (&lt;anonymous&gt;)
    at callAsyncCircusFn (/Users/brianlong/Developer/summit/node_modules/.pnpm/jest-circus@30.2.0_babel-plugin-macros@3.1.0/node_modules/jest-circus/build/jestAdapterInit.js:1497:10)
    at _callCircusTest (/Users/brianlong/Developer/summit/node_modules/.pnpm/jest-circus@30.2.0_babel-plugin-macros@3.1.0/node_modules/jest-circus/build/jestAdapterInit.js:1007:40)
    at processTicksAndRejections (node:internal/process/task_queues:95:5)
    at _runTest (/Users/brianlong/Developer/summit/node_modules/.pnpm/jest-circus@30.2.0_babel-plugin-macros@3.1.0/node_modules/jest-circus/build/jestAdapterInit.js:947:3)
    at /Users/brianlong/Developer/summit/node_modules/.pnpm/jest-circus@30.2.0_babel-plugin-macros@3.1.0/node_modules/jest-circus/build/jestAdapterInit.js:849:7
    at _runTestsForDescribeBlock (/Users/brianlong/Developer/summit/node_modules/.pnpm/jest-circus@30.2.0_babel-plugin-macros@3.1.0/node_modules/jest-circus/build/jestAdapterInit.js:862:11)
    at _runTestsForDescribeBlock (/Users/brianlong/Developer/summit/node_modules/.pnpm/jest-circus@30.2.0_babel-plugin-macros@3.1.0/node_modules/jest-circus/build/jestAdapterInit.js:857:11)
    at run (/Users/brianlong/Developer/summit/node_modules/.pnpm/jest-circus@30.2.0_babel-plugin-macros@3.1.0/node_modules/jest-circus/build/jestAdapterInit.js:761:3)
    at runAndTransformResultsToJestFormat (/Users/brianlong/Developer/summit/node_modules/.pnpm/jest-circus@30.2.0_babel-plugin-macros@3.1.0/node_modules/jest-circus/build/jestAdapterInit.js:1918:21)
    at jestAdapter (/Users/brianlong/Developer/summit/node_modules/.pnpm/jest-circus@30.2.0_babel-plugin-macros@3.1.0/node_modules/jest-circus/build/runner.js:101:19)
    at runTestInternal (/Users/brianlong/Developer/summit/node_modules/.pnpm/jest-runner@30.2.0/node_modules/jest-runner/build/testWorker.js:275:16)
    at runTest (/Users/brianlong/Developer/summit/node_modules/.pnpm/jest-runner@30.2.0/node_modules/jest-runner/build/testWorker.js:343:7)
    at Object.worker (/Users/brianlong/Developer/summit/node_modules/.pnpm/jest-runner@30.2.0/node_modules/jest-runner/build/testWorker.js:497:12)</failure>
    </testcase>
  </testsuite>
  <testsuite name="EnhancedAIAssistant" errors="0" failures="17" skipped="0" timestamp="2025-12-25T04:35:35" time="11.161" tests="17">
    <testcase classname="EnhancedAIAssistant" name="renders welcome message on initial load" time="0.229">
      <failure>TypeError: messagesEndRef.current?.scrollTo is not a function
    at /Users/brianlong/Developer/summit/client/src/components/ai-enhanced/EnhancedAIAssistant.tsx:218:29
    at commitHookEffectListMount (/Users/brianlong/Developer/summit/node_modules/.pnpm/react-dom@18.3.1_react@18.3.1/node_modules/react-dom/cjs/react-dom.development.js:23189:26)
    at commitPassiveMountOnFiber (/Users/brianlong/Developer/summit/node_modules/.pnpm/react-dom@18.3.1_react@18.3.1/node_modules/react-dom/cjs/react-dom.development.js:24970:11)
    at commitPassiveMountEffects_complete (/Users/brianlong/Developer/summit/node_modules/.pnpm/react-dom@18.3.1_react@18.3.1/node_modules/react-dom/cjs/react-dom.development.js:24930:9)
    at commitPassiveMountEffects_begin (/Users/brianlong/Developer/summit/node_modules/.pnpm/react-dom@18.3.1_react@18.3.1/node_modules/react-dom/cjs/react-dom.development.js:24917:7)
    at commitPassiveMountEffects (/Users/brianlong/Developer/summit/node_modules/.pnpm/react-dom@18.3.1_react@18.3.1/node_modules/react-dom/cjs/react-dom.development.js:24905:3)
    at flushPassiveEffectsImpl (/Users/brianlong/Developer/summit/node_modules/.pnpm/react-dom@18.3.1_react@18.3.1/node_modules/react-dom/cjs/react-dom.development.js:27078:3)
    at flushPassiveEffects (/Users/brianlong/Developer/summit/node_modules/.pnpm/react-dom@18.3.1_react@18.3.1/node_modules/react-dom/cjs/react-dom.development.js:27023:14)
    at /Users/brianlong/Developer/summit/node_modules/.pnpm/react-dom@18.3.1_react@18.3.1/node_modules/react-dom/cjs/react-dom.development.js:26808:9
    at flushActQueue (/Users/brianlong/Developer/summit/node_modules/.pnpm/react@18.3.1/node_modules/react/cjs/react.development.js:2667:24)
    at act (/Users/brianlong/Developer/summit/node_modules/.pnpm/react@18.3.1/node_modules/react/cjs/react.development.js:2582:11)
    at actWithWarning (/Users/brianlong/Developer/summit/node_modules/.pnpm/react-dom@18.3.1_react@18.3.1/node_modules/react-dom/cjs/react-dom-test-utils.development.js:1740:10)
    at /Users/brianlong/Developer/summit/node_modules/.pnpm/@testing-library+react@13.4.0_@types+react@18.3.11_react-dom@18.3.1_react@18.3.1__react@18.3.1/node_modules/@testing-library/react/dist/act-compat.js:63:25
    at renderRoot (/Users/brianlong/Developer/summit/node_modules/.pnpm/@testing-library+react@13.4.0_@types+react@18.3.11_react-dom@18.3.1_react@18.3.1__react@18.3.1/node_modules/@testing-library/react/dist/pure.js:159:26)
    at render (/Users/brianlong/Developer/summit/node_modules/.pnpm/@testing-library+react@13.4.0_@types+react@18.3.11_react-dom@18.3.1_react@18.3.1__react@18.3.1/node_modules/@testing-library/react/dist/pure.js:246:10)
    at renderWithTheme (/Users/brianlong/Developer/summit/client/src/components/ai-enhanced/__tests__/EnhancedAIAssistant.test.tsx:27:16)
    at Object.&lt;anonymous&gt; (/Users/brianlong/Developer/summit/client/src/components/ai-enhanced/__tests__/EnhancedAIAssistant.test.tsx:61:5)
    at Promise.finally.completed (/Users/brianlong/Developer/summit/node_modules/.pnpm/jest-circus@30.2.0_babel-plugin-macros@3.1.0/node_modules/jest-circus/build/jestAdapterInit.js:1557:28)
    at new Promise (&lt;anonymous&gt;)
    at callAsyncCircusFn (/Users/brianlong/Developer/summit/node_modules/.pnpm/jest-circus@30.2.0_babel-plugin-macros@3.1.0/node_modules/jest-circus/build/jestAdapterInit.js:1497:10)
    at _callCircusTest (/Users/brianlong/Developer/summit/node_modules/.pnpm/jest-circus@30.2.0_babel-plugin-macros@3.1.0/node_modules/jest-circus/build/jestAdapterInit.js:1007:40)
    at processTicksAndRejections (node:internal/process/task_queues:95:5)
    at _runTest (/Users/brianlong/Developer/summit/node_modules/.pnpm/jest-circus@30.2.0_babel-plugin-macros@3.1.0/node_modules/jest-circus/build/jestAdapterInit.js:947:3)
    at /Users/brianlong/Developer/summit/node_modules/.pnpm/jest-circus@30.2.0_babel-plugin-macros@3.1.0/node_modules/jest-circus/build/jestAdapterInit.js:849:7
    at _runTestsForDescribeBlock (/Users/brianlong/Developer/summit/node_modules/.pnpm/jest-circus@30.2.0_babel-plugin-macros@3.1.0/node_modules/jest-circus/build/jestAdapterInit.js:862:11)
    at _runTestsForDescribeBlock (/Users/brianlong/Developer/summit/node_modules/.pnpm/jest-circus@30.2.0_babel-plugin-macros@3.1.0/node_modules/jest-circus/build/jestAdapterInit.js:857:11)
    at run (/Users/brianlong/Developer/summit/node_modules/.pnpm/jest-circus@30.2.0_babel-plugin-macros@3.1.0/node_modules/jest-circus/build/jestAdapterInit.js:761:3)
    at runAndTransformResultsToJestFormat (/Users/brianlong/Developer/summit/node_modules/.pnpm/jest-circus@30.2.0_babel-plugin-macros@3.1.0/node_modules/jest-circus/build/jestAdapterInit.js:1918:21)
    at jestAdapter (/Users/brianlong/Developer/summit/node_modules/.pnpm/jest-circus@30.2.0_babel-plugin-macros@3.1.0/node_modules/jest-circus/build/runner.js:101:19)
    at runTestInternal (/Users/brianlong/Developer/summit/node_modules/.pnpm/jest-runner@30.2.0/node_modules/jest-runner/build/testWorker.js:275:16)
    at runTest (/Users/brianlong/Developer/summit/node_modules/.pnpm/jest-runner@30.2.0/node_modules/jest-runner/build/testWorker.js:343:7)
    at Object.worker (/Users/brianlong/Developer/summit/node_modules/.pnpm/jest-runner@30.2.0/node_modules/jest-runner/build/testWorker.js:497:12)</failure>
    </testcase>
    <testcase classname="EnhancedAIAssistant" name="displays assistant name and status" time="0.098">
      <failure>TypeError: messagesEndRef.current?.scrollTo is not a function
    at /Users/brianlong/Developer/summit/client/src/components/ai-enhanced/EnhancedAIAssistant.tsx:218:29
    at commitHookEffectListMount (/Users/brianlong/Developer/summit/node_modules/.pnpm/react-dom@18.3.1_react@18.3.1/node_modules/react-dom/cjs/react-dom.development.js:23189:26)
    at commitPassiveMountOnFiber (/Users/brianlong/Developer/summit/node_modules/.pnpm/react-dom@18.3.1_react@18.3.1/node_modules/react-dom/cjs/react-dom.development.js:24970:11)
    at commitPassiveMountEffects_complete (/Users/brianlong/Developer/summit/node_modules/.pnpm/react-dom@18.3.1_react@18.3.1/node_modules/react-dom/cjs/react-dom.development.js:24930:9)
    at commitPassiveMountEffects_begin (/Users/brianlong/Developer/summit/node_modules/.pnpm/react-dom@18.3.1_react@18.3.1/node_modules/react-dom/cjs/react-dom.development.js:24917:7)
    at commitPassiveMountEffects (/Users/brianlong/Developer/summit/node_modules/.pnpm/react-dom@18.3.1_react@18.3.1/node_modules/react-dom/cjs/react-dom.development.js:24905:3)
    at flushPassiveEffectsImpl (/Users/brianlong/Developer/summit/node_modules/.pnpm/react-dom@18.3.1_react@18.3.1/node_modules/react-dom/cjs/react-dom.development.js:27078:3)
    at flushPassiveEffects (/Users/brianlong/Developer/summit/node_modules/.pnpm/react-dom@18.3.1_react@18.3.1/node_modules/react-dom/cjs/react-dom.development.js:27023:14)
    at /Users/brianlong/Developer/summit/node_modules/.pnpm/react-dom@18.3.1_react@18.3.1/node_modules/react-dom/cjs/react-dom.development.js:26808:9
    at flushActQueue (/Users/brianlong/Developer/summit/node_modules/.pnpm/react@18.3.1/node_modules/react/cjs/react.development.js:2667:24)
    at act (/Users/brianlong/Developer/summit/node_modules/.pnpm/react@18.3.1/node_modules/react/cjs/react.development.js:2582:11)
    at actWithWarning (/Users/brianlong/Developer/summit/node_modules/.pnpm/react-dom@18.3.1_react@18.3.1/node_modules/react-dom/cjs/react-dom-test-utils.development.js:1740:10)
    at /Users/brianlong/Developer/summit/node_modules/.pnpm/@testing-library+react@13.4.0_@types+react@18.3.11_react-dom@18.3.1_react@18.3.1__react@18.3.1/node_modules/@testing-library/react/dist/act-compat.js:63:25
    at renderRoot (/Users/brianlong/Developer/summit/node_modules/.pnpm/@testing-library+react@13.4.0_@types+react@18.3.11_react-dom@18.3.1_react@18.3.1__react@18.3.1/node_modules/@testing-library/react/dist/pure.js:159:26)
    at render (/Users/brianlong/Developer/summit/node_modules/.pnpm/@testing-library+react@13.4.0_@types+react@18.3.11_react-dom@18.3.1_react@18.3.1__react@18.3.1/node_modules/@testing-library/react/dist/pure.js:246:10)
    at renderWithTheme (/Users/brianlong/Developer/summit/client/src/components/ai-enhanced/__tests__/EnhancedAIAssistant.test.tsx:27:16)
    at Object.&lt;anonymous&gt; (/Users/brianlong/Developer/summit/client/src/components/ai-enhanced/__tests__/EnhancedAIAssistant.test.tsx:70:5)
    at Promise.finally.completed (/Users/brianlong/Developer/summit/node_modules/.pnpm/jest-circus@30.2.0_babel-plugin-macros@3.1.0/node_modules/jest-circus/build/jestAdapterInit.js:1557:28)
    at new Promise (&lt;anonymous&gt;)
    at callAsyncCircusFn (/Users/brianlong/Developer/summit/node_modules/.pnpm/jest-circus@30.2.0_babel-plugin-macros@3.1.0/node_modules/jest-circus/build/jestAdapterInit.js:1497:10)
    at _callCircusTest (/Users/brianlong/Developer/summit/node_modules/.pnpm/jest-circus@30.2.0_babel-plugin-macros@3.1.0/node_modules/jest-circus/build/jestAdapterInit.js:1007:40)
    at processTicksAndRejections (node:internal/process/task_queues:95:5)
    at _runTest (/Users/brianlong/Developer/summit/node_modules/.pnpm/jest-circus@30.2.0_babel-plugin-macros@3.1.0/node_modules/jest-circus/build/jestAdapterInit.js:947:3)
    at /Users/brianlong/Developer/summit/node_modules/.pnpm/jest-circus@30.2.0_babel-plugin-macros@3.1.0/node_modules/jest-circus/build/jestAdapterInit.js:849:7
    at _runTestsForDescribeBlock (/Users/brianlong/Developer/summit/node_modules/.pnpm/jest-circus@30.2.0_babel-plugin-macros@3.1.0/node_modules/jest-circus/build/jestAdapterInit.js:862:11)
    at _runTestsForDescribeBlock (/Users/brianlong/Developer/summit/node_modules/.pnpm/jest-circus@30.2.0_babel-plugin-macros@3.1.0/node_modules/jest-circus/build/jestAdapterInit.js:857:11)
    at run (/Users/brianlong/Developer/summit/node_modules/.pnpm/jest-circus@30.2.0_babel-plugin-macros@3.1.0/node_modules/jest-circus/build/jestAdapterInit.js:761:3)
    at runAndTransformResultsToJestFormat (/Users/brianlong/Developer/summit/node_modules/.pnpm/jest-circus@30.2.0_babel-plugin-macros@3.1.0/node_modules/jest-circus/build/jestAdapterInit.js:1918:21)
    at jestAdapter (/Users/brianlong/Developer/summit/node_modules/.pnpm/jest-circus@30.2.0_babel-plugin-macros@3.1.0/node_modules/jest-circus/build/runner.js:101:19)
    at runTestInternal (/Users/brianlong/Developer/summit/node_modules/.pnpm/jest-runner@30.2.0/node_modules/jest-runner/build/testWorker.js:275:16)
    at runTest (/Users/brianlong/Developer/summit/node_modules/.pnpm/jest-runner@30.2.0/node_modules/jest-runner/build/testWorker.js:343:7)
    at Object.worker (/Users/brianlong/Developer/summit/node_modules/.pnpm/jest-runner@30.2.0/node_modules/jest-runner/build/testWorker.js:497:12)</failure>
    </testcase>
    <testcase classname="EnhancedAIAssistant" name="streams assistant tokens and settles to idle" time="0.038">
      <failure>TypeError: messagesEndRef.current?.scrollTo is not a function
    at /Users/brianlong/Developer/summit/client/src/components/ai-enhanced/EnhancedAIAssistant.tsx:218:29
    at commitHookEffectListMount (/Users/brianlong/Developer/summit/node_modules/.pnpm/react-dom@18.3.1_react@18.3.1/node_modules/react-dom/cjs/react-dom.development.js:23189:26)
    at commitPassiveMountOnFiber (/Users/brianlong/Developer/summit/node_modules/.pnpm/react-dom@18.3.1_react@18.3.1/node_modules/react-dom/cjs/react-dom.development.js:24970:11)
    at commitPassiveMountEffects_complete (/Users/brianlong/Developer/summit/node_modules/.pnpm/react-dom@18.3.1_react@18.3.1/node_modules/react-dom/cjs/react-dom.development.js:24930:9)
    at commitPassiveMountEffects_begin (/Users/brianlong/Developer/summit/node_modules/.pnpm/react-dom@18.3.1_react@18.3.1/node_modules/react-dom/cjs/react-dom.development.js:24917:7)
    at commitPassiveMountEffects (/Users/brianlong/Developer/summit/node_modules/.pnpm/react-dom@18.3.1_react@18.3.1/node_modules/react-dom/cjs/react-dom.development.js:24905:3)
    at flushPassiveEffectsImpl (/Users/brianlong/Developer/summit/node_modules/.pnpm/react-dom@18.3.1_react@18.3.1/node_modules/react-dom/cjs/react-dom.development.js:27078:3)
    at flushPassiveEffects (/Users/brianlong/Developer/summit/node_modules/.pnpm/react-dom@18.3.1_react@18.3.1/node_modules/react-dom/cjs/react-dom.development.js:27023:14)
    at /Users/brianlong/Developer/summit/node_modules/.pnpm/react-dom@18.3.1_react@18.3.1/node_modules/react-dom/cjs/react-dom.development.js:26808:9
    at flushActQueue (/Users/brianlong/Developer/summit/node_modules/.pnpm/react@18.3.1/node_modules/react/cjs/react.development.js:2667:24)
    at act (/Users/brianlong/Developer/summit/node_modules/.pnpm/react@18.3.1/node_modules/react/cjs/react.development.js:2582:11)
    at actWithWarning (/Users/brianlong/Developer/summit/node_modules/.pnpm/react-dom@18.3.1_react@18.3.1/node_modules/react-dom/cjs/react-dom-test-utils.development.js:1740:10)
    at /Users/brianlong/Developer/summit/node_modules/.pnpm/@testing-library+react@13.4.0_@types+react@18.3.11_react-dom@18.3.1_react@18.3.1__react@18.3.1/node_modules/@testing-library/react/dist/act-compat.js:63:25
    at renderRoot (/Users/brianlong/Developer/summit/node_modules/.pnpm/@testing-library+react@13.4.0_@types+react@18.3.11_react-dom@18.3.1_react@18.3.1__react@18.3.1/node_modules/@testing-library/react/dist/pure.js:159:26)
    at render (/Users/brianlong/Developer/summit/node_modules/.pnpm/@testing-library+react@13.4.0_@types+react@18.3.11_react-dom@18.3.1_react@18.3.1__react@18.3.1/node_modules/@testing-library/react/dist/pure.js:246:10)
    at renderWithTheme (/Users/brianlong/Developer/summit/client/src/components/ai-enhanced/__tests__/EnhancedAIAssistant.test.tsx:27:16)
    at Object.&lt;anonymous&gt; (/Users/brianlong/Developer/summit/client/src/components/ai-enhanced/__tests__/EnhancedAIAssistant.test.tsx:83:5)
    at Promise.finally.completed (/Users/brianlong/Developer/summit/node_modules/.pnpm/jest-circus@30.2.0_babel-plugin-macros@3.1.0/node_modules/jest-circus/build/jestAdapterInit.js:1557:28)
    at new Promise (&lt;anonymous&gt;)
    at callAsyncCircusFn (/Users/brianlong/Developer/summit/node_modules/.pnpm/jest-circus@30.2.0_babel-plugin-macros@3.1.0/node_modules/jest-circus/build/jestAdapterInit.js:1497:10)
    at _callCircusTest (/Users/brianlong/Developer/summit/node_modules/.pnpm/jest-circus@30.2.0_babel-plugin-macros@3.1.0/node_modules/jest-circus/build/jestAdapterInit.js:1007:40)
    at processTicksAndRejections (node:internal/process/task_queues:95:5)
    at _runTest (/Users/brianlong/Developer/summit/node_modules/.pnpm/jest-circus@30.2.0_babel-plugin-macros@3.1.0/node_modules/jest-circus/build/jestAdapterInit.js:947:3)
    at /Users/brianlong/Developer/summit/node_modules/.pnpm/jest-circus@30.2.0_babel-plugin-macros@3.1.0/node_modules/jest-circus/build/jestAdapterInit.js:849:7
    at _runTestsForDescribeBlock (/Users/brianlong/Developer/summit/node_modules/.pnpm/jest-circus@30.2.0_babel-plugin-macros@3.1.0/node_modules/jest-circus/build/jestAdapterInit.js:862:11)
    at _runTestsForDescribeBlock (/Users/brianlong/Developer/summit/node_modules/.pnpm/jest-circus@30.2.0_babel-plugin-macros@3.1.0/node_modules/jest-circus/build/jestAdapterInit.js:857:11)
    at run (/Users/brianlong/Developer/summit/node_modules/.pnpm/jest-circus@30.2.0_babel-plugin-macros@3.1.0/node_modules/jest-circus/build/jestAdapterInit.js:761:3)
    at runAndTransformResultsToJestFormat (/Users/brianlong/Developer/summit/node_modules/.pnpm/jest-circus@30.2.0_babel-plugin-macros@3.1.0/node_modules/jest-circus/build/jestAdapterInit.js:1918:21)
    at jestAdapter (/Users/brianlong/Developer/summit/node_modules/.pnpm/jest-circus@30.2.0_babel-plugin-macros@3.1.0/node_modules/jest-circus/build/runner.js:101:19)
    at runTestInternal (/Users/brianlong/Developer/summit/node_modules/.pnpm/jest-runner@30.2.0/node_modules/jest-runner/build/testWorker.js:275:16)
    at runTest (/Users/brianlong/Developer/summit/node_modules/.pnpm/jest-runner@30.2.0/node_modules/jest-runner/build/testWorker.js:343:7)
    at Object.worker (/Users/brianlong/Developer/summit/node_modules/.pnpm/jest-runner@30.2.0/node_modules/jest-runner/build/testWorker.js:497:12)</failure>
    </testcase>
    <testcase classname="EnhancedAIAssistant" name="sends message when user types and presses enter" time="0.065">
      <failure>TypeError: messagesEndRef.current?.scrollTo is not a function
    at /Users/brianlong/Developer/summit/client/src/components/ai-enhanced/EnhancedAIAssistant.tsx:218:29
    at commitHookEffectListMount (/Users/brianlong/Developer/summit/node_modules/.pnpm/react-dom@18.3.1_react@18.3.1/node_modules/react-dom/cjs/react-dom.development.js:23189:26)
    at commitPassiveMountOnFiber (/Users/brianlong/Developer/summit/node_modules/.pnpm/react-dom@18.3.1_react@18.3.1/node_modules/react-dom/cjs/react-dom.development.js:24970:11)
    at commitPassiveMountEffects_complete (/Users/brianlong/Developer/summit/node_modules/.pnpm/react-dom@18.3.1_react@18.3.1/node_modules/react-dom/cjs/react-dom.development.js:24930:9)
    at commitPassiveMountEffects_begin (/Users/brianlong/Developer/summit/node_modules/.pnpm/react-dom@18.3.1_react@18.3.1/node_modules/react-dom/cjs/react-dom.development.js:24917:7)
    at commitPassiveMountEffects (/Users/brianlong/Developer/summit/node_modules/.pnpm/react-dom@18.3.1_react@18.3.1/node_modules/react-dom/cjs/react-dom.development.js:24905:3)
    at flushPassiveEffectsImpl (/Users/brianlong/Developer/summit/node_modules/.pnpm/react-dom@18.3.1_react@18.3.1/node_modules/react-dom/cjs/react-dom.development.js:27078:3)
    at flushPassiveEffects (/Users/brianlong/Developer/summit/node_modules/.pnpm/react-dom@18.3.1_react@18.3.1/node_modules/react-dom/cjs/react-dom.development.js:27023:14)
    at /Users/brianlong/Developer/summit/node_modules/.pnpm/react-dom@18.3.1_react@18.3.1/node_modules/react-dom/cjs/react-dom.development.js:26808:9
    at flushActQueue (/Users/brianlong/Developer/summit/node_modules/.pnpm/react@18.3.1/node_modules/react/cjs/react.development.js:2667:24)
    at act (/Users/brianlong/Developer/summit/node_modules/.pnpm/react@18.3.1/node_modules/react/cjs/react.development.js:2582:11)
    at actWithWarning (/Users/brianlong/Developer/summit/node_modules/.pnpm/react-dom@18.3.1_react@18.3.1/node_modules/react-dom/cjs/react-dom-test-utils.development.js:1740:10)
    at /Users/brianlong/Developer/summit/node_modules/.pnpm/@testing-library+react@13.4.0_@types+react@18.3.11_react-dom@18.3.1_react@18.3.1__react@18.3.1/node_modules/@testing-library/react/dist/act-compat.js:63:25
    at renderRoot (/Users/brianlong/Developer/summit/node_modules/.pnpm/@testing-library+react@13.4.0_@types+react@18.3.11_react-dom@18.3.1_react@18.3.1__react@18.3.1/node_modules/@testing-library/react/dist/pure.js:159:26)
    at render (/Users/brianlong/Developer/summit/node_modules/.pnpm/@testing-library+react@13.4.0_@types+react@18.3.11_react-dom@18.3.1_react@18.3.1__react@18.3.1/node_modules/@testing-library/react/dist/pure.js:246:10)
    at renderWithTheme (/Users/brianlong/Developer/summit/client/src/components/ai-enhanced/__tests__/EnhancedAIAssistant.test.tsx:27:16)
    at Object.&lt;anonymous&gt; (/Users/brianlong/Developer/summit/client/src/components/ai-enhanced/__tests__/EnhancedAIAssistant.test.tsx:117:5)
    at Promise.finally.completed (/Users/brianlong/Developer/summit/node_modules/.pnpm/jest-circus@30.2.0_babel-plugin-macros@3.1.0/node_modules/jest-circus/build/jestAdapterInit.js:1557:28)
    at new Promise (&lt;anonymous&gt;)
    at callAsyncCircusFn (/Users/brianlong/Developer/summit/node_modules/.pnpm/jest-circus@30.2.0_babel-plugin-macros@3.1.0/node_modules/jest-circus/build/jestAdapterInit.js:1497:10)
    at _callCircusTest (/Users/brianlong/Developer/summit/node_modules/.pnpm/jest-circus@30.2.0_babel-plugin-macros@3.1.0/node_modules/jest-circus/build/jestAdapterInit.js:1007:40)
    at processTicksAndRejections (node:internal/process/task_queues:95:5)
    at _runTest (/Users/brianlong/Developer/summit/node_modules/.pnpm/jest-circus@30.2.0_babel-plugin-macros@3.1.0/node_modules/jest-circus/build/jestAdapterInit.js:947:3)
    at /Users/brianlong/Developer/summit/node_modules/.pnpm/jest-circus@30.2.0_babel-plugin-macros@3.1.0/node_modules/jest-circus/build/jestAdapterInit.js:849:7
    at _runTestsForDescribeBlock (/Users/brianlong/Developer/summit/node_modules/.pnpm/jest-circus@30.2.0_babel-plugin-macros@3.1.0/node_modules/jest-circus/build/jestAdapterInit.js:862:11)
    at _runTestsForDescribeBlock (/Users/brianlong/Developer/summit/node_modules/.pnpm/jest-circus@30.2.0_babel-plugin-macros@3.1.0/node_modules/jest-circus/build/jestAdapterInit.js:857:11)
    at run (/Users/brianlong/Developer/summit/node_modules/.pnpm/jest-circus@30.2.0_babel-plugin-macros@3.1.0/node_modules/jest-circus/build/jestAdapterInit.js:761:3)
    at runAndTransformResultsToJestFormat (/Users/brianlong/Developer/summit/node_modules/.pnpm/jest-circus@30.2.0_babel-plugin-macros@3.1.0/node_modules/jest-circus/build/jestAdapterInit.js:1918:21)
    at jestAdapter (/Users/brianlong/Developer/summit/node_modules/.pnpm/jest-circus@30.2.0_babel-plugin-macros@3.1.0/node_modules/jest-circus/build/runner.js:101:19)
    at runTestInternal (/Users/brianlong/Developer/summit/node_modules/.pnpm/jest-runner@30.2.0/node_modules/jest-runner/build/testWorker.js:275:16)
    at runTest (/Users/brianlong/Developer/summit/node_modules/.pnpm/jest-runner@30.2.0/node_modules/jest-runner/build/testWorker.js:343:7)
    at Object.worker (/Users/brianlong/Developer/summit/node_modules/.pnpm/jest-runner@30.2.0/node_modules/jest-runner/build/testWorker.js:497:12)</failure>
    </testcase>
    <testcase classname="EnhancedAIAssistant" name="sends message when send button is clicked" time="0.076">
      <failure>TypeError: messagesEndRef.current?.scrollTo is not a function
    at /Users/brianlong/Developer/summit/client/src/components/ai-enhanced/EnhancedAIAssistant.tsx:218:29
    at commitHookEffectListMount (/Users/brianlong/Developer/summit/node_modules/.pnpm/react-dom@18.3.1_react@18.3.1/node_modules/react-dom/cjs/react-dom.development.js:23189:26)
    at commitPassiveMountOnFiber (/Users/brianlong/Developer/summit/node_modules/.pnpm/react-dom@18.3.1_react@18.3.1/node_modules/react-dom/cjs/react-dom.development.js:24970:11)
    at commitPassiveMountEffects_complete (/Users/brianlong/Developer/summit/node_modules/.pnpm/react-dom@18.3.1_react@18.3.1/node_modules/react-dom/cjs/react-dom.development.js:24930:9)
    at commitPassiveMountEffects_begin (/Users/brianlong/Developer/summit/node_modules/.pnpm/react-dom@18.3.1_react@18.3.1/node_modules/react-dom/cjs/react-dom.development.js:24917:7)
    at commitPassiveMountEffects (/Users/brianlong/Developer/summit/node_modules/.pnpm/react-dom@18.3.1_react@18.3.1/node_modules/react-dom/cjs/react-dom.development.js:24905:3)
    at flushPassiveEffectsImpl (/Users/brianlong/Developer/summit/node_modules/.pnpm/react-dom@18.3.1_react@18.3.1/node_modules/react-dom/cjs/react-dom.development.js:27078:3)
    at flushPassiveEffects (/Users/brianlong/Developer/summit/node_modules/.pnpm/react-dom@18.3.1_react@18.3.1/node_modules/react-dom/cjs/react-dom.development.js:27023:14)
    at /Users/brianlong/Developer/summit/node_modules/.pnpm/react-dom@18.3.1_react@18.3.1/node_modules/react-dom/cjs/react-dom.development.js:26808:9
    at flushActQueue (/Users/brianlong/Developer/summit/node_modules/.pnpm/react@18.3.1/node_modules/react/cjs/react.development.js:2667:24)
    at act (/Users/brianlong/Developer/summit/node_modules/.pnpm/react@18.3.1/node_modules/react/cjs/react.development.js:2582:11)
    at actWithWarning (/Users/brianlong/Developer/summit/node_modules/.pnpm/react-dom@18.3.1_react@18.3.1/node_modules/react-dom/cjs/react-dom-test-utils.development.js:1740:10)
    at /Users/brianlong/Developer/summit/node_modules/.pnpm/@testing-library+react@13.4.0_@types+react@18.3.11_react-dom@18.3.1_react@18.3.1__react@18.3.1/node_modules/@testing-library/react/dist/act-compat.js:63:25
    at renderRoot (/Users/brianlong/Developer/summit/node_modules/.pnpm/@testing-library+react@13.4.0_@types+react@18.3.11_react-dom@18.3.1_react@18.3.1__react@18.3.1/node_modules/@testing-library/react/dist/pure.js:159:26)
    at render (/Users/brianlong/Developer/summit/node_modules/.pnpm/@testing-library+react@13.4.0_@types+react@18.3.11_react-dom@18.3.1_react@18.3.1__react@18.3.1/node_modules/@testing-library/react/dist/pure.js:246:10)
    at renderWithTheme (/Users/brianlong/Developer/summit/client/src/components/ai-enhanced/__tests__/EnhancedAIAssistant.test.tsx:27:16)
    at Object.&lt;anonymous&gt; (/Users/brianlong/Developer/summit/client/src/components/ai-enhanced/__tests__/EnhancedAIAssistant.test.tsx:154:5)
    at Promise.finally.completed (/Users/brianlong/Developer/summit/node_modules/.pnpm/jest-circus@30.2.0_babel-plugin-macros@3.1.0/node_modules/jest-circus/build/jestAdapterInit.js:1557:28)
    at new Promise (&lt;anonymous&gt;)
    at callAsyncCircusFn (/Users/brianlong/Developer/summit/node_modules/.pnpm/jest-circus@30.2.0_babel-plugin-macros@3.1.0/node_modules/jest-circus/build/jestAdapterInit.js:1497:10)
    at _callCircusTest (/Users/brianlong/Developer/summit/node_modules/.pnpm/jest-circus@30.2.0_babel-plugin-macros@3.1.0/node_modules/jest-circus/build/jestAdapterInit.js:1007:40)
    at processTicksAndRejections (node:internal/process/task_queues:95:5)
    at _runTest (/Users/brianlong/Developer/summit/node_modules/.pnpm/jest-circus@30.2.0_babel-plugin-macros@3.1.0/node_modules/jest-circus/build/jestAdapterInit.js:947:3)
    at /Users/brianlong/Developer/summit/node_modules/.pnpm/jest-circus@30.2.0_babel-plugin-macros@3.1.0/node_modules/jest-circus/build/jestAdapterInit.js:849:7
    at _runTestsForDescribeBlock (/Users/brianlong/Developer/summit/node_modules/.pnpm/jest-circus@30.2.0_babel-plugin-macros@3.1.0/node_modules/jest-circus/build/jestAdapterInit.js:862:11)
    at _runTestsForDescribeBlock (/Users/brianlong/Developer/summit/node_modules/.pnpm/jest-circus@30.2.0_babel-plugin-macros@3.1.0/node_modules/jest-circus/build/jestAdapterInit.js:857:11)
    at run (/Users/brianlong/Developer/summit/node_modules/.pnpm/jest-circus@30.2.0_babel-plugin-macros@3.1.0/node_modules/jest-circus/build/jestAdapterInit.js:761:3)
    at runAndTransformResultsToJestFormat (/Users/brianlong/Developer/summit/node_modules/.pnpm/jest-circus@30.2.0_babel-plugin-macros@3.1.0/node_modules/jest-circus/build/jestAdapterInit.js:1918:21)
    at jestAdapter (/Users/brianlong/Developer/summit/node_modules/.pnpm/jest-circus@30.2.0_babel-plugin-macros@3.1.0/node_modules/jest-circus/build/runner.js:101:19)
    at runTestInternal (/Users/brianlong/Developer/summit/node_modules/.pnpm/jest-runner@30.2.0/node_modules/jest-runner/build/testWorker.js:275:16)
    at runTest (/Users/brianlong/Developer/summit/node_modules/.pnpm/jest-runner@30.2.0/node_modules/jest-runner/build/testWorker.js:343:7)
    at Object.worker (/Users/brianlong/Developer/summit/node_modules/.pnpm/jest-runner@30.2.0/node_modules/jest-runner/build/testWorker.js:497:12)</failure>
    </testcase>
    <testcase classname="EnhancedAIAssistant" name="disables send button when input is empty" time="0.035">
      <failure>TypeError: messagesEndRef.current?.scrollTo is not a function
    at /Users/brianlong/Developer/summit/client/src/components/ai-enhanced/EnhancedAIAssistant.tsx:218:29
    at commitHookEffectListMount (/Users/brianlong/Developer/summit/node_modules/.pnpm/react-dom@18.3.1_react@18.3.1/node_modules/react-dom/cjs/react-dom.development.js:23189:26)
    at commitPassiveMountOnFiber (/Users/brianlong/Developer/summit/node_modules/.pnpm/react-dom@18.3.1_react@18.3.1/node_modules/react-dom/cjs/react-dom.development.js:24970:11)
    at commitPassiveMountEffects_complete (/Users/brianlong/Developer/summit/node_modules/.pnpm/react-dom@18.3.1_react@18.3.1/node_modules/react-dom/cjs/react-dom.development.js:24930:9)
    at commitPassiveMountEffects_begin (/Users/brianlong/Developer/summit/node_modules/.pnpm/react-dom@18.3.1_react@18.3.1/node_modules/react-dom/cjs/react-dom.development.js:24917:7)
    at commitPassiveMountEffects (/Users/brianlong/Developer/summit/node_modules/.pnpm/react-dom@18.3.1_react@18.3.1/node_modules/react-dom/cjs/react-dom.development.js:24905:3)
    at flushPassiveEffectsImpl (/Users/brianlong/Developer/summit/node_modules/.pnpm/react-dom@18.3.1_react@18.3.1/node_modules/react-dom/cjs/react-dom.development.js:27078:3)
    at flushPassiveEffects (/Users/brianlong/Developer/summit/node_modules/.pnpm/react-dom@18.3.1_react@18.3.1/node_modules/react-dom/cjs/react-dom.development.js:27023:14)
    at /Users/brianlong/Developer/summit/node_modules/.pnpm/react-dom@18.3.1_react@18.3.1/node_modules/react-dom/cjs/react-dom.development.js:26808:9
    at flushActQueue (/Users/brianlong/Developer/summit/node_modules/.pnpm/react@18.3.1/node_modules/react/cjs/react.development.js:2667:24)
    at act (/Users/brianlong/Developer/summit/node_modules/.pnpm/react@18.3.1/node_modules/react/cjs/react.development.js:2582:11)
    at actWithWarning (/Users/brianlong/Developer/summit/node_modules/.pnpm/react-dom@18.3.1_react@18.3.1/node_modules/react-dom/cjs/react-dom-test-utils.development.js:1740:10)
    at /Users/brianlong/Developer/summit/node_modules/.pnpm/@testing-library+react@13.4.0_@types+react@18.3.11_react-dom@18.3.1_react@18.3.1__react@18.3.1/node_modules/@testing-library/react/dist/act-compat.js:63:25
    at renderRoot (/Users/brianlong/Developer/summit/node_modules/.pnpm/@testing-library+react@13.4.0_@types+react@18.3.11_react-dom@18.3.1_react@18.3.1__react@18.3.1/node_modules/@testing-library/react/dist/pure.js:159:26)
    at render (/Users/brianlong/Developer/summit/node_modules/.pnpm/@testing-library+react@13.4.0_@types+react@18.3.11_react-dom@18.3.1_react@18.3.1__react@18.3.1/node_modules/@testing-library/react/dist/pure.js:246:10)
    at renderWithTheme (/Users/brianlong/Developer/summit/client/src/components/ai-enhanced/__tests__/EnhancedAIAssistant.test.tsx:27:16)
    at Object.&lt;anonymous&gt; (/Users/brianlong/Developer/summit/client/src/components/ai-enhanced/__tests__/EnhancedAIAssistant.test.tsx:185:5)
    at Promise.finally.completed (/Users/brianlong/Developer/summit/node_modules/.pnpm/jest-circus@30.2.0_babel-plugin-macros@3.1.0/node_modules/jest-circus/build/jestAdapterInit.js:1557:28)
    at new Promise (&lt;anonymous&gt;)
    at callAsyncCircusFn (/Users/brianlong/Developer/summit/node_modules/.pnpm/jest-circus@30.2.0_babel-plugin-macros@3.1.0/node_modules/jest-circus/build/jestAdapterInit.js:1497:10)
    at _callCircusTest (/Users/brianlong/Developer/summit/node_modules/.pnpm/jest-circus@30.2.0_babel-plugin-macros@3.1.0/node_modules/jest-circus/build/jestAdapterInit.js:1007:40)
    at processTicksAndRejections (node:internal/process/task_queues:95:5)
    at _runTest (/Users/brianlong/Developer/summit/node_modules/.pnpm/jest-circus@30.2.0_babel-plugin-macros@3.1.0/node_modules/jest-circus/build/jestAdapterInit.js:947:3)
    at /Users/brianlong/Developer/summit/node_modules/.pnpm/jest-circus@30.2.0_babel-plugin-macros@3.1.0/node_modules/jest-circus/build/jestAdapterInit.js:849:7
    at _runTestsForDescribeBlock (/Users/brianlong/Developer/summit/node_modules/.pnpm/jest-circus@30.2.0_babel-plugin-macros@3.1.0/node_modules/jest-circus/build/jestAdapterInit.js:862:11)
    at _runTestsForDescribeBlock (/Users/brianlong/Developer/summit/node_modules/.pnpm/jest-circus@30.2.0_babel-plugin-macros@3.1.0/node_modules/jest-circus/build/jestAdapterInit.js:857:11)
    at run (/Users/brianlong/Developer/summit/node_modules/.pnpm/jest-circus@30.2.0_babel-plugin-macros@3.1.0/node_modules/jest-circus/build/jestAdapterInit.js:761:3)
    at runAndTransformResultsToJestFormat (/Users/brianlong/Developer/summit/node_modules/.pnpm/jest-circus@30.2.0_babel-plugin-macros@3.1.0/node_modules/jest-circus/build/jestAdapterInit.js:1918:21)
    at jestAdapter (/Users/brianlong/Developer/summit/node_modules/.pnpm/jest-circus@30.2.0_babel-plugin-macros@3.1.0/node_modules/jest-circus/build/runner.js:101:19)
    at runTestInternal (/Users/brianlong/Developer/summit/node_modules/.pnpm/jest-runner@30.2.0/node_modules/jest-runner/build/testWorker.js:275:16)
    at runTest (/Users/brianlong/Developer/summit/node_modules/.pnpm/jest-runner@30.2.0/node_modules/jest-runner/build/testWorker.js:343:7)
    at Object.worker (/Users/brianlong/Developer/summit/node_modules/.pnpm/jest-runner@30.2.0/node_modules/jest-runner/build/testWorker.js:497:12)</failure>
    </testcase>
    <testcase classname="EnhancedAIAssistant" name="aborts cleanly on unmount (no state updates after unmount)" time="0.01">
      <failure>TypeError: messagesEndRef.current?.scrollTo is not a function
    at /Users/brianlong/Developer/summit/client/src/components/ai-enhanced/EnhancedAIAssistant.tsx:218:29
    at commitHookEffectListMount (/Users/brianlong/Developer/summit/node_modules/.pnpm/react-dom@18.3.1_react@18.3.1/node_modules/react-dom/cjs/react-dom.development.js:23189:26)
    at commitPassiveMountOnFiber (/Users/brianlong/Developer/summit/node_modules/.pnpm/react-dom@18.3.1_react@18.3.1/node_modules/react-dom/cjs/react-dom.development.js:24970:11)
    at commitPassiveMountEffects_complete (/Users/brianlong/Developer/summit/node_modules/.pnpm/react-dom@18.3.1_react@18.3.1/node_modules/react-dom/cjs/react-dom.development.js:24930:9)
    at commitPassiveMountEffects_begin (/Users/brianlong/Developer/summit/node_modules/.pnpm/react-dom@18.3.1_react@18.3.1/node_modules/react-dom/cjs/react-dom.development.js:24917:7)
    at commitPassiveMountEffects (/Users/brianlong/Developer/summit/node_modules/.pnpm/react-dom@18.3.1_react@18.3.1/node_modules/react-dom/cjs/react-dom.development.js:24905:3)
    at flushPassiveEffectsImpl (/Users/brianlong/Developer/summit/node_modules/.pnpm/react-dom@18.3.1_react@18.3.1/node_modules/react-dom/cjs/react-dom.development.js:27078:3)
    at flushPassiveEffects (/Users/brianlong/Developer/summit/node_modules/.pnpm/react-dom@18.3.1_react@18.3.1/node_modules/react-dom/cjs/react-dom.development.js:27023:14)
    at /Users/brianlong/Developer/summit/node_modules/.pnpm/react-dom@18.3.1_react@18.3.1/node_modules/react-dom/cjs/react-dom.development.js:26808:9
    at flushActQueue (/Users/brianlong/Developer/summit/node_modules/.pnpm/react@18.3.1/node_modules/react/cjs/react.development.js:2667:24)
    at act (/Users/brianlong/Developer/summit/node_modules/.pnpm/react@18.3.1/node_modules/react/cjs/react.development.js:2582:11)
    at actWithWarning (/Users/brianlong/Developer/summit/node_modules/.pnpm/react-dom@18.3.1_react@18.3.1/node_modules/react-dom/cjs/react-dom-test-utils.development.js:1740:10)
    at /Users/brianlong/Developer/summit/node_modules/.pnpm/@testing-library+react@13.4.0_@types+react@18.3.11_react-dom@18.3.1_react@18.3.1__react@18.3.1/node_modules/@testing-library/react/dist/act-compat.js:63:25
    at renderRoot (/Users/brianlong/Developer/summit/node_modules/.pnpm/@testing-library+react@13.4.0_@types+react@18.3.11_react-dom@18.3.1_react@18.3.1__react@18.3.1/node_modules/@testing-library/react/dist/pure.js:159:26)
    at render (/Users/brianlong/Developer/summit/node_modules/.pnpm/@testing-library+react@13.4.0_@types+react@18.3.11_react-dom@18.3.1_react@18.3.1__react@18.3.1/node_modules/@testing-library/react/dist/pure.js:246:10)
    at renderWithTheme (/Users/brianlong/Developer/summit/client/src/components/ai-enhanced/__tests__/EnhancedAIAssistant.test.tsx:27:16)
    at Object.&lt;anonymous&gt; (/Users/brianlong/Developer/summit/client/src/components/ai-enhanced/__tests__/EnhancedAIAssistant.test.tsx:200:35)
    at Promise.finally.completed (/Users/brianlong/Developer/summit/node_modules/.pnpm/jest-circus@30.2.0_babel-plugin-macros@3.1.0/node_modules/jest-circus/build/jestAdapterInit.js:1557:28)
    at new Promise (&lt;anonymous&gt;)
    at callAsyncCircusFn (/Users/brianlong/Developer/summit/node_modules/.pnpm/jest-circus@30.2.0_babel-plugin-macros@3.1.0/node_modules/jest-circus/build/jestAdapterInit.js:1497:10)
    at _callCircusTest (/Users/brianlong/Developer/summit/node_modules/.pnpm/jest-circus@30.2.0_babel-plugin-macros@3.1.0/node_modules/jest-circus/build/jestAdapterInit.js:1007:40)
    at processTicksAndRejections (node:internal/process/task_queues:95:5)
    at _runTest (/Users/brianlong/Developer/summit/node_modules/.pnpm/jest-circus@30.2.0_babel-plugin-macros@3.1.0/node_modules/jest-circus/build/jestAdapterInit.js:947:3)
    at /Users/brianlong/Developer/summit/node_modules/.pnpm/jest-circus@30.2.0_babel-plugin-macros@3.1.0/node_modules/jest-circus/build/jestAdapterInit.js:849:7
    at _runTestsForDescribeBlock (/Users/brianlong/Developer/summit/node_modules/.pnpm/jest-circus@30.2.0_babel-plugin-macros@3.1.0/node_modules/jest-circus/build/jestAdapterInit.js:862:11)
    at _runTestsForDescribeBlock (/Users/brianlong/Developer/summit/node_modules/.pnpm/jest-circus@30.2.0_babel-plugin-macros@3.1.0/node_modules/jest-circus/build/jestAdapterInit.js:857:11)
    at run (/Users/brianlong/Developer/summit/node_modules/.pnpm/jest-circus@30.2.0_babel-plugin-macros@3.1.0/node_modules/jest-circus/build/jestAdapterInit.js:761:3)
    at runAndTransformResultsToJestFormat (/Users/brianlong/Developer/summit/node_modules/.pnpm/jest-circus@30.2.0_babel-plugin-macros@3.1.0/node_modules/jest-circus/build/jestAdapterInit.js:1918:21)
    at jestAdapter (/Users/brianlong/Developer/summit/node_modules/.pnpm/jest-circus@30.2.0_babel-plugin-macros@3.1.0/node_modules/jest-circus/build/runner.js:101:19)
    at runTestInternal (/Users/brianlong/Developer/summit/node_modules/.pnpm/jest-runner@30.2.0/node_modules/jest-runner/build/testWorker.js:275:16)
    at runTest (/Users/brianlong/Developer/summit/node_modules/.pnpm/jest-runner@30.2.0/node_modules/jest-runner/build/testWorker.js:343:7)
    at Object.worker (/Users/brianlong/Developer/summit/node_modules/.pnpm/jest-runner@30.2.0/node_modules/jest-runner/build/testWorker.js:497:12)</failure>
    </testcase>
    <testcase classname="EnhancedAIAssistant" name="voice input pipes transcript into the log deterministically" time="0.044">
      <failure>TypeError: messagesEndRef.current?.scrollTo is not a function
    at /Users/brianlong/Developer/summit/client/src/components/ai-enhanced/EnhancedAIAssistant.tsx:218:29
    at commitHookEffectListMount (/Users/brianlong/Developer/summit/node_modules/.pnpm/react-dom@18.3.1_react@18.3.1/node_modules/react-dom/cjs/react-dom.development.js:23189:26)
    at commitPassiveMountOnFiber (/Users/brianlong/Developer/summit/node_modules/.pnpm/react-dom@18.3.1_react@18.3.1/node_modules/react-dom/cjs/react-dom.development.js:24970:11)
    at commitPassiveMountEffects_complete (/Users/brianlong/Developer/summit/node_modules/.pnpm/react-dom@18.3.1_react@18.3.1/node_modules/react-dom/cjs/react-dom.development.js:24930:9)
    at commitPassiveMountEffects_begin (/Users/brianlong/Developer/summit/node_modules/.pnpm/react-dom@18.3.1_react@18.3.1/node_modules/react-dom/cjs/react-dom.development.js:24917:7)
    at commitPassiveMountEffects (/Users/brianlong/Developer/summit/node_modules/.pnpm/react-dom@18.3.1_react@18.3.1/node_modules/react-dom/cjs/react-dom.development.js:24905:3)
    at flushPassiveEffectsImpl (/Users/brianlong/Developer/summit/node_modules/.pnpm/react-dom@18.3.1_react@18.3.1/node_modules/react-dom/cjs/react-dom.development.js:27078:3)
    at flushPassiveEffects (/Users/brianlong/Developer/summit/node_modules/.pnpm/react-dom@18.3.1_react@18.3.1/node_modules/react-dom/cjs/react-dom.development.js:27023:14)
    at /Users/brianlong/Developer/summit/node_modules/.pnpm/react-dom@18.3.1_react@18.3.1/node_modules/react-dom/cjs/react-dom.development.js:26808:9
    at flushActQueue (/Users/brianlong/Developer/summit/node_modules/.pnpm/react@18.3.1/node_modules/react/cjs/react.development.js:2667:24)
    at act (/Users/brianlong/Developer/summit/node_modules/.pnpm/react@18.3.1/node_modules/react/cjs/react.development.js:2582:11)
[...]
    at _dispatchDescribe (/Users/brianlong/Developer/summit/node_modules/.pnpm/jest-circus@30.2.0_babel-plugin-macros@3.1.0/node_modules/jest-circus/build/jestAdapterInit.js:604:26)
    at describe (/Users/brianlong/Developer/summit/node_modules/.pnpm/jest-circus@30.2.0_babel-plugin-macros@3.1.0/node_modules/jest-circus/build/jestAdapterInit.js:572:44)
    at Object.&lt;anonymous&gt; (/Users/brianlong/Developer/summit/client/src/components/intelligence/__tests__/ThreatIntelligenceHub.test.tsx:13:1)
    at Runtime._execModule (/Users/brianlong/Developer/summit/node_modules/.pnpm/jest-runtime@30.2.0/node_modules/jest-runtime/build/index.js:1268:24)
    at Runtime._loadModule (/Users/brianlong/Developer/summit/node_modules/.pnpm/jest-runtime@30.2.0/node_modules/jest-runtime/build/index.js:944:12)
    at Runtime.requireModule (/Users/brianlong/Developer/summit/node_modules/.pnpm/jest-runtime@30.2.0/node_modules/jest-runtime/build/index.js:832:12)
    at jestAdapter (/Users/brianlong/Developer/summit/node_modules/.pnpm/jest-circus@30.2.0_babel-plugin-macros@3.1.0/node_modules/jest-circus/build/runner.js:95:13)
    at processTicksAndRejections (node:internal/process/task_queues:95:5)
    at runTestInternal (/Users/brianlong/Developer/summit/node_modules/.pnpm/jest-runner@30.2.0/node_modules/jest-runner/build/testWorker.js:275:16)
    at runTest (/Users/brianlong/Developer/summit/node_modules/.pnpm/jest-runner@30.2.0/node_modules/jest-runner/build/testWorker.js:343:7)
    at Object.worker (/Users/brianlong/Developer/summit/node_modules/.pnpm/jest-runner@30.2.0/node_modules/jest-runner/build/testWorker.js:497:12)</failure>
    </testcase>
    <testcase classname="ThreatIntelligenceHub" name="calls indicator select callback" time="5.01">
      <failure>Error: thrown: &quot;Exceeded timeout of 5000 ms for a test.
Add a timeout value to this test to increase the timeout, if this is a long-running test. See https://jestjs.io/docs/api#testname-fn-timeout.&quot;
    at /Users/brianlong/Developer/summit/client/src/components/intelligence/__tests__/ThreatIntelligenceHub.test.tsx:141:3
    at _dispatchDescribe (/Users/brianlong/Developer/summit/node_modules/.pnpm/jest-circus@30.2.0_babel-plugin-macros@3.1.0/node_modules/jest-circus/build/jestAdapterInit.js:604:26)
    at describe (/Users/brianlong/Developer/summit/node_modules/.pnpm/jest-circus@30.2.0_babel-plugin-macros@3.1.0/node_modules/jest-circus/build/jestAdapterInit.js:572:44)
    at Object.&lt;anonymous&gt; (/Users/brianlong/Developer/summit/client/src/components/intelligence/__tests__/ThreatIntelligenceHub.test.tsx:13:1)
    at Runtime._execModule (/Users/brianlong/Developer/summit/node_modules/.pnpm/jest-runtime@30.2.0/node_modules/jest-runtime/build/index.js:1268:24)
    at Runtime._loadModule (/Users/brianlong/Developer/summit/node_modules/.pnpm/jest-runtime@30.2.0/node_modules/jest-runtime/build/index.js:944:12)
    at Runtime.requireModule (/Users/brianlong/Developer/summit/node_modules/.pnpm/jest-runtime@30.2.0/node_modules/jest-runtime/build/index.js:832:12)
    at jestAdapter (/Users/brianlong/Developer/summit/node_modules/.pnpm/jest-circus@30.2.0_babel-plugin-macros@3.1.0/node_modules/jest-circus/build/runner.js:95:13)
    at processTicksAndRejections (node:internal/process/task_queues:95:5)
    at runTestInternal (/Users/brianlong/Developer/summit/node_modules/.pnpm/jest-runner@30.2.0/node_modules/jest-runner/build/testWorker.js:275:16)
    at runTest (/Users/brianlong/Developer/summit/node_modules/.pnpm/jest-runner@30.2.0/node_modules/jest-runner/build/testWorker.js:343:7)
    at Object.worker (/Users/brianlong/Developer/summit/node_modules/.pnpm/jest-runner@30.2.0/node_modules/jest-runner/build/testWorker.js:497:12)</failure>
    </testcase>
    <testcase classname="ThreatIntelligenceHub" name="calls campaign select callback" time="5.021">
      <failure>Error: thrown: &quot;Exceeded timeout of 5000 ms for a test.
Add a timeout value to this test to increase the timeout, if this is a long-running test. See https://jestjs.io/docs/api#testname-fn-timeout.&quot;
    at /Users/brianlong/Developer/summit/client/src/components/intelligence/__tests__/ThreatIntelligenceHub.test.tsx:162:3
    at _dispatchDescribe (/Users/brianlong/Developer/summit/node_modules/.pnpm/jest-circus@30.2.0_babel-plugin-macros@3.1.0/node_modules/jest-circus/build/jestAdapterInit.js:604:26)
    at describe (/Users/brianlong/Developer/summit/node_modules/.pnpm/jest-circus@30.2.0_babel-plugin-macros@3.1.0/node_modules/jest-circus/build/jestAdapterInit.js:572:44)
    at Object.&lt;anonymous&gt; (/Users/brianlong/Developer/summit/client/src/components/intelligence/__tests__/ThreatIntelligenceHub.test.tsx:13:1)
    at Runtime._execModule (/Users/brianlong/Developer/summit/node_modules/.pnpm/jest-runtime@30.2.0/node_modules/jest-runtime/build/index.js:1268:24)
    at Runtime._loadModule (/Users/brianlong/Developer/summit/node_modules/.pnpm/jest-runtime@30.2.0/node_modules/jest-runtime/build/index.js:944:12)
    at Runtime.requireModule (/Users/brianlong/Developer/summit/node_modules/.pnpm/jest-runtime@30.2.0/node_modules/jest-runtime/build/index.js:832:12)
    at jestAdapter (/Users/brianlong/Developer/summit/node_modules/.pnpm/jest-circus@30.2.0_babel-plugin-macros@3.1.0/node_modules/jest-circus/build/runner.js:95:13)
    at processTicksAndRejections (node:internal/process/task_queues:95:5)
    at runTestInternal (/Users/brianlong/Developer/summit/node_modules/.pnpm/jest-runner@30.2.0/node_modules/jest-runner/build/testWorker.js:275:16)
    at runTest (/Users/brianlong/Developer/summit/node_modules/.pnpm/jest-runner@30.2.0/node_modules/jest-runner/build/testWorker.js:343:7)
    at Object.worker (/Users/brianlong/Developer/summit/node_modules/.pnpm/jest-runner@30.2.0/node_modules/jest-runner/build/testWorker.js:497:12)</failure>
    </testcase>
    <testcase classname="ThreatIntelligenceHub" name="calls actor select callback" time="5.01">
      <failure>Error: thrown: &quot;Exceeded timeout of 5000 ms for a test.
Add a timeout value to this test to increase the timeout, if this is a long-running test. See https://jestjs.io/docs/api#testname-fn-timeout.&quot;
    at /Users/brianlong/Developer/summit/client/src/components/intelligence/__tests__/ThreatIntelligenceHub.test.tsx:186:3
    at _dispatchDescribe (/Users/brianlong/Developer/summit/node_modules/.pnpm/jest-circus@30.2.0_babel-plugin-macros@3.1.0/node_modules/jest-circus/build/jestAdapterInit.js:604:26)
    at describe (/Users/brianlong/Developer/summit/node_modules/.pnpm/jest-circus@30.2.0_babel-plugin-macros@3.1.0/node_modules/jest-circus/build/jestAdapterInit.js:572:44)
    at Object.&lt;anonymous&gt; (/Users/brianlong/Developer/summit/client/src/components/intelligence/__tests__/ThreatIntelligenceHub.test.tsx:13:1)
    at Runtime._execModule (/Users/brianlong/Developer/summit/node_modules/.pnpm/jest-runtime@30.2.0/node_modules/jest-runtime/build/index.js:1268:24)
    at Runtime._loadModule (/Users/brianlong/Developer/summit/node_modules/.pnpm/jest-runtime@30.2.0/node_modules/jest-runtime/build/index.js:944:12)
    at Runtime.requireModule (/Users/brianlong/Developer/summit/node_modules/.pnpm/jest-runtime@30.2.0/node_modules/jest-runtime/build/index.js:832:12)
    at jestAdapter (/Users/brianlong/Developer/summit/node_modules/.pnpm/jest-circus@30.2.0_babel-plugin-macros@3.1.0/node_modules/jest-circus/build/runner.js:95:13)
    at processTicksAndRejections (node:internal/process/task_queues:95:5)
    at runTestInternal (/Users/brianlong/Developer/summit/node_modules/.pnpm/jest-runner@30.2.0/node_modules/jest-runner/build/testWorker.js:275:16)
    at runTest (/Users/brianlong/Developer/summit/node_modules/.pnpm/jest-runner@30.2.0/node_modules/jest-runner/build/testWorker.js:343:7)
    at Object.worker (/Users/brianlong/Developer/summit/node_modules/.pnpm/jest-runner@30.2.0/node_modules/jest-runner/build/testWorker.js:497:12)</failure>
    </testcase>
    <testcase classname="ThreatIntelligenceHub" name="handles investigation ID prop" time="0.012">
    </testcase>
    <testcase classname="ThreatIntelligenceHub" name="displays severity colors correctly" time="0.01">
    </testcase>
    <testcase classname="ThreatIntelligenceHub" name="displays indicator type icons" time="0.009">
    </testcase>
    <testcase classname="ThreatIntelligenceHub" name="shows last updated timestamp" time="0.011">
    </testcase>
    <testcase classname="ThreatIntelligenceHub" name="handles auto-refresh when enabled" time="0.013">
      <failure>ReferenceError: act is not defined
    at Object.&lt;anonymous&gt; (/Users/brianlong/Developer/summit/client/src/components/intelligence/__tests__/ThreatIntelligenceHub.test.tsx:243:5)
    at Promise.finally.completed (/Users/brianlong/Developer/summit/node_modules/.pnpm/jest-circus@30.2.0_babel-plugin-macros@3.1.0/node_modules/jest-circus/build/jestAdapterInit.js:1557:28)
    at new Promise (&lt;anonymous&gt;)
    at callAsyncCircusFn (/Users/brianlong/Developer/summit/node_modules/.pnpm/jest-circus@30.2.0_babel-plugin-macros@3.1.0/node_modules/jest-circus/build/jestAdapterInit.js:1497:10)
    at _callCircusTest (/Users/brianlong/Developer/summit/node_modules/.pnpm/jest-circus@30.2.0_babel-plugin-macros@3.1.0/node_modules/jest-circus/build/jestAdapterInit.js:1007:40)
    at _runTest (/Users/brianlong/Developer/summit/node_modules/.pnpm/jest-circus@30.2.0_babel-plugin-macros@3.1.0/node_modules/jest-circus/build/jestAdapterInit.js:947:3)
    at /Users/brianlong/Developer/summit/node_modules/.pnpm/jest-circus@30.2.0_babel-plugin-macros@3.1.0/node_modules/jest-circus/build/jestAdapterInit.js:849:7
    at _runTestsForDescribeBlock (/Users/brianlong/Developer/summit/node_modules/.pnpm/jest-circus@30.2.0_babel-plugin-macros@3.1.0/node_modules/jest-circus/build/jestAdapterInit.js:862:11)
    at _runTestsForDescribeBlock (/Users/brianlong/Developer/summit/node_modules/.pnpm/jest-circus@30.2.0_babel-plugin-macros@3.1.0/node_modules/jest-circus/build/jestAdapterInit.js:857:11)
    at run (/Users/brianlong/Developer/summit/node_modules/.pnpm/jest-circus@30.2.0_babel-plugin-macros@3.1.0/node_modules/jest-circus/build/jestAdapterInit.js:761:3)
    at runAndTransformResultsToJestFormat (/Users/brianlong/Developer/summit/node_modules/.pnpm/jest-circus@30.2.0_babel-plugin-macros@3.1.0/node_modules/jest-circus/build/jestAdapterInit.js:1918:21)
    at jestAdapter (/Users/brianlong/Developer/summit/node_modules/.pnpm/jest-circus@30.2.0_babel-plugin-macros@3.1.0/node_modules/jest-circus/build/runner.js:101:19)
    at runTestInternal (/Users/brianlong/Developer/summit/node_modules/.pnpm/jest-runner@30.2.0/node_modules/jest-runner/build/testWorker.js:275:16)
    at runTest (/Users/brianlong/Developer/summit/node_modules/.pnpm/jest-runner@30.2.0/node_modules/jest-runner/build/testWorker.js:343:7)
    at Object.worker (/Users/brianlong/Developer/summit/node_modules/.pnpm/jest-runner@30.2.0/node_modules/jest-runner/build/testWorker.js:497:12)</failure>
    </testcase>
    <testcase classname="ThreatIntelligenceHub" name="displays feed status information" time="5.097">
      <failure>Error: thrown: &quot;Exceeded timeout of 5000 ms for a test.
Add a timeout value to this test to increase the timeout, if this is a long-running test. See https://jestjs.io/docs/api#testname-fn-timeout.&quot;
    at /Users/brianlong/Developer/summit/client/src/components/intelligence/__tests__/ThreatIntelligenceHub.test.tsx:251:3
    at _dispatchDescribe (/Users/brianlong/Developer/summit/node_modules/.pnpm/jest-circus@30.2.0_babel-plugin-macros@3.1.0/node_modules/jest-circus/build/jestAdapterInit.js:604:26)
    at describe (/Users/brianlong/Developer/summit/node_modules/.pnpm/jest-circus@30.2.0_babel-plugin-macros@3.1.0/node_modules/jest-circus/build/jestAdapterInit.js:572:44)
    at Object.&lt;anonymous&gt; (/Users/brianlong/Developer/summit/client/src/components/intelligence/__tests__/ThreatIntelligenceHub.test.tsx:13:1)
    at Runtime._execModule (/Users/brianlong/Developer/summit/node_modules/.pnpm/jest-runtime@30.2.0/node_modules/jest-runtime/build/index.js:1268:24)
    at Runtime._loadModule (/Users/brianlong/Developer/summit/node_modules/.pnpm/jest-runtime@30.2.0/node_modules/jest-runtime/build/index.js:944:12)
    at Runtime.requireModule (/Users/brianlong/Developer/summit/node_modules/.pnpm/jest-runtime@30.2.0/node_modules/jest-runtime/build/index.js:832:12)
    at jestAdapter (/Users/brianlong/Developer/summit/node_modules/.pnpm/jest-circus@30.2.0_babel-plugin-macros@3.1.0/node_modules/jest-circus/build/runner.js:95:13)
    at processTicksAndRejections (node:internal/process/task_queues:95:5)
    at runTestInternal (/Users/brianlong/Developer/summit/node_modules/.pnpm/jest-runner@30.2.0/node_modules/jest-runner/build/testWorker.js:275:16)
    at runTest (/Users/brianlong/Developer/summit/node_modules/.pnpm/jest-runner@30.2.0/node_modules/jest-runner/build/testWorker.js:343:7)
    at Object.worker (/Users/brianlong/Developer/summit/node_modules/.pnpm/jest-runner@30.2.0/node_modules/jest-runner/build/testWorker.js:497:12)</failure>
    </testcase>
    <testcase classname="ThreatIntelligenceHub" name="applies custom className" time="0.024">
    </testcase>
    <testcase classname="ThreatIntelligenceHub" name="handles empty search results" time="5.005">
      <failure>Error: thrown: &quot;Exceeded timeout of 5000 ms for a test.
Add a timeout value to this test to increase the timeout, if this is a long-running test. See https://jestjs.io/docs/api#testname-fn-timeout.&quot;
    at /Users/brianlong/Developer/summit/client/src/components/intelligence/__tests__/ThreatIntelligenceHub.test.tsx:278:3
    at _dispatchDescribe (/Users/brianlong/Developer/summit/node_modules/.pnpm/jest-circus@30.2.0_babel-plugin-macros@3.1.0/node_modules/jest-circus/build/jestAdapterInit.js:604:26)
    at describe (/Users/brianlong/Developer/summit/node_modules/.pnpm/jest-circus@30.2.0_babel-plugin-macros@3.1.0/node_modules/jest-circus/build/jestAdapterInit.js:572:44)
    at Object.&lt;anonymous&gt; (/Users/brianlong/Developer/summit/client/src/components/intelligence/__tests__/ThreatIntelligenceHub.test.tsx:13:1)
    at Runtime._execModule (/Users/brianlong/Developer/summit/node_modules/.pnpm/jest-runtime@30.2.0/node_modules/jest-runtime/build/index.js:1268:24)
    at Runtime._loadModule (/Users/brianlong/Developer/summit/node_modules/.pnpm/jest-runtime@30.2.0/node_modules/jest-runtime/build/index.js:944:12)
    at Runtime.requireModule (/Users/brianlong/Developer/summit/node_modules/.pnpm/jest-runtime@30.2.0/node_modules/jest-runtime/build/index.js:832:12)
    at jestAdapter (/Users/brianlong/Developer/summit/node_modules/.pnpm/jest-circus@30.2.0_babel-plugin-macros@3.1.0/node_modules/jest-circus/build/runner.js:95:13)
    at processTicksAndRejections (node:internal/process/task_queues:95:5)
    at runTestInternal (/Users/brianlong/Developer/summit/node_modules/.pnpm/jest-runner@30.2.0/node_modules/jest-runner/build/testWorker.js:275:16)
    at runTest (/Users/brianlong/Developer/summit/node_modules/.pnpm/jest-runner@30.2.0/node_modules/jest-runner/build/testWorker.js:343:7)
    at Object.worker (/Users/brianlong/Developer/summit/node_modules/.pnpm/jest-runner@30.2.0/node_modules/jest-runner/build/testWorker.js:497:12)</failure>
    </testcase>
    <testcase classname="ThreatIntelligenceHub" name="displays indicator context information" time="5.003">
      <failure>Error: thrown: &quot;Exceeded timeout of 5000 ms for a test.
Add a timeout value to this test to increase the timeout, if this is a long-running test. See https://jestjs.io/docs/api#testname-fn-timeout.&quot;
    at /Users/brianlong/Developer/summit/client/src/components/intelligence/__tests__/ThreatIntelligenceHub.test.tsx:291:3
    at _dispatchDescribe (/Users/brianlong/Developer/summit/node_modules/.pnpm/jest-circus@30.2.0_babel-plugin-macros@3.1.0/node_modules/jest-circus/build/jestAdapterInit.js:604:26)
    at describe (/Users/brianlong/Developer/summit/node_modules/.pnpm/jest-circus@30.2.0_babel-plugin-macros@3.1.0/node_modules/jest-circus/build/jestAdapterInit.js:572:44)
    at Object.&lt;anonymous&gt; (/Users/brianlong/Developer/summit/client/src/components/intelligence/__tests__/ThreatIntelligenceHub.test.tsx:13:1)
    at Runtime._execModule (/Users/brianlong/Developer/summit/node_modules/.pnpm/jest-runtime@30.2.0/node_modules/jest-runtime/build/index.js:1268:24)
    at Runtime._loadModule (/Users/brianlong/Developer/summit/node_modules/.pnpm/jest-runtime@30.2.0/node_modules/jest-runtime/build/index.js:944:12)
    at Runtime.requireModule (/Users/brianlong/Developer/summit/node_modules/.pnpm/jest-runtime@30.2.0/node_modules/jest-runtime/build/index.js:832:12)
    at jestAdapter (/Users/brianlong/Developer/summit/node_modules/.pnpm/jest-circus@30.2.0_babel-plugin-macros@3.1.0/node_modules/jest-circus/build/runner.js:95:13)
    at processTicksAndRejections (node:internal/process/task_queues:95:5)
    at runTestInternal (/Users/brianlong/Developer/summit/node_modules/.pnpm/jest-runner@30.2.0/node_modules/jest-runner/build/testWorker.js:275:16)
    at runTest (/Users/brianlong/Developer/summit/node_modules/.pnpm/jest-runner@30.2.0/node_modules/jest-runner/build/testWorker.js:343:7)
    at Object.worker (/Users/brianlong/Developer/summit/node_modules/.pnpm/jest-runner@30.2.0/node_modules/jest-runner/build/testWorker.js:497:12)</failure>
    </testcase>
    <testcase classname="ThreatIntelligenceHub" name="shows indicator confidence scores" time="0.011">
    </testcase>
    <testcase classname="ThreatIntelligenceHub" name="handles component cleanup on unmount" time="0.006">
    </testcase>
    <testcase classname="ThreatIntelligenceHub" name="supports keyboard navigation" time="0.009">
    </testcase>
    <testcase classname="ThreatIntelligenceHub" name="updates counters in tab labels" time="5.005">
      <failure>Error: thrown: &quot;Exceeded timeout of 5000 ms for a test.
Add a timeout value to this test to increase the timeout, if this is a long-running test. See https://jestjs.io/docs/api#testname-fn-timeout.&quot;
    at /Users/brianlong/Developer/summit/client/src/components/intelligence/__tests__/ThreatIntelligenceHub.test.tsx:338:3
    at _dispatchDescribe (/Users/brianlong/Developer/summit/node_modules/.pnpm/jest-circus@30.2.0_babel-plugin-macros@3.1.0/node_modules/jest-circus/build/jestAdapterInit.js:604:26)
    at describe (/Users/brianlong/Developer/summit/node_modules/.pnpm/jest-circus@30.2.0_babel-plugin-macros@3.1.0/node_modules/jest-circus/build/jestAdapterInit.js:572:44)
    at Object.&lt;anonymous&gt; (/Users/brianlong/Developer/summit/client/src/components/intelligence/__tests__/ThreatIntelligenceHub.test.tsx:13:1)
    at Runtime._execModule (/Users/brianlong/Developer/summit/node_modules/.pnpm/jest-runtime@30.2.0/node_modules/jest-runtime/build/index.js:1268:24)
    at Runtime._loadModule (/Users/brianlong/Developer/summit/node_modules/.pnpm/jest-runtime@30.2.0/node_modules/jest-runtime/build/index.js:944:12)
    at Runtime.requireModule (/Users/brianlong/Developer/summit/node_modules/.pnpm/jest-runtime@30.2.0/node_modules/jest-runtime/build/index.js:832:12)
    at jestAdapter (/Users/brianlong/Developer/summit/node_modules/.pnpm/jest-circus@30.2.0_babel-plugin-macros@3.1.0/node_modules/jest-circus/build/runner.js:95:13)
    at processTicksAndRejections (node:internal/process/task_queues:95:5)
    at runTestInternal (/Users/brianlong/Developer/summit/node_modules/.pnpm/jest-runner@30.2.0/node_modules/jest-runner/build/testWorker.js:275:16)
    at runTest (/Users/brianlong/Developer/summit/node_modules/.pnpm/jest-runner@30.2.0/node_modules/jest-runner/build/testWorker.js:343:7)
    at Object.worker (/Users/brianlong/Developer/summit/node_modules/.pnpm/jest-runner@30.2.0/node_modules/jest-runner/build/testWorker.js:497:12)</failure>
    </testcase>
  </testsuite>
</testsuites>