<?xml version="1.0" encoding="UTF-8"?>
<testsuites name="jest tests" tests="133" failures="63" errors="0" time="108.423">
  <testsuite name="PerformanceMonitor" errors="0" failures="12" skipped="0" timestamp="2025-11-20T00:23:03" time="6.829" tests="15">
    <testcase classname="PerformanceMonitor" name="renders performance indicator when enabled" time="0.53">
      <failure>TypeError: performance.getEntriesByType is not a function
    at /Users/brianlong/Developer/summit/client/src/components/PerformanceMonitor.tsx:35:33
    at /Users/brianlong/Developer/summit/client/src/components/PerformanceMonitor.tsx:78:28
    at commitHookEffectListMount (/Users/brianlong/Developer/summit/node_modules/.pnpm/react-dom@18.3.1_react@18.3.1/node_modules/react-dom/cjs/react-dom.development.js:23189:26)
    at commitPassiveMountOnFiber (/Users/brianlong/Developer/summit/node_modules/.pnpm/react-dom@18.3.1_react@18.3.1/node_modules/react-dom/cjs/react-dom.development.js:24970:11)
    at commitPassiveMountEffects_complete (/Users/brianlong/Developer/summit/node_modules/.pnpm/react-dom@18.3.1_react@18.3.1/node_modules/react-dom/cjs/react-dom.development.js:24930:9)
    at commitPassiveMountEffects_begin (/Users/brianlong/Developer/summit/node_modules/.pnpm/react-dom@18.3.1_react@18.3.1/node_modules/react-dom/cjs/react-dom.development.js:24917:7)
    at commitPassiveMountEffects (/Users/brianlong/Developer/summit/node_modules/.pnpm/react-dom@18.3.1_react@18.3.1/node_modules/react-dom/cjs/react-dom.development.js:24905:3)
    at flushPassiveEffectsImpl (/Users/brianlong/Developer/summit/node_modules/.pnpm/react-dom@18.3.1_react@18.3.1/node_modules/react-dom/cjs/react-dom.development.js:27078:3)
    at flushPassiveEffects (/Users/brianlong/Developer/summit/node_modules/.pnpm/react-dom@18.3.1_react@18.3.1/node_modules/react-dom/cjs/react-dom.development.js:27023:14)
    at /Users/brianlong/Developer/summit/node_modules/.pnpm/react-dom@18.3.1_react@18.3.1/node_modules/react-dom/cjs/react-dom.development.js:26808:9
    at flushActQueue (/Users/brianlong/Developer/summit/node_modules/.pnpm/react@18.3.1/node_modules/react/cjs/react.development.js:2667:24)
    at act (/Users/brianlong/Developer/summit/node_modules/.pnpm/react@18.3.1/node_modules/react/cjs/react.development.js:2582:11)
    at actWithWarning (/Users/brianlong/Developer/summit/node_modules/.pnpm/react-dom@18.3.1_react@18.3.1/node_modules/react-dom/cjs/react-dom-test-utils.development.js:1740:10)
    at /Users/brianlong/Developer/summit/node_modules/.pnpm/@testing-library+react@13.4.0_@types+react@19.2.5_react-dom@18.3.1_react@18.3.1__react@18.3.1/node_modules/@testing-library/react/dist/act-compat.js:63:25
    at renderRoot (/Users/brianlong/Developer/summit/node_modules/.pnpm/@testing-library+react@13.4.0_@types+react@19.2.5_react-dom@18.3.1_react@18.3.1__react@18.3.1/node_modules/@testing-library/react/dist/pure.js:159:26)
    at render (/Users/brianlong/Developer/summit/node_modules/.pnpm/@testing-library+react@13.4.0_@types+react@19.2.5_react-dom@18.3.1_react@18.3.1__react@18.3.1/node_modules/@testing-library/react/dist/pure.js:246:10)
    at Object.&lt;anonymous&gt; (/Users/brianlong/Developer/summit/client/src/components/__tests__/PerformanceMonitor.test.tsx:64:11)
    at Promise.finally.completed (/Users/brianlong/Developer/summit/node_modules/.pnpm/jest-circus@30.2.0_babel-plugin-macros@3.1.0/node_modules/jest-circus/build/jestAdapterInit.js:1557:28)
    at new Promise (&lt;anonymous&gt;)
    at callAsyncCircusFn (/Users/brianlong/Developer/summit/node_modules/.pnpm/jest-circus@30.2.0_babel-plugin-macros@3.1.0/node_modules/jest-circus/build/jestAdapterInit.js:1497:10)
    at _callCircusTest (/Users/brianlong/Developer/summit/node_modules/.pnpm/jest-circus@30.2.0_babel-plugin-macros@3.1.0/node_modules/jest-circus/build/jestAdapterInit.js:1007:40)
    at processTicksAndRejections (node:internal/process/task_queues:95:5)
    at _runTest (/Users/brianlong/Developer/summit/node_modules/.pnpm/jest-circus@30.2.0_babel-plugin-macros@3.1.0/node_modules/jest-circus/build/jestAdapterInit.js:947:3)
    at /Users/brianlong/Developer/summit/node_modules/.pnpm/jest-circus@30.2.0_babel-plugin-macros@3.1.0/node_modules/jest-circus/build/jestAdapterInit.js:849:7
    at _runTestsForDescribeBlock (/Users/brianlong/Developer/summit/node_modules/.pnpm/jest-circus@30.2.0_babel-plugin-macros@3.1.0/node_modules/jest-circus/build/jestAdapterInit.js:862:11)
    at _runTestsForDescribeBlock (/Users/brianlong/Developer/summit/node_modules/.pnpm/jest-circus@30.2.0_babel-plugin-macros@3.1.0/node_modules/jest-circus/build/jestAdapterInit.js:857:11)
    at run (/Users/brianlong/Developer/summit/node_modules/.pnpm/jest-circus@30.2.0_babel-plugin-macros@3.1.0/node_modules/jest-circus/build/jestAdapterInit.js:761:3)
    at runAndTransformResultsToJestFormat (/Users/brianlong/Developer/summit/node_modules/.pnpm/jest-circus@30.2.0_babel-plugin-macros@3.1.0/node_modules/jest-circus/build/jestAdapterInit.js:1918:21)
    at jestAdapter (/Users/brianlong/Developer/summit/node_modules/.pnpm/jest-circus@30.2.0_babel-plugin-macros@3.1.0/node_modules/jest-circus/build/runner.js:101:19)
    at runTestInternal (/Users/brianlong/Developer/summit/node_modules/.pnpm/jest-runner@30.2.0/node_modules/jest-runner/build/testWorker.js:275:16)
    at runTest (/Users/brianlong/Developer/summit/node_modules/.pnpm/jest-runner@30.2.0/node_modules/jest-runner/build/testWorker.js:343:7)
    at Object.worker (/Users/brianlong/Developer/summit/node_modules/.pnpm/jest-runner@30.2.0/node_modules/jest-runner/build/testWorker.js:497:12)</failure>
      <failure>TypeError: performance.getEntriesByType is not a function
    at /Users/brianlong/Developer/summit/client/src/components/PerformanceMonitor.tsx:35:33
    at /Users/brianlong/Developer/summit/client/src/components/PerformanceMonitor.tsx:63:26
    at callTimer (/Users/brianlong/Developer/summit/node_modules/.pnpm/@sinonjs+fake-timers@13.0.5/node_modules/@sinonjs/fake-timers/src/fake-timers-src.js:806:24)
    at doTickInner (/Users/brianlong/Developer/summit/node_modules/.pnpm/@sinonjs+fake-timers@13.0.5/node_modules/@sinonjs/fake-timers/src/fake-timers-src.js:1413:29)
    at doTick (/Users/brianlong/Developer/summit/node_modules/.pnpm/@sinonjs+fake-timers@13.0.5/node_modules/@sinonjs/fake-timers/src/fake-timers-src.js:1494:20)
    at Object.tick (/Users/brianlong/Developer/summit/node_modules/.pnpm/@sinonjs+fake-timers@13.0.5/node_modules/@sinonjs/fake-timers/src/fake-timers-src.js:1502:20)
    at Object.runToLast (/Users/brianlong/Developer/summit/node_modules/.pnpm/@sinonjs+fake-timers@13.0.5/node_modules/@sinonjs/fake-timers/src/fake-timers-src.js:1661:26)
    at FakeTimers.runOnlyPendingTimers (/Users/brianlong/Developer/summit/node_modules/.pnpm/@jest+fake-timers@30.2.0/node_modules/@jest/fake-timers/build/index.js:542:19)
    at Object.runOnlyPendingTimers (/Users/brianlong/Developer/summit/node_modules/.pnpm/jest-runtime@30.2.0/node_modules/jest-runtime/build/index.js:1804:52)
    at Object.&lt;anonymous&gt; (/Users/brianlong/Developer/summit/client/src/components/__tests__/PerformanceMonitor.test.tsx:58:10)
    at Promise.finally.completed (/Users/brianlong/Developer/summit/node_modules/.pnpm/jest-circus@30.2.0_babel-plugin-macros@3.1.0/node_modules/jest-circus/build/jestAdapterInit.js:1557:28)
    at new Promise (&lt;anonymous&gt;)
    at callAsyncCircusFn (/Users/brianlong/Developer/summit/node_modules/.pnpm/jest-circus@30.2.0_babel-plugin-macros@3.1.0/node_modules/jest-circus/build/jestAdapterInit.js:1497:10)
    at _callCircusHook (/Users/brianlong/Developer/summit/node_modules/.pnpm/jest-circus@30.2.0_babel-plugin-macros@3.1.0/node_modules/jest-circus/build/jestAdapterInit.js:976:40)
    at processTicksAndRejections (node:internal/process/task_queues:95:5)
    at _runTest (/Users/brianlong/Developer/summit/node_modules/.pnpm/jest-circus@30.2.0_babel-plugin-macros@3.1.0/node_modules/jest-circus/build/jestAdapterInit.js:949:5)
    at /Users/brianlong/Developer/summit/node_modules/.pnpm/jest-circus@30.2.0_babel-plugin-macros@3.1.0/node_modules/jest-circus/build/jestAdapterInit.js:849:7
    at _runTestsForDescribeBlock (/Users/brianlong/Developer/summit/node_modules/.pnpm/jest-circus@30.2.0_babel-plugin-macros@3.1.0/node_modules/jest-circus/build/jestAdapterInit.js:862:11)
    at _runTestsForDescribeBlock (/Users/brianlong/Developer/summit/node_modules/.pnpm/jest-circus@30.2.0_babel-plugin-macros@3.1.0/node_modules/jest-circus/build/jestAdapterInit.js:857:11)
    at run (/Users/brianlong/Developer/summit/node_modules/.pnpm/jest-circus@30.2.0_babel-plugin-macros@3.1.0/node_modules/jest-circus/build/jestAdapterInit.js:761:3)
    at runAndTransformResultsToJestFormat (/Users/brianlong/Developer/summit/node_modules/.pnpm/jest-circus@30.2.0_babel-plugin-macros@3.1.0/node_modules/jest-circus/build/jestAdapterInit.js:1918:21)
    at jestAdapter (/Users/brianlong/Developer/summit/node_modules/.pnpm/jest-circus@30.2.0_babel-plugin-macros@3.1.0/node_modules/jest-circus/build/runner.js:101:19)
    at runTestInternal (/Users/brianlong/Developer/summit/node_modules/.pnpm/jest-runner@30.2.0/node_modules/jest-runner/build/testWorker.js:275:16)
    at runTest (/Users/brianlong/Developer/summit/node_modules/.pnpm/jest-runner@30.2.0/node_modules/jest-runner/build/testWorker.js:343:7)
    at Object.worker (/Users/brianlong/Developer/summit/node_modules/.pnpm/jest-runner@30.2.0/node_modules/jest-runner/build/testWorker.js:497:12)</failure>
    </testcase>
    <testcase classname="PerformanceMonitor" name="does not render when disabled" time="0.029">
    </testcase>
    <testcase classname="PerformanceMonitor" name="shows performance details when clicked" time="0.102">
      <failure>TypeError: performance.getEntriesByType is not a function
    at /Users/brianlong/Developer/summit/client/src/components/PerformanceMonitor.tsx:35:33
    at /Users/brianlong/Developer/summit/client/src/components/PerformanceMonitor.tsx:78:28
    at commitHookEffectListMount (/Users/brianlong/Developer/summit/node_modules/.pnpm/react-dom@18.3.1_react@18.3.1/node_modules/react-dom/cjs/react-dom.development.js:23189:26)
    at commitPassiveMountOnFiber (/Users/brianlong/Developer/summit/node_modules/.pnpm/react-dom@18.3.1_react@18.3.1/node_modules/react-dom/cjs/react-dom.development.js:24970:11)
    at commitPassiveMountEffects_complete (/Users/brianlong/Developer/summit/node_modules/.pnpm/react-dom@18.3.1_react@18.3.1/node_modules/react-dom/cjs/react-dom.development.js:24930:9)
    at commitPassiveMountEffects_begin (/Users/brianlong/Developer/summit/node_modules/.pnpm/react-dom@18.3.1_react@18.3.1/node_modules/react-dom/cjs/react-dom.development.js:24917:7)
    at commitPassiveMountEffects (/Users/brianlong/Developer/summit/node_modules/.pnpm/react-dom@18.3.1_react@18.3.1/node_modules/react-dom/cjs/react-dom.development.js:24905:3)
    at flushPassiveEffectsImpl (/Users/brianlong/Developer/summit/node_modules/.pnpm/react-dom@18.3.1_react@18.3.1/node_modules/react-dom/cjs/react-dom.development.js:27078:3)
    at flushPassiveEffects (/Users/brianlong/Developer/summit/node_modules/.pnpm/react-dom@18.3.1_react@18.3.1/node_modules/react-dom/cjs/react-dom.development.js:27023:14)
    at /Users/brianlong/Developer/summit/node_modules/.pnpm/react-dom@18.3.1_react@18.3.1/node_modules/react-dom/cjs/react-dom.development.js:26808:9
    at flushActQueue (/Users/brianlong/Developer/summit/node_modules/.pnpm/react@18.3.1/node_modules/react/cjs/react.development.js:2667:24)
    at act (/Users/brianlong/Developer/summit/node_modules/.pnpm/react@18.3.1/node_modules/react/cjs/react.development.js:2582:11)
    at actWithWarning (/Users/brianlong/Developer/summit/node_modules/.pnpm/react-dom@18.3.1_react@18.3.1/node_modules/react-dom/cjs/react-dom-test-utils.development.js:1740:10)
    at /Users/brianlong/Developer/summit/node_modules/.pnpm/@testing-library+react@13.4.0_@types+react@19.2.5_react-dom@18.3.1_react@18.3.1__react@18.3.1/node_modules/@testing-library/react/dist/act-compat.js:63:25
    at renderRoot (/Users/brianlong/Developer/summit/node_modules/.pnpm/@testing-library+react@13.4.0_@types+react@19.2.5_react-dom@18.3.1_react@18.3.1__react@18.3.1/node_modules/@testing-library/react/dist/pure.js:159:26)
    at render (/Users/brianlong/Developer/summit/node_modules/.pnpm/@testing-library+react@13.4.0_@types+react@19.2.5_react-dom@18.3.1_react@18.3.1__react@18.3.1/node_modules/@testing-library/react/dist/pure.js:246:10)
    at Object.&lt;anonymous&gt; (/Users/brianlong/Developer/summit/client/src/components/__tests__/PerformanceMonitor.test.tsx:77:11)
    at Promise.finally.completed (/Users/brianlong/Developer/summit/node_modules/.pnpm/jest-circus@30.2.0_babel-plugin-macros@3.1.0/node_modules/jest-circus/build/jestAdapterInit.js:1557:28)
    at new Promise (&lt;anonymous&gt;)
    at callAsyncCircusFn (/Users/brianlong/Developer/summit/node_modules/.pnpm/jest-circus@30.2.0_babel-plugin-macros@3.1.0/node_modules/jest-circus/build/jestAdapterInit.js:1497:10)
    at _callCircusTest (/Users/brianlong/Developer/summit/node_modules/.pnpm/jest-circus@30.2.0_babel-plugin-macros@3.1.0/node_modules/jest-circus/build/jestAdapterInit.js:1007:40)
    at processTicksAndRejections (node:internal/process/task_queues:95:5)
    at _runTest (/Users/brianlong/Developer/summit/node_modules/.pnpm/jest-circus@30.2.0_babel-plugin-macros@3.1.0/node_modules/jest-circus/build/jestAdapterInit.js:947:3)
    at /Users/brianlong/Developer/summit/node_modules/.pnpm/jest-circus@30.2.0_babel-plugin-macros@3.1.0/node_modules/jest-circus/build/jestAdapterInit.js:849:7
    at _runTestsForDescribeBlock (/Users/brianlong/Developer/summit/node_modules/.pnpm/jest-circus@30.2.0_babel-plugin-macros@3.1.0/node_modules/jest-circus/build/jestAdapterInit.js:862:11)
    at _runTestsForDescribeBlock (/Users/brianlong/Developer/summit/node_modules/.pnpm/jest-circus@30.2.0_babel-plugin-macros@3.1.0/node_modules/jest-circus/build/jestAdapterInit.js:857:11)
    at run (/Users/brianlong/Developer/summit/node_modules/.pnpm/jest-circus@30.2.0_babel-plugin-macros@3.1.0/node_modules/jest-circus/build/jestAdapterInit.js:761:3)
    at runAndTransformResultsToJestFormat (/Users/brianlong/Developer/summit/node_modules/.pnpm/jest-circus@30.2.0_babel-plugin-macros@3.1.0/node_modules/jest-circus/build/jestAdapterInit.js:1918:21)
    at jestAdapter (/Users/brianlong/Developer/summit/node_modules/.pnpm/jest-circus@30.2.0_babel-plugin-macros@3.1.0/node_modules/jest-circus/build/runner.js:101:19)
    at runTestInternal (/Users/brianlong/Developer/summit/node_modules/.pnpm/jest-runner@30.2.0/node_modules/jest-runner/build/testWorker.js:275:16)
    at runTest (/Users/brianlong/Developer/summit/node_modules/.pnpm/jest-runner@30.2.0/node_modules/jest-runner/build/testWorker.js:343:7)
    at Object.worker (/Users/brianlong/Developer/summit/node_modules/.pnpm/jest-runner@30.2.0/node_modules/jest-runner/build/testWorker.js:497:12)</failure>
      <failure>TypeError: performance.getEntriesByType is not a function
    at /Users/brianlong/Developer/summit/client/src/components/PerformanceMonitor.tsx:35:33
    at /Users/brianlong/Developer/summit/client/src/components/PerformanceMonitor.tsx:63:26
    at callTimer (/Users/brianlong/Developer/summit/node_modules/.pnpm/@sinonjs+fake-timers@13.0.5/node_modules/@sinonjs/fake-timers/src/fake-timers-src.js:806:24)
    at doTickInner (/Users/brianlong/Developer/summit/node_modules/.pnpm/@sinonjs+fake-timers@13.0.5/node_modules/@sinonjs/fake-timers/src/fake-timers-src.js:1413:29)
    at doTick (/Users/brianlong/Developer/summit/node_modules/.pnpm/@sinonjs+fake-timers@13.0.5/node_modules/@sinonjs/fake-timers/src/fake-timers-src.js:1494:20)
    at Object.tick (/Users/brianlong/Developer/summit/node_modules/.pnpm/@sinonjs+fake-timers@13.0.5/node_modules/@sinonjs/fake-timers/src/fake-timers-src.js:1502:20)
    at Object.runToLast (/Users/brianlong/Developer/summit/node_modules/.pnpm/@sinonjs+fake-timers@13.0.5/node_modules/@sinonjs/fake-timers/src/fake-timers-src.js:1661:26)
    at FakeTimers.runOnlyPendingTimers (/Users/brianlong/Developer/summit/node_modules/.pnpm/@jest+fake-timers@30.2.0/node_modules/@jest/fake-timers/build/index.js:542:19)
    at Object.runOnlyPendingTimers (/Users/brianlong/Developer/summit/node_modules/.pnpm/jest-runtime@30.2.0/node_modules/jest-runtime/build/index.js:1804:52)
    at Object.&lt;anonymous&gt; (/Users/brianlong/Developer/summit/client/src/components/__tests__/PerformanceMonitor.test.tsx:58:10)
    at Promise.finally.completed (/Users/brianlong/Developer/summit/node_modules/.pnpm/jest-circus@30.2.0_babel-plugin-macros@3.1.0/node_modules/jest-circus/build/jestAdapterInit.js:1557:28)
    at new Promise (&lt;anonymous&gt;)
    at callAsyncCircusFn (/Users/brianlong/Developer/summit/node_modules/.pnpm/jest-circus@30.2.0_babel-plugin-macros@3.1.0/node_modules/jest-circus/build/jestAdapterInit.js:1497:10)
    at _callCircusHook (/Users/brianlong/Developer/summit/node_modules/.pnpm/jest-circus@30.2.0_babel-plugin-macros@3.1.0/node_modules/jest-circus/build/jestAdapterInit.js:976:40)
    at processTicksAndRejections (node:internal/process/task_queues:95:5)
    at _runTest (/Users/brianlong/Developer/summit/node_modules/.pnpm/jest-circus@30.2.0_babel-plugin-macros@3.1.0/node_modules/jest-circus/build/jestAdapterInit.js:949:5)
    at /Users/brianlong/Developer/summit/node_modules/.pnpm/jest-circus@30.2.0_babel-plugin-macros@3.1.0/node_modules/jest-circus/build/jestAdapterInit.js:849:7
    at _runTestsForDescribeBlock (/Users/brianlong/Developer/summit/node_modules/.pnpm/jest-circus@30.2.0_babel-plugin-macros@3.1.0/node_modules/jest-circus/build/jestAdapterInit.js:862:11)
    at _runTestsForDescribeBlock (/Users/brianlong/Developer/summit/node_modules/.pnpm/jest-circus@30.2.0_babel-plugin-macros@3.1.0/node_modules/jest-circus/build/jestAdapterInit.js:857:11)
    at run (/Users/brianlong/Developer/summit/node_modules/.pnpm/jest-circus@30.2.0_babel-plugin-macros@3.1.0/node_modules/jest-circus/build/jestAdapterInit.js:761:3)
    at runAndTransformResultsToJestFormat (/Users/brianlong/Developer/summit/node_modules/.pnpm/jest-circus@30.2.0_babel-plugin-macros@3.1.0/node_modules/jest-circus/build/jestAdapterInit.js:1918:21)
    at jestAdapter (/Users/brianlong/Developer/summit/node_modules/.pnpm/jest-circus@30.2.0_babel-plugin-macros@3.1.0/node_modules/jest-circus/build/runner.js:101:19)
    at runTestInternal (/Users/brianlong/Developer/summit/node_modules/.pnpm/jest-runner@30.2.0/node_modules/jest-runner/build/testWorker.js:275:16)
    at runTest (/Users/brianlong/Developer/summit/node_modules/.pnpm/jest-runner@30.2.0/node_modules/jest-runner/build/testWorker.js:343:7)
    at Object.worker (/Users/brianlong/Developer/summit/node_modules/.pnpm/jest-runner@30.2.0/node_modules/jest-runner/build/testWorker.js:497:12)</failure>
    </testcase>
    <testcase classname="PerformanceMonitor" name="collects metrics at specified intervals" time="0.175">
      <failure>TypeError: performance.getEntriesByType is not a function
    at /Users/brianlong/Developer/summit/client/src/components/PerformanceMonitor.tsx:35:33
    at /Users/brianlong/Developer/summit/client/src/components/PerformanceMonitor.tsx:78:28
    at commitHookEffectListMount (/Users/brianlong/Developer/summit/node_modules/.pnpm/react-dom@18.3.1_react@18.3.1/node_modules/react-dom/cjs/react-dom.development.js:23189:26)
    at commitPassiveMountOnFiber (/Users/brianlong/Developer/summit/node_modules/.pnpm/react-dom@18.3.1_react@18.3.1/node_modules/react-dom/cjs/react-dom.development.js:24970:11)
    at commitPassiveMountEffects_complete (/Users/brianlong/Developer/summit/node_modules/.pnpm/react-dom@18.3.1_react@18.3.1/node_modules/react-dom/cjs/react-dom.development.js:24930:9)
    at commitPassiveMountEffects_begin (/Users/brianlong/Developer/summit/node_modules/.pnpm/react-dom@18.3.1_react@18.3.1/node_modules/react-dom/cjs/react-dom.development.js:24917:7)
    at commitPassiveMountEffects (/Users/brianlong/Developer/summit/node_modules/.pnpm/react-dom@18.3.1_react@18.3.1/node_modules/react-dom/cjs/react-dom.development.js:24905:3)
    at flushPassiveEffectsImpl (/Users/brianlong/Developer/summit/node_modules/.pnpm/react-dom@18.3.1_react@18.3.1/node_modules/react-dom/cjs/react-dom.development.js:27078:3)
    at flushPassiveEffects (/Users/brianlong/Developer/summit/node_modules/.pnpm/react-dom@18.3.1_react@18.3.1/node_modules/react-dom/cjs/react-dom.development.js:27023:14)
    at /Users/brianlong/Developer/summit/node_modules/.pnpm/react-dom@18.3.1_react@18.3.1/node_modules/react-dom/cjs/react-dom.development.js:26808:9
    at flushActQueue (/Users/brianlong/Developer/summit/node_modules/.pnpm/react@18.3.1/node_modules/react/cjs/react.development.js:2667:24)
    at act (/Users/brianlong/Developer/summit/node_modules/.pnpm/react@18.3.1/node_modules/react/cjs/react.development.js:2582:11)
    at actWithWarning (/Users/brianlong/Developer/summit/node_modules/.pnpm/react-dom@18.3.1_react@18.3.1/node_modules/react-dom/cjs/react-dom-test-utils.development.js:1740:10)
    at /Users/brianlong/Developer/summit/node_modules/.pnpm/@testing-library+react@13.4.0_@types+react@19.2.5_react-dom@18.3.1_react@18.3.1__react@18.3.1/node_modules/@testing-library/react/dist/act-compat.js:63:25
    at renderRoot (/Users/brianlong/Developer/summit/node_modules/.pnpm/@testing-library+react@13.4.0_@types+react@19.2.5_react-dom@18.3.1_react@18.3.1__react@18.3.1/node_modules/@testing-library/react/dist/pure.js:159:26)
    at render (/Users/brianlong/Developer/summit/node_modules/.pnpm/@testing-library+react@13.4.0_@types+react@19.2.5_react-dom@18.3.1_react@18.3.1__react@18.3.1/node_modules/@testing-library/react/dist/pure.js:246:10)
    at Object.&lt;anonymous&gt; (/Users/brianlong/Developer/summit/client/src/components/__tests__/PerformanceMonitor.test.tsx:92:11)
    at Promise.finally.completed (/Users/brianlong/Developer/summit/node_modules/.pnpm/jest-circus@30.2.0_babel-plugin-macros@3.1.0/node_modules/jest-circus/build/jestAdapterInit.js:1557:28)
    at new Promise (&lt;anonymous&gt;)
    at callAsyncCircusFn (/Users/brianlong/Developer/summit/node_modules/.pnpm/jest-circus@30.2.0_babel-plugin-macros@3.1.0/node_modules/jest-circus/build/jestAdapterInit.js:1497:10)
    at _callCircusTest (/Users/brianlong/Developer/summit/node_modules/.pnpm/jest-circus@30.2.0_babel-plugin-macros@3.1.0/node_modules/jest-circus/build/jestAdapterInit.js:1007:40)
    at processTicksAndRejections (node:internal/process/task_queues:95:5)
    at _runTest (/Users/brianlong/Developer/summit/node_modules/.pnpm/jest-circus@30.2.0_babel-plugin-macros@3.1.0/node_modules/jest-circus/build/jestAdapterInit.js:947:3)
    at /Users/brianlong/Developer/summit/node_modules/.pnpm/jest-circus@30.2.0_babel-plugin-macros@3.1.0/node_modules/jest-circus/build/jestAdapterInit.js:849:7
    at _runTestsForDescribeBlock (/Users/brianlong/Developer/summit/node_modules/.pnpm/jest-circus@30.2.0_babel-plugin-macros@3.1.0/node_modules/jest-circus/build/jestAdapterInit.js:862:11)
    at _runTestsForDescribeBlock (/Users/brianlong/Developer/summit/node_modules/.pnpm/jest-circus@30.2.0_babel-plugin-macros@3.1.0/node_modules/jest-circus/build/jestAdapterInit.js:857:11)
    at run (/Users/brianlong/Developer/summit/node_modules/.pnpm/jest-circus@30.2.0_babel-plugin-macros@3.1.0/node_modules/jest-circus/build/jestAdapterInit.js:761:3)
    at runAndTransformResultsToJestFormat (/Users/brianlong/Developer/summit/node_modules/.pnpm/jest-circus@30.2.0_babel-plugin-macros@3.1.0/node_modules/jest-circus/build/jestAdapterInit.js:1918:21)
    at jestAdapter (/Users/brianlong/Developer/summit/node_modules/.pnpm/jest-circus@30.2.0_babel-plugin-macros@3.1.0/node_modules/jest-circus/build/runner.js:101:19)
    at runTestInternal (/Users/brianlong/Developer/summit/node_modules/.pnpm/jest-runner@30.2.0/node_modules/jest-runner/build/testWorker.js:275:16)
    at runTest (/Users/brianlong/Developer/summit/node_modules/.pnpm/jest-runner@30.2.0/node_modules/jest-runner/build/testWorker.js:343:7)
    at Object.worker (/Users/brianlong/Developer/summit/node_modules/.pnpm/jest-runner@30.2.0/node_modules/jest-runner/build/testWorker.js:497:12)</failure>
      <failure>TypeError: performance.getEntriesByType is not a function
    at /Users/brianlong/Developer/summit/client/src/components/PerformanceMonitor.tsx:35:33
    at /Users/brianlong/Developer/summit/client/src/components/PerformanceMonitor.tsx:63:26
    at callTimer (/Users/brianlong/Developer/summit/node_modules/.pnpm/@sinonjs+fake-timers@13.0.5/node_modules/@sinonjs/fake-timers/src/fake-timers-src.js:806:24)
    at doTickInner (/Users/brianlong/Developer/summit/node_modules/.pnpm/@sinonjs+fake-timers@13.0.5/node_modules/@sinonjs/fake-timers/src/fake-timers-src.js:1413:29)
    at doTick (/Users/brianlong/Developer/summit/node_modules/.pnpm/@sinonjs+fake-timers@13.0.5/node_modules/@sinonjs/fake-timers/src/fake-timers-src.js:1494:20)
    at Object.tick (/Users/brianlong/Developer/summit/node_modules/.pnpm/@sinonjs+fake-timers@13.0.5/node_modules/@sinonjs/fake-timers/src/fake-timers-src.js:1502:20)
    at Object.runToLast (/Users/brianlong/Developer/summit/node_modules/.pnpm/@sinonjs+fake-timers@13.0.5/node_modules/@sinonjs/fake-timers/src/fake-timers-src.js:1661:26)
    at FakeTimers.runOnlyPendingTimers (/Users/brianlong/Developer/summit/node_modules/.pnpm/@jest+fake-timers@30.2.0/node_modules/@jest/fake-timers/build/index.js:542:19)
    at Object.runOnlyPendingTimers (/Users/brianlong/Developer/summit/node_modules/.pnpm/jest-runtime@30.2.0/node_modules/jest-runtime/build/index.js:1804:52)
    at Object.&lt;anonymous&gt; (/Users/brianlong/Developer/summit/client/src/components/__tests__/PerformanceMonitor.test.tsx:58:10)
    at Promise.finally.completed (/Users/brianlong/Developer/summit/node_modules/.pnpm/jest-circus@30.2.0_babel-plugin-macros@3.1.0/node_modules/jest-circus/build/jestAdapterInit.js:1557:28)
    at new Promise (&lt;anonymous&gt;)
    at callAsyncCircusFn (/Users/brianlong/Developer/summit/node_modules/.pnpm/jest-circus@30.2.0_babel-plugin-macros@3.1.0/node_modules/jest-circus/build/jestAdapterInit.js:1497:10)
    at _callCircusHook (/Users/brianlong/Developer/summit/node_modules/.pnpm/jest-circus@30.2.0_babel-plugin-macros@3.1.0/node_modules/jest-circus/build/jestAdapterInit.js:976:40)
    at processTicksAndRejections (node:internal/process/task_queues:95:5)
    at _runTest (/Users/brianlong/Developer/summit/node_modules/.pnpm/jest-circus@30.2.0_babel-plugin-macros@3.1.0/node_modules/jest-circus/build/jestAdapterInit.js:949:5)
    at /Users/brianlong/Developer/summit/node_modules/.pnpm/jest-circus@30.2.0_babel-plugin-macros@3.1.0/node_modules/jest-circus/build/jestAdapterInit.js:849:7
    at _runTestsForDescribeBlock (/Users/brianlong/Developer/summit/node_modules/.pnpm/jest-circus@30.2.0_babel-plugin-macros@3.1.0/node_modules/jest-circus/build/jestAdapterInit.js:862:11)
    at _runTestsForDescribeBlock (/Users/brianlong/Developer/summit/node_modules/.pnpm/jest-circus@30.2.0_babel-plugin-macros@3.1.0/node_modules/jest-circus/build/jestAdapterInit.js:857:11)
    at run (/Users/brianlong/Developer/summit/node_modules/.pnpm/jest-circus@30.2.0_babel-plugin-macros@3.1.0/node_modules/jest-circus/build/jestAdapterInit.js:761:3)
    at runAndTransformResultsToJestFormat (/Users/brianlong/Developer/summit/node_modules/.pnpm/jest-circus@30.2.0_babel-plugin-macros@3.1.0/node_modules/jest-circus/build/jestAdapterInit.js:1918:21)
    at jestAdapter (/Users/brianlong/Developer/summit/node_modules/.pnpm/jest-circus@30.2.0_babel-plugin-macros@3.1.0/node_modules/jest-circus/build/runner.js:101:19)
    at runTestInternal (/Users/brianlong/Developer/summit/node_modules/.pnpm/jest-runner@30.2.0/node_modules/jest-runner/build/testWorker.js:275:16)
    at runTest (/Users/brianlong/Developer/summit/node_modules/.pnpm/jest-runner@30.2.0/node_modules/jest-runner/build/testWorker.js:343:7)
    at Object.worker (/Users/brianlong/Developer/summit/node_modules/.pnpm/jest-runner@30.2.0/node_modules/jest-runner/build/testWorker.js:497:12)</failure>
    </testcase>
    <testcase classname="PerformanceMonitor" name="respects maxSamples limit" time="0.137">
      <failure>TypeError: performance.getEntriesByType is not a function
    at /Users/brianlong/Developer/summit/client/src/components/PerformanceMonitor.tsx:35:33
    at /Users/brianlong/Developer/summit/client/src/components/PerformanceMonitor.tsx:78:28
    at commitHookEffectListMount (/Users/brianlong/Developer/summit/node_modules/.pnpm/react-dom@18.3.1_react@18.3.1/node_modules/react-dom/cjs/react-dom.development.js:23189:26)
    at commitPassiveMountOnFiber (/Users/brianlong/Developer/summit/node_modules/.pnpm/react-dom@18.3.1_react@18.3.1/node_modules/react-dom/cjs/react-dom.development.js:24970:11)
    at commitPassiveMountEffects_complete (/Users/brianlong/Developer/summit/node_modules/.pnpm/react-dom@18.3.1_react@18.3.1/node_modules/react-dom/cjs/react-dom.development.js:24930:9)
    at commitPassiveMountEffects_begin (/Users/brianlong/Developer/summit/node_modules/.pnpm/react-dom@18.3.1_react@18.3.1/node_modules/react-dom/cjs/react-dom.development.js:24917:7)
    at commitPassiveMountEffects (/Users/brianlong/Developer/summit/node_modules/.pnpm/react-dom@18.3.1_react@18.3.1/node_modules/react-dom/cjs/react-dom.development.js:24905:3)
    at flushPassiveEffectsImpl (/Users/brianlong/Developer/summit/node_modules/.pnpm/react-dom@18.3.1_react@18.3.1/node_modules/react-dom/cjs/react-dom.development.js:27078:3)
    at flushPassiveEffects (/Users/brianlong/Developer/summit/node_modules/.pnpm/react-dom@18.3.1_react@18.3.1/node_modules/react-dom/cjs/react-dom.development.js:27023:14)
    at /Users/brianlong/Developer/summit/node_modules/.pnpm/react-dom@18.3.1_react@18.3.1/node_modules/react-dom/cjs/react-dom.development.js:26808:9
    at flushActQueue (/Users/brianlong/Developer/summit/node_modules/.pnpm/react@18.3.1/node_modules/react/cjs/react.development.js:2667:24)
    at act (/Users/brianlong/Developer/summit/node_modules/.pnpm/react@18.3.1/node_modules/react/cjs/react.development.js:2582:11)
    at actWithWarning (/Users/brianlong/Developer/summit/node_modules/.pnpm/react-dom@18.3.1_react@18.3.1/node_modules/react-dom/cjs/react-dom-test-utils.development.js:1740:10)
    at /Users/brianlong/Developer/summit/node_modules/.pnpm/@testing-library+react@13.4.0_@types+react@19.2.5_react-dom@18.3.1_react@18.3.1__react@18.3.1/node_modules/@testing-library/react/dist/act-compat.js:63:25
    at renderRoot (/Users/brianlong/Developer/summit/node_modules/.pnpm/@testing-library+react@13.4.0_@types+react@19.2.5_react-dom@18.3.1_react@18.3.1__react@18.3.1/node_modules/@testing-library/react/dist/pure.js:159:26)
    at render (/Users/brianlong/Developer/summit/node_modules/.pnpm/@testing-library+react@13.4.0_@types+react@19.2.5_react-dom@18.3.1_react@18.3.1__react@18.3.1/node_modules/@testing-library/react/dist/pure.js:246:10)
    at Object.&lt;anonymous&gt; (/Users/brianlong/Developer/summit/client/src/components/__tests__/PerformanceMonitor.test.tsx:122:11)
    at Promise.finally.completed (/Users/brianlong/Developer/summit/node_modules/.pnpm/jest-circus@30.2.0_babel-plugin-macros@3.1.0/node_modules/jest-circus/build/jestAdapterInit.js:1557:28)
    at new Promise (&lt;anonymous&gt;)
    at callAsyncCircusFn (/Users/brianlong/Developer/summit/node_modules/.pnpm/jest-circus@30.2.0_babel-plugin-macros@3.1.0/node_modules/jest-circus/build/jestAdapterInit.js:1497:10)
    at _callCircusTest (/Users/brianlong/Developer/summit/node_modules/.pnpm/jest-circus@30.2.0_babel-plugin-macros@3.1.0/node_modules/jest-circus/build/jestAdapterInit.js:1007:40)
    at processTicksAndRejections (node:internal/process/task_queues:95:5)
    at _runTest (/Users/brianlong/Developer/summit/node_modules/.pnpm/jest-circus@30.2.0_babel-plugin-macros@3.1.0/node_modules/jest-circus/build/jestAdapterInit.js:947:3)
    at /Users/brianlong/Developer/summit/node_modules/.pnpm/jest-circus@30.2.0_babel-plugin-macros@3.1.0/node_modules/jest-circus/build/jestAdapterInit.js:849:7
    at _runTestsForDescribeBlock (/Users/brianlong/Developer/summit/node_modules/.pnpm/jest-circus@30.2.0_babel-plugin-macros@3.1.0/node_modules/jest-circus/build/jestAdapterInit.js:862:11)
    at _runTestsForDescribeBlock (/Users/brianlong/Developer/summit/node_modules/.pnpm/jest-circus@30.2.0_babel-plugin-macros@3.1.0/node_modules/jest-circus/build/jestAdapterInit.js:857:11)
    at run (/Users/brianlong/Developer/summit/node_modules/.pnpm/jest-circus@30.2.0_babel-plugin-macros@3.1.0/node_modules/jest-circus/build/jestAdapterInit.js:761:3)
    at runAndTransformResultsToJestFormat (/Users/brianlong/Developer/summit/node_modules/.pnpm/jest-circus@30.2.0_babel-plugin-macros@3.1.0/node_modules/jest-circus/build/jestAdapterInit.js:1918:21)
    at jestAdapter (/Users/brianlong/Developer/summit/node_modules/.pnpm/jest-circus@30.2.0_babel-plugin-macros@3.1.0/node_modules/jest-circus/build/runner.js:101:19)
    at runTestInternal (/Users/brianlong/Developer/summit/node_modules/.pnpm/jest-runner@30.2.0/node_modules/jest-runner/build/testWorker.js:275:16)
    at runTest (/Users/brianlong/Developer/summit/node_modules/.pnpm/jest-runner@30.2.0/node_modules/jest-runner/build/testWorker.js:343:7)
    at Object.worker (/Users/brianlong/Developer/summit/node_modules/.pnpm/jest-runner@30.2.0/node_modules/jest-runner/build/testWorker.js:497:12)</failure>
      <failure>TypeError: performance.getEntriesByType is not a function
    at /Users/brianlong/Developer/summit/client/src/components/PerformanceMonitor.tsx:35:33
    at /Users/brianlong/Developer/summit/client/src/components/PerformanceMonitor.tsx:63:26
    at callTimer (/Users/brianlong/Developer/summit/node_modules/.pnpm/@sinonjs+fake-timers@13.0.5/node_modules/@sinonjs/fake-timers/src/fake-timers-src.js:806:24)
    at doTickInner (/Users/brianlong/Developer/summit/node_modules/.pnpm/@sinonjs+fake-timers@13.0.5/node_modules/@sinonjs/fake-timers/src/fake-timers-src.js:1413:29)
    at doTick (/Users/brianlong/Developer/summit/node_modules/.pnpm/@sinonjs+fake-timers@13.0.5/node_modules/@sinonjs/fake-timers/src/fake-timers-src.js:1494:20)
    at Object.tick (/Users/brianlong/Developer/summit/node_modules/.pnpm/@sinonjs+fake-timers@13.0.5/node_modules/@sinonjs/fake-timers/src/fake-timers-src.js:1502:20)
    at Object.runToLast (/Users/brianlong/Developer/summit/node_modules/.pnpm/@sinonjs+fake-timers@13.0.5/node_modules/@sinonjs/fake-timers/src/fake-timers-src.js:1661:26)
    at FakeTimers.runOnlyPendingTimers (/Users/brianlong/Developer/summit/node_modules/.pnpm/@jest+fake-timers@30.2.0/node_modules/@jest/fake-timers/build/index.js:542:19)
    at Object.runOnlyPendingTimers (/Users/brianlong/Developer/summit/node_modules/.pnpm/jest-runtime@30.2.0/node_modules/jest-runtime/build/index.js:1804:52)
    at Object.&lt;anonymous&gt; (/Users/brianlong/Developer/summit/client/src/components/__tests__/PerformanceMonitor.test.tsx:58:10)
    at Promise.finally.completed (/Users/brianlong/Developer/summit/node_modules/.pnpm/jest-circus@30.2.0_babel-plugin-macros@3.1.0/node_modules/jest-circus/build/jestAdapterInit.js:1557:28)
    at new Promise (&lt;anonymous&gt;)
    at callAsyncCircusFn (/Users/brianlong/Developer/summit/node_modules/.pnpm/jest-circus@30.2.0_babel-plugin-macros@3.1.0/node_modules/jest-circus/build/jestAdapterInit.js:1497:10)
    at _callCircusHook (/Users/brianlong/Developer/summit/node_modules/.pnpm/jest-circus@30.2.0_babel-plugin-macros@3.1.0/node_modules/jest-circus/build/jestAdapterInit.js:976:40)
    at processTicksAndRejections (node:internal/process/task_queues:95:5)
    at _runTest (/Users/brianlong/Developer/summit/node_modules/.pnpm/jest-circus@30.2.0_babel-plugin-macros@3.1.0/node_modules/jest-circus/build/jestAdapterInit.js:949:5)
    at /Users/brianlong/Developer/summit/node_modules/.pnpm/jest-circus@30.2.0_babel-plugin-macros@3.1.0/node_modules/jest-circus/build/jestAdapterInit.js:849:7
    at _runTestsForDescribeBlock (/Users/brianlong/Developer/summit/node_modules/.pnpm/jest-circus@30.2.0_babel-plugin-macros@3.1.0/node_modules/jest-circus/build/jestAdapterInit.js:862:11)
    at _runTestsForDescribeBlock (/Users/brianlong/Developer/summit/node_modules/.pnpm/jest-circus@30.2.0_babel-plugin-macros@3.1.0/node_modules/jest-circus/build/jestAdapterInit.js:857:11)
    at run (/Users/brianlong/Developer/summit/node_modules/.pnpm/jest-circus@30.2.0_babel-plugin-macros@3.1.0/node_modules/jest-circus/build/jestAdapterInit.js:761:3)
    at runAndTransformResultsToJestFormat (/Users/brianlong/Developer/summit/node_modules/.pnpm/jest-circus@30.2.0_babel-plugin-macros@3.1.0/node_modules/jest-circus/build/jestAdapterInit.js:1918:21)
    at jestAdapter (/Users/brianlong/Developer/summit/node_modules/.pnpm/jest-circus@30.2.0_babel-plugin-macros@3.1.0/node_modules/jest-circus/build/runner.js:101:19)
    at runTestInternal (/Users/brianlong/Developer/summit/node_modules/.pnpm/jest-runner@30.2.0/node_modules/jest-runner/build/testWorker.js:275:16)
    at runTest (/Users/brianlong/Developer/summit/node_modules/.pnpm/jest-runner@30.2.0/node_modules/jest-runner/build/testWorker.js:343:7)
    at Object.worker (/Users/brianlong/Developer/summit/node_modules/.pnpm/jest-runner@30.2.0/node_modules/jest-runner/build/testWorker.js:497:12)</failure>
    </testcase>
    <testcase classname="PerformanceMonitor" name="shows color indicators based on memory usage" time="0.057">
      <failure>TypeError: performance.getEntriesByType is not a function
    at /Users/brianlong/Developer/summit/client/src/components/PerformanceMonitor.tsx:35:33
    at /Users/brianlong/Developer/summit/client/src/components/PerformanceMonitor.tsx:78:28
    at commitHookEffectListMount (/Users/brianlong/Developer/summit/node_modules/.pnpm/react-dom@18.3.1_react@18.3.1/node_modules/react-dom/cjs/react-dom.development.js:23189:26)
    at commitPassiveMountOnFiber (/Users/brianlong/Developer/summit/node_modules/.pnpm/react-dom@18.3.1_react@18.3.1/node_modules/react-dom/cjs/react-dom.development.js:24970:11)
    at commitPassiveMountEffects_complete (/Users/brianlong/Developer/summit/node_modules/.pnpm/react-dom@18.3.1_react@18.3.1/node_modules/react-dom/cjs/react-dom.development.js:24930:9)
    at commitPassiveMountEffects_begin (/Users/brianlong/Developer/summit/node_modules/.pnpm/react-dom@18.3.1_react@18.3.1/node_modules/react-dom/cjs/react-dom.development.js:24917:7)
    at commitPassiveMountEffects (/Users/brianlong/Developer/summit/node_modules/.pnpm/react-dom@18.3.1_react@18.3.1/node_modules/react-dom/cjs/react-dom.development.js:24905:3)
    at flushPassiveEffectsImpl (/Users/brianlong/Developer/summit/node_modules/.pnpm/react-dom@18.3.1_react@18.3.1/node_modules/react-dom/cjs/react-dom.development.js:27078:3)
    at flushPassiveEffects (/Users/brianlong/Developer/summit/node_modules/.pnpm/react-dom@18.3.1_react@18.3.1/node_modules/react-dom/cjs/react-dom.development.js:27023:14)
    at /Users/brianlong/Developer/summit/node_modules/.pnpm/react-dom@18.3.1_react@18.3.1/node_modules/react-dom/cjs/react-dom.development.js:26808:9
    at flushActQueue (/Users/brianlong/Developer/summit/node_modules/.pnpm/react@18.3.1/node_modules/react/cjs/react.development.js:2667:24)
    at act (/Users/brianlong/Developer/summit/node_modules/.pnpm/react@18.3.1/node_modules/react/cjs/react.development.js:2582:11)
    at actWithWarning (/Users/brianlong/Developer/summit/node_modules/.pnpm/react-dom@18.3.1_react@18.3.1/node_modules/react-dom/cjs/react-dom-test-utils.development.js:1740:10)
    at /Users/brianlong/Developer/summit/node_modules/.pnpm/@testing-library+react@13.4.0_@types+react@19.2.5_react-dom@18.3.1_react@18.3.1__react@18.3.1/node_modules/@testing-library/react/dist/act-compat.js:63:25
    at renderRoot (/Users/brianlong/Developer/summit/node_modules/.pnpm/@testing-library+react@13.4.0_@types+react@19.2.5_react-dom@18.3.1_react@18.3.1__react@18.3.1/node_modules/@testing-library/react/dist/pure.js:159:26)
    at render (/Users/brianlong/Developer/summit/node_modules/.pnpm/@testing-library+react@13.4.0_@types+react@19.2.5_react-dom@18.3.1_react@18.3.1__react@18.3.1/node_modules/@testing-library/react/dist/pure.js:246:10)
    at Object.&lt;anonymous&gt; (/Users/brianlong/Developer/summit/client/src/components/__tests__/PerformanceMonitor.test.tsx:156:32)
    at Promise.finally.completed (/Users/brianlong/Developer/summit/node_modules/.pnpm/jest-circus@30.2.0_babel-plugin-macros@3.1.0/node_modules/jest-circus/build/jestAdapterInit.js:1557:28)
    at new Promise (&lt;anonymous&gt;)
    at callAsyncCircusFn (/Users/brianlong/Developer/summit/node_modules/.pnpm/jest-circus@30.2.0_babel-plugin-macros@3.1.0/node_modules/jest-circus/build/jestAdapterInit.js:1497:10)
    at _callCircusTest (/Users/brianlong/Developer/summit/node_modules/.pnpm/jest-circus@30.2.0_babel-plugin-macros@3.1.0/node_modules/jest-circus/build/jestAdapterInit.js:1007:40)
    at processTicksAndRejections (node:internal/process/task_queues:95:5)
    at _runTest (/Users/brianlong/Developer/summit/node_modules/.pnpm/jest-circus@30.2.0_babel-plugin-macros@3.1.0/node_modules/jest-circus/build/jestAdapterInit.js:947:3)
    at /Users/brianlong/Developer/summit/node_modules/.pnpm/jest-circus@30.2.0_babel-plugin-macros@3.1.0/node_modules/jest-circus/build/jestAdapterInit.js:849:7
    at _runTestsForDescribeBlock (/Users/brianlong/Developer/summit/node_modules/.pnpm/jest-circus@30.2.0_babel-plugin-macros@3.1.0/node_modules/jest-circus/build/jestAdapterInit.js:862:11)
    at _runTestsForDescribeBlock (/Users/brianlong/Developer/summit/node_modules/.pnpm/jest-circus@30.2.0_babel-plugin-macros@3.1.0/node_modules/jest-circus/build/jestAdapterInit.js:857:11)
    at run (/Users/brianlong/Developer/summit/node_modules/.pnpm/jest-circus@30.2.0_babel-plugin-macros@3.1.0/node_modules/jest-circus/build/jestAdapterInit.js:761:3)
    at runAndTransformResultsToJestFormat (/Users/brianlong/Developer/summit/node_modules/.pnpm/jest-circus@30.2.0_babel-plugin-macros@3.1.0/node_modules/jest-circus/build/jestAdapterInit.js:1918:21)
    at jestAdapter (/Users/brianlong/Developer/summit/node_modules/.pnpm/jest-circus@30.2.0_babel-plugin-macros@3.1.0/node_modules/jest-circus/build/runner.js:101:19)
    at runTestInternal (/Users/brianlong/Developer/summit/node_modules/.pnpm/jest-runner@30.2.0/node_modules/jest-runner/build/testWorker.js:275:16)
    at runTest (/Users/brianlong/Developer/summit/node_modules/.pnpm/jest-runner@30.2.0/node_modules/jest-runner/build/testWorker.js:343:7)
    at Object.worker (/Users/brianlong/Developer/summit/node_modules/.pnpm/jest-runner@30.2.0/node_modules/jest-runner/build/testWorker.js:497:12)</failure>
      <failure>TypeError: performance.getEntriesByType is not a function
    at /Users/brianlong/Developer/summit/client/src/components/PerformanceMonitor.tsx:35:33
    at /Users/brianlong/Developer/summit/client/src/components/PerformanceMonitor.tsx:63:26
    at callTimer (/Users/brianlong/Developer/summit/node_modules/.pnpm/@sinonjs+fake-timers@13.0.5/node_modules/@sinonjs/fake-timers/src/fake-timers-src.js:806:24)
    at doTickInner (/Users/brianlong/Developer/summit/node_modules/.pnpm/@sinonjs+fake-timers@13.0.5/node_modules/@sinonjs/fake-timers/src/fake-timers-src.js:1413:29)
    at doTick (/Users/brianlong/Developer/summit/node_modules/.pnpm/@sinonjs+fake-timers@13.0.5/node_modules/@sinonjs/fake-timers/src/fake-timers-src.js:1494:20)
    at Object.tick (/Users/brianlong/Developer/summit/node_modules/.pnpm/@sinonjs+fake-timers@13.0.5/node_modules/@sinonjs/fake-timers/src/fake-timers-src.js:1502:20)
    at Object.runToLast (/Users/brianlong/Developer/summit/node_modules/.pnpm/@sinonjs+fake-timers@13.0.5/node_modules/@sinonjs/fake-timers/src/fake-timers-src.js:1661:26)
    at FakeTimers.runOnlyPendingTimers (/Users/brianlong/Developer/summit/node_modules/.pnpm/@jest+fake-timers@30.2.0/node_modules/@jest/fake-timers/build/index.js:542:19)
    at Object.runOnlyPendingTimers (/Users/brianlong/Developer/summit/node_modules/.pnpm/jest-runtime@30.2.0/node_modules/jest-runtime/build/index.js:1804:52)
    at Object.&lt;anonymous&gt; (/Users/brianlong/Developer/summit/client/src/components/__tests__/PerformanceMonitor.test.tsx:58:10)
    at Promise.finally.completed (/Users/brianlong/Developer/summit/node_modules/.pnpm/jest-circus@30.2.0_babel-plugin-macros@3.1.0/node_modules/jest-circus/build/jestAdapterInit.js:1557:28)
    at new Promise (&lt;anonymous&gt;)
    at callAsyncCircusFn (/Users/brianlong/Developer/summit/node_modules/.pnpm/jest-circus@30.2.0_babel-plugin-macros@3.1.0/node_modules/jest-circus/build/jestAdapterInit.js:1497:10)
    at _callCircusHook (/Users/brianlong/Developer/summit/node_modules/.pnpm/jest-circus@30.2.0_babel-plugin-macros@3.1.0/node_modules/jest-circus/build/jestAdapterInit.js:976:40)
    at processTicksAndRejections (node:internal/process/task_queues:95:5)
    at _runTest (/Users/brianlong/Developer/summit/node_modules/.pnpm/jest-circus@30.2.0_babel-plugin-macros@3.1.0/node_modules/jest-circus/build/jestAdapterInit.js:949:5)
    at /Users/brianlong/Developer/summit/node_modules/.pnpm/jest-circus@30.2.0_babel-plugin-macros@3.1.0/node_modules/jest-circus/build/jestAdapterInit.js:849:7
    at _runTestsForDescribeBlock (/Users/brianlong/Developer/summit/node_modules/.pnpm/jest-circus@30.2.0_babel-plugin-macros@3.1.0/node_modules/jest-circus/build/jestAdapterInit.js:862:11)
    at _runTestsForDescribeBlock (/Users/brianlong/Developer/summit/node_modules/.pnpm/jest-circus@30.2.0_babel-plugin-macros@3.1.0/node_modules/jest-circus/build/jestAdapterInit.js:857:11)
    at run (/Users/brianlong/Developer/summit/node_modules/.pnpm/jest-circus@30.2.0_babel-plugin-macros@3.1.0/node_modules/jest-circus/build/jestAdapterInit.js:761:3)
    at runAndTransformResultsToJestFormat (/Users/brianlong/Developer/summit/node_modules/.pnpm/jest-circus@30.2.0_babel-plugin-macros@3.1.0/node_modules/jest-circus/build/jestAdapterInit.js:1918:21)
    at jestAdapter (/Users/brianlong/Developer/summit/node_modules/.pnpm/jest-circus@30.2.0_babel-plugin-macros@3.1.0/node_modules/jest-circus/build/runner.js:101:19)
    at runTestInternal (/Users/brianlong/Developer/summit/node_modules/.pnpm/jest-runner@30.2.0/node_modules/jest-runner/build/testWorker.js:275:16)
    at runTest (/Users/brianlong/Developer/summit/node_modules/.pnpm/jest-runner@30.2.0/node_modules/jest-runner/build/testWorker.js:343:7)
    at Object.worker (/Users/brianlong/Developer/summit/node_modules/.pnpm/jest-runner@30.2.0/node_modules/jest-runner/build/testWorker.js:497:12)</failure>
    </testcase>
    <testcase classname="PerformanceMonitor" name="closes detailed panel when close button clicked" time="0.354">
      <failure>TypeError: performance.getEntriesByType is not a function
    at /Users/brianlong/Developer/summit/client/src/components/PerformanceMonitor.tsx:35:33
    at /Users/brianlong/Developer/summit/client/src/components/PerformanceMonitor.tsx:78:28
    at commitHookEffectListMount (/Users/brianlong/Developer/summit/node_modules/.pnpm/react-dom@18.3.1_react@18.3.1/node_modules/react-dom/cjs/react-dom.development.js:23189:26)
    at commitPassiveMountOnFiber (/Users/brianlong/Developer/summit/node_modules/.pnpm/react-dom@18.3.1_react@18.3.1/node_modules/react-dom/cjs/react-dom.development.js:24970:11)
    at commitPassiveMountEffects_complete (/Users/brianlong/Developer/summit/node_modules/.pnpm/react-dom@18.3.1_react@18.3.1/node_modules/react-dom/cjs/react-dom.development.js:24930:9)
    at commitPassiveMountEffects_begin (/Users/brianlong/Developer/summit/node_modules/.pnpm/react-dom@18.3.1_react@18.3.1/node_modules/react-dom/cjs/react-dom.development.js:24917:7)
    at commitPassiveMountEffects (/Users/brianlong/Developer/summit/node_modules/.pnpm/react-dom@18.3.1_react@18.3.1/node_modules/react-dom/cjs/react-dom.development.js:24905:3)
    at flushPassiveEffectsImpl (/Users/brianlong/Developer/summit/node_modules/.pnpm/react-dom@18.3.1_react@18.3.1/node_modules/react-dom/cjs/react-dom.development.js:27078:3)
    at flushPassiveEffects (/Users/brianlong/Developer/summit/node_modules/.pnpm/react-dom@18.3.1_react@18.3.1/node_modules/react-dom/cjs/react-dom.development.js:27023:14)
    at /Users/brianlong/Developer/summit/node_modules/.pnpm/react-dom@18.3.1_react@18.3.1/node_modules/react-dom/cjs/react-dom.development.js:26808:9
    at flushActQueue (/Users/brianlong/Developer/summit/node_modules/.pnpm/react@18.3.1/node_modules/react/cjs/react.development.js:2667:24)
    at act (/Users/brianlong/Developer/summit/node_modules/.pnpm/react@18.3.1/node_modules/react/cjs/react.development.js:2582:11)
    at actWithWarning (/Users/brianlong/Developer/summit/node_modules/.pnpm/react-dom@18.3.1_react@18.3.1/node_modules/react-dom/cjs/react-dom-test-utils.development.js:1740:10)
    at /Users/brianlong/Developer/summit/node_modules/.pnpm/@testing-library+react@13.4.0_@types+react@19.2.5_react-dom@18.3.1_react@18.3.1__react@18.3.1/node_modules/@testing-library/react/dist/act-compat.js:63:25
    at renderRoot (/Users/brianlong/Developer/summit/node_modules/.pnpm/@testing-library+react@13.4.0_@types+react@19.2.5_react-dom@18.3.1_react@18.3.1__react@18.3.1/node_modules/@testing-library/react/dist/pure.js:159:26)
    at render (/Users/brianlong/Developer/summit/node_modules/.pnpm/@testing-library+react@13.4.0_@types+react@19.2.5_react-dom@18.3.1_react@18.3.1__react@18.3.1/node_modules/@testing-library/react/dist/pure.js:246:10)
    at Object.&lt;anonymous&gt; (/Users/brianlong/Developer/summit/client/src/components/__tests__/PerformanceMonitor.test.tsx:180:11)
    at Promise.finally.completed (/Users/brianlong/Developer/summit/node_modules/.pnpm/jest-circus@30.2.0_babel-plugin-macros@3.1.0/node_modules/jest-circus/build/jestAdapterInit.js:1557:28)
    at new Promise (&lt;anonymous&gt;)
    at callAsyncCircusFn (/Users/brianlong/Developer/summit/node_modules/.pnpm/jest-circus@30.2.0_babel-plugin-macros@3.1.0/node_modules/jest-circus/build/jestAdapterInit.js:1497:10)
    at _callCircusTest (/Users/brianlong/Developer/summit/node_modules/.pnpm/jest-circus@30.2.0_babel-plugin-macros@3.1.0/node_modules/jest-circus/build/jestAdapterInit.js:1007:40)
    at processTicksAndRejections (node:internal/process/task_queues:95:5)
    at _runTest (/Users/brianlong/Developer/summit/node_modules/.pnpm/jest-circus@30.2.0_babel-plugin-macros@3.1.0/node_modules/jest-circus/build/jestAdapterInit.js:947:3)
    at /Users/brianlong/Developer/summit/node_modules/.pnpm/jest-circus@30.2.0_babel-plugin-macros@3.1.0/node_modules/jest-circus/build/jestAdapterInit.js:849:7
    at _runTestsForDescribeBlock (/Users/brianlong/Developer/summit/node_modules/.pnpm/jest-circus@30.2.0_babel-plugin-macros@3.1.0/node_modules/jest-circus/build/jestAdapterInit.js:862:11)
    at _runTestsForDescribeBlock (/Users/brianlong/Developer/summit/node_modules/.pnpm/jest-circus@30.2.0_babel-plugin-macros@3.1.0/node_modules/jest-circus/build/jestAdapterInit.js:857:11)
    at run (/Users/brianlong/Developer/summit/node_modules/.pnpm/jest-circus@30.2.0_babel-plugin-macros@3.1.0/node_modules/jest-circus/build/jestAdapterInit.js:761:3)
    at runAndTransformResultsToJestFormat (/Users/brianlong/Developer/summit/node_modules/.pnpm/jest-circus@30.2.0_babel-plugin-macros@3.1.0/node_modules/jest-circus/build/jestAdapterInit.js:1918:21)
    at jestAdapter (/Users/brianlong/Developer/summit/node_modules/.pnpm/jest-circus@30.2.0_babel-plugin-macros@3.1.0/node_modules/jest-circus/build/runner.js:101:19)
    at runTestInternal (/Users/brianlong/Developer/summit/node_modules/.pnpm/jest-runner@30.2.0/node_modules/jest-runner/build/testWorker.js:275:16)
    at runTest (/Users/brianlong/Developer/summit/node_modules/.pnpm/jest-runner@30.2.0/node_modules/jest-runner/build/testWorker.js:343:7)
    at Object.worker (/Users/brianlong/Developer/summit/node_modules/.pnpm/jest-runner@30.2.0/node_modules/jest-runner/build/testWorker.js:497:12)</failure>
      <failure>TypeError: performance.getEntriesByType is not a function
    at /Users/brianlong/Developer/summit/client/src/components/PerformanceMonitor.tsx:35:33
    at /Users/brianlong/Developer/summit/client/src/components/PerformanceMonitor.tsx:63:26
    at callTimer (/Users/brianlong/Developer/summit/node_modules/.pnpm/@sinonjs+fake-timers@13.0.5/node_modules/@sinonjs/fake-timers/src/fake-timers-src.js:806:24)
    at doTickInner (/Users/brianlong/Developer/summit/node_modules/.pnpm/@sinonjs+fake-timers@13.0.5/node_modules/@sinonjs/fake-timers/src/fake-timers-src.js:1413:29)
    at doTick (/Users/brianlong/Developer/summit/node_modules/.pnpm/@sinonjs+fake-timers@13.0.5/node_modules/@sinonjs/fake-timers/src/fake-timers-src.js:1494:20)
    at Object.tick (/Users/brianlong/Developer/summit/node_modules/.pnpm/@sinonjs+fake-timers@13.0.5/node_modules/@sinonjs/fake-timers/src/fake-timers-src.js:1502:20)
    at Object.runToLast (/Users/brianlong/Developer/summit/node_modules/.pnpm/@sinonjs+fake-timers@13.0.5/node_modules/@sinonjs/fake-timers/src/fake-timers-src.js:1661:26)
    at FakeTimers.runOnlyPendingTimers (/Users/brianlong/Developer/summit/node_modules/.pnpm/@jest+fake-timers@30.2.0/node_modules/@jest/fake-timers/build/index.js:542:19)
    at Object.runOnlyPendingTimers (/Users/brianlong/Developer/summit/node_modules/.pnpm/jest-runtime@30.2.0/node_modules/jest-runtime/build/index.js:1804:52)
    at Object.&lt;anonymous&gt; (/Users/brianlong/Developer/summit/client/src/components/__tests__/PerformanceMonitor.test.tsx:58:10)
    at Promise.finally.completed (/Users/brianlong/Developer/summit/node_modules/.pnpm/jest-circus@30.2.0_babel-plugin-macros@3.1.0/node_modules/jest-circus/build/jestAdapterInit.js:1557:28)
    at new Promise (&lt;anonymous&gt;)
    at callAsyncCircusFn (/Users/brianlong/Developer/summit/node_modules/.pnpm/jest-circus@30.2.0_babel-plugin-macros@3.1.0/node_modules/jest-circus/build/jestAdapterInit.js:1497:10)
    at _callCircusHook (/Users/brianlong/Developer/summit/node_modules/.pnpm/jest-circus@30.2.0_babel-plugin-macros@3.1.0/node_modules/jest-circus/build/jestAdapterInit.js:976:40)
    at processTicksAndRejections (node:internal/process/task_queues:95:5)
    at _runTest (/Users/brianlong/Developer/summit/node_modules/.pnpm/jest-circus@30.2.0_babel-plugin-macros@3.1.0/node_modules/jest-circus/build/jestAdapterInit.js:949:5)
    at /Users/brianlong/Developer/summit/node_modules/.pnpm/jest-circus@30.2.0_babel-plugin-macros@3.1.0/node_modules/jest-circus/build/jestAdapterInit.js:849:7
    at _runTestsForDescribeBlock (/Users/brianlong/Developer/summit/node_modules/.pnpm/jest-circus@30.2.0_babel-plugin-macros@3.1.0/node_modules/jest-circus/build/jestAdapterInit.js:862:11)
    at _runTestsForDescribeBlock (/Users/brianlong/Developer/summit/node_modules/.pnpm/jest-circus@30.2.0_babel-plugin-macros@3.1.0/node_modules/jest-circus/build/jestAdapterInit.js:857:11)
    at run (/Users/brianlong/Developer/summit/node_modules/.pnpm/jest-circus@30.2.0_babel-plugin-macros@3.1.0/node_modules/jest-circus/build/jestAdapterInit.js:761:3)
    at runAndTransformResultsToJestFormat (/Users/brianlong/Developer/summit/node_modules/.pnpm/jest-circus@30.2.0_babel-plugin-macros@3.1.0/node_modules/jest-circus/build/jestAdapterInit.js:1918:21)
    at jestAdapter (/Users/brianlong/Developer/summit/node_modules/.pnpm/jest-circus@30.2.0_babel-plugin-macros@3.1.0/node_modules/jest-circus/build/runner.js:101:19)
    at runTestInternal (/Users/brianlong/Developer/summit/node_modules/.pnpm/jest-runner@30.2.0/node_modules/jest-runner/build/testWorker.js:275:16)
    at runTest (/Users/brianlong/Developer/summit/node_modules/.pnpm/jest-runner@30.2.0/node_modules/jest-runner/build/testWorker.js:343:7)
    at Object.worker (/Users/brianlong/Developer/summit/node_modules/.pnpm/jest-runner@30.2.0/node_modules/jest-runner/build/testWorker.js:497:12)</failure>
    </testcase>
    <testcase classname="PerformanceMonitor" name="shows average metrics when available" time="0.005">
      <failure>TypeError: performance.getEntriesByType is not a function
    at /Users/brianlong/Developer/summit/client/src/components/PerformanceMonitor.tsx:35:33
    at /Users/brianlong/Developer/summit/client/src/components/PerformanceMonitor.tsx:78:28
    at commitHookEffectListMount (/Users/brianlong/Developer/summit/node_modules/.pnpm/react-dom@18.3.1_react@18.3.1/node_modules/react-dom/cjs/react-dom.development.js:23189:26)
    at commitPassiveMountOnFiber (/Users/brianlong/Developer/summit/node_modules/.pnpm/react-dom@18.3.1_react@18.3.1/node_modules/react-dom/cjs/react-dom.development.js:24970:11)
    at commitPassiveMountEffects_complete (/Users/brianlong/Developer/summit/node_modules/.pnpm/react-dom@18.3.1_react@18.3.1/node_modules/react-dom/cjs/react-dom.development.js:24930:9)
    at commitPassiveMountEffects_begin (/Users/brianlong/Developer/summit/node_modules/.pnpm/react-dom@18.3.1_react@18.3.1/node_modules/react-dom/cjs/react-dom.development.js:24917:7)
    at commitPassiveMountEffects (/Users/brianlong/Developer/summit/node_modules/.pnpm/react-dom@18.3.1_react@18.3.1/node_modules/react-dom/cjs/react-dom.development.js:24905:3)
    at flushPassiveEffectsImpl (/Users/brianlong/Developer/summit/node_modules/.pnpm/react-dom@18.3.1_react@18.3.1/node_modules/react-dom/cjs/react-dom.development.js:27078:3)
    at flushPassiveEffects (/Users/brianlong/Developer/summit/node_modules/.pnpm/react-dom@18.3.1_react@18.3.1/node_modules/react-dom/cjs/react-dom.development.js:27023:14)
    at /Users/brianlong/Developer/summit/node_modules/.pnpm/react-dom@18.3.1_react@18.3.1/node_modules/react-dom/cjs/react-dom.development.js:26808:9
    at flushActQueue (/Users/brianlong/Developer/summit/node_modules/.pnpm/react@18.3.1/node_modules/react/cjs/react.development.js:2667:24)
    at act (/Users/brianlong/Developer/summit/node_modules/.pnpm/react@18.3.1/node_modules/react/cjs/react.development.js:2582:11)
    at actWithWarning (/Users/brianlong/Developer/summit/node_modules/.pnpm/react-dom@18.3.1_react@18.3.1/node_modules/react-dom/cjs/react-dom-test-utils.development.js:1740:10)
    at /Users/brianlong/Developer/summit/node_modules/.pnpm/@testing-library+react@13.4.0_@types+react@19.2.5_react-dom@18.3.1_react@18.3.1__react@18.3.1/node_modules/@testing-library/react/dist/act-compat.js:63:25
    at renderRoot (/Users/brianlong/Developer/summit/node_modules/.pnpm/@testing-library+react@13.4.0_@types+react@19.2.5_react-dom@18.3.1_react@18.3.1__react@18.3.1/node_modules/@testing-library/react/dist/pure.js:159:26)
    at render (/Users/brianlong/Developer/summit/node_modules/.pnpm/@testing-library+react@13.4.0_@types+react@19.2.5_react-dom@18.3.1_react@18.3.1__react@18.3.1/node_modules/@testing-library/react/dist/pure.js:246:10)
    at Object.&lt;anonymous&gt; (/Users/brianlong/Developer/summit/client/src/components/__tests__/PerformanceMonitor.test.tsx:196:11)
    at Promise.finally.completed (/Users/brianlong/Developer/summit/node_modules/.pnpm/jest-circus@30.2.0_babel-plugin-macros@3.1.0/node_modules/jest-circus/build/jestAdapterInit.js:1557:28)
    at new Promise (&lt;anonymous&gt;)
    at callAsyncCircusFn (/Users/brianlong/Developer/summit/node_modules/.pnpm/jest-circus@30.2.0_babel-plugin-macros@3.1.0/node_modules/jest-circus/build/jestAdapterInit.js:1497:10)
    at _callCircusTest (/Users/brianlong/Developer/summit/node_modules/.pnpm/jest-circus@30.2.0_babel-plugin-macros@3.1.0/node_modules/jest-circus/build/jestAdapterInit.js:1007:40)
    at processTicksAndRejections (node:internal/process/task_queues:95:5)
    at _runTest (/Users/brianlong/Developer/summit/node_modules/.pnpm/jest-circus@30.2.0_babel-plugin-macros@3.1.0/node_modules/jest-circus/build/jestAdapterInit.js:947:3)
    at /Users/brianlong/Developer/summit/node_modules/.pnpm/jest-circus@30.2.0_babel-plugin-macros@3.1.0/node_modules/jest-circus/build/jestAdapterInit.js:849:7
    at _runTestsForDescribeBlock (/Users/brianlong/Developer/summit/node_modules/.pnpm/jest-circus@30.2.0_babel-plugin-macros@3.1.0/node_modules/jest-circus/build/jestAdapterInit.js:862:11)
    at _runTestsForDescribeBlock (/Users/brianlong/Developer/summit/node_modules/.pnpm/jest-circus@30.2.0_babel-plugin-macros@3.1.0/node_modules/jest-circus/build/jestAdapterInit.js:857:11)
    at run (/Users/brianlong/Developer/summit/node_modules/.pnpm/jest-circus@30.2.0_babel-plugin-macros@3.1.0/node_modules/jest-circus/build/jestAdapterInit.js:761:3)
    at runAndTransformResultsToJestFormat (/Users/brianlong/Developer/summit/node_modules/.pnpm/jest-circus@30.2.0_babel-plugin-macros@3.1.0/node_modules/jest-circus/build/jestAdapterInit.js:1918:21)
    at jestAdapter (/Users/brianlong/Developer/summit/node_modules/.pnpm/jest-circus@30.2.0_babel-plugin-macros@3.1.0/node_modules/jest-circus/build/runner.js:101:19)
    at runTestInternal (/Users/brianlong/Developer/summit/node_modules/.pnpm/jest-runner@30.2.0/node_modules/jest-runner/build/testWorker.js:275:16)
    at runTest (/Users/brianlong/Developer/summit/node_modules/.pnpm/jest-runner@30.2.0/node_modules/jest-runner/build/testWorker.js:343:7)
    at Object.worker (/Users/brianlong/Developer/summit/node_modules/.pnpm/jest-runner@30.2.0/node_modules/jest-runner/build/testWorker.js:497:12)</failure>
      <failure>TypeError: performance.getEntriesByType is not a function
    at /Users/brianlong/Developer/summit/client/src/components/PerformanceMonitor.tsx:35:33
    at /Users/brianlong/Developer/summit/client/src/components/PerformanceMonitor.tsx:63:26
    at callTimer (/Users/brianlong/Developer/summit/node_modules/.pnpm/@sinonjs+fake-timers@13.0.5/node_modules/@sinonjs/fake-timers/src/fake-timers-src.js:806:24)
    at doTickInner (/Users/brianlong/Developer/summit/node_modules/.pnpm/@sinonjs+fake-timers@13.0.5/node_modules/@sinonjs/fake-timers/src/fake-timers-src.js:1413:29)
    at doTick (/Users/brianlong/Developer/summit/node_modules/.pnpm/@sinonjs+fake-timers@13.0.5/node_modules/@sinonjs/fake-timers/src/fake-timers-src.js:1494:20)
    at Object.tick (/Users/brianlong/Developer/summit/node_modules/.pnpm/@sinonjs+fake-timers@13.0.5/node_modules/@sinonjs/fake-timers/src/fake-timers-src.js:1502:20)
    at Object.runToLast (/Users/brianlong/Developer/summit/node_modules/.pnpm/@sinonjs+fake-timers@13.0.5/node_modules/@sinonjs/fake-timers/src/fake-timers-src.js:1661:26)
    at FakeTimers.runOnlyPendingTimers (/Users/brianlong/Developer/summit/node_modules/.pnpm/@jest+fake-timers@30.2.0/node_modules/@jest/fake-timers/build/index.js:542:19)
    at Object.runOnlyPendingTimers (/Users/brianlong/Developer/summit/node_modules/.pnpm/jest-runtime@30.2.0/node_modules/jest-runtime/build/index.js:1804:52)
    at Object.&lt;anonymous&gt; (/Users/brianlong/Developer/summit/client/src/components/__tests__/PerformanceMonitor.test.tsx:58:10)
    at Promise.finally.completed (/Users/brianlong/Developer/summit/node_modules/.pnpm/jest-circus@30.2.0_babel-plugin-macros@3.1.0/node_modules/jest-circus/build/jestAdapterInit.js:1557:28)
    at new Promise (&lt;anonymous&gt;)
    at callAsyncCircusFn (/Users/brianlong/Developer/summit/node_modules/.pnpm/jest-circus@30.2.0_babel-plugin-macros@3.1.0/node_modules/jest-circus/build/jestAdapterInit.js:1497:10)
    at _callCircusHook (/Users/brianlong/Developer/summit/node_modules/.pnpm/jest-circus@30.2.0_babel-plugin-macros@3.1.0/node_modules/jest-circus/build/jestAdapterInit.js:976:40)
    at processTicksAndRejections (node:internal/process/task_queues:95:5)
    at _runTest (/Users/brianlong/Developer/summit/node_modules/.pnpm/jest-circus@30.2.0_babel-plugin-macros@3.1.0/node_modules/jest-circus/build/jestAdapterInit.js:949:5)
    at /Users/brianlong/Developer/summit/node_modules/.pnpm/jest-circus@30.2.0_babel-plugin-macros@3.1.0/node_modules/jest-circus/build/jestAdapterInit.js:849:7
    at _runTestsForDescribeBlock (/Users/brianlong/Developer/summit/node_modules/.pnpm/jest-circus@30.2.0_babel-plugin-macros@3.1.0/node_modules/jest-circus/build/jestAdapterInit.js:862:11)
    at _runTestsForDescribeBlock (/Users/brianlong/Developer/summit/node_modules/.pnpm/jest-circus@30.2.0_babel-plugin-macros@3.1.0/node_modules/jest-circus/build/jestAdapterInit.js:857:11)
    at run (/Users/brianlong/Developer/summit/node_modules/.pnpm/jest-circus@30.2.0_babel-plugin-macros@3.1.0/node_modules/jest-circus/build/jestAdapterInit.js:761:3)
    at runAndTransformResultsToJestFormat (/Users/brianlong/Developer/summit/node_modules/.pnpm/jest-circus@30.2.0_babel-plugin-macros@3.1.0/node_modules/jest-circus/build/jestAdapterInit.js:1918:21)
    at jestAdapter (/Users/brianlong/Developer/summit/node_modules/.pnpm/jest-circus@30.2.0_babel-plugin-macros@3.1.0/node_modules/jest-circus/build/runner.js:101:19)
    at runTestInternal (/Users/brianlong/Developer/summit/node_modules/.pnpm/jest-runner@30.2.0/node_modules/jest-runner/build/testWorker.js:275:16)
    at runTest (/Users/brianlong/Developer/summit/node_modules/.pnpm/jest-runner@30.2.0/node_modules/jest-runner/build/testWorker.js:343:7)
    at Object.worker (/Users/brianlong/Developer/summit/node_modules/.pnpm/jest-runner@30.2.0/node_modules/jest-runner/build/testWorker.js:497:12)</failure>
    </testcase>
    <testcase classname="PerformanceMonitor" name="handles missing performance.memory gracefully" time="0.009">
      <failure>TypeError: performance.getEntriesByType is not a function
    at /Users/brianlong/Developer/summit/client/src/components/PerformanceMonitor.tsx:35:33
    at /Users/brianlong/Developer/summit/client/src/components/PerformanceMonitor.tsx:78:28
    at commitHookEffectListMount (/Users/brianlong/Developer/summit/node_modules/.pnpm/react-dom@18.3.1_react@18.3.1/node_modules/react-dom/cjs/react-dom.development.js:23189:26)
    at commitPassiveMountOnFiber (/Users/brianlong/Developer/summit/node_modules/.pnpm/react-dom@18.3.1_react@18.3.1/node_modules/react-dom/cjs/react-dom.development.js:24970:11)
    at commitPassiveMountEffects_complete (/Users/brianlong/Developer/summit/node_modules/.pnpm/react-dom@18.3.1_react@18.3.1/node_modules/react-dom/cjs/react-dom.development.js:24930:9)
    at commitPassiveMountEffects_begin (/Users/brianlong/Developer/summit/node_modules/.pnpm/react-dom@18.3.1_react@18.3.1/node_modules/react-dom/cjs/react-dom.development.js:24917:7)
    at commitPassiveMountEffects (/Users/brianlong/Developer/summit/node_modules/.pnpm/react-dom@18.3.1_react@18.3.1/node_modules/react-dom/cjs/react-dom.development.js:24905:3)
    at flushPassiveEffectsImpl (/Users/brianlong/Developer/summit/node_modules/.pnpm/react-dom@18.3.1_react@18.3.1/node_modules/react-dom/cjs/react-dom.development.js:27078:3)
    at flushPassiveEffects (/Users/brianlong/Developer/summit/node_modules/.pnpm/react-dom@18.3.1_react@18.3.1/node_modules/react-dom/cjs/react-dom.development.js:27023:14)
    at /Users/brianlong/Developer/summit/node_modules/.pnpm/react-dom@18.3.1_react@18.3.1/node_modules/react-dom/cjs/react-dom.development.js:26808:9
    at flushActQueue (/Users/brianlong/Developer/summit/node_modules/.pnpm/react@18.3.1/node_modules/react/cjs/react.development.js:2667:24)
    at act (/Users/brianlong/Developer/summit/node_modules/.pnpm/react@18.3.1/node_modules/react/cjs/react.development.js:2582:11)
    at actWithWarning (/Users/brianlong/Developer/summit/node_modules/.pnpm/react-dom@18.3.1_react@18.3.1/node_modules/react-dom/cjs/react-dom-test-utils.development.js:1740:10)
    at /Users/brianlong/Developer/summit/node_modules/.pnpm/@testing-library+react@13.4.0_@types+react@19.2.5_react-dom@18.3.1_react@18.3.1__react@18.3.1/node_modules/@testing-library/react/dist/act-compat.js:63:25
    at renderRoot (/Users/brianlong/Developer/summit/node_modules/.pnpm/@testing-library+react@13.4.0_@types+react@19.2.5_react-dom@18.3.1_react@18.3.1__react@18.3.1/node_modules/@testing-library/react/dist/pure.js:159:26)
    at render (/Users/brianlong/Developer/summit/node_modules/.pnpm/@testing-library+react@13.4.0_@types+react@19.2.5_react-dom@18.3.1_react@18.3.1__react@18.3.1/node_modules/@testing-library/react/dist/pure.js:246:10)
    at Object.&lt;anonymous&gt; (/Users/brianlong/Developer/summit/client/src/components/__tests__/PerformanceMonitor.test.tsx:221:11)
    at Promise.finally.completed (/Users/brianlong/Developer/summit/node_modules/.pnpm/jest-circus@30.2.0_babel-plugin-macros@3.1.0/node_modules/jest-circus/build/jestAdapterInit.js:1557:28)
    at new Promise (&lt;anonymous&gt;)
    at callAsyncCircusFn (/Users/brianlong/Developer/summit/node_modules/.pnpm/jest-circus@30.2.0_babel-plugin-macros@3.1.0/node_modules/jest-circus/build/jestAdapterInit.js:1497:10)
    at _callCircusTest (/Users/brianlong/Developer/summit/node_modules/.pnpm/jest-circus@30.2.0_babel-plugin-macros@3.1.0/node_modules/jest-circus/build/jestAdapterInit.js:1007:40)
    at processTicksAndRejections (node:internal/process/task_queues:95:5)
    at _runTest (/Users/brianlong/Developer/summit/node_modules/.pnpm/jest-circus@30.2.0_babel-plugin-macros@3.1.0/node_modules/jest-circus/build/jestAdapterInit.js:947:3)
    at /Users/brianlong/Developer/summit/node_modules/.pnpm/jest-circus@30.2.0_babel-plugin-macros@3.1.0/node_modules/jest-circus/build/jestAdapterInit.js:849:7
    at _runTestsForDescribeBlock (/Users/brianlong/Developer/summit/node_modules/.pnpm/jest-circus@30.2.0_babel-plugin-macros@3.1.0/node_modules/jest-circus/build/jestAdapterInit.js:862:11)
    at _runTestsForDescribeBlock (/Users/brianlong/Developer/summit/node_modules/.pnpm/jest-circus@30.2.0_babel-plugin-macros@3.1.0/node_modules/jest-circus/build/jestAdapterInit.js:857:11)
    at run (/Users/brianlong/Developer/summit/node_modules/.pnpm/jest-circus@30.2.0_babel-plugin-macros@3.1.0/node_modules/jest-circus/build/jestAdapterInit.js:761:3)
    at runAndTransformResultsToJestFormat (/Users/brianlong/Developer/summit/node_modules/.pnpm/jest-circus@30.2.0_babel-plugin-macros@3.1.0/node_modules/jest-circus/build/jestAdapterInit.js:1918:21)
    at jestAdapter (/Users/brianlong/Developer/summit/node_modules/.pnpm/jest-circus@30.2.0_babel-plugin-macros@3.1.0/node_modules/jest-circus/build/runner.js:101:19)
    at runTestInternal (/Users/brianlong/Developer/summit/node_modules/.pnpm/jest-runner@30.2.0/node_modules/jest-runner/build/testWorker.js:275:16)
    at runTest (/Users/brianlong/Developer/summit/node_modules/.pnpm/jest-runner@30.2.0/node_modules/jest-runner/build/testWorker.js:343:7)
    at Object.worker (/Users/brianlong/Developer/summit/node_modules/.pnpm/jest-runner@30.2.0/node_modules/jest-runner/build/testWorker.js:497:12)</failure>
      <failure>TypeError: performance.getEntriesByType is not a function
    at /Users/brianlong/Developer/summit/client/src/components/PerformanceMonitor.tsx:35:33
    at /Users/brianlong/Developer/summit/client/src/components/PerformanceMonitor.tsx:63:26
    at callTimer (/Users/brianlong/Developer/summit/node_modules/.pnpm/@sinonjs+fake-timers@13.0.5/node_modules/@sinonjs/fake-timers/src/fake-timers-src.js:806:24)
    at doTickInner (/Users/brianlong/Developer/summit/node_modules/.pnpm/@sinonjs+fake-timers@13.0.5/node_modules/@sinonjs/fake-timers/src/fake-timers-src.js:1413:29)
    at doTick (/Users/brianlong/Developer/summit/node_modules/.pnpm/@sinonjs+fake-timers@13.0.5/node_modules/@sinonjs/fake-timers/src/fake-timers-src.js:1494:20)
    at Object.tick (/Users/brianlong/Developer/summit/node_modules/.pnpm/@sinonjs+fake-timers@13.0.5/node_modules/@sinonjs/fake-timers/src/fake-timers-src.js:1502:20)
    at Object.runToLast (/Users/brianlong/Developer/summit/node_modules/.pnpm/@sinonjs+fake-timers@13.0.5/node_modules/@sinonjs/fake-timers/src/fake-timers-src.js:1661:26)
    at FakeTimers.runOnlyPendingTimers (/Users/brianlong/Developer/summit/node_modules/.pnpm/@jest+fake-timers@30.2.0/node_modules/@jest/fake-timers/build/index.js:542:19)
    at Object.runOnlyPendingTimers (/Users/brianlong/Developer/summit/node_modules/.pnpm/jest-runtime@30.2.0/node_modules/jest-runtime/build/index.js:1804:52)
    at Object.&lt;anonymous&gt; (/Users/brianlong/Developer/summit/client/src/components/__tests__/PerformanceMonitor.test.tsx:58:10)
    at Promise.finally.completed (/Users/brianlong/Developer/summit/node_modules/.pnpm/jest-circus@30.2.0_babel-plugin-macros@3.1.0/node_modules/jest-circus/build/jestAdapterInit.js:1557:28)
    at new Promise (&lt;anonymous&gt;)
    at callAsyncCircusFn (/Users/brianlong/Developer/summit/node_modules/.pnpm/jest-circus@30.2.0_babel-plugin-macros@3.1.0/node_modules/jest-circus/build/jestAdapterInit.js:1497:10)
    at _callCircusHook (/Users/brianlong/Developer/summit/node_modules/.pnpm/jest-circus@30.2.0_babel-plugin-macros@3.1.0/node_modules/jest-circus/build/jestAdapterInit.js:976:40)
    at processTicksAndRejections (node:internal/process/task_queues:95:5)
    at _runTest (/Users/brianlong/Developer/summit/node_modules/.pnpm/jest-circus@30.2.0_babel-plugin-macros@3.1.0/node_modules/jest-circus/build/jestAdapterInit.js:949:5)
    at /Users/brianlong/Developer/summit/node_modules/.pnpm/jest-circus@30.2.0_babel-plugin-macros@3.1.0/node_modules/jest-circus/build/jestAdapterInit.js:849:7
    at _runTestsForDescribeBlock (/Users/brianlong/Developer/summit/node_modules/.pnpm/jest-circus@30.2.0_babel-plugin-macros@3.1.0/node_modules/jest-circus/build/jestAdapterInit.js:862:11)
    at _runTestsForDescribeBlock (/Users/brianlong/Developer/summit/node_modules/.pnpm/jest-circus@30.2.0_babel-plugin-macros@3.1.0/node_modules/jest-circus/build/jestAdapterInit.js:857:11)
    at run (/Users/brianlong/Developer/summit/node_modules/.pnpm/jest-circus@30.2.0_babel-plugin-macros@3.1.0/node_modules/jest-circus/build/jestAdapterInit.js:761:3)
    at runAndTransformResultsToJestFormat (/Users/brianlong/Developer/summit/node_modules/.pnpm/jest-circus@30.2.0_babel-plugin-macros@3.1.0/node_modules/jest-circus/build/jestAdapterInit.js:1918:21)
    at jestAdapter (/Users/brianlong/Developer/summit/node_modules/.pnpm/jest-circus@30.2.0_babel-plugin-macros@3.1.0/node_modules/jest-circus/build/runner.js:101:19)
    at runTestInternal (/Users/brianlong/Developer/summit/node_modules/.pnpm/jest-runner@30.2.0/node_modules/jest-runner/build/testWorker.js:275:16)
    at runTest (/Users/brianlong/Developer/summit/node_modules/.pnpm/jest-runner@30.2.0/node_modules/jest-runner/build/testWorker.js:343:7)
    at Object.worker (/Users/brianlong/Developer/summit/node_modules/.pnpm/jest-runner@30.2.0/node_modules/jest-runner/build/testWorker.js:497:12)</failure>
    </testcase>
    <testcase classname="usePerformanceTracking" name="trackRender creates performance marks and measures" time="0.011">
      <failure>Error: expect(received).toHaveBeenCalledWith(...expected)

Matcher error: received value must be a mock or spy function

Received has type:  function
Received has value: [Function anonymous]
    at Object.&lt;anonymous&gt; (/Users/brianlong/Developer/summit/client/src/components/__tests__/PerformanceMonitor.test.tsx:251:30)
    at Promise.finally.completed (/Users/brianlong/Developer/summit/node_modules/.pnpm/jest-circus@30.2.0_babel-plugin-macros@3.1.0/node_modules/jest-circus/build/jestAdapterInit.js:1557:28)
    at new Promise (&lt;anonymous&gt;)
    at callAsyncCircusFn (/Users/brianlong/Developer/summit/node_modules/.pnpm/jest-circus@30.2.0_babel-plugin-macros@3.1.0/node_modules/jest-circus/build/jestAdapterInit.js:1497:10)
    at _callCircusTest (/Users/brianlong/Developer/summit/node_modules/.pnpm/jest-circus@30.2.0_babel-plugin-macros@3.1.0/node_modules/jest-circus/build/jestAdapterInit.js:1007:40)
    at processTicksAndRejections (node:internal/process/task_queues:95:5)
    at _runTest (/Users/brianlong/Developer/summit/node_modules/.pnpm/jest-circus@30.2.0_babel-plugin-macros@3.1.0/node_modules/jest-circus/build/jestAdapterInit.js:947:3)
    at /Users/brianlong/Developer/summit/node_modules/.pnpm/jest-circus@30.2.0_babel-plugin-macros@3.1.0/node_modules/jest-circus/build/jestAdapterInit.js:849:7
    at _runTestsForDescribeBlock (/Users/brianlong/Developer/summit/node_modules/.pnpm/jest-circus@30.2.0_babel-plugin-macros@3.1.0/node_modules/jest-circus/build/jestAdapterInit.js:862:11)
    at _runTestsForDescribeBlock (/Users/brianlong/Developer/summit/node_modules/.pnpm/jest-circus@30.2.0_babel-plugin-macros@3.1.0/node_modules/jest-circus/build/jestAdapterInit.js:857:11)
    at run (/Users/brianlong/Developer/summit/node_modules/.pnpm/jest-circus@30.2.0_babel-plugin-macros@3.1.0/node_modules/jest-circus/build/jestAdapterInit.js:761:3)
    at runAndTransformResultsToJestFormat (/Users/brianlong/Developer/summit/node_modules/.pnpm/jest-circus@30.2.0_babel-plugin-macros@3.1.0/node_modules/jest-circus/build/jestAdapterInit.js:1918:21)
    at jestAdapter (/Users/brianlong/Developer/summit/node_modules/.pnpm/jest-circus@30.2.0_babel-plugin-macros@3.1.0/node_modules/jest-circus/build/runner.js:101:19)
    at runTestInternal (/Users/brianlong/Developer/summit/node_modules/.pnpm/jest-runner@30.2.0/node_modules/jest-runner/build/testWorker.js:275:16)
    at runTest (/Users/brianlong/Developer/summit/node_modules/.pnpm/jest-runner@30.2.0/node_modules/jest-runner/build/testWorker.js:343:7)
    at Object.worker (/Users/brianlong/Developer/summit/node_modules/.pnpm/jest-runner@30.2.0/node_modules/jest-runner/build/testWorker.js:497:12)</failure>
    </testcase>
    <testcase classname="usePerformanceTracking" name="trackError increments error counter and logs" time="0.005">
    </testcase>
    <testcase classname="PerformanceMonitor Integration" name="works with real performance data" time="0.004">
      <failure>TypeError: performance.getEntriesByType is not a function
    at /Users/brianlong/Developer/summit/client/src/components/PerformanceMonitor.tsx:35:33
    at /Users/brianlong/Developer/summit/client/src/components/PerformanceMonitor.tsx:78:28
    at commitHookEffectListMount (/Users/brianlong/Developer/summit/node_modules/.pnpm/react-dom@18.3.1_react@18.3.1/node_modules/react-dom/cjs/react-dom.development.js:23189:26)
    at commitPassiveMountOnFiber (/Users/brianlong/Developer/summit/node_modules/.pnpm/react-dom@18.3.1_react@18.3.1/node_modules/react-dom/cjs/react-dom.development.js:24970:11)
    at commitPassiveMountEffects_complete (/Users/brianlong/Developer/summit/node_modules/.pnpm/react-dom@18.3.1_react@18.3.1/node_modules/react-dom/cjs/react-dom.development.js:24930:9)
    at commitPassiveMountEffects_begin (/Users/brianlong/Developer/summit/node_modules/.pnpm/react-dom@18.3.1_react@18.3.1/node_modules/react-dom/cjs/react-dom.development.js:24917:7)
    at commitPassiveMountEffects (/Users/brianlong/Developer/summit/node_modules/.pnpm/react-dom@18.3.1_react@18.3.1/node_modules/react-dom/cjs/react-dom.development.js:24905:3)
    at flushPassiveEffectsImpl (/Users/brianlong/Developer/summit/node_modules/.pnpm/react-dom@18.3.1_react@18.3.1/node_modules/react-dom/cjs/react-dom.development.js:27078:3)
    at flushPassiveEffects (/Users/brianlong/Developer/summit/node_modules/.pnpm/react-dom@18.3.1_react@18.3.1/node_modules/react-dom/cjs/react-dom.development.js:27023:14)
    at /Users/brianlong/Developer/summit/node_modules/.pnpm/react-dom@18.3.1_react@18.3.1/node_modules/react-dom/cjs/react-dom.development.js:26808:9
    at flushActQueue (/Users/brianlong/Developer/summit/node_modules/.pnpm/react@18.3.1/node_modules/react/cjs/react.development.js:2667:24)
    at act (/Users/brianlong/Developer/summit/node_modules/.pnpm/react@18.3.1/node_modules/react/cjs/react.development.js:2582:11)
    at actWithWarning (/Users/brianlong/Developer/summit/node_modules/.pnpm/react-dom@18.3.1_react@18.3.1/node_modules/react-dom/cjs/react-dom-test-utils.development.js:1740:10)
[...]
    at flushPassiveEffects (/Users/brianlong/Developer/summit/node_modules/.pnpm/react-dom@18.3.1_react@18.3.1/node_modules/react-dom/cjs/react-dom.development.js:27023:14)
    at /Users/brianlong/Developer/summit/node_modules/.pnpm/react-dom@18.3.1_react@18.3.1/node_modules/react-dom/cjs/react-dom.development.js:26808:9
    at flushActQueue (/Users/brianlong/Developer/summit/node_modules/.pnpm/react@18.3.1/node_modules/react/cjs/react.development.js:2667:24)
    at act (/Users/brianlong/Developer/summit/node_modules/.pnpm/react@18.3.1/node_modules/react/cjs/react.development.js:2582:11)
    at actWithWarning (/Users/brianlong/Developer/summit/node_modules/.pnpm/react-dom@18.3.1_react@18.3.1/node_modules/react-dom/cjs/react-dom-test-utils.development.js:1740:10)
    at /Users/brianlong/Developer/summit/node_modules/.pnpm/@testing-library+react@13.4.0_@types+react@19.2.5_react-dom@18.3.1_react@18.3.1__react@18.3.1/node_modules/@testing-library/react/dist/act-compat.js:63:25
    at renderRoot (/Users/brianlong/Developer/summit/node_modules/.pnpm/@testing-library+react@13.4.0_@types+react@19.2.5_react-dom@18.3.1_react@18.3.1__react@18.3.1/node_modules/@testing-library/react/dist/pure.js:159:26)
    at render (/Users/brianlong/Developer/summit/node_modules/.pnpm/@testing-library+react@13.4.0_@types+react@19.2.5_react-dom@18.3.1_react@18.3.1__react@18.3.1/node_modules/@testing-library/react/dist/pure.js:246:10)
    at Object.&lt;anonymous&gt; (/Users/brianlong/Developer/summit/client/src/components/ai-enhanced/__tests__/assistant.chunking.test.tsx:38:13)
    at Promise.finally.completed (/Users/brianlong/Developer/summit/node_modules/.pnpm/jest-circus@30.2.0_babel-plugin-macros@3.1.0/node_modules/jest-circus/build/jestAdapterInit.js:1557:28)
    at new Promise (&lt;anonymous&gt;)
    at callAsyncCircusFn (/Users/brianlong/Developer/summit/node_modules/.pnpm/jest-circus@30.2.0_babel-plugin-macros@3.1.0/node_modules/jest-circus/build/jestAdapterInit.js:1497:10)
    at _callCircusTest (/Users/brianlong/Developer/summit/node_modules/.pnpm/jest-circus@30.2.0_babel-plugin-macros@3.1.0/node_modules/jest-circus/build/jestAdapterInit.js:1007:40)
    at processTicksAndRejections (node:internal/process/task_queues:95:5)
    at _runTest (/Users/brianlong/Developer/summit/node_modules/.pnpm/jest-circus@30.2.0_babel-plugin-macros@3.1.0/node_modules/jest-circus/build/jestAdapterInit.js:947:3)
    at /Users/brianlong/Developer/summit/node_modules/.pnpm/jest-circus@30.2.0_babel-plugin-macros@3.1.0/node_modules/jest-circus/build/jestAdapterInit.js:849:7
    at _runTestsForDescribeBlock (/Users/brianlong/Developer/summit/node_modules/.pnpm/jest-circus@30.2.0_babel-plugin-macros@3.1.0/node_modules/jest-circus/build/jestAdapterInit.js:862:11)
    at _runTestsForDescribeBlock (/Users/brianlong/Developer/summit/node_modules/.pnpm/jest-circus@30.2.0_babel-plugin-macros@3.1.0/node_modules/jest-circus/build/jestAdapterInit.js:857:11)
    at run (/Users/brianlong/Developer/summit/node_modules/.pnpm/jest-circus@30.2.0_babel-plugin-macros@3.1.0/node_modules/jest-circus/build/jestAdapterInit.js:761:3)
    at runAndTransformResultsToJestFormat (/Users/brianlong/Developer/summit/node_modules/.pnpm/jest-circus@30.2.0_babel-plugin-macros@3.1.0/node_modules/jest-circus/build/jestAdapterInit.js:1918:21)
    at jestAdapter (/Users/brianlong/Developer/summit/node_modules/.pnpm/jest-circus@30.2.0_babel-plugin-macros@3.1.0/node_modules/jest-circus/build/runner.js:101:19)
    at runTestInternal (/Users/brianlong/Developer/summit/node_modules/.pnpm/jest-runner@30.2.0/node_modules/jest-runner/build/testWorker.js:275:16)
    at runTest (/Users/brianlong/Developer/summit/node_modules/.pnpm/jest-runner@30.2.0/node_modules/jest-runner/build/testWorker.js:343:7)
    at Object.worker (/Users/brianlong/Developer/summit/node_modules/.pnpm/jest-runner@30.2.0/node_modules/jest-runner/build/testWorker.js:497:12)</failure>
    </testcase>
    <testcase classname="chunk-boundary invariance" name="renders correctly for cuts=[2,12]" time="0.035">
      <failure>TypeError: messagesEndRef.current?.scrollTo is not a function
    at /Users/brianlong/Developer/summit/client/src/components/ai-enhanced/EnhancedAIAssistant.tsx:218:29
    at commitHookEffectListMount (/Users/brianlong/Developer/summit/node_modules/.pnpm/react-dom@18.3.1_react@18.3.1/node_modules/react-dom/cjs/react-dom.development.js:23189:26)
    at commitPassiveMountOnFiber (/Users/brianlong/Developer/summit/node_modules/.pnpm/react-dom@18.3.1_react@18.3.1/node_modules/react-dom/cjs/react-dom.development.js:24970:11)
    at commitPassiveMountEffects_complete (/Users/brianlong/Developer/summit/node_modules/.pnpm/react-dom@18.3.1_react@18.3.1/node_modules/react-dom/cjs/react-dom.development.js:24930:9)
    at commitPassiveMountEffects_begin (/Users/brianlong/Developer/summit/node_modules/.pnpm/react-dom@18.3.1_react@18.3.1/node_modules/react-dom/cjs/react-dom.development.js:24917:7)
    at commitPassiveMountEffects (/Users/brianlong/Developer/summit/node_modules/.pnpm/react-dom@18.3.1_react@18.3.1/node_modules/react-dom/cjs/react-dom.development.js:24905:3)
    at flushPassiveEffectsImpl (/Users/brianlong/Developer/summit/node_modules/.pnpm/react-dom@18.3.1_react@18.3.1/node_modules/react-dom/cjs/react-dom.development.js:27078:3)
    at flushPassiveEffects (/Users/brianlong/Developer/summit/node_modules/.pnpm/react-dom@18.3.1_react@18.3.1/node_modules/react-dom/cjs/react-dom.development.js:27023:14)
    at /Users/brianlong/Developer/summit/node_modules/.pnpm/react-dom@18.3.1_react@18.3.1/node_modules/react-dom/cjs/react-dom.development.js:26808:9
    at flushActQueue (/Users/brianlong/Developer/summit/node_modules/.pnpm/react@18.3.1/node_modules/react/cjs/react.development.js:2667:24)
    at act (/Users/brianlong/Developer/summit/node_modules/.pnpm/react@18.3.1/node_modules/react/cjs/react.development.js:2582:11)
    at actWithWarning (/Users/brianlong/Developer/summit/node_modules/.pnpm/react-dom@18.3.1_react@18.3.1/node_modules/react-dom/cjs/react-dom-test-utils.development.js:1740:10)
    at /Users/brianlong/Developer/summit/node_modules/.pnpm/@testing-library+react@13.4.0_@types+react@19.2.5_react-dom@18.3.1_react@18.3.1__react@18.3.1/node_modules/@testing-library/react/dist/act-compat.js:63:25
    at renderRoot (/Users/brianlong/Developer/summit/node_modules/.pnpm/@testing-library+react@13.4.0_@types+react@19.2.5_react-dom@18.3.1_react@18.3.1__react@18.3.1/node_modules/@testing-library/react/dist/pure.js:159:26)
    at render (/Users/brianlong/Developer/summit/node_modules/.pnpm/@testing-library+react@13.4.0_@types+react@19.2.5_react-dom@18.3.1_react@18.3.1__react@18.3.1/node_modules/@testing-library/react/dist/pure.js:246:10)
    at Object.&lt;anonymous&gt; (/Users/brianlong/Developer/summit/client/src/components/ai-enhanced/__tests__/assistant.chunking.test.tsx:38:13)
    at Promise.finally.completed (/Users/brianlong/Developer/summit/node_modules/.pnpm/jest-circus@30.2.0_babel-plugin-macros@3.1.0/node_modules/jest-circus/build/jestAdapterInit.js:1557:28)
    at new Promise (&lt;anonymous&gt;)
    at callAsyncCircusFn (/Users/brianlong/Developer/summit/node_modules/.pnpm/jest-circus@30.2.0_babel-plugin-macros@3.1.0/node_modules/jest-circus/build/jestAdapterInit.js:1497:10)
    at _callCircusTest (/Users/brianlong/Developer/summit/node_modules/.pnpm/jest-circus@30.2.0_babel-plugin-macros@3.1.0/node_modules/jest-circus/build/jestAdapterInit.js:1007:40)
    at processTicksAndRejections (node:internal/process/task_queues:95:5)
    at _runTest (/Users/brianlong/Developer/summit/node_modules/.pnpm/jest-circus@30.2.0_babel-plugin-macros@3.1.0/node_modules/jest-circus/build/jestAdapterInit.js:947:3)
    at /Users/brianlong/Developer/summit/node_modules/.pnpm/jest-circus@30.2.0_babel-plugin-macros@3.1.0/node_modules/jest-circus/build/jestAdapterInit.js:849:7
    at _runTestsForDescribeBlock (/Users/brianlong/Developer/summit/node_modules/.pnpm/jest-circus@30.2.0_babel-plugin-macros@3.1.0/node_modules/jest-circus/build/jestAdapterInit.js:862:11)
    at _runTestsForDescribeBlock (/Users/brianlong/Developer/summit/node_modules/.pnpm/jest-circus@30.2.0_babel-plugin-macros@3.1.0/node_modules/jest-circus/build/jestAdapterInit.js:857:11)
    at run (/Users/brianlong/Developer/summit/node_modules/.pnpm/jest-circus@30.2.0_babel-plugin-macros@3.1.0/node_modules/jest-circus/build/jestAdapterInit.js:761:3)
    at runAndTransformResultsToJestFormat (/Users/brianlong/Developer/summit/node_modules/.pnpm/jest-circus@30.2.0_babel-plugin-macros@3.1.0/node_modules/jest-circus/build/jestAdapterInit.js:1918:21)
    at jestAdapter (/Users/brianlong/Developer/summit/node_modules/.pnpm/jest-circus@30.2.0_babel-plugin-macros@3.1.0/node_modules/jest-circus/build/runner.js:101:19)
    at runTestInternal (/Users/brianlong/Developer/summit/node_modules/.pnpm/jest-runner@30.2.0/node_modules/jest-runner/build/testWorker.js:275:16)
    at runTest (/Users/brianlong/Developer/summit/node_modules/.pnpm/jest-runner@30.2.0/node_modules/jest-runner/build/testWorker.js:343:7)
    at Object.worker (/Users/brianlong/Developer/summit/node_modules/.pnpm/jest-runner@30.2.0/node_modules/jest-runner/build/testWorker.js:497:12)</failure>
    </testcase>
    <testcase classname="chunk-boundary invariance" name="renders correctly for cuts=[1,2,3,4]" time="0.206">
      <failure>TypeError: messagesEndRef.current?.scrollTo is not a function
    at /Users/brianlong/Developer/summit/client/src/components/ai-enhanced/EnhancedAIAssistant.tsx:218:29
    at commitHookEffectListMount (/Users/brianlong/Developer/summit/node_modules/.pnpm/react-dom@18.3.1_react@18.3.1/node_modules/react-dom/cjs/react-dom.development.js:23189:26)
    at commitPassiveMountOnFiber (/Users/brianlong/Developer/summit/node_modules/.pnpm/react-dom@18.3.1_react@18.3.1/node_modules/react-dom/cjs/react-dom.development.js:24970:11)
    at commitPassiveMountEffects_complete (/Users/brianlong/Developer/summit/node_modules/.pnpm/react-dom@18.3.1_react@18.3.1/node_modules/react-dom/cjs/react-dom.development.js:24930:9)
    at commitPassiveMountEffects_begin (/Users/brianlong/Developer/summit/node_modules/.pnpm/react-dom@18.3.1_react@18.3.1/node_modules/react-dom/cjs/react-dom.development.js:24917:7)
    at commitPassiveMountEffects (/Users/brianlong/Developer/summit/node_modules/.pnpm/react-dom@18.3.1_react@18.3.1/node_modules/react-dom/cjs/react-dom.development.js:24905:3)
    at flushPassiveEffectsImpl (/Users/brianlong/Developer/summit/node_modules/.pnpm/react-dom@18.3.1_react@18.3.1/node_modules/react-dom/cjs/react-dom.development.js:27078:3)
    at flushPassiveEffects (/Users/brianlong/Developer/summit/node_modules/.pnpm/react-dom@18.3.1_react@18.3.1/node_modules/react-dom/cjs/react-dom.development.js:27023:14)
    at /Users/brianlong/Developer/summit/node_modules/.pnpm/react-dom@18.3.1_react@18.3.1/node_modules/react-dom/cjs/react-dom.development.js:26808:9
    at flushActQueue (/Users/brianlong/Developer/summit/node_modules/.pnpm/react@18.3.1/node_modules/react/cjs/react.development.js:2667:24)
    at act (/Users/brianlong/Developer/summit/node_modules/.pnpm/react@18.3.1/node_modules/react/cjs/react.development.js:2582:11)
    at actWithWarning (/Users/brianlong/Developer/summit/node_modules/.pnpm/react-dom@18.3.1_react@18.3.1/node_modules/react-dom/cjs/react-dom-test-utils.development.js:1740:10)
    at /Users/brianlong/Developer/summit/node_modules/.pnpm/@testing-library+react@13.4.0_@types+react@19.2.5_react-dom@18.3.1_react@18.3.1__react@18.3.1/node_modules/@testing-library/react/dist/act-compat.js:63:25
    at renderRoot (/Users/brianlong/Developer/summit/node_modules/.pnpm/@testing-library+react@13.4.0_@types+react@19.2.5_react-dom@18.3.1_react@18.3.1__react@18.3.1/node_modules/@testing-library/react/dist/pure.js:159:26)
    at render (/Users/brianlong/Developer/summit/node_modules/.pnpm/@testing-library+react@13.4.0_@types+react@19.2.5_react-dom@18.3.1_react@18.3.1__react@18.3.1/node_modules/@testing-library/react/dist/pure.js:246:10)
    at Object.&lt;anonymous&gt; (/Users/brianlong/Developer/summit/client/src/components/ai-enhanced/__tests__/assistant.chunking.test.tsx:38:13)
    at Promise.finally.completed (/Users/brianlong/Developer/summit/node_modules/.pnpm/jest-circus@30.2.0_babel-plugin-macros@3.1.0/node_modules/jest-circus/build/jestAdapterInit.js:1557:28)
    at new Promise (&lt;anonymous&gt;)
    at callAsyncCircusFn (/Users/brianlong/Developer/summit/node_modules/.pnpm/jest-circus@30.2.0_babel-plugin-macros@3.1.0/node_modules/jest-circus/build/jestAdapterInit.js:1497:10)
    at _callCircusTest (/Users/brianlong/Developer/summit/node_modules/.pnpm/jest-circus@30.2.0_babel-plugin-macros@3.1.0/node_modules/jest-circus/build/jestAdapterInit.js:1007:40)
    at processTicksAndRejections (node:internal/process/task_queues:95:5)
    at _runTest (/Users/brianlong/Developer/summit/node_modules/.pnpm/jest-circus@30.2.0_babel-plugin-macros@3.1.0/node_modules/jest-circus/build/jestAdapterInit.js:947:3)
    at /Users/brianlong/Developer/summit/node_modules/.pnpm/jest-circus@30.2.0_babel-plugin-macros@3.1.0/node_modules/jest-circus/build/jestAdapterInit.js:849:7
    at _runTestsForDescribeBlock (/Users/brianlong/Developer/summit/node_modules/.pnpm/jest-circus@30.2.0_babel-plugin-macros@3.1.0/node_modules/jest-circus/build/jestAdapterInit.js:862:11)
    at _runTestsForDescribeBlock (/Users/brianlong/Developer/summit/node_modules/.pnpm/jest-circus@30.2.0_babel-plugin-macros@3.1.0/node_modules/jest-circus/build/jestAdapterInit.js:857:11)
    at run (/Users/brianlong/Developer/summit/node_modules/.pnpm/jest-circus@30.2.0_babel-plugin-macros@3.1.0/node_modules/jest-circus/build/jestAdapterInit.js:761:3)
    at runAndTransformResultsToJestFormat (/Users/brianlong/Developer/summit/node_modules/.pnpm/jest-circus@30.2.0_babel-plugin-macros@3.1.0/node_modules/jest-circus/build/jestAdapterInit.js:1918:21)
    at jestAdapter (/Users/brianlong/Developer/summit/node_modules/.pnpm/jest-circus@30.2.0_babel-plugin-macros@3.1.0/node_modules/jest-circus/build/runner.js:101:19)
    at runTestInternal (/Users/brianlong/Developer/summit/node_modules/.pnpm/jest-runner@30.2.0/node_modules/jest-runner/build/testWorker.js:275:16)
    at runTest (/Users/brianlong/Developer/summit/node_modules/.pnpm/jest-runner@30.2.0/node_modules/jest-runner/build/testWorker.js:343:7)
    at Object.worker (/Users/brianlong/Developer/summit/node_modules/.pnpm/jest-runner@30.2.0/node_modules/jest-runner/build/testWorker.js:497:12)</failure>
    </testcase>
    <testcase classname="chunk-boundary invariance" name="renders correctly for cuts=[5,7,14,18]" time="0.113">
      <failure>TypeError: messagesEndRef.current?.scrollTo is not a function
    at /Users/brianlong/Developer/summit/client/src/components/ai-enhanced/EnhancedAIAssistant.tsx:218:29
    at commitHookEffectListMount (/Users/brianlong/Developer/summit/node_modules/.pnpm/react-dom@18.3.1_react@18.3.1/node_modules/react-dom/cjs/react-dom.development.js:23189:26)
    at commitPassiveMountOnFiber (/Users/brianlong/Developer/summit/node_modules/.pnpm/react-dom@18.3.1_react@18.3.1/node_modules/react-dom/cjs/react-dom.development.js:24970:11)
    at commitPassiveMountEffects_complete (/Users/brianlong/Developer/summit/node_modules/.pnpm/react-dom@18.3.1_react@18.3.1/node_modules/react-dom/cjs/react-dom.development.js:24930:9)
    at commitPassiveMountEffects_begin (/Users/brianlong/Developer/summit/node_modules/.pnpm/react-dom@18.3.1_react@18.3.1/node_modules/react-dom/cjs/react-dom.development.js:24917:7)
    at commitPassiveMountEffects (/Users/brianlong/Developer/summit/node_modules/.pnpm/react-dom@18.3.1_react@18.3.1/node_modules/react-dom/cjs/react-dom.development.js:24905:3)
    at flushPassiveEffectsImpl (/Users/brianlong/Developer/summit/node_modules/.pnpm/react-dom@18.3.1_react@18.3.1/node_modules/react-dom/cjs/react-dom.development.js:27078:3)
    at flushPassiveEffects (/Users/brianlong/Developer/summit/node_modules/.pnpm/react-dom@18.3.1_react@18.3.1/node_modules/react-dom/cjs/react-dom.development.js:27023:14)
    at /Users/brianlong/Developer/summit/node_modules/.pnpm/react-dom@18.3.1_react@18.3.1/node_modules/react-dom/cjs/react-dom.development.js:26808:9
    at flushActQueue (/Users/brianlong/Developer/summit/node_modules/.pnpm/react@18.3.1/node_modules/react/cjs/react.development.js:2667:24)
    at act (/Users/brianlong/Developer/summit/node_modules/.pnpm/react@18.3.1/node_modules/react/cjs/react.development.js:2582:11)
    at actWithWarning (/Users/brianlong/Developer/summit/node_modules/.pnpm/react-dom@18.3.1_react@18.3.1/node_modules/react-dom/cjs/react-dom-test-utils.development.js:1740:10)
    at /Users/brianlong/Developer/summit/node_modules/.pnpm/@testing-library+react@13.4.0_@types+react@19.2.5_react-dom@18.3.1_react@18.3.1__react@18.3.1/node_modules/@testing-library/react/dist/act-compat.js:63:25
    at renderRoot (/Users/brianlong/Developer/summit/node_modules/.pnpm/@testing-library+react@13.4.0_@types+react@19.2.5_react-dom@18.3.1_react@18.3.1__react@18.3.1/node_modules/@testing-library/react/dist/pure.js:159:26)
    at render (/Users/brianlong/Developer/summit/node_modules/.pnpm/@testing-library+react@13.4.0_@types+react@19.2.5_react-dom@18.3.1_react@18.3.1__react@18.3.1/node_modules/@testing-library/react/dist/pure.js:246:10)
    at Object.&lt;anonymous&gt; (/Users/brianlong/Developer/summit/client/src/components/ai-enhanced/__tests__/assistant.chunking.test.tsx:38:13)
    at Promise.finally.completed (/Users/brianlong/Developer/summit/node_modules/.pnpm/jest-circus@30.2.0_babel-plugin-macros@3.1.0/node_modules/jest-circus/build/jestAdapterInit.js:1557:28)
    at new Promise (&lt;anonymous&gt;)
    at callAsyncCircusFn (/Users/brianlong/Developer/summit/node_modules/.pnpm/jest-circus@30.2.0_babel-plugin-macros@3.1.0/node_modules/jest-circus/build/jestAdapterInit.js:1497:10)
    at _callCircusTest (/Users/brianlong/Developer/summit/node_modules/.pnpm/jest-circus@30.2.0_babel-plugin-macros@3.1.0/node_modules/jest-circus/build/jestAdapterInit.js:1007:40)
    at processTicksAndRejections (node:internal/process/task_queues:95:5)
    at _runTest (/Users/brianlong/Developer/summit/node_modules/.pnpm/jest-circus@30.2.0_babel-plugin-macros@3.1.0/node_modules/jest-circus/build/jestAdapterInit.js:947:3)
    at /Users/brianlong/Developer/summit/node_modules/.pnpm/jest-circus@30.2.0_babel-plugin-macros@3.1.0/node_modules/jest-circus/build/jestAdapterInit.js:849:7
    at _runTestsForDescribeBlock (/Users/brianlong/Developer/summit/node_modules/.pnpm/jest-circus@30.2.0_babel-plugin-macros@3.1.0/node_modules/jest-circus/build/jestAdapterInit.js:862:11)
    at _runTestsForDescribeBlock (/Users/brianlong/Developer/summit/node_modules/.pnpm/jest-circus@30.2.0_babel-plugin-macros@3.1.0/node_modules/jest-circus/build/jestAdapterInit.js:857:11)
    at run (/Users/brianlong/Developer/summit/node_modules/.pnpm/jest-circus@30.2.0_babel-plugin-macros@3.1.0/node_modules/jest-circus/build/jestAdapterInit.js:761:3)
    at runAndTransformResultsToJestFormat (/Users/brianlong/Developer/summit/node_modules/.pnpm/jest-circus@30.2.0_babel-plugin-macros@3.1.0/node_modules/jest-circus/build/jestAdapterInit.js:1918:21)
    at jestAdapter (/Users/brianlong/Developer/summit/node_modules/.pnpm/jest-circus@30.2.0_babel-plugin-macros@3.1.0/node_modules/jest-circus/build/runner.js:101:19)
    at runTestInternal (/Users/brianlong/Developer/summit/node_modules/.pnpm/jest-runner@30.2.0/node_modules/jest-runner/build/testWorker.js:275:16)
    at runTest (/Users/brianlong/Developer/summit/node_modules/.pnpm/jest-runner@30.2.0/node_modules/jest-runner/build/testWorker.js:343:7)
    at Object.worker (/Users/brianlong/Developer/summit/node_modules/.pnpm/jest-runner@30.2.0/node_modules/jest-runner/build/testWorker.js:497:12)</failure>
    </testcase>
  </testsuite>
</testsuites>