<?xml version="1.0" encoding="UTF-8"?>
<testsuites name="jest tests" tests="149" failures="40" errors="0" time="62.674">
  <testsuite name="undefined" errors="0" failures="0" skipped="0" timestamp="2025-10-16T16:13:10" time="1.081" tests="1">
    <testcase classname="" name="increments alert badge on ALERT_EVT" time="0.09">
    </testcase>
  </testsuite>
  <testsuite name="DsarReviewer" errors="0" failures="0" skipped="0" timestamp="2025-10-16T16:13:10" time="1.109" tests="2">
    <testcase classname="DsarReviewer" name="renders requests and surfaces replay actions" time="0.13">
    </testcase>
    <testcase classname="DsarReviewer" name="shows request details when selected" time="0.025">
    </testcase>
  </testsuite>
  <testsuite name="undefined" errors="0" failures="1" skipped="0" timestamp="2025-10-16T16:13:11" time="0.302" tests="1">
    <testcase classname="" name="fetch transport streams tokens then done" time="0.058">
      <failure>Error: expect(received).toMatch(expected)

Expected pattern: /I understand your query/
Received string:  &quot;&quot;
    at Object.&lt;anonymous&gt; (/Users/brianlong/Developer/summit/client/src/lib/assistant/transport.test.ts:58:5)</failure>
    </testcase>
  </testsuite>
  <testsuite name="PerformanceMonitor" errors="0" failures="12" skipped="0" timestamp="2025-10-16T16:13:11" time="0.469" tests="15">
    <testcase classname="PerformanceMonitor" name="renders performance indicator when enabled" time="0.031">
      <failure>TypeError: performance.getEntriesByType is not a function
    at /Users/brianlong/Developer/summit/client/src/components/PerformanceMonitor.tsx:35:33
    at /Users/brianlong/Developer/summit/client/src/components/PerformanceMonitor.tsx:78:28
    at commitHookEffectListMount (/Users/brianlong/Developer/summit/client/node_modules/react-dom/cjs/react-dom.development.js:23189:26)
    at commitPassiveMountOnFiber (/Users/brianlong/Developer/summit/client/node_modules/react-dom/cjs/react-dom.development.js:24970:11)
    at commitPassiveMountEffects_complete (/Users/brianlong/Developer/summit/client/node_modules/react-dom/cjs/react-dom.development.js:24930:9)
    at commitPassiveMountEffects_begin (/Users/brianlong/Developer/summit/client/node_modules/react-dom/cjs/react-dom.development.js:24917:7)
    at commitPassiveMountEffects (/Users/brianlong/Developer/summit/client/node_modules/react-dom/cjs/react-dom.development.js:24905:3)
    at flushPassiveEffectsImpl (/Users/brianlong/Developer/summit/client/node_modules/react-dom/cjs/react-dom.development.js:27078:3)
    at flushPassiveEffects (/Users/brianlong/Developer/summit/client/node_modules/react-dom/cjs/react-dom.development.js:27023:14)
    at /Users/brianlong/Developer/summit/client/node_modules/react-dom/cjs/react-dom.development.js:26808:9
    at flushActQueue (/Users/brianlong/Developer/summit/client/node_modules/react/cjs/react.development.js:2667:24)
    at act (/Users/brianlong/Developer/summit/client/node_modules/react/cjs/react.development.js:2582:11)
    at actWithWarning (/Users/brianlong/Developer/summit/client/node_modules/react-dom/cjs/react-dom-test-utils.development.js:1740:10)
    at /Users/brianlong/Developer/summit/client/node_modules/@testing-library/react/dist/act-compat.js:63:25
    at renderRoot (/Users/brianlong/Developer/summit/client/node_modules/@testing-library/react/dist/pure.js:159:26)
    at render (/Users/brianlong/Developer/summit/client/node_modules/@testing-library/react/dist/pure.js:246:10)
    at Object.&lt;anonymous&gt; (/Users/brianlong/Developer/summit/client/src/components/__tests__/PerformanceMonitor.test.tsx:64:11)
    at Promise.finally.completed (/Users/brianlong/Developer/summit/client/node_modules/jest-circus/build/jestAdapterInit.js:1556:28)
    at new Promise (&lt;anonymous&gt;)
    at callAsyncCircusFn (/Users/brianlong/Developer/summit/client/node_modules/jest-circus/build/jestAdapterInit.js:1496:10)
    at _callCircusTest (/Users/brianlong/Developer/summit/client/node_modules/jest-circus/build/jestAdapterInit.js:1006:40)
    at processTicksAndRejections (node:internal/process/task_queues:95:5)
    at _runTest (/Users/brianlong/Developer/summit/client/node_modules/jest-circus/build/jestAdapterInit.js:946:3)
    at _runTestsForDescribeBlock (/Users/brianlong/Developer/summit/client/node_modules/jest-circus/build/jestAdapterInit.js:839:13)
    at _runTestsForDescribeBlock (/Users/brianlong/Developer/summit/client/node_modules/jest-circus/build/jestAdapterInit.js:829:11)
    at run (/Users/brianlong/Developer/summit/client/node_modules/jest-circus/build/jestAdapterInit.js:757:3)
    at runAndTransformResultsToJestFormat (/Users/brianlong/Developer/summit/client/node_modules/jest-circus/build/jestAdapterInit.js:1917:21)
    at jestAdapter (/Users/brianlong/Developer/summit/client/node_modules/jest-circus/build/runner.js:101:19)
    at runTestInternal (/Users/brianlong/Developer/summit/client/node_modules/jest-runner/build/testWorker.js:275:16)
    at runTest (/Users/brianlong/Developer/summit/client/node_modules/jest-runner/build/testWorker.js:343:7)
    at Object.worker (/Users/brianlong/Developer/summit/client/node_modules/jest-runner/build/testWorker.js:497:12)</failure>
      <failure>TypeError: performance.getEntriesByType is not a function
    at /Users/brianlong/Developer/summit/client/src/components/PerformanceMonitor.tsx:35:33
    at /Users/brianlong/Developer/summit/client/src/components/PerformanceMonitor.tsx:63:26
    at callTimer (/Users/brianlong/Developer/summit/client/node_modules/@sinonjs/fake-timers/src/fake-timers-src.js:806:24)
    at doTickInner (/Users/brianlong/Developer/summit/client/node_modules/@sinonjs/fake-timers/src/fake-timers-src.js:1413:29)
    at doTick (/Users/brianlong/Developer/summit/client/node_modules/@sinonjs/fake-timers/src/fake-timers-src.js:1494:20)
    at Object.tick (/Users/brianlong/Developer/summit/client/node_modules/@sinonjs/fake-timers/src/fake-timers-src.js:1502:20)
    at Object.runToLast (/Users/brianlong/Developer/summit/client/node_modules/@sinonjs/fake-timers/src/fake-timers-src.js:1661:26)
    at FakeTimers.runOnlyPendingTimers (/Users/brianlong/Developer/summit/client/node_modules/@jest/fake-timers/build/index.js:542:19)
    at Object.runOnlyPendingTimers (/Users/brianlong/Developer/summit/client/node_modules/jest-runtime/build/index.js:1804:52)
    at Object.&lt;anonymous&gt; (/Users/brianlong/Developer/summit/client/src/components/__tests__/PerformanceMonitor.test.tsx:58:10)
    at Promise.finally.completed (/Users/brianlong/Developer/summit/client/node_modules/jest-circus/build/jestAdapterInit.js:1556:28)
    at new Promise (&lt;anonymous&gt;)
    at callAsyncCircusFn (/Users/brianlong/Developer/summit/client/node_modules/jest-circus/build/jestAdapterInit.js:1496:10)
    at _callCircusHook (/Users/brianlong/Developer/summit/client/node_modules/jest-circus/build/jestAdapterInit.js:975:40)
    at processTicksAndRejections (node:internal/process/task_queues:95:5)
    at _runTest (/Users/brianlong/Developer/summit/client/node_modules/jest-circus/build/jestAdapterInit.js:948:5)
    at _runTestsForDescribeBlock (/Users/brianlong/Developer/summit/client/node_modules/jest-circus/build/jestAdapterInit.js:839:13)
    at _runTestsForDescribeBlock (/Users/brianlong/Developer/summit/client/node_modules/jest-circus/build/jestAdapterInit.js:829:11)
    at run (/Users/brianlong/Developer/summit/client/node_modules/jest-circus/build/jestAdapterInit.js:757:3)
    at runAndTransformResultsToJestFormat (/Users/brianlong/Developer/summit/client/node_modules/jest-circus/build/jestAdapterInit.js:1917:21)
    at jestAdapter (/Users/brianlong/Developer/summit/client/node_modules/jest-circus/build/runner.js:101:19)
    at runTestInternal (/Users/brianlong/Developer/summit/client/node_modules/jest-runner/build/testWorker.js:275:16)
    at runTest (/Users/brianlong/Developer/summit/client/node_modules/jest-runner/build/testWorker.js:343:7)
    at Object.worker (/Users/brianlong/Developer/summit/client/node_modules/jest-runner/build/testWorker.js:497:12)</failure>
    </testcase>
    <testcase classname="PerformanceMonitor" name="does not render when disabled" time="0.004">
    </testcase>
    <testcase classname="PerformanceMonitor" name="shows performance details when clicked" time="0.004">
      <failure>TypeError: performance.getEntriesByType is not a function
    at /Users/brianlong/Developer/summit/client/src/components/PerformanceMonitor.tsx:35:33
    at /Users/brianlong/Developer/summit/client/src/components/PerformanceMonitor.tsx:78:28
    at commitHookEffectListMount (/Users/brianlong/Developer/summit/client/node_modules/react-dom/cjs/react-dom.development.js:23189:26)
    at commitPassiveMountOnFiber (/Users/brianlong/Developer/summit/client/node_modules/react-dom/cjs/react-dom.development.js:24970:11)
    at commitPassiveMountEffects_complete (/Users/brianlong/Developer/summit/client/node_modules/react-dom/cjs/react-dom.development.js:24930:9)
    at commitPassiveMountEffects_begin (/Users/brianlong/Developer/summit/client/node_modules/react-dom/cjs/react-dom.development.js:24917:7)
    at commitPassiveMountEffects (/Users/brianlong/Developer/summit/client/node_modules/react-dom/cjs/react-dom.development.js:24905:3)
    at flushPassiveEffectsImpl (/Users/brianlong/Developer/summit/client/node_modules/react-dom/cjs/react-dom.development.js:27078:3)
    at flushPassiveEffects (/Users/brianlong/Developer/summit/client/node_modules/react-dom/cjs/react-dom.development.js:27023:14)
    at /Users/brianlong/Developer/summit/client/node_modules/react-dom/cjs/react-dom.development.js:26808:9
    at flushActQueue (/Users/brianlong/Developer/summit/client/node_modules/react/cjs/react.development.js:2667:24)
    at act (/Users/brianlong/Developer/summit/client/node_modules/react/cjs/react.development.js:2582:11)
    at actWithWarning (/Users/brianlong/Developer/summit/client/node_modules/react-dom/cjs/react-dom-test-utils.development.js:1740:10)
    at /Users/brianlong/Developer/summit/client/node_modules/@testing-library/react/dist/act-compat.js:63:25
    at renderRoot (/Users/brianlong/Developer/summit/client/node_modules/@testing-library/react/dist/pure.js:159:26)
    at render (/Users/brianlong/Developer/summit/client/node_modules/@testing-library/react/dist/pure.js:246:10)
    at Object.&lt;anonymous&gt; (/Users/brianlong/Developer/summit/client/src/components/__tests__/PerformanceMonitor.test.tsx:77:11)
    at Promise.finally.completed (/Users/brianlong/Developer/summit/client/node_modules/jest-circus/build/jestAdapterInit.js:1556:28)
    at new Promise (&lt;anonymous&gt;)
    at callAsyncCircusFn (/Users/brianlong/Developer/summit/client/node_modules/jest-circus/build/jestAdapterInit.js:1496:10)
    at _callCircusTest (/Users/brianlong/Developer/summit/client/node_modules/jest-circus/build/jestAdapterInit.js:1006:40)
    at processTicksAndRejections (node:internal/process/task_queues:95:5)
    at _runTest (/Users/brianlong/Developer/summit/client/node_modules/jest-circus/build/jestAdapterInit.js:946:3)
    at _runTestsForDescribeBlock (/Users/brianlong/Developer/summit/client/node_modules/jest-circus/build/jestAdapterInit.js:839:13)
    at _runTestsForDescribeBlock (/Users/brianlong/Developer/summit/client/node_modules/jest-circus/build/jestAdapterInit.js:829:11)
    at run (/Users/brianlong/Developer/summit/client/node_modules/jest-circus/build/jestAdapterInit.js:757:3)
    at runAndTransformResultsToJestFormat (/Users/brianlong/Developer/summit/client/node_modules/jest-circus/build/jestAdapterInit.js:1917:21)
    at jestAdapter (/Users/brianlong/Developer/summit/client/node_modules/jest-circus/build/runner.js:101:19)
    at runTestInternal (/Users/brianlong/Developer/summit/client/node_modules/jest-runner/build/testWorker.js:275:16)
    at runTest (/Users/brianlong/Developer/summit/client/node_modules/jest-runner/build/testWorker.js:343:7)
    at Object.worker (/Users/brianlong/Developer/summit/client/node_modules/jest-runner/build/testWorker.js:497:12)</failure>
      <failure>TypeError: performance.getEntriesByType is not a function
    at /Users/brianlong/Developer/summit/client/src/components/PerformanceMonitor.tsx:35:33
    at /Users/brianlong/Developer/summit/client/src/components/PerformanceMonitor.tsx:63:26
    at callTimer (/Users/brianlong/Developer/summit/client/node_modules/@sinonjs/fake-timers/src/fake-timers-src.js:806:24)
    at doTickInner (/Users/brianlong/Developer/summit/client/node_modules/@sinonjs/fake-timers/src/fake-timers-src.js:1413:29)
    at doTick (/Users/brianlong/Developer/summit/client/node_modules/@sinonjs/fake-timers/src/fake-timers-src.js:1494:20)
    at Object.tick (/Users/brianlong/Developer/summit/client/node_modules/@sinonjs/fake-timers/src/fake-timers-src.js:1502:20)
    at Object.runToLast (/Users/brianlong/Developer/summit/client/node_modules/@sinonjs/fake-timers/src/fake-timers-src.js:1661:26)
    at FakeTimers.runOnlyPendingTimers (/Users/brianlong/Developer/summit/client/node_modules/@jest/fake-timers/build/index.js:542:19)
    at Object.runOnlyPendingTimers (/Users/brianlong/Developer/summit/client/node_modules/jest-runtime/build/index.js:1804:52)
    at Object.&lt;anonymous&gt; (/Users/brianlong/Developer/summit/client/src/components/__tests__/PerformanceMonitor.test.tsx:58:10)
    at Promise.finally.completed (/Users/brianlong/Developer/summit/client/node_modules/jest-circus/build/jestAdapterInit.js:1556:28)
    at new Promise (&lt;anonymous&gt;)
    at callAsyncCircusFn (/Users/brianlong/Developer/summit/client/node_modules/jest-circus/build/jestAdapterInit.js:1496:10)
    at _callCircusHook (/Users/brianlong/Developer/summit/client/node_modules/jest-circus/build/jestAdapterInit.js:975:40)
    at processTicksAndRejections (node:internal/process/task_queues:95:5)
    at _runTest (/Users/brianlong/Developer/summit/client/node_modules/jest-circus/build/jestAdapterInit.js:948:5)
    at _runTestsForDescribeBlock (/Users/brianlong/Developer/summit/client/node_modules/jest-circus/build/jestAdapterInit.js:839:13)
    at _runTestsForDescribeBlock (/Users/brianlong/Developer/summit/client/node_modules/jest-circus/build/jestAdapterInit.js:829:11)
    at run (/Users/brianlong/Developer/summit/client/node_modules/jest-circus/build/jestAdapterInit.js:757:3)
    at runAndTransformResultsToJestFormat (/Users/brianlong/Developer/summit/client/node_modules/jest-circus/build/jestAdapterInit.js:1917:21)
    at jestAdapter (/Users/brianlong/Developer/summit/client/node_modules/jest-circus/build/runner.js:101:19)
    at runTestInternal (/Users/brianlong/Developer/summit/client/node_modules/jest-runner/build/testWorker.js:275:16)
    at runTest (/Users/brianlong/Developer/summit/client/node_modules/jest-runner/build/testWorker.js:343:7)
    at Object.worker (/Users/brianlong/Developer/summit/client/node_modules/jest-runner/build/testWorker.js:497:12)</failure>
    </testcase>
    <testcase classname="PerformanceMonitor" name="collects metrics at specified intervals" time="0.005">
      <failure>TypeError: performance.getEntriesByType is not a function
    at /Users/brianlong/Developer/summit/client/src/components/PerformanceMonitor.tsx:35:33
    at /Users/brianlong/Developer/summit/client/src/components/PerformanceMonitor.tsx:78:28
    at commitHookEffectListMount (/Users/brianlong/Developer/summit/client/node_modules/react-dom/cjs/react-dom.development.js:23189:26)
    at commitPassiveMountOnFiber (/Users/brianlong/Developer/summit/client/node_modules/react-dom/cjs/react-dom.development.js:24970:11)
    at commitPassiveMountEffects_complete (/Users/brianlong/Developer/summit/client/node_modules/react-dom/cjs/react-dom.development.js:24930:9)
    at commitPassiveMountEffects_begin (/Users/brianlong/Developer/summit/client/node_modules/react-dom/cjs/react-dom.development.js:24917:7)
    at commitPassiveMountEffects (/Users/brianlong/Developer/summit/client/node_modules/react-dom/cjs/react-dom.development.js:24905:3)
    at flushPassiveEffectsImpl (/Users/brianlong/Developer/summit/client/node_modules/react-dom/cjs/react-dom.development.js:27078:3)
    at flushPassiveEffects (/Users/brianlong/Developer/summit/client/node_modules/react-dom/cjs/react-dom.development.js:27023:14)
    at /Users/brianlong/Developer/summit/client/node_modules/react-dom/cjs/react-dom.development.js:26808:9
    at flushActQueue (/Users/brianlong/Developer/summit/client/node_modules/react/cjs/react.development.js:2667:24)
    at act (/Users/brianlong/Developer/summit/client/node_modules/react/cjs/react.development.js:2582:11)
    at actWithWarning (/Users/brianlong/Developer/summit/client/node_modules/react-dom/cjs/react-dom-test-utils.development.js:1740:10)
    at /Users/brianlong/Developer/summit/client/node_modules/@testing-library/react/dist/act-compat.js:63:25
    at renderRoot (/Users/brianlong/Developer/summit/client/node_modules/@testing-library/react/dist/pure.js:159:26)
    at render (/Users/brianlong/Developer/summit/client/node_modules/@testing-library/react/dist/pure.js:246:10)
    at Object.&lt;anonymous&gt; (/Users/brianlong/Developer/summit/client/src/components/__tests__/PerformanceMonitor.test.tsx:92:11)
    at Promise.finally.completed (/Users/brianlong/Developer/summit/client/node_modules/jest-circus/build/jestAdapterInit.js:1556:28)
    at new Promise (&lt;anonymous&gt;)
    at callAsyncCircusFn (/Users/brianlong/Developer/summit/client/node_modules/jest-circus/build/jestAdapterInit.js:1496:10)
    at _callCircusTest (/Users/brianlong/Developer/summit/client/node_modules/jest-circus/build/jestAdapterInit.js:1006:40)
    at processTicksAndRejections (node:internal/process/task_queues:95:5)
    at _runTest (/Users/brianlong/Developer/summit/client/node_modules/jest-circus/build/jestAdapterInit.js:946:3)
    at _runTestsForDescribeBlock (/Users/brianlong/Developer/summit/client/node_modules/jest-circus/build/jestAdapterInit.js:839:13)
    at _runTestsForDescribeBlock (/Users/brianlong/Developer/summit/client/node_modules/jest-circus/build/jestAdapterInit.js:829:11)
    at run (/Users/brianlong/Developer/summit/client/node_modules/jest-circus/build/jestAdapterInit.js:757:3)
    at runAndTransformResultsToJestFormat (/Users/brianlong/Developer/summit/client/node_modules/jest-circus/build/jestAdapterInit.js:1917:21)
    at jestAdapter (/Users/brianlong/Developer/summit/client/node_modules/jest-circus/build/runner.js:101:19)
    at runTestInternal (/Users/brianlong/Developer/summit/client/node_modules/jest-runner/build/testWorker.js:275:16)
    at runTest (/Users/brianlong/Developer/summit/client/node_modules/jest-runner/build/testWorker.js:343:7)
    at Object.worker (/Users/brianlong/Developer/summit/client/node_modules/jest-runner/build/testWorker.js:497:12)</failure>
      <failure>TypeError: performance.getEntriesByType is not a function
    at /Users/brianlong/Developer/summit/client/src/components/PerformanceMonitor.tsx:35:33
    at /Users/brianlong/Developer/summit/client/src/components/PerformanceMonitor.tsx:63:26
    at callTimer (/Users/brianlong/Developer/summit/client/node_modules/@sinonjs/fake-timers/src/fake-timers-src.js:806:24)
    at doTickInner (/Users/brianlong/Developer/summit/client/node_modules/@sinonjs/fake-timers/src/fake-timers-src.js:1413:29)
    at doTick (/Users/brianlong/Developer/summit/client/node_modules/@sinonjs/fake-timers/src/fake-timers-src.js:1494:20)
    at Object.tick (/Users/brianlong/Developer/summit/client/node_modules/@sinonjs/fake-timers/src/fake-timers-src.js:1502:20)
    at Object.runToLast (/Users/brianlong/Developer/summit/client/node_modules/@sinonjs/fake-timers/src/fake-timers-src.js:1661:26)
    at FakeTimers.runOnlyPendingTimers (/Users/brianlong/Developer/summit/client/node_modules/@jest/fake-timers/build/index.js:542:19)
    at Object.runOnlyPendingTimers (/Users/brianlong/Developer/summit/client/node_modules/jest-runtime/build/index.js:1804:52)
    at Object.&lt;anonymous&gt; (/Users/brianlong/Developer/summit/client/src/components/__tests__/PerformanceMonitor.test.tsx:58:10)
    at Promise.finally.completed (/Users/brianlong/Developer/summit/client/node_modules/jest-circus/build/jestAdapterInit.js:1556:28)
    at new Promise (&lt;anonymous&gt;)
    at callAsyncCircusFn (/Users/brianlong/Developer/summit/client/node_modules/jest-circus/build/jestAdapterInit.js:1496:10)
    at _callCircusHook (/Users/brianlong/Developer/summit/client/node_modules/jest-circus/build/jestAdapterInit.js:975:40)
    at processTicksAndRejections (node:internal/process/task_queues:95:5)
    at _runTest (/Users/brianlong/Developer/summit/client/node_modules/jest-circus/build/jestAdapterInit.js:948:5)
    at _runTestsForDescribeBlock (/Users/brianlong/Developer/summit/client/node_modules/jest-circus/build/jestAdapterInit.js:839:13)
    at _runTestsForDescribeBlock (/Users/brianlong/Developer/summit/client/node_modules/jest-circus/build/jestAdapterInit.js:829:11)
    at run (/Users/brianlong/Developer/summit/client/node_modules/jest-circus/build/jestAdapterInit.js:757:3)
    at runAndTransformResultsToJestFormat (/Users/brianlong/Developer/summit/client/node_modules/jest-circus/build/jestAdapterInit.js:1917:21)
    at jestAdapter (/Users/brianlong/Developer/summit/client/node_modules/jest-circus/build/runner.js:101:19)
    at runTestInternal (/Users/brianlong/Developer/summit/client/node_modules/jest-runner/build/testWorker.js:275:16)
    at runTest (/Users/brianlong/Developer/summit/client/node_modules/jest-runner/build/testWorker.js:343:7)
    at Object.worker (/Users/brianlong/Developer/summit/client/node_modules/jest-runner/build/testWorker.js:497:12)</failure>
    </testcase>
    <testcase classname="PerformanceMonitor" name="respects maxSamples limit" time="0.014">
      <failure>TypeError: performance.getEntriesByType is not a function
    at /Users/brianlong/Developer/summit/client/src/components/PerformanceMonitor.tsx:35:33
    at /Users/brianlong/Developer/summit/client/src/components/PerformanceMonitor.tsx:78:28
    at commitHookEffectListMount (/Users/brianlong/Developer/summit/client/node_modules/react-dom/cjs/react-dom.development.js:23189:26)
    at commitPassiveMountOnFiber (/Users/brianlong/Developer/summit/client/node_modules/react-dom/cjs/react-dom.development.js:24970:11)
    at commitPassiveMountEffects_complete (/Users/brianlong/Developer/summit/client/node_modules/react-dom/cjs/react-dom.development.js:24930:9)
    at commitPassiveMountEffects_begin (/Users/brianlong/Developer/summit/client/node_modules/react-dom/cjs/react-dom.development.js:24917:7)
    at commitPassiveMountEffects (/Users/brianlong/Developer/summit/client/node_modules/react-dom/cjs/react-dom.development.js:24905:3)
    at flushPassiveEffectsImpl (/Users/brianlong/Developer/summit/client/node_modules/react-dom/cjs/react-dom.development.js:27078:3)
    at flushPassiveEffects (/Users/brianlong/Developer/summit/client/node_modules/react-dom/cjs/react-dom.development.js:27023:14)
    at /Users/brianlong/Developer/summit/client/node_modules/react-dom/cjs/react-dom.development.js:26808:9
    at flushActQueue (/Users/brianlong/Developer/summit/client/node_modules/react/cjs/react.development.js:2667:24)
    at act (/Users/brianlong/Developer/summit/client/node_modules/react/cjs/react.development.js:2582:11)
    at actWithWarning (/Users/brianlong/Developer/summit/client/node_modules/react-dom/cjs/react-dom-test-utils.development.js:1740:10)
    at /Users/brianlong/Developer/summit/client/node_modules/@testing-library/react/dist/act-compat.js:63:25
    at renderRoot (/Users/brianlong/Developer/summit/client/node_modules/@testing-library/react/dist/pure.js:159:26)
    at render (/Users/brianlong/Developer/summit/client/node_modules/@testing-library/react/dist/pure.js:246:10)
    at Object.&lt;anonymous&gt; (/Users/brianlong/Developer/summit/client/src/components/__tests__/PerformanceMonitor.test.tsx:122:11)
    at Promise.finally.completed (/Users/brianlong/Developer/summit/client/node_modules/jest-circus/build/jestAdapterInit.js:1556:28)
    at new Promise (&lt;anonymous&gt;)
    at callAsyncCircusFn (/Users/brianlong/Developer/summit/client/node_modules/jest-circus/build/jestAdapterInit.js:1496:10)
    at _callCircusTest (/Users/brianlong/Developer/summit/client/node_modules/jest-circus/build/jestAdapterInit.js:1006:40)
    at processTicksAndRejections (node:internal/process/task_queues:95:5)
    at _runTest (/Users/brianlong/Developer/summit/client/node_modules/jest-circus/build/jestAdapterInit.js:946:3)
    at _runTestsForDescribeBlock (/Users/brianlong/Developer/summit/client/node_modules/jest-circus/build/jestAdapterInit.js:839:13)
    at _runTestsForDescribeBlock (/Users/brianlong/Developer/summit/client/node_modules/jest-circus/build/jestAdapterInit.js:829:11)
    at run (/Users/brianlong/Developer/summit/client/node_modules/jest-circus/build/jestAdapterInit.js:757:3)
    at runAndTransformResultsToJestFormat (/Users/brianlong/Developer/summit/client/node_modules/jest-circus/build/jestAdapterInit.js:1917:21)
    at jestAdapter (/Users/brianlong/Developer/summit/client/node_modules/jest-circus/build/runner.js:101:19)
    at runTestInternal (/Users/brianlong/Developer/summit/client/node_modules/jest-runner/build/testWorker.js:275:16)
    at runTest (/Users/brianlong/Developer/summit/client/node_modules/jest-runner/build/testWorker.js:343:7)
    at Object.worker (/Users/brianlong/Developer/summit/client/node_modules/jest-runner/build/testWorker.js:497:12)</failure>
      <failure>TypeError: performance.getEntriesByType is not a function
    at /Users/brianlong/Developer/summit/client/src/components/PerformanceMonitor.tsx:35:33
    at /Users/brianlong/Developer/summit/client/src/components/PerformanceMonitor.tsx:63:26
    at callTimer (/Users/brianlong/Developer/summit/client/node_modules/@sinonjs/fake-timers/src/fake-timers-src.js:806:24)
    at doTickInner (/Users/brianlong/Developer/summit/client/node_modules/@sinonjs/fake-timers/src/fake-timers-src.js:1413:29)
    at doTick (/Users/brianlong/Developer/summit/client/node_modules/@sinonjs/fake-timers/src/fake-timers-src.js:1494:20)
    at Object.tick (/Users/brianlong/Developer/summit/client/node_modules/@sinonjs/fake-timers/src/fake-timers-src.js:1502:20)
    at Object.runToLast (/Users/brianlong/Developer/summit/client/node_modules/@sinonjs/fake-timers/src/fake-timers-src.js:1661:26)
    at FakeTimers.runOnlyPendingTimers (/Users/brianlong/Developer/summit/client/node_modules/@jest/fake-timers/build/index.js:542:19)
    at Object.runOnlyPendingTimers (/Users/brianlong/Developer/summit/client/node_modules/jest-runtime/build/index.js:1804:52)
    at Object.&lt;anonymous&gt; (/Users/brianlong/Developer/summit/client/src/components/__tests__/PerformanceMonitor.test.tsx:58:10)
    at Promise.finally.completed (/Users/brianlong/Developer/summit/client/node_modules/jest-circus/build/jestAdapterInit.js:1556:28)
    at new Promise (&lt;anonymous&gt;)
    at callAsyncCircusFn (/Users/brianlong/Developer/summit/client/node_modules/jest-circus/build/jestAdapterInit.js:1496:10)
    at _callCircusHook (/Users/brianlong/Developer/summit/client/node_modules/jest-circus/build/jestAdapterInit.js:975:40)
    at processTicksAndRejections (node:internal/process/task_queues:95:5)
    at _runTest (/Users/brianlong/Developer/summit/client/node_modules/jest-circus/build/jestAdapterInit.js:948:5)
    at _runTestsForDescribeBlock (/Users/brianlong/Developer/summit/client/node_modules/jest-circus/build/jestAdapterInit.js:839:13)
    at _runTestsForDescribeBlock (/Users/brianlong/Developer/summit/client/node_modules/jest-circus/build/jestAdapterInit.js:829:11)
    at run (/Users/brianlong/Developer/summit/client/node_modules/jest-circus/build/jestAdapterInit.js:757:3)
    at runAndTransformResultsToJestFormat (/Users/brianlong/Developer/summit/client/node_modules/jest-circus/build/jestAdapterInit.js:1917:21)
    at jestAdapter (/Users/brianlong/Developer/summit/client/node_modules/jest-circus/build/runner.js:101:19)
    at runTestInternal (/Users/brianlong/Developer/summit/client/node_modules/jest-runner/build/testWorker.js:275:16)
    at runTest (/Users/brianlong/Developer/summit/client/node_modules/jest-runner/build/testWorker.js:343:7)
    at Object.worker (/Users/brianlong/Developer/summit/client/node_modules/jest-runner/build/testWorker.js:497:12)</failure>
    </testcase>
    <testcase classname="PerformanceMonitor" name="shows color indicators based on memory usage" time="0.007">
      <failure>TypeError: performance.getEntriesByType is not a function
    at /Users/brianlong/Developer/summit/client/src/components/PerformanceMonitor.tsx:35:33
    at /Users/brianlong/Developer/summit/client/src/components/PerformanceMonitor.tsx:78:28
    at commitHookEffectListMount (/Users/brianlong/Developer/summit/client/node_modules/react-dom/cjs/react-dom.development.js:23189:26)
    at commitPassiveMountOnFiber (/Users/brianlong/Developer/summit/client/node_modules/react-dom/cjs/react-dom.development.js:24970:11)
    at commitPassiveMountEffects_complete (/Users/brianlong/Developer/summit/client/node_modules/react-dom/cjs/react-dom.development.js:24930:9)
    at commitPassiveMountEffects_begin (/Users/brianlong/Developer/summit/client/node_modules/react-dom/cjs/react-dom.development.js:24917:7)
    at commitPassiveMountEffects (/Users/brianlong/Developer/summit/client/node_modules/react-dom/cjs/react-dom.development.js:24905:3)
    at flushPassiveEffectsImpl (/Users/brianlong/Developer/summit/client/node_modules/react-dom/cjs/react-dom.development.js:27078:3)
    at flushPassiveEffects (/Users/brianlong/Developer/summit/client/node_modules/react-dom/cjs/react-dom.development.js:27023:14)
    at /Users/brianlong/Developer/summit/client/node_modules/react-dom/cjs/react-dom.development.js:26808:9
    at flushActQueue (/Users/brianlong/Developer/summit/client/node_modules/react/cjs/react.development.js:2667:24)
    at act (/Users/brianlong/Developer/summit/client/node_modules/react/cjs/react.development.js:2582:11)
    at actWithWarning (/Users/brianlong/Developer/summit/client/node_modules/react-dom/cjs/react-dom-test-utils.development.js:1740:10)
    at /Users/brianlong/Developer/summit/client/node_modules/@testing-library/react/dist/act-compat.js:63:25
    at renderRoot (/Users/brianlong/Developer/summit/client/node_modules/@testing-library/react/dist/pure.js:159:26)
    at render (/Users/brianlong/Developer/summit/client/node_modules/@testing-library/react/dist/pure.js:246:10)
    at Object.&lt;anonymous&gt; (/Users/brianlong/Developer/summit/client/src/components/__tests__/PerformanceMonitor.test.tsx:156:32)
    at Promise.finally.completed (/Users/brianlong/Developer/summit/client/node_modules/jest-circus/build/jestAdapterInit.js:1556:28)
    at new Promise (&lt;anonymous&gt;)
    at callAsyncCircusFn (/Users/brianlong/Developer/summit/client/node_modules/jest-circus/build/jestAdapterInit.js:1496:10)
    at _callCircusTest (/Users/brianlong/Developer/summit/client/node_modules/jest-circus/build/jestAdapterInit.js:1006:40)
    at processTicksAndRejections (node:internal/process/task_queues:95:5)
    at _runTest (/Users/brianlong/Developer/summit/client/node_modules/jest-circus/build/jestAdapterInit.js:946:3)
    at _runTestsForDescribeBlock (/Users/brianlong/Developer/summit/client/node_modules/jest-circus/build/jestAdapterInit.js:839:13)
    at _runTestsForDescribeBlock (/Users/brianlong/Developer/summit/client/node_modules/jest-circus/build/jestAdapterInit.js:829:11)
    at run (/Users/brianlong/Developer/summit/client/node_modules/jest-circus/build/jestAdapterInit.js:757:3)
    at runAndTransformResultsToJestFormat (/Users/brianlong/Developer/summit/client/node_modules/jest-circus/build/jestAdapterInit.js:1917:21)
    at jestAdapter (/Users/brianlong/Developer/summit/client/node_modules/jest-circus/build/runner.js:101:19)
    at runTestInternal (/Users/brianlong/Developer/summit/client/node_modules/jest-runner/build/testWorker.js:275:16)
    at runTest (/Users/brianlong/Developer/summit/client/node_modules/jest-runner/build/testWorker.js:343:7)
    at Object.worker (/Users/brianlong/Developer/summit/client/node_modules/jest-runner/build/testWorker.js:497:12)</failure>
      <failure>TypeError: performance.getEntriesByType is not a function
    at /Users/brianlong/Developer/summit/client/src/components/PerformanceMonitor.tsx:35:33
    at /Users/brianlong/Developer/summit/client/src/components/PerformanceMonitor.tsx:63:26
    at callTimer (/Users/brianlong/Developer/summit/client/node_modules/@sinonjs/fake-timers/src/fake-timers-src.js:806:24)
    at doTickInner (/Users/brianlong/Developer/summit/client/node_modules/@sinonjs/fake-timers/src/fake-timers-src.js:1413:29)
    at doTick (/Users/brianlong/Developer/summit/client/node_modules/@sinonjs/fake-timers/src/fake-timers-src.js:1494:20)
    at Object.tick (/Users/brianlong/Developer/summit/client/node_modules/@sinonjs/fake-timers/src/fake-timers-src.js:1502:20)
    at Object.runToLast (/Users/brianlong/Developer/summit/client/node_modules/@sinonjs/fake-timers/src/fake-timers-src.js:1661:26)
    at FakeTimers.runOnlyPendingTimers (/Users/brianlong/Developer/summit/client/node_modules/@jest/fake-timers/build/index.js:542:19)
    at Object.runOnlyPendingTimers (/Users/brianlong/Developer/summit/client/node_modules/jest-runtime/build/index.js:1804:52)
    at Object.&lt;anonymous&gt; (/Users/brianlong/Developer/summit/client/src/components/__tests__/PerformanceMonitor.test.tsx:58:10)
    at Promise.finally.completed (/Users/brianlong/Developer/summit/client/node_modules/jest-circus/build/jestAdapterInit.js:1556:28)
    at new Promise (&lt;anonymous&gt;)
    at callAsyncCircusFn (/Users/brianlong/Developer/summit/client/node_modules/jest-circus/build/jestAdapterInit.js:1496:10)
    at _callCircusHook (/Users/brianlong/Developer/summit/client/node_modules/jest-circus/build/jestAdapterInit.js:975:40)
    at processTicksAndRejections (node:internal/process/task_queues:95:5)
    at _runTest (/Users/brianlong/Developer/summit/client/node_modules/jest-circus/build/jestAdapterInit.js:948:5)
    at _runTestsForDescribeBlock (/Users/brianlong/Developer/summit/client/node_modules/jest-circus/build/jestAdapterInit.js:839:13)
    at _runTestsForDescribeBlock (/Users/brianlong/Developer/summit/client/node_modules/jest-circus/build/jestAdapterInit.js:829:11)
    at run (/Users/brianlong/Developer/summit/client/node_modules/jest-circus/build/jestAdapterInit.js:757:3)
    at runAndTransformResultsToJestFormat (/Users/brianlong/Developer/summit/client/node_modules/jest-circus/build/jestAdapterInit.js:1917:21)
    at jestAdapter (/Users/brianlong/Developer/summit/client/node_modules/jest-circus/build/runner.js:101:19)
    at runTestInternal (/Users/brianlong/Developer/summit/client/node_modules/jest-runner/build/testWorker.js:275:16)
    at runTest (/Users/brianlong/Developer/summit/client/node_modules/jest-runner/build/testWorker.js:343:7)
    at Object.worker (/Users/brianlong/Developer/summit/client/node_modules/jest-runner/build/testWorker.js:497:12)</failure>
    </testcase>
    <testcase classname="PerformanceMonitor" name="closes detailed panel when close button clicked" time="0.04">
      <failure>TypeError: performance.getEntriesByType is not a function
    at /Users/brianlong/Developer/summit/client/src/components/PerformanceMonitor.tsx:35:33
    at /Users/brianlong/Developer/summit/client/src/components/PerformanceMonitor.tsx:78:28
    at commitHookEffectListMount (/Users/brianlong/Developer/summit/client/node_modules/react-dom/cjs/react-dom.development.js:23189:26)
    at commitPassiveMountOnFiber (/Users/brianlong/Developer/summit/client/node_modules/react-dom/cjs/react-dom.development.js:24970:11)
    at commitPassiveMountEffects_complete (/Users/brianlong/Developer/summit/client/node_modules/react-dom/cjs/react-dom.development.js:24930:9)
    at commitPassiveMountEffects_begin (/Users/brianlong/Developer/summit/client/node_modules/react-dom/cjs/react-dom.development.js:24917:7)
    at commitPassiveMountEffects (/Users/brianlong/Developer/summit/client/node_modules/react-dom/cjs/react-dom.development.js:24905:3)
    at flushPassiveEffectsImpl (/Users/brianlong/Developer/summit/client/node_modules/react-dom/cjs/react-dom.development.js:27078:3)
    at flushPassiveEffects (/Users/brianlong/Developer/summit/client/node_modules/react-dom/cjs/react-dom.development.js:27023:14)
    at /Users/brianlong/Developer/summit/client/node_modules/react-dom/cjs/react-dom.development.js:26808:9
    at flushActQueue (/Users/brianlong/Developer/summit/client/node_modules/react/cjs/react.development.js:2667:24)
    at act (/Users/brianlong/Developer/summit/client/node_modules/react/cjs/react.development.js:2582:11)
    at actWithWarning (/Users/brianlong/Developer/summit/client/node_modules/react-dom/cjs/react-dom-test-utils.development.js:1740:10)
    at /Users/brianlong/Developer/summit/client/node_modules/@testing-library/react/dist/act-compat.js:63:25
    at renderRoot (/Users/brianlong/Developer/summit/client/node_modules/@testing-library/react/dist/pure.js:159:26)
    at render (/Users/brianlong/Developer/summit/client/node_modules/@testing-library/react/dist/pure.js:246:10)
    at Object.&lt;anonymous&gt; (/Users/brianlong/Developer/summit/client/src/components/__tests__/PerformanceMonitor.test.tsx:180:11)
    at Promise.finally.completed (/Users/brianlong/Developer/summit/client/node_modules/jest-circus/build/jestAdapterInit.js:1556:28)
    at new Promise (&lt;anonymous&gt;)
    at callAsyncCircusFn (/Users/brianlong/Developer/summit/client/node_modules/jest-circus/build/jestAdapterInit.js:1496:10)
    at _callCircusTest (/Users/brianlong/Developer/summit/client/node_modules/jest-circus/build/jestAdapterInit.js:1006:40)
    at processTicksAndRejections (node:internal/process/task_queues:95:5)
    at _runTest (/Users/brianlong/Developer/summit/client/node_modules/jest-circus/build/jestAdapterInit.js:946:3)
    at _runTestsForDescribeBlock (/Users/brianlong/Developer/summit/client/node_modules/jest-circus/build/jestAdapterInit.js:839:13)
    at _runTestsForDescribeBlock (/Users/brianlong/Developer/summit/client/node_modules/jest-circus/build/jestAdapterInit.js:829:11)
    at run (/Users/brianlong/Developer/summit/client/node_modules/jest-circus/build/jestAdapterInit.js:757:3)
    at runAndTransformResultsToJestFormat (/Users/brianlong/Developer/summit/client/node_modules/jest-circus/build/jestAdapterInit.js:1917:21)
    at jestAdapter (/Users/brianlong/Developer/summit/client/node_modules/jest-circus/build/runner.js:101:19)
    at runTestInternal (/Users/brianlong/Developer/summit/client/node_modules/jest-runner/build/testWorker.js:275:16)
    at runTest (/Users/brianlong/Developer/summit/client/node_modules/jest-runner/build/testWorker.js:343:7)
    at Object.worker (/Users/brianlong/Developer/summit/client/node_modules/jest-runner/build/testWorker.js:497:12)</failure>
      <failure>TypeError: performance.getEntriesByType is not a function
    at /Users/brianlong/Developer/summit/client/src/components/PerformanceMonitor.tsx:35:33
    at /Users/brianlong/Developer/summit/client/src/components/PerformanceMonitor.tsx:63:26
    at callTimer (/Users/brianlong/Developer/summit/client/node_modules/@sinonjs/fake-timers/src/fake-timers-src.js:806:24)
    at doTickInner (/Users/brianlong/Developer/summit/client/node_modules/@sinonjs/fake-timers/src/fake-timers-src.js:1413:29)
    at doTick (/Users/brianlong/Developer/summit/client/node_modules/@sinonjs/fake-timers/src/fake-timers-src.js:1494:20)
    at Object.tick (/Users/brianlong/Developer/summit/client/node_modules/@sinonjs/fake-timers/src/fake-timers-src.js:1502:20)
    at Object.runToLast (/Users/brianlong/Developer/summit/client/node_modules/@sinonjs/fake-timers/src/fake-timers-src.js:1661:26)
    at FakeTimers.runOnlyPendingTimers (/Users/brianlong/Developer/summit/client/node_modules/@jest/fake-timers/build/index.js:542:19)
    at Object.runOnlyPendingTimers (/Users/brianlong/Developer/summit/client/node_modules/jest-runtime/build/index.js:1804:52)
    at Object.&lt;anonymous&gt; (/Users/brianlong/Developer/summit/client/src/components/__tests__/PerformanceMonitor.test.tsx:58:10)
    at Promise.finally.completed (/Users/brianlong/Developer/summit/client/node_modules/jest-circus/build/jestAdapterInit.js:1556:28)
    at new Promise (&lt;anonymous&gt;)
    at callAsyncCircusFn (/Users/brianlong/Developer/summit/client/node_modules/jest-circus/build/jestAdapterInit.js:1496:10)
    at _callCircusHook (/Users/brianlong/Developer/summit/client/node_modules/jest-circus/build/jestAdapterInit.js:975:40)
    at processTicksAndRejections (node:internal/process/task_queues:95:5)
    at _runTest (/Users/brianlong/Developer/summit/client/node_modules/jest-circus/build/jestAdapterInit.js:948:5)
    at _runTestsForDescribeBlock (/Users/brianlong/Developer/summit/client/node_modules/jest-circus/build/jestAdapterInit.js:839:13)
    at _runTestsForDescribeBlock (/Users/brianlong/Developer/summit/client/node_modules/jest-circus/build/jestAdapterInit.js:829:11)
    at run (/Users/brianlong/Developer/summit/client/node_modules/jest-circus/build/jestAdapterInit.js:757:3)
    at runAndTransformResultsToJestFormat (/Users/brianlong/Developer/summit/client/node_modules/jest-circus/build/jestAdapterInit.js:1917:21)
    at jestAdapter (/Users/brianlong/Developer/summit/client/node_modules/jest-circus/build/runner.js:101:19)
    at runTestInternal (/Users/brianlong/Developer/summit/client/node_modules/jest-runner/build/testWorker.js:275:16)
    at runTest (/Users/brianlong/Developer/summit/client/node_modules/jest-runner/build/testWorker.js:343:7)
    at Object.worker (/Users/brianlong/Developer/summit/client/node_modules/jest-runner/build/testWorker.js:497:12)</failure>
    </testcase>
    <testcase classname="PerformanceMonitor" name="shows average metrics when available" time="0.003">
      <failure>TypeError: performance.getEntriesByType is not a function
    at /Users/brianlong/Developer/summit/client/src/components/PerformanceMonitor.tsx:35:33
    at /Users/brianlong/Developer/summit/client/src/components/PerformanceMonitor.tsx:78:28
    at commitHookEffectListMount (/Users/brianlong/Developer/summit/client/node_modules/react-dom/cjs/react-dom.development.js:23189:26)
    at commitPassiveMountOnFiber (/Users/brianlong/Developer/summit/client/node_modules/react-dom/cjs/react-dom.development.js:24970:11)
    at commitPassiveMountEffects_complete (/Users/brianlong/Developer/summit/client/node_modules/react-dom/cjs/react-dom.development.js:24930:9)
    at commitPassiveMountEffects_begin (/Users/brianlong/Developer/summit/client/node_modules/react-dom/cjs/react-dom.development.js:24917:7)
    at commitPassiveMountEffects (/Users/brianlong/Developer/summit/client/node_modules/react-dom/cjs/react-dom.development.js:24905:3)
    at flushPassiveEffectsImpl (/Users/brianlong/Developer/summit/client/node_modules/react-dom/cjs/react-dom.development.js:27078:3)
    at flushPassiveEffects (/Users/brianlong/Developer/summit/client/node_modules/react-dom/cjs/react-dom.development.js:27023:14)
    at /Users/brianlong/Developer/summit/client/node_modules/react-dom/cjs/react-dom.development.js:26808:9
    at flushActQueue (/Users/brianlong/Developer/summit/client/node_modules/react/cjs/react.development.js:2667:24)
    at act (/Users/brianlong/Developer/summit/client/node_modules/react/cjs/react.development.js:2582:11)
    at actWithWarning (/Users/brianlong/Developer/summit/client/node_modules/react-dom/cjs/react-dom-test-utils.development.js:1740:10)
    at /Users/brianlong/Developer/summit/client/node_modules/@testing-library/react/dist/act-compat.js:63:25
    at renderRoot (/Users/brianlong/Developer/summit/client/node_modules/@testing-library/react/dist/pure.js:159:26)
    at render (/Users/brianlong/Developer/summit/client/node_modules/@testing-library/react/dist/pure.js:246:10)
    at Object.&lt;anonymous&gt; (/Users/brianlong/Developer/summit/client/src/components/__tests__/PerformanceMonitor.test.tsx:196:11)
    at Promise.finally.completed (/Users/brianlong/Developer/summit/client/node_modules/jest-circus/build/jestAdapterInit.js:1556:28)
    at new Promise (&lt;anonymous&gt;)
    at callAsyncCircusFn (/Users/brianlong/Developer/summit/client/node_modules/jest-circus/build/jestAdapterInit.js:1496:10)
    at _callCircusTest (/Users/brianlong/Developer/summit/client/node_modules/jest-circus/build/jestAdapterInit.js:1006:40)
    at processTicksAndRejections (node:internal/process/task_queues:95:5)
    at _runTest (/Users/brianlong/Developer/summit/client/node_modules/jest-circus/build/jestAdapterInit.js:946:3)
    at _runTestsForDescribeBlock (/Users/brianlong/Developer/summit/client/node_modules/jest-circus/build/jestAdapterInit.js:839:13)
    at _runTestsForDescribeBlock (/Users/brianlong/Developer/summit/client/node_modules/jest-circus/build/jestAdapterInit.js:829:11)
    at run (/Users/brianlong/Developer/summit/client/node_modules/jest-circus/build/jestAdapterInit.js:757:3)
    at runAndTransformResultsToJestFormat (/Users/brianlong/Developer/summit/client/node_modules/jest-circus/build/jestAdapterInit.js:1917:21)
    at jestAdapter (/Users/brianlong/Developer/summit/client/node_modules/jest-circus/build/runner.js:101:19)
    at runTestInternal (/Users/brianlong/Developer/summit/client/node_modules/jest-runner/build/testWorker.js:275:16)
    at runTest (/Users/brianlong/Developer/summit/client/node_modules/jest-runner/build/testWorker.js:343:7)
    at Object.worker (/Users/brianlong/Developer/summit/client/node_modules/jest-runner/build/testWorker.js:497:12)</failure>
      <failure>TypeError: performance.getEntriesByType is not a function
    at /Users/brianlong/Developer/summit/client/src/components/PerformanceMonitor.tsx:35:33
    at /Users/brianlong/Developer/summit/client/src/components/PerformanceMonitor.tsx:63:26
    at callTimer (/Users/brianlong/Developer/summit/client/node_modules/@sinonjs/fake-timers/src/fake-timers-src.js:806:24)
    at doTickInner (/Users/brianlong/Developer/summit/client/node_modules/@sinonjs/fake-timers/src/fake-timers-src.js:1413:29)
    at doTick (/Users/brianlong/Developer/summit/client/node_modules/@sinonjs/fake-timers/src/fake-timers-src.js:1494:20)
    at Object.tick (/Users/brianlong/Developer/summit/client/node_modules/@sinonjs/fake-timers/src/fake-timers-src.js:1502:20)
    at Object.runToLast (/Users/brianlong/Developer/summit/client/node_modules/@sinonjs/fake-timers/src/fake-timers-src.js:1661:26)
    at FakeTimers.runOnlyPendingTimers (/Users/brianlong/Developer/summit/client/node_modules/@jest/fake-timers/build/index.js:542:19)
    at Object.runOnlyPendingTimers (/Users/brianlong/Developer/summit/client/node_modules/jest-runtime/build/index.js:1804:52)
    at Object.&lt;anonymous&gt; (/Users/brianlong/Developer/summit/client/src/components/__tests__/PerformanceMonitor.test.tsx:58:10)
    at Promise.finally.completed (/Users/brianlong/Developer/summit/client/node_modules/jest-circus/build/jestAdapterInit.js:1556:28)
    at new Promise (&lt;anonymous&gt;)
    at callAsyncCircusFn (/Users/brianlong/Developer/summit/client/node_modules/jest-circus/build/jestAdapterInit.js:1496:10)
    at _callCircusHook (/Users/brianlong/Developer/summit/client/node_modules/jest-circus/build/jestAdapterInit.js:975:40)
    at processTicksAndRejections (node:internal/process/task_queues:95:5)
    at _runTest (/Users/brianlong/Developer/summit/client/node_modules/jest-circus/build/jestAdapterInit.js:948:5)
    at _runTestsForDescribeBlock (/Users/brianlong/Developer/summit/client/node_modules/jest-circus/build/jestAdapterInit.js:839:13)
    at _runTestsForDescribeBlock (/Users/brianlong/Developer/summit/client/node_modules/jest-circus/build/jestAdapterInit.js:829:11)
    at run (/Users/brianlong/Developer/summit/client/node_modules/jest-circus/build/jestAdapterInit.js:757:3)
    at runAndTransformResultsToJestFormat (/Users/brianlong/Developer/summit/client/node_modules/jest-circus/build/jestAdapterInit.js:1917:21)
    at jestAdapter (/Users/brianlong/Developer/summit/client/node_modules/jest-circus/build/runner.js:101:19)
    at runTestInternal (/Users/brianlong/Developer/summit/client/node_modules/jest-runner/build/testWorker.js:275:16)
    at runTest (/Users/brianlong/Developer/summit/client/node_modules/jest-runner/build/testWorker.js:343:7)
    at Object.worker (/Users/brianlong/Developer/summit/client/node_modules/jest-runner/build/testWorker.js:497:12)</failure>
    </testcase>
    <testcase classname="PerformanceMonitor" name="handles missing performance.memory gracefully" time="0.003">
      <failure>TypeError: performance.getEntriesByType is not a function
    at /Users/brianlong/Developer/summit/client/src/components/PerformanceMonitor.tsx:35:33
    at /Users/brianlong/Developer/summit/client/src/components/PerformanceMonitor.tsx:78:28
    at commitHookEffectListMount (/Users/brianlong/Developer/summit/client/node_modules/react-dom/cjs/react-dom.development.js:23189:26)
    at commitPassiveMountOnFiber (/Users/brianlong/Developer/summit/client/node_modules/react-dom/cjs/react-dom.development.js:24970:11)
    at commitPassiveMountEffects_complete (/Users/brianlong/Developer/summit/client/node_modules/react-dom/cjs/react-dom.development.js:24930:9)
    at commitPassiveMountEffects_begin (/Users/brianlong/Developer/summit/client/node_modules/react-dom/cjs/react-dom.development.js:24917:7)
    at commitPassiveMountEffects (/Users/brianlong/Developer/summit/client/node_modules/react-dom/cjs/react-dom.development.js:24905:3)
    at flushPassiveEffectsImpl (/Users/brianlong/Developer/summit/client/node_modules/react-dom/cjs/react-dom.development.js:27078:3)
    at flushPassiveEffects (/Users/brianlong/Developer/summit/client/node_modules/react-dom/cjs/react-dom.development.js:27023:14)
    at /Users/brianlong/Developer/summit/client/node_modules/react-dom/cjs/react-dom.development.js:26808:9
    at flushActQueue (/Users/brianlong/Developer/summit/client/node_modules/react/cjs/react.development.js:2667:24)
    at act (/Users/brianlong/Developer/summit/client/node_modules/react/cjs/react.development.js:2582:11)
    at actWithWarning (/Users/brianlong/Developer/summit/client/node_modules/react-dom/cjs/react-dom-test-utils.development.js:1740:10)
    at /Users/brianlong/Developer/summit/client/node_modules/@testing-library/react/dist/act-compat.js:63:25
    at renderRoot (/Users/brianlong/Developer/summit/client/node_modules/@testing-library/react/dist/pure.js:159:26)
    at render (/Users/brianlong/Developer/summit/client/node_modules/@testing-library/react/dist/pure.js:246:10)
    at Object.&lt;anonymous&gt; (/Users/brianlong/Developer/summit/client/src/components/__tests__/PerformanceMonitor.test.tsx:221:11)
    at Promise.finally.completed (/Users/brianlong/Developer/summit/client/node_modules/jest-circus/build/jestAdapterInit.js:1556:28)
    at new Promise (&lt;anonymous&gt;)
    at callAsyncCircusFn (/Users/brianlong/Developer/summit/client/node_modules/jest-circus/build/jestAdapterInit.js:1496:10)
    at _callCircusTest (/Users/brianlong/Developer/summit/client/node_modules/jest-circus/build/jestAdapterInit.js:1006:40)
    at processTicksAndRejections (node:internal/process/task_queues:95:5)
    at _runTest (/Users/brianlong/Developer/summit/client/node_modules/jest-circus/build/jestAdapterInit.js:946:3)
    at _runTestsForDescribeBlock (/Users/brianlong/Developer/summit/client/node_modules/jest-circus/build/jestAdapterInit.js:839:13)
    at _runTestsForDescribeBlock (/Users/brianlong/Developer/summit/client/node_modules/jest-circus/build/jestAdapterInit.js:829:11)
    at run (/Users/brianlong/Developer/summit/client/node_modules/jest-circus/build/jestAdapterInit.js:757:3)
    at runAndTransformResultsToJestFormat (/Users/brianlong/Developer/summit/client/node_modules/jest-circus/build/jestAdapterInit.js:1917:21)
    at jestAdapter (/Users/brianlong/Developer/summit/client/node_modules/jest-circus/build/runner.js:101:19)
    at runTestInternal (/Users/brianlong/Developer/summit/client/node_modules/jest-runner/build/testWorker.js:275:16)
    at runTest (/Users/brianlong/Developer/summit/client/node_modules/jest-runner/build/testWorker.js:343:7)
    at Object.worker (/Users/brianlong/Developer/summit/client/node_modules/jest-runner/build/testWorker.js:497:12)</failure>
      <failure>TypeError: performance.getEntriesByType is not a function
    at /Users/brianlong/Developer/summit/client/src/components/PerformanceMonitor.tsx:35:33
    at /Users/brianlong/Developer/summit/client/src/components/PerformanceMonitor.tsx:63:26
    at callTimer (/Users/brianlong/Developer/summit/client/node_modules/@sinonjs/fake-timers/src/fake-timers-src.js:806:24)
    at doTickInner (/Users/brianlong/Developer/summit/client/node_modules/@sinonjs/fake-timers/src/fake-timers-src.js:1413:29)
    at doTick (/Users/brianlong/Developer/summit/client/node_modules/@sinonjs/fake-timers/src/fake-timers-src.js:1494:20)
    at Object.tick (/Users/brianlong/Developer/summit/client/node_modules/@sinonjs/fake-timers/src/fake-timers-src.js:1502:20)
    at Object.runToLast (/Users/brianlong/Developer/summit/client/node_modules/@sinonjs/fake-timers/src/fake-timers-src.js:1661:26)
    at FakeTimers.runOnlyPendingTimers (/Users/brianlong/Developer/summit/client/node_modules/@jest/fake-timers/build/index.js:542:19)
    at Object.runOnlyPendingTimers (/Users/brianlong/Developer/summit/client/node_modules/jest-runtime/build/index.js:1804:52)
    at Object.&lt;anonymous&gt; (/Users/brianlong/Developer/summit/client/src/components/__tests__/PerformanceMonitor.test.tsx:58:10)
    at Promise.finally.completed (/Users/brianlong/Developer/summit/client/node_modules/jest-circus/build/jestAdapterInit.js:1556:28)
    at new Promise (&lt;anonymous&gt;)
    at callAsyncCircusFn (/Users/brianlong/Developer/summit/client/node_modules/jest-circus/build/jestAdapterInit.js:1496:10)
    at _callCircusHook (/Users/brianlong/Developer/summit/client/node_modules/jest-circus/build/jestAdapterInit.js:975:40)
    at processTicksAndRejections (node:internal/process/task_queues:95:5)
    at _runTest (/Users/brianlong/Developer/summit/client/node_modules/jest-circus/build/jestAdapterInit.js:948:5)
    at _runTestsForDescribeBlock (/Users/brianlong/Developer/summit/client/node_modules/jest-circus/build/jestAdapterInit.js:839:13)
    at _runTestsForDescribeBlock (/Users/brianlong/Developer/summit/client/node_modules/jest-circus/build/jestAdapterInit.js:829:11)
    at run (/Users/brianlong/Developer/summit/client/node_modules/jest-circus/build/jestAdapterInit.js:757:3)
    at runAndTransformResultsToJestFormat (/Users/brianlong/Developer/summit/client/node_modules/jest-circus/build/jestAdapterInit.js:1917:21)
    at jestAdapter (/Users/brianlong/Developer/summit/client/node_modules/jest-circus/build/runner.js:101:19)
    at runTestInternal (/Users/brianlong/Developer/summit/client/node_modules/jest-runner/build/testWorker.js:275:16)
    at runTest (/Users/brianlong/Developer/summit/client/node_modules/jest-runner/build/testWorker.js:343:7)
    at Object.worker (/Users/brianlong/Developer/summit/client/node_modules/jest-runner/build/testWorker.js:497:12)</failure>
    </testcase>
    <testcase classname="usePerformanceTracking" name="trackRender creates performance marks and measures" time="0.006">
      <failure>Error: expect(received).toHaveBeenCalledWith(...expected)

Matcher error: received value must be a mock or spy function

Received has type:  function
Received has value: [Function anonymous]
    at Object.&lt;anonymous&gt; (/Users/brianlong/Developer/summit/client/src/components/__tests__/PerformanceMonitor.test.tsx:251:30)
    at Promise.finally.completed (/Users/brianlong/Developer/summit/client/node_modules/jest-circus/build/jestAdapterInit.js:1556:28)
    at new Promise (&lt;anonymous&gt;)
    at callAsyncCircusFn (/Users/brianlong/Developer/summit/client/node_modules/jest-circus/build/jestAdapterInit.js:1496:10)
    at _callCircusTest (/Users/brianlong/Developer/summit/client/node_modules/jest-circus/build/jestAdapterInit.js:1006:40)
    at processTicksAndRejections (node:internal/process/task_queues:95:5)
    at _runTest (/Users/brianlong/Developer/summit/client/node_modules/jest-circus/build/jestAdapterInit.js:946:3)
    at _runTestsForDescribeBlock (/Users/brianlong/Developer/summit/client/node_modules/jest-circus/build/jestAdapterInit.js:839:13)
    at _runTestsForDescribeBlock (/Users/brianlong/Developer/summit/client/node_modules/jest-circus/build/jestAdapterInit.js:829:11)
    at run (/Users/brianlong/Developer/summit/client/node_modules/jest-circus/build/jestAdapterInit.js:757:3)
    at runAndTransformResultsToJestFormat (/Users/brianlong/Developer/summit/client/node_modules/jest-circus/build/jestAdapterInit.js:1917:21)
    at jestAdapter (/Users/brianlong/Developer/summit/client/node_modules/jest-circus/build/runner.js:101:19)
    at runTestInternal (/Users/brianlong/Developer/summit/client/node_modules/jest-runner/build/testWorker.js:275:16)
    at runTest (/Users/brianlong/Developer/summit/client/node_modules/jest-runner/build/testWorker.js:343:7)
    at Object.worker (/Users/brianlong/Developer/summit/client/node_modules/jest-runner/build/testWorker.js:497:12)</failure>
    </testcase>
    <testcase classname="usePerformanceTracking" name="trackError increments error counter and logs" time="0.003">
    </testcase>
    <testcase classname="PerformanceMonitor Integration" name="works with real performance data" time="0.004">
      <failure>TypeError: performance.getEntriesByType is not a function
    at /Users/brianlong/Developer/summit/client/src/components/PerformanceMonitor.tsx:35:33
    at /Users/brianlong/Developer/summit/client/src/components/PerformanceMonitor.tsx:78:28
    at commitHookEffectListMount (/Users/brianlong/Developer/summit/client/node_modules/react-dom/cjs/react-dom.development.js:23189:26)
    at commitPassiveMountOnFiber (/Users/brianlong/Developer/summit/client/node_modules/react-dom/cjs/react-dom.development.js:24970:11)
    at commitPassiveMountEffects_complete (/Users/brianlong/Developer/summit/client/node_modules/react-dom/cjs/react-dom.development.js:24930:9)
    at commitPassiveMountEffects_begin (/Users/brianlong/Developer/summit/client/node_modules/react-dom/cjs/react-dom.development.js:24917:7)
    at commitPassiveMountEffects (/Users/brianlong/Developer/summit/client/node_modules/react-dom/cjs/react-dom.development.js:24905:3)
    at flushPassiveEffectsImpl (/Users/brianlong/Developer/summit/client/node_modules/react-dom/cjs/react-dom.development.js:27078:3)
    at flushPassiveEffects (/Users/brianlong/Developer/summit/client/node_modules/react-dom/cjs/react-dom.development.js:27023:14)
    at /Users/brianlong/Developer/summit/client/node_modules/react-dom/cjs/react-dom.development.js:26808:9
    at flushActQueue (/Users/brianlong/Developer/summit/client/node_modules/react/cjs/react.development.js:2667:24)
    at act (/Users/brianlong/Developer/summit/client/node_modules/react/cjs/react.development.js:2582:11)
    at actWithWarning (/Users/brianlong/Developer/summit/client/node_modules/react-dom/cjs/react-dom-test-utils.development.js:1740:10)
    at /Users/brianlong/Developer/summit/client/node_modules/@testing-library/react/dist/act-compat.js:63:25
    at renderRoot (/Users/brianlong/Developer/summit/client/node_modules/@testing-library/react/dist/pure.js:159:26)
    at render (/Users/brianlong/Developer/summit/client/node_modules/@testing-library/react/dist/pure.js:246:10)
    at Object.&lt;anonymous&gt; (/Users/brianlong/Developer/summit/client/src/components/__tests__/PerformanceMonitor.test.tsx:306:11)
    at Promise.finally.completed (/Users/brianlong/Developer/summit/client/node_modules/jest-circus/build/jestAdapterInit.js:1556:28)
    at new Promise (&lt;anonymous&gt;)
    at callAsyncCircusFn (/Users/brianlong/Developer/summit/client/node_modules/jest-circus/build/jestAdapterInit.js:1496:10)
    at _callCircusTest (/Users/brianlong/Developer/summit/client/node_modules/jest-circus/build/jestAdapterInit.js:1006:40)
    at processTicksAndRejections (node:internal/process/task_queues:95:5)
    at _runTest (/Users/brianlong/Developer/summit/client/node_modules/jest-circus/build/jestAdapterInit.js:946:3)
    at _runTestsForDescribeBlock (/Users/brianlong/Developer/summit/client/node_modules/jest-circus/build/jestAdapterInit.js:839:13)
    at _runTestsForDescribeBlock (/Users/brianlong/Developer/summit/client/node_modules/jest-circus/build/jestAdapterInit.js:829:11)
    at run (/Users/brianlong/Developer/summit/client/node_modules/jest-circus/build/jestAdapterInit.js:757:3)
    at runAndTransformResultsToJestFormat (/Users/brianlong/Developer/summit/client/node_modules/jest-circus/build/jestAdapterInit.js:1917:21)
    at jestAdapter (/Users/brianlong/Developer/summit/client/node_modules/jest-circus/build/runner.js:101:19)
    at runTestInternal (/Users/brianlong/Developer/summit/client/node_modules/jest-runner/build/testWorker.js:275:16)
    at runTest (/Users/brianlong/Developer/summit/client/node_modules/jest-runner/build/testWorker.js:343:7)
    at Object.worker (/Users/brianlong/Developer/summit/client/node_modules/jest-runner/build/testWorker.js:497:12)</failure>
    </testcase>
    <testcase classname="PerformanceMonitor Integration" name="handles performance API not available" time="0.004">
    </testcase>
    <testcase classname="PerformanceMonitor Performance" name="does not cause memory leaks with many samples" time="0.003">
      <failure>TypeError: performance.getEntriesByType is not a function
    at /Users/brianlong/Developer/summit/client/src/components/PerformanceMonitor.tsx:35:33
    at /Users/brianlong/Developer/summit/client/src/components/PerformanceMonitor.tsx:78:28
    at commitHookEffectListMount (/Users/brianlong/Developer/summit/client/node_modules/react-dom/cjs/react-dom.development.js:23189:26)
    at commitPassiveMountOnFiber (/Users/brianlong/Developer/summit/client/node_modules/react-dom/cjs/react-dom.development.js:24970:11)
    at commitPassiveMountEffects_complete (/Users/brianlong/Developer/summit/client/node_modules/react-dom/cjs/react-dom.development.js:24930:9)
    at commitPassiveMountEffects_begin (/Users/brianlong/Developer/summit/client/node_modules/react-dom/cjs/react-dom.development.js:24917:7)
    at commitPassiveMountEffects (/Users/brianlong/Developer/summit/client/node_modules/react-dom/cjs/react-dom.development.js:24905:3)
    at flushPassiveEffectsImpl (/Users/brianlong/Developer/summit/client/node_modules/react-dom/cjs/react-dom.development.js:27078:3)
    at flushPassiveEffects (/Users/brianlong/Developer/summit/client/node_modules/react-dom/cjs/react-dom.development.js:27023:14)
    at /Users/brianlong/Developer/summit/client/node_modules/react-dom/cjs/react-dom.development.js:26808:9
    at flushActQueue (/Users/brianlong/Developer/summit/client/node_modules/react/cjs/react.development.js:2667:24)
    at act (/Users/brianlong/Developer/summit/client/node_modules/react/cjs/react.development.js:2582:11)
    at actWithWarning (/Users/brianlong/Developer/summit/client/node_modules/react-dom/cjs/react-dom-test-utils.development.js:1740:10)
    at /Users/brianlong/Developer/summit/client/node_modules/@testing-library/react/dist/act-compat.js:63:25
    at renderRoot (/Users/brianlong/Developer/summit/client/node_modules/@testing-library/react/dist/pure.js:159:26)
    at render (/Users/brianlong/Developer/summit/client/node_modules/@testing-library/react/dist/pure.js:246:10)
    at Object.&lt;anonymous&gt; (/Users/brianlong/Developer/summit/client/src/components/__tests__/PerformanceMonitor.test.tsx:349:11)
    at Promise.finally.completed (/Users/brianlong/Developer/summit/client/node_modules/jest-circus/build/jestAdapterInit.js:1556:28)
    at new Promise (&lt;anonymous&gt;)
    at callAsyncCircusFn (/Users/brianlong/Developer/summit/client/node_modules/jest-circus/build/jestAdapterInit.js:1496:10)
    at _callCircusTest (/Users/brianlong/Developer/summit/client/node_modules/jest-circus/build/jestAdapterInit.js:1006:40)
    at processTicksAndRejections (node:internal/process/task_queues:95:5)
    at _runTest (/Users/brianlong/Developer/summit/client/node_modules/jest-circus/build/jestAdapterInit.js:946:3)
    at _runTestsForDescribeBlock (/Users/brianlong/Developer/summit/client/node_modules/jest-circus/build/jestAdapterInit.js:839:13)
    at _runTestsForDescribeBlock (/Users/brianlong/Developer/summit/client/node_modules/jest-circus/build/jestAdapterInit.js:829:11)
    at run (/Users/brianlong/Developer/summit/client/node_modules/jest-circus/build/jestAdapterInit.js:757:3)
    at runAndTransformResultsToJestFormat (/Users/brianlong/Developer/summit/client/node_modules/jest-circus/build/jestAdapterInit.js:1917:21)
    at jestAdapter (/Users/brianlong/Developer/summit/client/node_modules/jest-circus/build/runner.js:101:19)
    at runTestInternal (/Users/brianlong/Developer/summit/client/node_modules/jest-runner/build/testWorker.js:275:16)
    at runTest (/Users/brianlong/Developer/summit/client/node_modules/jest-runner/build/testWorker.js:343:7)
    at Object.worker (/Users/brianlong/Developer/summit/client/node_modules/jest-runner/build/testWorker.js:497:12)</failure>
    </testcase>
    <testcase classname="PerformanceMonitor Performance" name="cleans up interval on unmount" time="0.008">
      <failure>TypeError: performance.getEntriesByType is not a function
    at /Users/brianlong/Developer/summit/client/src/components/PerformanceMonitor.tsx:35:33
    at /Users/brianlong/Developer/summit/client/src/components/PerformanceMonitor.tsx:78:28
    at commitHookEffectListMount (/Users/brianlong/Developer/summit/client/node_modules/react-dom/cjs/react-dom.development.js:23189:26)
    at commitPassiveMountOnFiber (/Users/brianlong/Developer/summit/client/node_modules/react-dom/cjs/react-dom.development.js:24970:11)
    at commitPassiveMountEffects_complete (/Users/brianlong/Developer/summit/client/node_modules/react-dom/cjs/react-dom.development.js:24930:9)
    at commitPassiveMountEffects_begin (/Users/brianlong/Developer/summit/client/node_modules/react-dom/cjs/react-dom.development.js:24917:7)
    at commitPassiveMountEffects (/Users/brianlong/Developer/summit/client/node_modules/react-dom/cjs/react-dom.development.js:24905:3)
    at flushPassiveEffectsImpl (/Users/brianlong/Developer/summit/client/node_modules/react-dom/cjs/react-dom.development.js:27078:3)
    at flushPassiveEffects (/Users/brianlong/Developer/summit/client/node_modules/react-dom/cjs/react-dom.development.js:27023:14)
    at /Users/brianlong/Developer/summit/client/node_modules/react-dom/cjs/react-dom.development.js:26808:9
    at flushActQueue (/Users/brianlong/Developer/summit/client/node_modules/react/cjs/react.development.js:2667:24)
    at act (/Users/brianlong/Developer/summit/client/node_modules/react/cjs/react.development.js:2582:11)
    at actWithWarning (/Users/brianlong/Developer/summit/client/node_modules/react-dom/cjs/react-dom-test-utils.development.js:1740:10)
    at /Users/brianlong/Developer/summit/client/node_modules/@testing-library/react/dist/act-compat.js:63:25
    at renderRoot (/Users/brianlong/Developer/summit/client/node_modules/@testing-library/react/dist/pure.js:159:26)
    at render (/Users/brianlong/Developer/summit/client/node_modules/@testing-library/react/dist/pure.js:246:10)
    at Object.&lt;anonymous&gt; (/Users/brianlong/Developer/summit/client/src/components/__tests__/PerformanceMonitor.test.tsx:369:31)
    at Promise.finally.completed (/Users/brianlong/Developer/summit/client/node_modules/jest-circus/build/jestAdapterInit.js:1556:28)
    at new Promise (&lt;anonymous&gt;)
    at callAsyncCircusFn (/Users/brianlong/Developer/summit/client/node_modules/jest-circus/build/jestAdapterInit.js:1496:10)
    at _callCircusTest (/Users/brianlong/Developer/summit/client/node_modules/jest-circus/build/jestAdapterInit.js:1006:40)
    at processTicksAndRejections (node:internal/process/task_queues:95:5)
    at _runTest (/Users/brianlong/Developer/summit/client/node_modules/jest-circus/build/jestAdapterInit.js:946:3)
    at _runTestsForDescribeBlock (/Users/brianlong/Developer/summit/client/node_modules/jest-circus/build/jestAdapterInit.js:839:13)
    at _runTestsForDescribeBlock (/Users/brianlong/Developer/summit/client/node_modules/jest-circus/build/jestAdapterInit.js:829:11)
    at run (/Users/brianlong/Developer/summit/client/node_modules/jest-circus/build/jestAdapterInit.js:757:3)
    at runAndTransformResultsToJestFormat (/Users/brianlong/Developer/summit/client/node_modules/jest-circus/build/jestAdapterInit.js:1917:21)
    at jestAdapter (/Users/brianlong/Developer/summit/client/node_modules/jest-circus/build/runner.js:101:19)
    at runTestInternal (/Users/brianlong/Developer/summit/client/node_modules/jest-runner/build/testWorker.js:275:16)
    at runTest (/Users/brianlong/Developer/summit/client/node_modules/jest-runner/build/testWorker.js:343:7)
    at Object.worker (/Users/brianlong/Developer/summit/client/node_modules/jest-runner/build/testWorker.js:497:12)</failure>
    </testcase>
  </testsuite>
  <testsuite name="MCPRegistry page" errors="0" failures="0" skipped="0" timestamp="2025-10-16T16:13:11" time="4.494" tests="1">
    <testcase classname="MCPRegistry page" name="renders registry heading and empty state" time="0.416">
    </testcase>
  </testsuite>
  <testsuite name="undefined" errors="0" failures="1" skipped="0" timestamp="2025-10-16T16:13:10" time="7.18" tests="1">
    <testcase classname="" name="aborts first stream when a new prompt is sent" time="1.248">
      <failure>TestingLibraryElementError: Unable to find an accessible element with the role &quot;region&quot; and name `/ai assistant/i`

Here are the accessible roles:

  heading:

  Name &quot;IntelBot&quot;:
  &lt;h6
    class=&quot;MuiTypography-root MuiTypography-h6 css-fe0fwj-MuiTypography-root&quot;
  /&gt;

  --------------------------------------------------
  status:

  Name &quot;assistant-status&quot;:
  &lt;span
    aria-label=&quot;assistant-status&quot;
    class=&quot;MuiTypography-root MuiTypography-caption css-1374baf-MuiTypography-root&quot;
    role=&quot;status&quot;
  /&gt;

  --------------------------------------------------
  button:

  Name &quot;Start Voice&quot;:
  &lt;button
    aria-label=&quot;Start Voice&quot;
    class=&quot;MuiButtonBase-root MuiIconButton-root MuiIconButton-sizeMedium css-53g0n7-MuiButtonBase-root-MuiIconButton-root&quot;
    tabindex=&quot;0&quot;
    type=&quot;button&quot;
  /&gt;

  Name &quot;Settings&quot;:
  &lt;button
    aria-label=&quot;Settings&quot;
    class=&quot;MuiButtonBase-root MuiIconButton-root MuiIconButton-sizeMedium css-53g0n7-MuiButtonBase-root-MuiIconButton-root&quot;
    tabindex=&quot;0&quot;
    type=&quot;button&quot;
  /&gt;

  Name &quot;Generate Query&quot;:
  &lt;button
    class=&quot;MuiButtonBase-root MuiButton-root MuiButton-outlined MuiButton-outlinedPrimary MuiButton-sizeSmall MuiButton-outlinedSizeSmall MuiButton-colorPrimary MuiButton-root MuiButton-outlined MuiButton-outlinedPrimary MuiButton-sizeSmall MuiButton-outlinedSizeSmall MuiButton-colorPrimary css-wyro15-MuiButtonBase-root-MuiButton-root&quot;
    tabindex=&quot;0&quot;
    type=&quot;button&quot;
  /&gt;

  Name &quot;Export Analysis&quot;:
  &lt;button
    class=&quot;MuiButtonBase-root MuiButton-root MuiButton-outlined MuiButton-outlinedPrimary MuiButton-sizeSmall MuiButton-outlinedSizeSmall MuiButton-colorPrimary MuiButton-root MuiButton-outlined MuiButton-outlinedPrimary MuiButton-sizeSmall MuiButton-outlinedSizeSmall MuiButton-colorPrimary css-wyro15-MuiButtonBase-root-MuiButton-root&quot;
    tabindex=&quot;0&quot;
    type=&quot;button&quot;
  /&gt;

  Name &quot;&quot;:
  &lt;button
    class=&quot;MuiButtonBase-root MuiIconButton-root MuiIconButton-sizeSmall css-155wbr6-MuiButtonBase-root-MuiIconButton-root&quot;
    tabindex=&quot;0&quot;
    type=&quot;button&quot;
  /&gt;

  Name &quot;&quot;:
  &lt;button
    class=&quot;MuiButtonBase-root MuiIconButton-root MuiIconButton-colorSuccess MuiIconButton-sizeSmall css-1v9s22v-MuiButtonBase-root-MuiIconButton-root&quot;
    tabindex=&quot;0&quot;
    type=&quot;button&quot;
  /&gt;

  Name &quot;&quot;:
  &lt;button
    class=&quot;MuiButtonBase-root MuiIconButton-root MuiIconButton-sizeSmall css-155wbr6-MuiButtonBase-root-MuiIconButton-root&quot;
    tabindex=&quot;0&quot;
    type=&quot;button&quot;
  /&gt;

  Name &quot;send&quot;:
  &lt;button
    aria-label=&quot;send&quot;
    class=&quot;MuiButtonBase-root Mui-disabled MuiIconButton-root Mui-disabled MuiIconButton-colorPrimary MuiIconButton-sizeMedium css-13g7lho-MuiButtonBase-root-MuiIconButton-root&quot;
    disabled=&quot;&quot;
    tabindex=&quot;-1&quot;
    type=&quot;button&quot;
  /&gt;

  --------------------------------------------------
  log:

  Name &quot;&quot;:
  &lt;div
    aria-live=&quot;polite&quot;
    class=&quot;MuiBox-root css-16jc2nm&quot;
    data-testid=&quot;message-log&quot;
    role=&quot;log&quot;
  /&gt;

  --------------------------------------------------
  article:

  Name &quot;assistant&quot;:
  &lt;div
    aria-label=&quot;assistant&quot;
    role=&quot;article&quot;
  /&gt;

  Name &quot;user&quot;:
  &lt;div
    aria-label=&quot;user&quot;
    role=&quot;article&quot;
  /&gt;

  Name &quot;user&quot;:
  &lt;div
    aria-label=&quot;user&quot;
    role=&quot;article&quot;
  /&gt;

  Name &quot;assistant&quot;:
  &lt;div
    aria-label=&quot;assistant&quot;
    role=&quot;article&quot;
  /&gt;

  --------------------------------------------------
  textbox:

  Name &quot;assistant-input&quot;:
  &lt;input
    aria-invalid=&quot;false&quot;
    aria-label=&quot;assistant-input&quot;
    class=&quot;MuiInputBase-input MuiOutlinedInput-input css-16wblaj-MuiInputBase-input-MuiOutlinedInput-input&quot;
    id=&quot;:r7:&quot;
    placeholder=&quot;Ask me anything about your data...&quot;
    type=&quot;text&quot;
    value=&quot;&quot;
  /&gt;

  --------------------------------------------------

Ignored nodes: comments, script, style
&lt;body&gt;
  &lt;div&gt;
    &lt;div
      class=&quot;MuiBox-root css-1sm2s1z&quot;
    &gt;
      &lt;div
        class=&quot;MuiPaper-root MuiPaper-elevation MuiPaper-rounded MuiPaper-elevation1 css-keymb1-MuiPaper-root&quot;
        style=&quot;--Paper-shadow: 0px 2px 1px -1px rgba(0,0,0,0.2),0px 1px 1px 0px rgba(0,0,0,0.14),0px 1px 3px 0px rgba(0,0,0,0.12);&quot;
      &gt;
        &lt;div
          class=&quot;MuiBox-root css-1lekzkb&quot;
        &gt;
          &lt;div
            class=&quot;MuiBox-root css-j0ozid&quot;
          &gt;
            &lt;div
              class=&quot;MuiAvatar-root MuiAvatar-circular MuiAvatar-colorDefault css-1cz7le2-MuiAvatar-root&quot;
            &gt;
              &lt;svg
                aria-hidden=&quot;true&quot;
                class=&quot;MuiSvgIcon-root MuiSvgIcon-fontSizeMedium css-1umw9bq-MuiSvgIcon-root&quot;
                data-testid=&quot;SmartToyIcon&quot;
                focusable=&quot;false&quot;
                viewBox=&quot;0 0 24 24&quot;
              &gt;
                &lt;path
                  d=&quot;M20 9V7c0-1.1-.9-2-2-2h-3c0-1.66-1.34-3-3-3S9 3.34 9 5H6c-1.1 0-2 .9-2 2v2c-1.66 0-3 1.34-3 3s1.34 3 3 3v4c0 1.1.9 2 2 2h12c1.1 0 2-.9 2-2v-4c1.66 0 3-1.34 3-3s-1.34-3-3-3M7.5 11.5c0-.83.67-1.5 1.5-1.5s1.5.67 1.5 1.5S9.83 13 9 13s-1.5-.67-1.5-1.5M16 17H8v-2h8zm-1-4c-.83 0-1.5-.67-1.5-1.5S14.17 10 15 10s1.5.67 1.5 1.5S15.83 13 15 13&quot;
                /&gt;
              &lt;/svg&gt;
            &lt;/div&gt;
            &lt;div
              class=&quot;MuiBox-root css-0&quot;
            &gt;
              &lt;h6
                class=&quot;MuiTypography-root MuiTypography-h6 css-fe0fwj-MuiTypography-root&quot;
              &gt;
                IntelBot
              &lt;/h6&gt;
              &lt;span
                aria-label=&quot;assistant-status&quot;
                class=&quot;MuiTypography-root MuiTypography-caption css-1374baf-MuiTypography-root&quot;
                role=&quot;status&quot;
              &gt;
                Intelligence Analysis Assistant •
                 
                Online
              &lt;/span&gt;
            &lt;/div&gt;
          &lt;/div&gt;
          &lt;div
            class=&quot;MuiStack-root css-niqf4j-MuiStack-root&quot;
          &gt;
            &lt;button
              aria-label=&quot;Start Voice&quot;
              class=&quot;MuiButtonBase-root MuiIconButton-root MuiIconButton-sizeMedium css-53g0n7-MuiButtonBase-root-MuiIconButton-root&quot;
              tabindex=&quot;0&quot;
              type=&quot;button&quot;
            &gt;
              &lt;svg
                aria-hidden=&quot;true&quot;
                class=&quot;MuiSvgIcon-root MuiSvgIcon-fontSizeMedium css-1umw9bq-MuiSvgIcon-root&quot;
                data-testid=&quot;MicOffIcon&quot;
                focusable=&quot;false&quot;
                viewBox=&quot;0 0 24 24&quot;
              &gt;
                &lt;path
                  d=&quot;M19 11h-1.7c0 .74-.16 1.43-.43 2.05l1.23 1.23c.56-.98.9-2.09.9-3.28m-4.02.17c0-.06.02-.11.02-.17V5c0-1.66-1.34-3-3-3S9 3.34 9 5v.18zM4.27 3 3 4.27l6.01 6.01V11c0 1.66 1.33 3 2.99 3 .22 0 .44-.03.65-.08l1.66 1.66c-.71.33-1.5.52-2.31.52-2.76 0-5.3-2.1-5.3-5.1H5c0 3.41 2.72 6.23 6 6.72V21h2v-3.28c.91-.13 1.77-.45 2.54-.9L19.73 21 21 19.73z&quot;
                /&gt;
              &lt;/svg&gt;
            &lt;/button&gt;
            &lt;button
              aria-label=&quot;Settings&quot;
              class=&quot;MuiButtonBase-root MuiIconButton-root MuiIconButton-sizeMedium css-53g0n7-MuiButtonBase-root-MuiIconButton-root&quot;
              tabindex=&quot;0&quot;
              type=&quot;button&quot;
            &gt;
              &lt;svg
                aria-hidden=&quot;true&quot;
                class=&quot;MuiSvgIcon-root MuiSvgIcon-fontSizeMedium css-1umw9bq-MuiSvgIcon-root&quot;
                data-testid=&quot;SettingsIcon&quot;
                focusable=&quot;false&quot;
                viewBox=&quot;0 0 24 24&quot;
              &gt;
                &lt;path
                  d=&quot;M19.14 12.94c.04-.3.06-.61.06-.94 0-.32-.02-.64-.07-.94l2.03-1.58c.18-.14.23-.41.12-.61l-1.92-3.32c-.12-.22-.37-.29-.59-.22l-2.39.96c-.5-.38-1.03-.7-1.62-.94l-.36-2.54c-.04-.24-.24-.41-.48-.41h-3.84c-.24 0-.43.17-.47.41l-.36 2.54c-.59.24-1.13.57-1.62.94l-2.39-.96c-.22-.08-.47 0-.59.22L2.74 8.87c-.12.21-.08.47.12.61l2.03 1.58c-.05.3-.09.63-.09.94s.02.64.07.94l-2.03 1.58c-.18.14-.23.41-.12.61l1.92 3.32c.12.22.37.29.59.22l2.39-.96c.5.38 1.03.7 1.62.94l.36 2.54c.05.24.24.41.48.41h3.84c.24 0 .44-.17.47-.41l.36-2.54c.59-.24 1.13-.56 1.62-.94l2.39.96c.22.08.47 0 .59-.22l1.92-3.32c.12-.22.07-.47-.12-.61zM12 15.6c-1.98 0-3.6-1.62-3.6-3.6s1.62-3.6 3.6-3.6 3.6 1.62 3.6 3.6-1.62 3.6-3.6 3.6&quot;
                /&gt;
              &lt;/svg&gt;
            &lt;/button&gt;
          &lt;/div&gt;
        &lt;/div&gt;
      &lt;/div&gt;
      &lt;div
        aria-live=&quot;polite&quot;
        class=&quot;MuiBox-root css-16jc2nm&quot;
        data-testid=&quot;message-log&quot;
        role=&quot;log&quot;
      &gt;
        &lt;div
          aria-label=&quot;assistant&quot;
          role=&quot;article&quot;
        &gt;
          &lt;div
            class=&quot;MuiBox-root css-t8hy5&quot;
          &gt;
            &lt;div
              class=&quot;MuiAvatar-root MuiAvatar-circular MuiAvatar-colorDefault css-1l53gx1-MuiAvatar-root&quot;
            &gt;
              &lt;svg
[...]
    at /Users/brianlong/Developer/summit/client/src/components/intelligence/__tests__/ThreatIntelligenceHub.test.tsx:98:3
    at _dispatchDescribe (/Users/brianlong/Developer/summit/client/node_modules/jest-circus/build/jestAdapterInit.js:604:26)
    at describe (/Users/brianlong/Developer/summit/client/node_modules/jest-circus/build/jestAdapterInit.js:572:44)
    at Object.&lt;anonymous&gt; (/Users/brianlong/Developer/summit/client/src/components/intelligence/__tests__/ThreatIntelligenceHub.test.tsx:13:1)
    at Runtime._execModule (/Users/brianlong/Developer/summit/client/node_modules/jest-runtime/build/index.js:1268:24)
    at Runtime._loadModule (/Users/brianlong/Developer/summit/client/node_modules/jest-runtime/build/index.js:944:12)
    at Runtime.requireModule (/Users/brianlong/Developer/summit/client/node_modules/jest-runtime/build/index.js:832:12)
    at jestAdapter (/Users/brianlong/Developer/summit/client/node_modules/jest-circus/build/runner.js:95:13)
    at processTicksAndRejections (node:internal/process/task_queues:95:5)
    at runTestInternal (/Users/brianlong/Developer/summit/client/node_modules/jest-runner/build/testWorker.js:275:16)
    at runTest (/Users/brianlong/Developer/summit/client/node_modules/jest-runner/build/testWorker.js:343:7)
    at Object.worker (/Users/brianlong/Developer/summit/client/node_modules/jest-runner/build/testWorker.js:497:12)</failure>
    </testcase>
    <testcase classname="ThreatIntelligenceHub" name="filters indicators by type" time="5.021">
      <failure>Error: thrown: &quot;Exceeded timeout of 5000 ms for a test.
Add a timeout value to this test to increase the timeout, if this is a long-running test. See https://jestjs.io/docs/api#testname-fn-timeout.&quot;
    at /Users/brianlong/Developer/summit/client/src/components/intelligence/__tests__/ThreatIntelligenceHub.test.tsx:110:3
    at _dispatchDescribe (/Users/brianlong/Developer/summit/client/node_modules/jest-circus/build/jestAdapterInit.js:604:26)
    at describe (/Users/brianlong/Developer/summit/client/node_modules/jest-circus/build/jestAdapterInit.js:572:44)
    at Object.&lt;anonymous&gt; (/Users/brianlong/Developer/summit/client/src/components/intelligence/__tests__/ThreatIntelligenceHub.test.tsx:13:1)
    at Runtime._execModule (/Users/brianlong/Developer/summit/client/node_modules/jest-runtime/build/index.js:1268:24)
    at Runtime._loadModule (/Users/brianlong/Developer/summit/client/node_modules/jest-runtime/build/index.js:944:12)
    at Runtime.requireModule (/Users/brianlong/Developer/summit/client/node_modules/jest-runtime/build/index.js:832:12)
    at jestAdapter (/Users/brianlong/Developer/summit/client/node_modules/jest-circus/build/runner.js:95:13)
    at processTicksAndRejections (node:internal/process/task_queues:95:5)
    at runTestInternal (/Users/brianlong/Developer/summit/client/node_modules/jest-runner/build/testWorker.js:275:16)
    at runTest (/Users/brianlong/Developer/summit/client/node_modules/jest-runner/build/testWorker.js:343:7)
    at Object.worker (/Users/brianlong/Developer/summit/client/node_modules/jest-runner/build/testWorker.js:497:12)</failure>
    </testcase>
    <testcase classname="ThreatIntelligenceHub" name="selects indicator and shows details" time="5.008">
      <failure>Error: thrown: &quot;Exceeded timeout of 5000 ms for a test.
Add a timeout value to this test to increase the timeout, if this is a long-running test. See https://jestjs.io/docs/api#testname-fn-timeout.&quot;
    at /Users/brianlong/Developer/summit/client/src/components/intelligence/__tests__/ThreatIntelligenceHub.test.tsx:122:3
    at _dispatchDescribe (/Users/brianlong/Developer/summit/client/node_modules/jest-circus/build/jestAdapterInit.js:604:26)
    at describe (/Users/brianlong/Developer/summit/client/node_modules/jest-circus/build/jestAdapterInit.js:572:44)
    at Object.&lt;anonymous&gt; (/Users/brianlong/Developer/summit/client/src/components/intelligence/__tests__/ThreatIntelligenceHub.test.tsx:13:1)
    at Runtime._execModule (/Users/brianlong/Developer/summit/client/node_modules/jest-runtime/build/index.js:1268:24)
    at Runtime._loadModule (/Users/brianlong/Developer/summit/client/node_modules/jest-runtime/build/index.js:944:12)
    at Runtime.requireModule (/Users/brianlong/Developer/summit/client/node_modules/jest-runtime/build/index.js:832:12)
    at jestAdapter (/Users/brianlong/Developer/summit/client/node_modules/jest-circus/build/runner.js:95:13)
    at processTicksAndRejections (node:internal/process/task_queues:95:5)
    at runTestInternal (/Users/brianlong/Developer/summit/client/node_modules/jest-runner/build/testWorker.js:275:16)
    at runTest (/Users/brianlong/Developer/summit/client/node_modules/jest-runner/build/testWorker.js:343:7)
    at Object.worker (/Users/brianlong/Developer/summit/client/node_modules/jest-runner/build/testWorker.js:497:12)</failure>
    </testcase>
    <testcase classname="ThreatIntelligenceHub" name="calls indicator select callback" time="5.004">
      <failure>Error: thrown: &quot;Exceeded timeout of 5000 ms for a test.
Add a timeout value to this test to increase the timeout, if this is a long-running test. See https://jestjs.io/docs/api#testname-fn-timeout.&quot;
    at /Users/brianlong/Developer/summit/client/src/components/intelligence/__tests__/ThreatIntelligenceHub.test.tsx:141:3
    at _dispatchDescribe (/Users/brianlong/Developer/summit/client/node_modules/jest-circus/build/jestAdapterInit.js:604:26)
    at describe (/Users/brianlong/Developer/summit/client/node_modules/jest-circus/build/jestAdapterInit.js:572:44)
    at Object.&lt;anonymous&gt; (/Users/brianlong/Developer/summit/client/src/components/intelligence/__tests__/ThreatIntelligenceHub.test.tsx:13:1)
    at Runtime._execModule (/Users/brianlong/Developer/summit/client/node_modules/jest-runtime/build/index.js:1268:24)
    at Runtime._loadModule (/Users/brianlong/Developer/summit/client/node_modules/jest-runtime/build/index.js:944:12)
    at Runtime.requireModule (/Users/brianlong/Developer/summit/client/node_modules/jest-runtime/build/index.js:832:12)
    at jestAdapter (/Users/brianlong/Developer/summit/client/node_modules/jest-circus/build/runner.js:95:13)
    at processTicksAndRejections (node:internal/process/task_queues:95:5)
    at runTestInternal (/Users/brianlong/Developer/summit/client/node_modules/jest-runner/build/testWorker.js:275:16)
    at runTest (/Users/brianlong/Developer/summit/client/node_modules/jest-runner/build/testWorker.js:343:7)
    at Object.worker (/Users/brianlong/Developer/summit/client/node_modules/jest-runner/build/testWorker.js:497:12)</failure>
    </testcase>
    <testcase classname="ThreatIntelligenceHub" name="calls campaign select callback" time="5.003">
      <failure>Error: thrown: &quot;Exceeded timeout of 5000 ms for a test.
Add a timeout value to this test to increase the timeout, if this is a long-running test. See https://jestjs.io/docs/api#testname-fn-timeout.&quot;
    at /Users/brianlong/Developer/summit/client/src/components/intelligence/__tests__/ThreatIntelligenceHub.test.tsx:162:3
    at _dispatchDescribe (/Users/brianlong/Developer/summit/client/node_modules/jest-circus/build/jestAdapterInit.js:604:26)
    at describe (/Users/brianlong/Developer/summit/client/node_modules/jest-circus/build/jestAdapterInit.js:572:44)
    at Object.&lt;anonymous&gt; (/Users/brianlong/Developer/summit/client/src/components/intelligence/__tests__/ThreatIntelligenceHub.test.tsx:13:1)
    at Runtime._execModule (/Users/brianlong/Developer/summit/client/node_modules/jest-runtime/build/index.js:1268:24)
    at Runtime._loadModule (/Users/brianlong/Developer/summit/client/node_modules/jest-runtime/build/index.js:944:12)
    at Runtime.requireModule (/Users/brianlong/Developer/summit/client/node_modules/jest-runtime/build/index.js:832:12)
    at jestAdapter (/Users/brianlong/Developer/summit/client/node_modules/jest-circus/build/runner.js:95:13)
    at processTicksAndRejections (node:internal/process/task_queues:95:5)
    at runTestInternal (/Users/brianlong/Developer/summit/client/node_modules/jest-runner/build/testWorker.js:275:16)
    at runTest (/Users/brianlong/Developer/summit/client/node_modules/jest-runner/build/testWorker.js:343:7)
    at Object.worker (/Users/brianlong/Developer/summit/client/node_modules/jest-runner/build/testWorker.js:497:12)</failure>
    </testcase>
    <testcase classname="ThreatIntelligenceHub" name="calls actor select callback" time="5.005">
      <failure>Error: thrown: &quot;Exceeded timeout of 5000 ms for a test.
Add a timeout value to this test to increase the timeout, if this is a long-running test. See https://jestjs.io/docs/api#testname-fn-timeout.&quot;
    at /Users/brianlong/Developer/summit/client/src/components/intelligence/__tests__/ThreatIntelligenceHub.test.tsx:186:3
    at _dispatchDescribe (/Users/brianlong/Developer/summit/client/node_modules/jest-circus/build/jestAdapterInit.js:604:26)
    at describe (/Users/brianlong/Developer/summit/client/node_modules/jest-circus/build/jestAdapterInit.js:572:44)
    at Object.&lt;anonymous&gt; (/Users/brianlong/Developer/summit/client/src/components/intelligence/__tests__/ThreatIntelligenceHub.test.tsx:13:1)
    at Runtime._execModule (/Users/brianlong/Developer/summit/client/node_modules/jest-runtime/build/index.js:1268:24)
    at Runtime._loadModule (/Users/brianlong/Developer/summit/client/node_modules/jest-runtime/build/index.js:944:12)
    at Runtime.requireModule (/Users/brianlong/Developer/summit/client/node_modules/jest-runtime/build/index.js:832:12)
    at jestAdapter (/Users/brianlong/Developer/summit/client/node_modules/jest-circus/build/runner.js:95:13)
    at processTicksAndRejections (node:internal/process/task_queues:95:5)
    at runTestInternal (/Users/brianlong/Developer/summit/client/node_modules/jest-runner/build/testWorker.js:275:16)
    at runTest (/Users/brianlong/Developer/summit/client/node_modules/jest-runner/build/testWorker.js:343:7)
    at Object.worker (/Users/brianlong/Developer/summit/client/node_modules/jest-runner/build/testWorker.js:497:12)</failure>
    </testcase>
    <testcase classname="ThreatIntelligenceHub" name="handles investigation ID prop" time="0.024">
    </testcase>
    <testcase classname="ThreatIntelligenceHub" name="displays severity colors correctly" time="0.009">
    </testcase>
    <testcase classname="ThreatIntelligenceHub" name="displays indicator type icons" time="0.009">
    </testcase>
    <testcase classname="ThreatIntelligenceHub" name="shows last updated timestamp" time="0.006">
    </testcase>
    <testcase classname="ThreatIntelligenceHub" name="handles auto-refresh when enabled" time="0.007">
      <failure>ReferenceError: act is not defined
    at Object.&lt;anonymous&gt; (/Users/brianlong/Developer/summit/client/src/components/intelligence/__tests__/ThreatIntelligenceHub.test.tsx:243:5)
    at Promise.finally.completed (/Users/brianlong/Developer/summit/client/node_modules/jest-circus/build/jestAdapterInit.js:1556:28)
    at new Promise (&lt;anonymous&gt;)
    at callAsyncCircusFn (/Users/brianlong/Developer/summit/client/node_modules/jest-circus/build/jestAdapterInit.js:1496:10)
    at _callCircusTest (/Users/brianlong/Developer/summit/client/node_modules/jest-circus/build/jestAdapterInit.js:1006:40)
    at _runTest (/Users/brianlong/Developer/summit/client/node_modules/jest-circus/build/jestAdapterInit.js:946:3)
    at _runTestsForDescribeBlock (/Users/brianlong/Developer/summit/client/node_modules/jest-circus/build/jestAdapterInit.js:839:13)
    at _runTestsForDescribeBlock (/Users/brianlong/Developer/summit/client/node_modules/jest-circus/build/jestAdapterInit.js:829:11)
    at run (/Users/brianlong/Developer/summit/client/node_modules/jest-circus/build/jestAdapterInit.js:757:3)
    at runAndTransformResultsToJestFormat (/Users/brianlong/Developer/summit/client/node_modules/jest-circus/build/jestAdapterInit.js:1917:21)
    at jestAdapter (/Users/brianlong/Developer/summit/client/node_modules/jest-circus/build/runner.js:101:19)
    at runTestInternal (/Users/brianlong/Developer/summit/client/node_modules/jest-runner/build/testWorker.js:275:16)
    at runTest (/Users/brianlong/Developer/summit/client/node_modules/jest-runner/build/testWorker.js:343:7)
    at Object.worker (/Users/brianlong/Developer/summit/client/node_modules/jest-runner/build/testWorker.js:497:12)</failure>
    </testcase>
    <testcase classname="ThreatIntelligenceHub" name="displays feed status information" time="5.004">
      <failure>Error: thrown: &quot;Exceeded timeout of 5000 ms for a test.
Add a timeout value to this test to increase the timeout, if this is a long-running test. See https://jestjs.io/docs/api#testname-fn-timeout.&quot;
    at /Users/brianlong/Developer/summit/client/src/components/intelligence/__tests__/ThreatIntelligenceHub.test.tsx:251:3
    at _dispatchDescribe (/Users/brianlong/Developer/summit/client/node_modules/jest-circus/build/jestAdapterInit.js:604:26)
    at describe (/Users/brianlong/Developer/summit/client/node_modules/jest-circus/build/jestAdapterInit.js:572:44)
    at Object.&lt;anonymous&gt; (/Users/brianlong/Developer/summit/client/src/components/intelligence/__tests__/ThreatIntelligenceHub.test.tsx:13:1)
    at Runtime._execModule (/Users/brianlong/Developer/summit/client/node_modules/jest-runtime/build/index.js:1268:24)
    at Runtime._loadModule (/Users/brianlong/Developer/summit/client/node_modules/jest-runtime/build/index.js:944:12)
    at Runtime.requireModule (/Users/brianlong/Developer/summit/client/node_modules/jest-runtime/build/index.js:832:12)
    at jestAdapter (/Users/brianlong/Developer/summit/client/node_modules/jest-circus/build/runner.js:95:13)
    at processTicksAndRejections (node:internal/process/task_queues:95:5)
    at runTestInternal (/Users/brianlong/Developer/summit/client/node_modules/jest-runner/build/testWorker.js:275:16)
    at runTest (/Users/brianlong/Developer/summit/client/node_modules/jest-runner/build/testWorker.js:343:7)
    at Object.worker (/Users/brianlong/Developer/summit/client/node_modules/jest-runner/build/testWorker.js:497:12)</failure>
    </testcase>
    <testcase classname="ThreatIntelligenceHub" name="applies custom className" time="0.014">
    </testcase>
    <testcase classname="ThreatIntelligenceHub" name="handles empty search results" time="5.011">
      <failure>Error: thrown: &quot;Exceeded timeout of 5000 ms for a test.
Add a timeout value to this test to increase the timeout, if this is a long-running test. See https://jestjs.io/docs/api#testname-fn-timeout.&quot;
    at /Users/brianlong/Developer/summit/client/src/components/intelligence/__tests__/ThreatIntelligenceHub.test.tsx:278:3
    at _dispatchDescribe (/Users/brianlong/Developer/summit/client/node_modules/jest-circus/build/jestAdapterInit.js:604:26)
    at describe (/Users/brianlong/Developer/summit/client/node_modules/jest-circus/build/jestAdapterInit.js:572:44)
    at Object.&lt;anonymous&gt; (/Users/brianlong/Developer/summit/client/src/components/intelligence/__tests__/ThreatIntelligenceHub.test.tsx:13:1)
    at Runtime._execModule (/Users/brianlong/Developer/summit/client/node_modules/jest-runtime/build/index.js:1268:24)
    at Runtime._loadModule (/Users/brianlong/Developer/summit/client/node_modules/jest-runtime/build/index.js:944:12)
    at Runtime.requireModule (/Users/brianlong/Developer/summit/client/node_modules/jest-runtime/build/index.js:832:12)
    at jestAdapter (/Users/brianlong/Developer/summit/client/node_modules/jest-circus/build/runner.js:95:13)
    at processTicksAndRejections (node:internal/process/task_queues:95:5)
    at runTestInternal (/Users/brianlong/Developer/summit/client/node_modules/jest-runner/build/testWorker.js:275:16)
    at runTest (/Users/brianlong/Developer/summit/client/node_modules/jest-runner/build/testWorker.js:343:7)
    at Object.worker (/Users/brianlong/Developer/summit/client/node_modules/jest-runner/build/testWorker.js:497:12)</failure>
    </testcase>
    <testcase classname="ThreatIntelligenceHub" name="displays indicator context information" time="5.003">
      <failure>Error: thrown: &quot;Exceeded timeout of 5000 ms for a test.
Add a timeout value to this test to increase the timeout, if this is a long-running test. See https://jestjs.io/docs/api#testname-fn-timeout.&quot;
    at /Users/brianlong/Developer/summit/client/src/components/intelligence/__tests__/ThreatIntelligenceHub.test.tsx:291:3
    at _dispatchDescribe (/Users/brianlong/Developer/summit/client/node_modules/jest-circus/build/jestAdapterInit.js:604:26)
    at describe (/Users/brianlong/Developer/summit/client/node_modules/jest-circus/build/jestAdapterInit.js:572:44)
    at Object.&lt;anonymous&gt; (/Users/brianlong/Developer/summit/client/src/components/intelligence/__tests__/ThreatIntelligenceHub.test.tsx:13:1)
    at Runtime._execModule (/Users/brianlong/Developer/summit/client/node_modules/jest-runtime/build/index.js:1268:24)
    at Runtime._loadModule (/Users/brianlong/Developer/summit/client/node_modules/jest-runtime/build/index.js:944:12)
    at Runtime.requireModule (/Users/brianlong/Developer/summit/client/node_modules/jest-runtime/build/index.js:832:12)
    at jestAdapter (/Users/brianlong/Developer/summit/client/node_modules/jest-circus/build/runner.js:95:13)
    at processTicksAndRejections (node:internal/process/task_queues:95:5)
    at runTestInternal (/Users/brianlong/Developer/summit/client/node_modules/jest-runner/build/testWorker.js:275:16)
    at runTest (/Users/brianlong/Developer/summit/client/node_modules/jest-runner/build/testWorker.js:343:7)
    at Object.worker (/Users/brianlong/Developer/summit/client/node_modules/jest-runner/build/testWorker.js:497:12)</failure>
    </testcase>
    <testcase classname="ThreatIntelligenceHub" name="shows indicator confidence scores" time="0.016">
    </testcase>
    <testcase classname="ThreatIntelligenceHub" name="handles component cleanup on unmount" time="0.008">
    </testcase>
    <testcase classname="ThreatIntelligenceHub" name="supports keyboard navigation" time="0.009">
    </testcase>
    <testcase classname="ThreatIntelligenceHub" name="updates counters in tab labels" time="5.002">
      <failure>Error: thrown: &quot;Exceeded timeout of 5000 ms for a test.
Add a timeout value to this test to increase the timeout, if this is a long-running test. See https://jestjs.io/docs/api#testname-fn-timeout.&quot;
    at /Users/brianlong/Developer/summit/client/src/components/intelligence/__tests__/ThreatIntelligenceHub.test.tsx:338:3
    at _dispatchDescribe (/Users/brianlong/Developer/summit/client/node_modules/jest-circus/build/jestAdapterInit.js:604:26)
    at describe (/Users/brianlong/Developer/summit/client/node_modules/jest-circus/build/jestAdapterInit.js:572:44)
    at Object.&lt;anonymous&gt; (/Users/brianlong/Developer/summit/client/src/components/intelligence/__tests__/ThreatIntelligenceHub.test.tsx:13:1)
    at Runtime._execModule (/Users/brianlong/Developer/summit/client/node_modules/jest-runtime/build/index.js:1268:24)
    at Runtime._loadModule (/Users/brianlong/Developer/summit/client/node_modules/jest-runtime/build/index.js:944:12)
    at Runtime.requireModule (/Users/brianlong/Developer/summit/client/node_modules/jest-runtime/build/index.js:832:12)
    at jestAdapter (/Users/brianlong/Developer/summit/client/node_modules/jest-circus/build/runner.js:95:13)
    at processTicksAndRejections (node:internal/process/task_queues:95:5)
    at runTestInternal (/Users/brianlong/Developer/summit/client/node_modules/jest-runner/build/testWorker.js:275:16)
    at runTest (/Users/brianlong/Developer/summit/client/node_modules/jest-runner/build/testWorker.js:343:7)
    at Object.worker (/Users/brianlong/Developer/summit/client/node_modules/jest-runner/build/testWorker.js:497:12)</failure>
    </testcase>
  </testsuite>
</testsuites>