<?xml version="1.0" encoding="UTF-8"?>
<testsuites name="jest tests" tests="149" failures="66" errors="0" time="68.864">
  <testsuite name="PerformanceMonitor" errors="0" failures="12" skipped="0" timestamp="2025-10-16T15:51:57" time="3.312" tests="15">
    <testcase classname="PerformanceMonitor" name="renders performance indicator when enabled" time="0.133">
      <failure>TypeError: performance.getEntriesByType is not a function
    at /Users/brianlong/Developer/summit/client/src/components/PerformanceMonitor.tsx:35:33
    at /Users/brianlong/Developer/summit/client/src/components/PerformanceMonitor.tsx:78:28
    at commitHookEffectListMount (/Users/brianlong/Developer/summit/client/node_modules/react-dom/cjs/react-dom.development.js:23189:26)
    at commitPassiveMountOnFiber (/Users/brianlong/Developer/summit/client/node_modules/react-dom/cjs/react-dom.development.js:24970:11)
    at commitPassiveMountEffects_complete (/Users/brianlong/Developer/summit/client/node_modules/react-dom/cjs/react-dom.development.js:24930:9)
    at commitPassiveMountEffects_begin (/Users/brianlong/Developer/summit/client/node_modules/react-dom/cjs/react-dom.development.js:24917:7)
    at commitPassiveMountEffects (/Users/brianlong/Developer/summit/client/node_modules/react-dom/cjs/react-dom.development.js:24905:3)
    at flushPassiveEffectsImpl (/Users/brianlong/Developer/summit/client/node_modules/react-dom/cjs/react-dom.development.js:27078:3)
    at flushPassiveEffects (/Users/brianlong/Developer/summit/client/node_modules/react-dom/cjs/react-dom.development.js:27023:14)
    at /Users/brianlong/Developer/summit/client/node_modules/react-dom/cjs/react-dom.development.js:26808:9
    at flushActQueue (/Users/brianlong/Developer/summit/client/node_modules/react/cjs/react.development.js:2667:24)
    at act (/Users/brianlong/Developer/summit/client/node_modules/react/cjs/react.development.js:2582:11)
    at actWithWarning (/Users/brianlong/Developer/summit/client/node_modules/react-dom/cjs/react-dom-test-utils.development.js:1740:10)
    at /Users/brianlong/Developer/summit/client/node_modules/@testing-library/react/dist/act-compat.js:63:25
    at renderRoot (/Users/brianlong/Developer/summit/client/node_modules/@testing-library/react/dist/pure.js:159:26)
    at render (/Users/brianlong/Developer/summit/client/node_modules/@testing-library/react/dist/pure.js:246:10)
    at Object.&lt;anonymous&gt; (/Users/brianlong/Developer/summit/client/src/components/__tests__/PerformanceMonitor.test.tsx:64:11)
    at Promise.finally.completed (/Users/brianlong/Developer/summit/client/node_modules/jest-circus/build/jestAdapterInit.js:1556:28)
    at new Promise (&lt;anonymous&gt;)
    at callAsyncCircusFn (/Users/brianlong/Developer/summit/client/node_modules/jest-circus/build/jestAdapterInit.js:1496:10)
    at _callCircusTest (/Users/brianlong/Developer/summit/client/node_modules/jest-circus/build/jestAdapterInit.js:1006:40)
    at processTicksAndRejections (node:internal/process/task_queues:95:5)
    at _runTest (/Users/brianlong/Developer/summit/client/node_modules/jest-circus/build/jestAdapterInit.js:946:3)
    at _runTestsForDescribeBlock (/Users/brianlong/Developer/summit/client/node_modules/jest-circus/build/jestAdapterInit.js:839:13)
    at _runTestsForDescribeBlock (/Users/brianlong/Developer/summit/client/node_modules/jest-circus/build/jestAdapterInit.js:829:11)
    at run (/Users/brianlong/Developer/summit/client/node_modules/jest-circus/build/jestAdapterInit.js:757:3)
    at runAndTransformResultsToJestFormat (/Users/brianlong/Developer/summit/client/node_modules/jest-circus/build/jestAdapterInit.js:1917:21)
    at jestAdapter (/Users/brianlong/Developer/summit/client/node_modules/jest-circus/build/runner.js:101:19)
    at runTestInternal (/Users/brianlong/Developer/summit/client/node_modules/jest-runner/build/testWorker.js:275:16)
    at runTest (/Users/brianlong/Developer/summit/client/node_modules/jest-runner/build/testWorker.js:343:7)
    at Object.worker (/Users/brianlong/Developer/summit/client/node_modules/jest-runner/build/testWorker.js:497:12)</failure>
      <failure>TypeError: performance.getEntriesByType is not a function
    at /Users/brianlong/Developer/summit/client/src/components/PerformanceMonitor.tsx:35:33
    at /Users/brianlong/Developer/summit/client/src/components/PerformanceMonitor.tsx:63:26
    at callTimer (/Users/brianlong/Developer/summit/client/node_modules/@sinonjs/fake-timers/src/fake-timers-src.js:806:24)
    at doTickInner (/Users/brianlong/Developer/summit/client/node_modules/@sinonjs/fake-timers/src/fake-timers-src.js:1413:29)
    at doTick (/Users/brianlong/Developer/summit/client/node_modules/@sinonjs/fake-timers/src/fake-timers-src.js:1494:20)
    at Object.tick (/Users/brianlong/Developer/summit/client/node_modules/@sinonjs/fake-timers/src/fake-timers-src.js:1502:20)
    at Object.runToLast (/Users/brianlong/Developer/summit/client/node_modules/@sinonjs/fake-timers/src/fake-timers-src.js:1661:26)
    at FakeTimers.runOnlyPendingTimers (/Users/brianlong/Developer/summit/client/node_modules/@jest/fake-timers/build/index.js:542:19)
    at Object.runOnlyPendingTimers (/Users/brianlong/Developer/summit/client/node_modules/jest-runtime/build/index.js:1804:52)
    at Object.&lt;anonymous&gt; (/Users/brianlong/Developer/summit/client/src/components/__tests__/PerformanceMonitor.test.tsx:58:10)
    at Promise.finally.completed (/Users/brianlong/Developer/summit/client/node_modules/jest-circus/build/jestAdapterInit.js:1556:28)
    at new Promise (&lt;anonymous&gt;)
    at callAsyncCircusFn (/Users/brianlong/Developer/summit/client/node_modules/jest-circus/build/jestAdapterInit.js:1496:10)
    at _callCircusHook (/Users/brianlong/Developer/summit/client/node_modules/jest-circus/build/jestAdapterInit.js:975:40)
    at processTicksAndRejections (node:internal/process/task_queues:95:5)
    at _runTest (/Users/brianlong/Developer/summit/client/node_modules/jest-circus/build/jestAdapterInit.js:948:5)
    at _runTestsForDescribeBlock (/Users/brianlong/Developer/summit/client/node_modules/jest-circus/build/jestAdapterInit.js:839:13)
    at _runTestsForDescribeBlock (/Users/brianlong/Developer/summit/client/node_modules/jest-circus/build/jestAdapterInit.js:829:11)
    at run (/Users/brianlong/Developer/summit/client/node_modules/jest-circus/build/jestAdapterInit.js:757:3)
    at runAndTransformResultsToJestFormat (/Users/brianlong/Developer/summit/client/node_modules/jest-circus/build/jestAdapterInit.js:1917:21)
    at jestAdapter (/Users/brianlong/Developer/summit/client/node_modules/jest-circus/build/runner.js:101:19)
    at runTestInternal (/Users/brianlong/Developer/summit/client/node_modules/jest-runner/build/testWorker.js:275:16)
    at runTest (/Users/brianlong/Developer/summit/client/node_modules/jest-runner/build/testWorker.js:343:7)
    at Object.worker (/Users/brianlong/Developer/summit/client/node_modules/jest-runner/build/testWorker.js:497:12)</failure>
    </testcase>
    <testcase classname="PerformanceMonitor" name="does not render when disabled" time="0.062">
    </testcase>
    <testcase classname="PerformanceMonitor" name="shows performance details when clicked" time="0.004">
      <failure>TypeError: performance.getEntriesByType is not a function
    at /Users/brianlong/Developer/summit/client/src/components/PerformanceMonitor.tsx:35:33
    at /Users/brianlong/Developer/summit/client/src/components/PerformanceMonitor.tsx:78:28
    at commitHookEffectListMount (/Users/brianlong/Developer/summit/client/node_modules/react-dom/cjs/react-dom.development.js:23189:26)
    at commitPassiveMountOnFiber (/Users/brianlong/Developer/summit/client/node_modules/react-dom/cjs/react-dom.development.js:24970:11)
    at commitPassiveMountEffects_complete (/Users/brianlong/Developer/summit/client/node_modules/react-dom/cjs/react-dom.development.js:24930:9)
    at commitPassiveMountEffects_begin (/Users/brianlong/Developer/summit/client/node_modules/react-dom/cjs/react-dom.development.js:24917:7)
    at commitPassiveMountEffects (/Users/brianlong/Developer/summit/client/node_modules/react-dom/cjs/react-dom.development.js:24905:3)
    at flushPassiveEffectsImpl (/Users/brianlong/Developer/summit/client/node_modules/react-dom/cjs/react-dom.development.js:27078:3)
    at flushPassiveEffects (/Users/brianlong/Developer/summit/client/node_modules/react-dom/cjs/react-dom.development.js:27023:14)
    at /Users/brianlong/Developer/summit/client/node_modules/react-dom/cjs/react-dom.development.js:26808:9
    at flushActQueue (/Users/brianlong/Developer/summit/client/node_modules/react/cjs/react.development.js:2667:24)
    at act (/Users/brianlong/Developer/summit/client/node_modules/react/cjs/react.development.js:2582:11)
    at actWithWarning (/Users/brianlong/Developer/summit/client/node_modules/react-dom/cjs/react-dom-test-utils.development.js:1740:10)
    at /Users/brianlong/Developer/summit/client/node_modules/@testing-library/react/dist/act-compat.js:63:25
    at renderRoot (/Users/brianlong/Developer/summit/client/node_modules/@testing-library/react/dist/pure.js:159:26)
    at render (/Users/brianlong/Developer/summit/client/node_modules/@testing-library/react/dist/pure.js:246:10)
    at Object.&lt;anonymous&gt; (/Users/brianlong/Developer/summit/client/src/components/__tests__/PerformanceMonitor.test.tsx:77:11)
    at Promise.finally.completed (/Users/brianlong/Developer/summit/client/node_modules/jest-circus/build/jestAdapterInit.js:1556:28)
    at new Promise (&lt;anonymous&gt;)
    at callAsyncCircusFn (/Users/brianlong/Developer/summit/client/node_modules/jest-circus/build/jestAdapterInit.js:1496:10)
    at _callCircusTest (/Users/brianlong/Developer/summit/client/node_modules/jest-circus/build/jestAdapterInit.js:1006:40)
    at processTicksAndRejections (node:internal/process/task_queues:95:5)
    at _runTest (/Users/brianlong/Developer/summit/client/node_modules/jest-circus/build/jestAdapterInit.js:946:3)
    at _runTestsForDescribeBlock (/Users/brianlong/Developer/summit/client/node_modules/jest-circus/build/jestAdapterInit.js:839:13)
    at _runTestsForDescribeBlock (/Users/brianlong/Developer/summit/client/node_modules/jest-circus/build/jestAdapterInit.js:829:11)
    at run (/Users/brianlong/Developer/summit/client/node_modules/jest-circus/build/jestAdapterInit.js:757:3)
    at runAndTransformResultsToJestFormat (/Users/brianlong/Developer/summit/client/node_modules/jest-circus/build/jestAdapterInit.js:1917:21)
    at jestAdapter (/Users/brianlong/Developer/summit/client/node_modules/jest-circus/build/runner.js:101:19)
    at runTestInternal (/Users/brianlong/Developer/summit/client/node_modules/jest-runner/build/testWorker.js:275:16)
    at runTest (/Users/brianlong/Developer/summit/client/node_modules/jest-runner/build/testWorker.js:343:7)
    at Object.worker (/Users/brianlong/Developer/summit/client/node_modules/jest-runner/build/testWorker.js:497:12)</failure>
      <failure>TypeError: performance.getEntriesByType is not a function
    at /Users/brianlong/Developer/summit/client/src/components/PerformanceMonitor.tsx:35:33
    at /Users/brianlong/Developer/summit/client/src/components/PerformanceMonitor.tsx:63:26
    at callTimer (/Users/brianlong/Developer/summit/client/node_modules/@sinonjs/fake-timers/src/fake-timers-src.js:806:24)
    at doTickInner (/Users/brianlong/Developer/summit/client/node_modules/@sinonjs/fake-timers/src/fake-timers-src.js:1413:29)
    at doTick (/Users/brianlong/Developer/summit/client/node_modules/@sinonjs/fake-timers/src/fake-timers-src.js:1494:20)
    at Object.tick (/Users/brianlong/Developer/summit/client/node_modules/@sinonjs/fake-timers/src/fake-timers-src.js:1502:20)
    at Object.runToLast (/Users/brianlong/Developer/summit/client/node_modules/@sinonjs/fake-timers/src/fake-timers-src.js:1661:26)
    at FakeTimers.runOnlyPendingTimers (/Users/brianlong/Developer/summit/client/node_modules/@jest/fake-timers/build/index.js:542:19)
    at Object.runOnlyPendingTimers (/Users/brianlong/Developer/summit/client/node_modules/jest-runtime/build/index.js:1804:52)
    at Object.&lt;anonymous&gt; (/Users/brianlong/Developer/summit/client/src/components/__tests__/PerformanceMonitor.test.tsx:58:10)
    at Promise.finally.completed (/Users/brianlong/Developer/summit/client/node_modules/jest-circus/build/jestAdapterInit.js:1556:28)
    at new Promise (&lt;anonymous&gt;)
    at callAsyncCircusFn (/Users/brianlong/Developer/summit/client/node_modules/jest-circus/build/jestAdapterInit.js:1496:10)
    at _callCircusHook (/Users/brianlong/Developer/summit/client/node_modules/jest-circus/build/jestAdapterInit.js:975:40)
    at processTicksAndRejections (node:internal/process/task_queues:95:5)
    at _runTest (/Users/brianlong/Developer/summit/client/node_modules/jest-circus/build/jestAdapterInit.js:948:5)
    at _runTestsForDescribeBlock (/Users/brianlong/Developer/summit/client/node_modules/jest-circus/build/jestAdapterInit.js:839:13)
    at _runTestsForDescribeBlock (/Users/brianlong/Developer/summit/client/node_modules/jest-circus/build/jestAdapterInit.js:829:11)
    at run (/Users/brianlong/Developer/summit/client/node_modules/jest-circus/build/jestAdapterInit.js:757:3)
    at runAndTransformResultsToJestFormat (/Users/brianlong/Developer/summit/client/node_modules/jest-circus/build/jestAdapterInit.js:1917:21)
    at jestAdapter (/Users/brianlong/Developer/summit/client/node_modules/jest-circus/build/runner.js:101:19)
    at runTestInternal (/Users/brianlong/Developer/summit/client/node_modules/jest-runner/build/testWorker.js:275:16)
    at runTest (/Users/brianlong/Developer/summit/client/node_modules/jest-runner/build/testWorker.js:343:7)
    at Object.worker (/Users/brianlong/Developer/summit/client/node_modules/jest-runner/build/testWorker.js:497:12)</failure>
    </testcase>
    <testcase classname="PerformanceMonitor" name="collects metrics at specified intervals" time="0.006">
      <failure>TypeError: performance.getEntriesByType is not a function
    at /Users/brianlong/Developer/summit/client/src/components/PerformanceMonitor.tsx:35:33
    at /Users/brianlong/Developer/summit/client/src/components/PerformanceMonitor.tsx:78:28
    at commitHookEffectListMount (/Users/brianlong/Developer/summit/client/node_modules/react-dom/cjs/react-dom.development.js:23189:26)
    at commitPassiveMountOnFiber (/Users/brianlong/Developer/summit/client/node_modules/react-dom/cjs/react-dom.development.js:24970:11)
    at commitPassiveMountEffects_complete (/Users/brianlong/Developer/summit/client/node_modules/react-dom/cjs/react-dom.development.js:24930:9)
    at commitPassiveMountEffects_begin (/Users/brianlong/Developer/summit/client/node_modules/react-dom/cjs/react-dom.development.js:24917:7)
    at commitPassiveMountEffects (/Users/brianlong/Developer/summit/client/node_modules/react-dom/cjs/react-dom.development.js:24905:3)
    at flushPassiveEffectsImpl (/Users/brianlong/Developer/summit/client/node_modules/react-dom/cjs/react-dom.development.js:27078:3)
    at flushPassiveEffects (/Users/brianlong/Developer/summit/client/node_modules/react-dom/cjs/react-dom.development.js:27023:14)
    at /Users/brianlong/Developer/summit/client/node_modules/react-dom/cjs/react-dom.development.js:26808:9
    at flushActQueue (/Users/brianlong/Developer/summit/client/node_modules/react/cjs/react.development.js:2667:24)
    at act (/Users/brianlong/Developer/summit/client/node_modules/react/cjs/react.development.js:2582:11)
    at actWithWarning (/Users/brianlong/Developer/summit/client/node_modules/react-dom/cjs/react-dom-test-utils.development.js:1740:10)
    at /Users/brianlong/Developer/summit/client/node_modules/@testing-library/react/dist/act-compat.js:63:25
    at renderRoot (/Users/brianlong/Developer/summit/client/node_modules/@testing-library/react/dist/pure.js:159:26)
    at render (/Users/brianlong/Developer/summit/client/node_modules/@testing-library/react/dist/pure.js:246:10)
    at Object.&lt;anonymous&gt; (/Users/brianlong/Developer/summit/client/src/components/__tests__/PerformanceMonitor.test.tsx:92:11)
    at Promise.finally.completed (/Users/brianlong/Developer/summit/client/node_modules/jest-circus/build/jestAdapterInit.js:1556:28)
    at new Promise (&lt;anonymous&gt;)
    at callAsyncCircusFn (/Users/brianlong/Developer/summit/client/node_modules/jest-circus/build/jestAdapterInit.js:1496:10)
    at _callCircusTest (/Users/brianlong/Developer/summit/client/node_modules/jest-circus/build/jestAdapterInit.js:1006:40)
    at processTicksAndRejections (node:internal/process/task_queues:95:5)
    at _runTest (/Users/brianlong/Developer/summit/client/node_modules/jest-circus/build/jestAdapterInit.js:946:3)
    at _runTestsForDescribeBlock (/Users/brianlong/Developer/summit/client/node_modules/jest-circus/build/jestAdapterInit.js:839:13)
    at _runTestsForDescribeBlock (/Users/brianlong/Developer/summit/client/node_modules/jest-circus/build/jestAdapterInit.js:829:11)
    at run (/Users/brianlong/Developer/summit/client/node_modules/jest-circus/build/jestAdapterInit.js:757:3)
    at runAndTransformResultsToJestFormat (/Users/brianlong/Developer/summit/client/node_modules/jest-circus/build/jestAdapterInit.js:1917:21)
    at jestAdapter (/Users/brianlong/Developer/summit/client/node_modules/jest-circus/build/runner.js:101:19)
    at runTestInternal (/Users/brianlong/Developer/summit/client/node_modules/jest-runner/build/testWorker.js:275:16)
    at runTest (/Users/brianlong/Developer/summit/client/node_modules/jest-runner/build/testWorker.js:343:7)
    at Object.worker (/Users/brianlong/Developer/summit/client/node_modules/jest-runner/build/testWorker.js:497:12)</failure>
      <failure>TypeError: performance.getEntriesByType is not a function
    at /Users/brianlong/Developer/summit/client/src/components/PerformanceMonitor.tsx:35:33
    at /Users/brianlong/Developer/summit/client/src/components/PerformanceMonitor.tsx:63:26
    at callTimer (/Users/brianlong/Developer/summit/client/node_modules/@sinonjs/fake-timers/src/fake-timers-src.js:806:24)
    at doTickInner (/Users/brianlong/Developer/summit/client/node_modules/@sinonjs/fake-timers/src/fake-timers-src.js:1413:29)
    at doTick (/Users/brianlong/Developer/summit/client/node_modules/@sinonjs/fake-timers/src/fake-timers-src.js:1494:20)
    at Object.tick (/Users/brianlong/Developer/summit/client/node_modules/@sinonjs/fake-timers/src/fake-timers-src.js:1502:20)
    at Object.runToLast (/Users/brianlong/Developer/summit/client/node_modules/@sinonjs/fake-timers/src/fake-timers-src.js:1661:26)
    at FakeTimers.runOnlyPendingTimers (/Users/brianlong/Developer/summit/client/node_modules/@jest/fake-timers/build/index.js:542:19)
    at Object.runOnlyPendingTimers (/Users/brianlong/Developer/summit/client/node_modules/jest-runtime/build/index.js:1804:52)
    at Object.&lt;anonymous&gt; (/Users/brianlong/Developer/summit/client/src/components/__tests__/PerformanceMonitor.test.tsx:58:10)
    at Promise.finally.completed (/Users/brianlong/Developer/summit/client/node_modules/jest-circus/build/jestAdapterInit.js:1556:28)
    at new Promise (&lt;anonymous&gt;)
    at callAsyncCircusFn (/Users/brianlong/Developer/summit/client/node_modules/jest-circus/build/jestAdapterInit.js:1496:10)
    at _callCircusHook (/Users/brianlong/Developer/summit/client/node_modules/jest-circus/build/jestAdapterInit.js:975:40)
    at processTicksAndRejections (node:internal/process/task_queues:95:5)
    at _runTest (/Users/brianlong/Developer/summit/client/node_modules/jest-circus/build/jestAdapterInit.js:948:5)
    at _runTestsForDescribeBlock (/Users/brianlong/Developer/summit/client/node_modules/jest-circus/build/jestAdapterInit.js:839:13)
    at _runTestsForDescribeBlock (/Users/brianlong/Developer/summit/client/node_modules/jest-circus/build/jestAdapterInit.js:829:11)
    at run (/Users/brianlong/Developer/summit/client/node_modules/jest-circus/build/jestAdapterInit.js:757:3)
    at runAndTransformResultsToJestFormat (/Users/brianlong/Developer/summit/client/node_modules/jest-circus/build/jestAdapterInit.js:1917:21)
    at jestAdapter (/Users/brianlong/Developer/summit/client/node_modules/jest-circus/build/runner.js:101:19)
    at runTestInternal (/Users/brianlong/Developer/summit/client/node_modules/jest-runner/build/testWorker.js:275:16)
    at runTest (/Users/brianlong/Developer/summit/client/node_modules/jest-runner/build/testWorker.js:343:7)
    at Object.worker (/Users/brianlong/Developer/summit/client/node_modules/jest-runner/build/testWorker.js:497:12)</failure>
    </testcase>
    <testcase classname="PerformanceMonitor" name="respects maxSamples limit" time="0.003">
      <failure>TypeError: performance.getEntriesByType is not a function
    at /Users/brianlong/Developer/summit/client/src/components/PerformanceMonitor.tsx:35:33
    at /Users/brianlong/Developer/summit/client/src/components/PerformanceMonitor.tsx:78:28
    at commitHookEffectListMount (/Users/brianlong/Developer/summit/client/node_modules/react-dom/cjs/react-dom.development.js:23189:26)
    at commitPassiveMountOnFiber (/Users/brianlong/Developer/summit/client/node_modules/react-dom/cjs/react-dom.development.js:24970:11)
    at commitPassiveMountEffects_complete (/Users/brianlong/Developer/summit/client/node_modules/react-dom/cjs/react-dom.development.js:24930:9)
    at commitPassiveMountEffects_begin (/Users/brianlong/Developer/summit/client/node_modules/react-dom/cjs/react-dom.development.js:24917:7)
    at commitPassiveMountEffects (/Users/brianlong/Developer/summit/client/node_modules/react-dom/cjs/react-dom.development.js:24905:3)
    at flushPassiveEffectsImpl (/Users/brianlong/Developer/summit/client/node_modules/react-dom/cjs/react-dom.development.js:27078:3)
    at flushPassiveEffects (/Users/brianlong/Developer/summit/client/node_modules/react-dom/cjs/react-dom.development.js:27023:14)
    at /Users/brianlong/Developer/summit/client/node_modules/react-dom/cjs/react-dom.development.js:26808:9
    at flushActQueue (/Users/brianlong/Developer/summit/client/node_modules/react/cjs/react.development.js:2667:24)
    at act (/Users/brianlong/Developer/summit/client/node_modules/react/cjs/react.development.js:2582:11)
    at actWithWarning (/Users/brianlong/Developer/summit/client/node_modules/react-dom/cjs/react-dom-test-utils.development.js:1740:10)
    at /Users/brianlong/Developer/summit/client/node_modules/@testing-library/react/dist/act-compat.js:63:25
    at renderRoot (/Users/brianlong/Developer/summit/client/node_modules/@testing-library/react/dist/pure.js:159:26)
    at render (/Users/brianlong/Developer/summit/client/node_modules/@testing-library/react/dist/pure.js:246:10)
    at Object.&lt;anonymous&gt; (/Users/brianlong/Developer/summit/client/src/components/__tests__/PerformanceMonitor.test.tsx:122:11)
    at Promise.finally.completed (/Users/brianlong/Developer/summit/client/node_modules/jest-circus/build/jestAdapterInit.js:1556:28)
    at new Promise (&lt;anonymous&gt;)
    at callAsyncCircusFn (/Users/brianlong/Developer/summit/client/node_modules/jest-circus/build/jestAdapterInit.js:1496:10)
    at _callCircusTest (/Users/brianlong/Developer/summit/client/node_modules/jest-circus/build/jestAdapterInit.js:1006:40)
    at processTicksAndRejections (node:internal/process/task_queues:95:5)
    at _runTest (/Users/brianlong/Developer/summit/client/node_modules/jest-circus/build/jestAdapterInit.js:946:3)
    at _runTestsForDescribeBlock (/Users/brianlong/Developer/summit/client/node_modules/jest-circus/build/jestAdapterInit.js:839:13)
    at _runTestsForDescribeBlock (/Users/brianlong/Developer/summit/client/node_modules/jest-circus/build/jestAdapterInit.js:829:11)
    at run (/Users/brianlong/Developer/summit/client/node_modules/jest-circus/build/jestAdapterInit.js:757:3)
    at runAndTransformResultsToJestFormat (/Users/brianlong/Developer/summit/client/node_modules/jest-circus/build/jestAdapterInit.js:1917:21)
    at jestAdapter (/Users/brianlong/Developer/summit/client/node_modules/jest-circus/build/runner.js:101:19)
    at runTestInternal (/Users/brianlong/Developer/summit/client/node_modules/jest-runner/build/testWorker.js:275:16)
    at runTest (/Users/brianlong/Developer/summit/client/node_modules/jest-runner/build/testWorker.js:343:7)
    at Object.worker (/Users/brianlong/Developer/summit/client/node_modules/jest-runner/build/testWorker.js:497:12)</failure>
      <failure>TypeError: performance.getEntriesByType is not a function
    at /Users/brianlong/Developer/summit/client/src/components/PerformanceMonitor.tsx:35:33
    at /Users/brianlong/Developer/summit/client/src/components/PerformanceMonitor.tsx:63:26
    at callTimer (/Users/brianlong/Developer/summit/client/node_modules/@sinonjs/fake-timers/src/fake-timers-src.js:806:24)
    at doTickInner (/Users/brianlong/Developer/summit/client/node_modules/@sinonjs/fake-timers/src/fake-timers-src.js:1413:29)
    at doTick (/Users/brianlong/Developer/summit/client/node_modules/@sinonjs/fake-timers/src/fake-timers-src.js:1494:20)
    at Object.tick (/Users/brianlong/Developer/summit/client/node_modules/@sinonjs/fake-timers/src/fake-timers-src.js:1502:20)
    at Object.runToLast (/Users/brianlong/Developer/summit/client/node_modules/@sinonjs/fake-timers/src/fake-timers-src.js:1661:26)
    at FakeTimers.runOnlyPendingTimers (/Users/brianlong/Developer/summit/client/node_modules/@jest/fake-timers/build/index.js:542:19)
    at Object.runOnlyPendingTimers (/Users/brianlong/Developer/summit/client/node_modules/jest-runtime/build/index.js:1804:52)
    at Object.&lt;anonymous&gt; (/Users/brianlong/Developer/summit/client/src/components/__tests__/PerformanceMonitor.test.tsx:58:10)
    at Promise.finally.completed (/Users/brianlong/Developer/summit/client/node_modules/jest-circus/build/jestAdapterInit.js:1556:28)
    at new Promise (&lt;anonymous&gt;)
    at callAsyncCircusFn (/Users/brianlong/Developer/summit/client/node_modules/jest-circus/build/jestAdapterInit.js:1496:10)
    at _callCircusHook (/Users/brianlong/Developer/summit/client/node_modules/jest-circus/build/jestAdapterInit.js:975:40)
    at processTicksAndRejections (node:internal/process/task_queues:95:5)
    at _runTest (/Users/brianlong/Developer/summit/client/node_modules/jest-circus/build/jestAdapterInit.js:948:5)
    at _runTestsForDescribeBlock (/Users/brianlong/Developer/summit/client/node_modules/jest-circus/build/jestAdapterInit.js:839:13)
    at _runTestsForDescribeBlock (/Users/brianlong/Developer/summit/client/node_modules/jest-circus/build/jestAdapterInit.js:829:11)
    at run (/Users/brianlong/Developer/summit/client/node_modules/jest-circus/build/jestAdapterInit.js:757:3)
    at runAndTransformResultsToJestFormat (/Users/brianlong/Developer/summit/client/node_modules/jest-circus/build/jestAdapterInit.js:1917:21)
    at jestAdapter (/Users/brianlong/Developer/summit/client/node_modules/jest-circus/build/runner.js:101:19)
    at runTestInternal (/Users/brianlong/Developer/summit/client/node_modules/jest-runner/build/testWorker.js:275:16)
    at runTest (/Users/brianlong/Developer/summit/client/node_modules/jest-runner/build/testWorker.js:343:7)
    at Object.worker (/Users/brianlong/Developer/summit/client/node_modules/jest-runner/build/testWorker.js:497:12)</failure>
    </testcase>
    <testcase classname="PerformanceMonitor" name="shows color indicators based on memory usage" time="0.084">
      <failure>TypeError: performance.getEntriesByType is not a function
    at /Users/brianlong/Developer/summit/client/src/components/PerformanceMonitor.tsx:35:33
    at /Users/brianlong/Developer/summit/client/src/components/PerformanceMonitor.tsx:78:28
    at commitHookEffectListMount (/Users/brianlong/Developer/summit/client/node_modules/react-dom/cjs/react-dom.development.js:23189:26)
    at commitPassiveMountOnFiber (/Users/brianlong/Developer/summit/client/node_modules/react-dom/cjs/react-dom.development.js:24970:11)
    at commitPassiveMountEffects_complete (/Users/brianlong/Developer/summit/client/node_modules/react-dom/cjs/react-dom.development.js:24930:9)
    at commitPassiveMountEffects_begin (/Users/brianlong/Developer/summit/client/node_modules/react-dom/cjs/react-dom.development.js:24917:7)
    at commitPassiveMountEffects (/Users/brianlong/Developer/summit/client/node_modules/react-dom/cjs/react-dom.development.js:24905:3)
    at flushPassiveEffectsImpl (/Users/brianlong/Developer/summit/client/node_modules/react-dom/cjs/react-dom.development.js:27078:3)
    at flushPassiveEffects (/Users/brianlong/Developer/summit/client/node_modules/react-dom/cjs/react-dom.development.js:27023:14)
    at /Users/brianlong/Developer/summit/client/node_modules/react-dom/cjs/react-dom.development.js:26808:9
    at flushActQueue (/Users/brianlong/Developer/summit/client/node_modules/react/cjs/react.development.js:2667:24)
    at act (/Users/brianlong/Developer/summit/client/node_modules/react/cjs/react.development.js:2582:11)
    at actWithWarning (/Users/brianlong/Developer/summit/client/node_modules/react-dom/cjs/react-dom-test-utils.development.js:1740:10)
    at /Users/brianlong/Developer/summit/client/node_modules/@testing-library/react/dist/act-compat.js:63:25
    at renderRoot (/Users/brianlong/Developer/summit/client/node_modules/@testing-library/react/dist/pure.js:159:26)
    at render (/Users/brianlong/Developer/summit/client/node_modules/@testing-library/react/dist/pure.js:246:10)
    at Object.&lt;anonymous&gt; (/Users/brianlong/Developer/summit/client/src/components/__tests__/PerformanceMonitor.test.tsx:156:32)
    at Promise.finally.completed (/Users/brianlong/Developer/summit/client/node_modules/jest-circus/build/jestAdapterInit.js:1556:28)
    at new Promise (&lt;anonymous&gt;)
    at callAsyncCircusFn (/Users/brianlong/Developer/summit/client/node_modules/jest-circus/build/jestAdapterInit.js:1496:10)
    at _callCircusTest (/Users/brianlong/Developer/summit/client/node_modules/jest-circus/build/jestAdapterInit.js:1006:40)
    at processTicksAndRejections (node:internal/process/task_queues:95:5)
    at _runTest (/Users/brianlong/Developer/summit/client/node_modules/jest-circus/build/jestAdapterInit.js:946:3)
    at _runTestsForDescribeBlock (/Users/brianlong/Developer/summit/client/node_modules/jest-circus/build/jestAdapterInit.js:839:13)
    at _runTestsForDescribeBlock (/Users/brianlong/Developer/summit/client/node_modules/jest-circus/build/jestAdapterInit.js:829:11)
    at run (/Users/brianlong/Developer/summit/client/node_modules/jest-circus/build/jestAdapterInit.js:757:3)
    at runAndTransformResultsToJestFormat (/Users/brianlong/Developer/summit/client/node_modules/jest-circus/build/jestAdapterInit.js:1917:21)
    at jestAdapter (/Users/brianlong/Developer/summit/client/node_modules/jest-circus/build/runner.js:101:19)
    at runTestInternal (/Users/brianlong/Developer/summit/client/node_modules/jest-runner/build/testWorker.js:275:16)
    at runTest (/Users/brianlong/Developer/summit/client/node_modules/jest-runner/build/testWorker.js:343:7)
    at Object.worker (/Users/brianlong/Developer/summit/client/node_modules/jest-runner/build/testWorker.js:497:12)</failure>
      <failure>TypeError: performance.getEntriesByType is not a function
    at /Users/brianlong/Developer/summit/client/src/components/PerformanceMonitor.tsx:35:33
    at /Users/brianlong/Developer/summit/client/src/components/PerformanceMonitor.tsx:63:26
    at callTimer (/Users/brianlong/Developer/summit/client/node_modules/@sinonjs/fake-timers/src/fake-timers-src.js:806:24)
    at doTickInner (/Users/brianlong/Developer/summit/client/node_modules/@sinonjs/fake-timers/src/fake-timers-src.js:1413:29)
    at doTick (/Users/brianlong/Developer/summit/client/node_modules/@sinonjs/fake-timers/src/fake-timers-src.js:1494:20)
    at Object.tick (/Users/brianlong/Developer/summit/client/node_modules/@sinonjs/fake-timers/src/fake-timers-src.js:1502:20)
    at Object.runToLast (/Users/brianlong/Developer/summit/client/node_modules/@sinonjs/fake-timers/src/fake-timers-src.js:1661:26)
    at FakeTimers.runOnlyPendingTimers (/Users/brianlong/Developer/summit/client/node_modules/@jest/fake-timers/build/index.js:542:19)
    at Object.runOnlyPendingTimers (/Users/brianlong/Developer/summit/client/node_modules/jest-runtime/build/index.js:1804:52)
    at Object.&lt;anonymous&gt; (/Users/brianlong/Developer/summit/client/src/components/__tests__/PerformanceMonitor.test.tsx:58:10)
    at Promise.finally.completed (/Users/brianlong/Developer/summit/client/node_modules/jest-circus/build/jestAdapterInit.js:1556:28)
    at new Promise (&lt;anonymous&gt;)
    at callAsyncCircusFn (/Users/brianlong/Developer/summit/client/node_modules/jest-circus/build/jestAdapterInit.js:1496:10)
    at _callCircusHook (/Users/brianlong/Developer/summit/client/node_modules/jest-circus/build/jestAdapterInit.js:975:40)
    at processTicksAndRejections (node:internal/process/task_queues:95:5)
    at _runTest (/Users/brianlong/Developer/summit/client/node_modules/jest-circus/build/jestAdapterInit.js:948:5)
    at _runTestsForDescribeBlock (/Users/brianlong/Developer/summit/client/node_modules/jest-circus/build/jestAdapterInit.js:839:13)
    at _runTestsForDescribeBlock (/Users/brianlong/Developer/summit/client/node_modules/jest-circus/build/jestAdapterInit.js:829:11)
    at run (/Users/brianlong/Developer/summit/client/node_modules/jest-circus/build/jestAdapterInit.js:757:3)
    at runAndTransformResultsToJestFormat (/Users/brianlong/Developer/summit/client/node_modules/jest-circus/build/jestAdapterInit.js:1917:21)
    at jestAdapter (/Users/brianlong/Developer/summit/client/node_modules/jest-circus/build/runner.js:101:19)
    at runTestInternal (/Users/brianlong/Developer/summit/client/node_modules/jest-runner/build/testWorker.js:275:16)
    at runTest (/Users/brianlong/Developer/summit/client/node_modules/jest-runner/build/testWorker.js:343:7)
    at Object.worker (/Users/brianlong/Developer/summit/client/node_modules/jest-runner/build/testWorker.js:497:12)</failure>
    </testcase>
    <testcase classname="PerformanceMonitor" name="closes detailed panel when close button clicked" time="0.025">
      <failure>TypeError: performance.getEntriesByType is not a function
    at /Users/brianlong/Developer/summit/client/src/components/PerformanceMonitor.tsx:35:33
    at /Users/brianlong/Developer/summit/client/src/components/PerformanceMonitor.tsx:78:28
    at commitHookEffectListMount (/Users/brianlong/Developer/summit/client/node_modules/react-dom/cjs/react-dom.development.js:23189:26)
    at commitPassiveMountOnFiber (/Users/brianlong/Developer/summit/client/node_modules/react-dom/cjs/react-dom.development.js:24970:11)
    at commitPassiveMountEffects_complete (/Users/brianlong/Developer/summit/client/node_modules/react-dom/cjs/react-dom.development.js:24930:9)
    at commitPassiveMountEffects_begin (/Users/brianlong/Developer/summit/client/node_modules/react-dom/cjs/react-dom.development.js:24917:7)
    at commitPassiveMountEffects (/Users/brianlong/Developer/summit/client/node_modules/react-dom/cjs/react-dom.development.js:24905:3)
    at flushPassiveEffectsImpl (/Users/brianlong/Developer/summit/client/node_modules/react-dom/cjs/react-dom.development.js:27078:3)
    at flushPassiveEffects (/Users/brianlong/Developer/summit/client/node_modules/react-dom/cjs/react-dom.development.js:27023:14)
    at /Users/brianlong/Developer/summit/client/node_modules/react-dom/cjs/react-dom.development.js:26808:9
    at flushActQueue (/Users/brianlong/Developer/summit/client/node_modules/react/cjs/react.development.js:2667:24)
    at act (/Users/brianlong/Developer/summit/client/node_modules/react/cjs/react.development.js:2582:11)
    at actWithWarning (/Users/brianlong/Developer/summit/client/node_modules/react-dom/cjs/react-dom-test-utils.development.js:1740:10)
    at /Users/brianlong/Developer/summit/client/node_modules/@testing-library/react/dist/act-compat.js:63:25
    at renderRoot (/Users/brianlong/Developer/summit/client/node_modules/@testing-library/react/dist/pure.js:159:26)
    at render (/Users/brianlong/Developer/summit/client/node_modules/@testing-library/react/dist/pure.js:246:10)
    at Object.&lt;anonymous&gt; (/Users/brianlong/Developer/summit/client/src/components/__tests__/PerformanceMonitor.test.tsx:180:11)
    at Promise.finally.completed (/Users/brianlong/Developer/summit/client/node_modules/jest-circus/build/jestAdapterInit.js:1556:28)
    at new Promise (&lt;anonymous&gt;)
    at callAsyncCircusFn (/Users/brianlong/Developer/summit/client/node_modules/jest-circus/build/jestAdapterInit.js:1496:10)
    at _callCircusTest (/Users/brianlong/Developer/summit/client/node_modules/jest-circus/build/jestAdapterInit.js:1006:40)
    at processTicksAndRejections (node:internal/process/task_queues:95:5)
    at _runTest (/Users/brianlong/Developer/summit/client/node_modules/jest-circus/build/jestAdapterInit.js:946:3)
    at _runTestsForDescribeBlock (/Users/brianlong/Developer/summit/client/node_modules/jest-circus/build/jestAdapterInit.js:839:13)
    at _runTestsForDescribeBlock (/Users/brianlong/Developer/summit/client/node_modules/jest-circus/build/jestAdapterInit.js:829:11)
    at run (/Users/brianlong/Developer/summit/client/node_modules/jest-circus/build/jestAdapterInit.js:757:3)
    at runAndTransformResultsToJestFormat (/Users/brianlong/Developer/summit/client/node_modules/jest-circus/build/jestAdapterInit.js:1917:21)
    at jestAdapter (/Users/brianlong/Developer/summit/client/node_modules/jest-circus/build/runner.js:101:19)
    at runTestInternal (/Users/brianlong/Developer/summit/client/node_modules/jest-runner/build/testWorker.js:275:16)
    at runTest (/Users/brianlong/Developer/summit/client/node_modules/jest-runner/build/testWorker.js:343:7)
    at Object.worker (/Users/brianlong/Developer/summit/client/node_modules/jest-runner/build/testWorker.js:497:12)</failure>
      <failure>TypeError: performance.getEntriesByType is not a function
    at /Users/brianlong/Developer/summit/client/src/components/PerformanceMonitor.tsx:35:33
    at /Users/brianlong/Developer/summit/client/src/components/PerformanceMonitor.tsx:63:26
    at callTimer (/Users/brianlong/Developer/summit/client/node_modules/@sinonjs/fake-timers/src/fake-timers-src.js:806:24)
    at doTickInner (/Users/brianlong/Developer/summit/client/node_modules/@sinonjs/fake-timers/src/fake-timers-src.js:1413:29)
    at doTick (/Users/brianlong/Developer/summit/client/node_modules/@sinonjs/fake-timers/src/fake-timers-src.js:1494:20)
    at Object.tick (/Users/brianlong/Developer/summit/client/node_modules/@sinonjs/fake-timers/src/fake-timers-src.js:1502:20)
    at Object.runToLast (/Users/brianlong/Developer/summit/client/node_modules/@sinonjs/fake-timers/src/fake-timers-src.js:1661:26)
    at FakeTimers.runOnlyPendingTimers (/Users/brianlong/Developer/summit/client/node_modules/@jest/fake-timers/build/index.js:542:19)
    at Object.runOnlyPendingTimers (/Users/brianlong/Developer/summit/client/node_modules/jest-runtime/build/index.js:1804:52)
    at Object.&lt;anonymous&gt; (/Users/brianlong/Developer/summit/client/src/components/__tests__/PerformanceMonitor.test.tsx:58:10)
    at Promise.finally.completed (/Users/brianlong/Developer/summit/client/node_modules/jest-circus/build/jestAdapterInit.js:1556:28)
    at new Promise (&lt;anonymous&gt;)
    at callAsyncCircusFn (/Users/brianlong/Developer/summit/client/node_modules/jest-circus/build/jestAdapterInit.js:1496:10)
    at _callCircusHook (/Users/brianlong/Developer/summit/client/node_modules/jest-circus/build/jestAdapterInit.js:975:40)
    at processTicksAndRejections (node:internal/process/task_queues:95:5)
    at _runTest (/Users/brianlong/Developer/summit/client/node_modules/jest-circus/build/jestAdapterInit.js:948:5)
    at _runTestsForDescribeBlock (/Users/brianlong/Developer/summit/client/node_modules/jest-circus/build/jestAdapterInit.js:839:13)
    at _runTestsForDescribeBlock (/Users/brianlong/Developer/summit/client/node_modules/jest-circus/build/jestAdapterInit.js:829:11)
    at run (/Users/brianlong/Developer/summit/client/node_modules/jest-circus/build/jestAdapterInit.js:757:3)
    at runAndTransformResultsToJestFormat (/Users/brianlong/Developer/summit/client/node_modules/jest-circus/build/jestAdapterInit.js:1917:21)
    at jestAdapter (/Users/brianlong/Developer/summit/client/node_modules/jest-circus/build/runner.js:101:19)
    at runTestInternal (/Users/brianlong/Developer/summit/client/node_modules/jest-runner/build/testWorker.js:275:16)
    at runTest (/Users/brianlong/Developer/summit/client/node_modules/jest-runner/build/testWorker.js:343:7)
    at Object.worker (/Users/brianlong/Developer/summit/client/node_modules/jest-runner/build/testWorker.js:497:12)</failure>
    </testcase>
    <testcase classname="PerformanceMonitor" name="shows average metrics when available" time="0.006">
      <failure>TypeError: performance.getEntriesByType is not a function
    at /Users/brianlong/Developer/summit/client/src/components/PerformanceMonitor.tsx:35:33
    at /Users/brianlong/Developer/summit/client/src/components/PerformanceMonitor.tsx:78:28
    at commitHookEffectListMount (/Users/brianlong/Developer/summit/client/node_modules/react-dom/cjs/react-dom.development.js:23189:26)
    at commitPassiveMountOnFiber (/Users/brianlong/Developer/summit/client/node_modules/react-dom/cjs/react-dom.development.js:24970:11)
    at commitPassiveMountEffects_complete (/Users/brianlong/Developer/summit/client/node_modules/react-dom/cjs/react-dom.development.js:24930:9)
    at commitPassiveMountEffects_begin (/Users/brianlong/Developer/summit/client/node_modules/react-dom/cjs/react-dom.development.js:24917:7)
    at commitPassiveMountEffects (/Users/brianlong/Developer/summit/client/node_modules/react-dom/cjs/react-dom.development.js:24905:3)
    at flushPassiveEffectsImpl (/Users/brianlong/Developer/summit/client/node_modules/react-dom/cjs/react-dom.development.js:27078:3)
    at flushPassiveEffects (/Users/brianlong/Developer/summit/client/node_modules/react-dom/cjs/react-dom.development.js:27023:14)
    at /Users/brianlong/Developer/summit/client/node_modules/react-dom/cjs/react-dom.development.js:26808:9
    at flushActQueue (/Users/brianlong/Developer/summit/client/node_modules/react/cjs/react.development.js:2667:24)
    at act (/Users/brianlong/Developer/summit/client/node_modules/react/cjs/react.development.js:2582:11)
    at actWithWarning (/Users/brianlong/Developer/summit/client/node_modules/react-dom/cjs/react-dom-test-utils.development.js:1740:10)
    at /Users/brianlong/Developer/summit/client/node_modules/@testing-library/react/dist/act-compat.js:63:25
    at renderRoot (/Users/brianlong/Developer/summit/client/node_modules/@testing-library/react/dist/pure.js:159:26)
    at render (/Users/brianlong/Developer/summit/client/node_modules/@testing-library/react/dist/pure.js:246:10)
    at Object.&lt;anonymous&gt; (/Users/brianlong/Developer/summit/client/src/components/__tests__/PerformanceMonitor.test.tsx:196:11)
    at Promise.finally.completed (/Users/brianlong/Developer/summit/client/node_modules/jest-circus/build/jestAdapterInit.js:1556:28)
    at new Promise (&lt;anonymous&gt;)
    at callAsyncCircusFn (/Users/brianlong/Developer/summit/client/node_modules/jest-circus/build/jestAdapterInit.js:1496:10)
    at _callCircusTest (/Users/brianlong/Developer/summit/client/node_modules/jest-circus/build/jestAdapterInit.js:1006:40)
    at processTicksAndRejections (node:internal/process/task_queues:95:5)
    at _runTest (/Users/brianlong/Developer/summit/client/node_modules/jest-circus/build/jestAdapterInit.js:946:3)
    at _runTestsForDescribeBlock (/Users/brianlong/Developer/summit/client/node_modules/jest-circus/build/jestAdapterInit.js:839:13)
    at _runTestsForDescribeBlock (/Users/brianlong/Developer/summit/client/node_modules/jest-circus/build/jestAdapterInit.js:829:11)
    at run (/Users/brianlong/Developer/summit/client/node_modules/jest-circus/build/jestAdapterInit.js:757:3)
    at runAndTransformResultsToJestFormat (/Users/brianlong/Developer/summit/client/node_modules/jest-circus/build/jestAdapterInit.js:1917:21)
    at jestAdapter (/Users/brianlong/Developer/summit/client/node_modules/jest-circus/build/runner.js:101:19)
    at runTestInternal (/Users/brianlong/Developer/summit/client/node_modules/jest-runner/build/testWorker.js:275:16)
    at runTest (/Users/brianlong/Developer/summit/client/node_modules/jest-runner/build/testWorker.js:343:7)
    at Object.worker (/Users/brianlong/Developer/summit/client/node_modules/jest-runner/build/testWorker.js:497:12)</failure>
      <failure>TypeError: performance.getEntriesByType is not a function
    at /Users/brianlong/Developer/summit/client/src/components/PerformanceMonitor.tsx:35:33
    at /Users/brianlong/Developer/summit/client/src/components/PerformanceMonitor.tsx:63:26
    at callTimer (/Users/brianlong/Developer/summit/client/node_modules/@sinonjs/fake-timers/src/fake-timers-src.js:806:24)
    at doTickInner (/Users/brianlong/Developer/summit/client/node_modules/@sinonjs/fake-timers/src/fake-timers-src.js:1413:29)
    at doTick (/Users/brianlong/Developer/summit/client/node_modules/@sinonjs/fake-timers/src/fake-timers-src.js:1494:20)
    at Object.tick (/Users/brianlong/Developer/summit/client/node_modules/@sinonjs/fake-timers/src/fake-timers-src.js:1502:20)
    at Object.runToLast (/Users/brianlong/Developer/summit/client/node_modules/@sinonjs/fake-timers/src/fake-timers-src.js:1661:26)
    at FakeTimers.runOnlyPendingTimers (/Users/brianlong/Developer/summit/client/node_modules/@jest/fake-timers/build/index.js:542:19)
    at Object.runOnlyPendingTimers (/Users/brianlong/Developer/summit/client/node_modules/jest-runtime/build/index.js:1804:52)
    at Object.&lt;anonymous&gt; (/Users/brianlong/Developer/summit/client/src/components/__tests__/PerformanceMonitor.test.tsx:58:10)
    at Promise.finally.completed (/Users/brianlong/Developer/summit/client/node_modules/jest-circus/build/jestAdapterInit.js:1556:28)
    at new Promise (&lt;anonymous&gt;)
    at callAsyncCircusFn (/Users/brianlong/Developer/summit/client/node_modules/jest-circus/build/jestAdapterInit.js:1496:10)
    at _callCircusHook (/Users/brianlong/Developer/summit/client/node_modules/jest-circus/build/jestAdapterInit.js:975:40)
    at processTicksAndRejections (node:internal/process/task_queues:95:5)
    at _runTest (/Users/brianlong/Developer/summit/client/node_modules/jest-circus/build/jestAdapterInit.js:948:5)
    at _runTestsForDescribeBlock (/Users/brianlong/Developer/summit/client/node_modules/jest-circus/build/jestAdapterInit.js:839:13)
    at _runTestsForDescribeBlock (/Users/brianlong/Developer/summit/client/node_modules/jest-circus/build/jestAdapterInit.js:829:11)
    at run (/Users/brianlong/Developer/summit/client/node_modules/jest-circus/build/jestAdapterInit.js:757:3)
    at runAndTransformResultsToJestFormat (/Users/brianlong/Developer/summit/client/node_modules/jest-circus/build/jestAdapterInit.js:1917:21)
    at jestAdapter (/Users/brianlong/Developer/summit/client/node_modules/jest-circus/build/runner.js:101:19)
    at runTestInternal (/Users/brianlong/Developer/summit/client/node_modules/jest-runner/build/testWorker.js:275:16)
    at runTest (/Users/brianlong/Developer/summit/client/node_modules/jest-runner/build/testWorker.js:343:7)
    at Object.worker (/Users/brianlong/Developer/summit/client/node_modules/jest-runner/build/testWorker.js:497:12)</failure>
    </testcase>
    <testcase classname="PerformanceMonitor" name="handles missing performance.memory gracefully" time="0.004">
      <failure>TypeError: performance.getEntriesByType is not a function
    at /Users/brianlong/Developer/summit/client/src/components/PerformanceMonitor.tsx:35:33
    at /Users/brianlong/Developer/summit/client/src/components/PerformanceMonitor.tsx:78:28
    at commitHookEffectListMount (/Users/brianlong/Developer/summit/client/node_modules/react-dom/cjs/react-dom.development.js:23189:26)
    at commitPassiveMountOnFiber (/Users/brianlong/Developer/summit/client/node_modules/react-dom/cjs/react-dom.development.js:24970:11)
    at commitPassiveMountEffects_complete (/Users/brianlong/Developer/summit/client/node_modules/react-dom/cjs/react-dom.development.js:24930:9)
    at commitPassiveMountEffects_begin (/Users/brianlong/Developer/summit/client/node_modules/react-dom/cjs/react-dom.development.js:24917:7)
    at commitPassiveMountEffects (/Users/brianlong/Developer/summit/client/node_modules/react-dom/cjs/react-dom.development.js:24905:3)
    at flushPassiveEffectsImpl (/Users/brianlong/Developer/summit/client/node_modules/react-dom/cjs/react-dom.development.js:27078:3)
    at flushPassiveEffects (/Users/brianlong/Developer/summit/client/node_modules/react-dom/cjs/react-dom.development.js:27023:14)
    at /Users/brianlong/Developer/summit/client/node_modules/react-dom/cjs/react-dom.development.js:26808:9
    at flushActQueue (/Users/brianlong/Developer/summit/client/node_modules/react/cjs/react.development.js:2667:24)
    at act (/Users/brianlong/Developer/summit/client/node_modules/react/cjs/react.development.js:2582:11)
    at actWithWarning (/Users/brianlong/Developer/summit/client/node_modules/react-dom/cjs/react-dom-test-utils.development.js:1740:10)
    at /Users/brianlong/Developer/summit/client/node_modules/@testing-library/react/dist/act-compat.js:63:25
    at renderRoot (/Users/brianlong/Developer/summit/client/node_modules/@testing-library/react/dist/pure.js:159:26)
    at render (/Users/brianlong/Developer/summit/client/node_modules/@testing-library/react/dist/pure.js:246:10)
    at Object.&lt;anonymous&gt; (/Users/brianlong/Developer/summit/client/src/components/__tests__/PerformanceMonitor.test.tsx:221:11)
    at Promise.finally.completed (/Users/brianlong/Developer/summit/client/node_modules/jest-circus/build/jestAdapterInit.js:1556:28)
    at new Promise (&lt;anonymous&gt;)
    at callAsyncCircusFn (/Users/brianlong/Developer/summit/client/node_modules/jest-circus/build/jestAdapterInit.js:1496:10)
    at _callCircusTest (/Users/brianlong/Developer/summit/client/node_modules/jest-circus/build/jestAdapterInit.js:1006:40)
    at processTicksAndRejections (node:internal/process/task_queues:95:5)
    at _runTest (/Users/brianlong/Developer/summit/client/node_modules/jest-circus/build/jestAdapterInit.js:946:3)
    at _runTestsForDescribeBlock (/Users/brianlong/Developer/summit/client/node_modules/jest-circus/build/jestAdapterInit.js:839:13)
    at _runTestsForDescribeBlock (/Users/brianlong/Developer/summit/client/node_modules/jest-circus/build/jestAdapterInit.js:829:11)
    at run (/Users/brianlong/Developer/summit/client/node_modules/jest-circus/build/jestAdapterInit.js:757:3)
    at runAndTransformResultsToJestFormat (/Users/brianlong/Developer/summit/client/node_modules/jest-circus/build/jestAdapterInit.js:1917:21)
    at jestAdapter (/Users/brianlong/Developer/summit/client/node_modules/jest-circus/build/runner.js:101:19)
    at runTestInternal (/Users/brianlong/Developer/summit/client/node_modules/jest-runner/build/testWorker.js:275:16)
    at runTest (/Users/brianlong/Developer/summit/client/node_modules/jest-runner/build/testWorker.js:343:7)
    at Object.worker (/Users/brianlong/Developer/summit/client/node_modules/jest-runner/build/testWorker.js:497:12)</failure>
      <failure>TypeError: performance.getEntriesByType is not a function
    at /Users/brianlong/Developer/summit/client/src/components/PerformanceMonitor.tsx:35:33
    at /Users/brianlong/Developer/summit/client/src/components/PerformanceMonitor.tsx:63:26
    at callTimer (/Users/brianlong/Developer/summit/client/node_modules/@sinonjs/fake-timers/src/fake-timers-src.js:806:24)
    at doTickInner (/Users/brianlong/Developer/summit/client/node_modules/@sinonjs/fake-timers/src/fake-timers-src.js:1413:29)
    at doTick (/Users/brianlong/Developer/summit/client/node_modules/@sinonjs/fake-timers/src/fake-timers-src.js:1494:20)
    at Object.tick (/Users/brianlong/Developer/summit/client/node_modules/@sinonjs/fake-timers/src/fake-timers-src.js:1502:20)
    at Object.runToLast (/Users/brianlong/Developer/summit/client/node_modules/@sinonjs/fake-timers/src/fake-timers-src.js:1661:26)
    at FakeTimers.runOnlyPendingTimers (/Users/brianlong/Developer/summit/client/node_modules/@jest/fake-timers/build/index.js:542:19)
    at Object.runOnlyPendingTimers (/Users/brianlong/Developer/summit/client/node_modules/jest-runtime/build/index.js:1804:52)
    at Object.&lt;anonymous&gt; (/Users/brianlong/Developer/summit/client/src/components/__tests__/PerformanceMonitor.test.tsx:58:10)
    at Promise.finally.completed (/Users/brianlong/Developer/summit/client/node_modules/jest-circus/build/jestAdapterInit.js:1556:28)
    at new Promise (&lt;anonymous&gt;)
    at callAsyncCircusFn (/Users/brianlong/Developer/summit/client/node_modules/jest-circus/build/jestAdapterInit.js:1496:10)
    at _callCircusHook (/Users/brianlong/Developer/summit/client/node_modules/jest-circus/build/jestAdapterInit.js:975:40)
    at processTicksAndRejections (node:internal/process/task_queues:95:5)
    at _runTest (/Users/brianlong/Developer/summit/client/node_modules/jest-circus/build/jestAdapterInit.js:948:5)
    at _runTestsForDescribeBlock (/Users/brianlong/Developer/summit/client/node_modules/jest-circus/build/jestAdapterInit.js:839:13)
    at _runTestsForDescribeBlock (/Users/brianlong/Developer/summit/client/node_modules/jest-circus/build/jestAdapterInit.js:829:11)
    at run (/Users/brianlong/Developer/summit/client/node_modules/jest-circus/build/jestAdapterInit.js:757:3)
    at runAndTransformResultsToJestFormat (/Users/brianlong/Developer/summit/client/node_modules/jest-circus/build/jestAdapterInit.js:1917:21)
    at jestAdapter (/Users/brianlong/Developer/summit/client/node_modules/jest-circus/build/runner.js:101:19)
    at runTestInternal (/Users/brianlong/Developer/summit/client/node_modules/jest-runner/build/testWorker.js:275:16)
    at runTest (/Users/brianlong/Developer/summit/client/node_modules/jest-runner/build/testWorker.js:343:7)
    at Object.worker (/Users/brianlong/Developer/summit/client/node_modules/jest-runner/build/testWorker.js:497:12)</failure>
    </testcase>
    <testcase classname="usePerformanceTracking" name="trackRender creates performance marks and measures" time="0.017">
      <failure>Error: expect(received).toHaveBeenCalledWith(...expected)

Matcher error: received value must be a mock or spy function

Received has type:  function
Received has value: [Function anonymous]
    at Object.&lt;anonymous&gt; (/Users/brianlong/Developer/summit/client/src/components/__tests__/PerformanceMonitor.test.tsx:251:30)
    at Promise.finally.completed (/Users/brianlong/Developer/summit/client/node_modules/jest-circus/build/jestAdapterInit.js:1556:28)
    at new Promise (&lt;anonymous&gt;)
    at callAsyncCircusFn (/Users/brianlong/Developer/summit/client/node_modules/jest-circus/build/jestAdapterInit.js:1496:10)
    at _callCircusTest (/Users/brianlong/Developer/summit/client/node_modules/jest-circus/build/jestAdapterInit.js:1006:40)
    at processTicksAndRejections (node:internal/process/task_queues:95:5)
    at _runTest (/Users/brianlong/Developer/summit/client/node_modules/jest-circus/build/jestAdapterInit.js:946:3)
    at _runTestsForDescribeBlock (/Users/brianlong/Developer/summit/client/node_modules/jest-circus/build/jestAdapterInit.js:839:13)
    at _runTestsForDescribeBlock (/Users/brianlong/Developer/summit/client/node_modules/jest-circus/build/jestAdapterInit.js:829:11)
    at run (/Users/brianlong/Developer/summit/client/node_modules/jest-circus/build/jestAdapterInit.js:757:3)
    at runAndTransformResultsToJestFormat (/Users/brianlong/Developer/summit/client/node_modules/jest-circus/build/jestAdapterInit.js:1917:21)
    at jestAdapter (/Users/brianlong/Developer/summit/client/node_modules/jest-circus/build/runner.js:101:19)
    at runTestInternal (/Users/brianlong/Developer/summit/client/node_modules/jest-runner/build/testWorker.js:275:16)
    at runTest (/Users/brianlong/Developer/summit/client/node_modules/jest-runner/build/testWorker.js:343:7)
    at Object.worker (/Users/brianlong/Developer/summit/client/node_modules/jest-runner/build/testWorker.js:497:12)</failure>
    </testcase>
    <testcase classname="usePerformanceTracking" name="trackError increments error counter and logs" time="0.002">
    </testcase>
    <testcase classname="PerformanceMonitor Integration" name="works with real performance data" time="0.002">
      <failure>TypeError: performance.getEntriesByType is not a function
    at /Users/brianlong/Developer/summit/client/src/components/PerformanceMonitor.tsx:35:33
    at /Users/brianlong/Developer/summit/client/src/components/PerformanceMonitor.tsx:78:28
    at commitHookEffectListMount (/Users/brianlong/Developer/summit/client/node_modules/react-dom/cjs/react-dom.development.js:23189:26)
    at commitPassiveMountOnFiber (/Users/brianlong/Developer/summit/client/node_modules/react-dom/cjs/react-dom.development.js:24970:11)
    at commitPassiveMountEffects_complete (/Users/brianlong/Developer/summit/client/node_modules/react-dom/cjs/react-dom.development.js:24930:9)
    at commitPassiveMountEffects_begin (/Users/brianlong/Developer/summit/client/node_modules/react-dom/cjs/react-dom.development.js:24917:7)
    at commitPassiveMountEffects (/Users/brianlong/Developer/summit/client/node_modules/react-dom/cjs/react-dom.development.js:24905:3)
    at flushPassiveEffectsImpl (/Users/brianlong/Developer/summit/client/node_modules/react-dom/cjs/react-dom.development.js:27078:3)
    at flushPassiveEffects (/Users/brianlong/Developer/summit/client/node_modules/react-dom/cjs/react-dom.development.js:27023:14)
    at /Users/brianlong/Developer/summit/client/node_modules/react-dom/cjs/react-dom.development.js:26808:9
    at flushActQueue (/Users/brianlong/Developer/summit/client/node_modules/react/cjs/react.development.js:2667:24)
    at act (/Users/brianlong/Developer/summit/client/node_modules/react/cjs/react.development.js:2582:11)
    at actWithWarning (/Users/brianlong/Developer/summit/client/node_modules/react-dom/cjs/react-dom-test-utils.development.js:1740:10)
    at /Users/brianlong/Developer/summit/client/node_modules/@testing-library/react/dist/act-compat.js:63:25
    at renderRoot (/Users/brianlong/Developer/summit/client/node_modules/@testing-library/react/dist/pure.js:159:26)
    at render (/Users/brianlong/Developer/summit/client/node_modules/@testing-library/react/dist/pure.js:246:10)
    at Object.&lt;anonymous&gt; (/Users/brianlong/Developer/summit/client/src/components/__tests__/PerformanceMonitor.test.tsx:306:11)
    at Promise.finally.completed (/Users/brianlong/Developer/summit/client/node_modules/jest-circus/build/jestAdapterInit.js:1556:28)
    at new Promise (&lt;anonymous&gt;)
    at callAsyncCircusFn (/Users/brianlong/Developer/summit/client/node_modules/jest-circus/build/jestAdapterInit.js:1496:10)
    at _callCircusTest (/Users/brianlong/Developer/summit/client/node_modules/jest-circus/build/jestAdapterInit.js:1006:40)
    at processTicksAndRejections (node:internal/process/task_queues:95:5)
    at _runTest (/Users/brianlong/Developer/summit/client/node_modules/jest-circus/build/jestAdapterInit.js:946:3)
    at _runTestsForDescribeBlock (/Users/brianlong/Developer/summit/client/node_modules/jest-circus/build/jestAdapterInit.js:839:13)
    at _runTestsForDescribeBlock (/Users/brianlong/Developer/summit/client/node_modules/jest-circus/build/jestAdapterInit.js:829:11)
    at run (/Users/brianlong/Developer/summit/client/node_modules/jest-circus/build/jestAdapterInit.js:757:3)
    at runAndTransformResultsToJestFormat (/Users/brianlong/Developer/summit/client/node_modules/jest-circus/build/jestAdapterInit.js:1917:21)
    at jestAdapter (/Users/brianlong/Developer/summit/client/node_modules/jest-circus/build/runner.js:101:19)
    at runTestInternal (/Users/brianlong/Developer/summit/client/node_modules/jest-runner/build/testWorker.js:275:16)
    at runTest (/Users/brianlong/Developer/summit/client/node_modules/jest-runner/build/testWorker.js:343:7)
    at Object.worker (/Users/brianlong/Developer/summit/client/node_modules/jest-runner/build/testWorker.js:497:12)</failure>
    </testcase>
    <testcase classname="PerformanceMonitor Integration" name="handles performance API not available" time="0.021">
    </testcase>
    <testcase classname="PerformanceMonitor Performance" name="does not cause memory leaks with many samples" time="0.007">
      <failure>TypeError: performance.getEntriesByType is not a function
    at /Users/brianlong/Developer/summit/client/src/components/PerformanceMonitor.tsx:35:33
    at /Users/brianlong/Developer/summit/client/src/components/PerformanceMonitor.tsx:78:28
    at commitHookEffectListMount (/Users/brianlong/Developer/summit/client/node_modules/react-dom/cjs/react-dom.development.js:23189:26)
    at commitPassiveMountOnFiber (/Users/brianlong/Developer/summit/client/node_modules/react-dom/cjs/react-dom.development.js:24970:11)
    at commitPassiveMountEffects_complete (/Users/brianlong/Developer/summit/client/node_modules/react-dom/cjs/react-dom.development.js:24930:9)
    at commitPassiveMountEffects_begin (/Users/brianlong/Developer/summit/client/node_modules/react-dom/cjs/react-dom.development.js:24917:7)
    at commitPassiveMountEffects (/Users/brianlong/Developer/summit/client/node_modules/react-dom/cjs/react-dom.development.js:24905:3)
    at flushPassiveEffectsImpl (/Users/brianlong/Developer/summit/client/node_modules/react-dom/cjs/react-dom.development.js:27078:3)
    at flushPassiveEffects (/Users/brianlong/Developer/summit/client/node_modules/react-dom/cjs/react-dom.development.js:27023:14)
    at /Users/brianlong/Developer/summit/client/node_modules/react-dom/cjs/react-dom.development.js:26808:9
    at flushActQueue (/Users/brianlong/Developer/summit/client/node_modules/react/cjs/react.development.js:2667:24)
    at act (/Users/brianlong/Developer/summit/client/node_modules/react/cjs/react.development.js:2582:11)
    at actWithWarning (/Users/brianlong/Developer/summit/client/node_modules/react-dom/cjs/react-dom-test-utils.development.js:1740:10)
    at /Users/brianlong/Developer/summit/client/node_modules/@testing-library/react/dist/act-compat.js:63:25
    at renderRoot (/Users/brianlong/Developer/summit/client/node_modules/@testing-library/react/dist/pure.js:159:26)
    at render (/Users/brianlong/Developer/summit/client/node_modules/@testing-library/react/dist/pure.js:246:10)
    at Object.&lt;anonymous&gt; (/Users/brianlong/Developer/summit/client/src/components/__tests__/PerformanceMonitor.test.tsx:349:11)
    at Promise.finally.completed (/Users/brianlong/Developer/summit/client/node_modules/jest-circus/build/jestAdapterInit.js:1556:28)
    at new Promise (&lt;anonymous&gt;)
    at callAsyncCircusFn (/Users/brianlong/Developer/summit/client/node_modules/jest-circus/build/jestAdapterInit.js:1496:10)
    at _callCircusTest (/Users/brianlong/Developer/summit/client/node_modules/jest-circus/build/jestAdapterInit.js:1006:40)
    at processTicksAndRejections (node:internal/process/task_queues:95:5)
    at _runTest (/Users/brianlong/Developer/summit/client/node_modules/jest-circus/build/jestAdapterInit.js:946:3)
    at _runTestsForDescribeBlock (/Users/brianlong/Developer/summit/client/node_modules/jest-circus/build/jestAdapterInit.js:839:13)
    at _runTestsForDescribeBlock (/Users/brianlong/Developer/summit/client/node_modules/jest-circus/build/jestAdapterInit.js:829:11)
    at run (/Users/brianlong/Developer/summit/client/node_modules/jest-circus/build/jestAdapterInit.js:757:3)
    at runAndTransformResultsToJestFormat (/Users/brianlong/Developer/summit/client/node_modules/jest-circus/build/jestAdapterInit.js:1917:21)
    at jestAdapter (/Users/brianlong/Developer/summit/client/node_modules/jest-circus/build/runner.js:101:19)
    at runTestInternal (/Users/brianlong/Developer/summit/client/node_modules/jest-runner/build/testWorker.js:275:16)
    at runTest (/Users/brianlong/Developer/summit/client/node_modules/jest-runner/build/testWorker.js:343:7)
    at Object.worker (/Users/brianlong/Developer/summit/client/node_modules/jest-runner/build/testWorker.js:497:12)</failure>
    </testcase>
    <testcase classname="PerformanceMonitor Performance" name="cleans up interval on unmount" time="0.005">
      <failure>TypeError: performance.getEntriesByType is not a function
    at /Users/brianlong/Developer/summit/client/src/components/PerformanceMonitor.tsx:35:33
    at /Users/brianlong/Developer/summit/client/src/components/PerformanceMonitor.tsx:78:28
    at commitHookEffectListMount (/Users/brianlong/Developer/summit/client/node_modules/react-dom/cjs/react-dom.development.js:23189:26)
    at commitPassiveMountOnFiber (/Users/brianlong/Developer/summit/client/node_modules/react-dom/cjs/react-dom.development.js:24970:11)
    at commitPassiveMountEffects_complete (/Users/brianlong/Developer/summit/client/node_modules/react-dom/cjs/react-dom.development.js:24930:9)
    at commitPassiveMountEffects_begin (/Users/brianlong/Developer/summit/client/node_modules/react-dom/cjs/react-dom.development.js:24917:7)
    at commitPassiveMountEffects (/Users/brianlong/Developer/summit/client/node_modules/react-dom/cjs/react-dom.development.js:24905:3)
    at flushPassiveEffectsImpl (/Users/brianlong/Developer/summit/client/node_modules/react-dom/cjs/react-dom.development.js:27078:3)
    at flushPassiveEffects (/Users/brianlong/Developer/summit/client/node_modules/react-dom/cjs/react-dom.development.js:27023:14)
    at /Users/brianlong/Developer/summit/client/node_modules/react-dom/cjs/react-dom.development.js:26808:9
    at flushActQueue (/Users/brianlong/Developer/summit/client/node_modules/react/cjs/react.development.js:2667:24)
    at act (/Users/brianlong/Developer/summit/client/node_modules/react/cjs/react.development.js:2582:11)
    at actWithWarning (/Users/brianlong/Developer/summit/client/node_modules/react-dom/cjs/react-dom-test-utils.development.js:1740:10)
    at /Users/brianlong/Developer/summit/client/node_modules/@testing-library/react/dist/act-compat.js:63:25
    at renderRoot (/Users/brianlong/Developer/summit/client/node_modules/@testing-library/react/dist/pure.js:159:26)
    at render (/Users/brianlong/Developer/summit/client/node_modules/@testing-library/react/dist/pure.js:246:10)
    at Object.&lt;anonymous&gt; (/Users/brianlong/Developer/summit/client/src/components/__tests__/PerformanceMonitor.test.tsx:369:31)
    at Promise.finally.completed (/Users/brianlong/Developer/summit/client/node_modules/jest-circus/build/jestAdapterInit.js:1556:28)
    at new Promise (&lt;anonymous&gt;)
    at callAsyncCircusFn (/Users/brianlong/Developer/summit/client/node_modules/jest-circus/build/jestAdapterInit.js:1496:10)
    at _callCircusTest (/Users/brianlong/Developer/summit/client/node_modules/jest-circus/build/jestAdapterInit.js:1006:40)
    at processTicksAndRejections (node:internal/process/task_queues:95:5)
    at _runTest (/Users/brianlong/Developer/summit/client/node_modules/jest-circus/build/jestAdapterInit.js:946:3)
    at _runTestsForDescribeBlock (/Users/brianlong/Developer/summit/client/node_modules/jest-circus/build/jestAdapterInit.js:839:13)
    at _runTestsForDescribeBlock (/Users/brianlong/Developer/summit/client/node_modules/jest-circus/build/jestAdapterInit.js:829:11)
    at run (/Users/brianlong/Developer/summit/client/node_modules/jest-circus/build/jestAdapterInit.js:757:3)
    at runAndTransformResultsToJestFormat (/Users/brianlong/Developer/summit/client/node_modules/jest-circus/build/jestAdapterInit.js:1917:21)
    at jestAdapter (/Users/brianlong/Developer/summit/client/node_modules/jest-circus/build/runner.js:101:19)
    at runTestInternal (/Users/brianlong/Developer/summit/client/node_modules/jest-runner/build/testWorker.js:275:16)
    at runTest (/Users/brianlong/Developer/summit/client/node_modules/jest-runner/build/testWorker.js:343:7)
    at Object.worker (/Users/brianlong/Developer/summit/client/node_modules/jest-runner/build/testWorker.js:497:12)</failure>
    </testcase>
  </testsuite>
  <testsuite name="ToastContainer" errors="0" failures="0" skipped="0" timestamp="2025-10-16T15:51:57" time="4.063" tests="16">
    <testcase classname="ToastContainer" name="renders toast provider without errors" time="0.061">
    </testcase>
    <testcase classname="ToastContainer" name="adds and displays a toast" time="0.152">
    </testcase>
    <testcase classname="ToastContainer" name="displays different toast types with correct styling" time="0.054">
    </testcase>
    <testcase classname="ToastContainer" name="toast displays correct icons" time="0.11">
    </testcase>
    <testcase classname="ToastContainer" name="toast auto-dismisses after duration" time="0.041">
    </testcase>
    <testcase classname="ToastContainer" name="toast can be manually dismissed" time="0.15">
    </testcase>
    <testcase classname="ToastContainer" name="clear all toasts works" time="0.05">
    </testcase>
    <testcase classname="ToastContainer" name="respects maxToasts limit" time="0.114">
    </testcase>
    <testcase classname="ToastContainer" name="toast positioning works correctly" time="0.012">
    </testcase>
    <testcase classname="ToastContainer" name="toast with action button works" time="0.007">
    </testcase>
    <testcase classname="ToastContainer" name="toast animation classes are applied" time="0.007">
    </testcase>
    <testcase classname="ToastContainer" name="useToast throws error when used outside provider" time="0.004">
    </testcase>
    <testcase classname="ToastContainer Performance" name="handles rapid toast additions without performance issues" time="0.365">
    </testcase>
    <testcase classname="ToastContainer Performance" name="cleanup works properly when component unmounts" time="0.067">
    </testcase>
    <testcase classname="ToastContainer Accessibility" name="toast container has proper ARIA attributes" time="0.005">
    </testcase>
    <testcase classname="ToastContainer Accessibility" name="close button has proper screen reader text" time="0.023">
    </testcase>
  </testsuite>
  <testsuite name="TemporalAnalysis" errors="0" failures="13" skipped="0" timestamp="2025-10-16T15:51:57" time="4.855" tests="16">
    <testcase classname="TemporalAnalysis" name="renders timeline controls" time="0.165">
    </testcase>
    <testcase classname="TemporalAnalysis" name="renders timeline visualization area" time="0.101">
      <failure>TestingLibraryElementError: Unable to find an element by: [data-testid=&quot;timeline-visualization&quot;]

Ignored nodes: comments, script, style
&lt;body&gt;
  &lt;div&gt;
    &lt;div
      class=&quot;temporal-analysis &quot;
    &gt;
      &lt;div
        class=&quot;flex items-center justify-between mb-4 p-3 bg-gray-50 rounded-lg&quot;
      &gt;
        &lt;div
          class=&quot;flex items-center gap-4&quot;
        &gt;
          &lt;h3
            class=&quot;font-semibold text-gray-900&quot;
          &gt;
            Temporal Analysis
          &lt;/h3&gt;
          &lt;span
            class=&quot;text-sm text-gray-600&quot;
          &gt;
            2
             events | Zoom: 
            1.0
            x
          &lt;/span&gt;
        &lt;/div&gt;
        &lt;div
          class=&quot;flex gap-2&quot;
        &gt;
          &lt;button
            class=&quot;px-3 py-1 bg-white border rounded hover:bg-gray-50 text-sm&quot;
          &gt;
            🔍+
          &lt;/button&gt;
          &lt;button
            class=&quot;px-3 py-1 bg-white border rounded hover:bg-gray-50 text-sm&quot;
          &gt;
            🔍-
          &lt;/button&gt;
          &lt;button
            class=&quot;px-3 py-1 bg-white border rounded hover:bg-gray-50 text-sm&quot;
          &gt;
            Reset
          &lt;/button&gt;
        &lt;/div&gt;
      &lt;/div&gt;
      &lt;div
        class=&quot;relative&quot;
      &gt;
        &lt;canvas
          class=&quot;border rounded-lg cursor-crosshair&quot;
          height=&quot;400&quot;
          style=&quot;background-color: white;&quot;
          width=&quot;1000&quot;
        /&gt;
      &lt;/div&gt;
      &lt;div
        class=&quot;mt-4 grid grid-cols-4 gap-4 text-sm&quot;
      &gt;
        &lt;div
          class=&quot;bg-white p-3 rounded-lg border&quot;
        &gt;
          &lt;div
            class=&quot;font-medium text-gray-900&quot;
          &gt;
            Total Events
          &lt;/div&gt;
          &lt;div
            class=&quot;text-2xl font-bold text-blue-600&quot;
          &gt;
            2
          &lt;/div&gt;
        &lt;/div&gt;
        &lt;div
          class=&quot;bg-white p-3 rounded-lg border&quot;
        &gt;
          &lt;div
            class=&quot;font-medium text-gray-900&quot;
          &gt;
            Critical Events
          &lt;/div&gt;
          &lt;div
            class=&quot;text-2xl font-bold text-red-600&quot;
          &gt;
            0
          &lt;/div&gt;
        &lt;/div&gt;
        &lt;div
          class=&quot;bg-white p-3 rounded-lg border&quot;
        &gt;
          &lt;div
            class=&quot;font-medium text-gray-900&quot;
          &gt;
            Event Clusters
          &lt;/div&gt;
          &lt;div
            class=&quot;text-2xl font-bold text-green-600&quot;
          &gt;
            0
          &lt;/div&gt;
        &lt;/div&gt;
        &lt;div
          class=&quot;bg-white p-3 rounded-lg border&quot;
        &gt;
          &lt;div
            class=&quot;font-medium text-gray-900&quot;
          &gt;
            Anomalies
          &lt;/div&gt;
          &lt;div
            class=&quot;text-2xl font-bold text-orange-600&quot;
          &gt;
            0
          &lt;/div&gt;
        &lt;/div&gt;
      &lt;/div&gt;
    &lt;/div&gt;
    &lt;div
      aria-live=&quot;assertive&quot;
      class=&quot;fixed top-4 right-4 z-50 pointer-events-none&quot;
    &gt;
      &lt;div
        class=&quot;flex flex-col space-y-3&quot;
      /&gt;
    &lt;/div&gt;
  &lt;/div&gt;
&lt;/body&gt;
    at Object.getElementError (/Users/brianlong/Developer/summit/client/node_modules/@testing-library/dom/dist/config.js:37:19)
    at /Users/brianlong/Developer/summit/client/node_modules/@testing-library/dom/dist/query-helpers.js:76:38
    at /Users/brianlong/Developer/summit/client/node_modules/@testing-library/dom/dist/query-helpers.js:52:17
    at /Users/brianlong/Developer/summit/client/node_modules/@testing-library/dom/dist/query-helpers.js:95:19
    at Object.&lt;anonymous&gt; (/Users/brianlong/Developer/summit/client/src/components/timeline/__tests__/TemporalAnalysis.test.tsx:73:19)
    at Promise.finally.completed (/Users/brianlong/Developer/summit/client/node_modules/jest-circus/build/jestAdapterInit.js:1556:28)
    at new Promise (&lt;anonymous&gt;)
    at callAsyncCircusFn (/Users/brianlong/Developer/summit/client/node_modules/jest-circus/build/jestAdapterInit.js:1496:10)
    at _callCircusTest (/Users/brianlong/Developer/summit/client/node_modules/jest-circus/build/jestAdapterInit.js:1006:40)
    at processTicksAndRejections (node:internal/process/task_queues:95:5)
    at _runTest (/Users/brianlong/Developer/summit/client/node_modules/jest-circus/build/jestAdapterInit.js:946:3)
    at _runTestsForDescribeBlock (/Users/brianlong/Developer/summit/client/node_modules/jest-circus/build/jestAdapterInit.js:839:13)
    at _runTestsForDescribeBlock (/Users/brianlong/Developer/summit/client/node_modules/jest-circus/build/jestAdapterInit.js:829:11)
    at run (/Users/brianlong/Developer/summit/client/node_modules/jest-circus/build/jestAdapterInit.js:757:3)
    at runAndTransformResultsToJestFormat (/Users/brianlong/Developer/summit/client/node_modules/jest-circus/build/jestAdapterInit.js:1917:21)
    at jestAdapter (/Users/brianlong/Developer/summit/client/node_modules/jest-circus/build/runner.js:101:19)
    at runTestInternal (/Users/brianlong/Developer/summit/client/node_modules/jest-runner/build/testWorker.js:275:16)
    at runTest (/Users/brianlong/Developer/summit/client/node_modules/jest-runner/build/testWorker.js:343:7)
    at Object.worker (/Users/brianlong/Developer/summit/client/node_modules/jest-runner/build/testWorker.js:497:12)</failure>
    </testcase>
    <testcase classname="TemporalAnalysis" name="renders event statistics" time="0.095">
      <failure>TestingLibraryElementError: Unable to find an element by: [data-testid=&quot;event-statistics&quot;]

Ignored nodes: comments, script, style
&lt;body&gt;
  &lt;div&gt;
    &lt;div
      class=&quot;temporal-analysis &quot;
    &gt;
      &lt;div
        class=&quot;flex items-center justify-between mb-4 p-3 bg-gray-50 rounded-lg&quot;
      &gt;
        &lt;div
          class=&quot;flex items-center gap-4&quot;
        &gt;
          &lt;h3
            class=&quot;font-semibold text-gray-900&quot;
          &gt;
            Temporal Analysis
          &lt;/h3&gt;
          &lt;span
            class=&quot;text-sm text-gray-600&quot;
          &gt;
            2
             events | Zoom: 
            1.0
            x
          &lt;/span&gt;
        &lt;/div&gt;
        &lt;div
          class=&quot;flex gap-2&quot;
        &gt;
          &lt;button
            class=&quot;px-3 py-1 bg-white border rounded hover:bg-gray-50 text-sm&quot;
          &gt;
            🔍+
          &lt;/button&gt;
          &lt;button
            class=&quot;px-3 py-1 bg-white border rounded hover:bg-gray-50 text-sm&quot;
          &gt;
            🔍-
          &lt;/button&gt;
          &lt;button
            class=&quot;px-3 py-1 bg-white border rounded hover:bg-gray-50 text-sm&quot;
          &gt;
            Reset
          &lt;/button&gt;
        &lt;/div&gt;
      &lt;/div&gt;
      &lt;div
        class=&quot;relative&quot;
      &gt;
        &lt;canvas
          class=&quot;border rounded-lg cursor-crosshair&quot;
          height=&quot;400&quot;
          style=&quot;background-color: white;&quot;
          width=&quot;1000&quot;
        /&gt;
      &lt;/div&gt;
      &lt;div
        class=&quot;mt-4 grid grid-cols-4 gap-4 text-sm&quot;
      &gt;
        &lt;div
          class=&quot;bg-white p-3 rounded-lg border&quot;
        &gt;
          &lt;div
            class=&quot;font-medium text-gray-900&quot;
          &gt;
            Total Events
          &lt;/div&gt;
          &lt;div
            class=&quot;text-2xl font-bold text-blue-600&quot;
          &gt;
            2
          &lt;/div&gt;
        &lt;/div&gt;
        &lt;div
          class=&quot;bg-white p-3 rounded-lg border&quot;
        &gt;
          &lt;div
            class=&quot;font-medium text-gray-900&quot;
          &gt;
            Critical Events
          &lt;/div&gt;
          &lt;div
            class=&quot;text-2xl font-bold text-red-600&quot;
          &gt;
            0
          &lt;/div&gt;
        &lt;/div&gt;
        &lt;div
          class=&quot;bg-white p-3 rounded-lg border&quot;
        &gt;
          &lt;div
            class=&quot;font-medium text-gray-900&quot;
          &gt;
            Event Clusters
          &lt;/div&gt;
          &lt;div
            class=&quot;text-2xl font-bold text-green-600&quot;
          &gt;
            0
          &lt;/div&gt;
        &lt;/div&gt;
        &lt;div
          class=&quot;bg-white p-3 rounded-lg border&quot;
        &gt;
          &lt;div
            class=&quot;font-medium text-gray-900&quot;
          &gt;
            Anomalies
          &lt;/div&gt;
          &lt;div
            class=&quot;text-2xl font-bold text-orange-600&quot;
          &gt;
            0
          &lt;/div&gt;
        &lt;/div&gt;
      &lt;/div&gt;
    &lt;/div&gt;
[...]
    at /Users/brianlong/Developer/summit/client/src/components/intelligence/__tests__/ThreatIntelligenceHub.test.tsx:98:3
    at _dispatchDescribe (/Users/brianlong/Developer/summit/client/node_modules/jest-circus/build/jestAdapterInit.js:604:26)
    at describe (/Users/brianlong/Developer/summit/client/node_modules/jest-circus/build/jestAdapterInit.js:572:44)
    at Object.&lt;anonymous&gt; (/Users/brianlong/Developer/summit/client/src/components/intelligence/__tests__/ThreatIntelligenceHub.test.tsx:13:1)
    at Runtime._execModule (/Users/brianlong/Developer/summit/client/node_modules/jest-runtime/build/index.js:1268:24)
    at Runtime._loadModule (/Users/brianlong/Developer/summit/client/node_modules/jest-runtime/build/index.js:944:12)
    at Runtime.requireModule (/Users/brianlong/Developer/summit/client/node_modules/jest-runtime/build/index.js:832:12)
    at jestAdapter (/Users/brianlong/Developer/summit/client/node_modules/jest-circus/build/runner.js:95:13)
    at processTicksAndRejections (node:internal/process/task_queues:95:5)
    at runTestInternal (/Users/brianlong/Developer/summit/client/node_modules/jest-runner/build/testWorker.js:275:16)
    at runTest (/Users/brianlong/Developer/summit/client/node_modules/jest-runner/build/testWorker.js:343:7)
    at Object.worker (/Users/brianlong/Developer/summit/client/node_modules/jest-runner/build/testWorker.js:497:12)</failure>
    </testcase>
    <testcase classname="ThreatIntelligenceHub" name="filters indicators by type" time="5.128">
      <failure>Error: thrown: &quot;Exceeded timeout of 5000 ms for a test.
Add a timeout value to this test to increase the timeout, if this is a long-running test. See https://jestjs.io/docs/api#testname-fn-timeout.&quot;
    at /Users/brianlong/Developer/summit/client/src/components/intelligence/__tests__/ThreatIntelligenceHub.test.tsx:110:3
    at _dispatchDescribe (/Users/brianlong/Developer/summit/client/node_modules/jest-circus/build/jestAdapterInit.js:604:26)
    at describe (/Users/brianlong/Developer/summit/client/node_modules/jest-circus/build/jestAdapterInit.js:572:44)
    at Object.&lt;anonymous&gt; (/Users/brianlong/Developer/summit/client/src/components/intelligence/__tests__/ThreatIntelligenceHub.test.tsx:13:1)
    at Runtime._execModule (/Users/brianlong/Developer/summit/client/node_modules/jest-runtime/build/index.js:1268:24)
    at Runtime._loadModule (/Users/brianlong/Developer/summit/client/node_modules/jest-runtime/build/index.js:944:12)
    at Runtime.requireModule (/Users/brianlong/Developer/summit/client/node_modules/jest-runtime/build/index.js:832:12)
    at jestAdapter (/Users/brianlong/Developer/summit/client/node_modules/jest-circus/build/runner.js:95:13)
    at processTicksAndRejections (node:internal/process/task_queues:95:5)
    at runTestInternal (/Users/brianlong/Developer/summit/client/node_modules/jest-runner/build/testWorker.js:275:16)
    at runTest (/Users/brianlong/Developer/summit/client/node_modules/jest-runner/build/testWorker.js:343:7)
    at Object.worker (/Users/brianlong/Developer/summit/client/node_modules/jest-runner/build/testWorker.js:497:12)</failure>
    </testcase>
    <testcase classname="ThreatIntelligenceHub" name="selects indicator and shows details" time="5.165">
      <failure>Error: thrown: &quot;Exceeded timeout of 5000 ms for a test.
Add a timeout value to this test to increase the timeout, if this is a long-running test. See https://jestjs.io/docs/api#testname-fn-timeout.&quot;
    at /Users/brianlong/Developer/summit/client/src/components/intelligence/__tests__/ThreatIntelligenceHub.test.tsx:122:3
    at _dispatchDescribe (/Users/brianlong/Developer/summit/client/node_modules/jest-circus/build/jestAdapterInit.js:604:26)
    at describe (/Users/brianlong/Developer/summit/client/node_modules/jest-circus/build/jestAdapterInit.js:572:44)
    at Object.&lt;anonymous&gt; (/Users/brianlong/Developer/summit/client/src/components/intelligence/__tests__/ThreatIntelligenceHub.test.tsx:13:1)
    at Runtime._execModule (/Users/brianlong/Developer/summit/client/node_modules/jest-runtime/build/index.js:1268:24)
    at Runtime._loadModule (/Users/brianlong/Developer/summit/client/node_modules/jest-runtime/build/index.js:944:12)
    at Runtime.requireModule (/Users/brianlong/Developer/summit/client/node_modules/jest-runtime/build/index.js:832:12)
    at jestAdapter (/Users/brianlong/Developer/summit/client/node_modules/jest-circus/build/runner.js:95:13)
    at processTicksAndRejections (node:internal/process/task_queues:95:5)
    at runTestInternal (/Users/brianlong/Developer/summit/client/node_modules/jest-runner/build/testWorker.js:275:16)
    at runTest (/Users/brianlong/Developer/summit/client/node_modules/jest-runner/build/testWorker.js:343:7)
    at Object.worker (/Users/brianlong/Developer/summit/client/node_modules/jest-runner/build/testWorker.js:497:12)</failure>
    </testcase>
    <testcase classname="ThreatIntelligenceHub" name="calls indicator select callback" time="5.178">
      <failure>Error: thrown: &quot;Exceeded timeout of 5000 ms for a test.
Add a timeout value to this test to increase the timeout, if this is a long-running test. See https://jestjs.io/docs/api#testname-fn-timeout.&quot;
    at /Users/brianlong/Developer/summit/client/src/components/intelligence/__tests__/ThreatIntelligenceHub.test.tsx:141:3
    at _dispatchDescribe (/Users/brianlong/Developer/summit/client/node_modules/jest-circus/build/jestAdapterInit.js:604:26)
    at describe (/Users/brianlong/Developer/summit/client/node_modules/jest-circus/build/jestAdapterInit.js:572:44)
    at Object.&lt;anonymous&gt; (/Users/brianlong/Developer/summit/client/src/components/intelligence/__tests__/ThreatIntelligenceHub.test.tsx:13:1)
    at Runtime._execModule (/Users/brianlong/Developer/summit/client/node_modules/jest-runtime/build/index.js:1268:24)
    at Runtime._loadModule (/Users/brianlong/Developer/summit/client/node_modules/jest-runtime/build/index.js:944:12)
    at Runtime.requireModule (/Users/brianlong/Developer/summit/client/node_modules/jest-runtime/build/index.js:832:12)
    at jestAdapter (/Users/brianlong/Developer/summit/client/node_modules/jest-circus/build/runner.js:95:13)
    at processTicksAndRejections (node:internal/process/task_queues:95:5)
    at runTestInternal (/Users/brianlong/Developer/summit/client/node_modules/jest-runner/build/testWorker.js:275:16)
    at runTest (/Users/brianlong/Developer/summit/client/node_modules/jest-runner/build/testWorker.js:343:7)
    at Object.worker (/Users/brianlong/Developer/summit/client/node_modules/jest-runner/build/testWorker.js:497:12)</failure>
    </testcase>
    <testcase classname="ThreatIntelligenceHub" name="calls campaign select callback" time="5.265">
      <failure>Error: thrown: &quot;Exceeded timeout of 5000 ms for a test.
Add a timeout value to this test to increase the timeout, if this is a long-running test. See https://jestjs.io/docs/api#testname-fn-timeout.&quot;
    at /Users/brianlong/Developer/summit/client/src/components/intelligence/__tests__/ThreatIntelligenceHub.test.tsx:162:3
    at _dispatchDescribe (/Users/brianlong/Developer/summit/client/node_modules/jest-circus/build/jestAdapterInit.js:604:26)
    at describe (/Users/brianlong/Developer/summit/client/node_modules/jest-circus/build/jestAdapterInit.js:572:44)
    at Object.&lt;anonymous&gt; (/Users/brianlong/Developer/summit/client/src/components/intelligence/__tests__/ThreatIntelligenceHub.test.tsx:13:1)
    at Runtime._execModule (/Users/brianlong/Developer/summit/client/node_modules/jest-runtime/build/index.js:1268:24)
    at Runtime._loadModule (/Users/brianlong/Developer/summit/client/node_modules/jest-runtime/build/index.js:944:12)
    at Runtime.requireModule (/Users/brianlong/Developer/summit/client/node_modules/jest-runtime/build/index.js:832:12)
    at jestAdapter (/Users/brianlong/Developer/summit/client/node_modules/jest-circus/build/runner.js:95:13)
    at processTicksAndRejections (node:internal/process/task_queues:95:5)
    at runTestInternal (/Users/brianlong/Developer/summit/client/node_modules/jest-runner/build/testWorker.js:275:16)
    at runTest (/Users/brianlong/Developer/summit/client/node_modules/jest-runner/build/testWorker.js:343:7)
    at Object.worker (/Users/brianlong/Developer/summit/client/node_modules/jest-runner/build/testWorker.js:497:12)</failure>
    </testcase>
    <testcase classname="ThreatIntelligenceHub" name="calls actor select callback" time="5.084">
      <failure>Error: thrown: &quot;Exceeded timeout of 5000 ms for a test.
Add a timeout value to this test to increase the timeout, if this is a long-running test. See https://jestjs.io/docs/api#testname-fn-timeout.&quot;
    at /Users/brianlong/Developer/summit/client/src/components/intelligence/__tests__/ThreatIntelligenceHub.test.tsx:186:3
    at _dispatchDescribe (/Users/brianlong/Developer/summit/client/node_modules/jest-circus/build/jestAdapterInit.js:604:26)
    at describe (/Users/brianlong/Developer/summit/client/node_modules/jest-circus/build/jestAdapterInit.js:572:44)
    at Object.&lt;anonymous&gt; (/Users/brianlong/Developer/summit/client/src/components/intelligence/__tests__/ThreatIntelligenceHub.test.tsx:13:1)
    at Runtime._execModule (/Users/brianlong/Developer/summit/client/node_modules/jest-runtime/build/index.js:1268:24)
    at Runtime._loadModule (/Users/brianlong/Developer/summit/client/node_modules/jest-runtime/build/index.js:944:12)
    at Runtime.requireModule (/Users/brianlong/Developer/summit/client/node_modules/jest-runtime/build/index.js:832:12)
    at jestAdapter (/Users/brianlong/Developer/summit/client/node_modules/jest-circus/build/runner.js:95:13)
    at processTicksAndRejections (node:internal/process/task_queues:95:5)
    at runTestInternal (/Users/brianlong/Developer/summit/client/node_modules/jest-runner/build/testWorker.js:275:16)
    at runTest (/Users/brianlong/Developer/summit/client/node_modules/jest-runner/build/testWorker.js:343:7)
    at Object.worker (/Users/brianlong/Developer/summit/client/node_modules/jest-runner/build/testWorker.js:497:12)</failure>
    </testcase>
    <testcase classname="ThreatIntelligenceHub" name="handles investigation ID prop" time="0.122">
    </testcase>
    <testcase classname="ThreatIntelligenceHub" name="displays severity colors correctly" time="0.041">
    </testcase>
    <testcase classname="ThreatIntelligenceHub" name="displays indicator type icons" time="0.025">
    </testcase>
    <testcase classname="ThreatIntelligenceHub" name="shows last updated timestamp" time="0.102">
    </testcase>
    <testcase classname="ThreatIntelligenceHub" name="handles auto-refresh when enabled" time="0.028">
      <failure>ReferenceError: act is not defined
    at Object.&lt;anonymous&gt; (/Users/brianlong/Developer/summit/client/src/components/intelligence/__tests__/ThreatIntelligenceHub.test.tsx:243:5)
    at Promise.finally.completed (/Users/brianlong/Developer/summit/client/node_modules/jest-circus/build/jestAdapterInit.js:1556:28)
    at new Promise (&lt;anonymous&gt;)
    at callAsyncCircusFn (/Users/brianlong/Developer/summit/client/node_modules/jest-circus/build/jestAdapterInit.js:1496:10)
    at _callCircusTest (/Users/brianlong/Developer/summit/client/node_modules/jest-circus/build/jestAdapterInit.js:1006:40)
    at _runTest (/Users/brianlong/Developer/summit/client/node_modules/jest-circus/build/jestAdapterInit.js:946:3)
    at _runTestsForDescribeBlock (/Users/brianlong/Developer/summit/client/node_modules/jest-circus/build/jestAdapterInit.js:839:13)
    at _runTestsForDescribeBlock (/Users/brianlong/Developer/summit/client/node_modules/jest-circus/build/jestAdapterInit.js:829:11)
    at run (/Users/brianlong/Developer/summit/client/node_modules/jest-circus/build/jestAdapterInit.js:757:3)
    at runAndTransformResultsToJestFormat (/Users/brianlong/Developer/summit/client/node_modules/jest-circus/build/jestAdapterInit.js:1917:21)
    at jestAdapter (/Users/brianlong/Developer/summit/client/node_modules/jest-circus/build/runner.js:101:19)
    at runTestInternal (/Users/brianlong/Developer/summit/client/node_modules/jest-runner/build/testWorker.js:275:16)
    at runTest (/Users/brianlong/Developer/summit/client/node_modules/jest-runner/build/testWorker.js:343:7)
    at Object.worker (/Users/brianlong/Developer/summit/client/node_modules/jest-runner/build/testWorker.js:497:12)</failure>
    </testcase>
    <testcase classname="ThreatIntelligenceHub" name="displays feed status information" time="5.012">
      <failure>Error: thrown: &quot;Exceeded timeout of 5000 ms for a test.
Add a timeout value to this test to increase the timeout, if this is a long-running test. See https://jestjs.io/docs/api#testname-fn-timeout.&quot;
    at /Users/brianlong/Developer/summit/client/src/components/intelligence/__tests__/ThreatIntelligenceHub.test.tsx:251:3
    at _dispatchDescribe (/Users/brianlong/Developer/summit/client/node_modules/jest-circus/build/jestAdapterInit.js:604:26)
    at describe (/Users/brianlong/Developer/summit/client/node_modules/jest-circus/build/jestAdapterInit.js:572:44)
    at Object.&lt;anonymous&gt; (/Users/brianlong/Developer/summit/client/src/components/intelligence/__tests__/ThreatIntelligenceHub.test.tsx:13:1)
    at Runtime._execModule (/Users/brianlong/Developer/summit/client/node_modules/jest-runtime/build/index.js:1268:24)
    at Runtime._loadModule (/Users/brianlong/Developer/summit/client/node_modules/jest-runtime/build/index.js:944:12)
    at Runtime.requireModule (/Users/brianlong/Developer/summit/client/node_modules/jest-runtime/build/index.js:832:12)
    at jestAdapter (/Users/brianlong/Developer/summit/client/node_modules/jest-circus/build/runner.js:95:13)
    at processTicksAndRejections (node:internal/process/task_queues:95:5)
    at runTestInternal (/Users/brianlong/Developer/summit/client/node_modules/jest-runner/build/testWorker.js:275:16)
    at runTest (/Users/brianlong/Developer/summit/client/node_modules/jest-runner/build/testWorker.js:343:7)
    at Object.worker (/Users/brianlong/Developer/summit/client/node_modules/jest-runner/build/testWorker.js:497:12)</failure>
    </testcase>
    <testcase classname="ThreatIntelligenceHub" name="applies custom className" time="0.022">
    </testcase>
    <testcase classname="ThreatIntelligenceHub" name="handles empty search results" time="5.033">
      <failure>Error: thrown: &quot;Exceeded timeout of 5000 ms for a test.
Add a timeout value to this test to increase the timeout, if this is a long-running test. See https://jestjs.io/docs/api#testname-fn-timeout.&quot;
    at /Users/brianlong/Developer/summit/client/src/components/intelligence/__tests__/ThreatIntelligenceHub.test.tsx:278:3
    at _dispatchDescribe (/Users/brianlong/Developer/summit/client/node_modules/jest-circus/build/jestAdapterInit.js:604:26)
    at describe (/Users/brianlong/Developer/summit/client/node_modules/jest-circus/build/jestAdapterInit.js:572:44)
    at Object.&lt;anonymous&gt; (/Users/brianlong/Developer/summit/client/src/components/intelligence/__tests__/ThreatIntelligenceHub.test.tsx:13:1)
    at Runtime._execModule (/Users/brianlong/Developer/summit/client/node_modules/jest-runtime/build/index.js:1268:24)
    at Runtime._loadModule (/Users/brianlong/Developer/summit/client/node_modules/jest-runtime/build/index.js:944:12)
    at Runtime.requireModule (/Users/brianlong/Developer/summit/client/node_modules/jest-runtime/build/index.js:832:12)
    at jestAdapter (/Users/brianlong/Developer/summit/client/node_modules/jest-circus/build/runner.js:95:13)
    at processTicksAndRejections (node:internal/process/task_queues:95:5)
    at runTestInternal (/Users/brianlong/Developer/summit/client/node_modules/jest-runner/build/testWorker.js:275:16)
    at runTest (/Users/brianlong/Developer/summit/client/node_modules/jest-runner/build/testWorker.js:343:7)
    at Object.worker (/Users/brianlong/Developer/summit/client/node_modules/jest-runner/build/testWorker.js:497:12)</failure>
    </testcase>
    <testcase classname="ThreatIntelligenceHub" name="displays indicator context information" time="5.007">
      <failure>Error: thrown: &quot;Exceeded timeout of 5000 ms for a test.
Add a timeout value to this test to increase the timeout, if this is a long-running test. See https://jestjs.io/docs/api#testname-fn-timeout.&quot;
    at /Users/brianlong/Developer/summit/client/src/components/intelligence/__tests__/ThreatIntelligenceHub.test.tsx:291:3
    at _dispatchDescribe (/Users/brianlong/Developer/summit/client/node_modules/jest-circus/build/jestAdapterInit.js:604:26)
    at describe (/Users/brianlong/Developer/summit/client/node_modules/jest-circus/build/jestAdapterInit.js:572:44)
    at Object.&lt;anonymous&gt; (/Users/brianlong/Developer/summit/client/src/components/intelligence/__tests__/ThreatIntelligenceHub.test.tsx:13:1)
    at Runtime._execModule (/Users/brianlong/Developer/summit/client/node_modules/jest-runtime/build/index.js:1268:24)
    at Runtime._loadModule (/Users/brianlong/Developer/summit/client/node_modules/jest-runtime/build/index.js:944:12)
    at Runtime.requireModule (/Users/brianlong/Developer/summit/client/node_modules/jest-runtime/build/index.js:832:12)
    at jestAdapter (/Users/brianlong/Developer/summit/client/node_modules/jest-circus/build/runner.js:95:13)
    at processTicksAndRejections (node:internal/process/task_queues:95:5)
    at runTestInternal (/Users/brianlong/Developer/summit/client/node_modules/jest-runner/build/testWorker.js:275:16)
    at runTest (/Users/brianlong/Developer/summit/client/node_modules/jest-runner/build/testWorker.js:343:7)
    at Object.worker (/Users/brianlong/Developer/summit/client/node_modules/jest-runner/build/testWorker.js:497:12)</failure>
    </testcase>
    <testcase classname="ThreatIntelligenceHub" name="shows indicator confidence scores" time="0.022">
    </testcase>
    <testcase classname="ThreatIntelligenceHub" name="handles component cleanup on unmount" time="0.012">
    </testcase>
    <testcase classname="ThreatIntelligenceHub" name="supports keyboard navigation" time="0.011">
    </testcase>
    <testcase classname="ThreatIntelligenceHub" name="updates counters in tab labels" time="5.262">
      <failure>Error: thrown: &quot;Exceeded timeout of 5000 ms for a test.
Add a timeout value to this test to increase the timeout, if this is a long-running test. See https://jestjs.io/docs/api#testname-fn-timeout.&quot;
    at /Users/brianlong/Developer/summit/client/src/components/intelligence/__tests__/ThreatIntelligenceHub.test.tsx:338:3
    at _dispatchDescribe (/Users/brianlong/Developer/summit/client/node_modules/jest-circus/build/jestAdapterInit.js:604:26)
    at describe (/Users/brianlong/Developer/summit/client/node_modules/jest-circus/build/jestAdapterInit.js:572:44)
    at Object.&lt;anonymous&gt; (/Users/brianlong/Developer/summit/client/src/components/intelligence/__tests__/ThreatIntelligenceHub.test.tsx:13:1)
    at Runtime._execModule (/Users/brianlong/Developer/summit/client/node_modules/jest-runtime/build/index.js:1268:24)
    at Runtime._loadModule (/Users/brianlong/Developer/summit/client/node_modules/jest-runtime/build/index.js:944:12)
    at Runtime.requireModule (/Users/brianlong/Developer/summit/client/node_modules/jest-runtime/build/index.js:832:12)
    at jestAdapter (/Users/brianlong/Developer/summit/client/node_modules/jest-circus/build/runner.js:95:13)
    at processTicksAndRejections (node:internal/process/task_queues:95:5)
    at runTestInternal (/Users/brianlong/Developer/summit/client/node_modules/jest-runner/build/testWorker.js:275:16)
    at runTest (/Users/brianlong/Developer/summit/client/node_modules/jest-runner/build/testWorker.js:343:7)
    at Object.worker (/Users/brianlong/Developer/summit/client/node_modules/jest-runner/build/testWorker.js:497:12)</failure>
    </testcase>
  </testsuite>
</testsuites>