<?xml version="1.0" encoding="UTF-8"?>
<testsuites name="jest tests" tests="206" failures="104" errors="0" time="176.774">
  <testsuite name="ToastContainer" errors="0" failures="0" skipped="0" timestamp="2025-10-16T06:58:15" time="13.765" tests="16">
    <testcase classname="ToastContainer" name="renders toast provider without errors" time="0.26">
    </testcase>
    <testcase classname="ToastContainer" name="adds and displays a toast" time="0.934">
    </testcase>
    <testcase classname="ToastContainer" name="displays different toast types with correct styling" time="0.545">
    </testcase>
    <testcase classname="ToastContainer" name="toast displays correct icons" time="0.032">
    </testcase>
    <testcase classname="ToastContainer" name="toast auto-dismisses after duration" time="0.791">
    </testcase>
    <testcase classname="ToastContainer" name="toast can be manually dismissed" time="0.32">
    </testcase>
    <testcase classname="ToastContainer" name="clear all toasts works" time="0.049">
    </testcase>
    <testcase classname="ToastContainer" name="respects maxToasts limit" time="0.053">
    </testcase>
    <testcase classname="ToastContainer" name="toast positioning works correctly" time="0.02">
    </testcase>
    <testcase classname="ToastContainer" name="toast with action button works" time="0.042">
    </testcase>
    <testcase classname="ToastContainer" name="toast animation classes are applied" time="0.016">
    </testcase>
    <testcase classname="ToastContainer" name="useToast throws error when used outside provider" time="0.019">
    </testcase>
    <testcase classname="ToastContainer Performance" name="handles rapid toast additions without performance issues" time="0.062">
    </testcase>
    <testcase classname="ToastContainer Performance" name="cleanup works properly when component unmounts" time="0.221">
    </testcase>
    <testcase classname="ToastContainer Accessibility" name="toast container has proper ARIA attributes" time="0.206">
    </testcase>
    <testcase classname="ToastContainer Accessibility" name="close button has proper screen reader text" time="0.062">
    </testcase>
  </testsuite>
  <testsuite name="ModelManagementDashboard" errors="0" failures="6" skipped="0" timestamp="2025-10-16T06:58:16" time="28.947" tests="28">
    <testcase classname="ModelManagementDashboard" name="renders MLOps dashboard header" time="0.899">
    </testcase>
    <testcase classname="ModelManagementDashboard" name="renders view tabs" time="0.327">
    </testcase>
    <testcase classname="ModelManagementDashboard" name="renders search and filters" time="0.448">
    </testcase>
    <testcase classname="ModelManagementDashboard" name="displays models by default" time="0.211">
    </testcase>
    <testcase classname="ModelManagementDashboard" name="switches between view tabs" time="1.245">
      <failure>TestingLibraryElementError: Found multiple elements with the text: /Training Jobs/

Here are the matching elements:

Ignored nodes: comments, script, style
&lt;button
  style=&quot;padding: 12px 16px; background-color: transparent; cursor: pointer; font-size: 14px; font-weight: 600; color: rgb(26, 115, 232); border-bottom: 2px solid rgb(26, 115, 232);&quot;
&gt;
  🏋️ Training Jobs
   (
  2
  )
&lt;/button&gt;

Ignored nodes: comments, script, style
&lt;h4
  style=&quot;margin: 0px; font-size: 14px; font-weight: 600;&quot;
&gt;
  Training Jobs (
  2
  )
&lt;/h4&gt;

(If this is intentional, then use the `*AllBy*` variant of the query (like `queryAllByText`, `getAllByText`, or `findAllByText`)).

Ignored nodes: comments, script, style
&lt;body&gt;
  &lt;div&gt;
    &lt;div
      class=&quot;model-management-dashboard &quot;
      style=&quot;height: 100%; display: flex; flex-direction: column;&quot;
    &gt;
      &lt;div
        style=&quot;margin-bottom: 24px;&quot;
      &gt;
        &lt;h3
          style=&quot;font-size: 1.2rem; font-weight: 600; margin-bottom: 16px;&quot;
        &gt;
          🤖 MLOps Model Management
        &lt;/h3&gt;
        &lt;div
          style=&quot;display: flex; border-bottom: 1px solid var(--hairline); margin-bottom: 16px;&quot;
        &gt;
          &lt;button
            style=&quot;padding: 12px 16px; background-color: transparent; cursor: pointer; font-size: 14px; font-weight: 400; color: rgb(102, 102, 102); border-bottom: 2px solid transparent;&quot;
          &gt;
            🎯 Models
             (
            3
            )
          &lt;/button&gt;
          &lt;button
            style=&quot;padding: 12px 16px; background-color: transparent; cursor: pointer; font-size: 14px; font-weight: 600; color: rgb(26, 115, 232); border-bottom: 2px solid rgb(26, 115, 232);&quot;
          &gt;
            🏋️ Training Jobs
             (
            2
            )
          &lt;/button&gt;
          &lt;button
            style=&quot;padding: 12px 16px; background-color: transparent; border-bottom: 2px solid transparent; cursor: pointer; font-size: 14px; font-weight: 400; color: rgb(102, 102, 102);&quot;
          &gt;
            🧪 Experiments
             (
            1
            )
          &lt;/button&gt;
          &lt;button
            style=&quot;padding: 12px 16px; background-color: transparent; border-bottom: 2px solid transparent; cursor: pointer; font-size: 14px; font-weight: 400; color: rgb(102, 102, 102);&quot;
          &gt;
            📊 Monitoring
             (
            0
            )
          &lt;/button&gt;
        &lt;/div&gt;
        &lt;div
          style=&quot;display: flex; gap: 12px; align-items: center; flex-wrap: wrap;&quot;
        &gt;
          &lt;input
            placeholder=&quot;Search models, tags, or algorithms...&quot;
            style=&quot;padding: 8px 12px; border: 1px solid var(--hairline); border-radius: 4px; flex: 1 1 300px; font-size: 14px;&quot;
            type=&quot;text&quot;
            value=&quot;&quot;
          /&gt;
          &lt;select
            style=&quot;padding: 8px; border: 1px solid var(--hairline); border-radius: 4px; font-size: 14px;&quot;
          &gt;
            &lt;option
              value=&quot;all&quot;
            &gt;
              All Status
            &lt;/option&gt;
            &lt;option
              value=&quot;production&quot;
            &gt;
              Production
            &lt;/option&gt;
            &lt;option
              value=&quot;staging&quot;
            &gt;
              Staging
            &lt;/option&gt;
            &lt;option
              value=&quot;development&quot;
            &gt;
              Development
            &lt;/option&gt;
            &lt;option
              value=&quot;deprecated&quot;
            &gt;
              Deprecated
            &lt;/option&gt;
          &lt;/select&gt;
        &lt;/div&gt;
      &lt;/div&gt;
      &lt;div
        style=&quot;flex: 1 1 0%; overflow: hidden;&quot;
      &gt;
        &lt;div
          style=&quot;overflow: auto; border: 1px solid var(--hairline); border-radius: 8px;&quot;
        &gt;
          &lt;div
            style=&quot;padding: 16px; border-bottom: 1px solid var(--hairline); background-color: rgb(248, 249, 250);&quot;
          &gt;
            &lt;h4
              style=&quot;margin: 0px; font-size: 14px; font-weight: 600;&quot;
            &gt;
              Training Jobs (
              2
              )
            &lt;/h4&gt;
          &lt;/div&gt;
          &lt;div&gt;
            &lt;div
              style=&quot;padding: 16px; border-bottom: 1px solid rgb(240, 240, 240);&quot;
            &gt;
              &lt;div
                style=&quot;display: flex; justify-content: space-between; align-items: flex-start; margin-bottom: 12px;&quot;
              &gt;
                &lt;div&gt;
                  &lt;h5
                    style=&quot;font-size: 14px; font-weight: 600; margin: 0px 0px 4px 0px;&quot;
                  &gt;
                    Training Job 
                    job-001
                  &lt;/h5&gt;
                  &lt;div
                    style=&quot;font-size: 12px; color: rgb(102, 102, 102);&quot;
                  &gt;
                    Model: 
                    model-003
                     • Started:
                     
                    10/15/2025, 10:58:30 PM
                  &lt;/div&gt;
                &lt;/div&gt;
                &lt;span
                  style=&quot;font-size: 11px; padding: 2px 6px; border-radius: 12px; background-color: rgb(23, 162, 184); color: white; font-weight: 600;&quot;
                &gt;
                  RUNNING
                &lt;/span&gt;
              &lt;/div&gt;
              &lt;div
                style=&quot;margin-bottom: 12px;&quot;
              &gt;
                &lt;div
                  style=&quot;display: flex; justify-content: space-between; font-size: 12px; margin-bottom: 4px;&quot;
                &gt;
                  &lt;span&gt;
                    Progress
                  &lt;/span&gt;
                  &lt;span&gt;
                    67
                    %
                  &lt;/span&gt;
                &lt;/div&gt;
                &lt;div
                  style=&quot;width: 100%; height: 4px; background-color: rgb(233, 236, 239); border-radius: 2px;&quot;
                &gt;
                  &lt;div
                    style=&quot;width: 67%; height: 100%; background-color: rgb(23, 162, 184); border-radius: 2px; transition: width 0.3s ease;&quot;
                  /&gt;
                &lt;/div&gt;
              &lt;/div&gt;
              &lt;div
                style=&quot;display: grid; grid-template-columns: repeat(4, 1fr); gap: 12px; margin-bottom: 12px; font-size: 12px;&quot;
              &gt;
                &lt;div&gt;
                  &lt;strong&gt;
                    GPU:
                  &lt;/strong&gt;
                   
                  87
                  %
                &lt;/div&gt;
                &lt;div&gt;
                  &lt;strong&gt;
                    CPU:
                  &lt;/strong&gt;
                   
                  34
                  %
                &lt;/div&gt;
                &lt;div&gt;
                  &lt;strong&gt;
                    Memory:
                  &lt;/strong&gt;
                   
                  78
                  %
                &lt;/div&gt;
                &lt;div&gt;
                  &lt;strong&gt;
                    Storage:
                  &lt;/strong&gt;
                   
                  12
                   GB
                &lt;/div&gt;
              &lt;/div&gt;
              &lt;div
                style=&quot;font-size: 12px; color: rgb(102, 102, 102); margin-bottom: 8px;&quot;
              &gt;
                Current Metrics: Accuracy 
                85.3
                % • Loss
                 
                0.178
              &lt;/div&gt;
              &lt;details
                style=&quot;font-size: 12px;&quot;
              &gt;
                &lt;summary
                  style=&quot;cursor: pointer; font-weight: 600;&quot;
                &gt;
                  View Logs
                &lt;/summary&gt;
                &lt;div
                  style=&quot;margin-top: 8px; padding: 8px; background-color: rgb(248, 249, 250); border-radius: 4px;&quot;
                &gt;
                  &lt;div
                    style=&quot;font-family: monospace; font-size: 11px; margin-bottom: 2px;&quot;
                  &gt;
                    Epoch 33/50 - loss: 0.178 - accuracy: 0.853 - val_loss: 0.192 - val_accuracy: 0.841
                  &lt;/div&gt;
                  &lt;div
                    style=&quot;font-family: monospace; font-size: 11px; margin-bottom: 2px;&quot;
                  &gt;
                    Learning rate reduced on plateau: 0.001 -&amp;gt; 0.0005
                  &lt;/div&gt;
                  &lt;div
                    style=&quot;font-family: monospace; font-size: 11px; margin-bottom: 2px;&quot;
                  &gt;
                    Early stopping patience: 5/10
                  &lt;/div&gt;
                &lt;/div&gt;
              &lt;/details&gt;
            &lt;/div&gt;
            &lt;div
              style=&quot;padding: 16px; border-bottom: 1px solid rgb(240, 240, 240);&quot;
            &gt;
              &lt;div
                style=&quot;display: flex; justify-content: space-between; align-items: flex-start; margin-bottom: 12px;&quot;
              &gt;
                &lt;div&gt;
                  &lt;h5
                    style=&quot;font-size: 14px; font-weight: 600; margin: 0px 0px 4px 0px;&quot;
                  &gt;
                    Training Job 
                    job-002
                  &lt;/h5&gt;
                  &lt;div
                    style=&quot;font-size: 12px; color: rgb(102, 102, 102);&quot;
                  &gt;
                    Model: 
                    model-002
                     • Started:
                     
                    10/15/2025, 12:58:30 AM
                  &lt;/div&gt;
                &lt;/div&gt;
                &lt;span
                  style=&quot;font-size: 11px; padding: 2px 6px; border-radius: 12px; background-color: rgb(40, 167, 69); color: white; font-weight: 600;&quot;
                &gt;
                  COMPLETED
                &lt;/span&gt;
              &lt;/div&gt;
              &lt;div
                style=&quot;display: grid; grid-template-columns: repeat(4, 1fr); gap: 12px; margin-bottom: 12px; font-size: 12px;&quot;
              &gt;
                &lt;div&gt;
                  &lt;strong&gt;
                    GPU:
                  &lt;/strong&gt;
                   
                  0
                  %
                &lt;/div&gt;
                &lt;div&gt;
                  &lt;strong&gt;
                    CPU:
                  &lt;/strong&gt;
                   
                  65
                  %
                &lt;/div&gt;
                &lt;div&gt;
                  &lt;strong&gt;
                    Memory:
                  &lt;/strong&gt;
                   
                  45
                  %
                &lt;/div&gt;
                &lt;div&gt;
                  &lt;strong&gt;
                    Storage:
                  &lt;/strong&gt;
                   
                  8
                   GB
                &lt;/div&gt;
              &lt;/div&gt;
              &lt;div
                style=&quot;font-size: 12px; color: rgb(102, 102, 102); margin-bottom: 8px;&quot;
              &gt;
                Current Metrics: Accuracy 
                89.7
                % • Loss
                 
              &lt;/div&gt;
              &lt;details
                style=&quot;font-size: 12px;&quot;
              &gt;
                &lt;summary
                  style=&quot;cursor: pointer; font-weight: 600;&quot;
                &gt;
                  View Logs
                &lt;/summary&gt;
                &lt;div
                  style=&quot;margin-top: 8px; padding: 8px; background-color: rgb(248, 249, 250); border-radius: 4px;&quot;
                &gt;
                  &lt;div
                    style=&quot;font-family: monospace; font-size: 11px; margin-bottom: 2px;&quot;
                  &gt;
                    Training completed successfully
                  &lt;/div&gt;
                  &lt;div
                    style=&quot;font-family: monospace; font-size: 11px; margin-bottom: 2px;&quot;
                  &gt;
                    Model validation passed
                  &lt;/div&gt;
                  &lt;div
                    style=&quot;font-family: monospace; font-size: 11px; margin-bottom: 2px;&quot;
                  &gt;
                    Artifacts saved to model registry
                  &lt;/div&gt;
                &lt;/div&gt;
              &lt;/details&gt;
            &lt;/div&gt;
          &lt;/div&gt;
        &lt;/div&gt;
      &lt;/div&gt;
    &lt;/div&gt;
  &lt;/div&gt;
&lt;/body&gt;
    at Object.getElementError (/Users/brianlong/Developer/summit/client/node_modules/@testing-library/dom/dist/config.js:37:19)
    at getElementError (/Users/brianlong/Developer/summit/client/node_modules/@testing-library/dom/dist/query-helpers.js:20:35)
    at getMultipleElementsFoundError (/Users/brianlong/Developer/summit/client/node_modules/@testing-library/dom/dist/query-helpers.js:23:10)
    at /Users/brianlong/Developer/summit/client/node_modules/@testing-library/dom/dist/query-helpers.js:55:13
    at /Users/brianlong/Developer/summit/client/node_modules/@testing-library/dom/dist/query-helpers.js:95:19
    at Object.&lt;anonymous&gt; (/Users/brianlong/Developer/summit/client/src/components/mlops/__tests__/ModelManagementDashboard.test.tsx:65:19)</failure>
    </testcase>
    <testcase classname="ModelManagementDashboard" name="filters models by search query" time="0.85">
    </testcase>
    <testcase classname="ModelManagementDashboard" name="filters models by status" time="0.389">
    </testcase>
    <testcase classname="ModelManagementDashboard" name="selects model and shows details" time="0.443">
    </testcase>
    <testcase classname="ModelManagementDashboard" name="calls model select callback" time="0.394">
    </testcase>
    <testcase classname="ModelManagementDashboard" name="shows deploy button for non-production models" time="0.542">
    </testcase>
    <testcase classname="ModelManagementDashboard" name="hides deploy button for production models" time="0.495">
    </testcase>
    <testcase classname="ModelManagementDashboard" name="handles model deployment" time="1.231">
    </testcase>
    <testcase classname="ModelManagementDashboard" name="displays model performance metrics" time="1.247">
      <failure>TestingLibraryElementError: Unable to find an element with the text: /Accuracy: 94.2%/. This could be because the text is broken up by multiple elements. In this case, you can provide a function for your text matcher to make your matcher more flexible.

Ignored nodes: comments, script, style
&lt;body&gt;
  &lt;div&gt;
    &lt;div
      class=&quot;model-management-dashboard &quot;
      style=&quot;height: 100%; display: flex; flex-direction: column;&quot;
    &gt;
      &lt;div
        style=&quot;margin-bottom: 24px;&quot;
      &gt;
        &lt;h3
          style=&quot;font-size: 1.2rem; font-weight: 600; margin-bottom: 16px;&quot;
        &gt;
          🤖 MLOps Model Management
        &lt;/h3&gt;
        &lt;div
          style=&quot;display: flex; border-bottom: 1px solid var(--hairline); margin-bottom: 16px;&quot;
        &gt;
          &lt;button
            style=&quot;padding: 12px 16px; background-color: transparent; border-bottom: 2px solid rgb(26, 115, 232); cursor: pointer; font-size: 14px; font-weight: 600; color: rgb(26, 115, 232);&quot;
          &gt;
            🎯 Models
             (
            3
            )
          &lt;/button&gt;
          &lt;button
            style=&quot;padding: 12px 16px; background-color: transparent; border-bottom: 2px solid transparent; cursor: pointer; font-size: 14px; font-weight: 400; color: rgb(102, 102, 102);&quot;
          &gt;
            🏋️ Training Jobs
             (
            2
            )
          &lt;/button&gt;
          &lt;button
            style=&quot;padding: 12px 16px; background-color: transparent; border-bottom: 2px solid transparent; cursor: pointer; font-size: 14px; font-weight: 400; color: rgb(102, 102, 102);&quot;
          &gt;
            🧪 Experiments
             (
            1
            )
          &lt;/button&gt;
          &lt;button
            style=&quot;padding: 12px 16px; background-color: transparent; border-bottom: 2px solid transparent; cursor: pointer; font-size: 14px; font-weight: 400; color: rgb(102, 102, 102);&quot;
          &gt;
            📊 Monitoring
             (
            0
            )
          &lt;/button&gt;
        &lt;/div&gt;
        &lt;div
          style=&quot;display: flex; gap: 12px; align-items: center; flex-wrap: wrap;&quot;
        &gt;
          &lt;input
            placeholder=&quot;Search models, tags, or algorithms...&quot;
            style=&quot;padding: 8px 12px; border: 1px solid var(--hairline); border-radius: 4px; flex: 1 1 300px; font-size: 14px;&quot;
            type=&quot;text&quot;
            value=&quot;&quot;
          /&gt;
          &lt;select
            style=&quot;padding: 8px; border: 1px solid var(--hairline); border-radius: 4px; font-size: 14px;&quot;
          &gt;
            &lt;option
              value=&quot;all&quot;
            &gt;
              All Status
            &lt;/option&gt;
            &lt;option
              value=&quot;production&quot;
            &gt;
              Production
            &lt;/option&gt;
            &lt;option
              value=&quot;staging&quot;
            &gt;
              Staging
            &lt;/option&gt;
            &lt;option
              value=&quot;development&quot;
            &gt;
              Development
            &lt;/option&gt;
            &lt;option
              value=&quot;deprecated&quot;
            &gt;
              Deprecated
            &lt;/option&gt;
          &lt;/select&gt;
        &lt;/div&gt;
      &lt;/div&gt;
      &lt;div
        style=&quot;flex: 1 1 0%; overflow: hidden;&quot;
      &gt;
        &lt;div
          style=&quot;height: 100%; display: grid; grid-template-columns: 1fr 1fr; gap: 16px;&quot;
        &gt;
          &lt;div
            style=&quot;overflow: auto; border: 1px solid var(--hairline); border-radius: 8px;&quot;
          &gt;
            &lt;div
              style=&quot;padding: 16px; border-bottom: 1px solid var(--hairline); background-color: rgb(248, 249, 250);&quot;
            &gt;
              &lt;h4
                style=&quot;margin: 0px; font-size: 14px; font-weight: 600;&quot;
              &gt;
                ML Models (
                3
                )
              &lt;/h4&gt;
            &lt;/div&gt;
            &lt;div&gt;
              &lt;div
                style=&quot;padding: 16px; border-bottom: 1px solid rgb(240, 240, 240); cursor: pointer; background-color: rgb(227, 242, 253); transition: background-color 0.2s;&quot;
              &gt;
                &lt;div
                  style=&quot;display: flex; justify-content: space-between; align-items: flex-start; margin-bottom: 8px;&quot;
                &gt;
                  &lt;div&gt;
                    &lt;h5
                      style=&quot;font-size: 14px; font-weight: 600; margin: 0px 0px 4px 0px;&quot;
                    &gt;
                      Entity Resolution Neural Network
                    &lt;/h5&gt;
                    &lt;div
                      style=&quot;font-size: 12px; color: rgb(102, 102, 102);&quot;
                    &gt;
                      v2.3.1
                       • 
                      Siamese Neural Network
                    &lt;/div&gt;
                  &lt;/div&gt;
                  &lt;div
                    style=&quot;display: flex; align-items: center; gap: 8px;&quot;
                  &gt;
                    &lt;span
                      style=&quot;font-size: 16px;&quot;
                    &gt;
                      🟢
                    &lt;/span&gt;
                    &lt;span
                      style=&quot;font-size: 11px; padding: 2px 6px; border-radius: 12px; background-color: rgb(40, 167, 69); color: white; font-weight: 600;&quot;
                    &gt;
                      PRODUCTION
                    &lt;/span&gt;
                  &lt;/div&gt;
                &lt;/div&gt;
                &lt;div
                  style=&quot;display: grid; grid-template-columns: 1fr 1fr 1fr; gap: 8px; margin-bottom: 8px; font-size: 12px;&quot;
                &gt;
                  &lt;div&gt;
                    &lt;strong&gt;
                      Accuracy:
           ...
    at Object.getElementError (/Users/brianlong/Developer/summit/client/node_modules/@testing-library/dom/dist/config.js:37:19)
    at /Users/brianlong/Developer/summit/client/node_modules/@testing-library/dom/dist/query-helpers.js:76:38
    at /Users/brianlong/Developer/summit/client/node_modules/@testing-library/dom/dist/query-helpers.js:52:17
    at /Users/brianlong/Developer/summit/client/node_modules/@testing-library/dom/dist/query-helpers.js:95:19
    at Object.&lt;anonymous&gt; (/Users/brianlong/Developer/summit/client/src/components/mlops/__tests__/ModelManagementDashboard.test.tsx:209:19)</failure>
    </testcase>
    <testcase classname="ModelManagementDashboard" name="displays model environment information" time="0.281">
      <failure>TestingLibraryElementError: Unable to find an element with the text: /Python: 3.9.7/. This could be because the text is broken up by multiple elements. In this case, you can provide a function for your text matcher to make your matcher more flexible.

Ignored nodes: comments, script, style
&lt;body&gt;
  &lt;div&gt;
    &lt;div
      class=&quot;model-management-dashboard &quot;
      style=&quot;height: 100%; display: flex; flex-direction: column;&quot;
    &gt;
      &lt;div
        style=&quot;margin-bottom: 24px;&quot;
      &gt;
        &lt;h3
          style=&quot;font-size: 1.2rem; font-weight: 600; margin-bottom: 16px;&quot;
        &gt;
          🤖 MLOps Model Management
        &lt;/h3&gt;
        &lt;div
          style=&quot;display: flex; border-bottom: 1px solid var(--hairline); margin-bottom: 16px;&quot;
        &gt;
          &lt;button
            style=&quot;padding: 12px 16px; background-color: transparent; border-bottom: 2px solid rgb(26, 115, 232); cursor: pointer; font-size: 14px; font-weight: 600; color: rgb(26, 115, 232);&quot;
          &gt;
            🎯 Models
             (
            3
            )
          &lt;/button&gt;
          &lt;button
            style=&quot;padding: 12px 16px; background-color: transparent; border-bottom: 2px solid transparent; cursor: pointer; font-size: 14px; font-weight: 400; color: rgb(102, 102, 102);&quot;
          &gt;
            🏋️ Training Jobs
             (
            2
            )
          &lt;/button&gt;
          &lt;button
            style=&quot;padding: 12px 16px; background-color: transparent; border-bottom: 2px solid transparent; cursor: pointer; font-size: 14px; font-weight: 400; color: rgb(102, 102, 102);&quot;
          &gt;
            🧪 Experiments
             (
            1
            )
          &lt;/button&gt;
          &lt;button
            style=&quot;padding: 12px 16px; background-color: transparent; border-bottom: 2px solid transparent; cursor: pointer; font-size: 14px; font-weight: 400; color: rgb(102, 102, 102);&quot;
          &gt;
            📊 Monitoring
             (
            0
            )
          &lt;/button&gt;
        &lt;/div&gt;
        &lt;div
          style=&quot;display: flex; gap: 12px; align-items: center; flex-wrap: wrap;&quot;
        &gt;
          &lt;input
            placeholder=&quot;Search models, tags, or algorithms...&quot;
            style=&quot;padding: 8px 12px; border: 1px solid var(--hairline); border-radius: 4px; flex: 1 1 300px; font-size: 14px;&quot;
            type=&quot;text&quot;
            value=&quot;&quot;
          /&gt;
          &lt;select
            style=&quot;padding: 8px; border: 1px solid var(--hairline); border-radius: 4px; font-size: 14px;&quot;
          &gt;
            &lt;option
              value=&quot;all&quot;
            &gt;
              All Status
            &lt;/option&gt;
            &lt;option
              value=&quot;production&quot;
            &gt;
              Production
            &lt;/option&gt;
            &lt;option
              value=&quot;staging&quot;
            &gt;
              Staging
            &lt;/option&gt;
            &lt;option
              value=&quot;development&quot;
            &gt;
              Development
            &lt;/option&gt;
            &lt;option
              value=&quot;deprecated&quot;
            &gt;
              Deprecated
            &lt;/option&gt;
          &lt;/select&gt;
        &lt;/div&gt;
      &lt;/div&gt;
      &lt;div
        style=&quot;flex: 1 1 0%; overflow: hidden;&quot;
      &gt;
        &lt;div
          style=&quot;height: 100%; display: grid; grid-template-columns: 1fr 1fr; gap: 16px;&quot;
        &gt;
          &lt;div
            style=&quot;overflow: auto; border: 1px solid var(--hairline); border-radius: 8px;&quot;
          &gt;
            &lt;div
              style=&quot;padding: 16px; border-bottom: 1px solid var(--hairline); background-color: rgb(248, 249, 250);&quot;
            &gt;
              &lt;h4
                style=&quot;margin: 0px; font-size: 14px; font-weight: 600;&quot;
              &gt;
                ML Models (
                3
                )
              &lt;/h4&gt;
            &lt;/div&gt;
            &lt;div&gt;
              &lt;div
                style=&quot;padding: 16px; border-bottom: 1px solid rgb(240, 240, 240); cursor: pointer; background-color: rgb(227, 242, 253); transition: background-color 0.2s;&quot;
              &gt;
                &lt;div
                  style=&quot;display: flex; justify-content: space-between; align-items: flex-start; margin-bottom: 8px;&quot;
                &gt;
                  &lt;div&gt;
                    &lt;h5
                      style=&quot;font-size: 14px; font-weight: 600; margin: 0px 0px 4px 0px;&quot;
                    &gt;
                      Entity Resolution Neural Network
                    &lt;/h5&gt;
                    &lt;div
                      style=&quot;font-size: 12px; color: rgb(102, 102, 102);&quot;
                    &gt;
                      v2.3.1
                       • 
                      Siamese Neural Network
                    &lt;/div&gt;
                  &lt;/div&gt;
                  &lt;div
                    style=&quot;display: flex; align-items: center; gap: 8px;&quot;
                  &gt;
                    &lt;span
                      style=&quot;font-size: 16px;&quot;
                    &gt;
                      🟢
                    &lt;/span&gt;
                    &lt;span
                      style=&quot;font-size: 11px; padding: 2px 6px; border-radius: 12px; background-color: rgb(40, 167, 69); color: white; font-weight: 600;&quot;
                    &gt;
                      PRODUCTION
                    &lt;/span&gt;
                  &lt;/div&gt;
                &lt;/div&gt;
                &lt;div
                  style=&quot;display: grid; grid-template-columns: 1fr 1fr 1fr; gap: 8px; margin-bottom: 8px; font-size: 12px;&quot;
                &gt;
                  &lt;div&gt;
                    &lt;strong&gt;
                      Accuracy:
           ...
    at Object.getElementError (/Users/brianlong/Developer/summit/client/node_modules/@testing-library/dom/dist/config.js:37:19)
    at /Users/brianlong/Developer/summit/client/node_modules/@testing-library/dom/dist/query-helpers.js:76:38
    at /Users/brianlong/Developer/summit/client/node_modules/@testing-library/dom/dist/query-helpers.js:52:17
    at /Users/brianlong/Developer/summit/client/node_modules/@testing-library/dom/dist/query-helpers.js:95:19
    at Object.&lt;anonymous&gt; (/Users/brianlong/Developer/summit/client/src/components/mlops/__tests__/ModelManagementDashboard.test.tsx:223:19)</failure>
    </testcase>
    <testcase classname="ModelManagementDashboard" name="shows training job progress" time="0.299">
    </testcase>
    <testcase classname="ModelManagementDashboard" name="shows training job resource usage" time="0.256">
      <failure>TestingLibraryElementError: Unable to find an element with the text: /GPU: 87%/. This could be because the text is broken up by multiple elements. In this case, you can provide a function for your text matcher to make your matcher more flexible.

Ignored nodes: comments, script, style
&lt;body&gt;
  &lt;div&gt;
    &lt;div
      class=&quot;model-management-dashboard &quot;
      style=&quot;height: 100%; display: flex; flex-direction: column;&quot;
    &gt;
      &lt;div
        style=&quot;margin-bottom: 24px;&quot;
      &gt;
        &lt;h3
          style=&quot;font-size: 1.2rem; font-weight: 600; margin-bottom: 16px;&quot;
        &gt;
          🤖 MLOps Model Management
        &lt;/h3&gt;
        &lt;div
          style=&quot;display: flex; border-bottom: 1px solid var(--hairline); margin-bottom: 16px;&quot;
        &gt;
          &lt;button
            style=&quot;padding: 12px 16px; background-color: transparent; cursor: pointer; font-size: 14px; font-weight: 400; color: rgb(102, 102, 102); border-bottom: 2px solid transparent;&quot;
          &gt;
            🎯 Models
             (
            3
            )
          &lt;/button&gt;
          &lt;button
            style=&quot;padding: 12px 16px; background-color: transparent; cursor: pointer; font-size: 14px; font-weight: 600; color: rgb(26, 115, 232); border-bottom: 2px solid rgb(26, 115, 232);&quot;
          &gt;
            🏋️ Training Jobs
             (
            2
            )
          &lt;/button&gt;
          &lt;button
            style=&quot;padding: 12px 16px; background-color: transparent; border-bottom: 2px solid transparent; cursor: pointer; font-size: 14px; font-weight: 400; color: rgb(102, 102, 102);&quot;
          &gt;
            🧪 Experiments
             (
            1
            )
          &lt;/button&gt;
          &lt;button
            style=&quot;padding: 12px 16px; background-color: transparent; border-bottom: 2px solid transparent; cursor: pointer; font-size: 14px; font-weight: 400; color: rgb(102, 102, 102);&quot;
          &gt;
            📊 Monitoring
             (
            0
            )
          &lt;/button&gt;
        &lt;/div&gt;
        &lt;div
          style=&quot;display: flex; gap: 12px; align-items: center; flex-wrap: wrap;&quot;
        &gt;
          &lt;input
            placeholder=&quot;Search models, tags, or algorithms...&quot;
            style=&quot;padding: 8px 12px; border: 1px solid var(--hairline); border-radius: 4px; flex: 1 1 300px; font-size: 14px;&quot;
            type=&quot;text&quot;
            value=&quot;&quot;
          /&gt;
          &lt;select
            style=&quot;padding: 8px; border: 1px solid var(--hairline); border-radius: 4px; font-size: 14px;&quot;
          &gt;
            &lt;option
              value=&quot;all&quot;
            &gt;
              All Status
            &lt;/option&gt;
            &lt;option
              value=&quot;production&quot;
            &gt;
              Production
            &lt;/option&gt;
            &lt;option
              value=&quot;staging&quot;
            &gt;
              Staging
            &lt;/option&gt;
            &lt;option
              value=&quot;development&quot;
            &gt;
              Development
            &lt;/option&gt;
            &lt;option
              value=&quot;deprecated&quot;
            &gt;
              Deprecated
            &lt;/option&gt;
          &lt;/select&gt;
        &lt;/div&gt;
      &lt;/div&gt;
      &lt;div
        style=&quot;flex: 1 1 0%; overflow: hidden;&quot;
      &gt;
        &lt;div
          style=&quot;overflow: auto; border: 1px solid var(--hairline); border-radius: 8px;&quot;
        &gt;
          &lt;div
            style=&quot;padding: 16px; border-bottom: 1px solid var(--hairline); background-color: rgb(248, 249, 250);&quot;
          &gt;
            &lt;h4
              style=&quot;margin: 0px; font-size: 14px; font-weight: 600;&quot;
            &gt;
              Training Jobs (
              2
              )
            &lt;/h4&gt;
          &lt;/div&gt;
          &lt;div&gt;
            &lt;div
              style=&quot;padding: 16px; border-bottom: 1px solid rgb(240, 240, 240);&quot;
            &gt;
              &lt;div
                style=&quot;display: flex; justify-content: space-between; align-items: flex-start; margin-bottom: 12px;&quot;
              &gt;
                &lt;div&gt;
                  &lt;h5
                    style=&quot;font-size: 14px; font-weight: 600; margin: 0px 0px 4px 0px;&quot;
                  &gt;
                    Training Job 
                    job-001
                  &lt;/h5&gt;
                  &lt;div
                    style=&quot;font-size: 12px; color: rgb(102, 102, 102);&quot;
                  &gt;
                    Model: 
                    model-003
                     • Started:
                     
                    10/15/2025, 10:58:37 PM
                  &lt;/div&gt;
                &lt;/div&gt;
                &lt;span
                  style=&quot;font-size: 11px; padding: 2px 6px; border-radius: 12px; background-color: rgb(23, 162, 184); color: white; font-weight: 600;&quot;
                &gt;
                  RUNNING
                &lt;/span&gt;
              &lt;/div&gt;
              &lt;div
                style=&quot;margin-bottom: 12px;&quot;
              &gt;
                &lt;div
                  style=&quot;display: flex; justify-content: space-between; font-size: 12px; margin-bottom: 4px;&quot;
                &gt;
                  &lt;span&gt;
                    Progress
                  &lt;/span&gt;
                  &lt;span&gt;
                    67
                    %
                  &lt;/span&gt;
                &lt;/div&gt;
                &lt;div
                  style=&quot;width: 100%; height: 4px; background-color: rgb(233, 236, 239); border-radius: 2px;&quot;
                &gt;
                  &lt;div
                    style=&quot;width: 67%; height: 100%; background-color: rgb(23, 162, 184); border-radius: 2px; transition: width 0.3s ease;&quot;
                  /&gt;
                &lt;/div&gt;
              &lt;/div&gt;
              &lt;div
                style=&quot;display: grid; grid-template-columns: repeat(4, 1fr); gap: 12px; margin-bottom: 12px; font-size: 12px;&quot;
              &gt;
                &lt;div&gt;
                  &lt;strong&gt;
                    GPU:
                  &lt;/strong&gt;
                   
                  87
                  %
                &lt;/div&gt;
                &lt;div&gt;
                  &lt;strong&gt;
                    CPU:
                  &lt;/strong&gt;
                   
                  34
                  %
                &lt;/div&gt;
                &lt;div&gt;
                  &lt;strong&gt;
                    Memory:
                  &lt;/strong&gt;
                   
                  78
                  %
                &lt;/div&gt;
                &lt;div&gt;
                  &lt;strong&gt;
                    Storage:
                  &lt;/strong&gt;
                   
                  12
                   GB
                &lt;/div&gt;
              &lt;/div&gt;
              &lt;div
                style=&quot;font-size: 12px; color: rgb(102, 102, 102); margin-bottom: 8px;&quot;
              &gt;
                Current Metrics: Accuracy 
                85.3
                % • Loss
                 
                0.178
              &lt;/div&gt;
              &lt;details
                style=&quot;font-size: 12px;&quot;
              &gt;
                &lt;summary
                  style=&quot;cursor: pointer; font-weight: 600;&quot;
                &gt;
                  View Logs
                &lt;/summary&gt;
                &lt;div
                  style=&quot;margin-top: 8px; padding: 8px; background-color: rgb(248, 249, 250); border-radius: 4px;&quot;
                &gt;
                  &lt;div
                    style=&quot;font-family: monospace; font-size: 11px; margin-bottom: 2px;&quot;
                  &gt;
                    Epoch 33/50 - loss: 0.178 - accuracy: 0.853 - val_loss: 0.192 - val_accuracy: 0.841
                  &lt;/div&gt;
                  &lt;div
                    style=&quot;font-family: monospace; font-size: 11px; margin-bottom: 2px;&quot;
                  &gt;
                    Learning rate reduced on plateau: 0.001 -&amp;gt; 0.0005
                  &lt;/div&gt;
                  &lt;div
                    style=&quot;font-family: monospace; font-size: 11px; margin-bottom: 2px;&quot;
                  &gt;
                    Early stopping patience: 5/10
                  &lt;/div&gt;
                &lt;/div&gt;
              &lt;/details&gt;
            &lt;/div&gt;
            &lt;div
              style=&quot;padding: 16px; border-bottom: 1px solid rgb(240, 240, 240);&quot;
            &gt;
              &lt;div
                style=&quot;display: flex; justify-content: space-between; align-items: flex-start; margin-bottom: 12px;&quot;
              &gt;
                &lt;div&gt;
                  &lt;h5
                    style=&quot;font-size: 14px; font-weight: 600; margin: 0px 0px 4px 0px;&quot;
                  &gt;
                    Training Job 
                    job-002
                  &lt;/h5&gt;
                  &lt;div
                    style=&quot;font-size: 12px; color: rgb(102, 102, 102);&quot;
                  &gt;
                    Model: 
                    model-002
                     • Started:
                     
                    10/15/2025, 12:58:37 AM
                  &lt;/div&gt;
                &lt;/div&gt;
                &lt;span
                  style=&quot;font-size: 11px; padding: 2px 6px; border-radius: 12px; background-color: rgb(40, 167, 69); color: white; font-weight: 600;&quot;
                &gt;
                  COMPLETED
                &lt;/span&gt;
              &lt;/div&gt;
              &lt;div
                style=&quot;display: grid; grid-template-columns: repeat(4, 1fr); gap: 12px; margin-bottom: 12px; font-size: 12px;&quot;
              &gt;
                &lt;div&gt;
                  &lt;strong&gt;
                    GPU:
                  &lt;/strong&gt;
                   
                  0
                  %
                &lt;/div&gt;
                &lt;div&gt;
                  &lt;strong&gt;
                    CPU:
                  &lt;/strong&gt;
                   
                  65
                  %
                &lt;/div&gt;
                &lt;div&gt;
                  &lt;strong&gt;
                    Memory:
                  &lt;/strong&gt;
                   
                  45
                  %
                &lt;/div&gt;
                &lt;div&gt;
                  &lt;strong&gt;
                    Storage:
                  &lt;/strong&gt;
                   
                  8
                   GB
                &lt;/div&gt;
              &lt;/div&gt;
              &lt;div
                style=&quot;font-size: 12px; color: rgb(102, 102, 102); margin-bottom: 8px;&quot;
              &gt;
                Current Metrics: Accuracy 
                89.7
                % • Loss
                 
              &lt;/div&gt;
              &lt;details
                style=&quot;font-size: 12px;&quot;
              &gt;
                &lt;summary
                  style=&quot;cursor: pointer; font-weight: 600;&quot;
                &gt;
                  View Logs
                &lt;/summary&gt;
                &lt;div
                  style=&quot;margin-top: 8px; padding: 8px; background-color: rgb(248, 249, 250); border-radius: 4px;&quot;
                &gt;
                  &lt;div
                    style=&quot;font-family: monospace; font-size: 11px; margin-bottom: 2px;&quot;
                  &gt;
                    Training completed successfully
                  &lt;/div&gt;
                  &lt;div
                    style=&quot;font-family: monospace; font-size: 11px; margin-bottom: 2px;&quot;
                  &gt;
                    Model validation passed
                  &lt;/div&gt;
                  &lt;div
                    style=&quot;font-family: monospace; font-size: 11px; margin-bottom: 2px;&quot;
                  &gt;
                    Artifacts saved to model registry
                  &lt;/div&gt;
                &lt;/div&gt;
              &lt;/details&gt;
            &lt;/div&gt;
          &lt;/div&gt;
        &lt;/div&gt;
      &lt;/div&gt;
    &lt;/div&gt;
  &lt;/div&gt;
&lt;/body&gt;
    at Object.getElementError (/Users/brianlong/Developer/summit/client/node_modules/@testing-library/dom/dist/config.js:37:19)
    at /Users/brianlong/Developer/summit/client/node_modules/@testing-library/dom/dist/query-helpers.js:76:38
    at /Users/brianlong/Developer/summit/client/node_modules/@testing-library/dom/dist/query-helpers.js:52:17
    at /Users/brianlong/Developer/summit/client/node_modules/@testing-library/dom/dist/query-helpers.js:95:19
    at Object.&lt;anonymous&gt; (/Users/brianlong/Developer/summit/client/src/components/mlops/__tests__/ModelManagementDashboard.test.tsx:249:19)</failure>
    </testcase>
    <testcase classname="ModelManagementDashboard" name="expands training job logs" time="0.284">
      <failure>TestingLibraryElementError: Found multiple elements with the text: View Logs

Here are the matching elements:

Ignored nodes: comments, script, style
&lt;summary
  style=&quot;cursor: pointer; font-weight: 600;&quot;
&gt;
  View Logs
&lt;/summary&gt;

Ignored nodes: comments, script, style
&lt;summary
  style=&quot;cursor: pointer; font-weight: 600;&quot;
&gt;
  View Logs
&lt;/summary&gt;

(If this is intentional, then use the `*AllBy*` variant of the query (like `queryAllByText`, `getAllByText`, or `findAllByText`)).

Ignored nodes: comments, script, style
&lt;body&gt;
  &lt;div&gt;
    &lt;div
      class=&quot;model-management-dashboard &quot;
      style=&quot;height: 100%; display: flex; flex-direction: column;&quot;
    &gt;
      &lt;div
        style=&quot;margin-bottom: 24px;&quot;
      &gt;
        &lt;h3
          style=&quot;font-size: 1.2rem; font-weight: 600; margin-bottom: 16px;&quot;
        &gt;
          🤖 MLOps Model Management
        &lt;/h3&gt;
        &lt;div
          style=&quot;display: flex; border-bottom: 1px solid var(--hairline); margin-bottom: 16px;&quot;
        &gt;
          &lt;button
            style=&quot;padding: 12px 16px; background-color: transparent; cursor: pointer; font-size: 14px; font-weight: 400; color: rgb(102, 102, 102); border-bottom: 2px solid transparent;&quot;
          &gt;
            🎯 Models
             (
            3
            )
          &lt;/button&gt;
          &lt;button
            style=&quot;padding: 12px 16px; background-color: transparent; cursor: pointer; font-size: 14px; font-weight: 600; color: rgb(26, 115, 232); border-bottom: 2px solid rgb(26, 115, 232);&quot;
          &gt;
            🏋️ Training Jobs
             (
            2
            )
          &lt;/button&gt;
          &lt;button
            style=&quot;padding: 12px 16px; background-color: transparent; border-bottom: 2px solid transparent; cursor: pointer; font-size: 14px; font-weight: 400; color: rgb(102, 102, 102);&quot;
          &gt;
            🧪 Experiments
             (
            1
            )
          &lt;/button&gt;
          &lt;button
            style=&quot;padding: 12px 16px; background-color: transparent; border-bottom: 2px solid transparent; cursor: pointer; font-size: 14px; font-weight: 400; color: rgb(102, 102, 102);&quot;
          &gt;
            📊 Monitoring
             (
            0
            )
          &lt;/button&gt;
        &lt;/div&gt;
        &lt;div
          style=&quot;display: flex; gap: 12px; align-items: center; flex-wrap: wrap;&quot;
        &gt;
          &lt;input
            placeholder=&quot;Search models, tags, or algorithms...&quot;
            style=&quot;padding: 8px 12px; border: 1px solid var(--hairline); border-radius: 4px; flex: 1 1 300px; font-size: 14px;&quot;
            type=&quot;text&quot;
            value=&quot;&quot;
          /&gt;
          &lt;select
            style=&quot;padding: 8px; border: 1px solid var(--hairline); border-radius: 4px; font-size: 14px;&quot;
          &gt;
            &lt;option
              value=&quot;all&quot;
            &gt;
              All Status
            &lt;/option&gt;
            &lt;option
              value=&quot;production&quot;
            &gt;
              Production
            &lt;/option&gt;
            &lt;option
              value=&quot;staging&quot;
            &gt;
              Staging
            &lt;/option&gt;
            &lt;option
              value=&quot;development&quot;
            &gt;
              Development
            &lt;/option&gt;
            &lt;option
              value=&quot;deprecated&quot;
            &gt;
              Deprecated
            &lt;/option&gt;
          &lt;/select&gt;
        &lt;/div&gt;
      &lt;/div&gt;
      &lt;div
        style=&quot;flex: 1 1 0%; overflow: hidden;&quot;
      &gt;
        &lt;div
          style=&quot;overflow: auto; border: 1px solid var(--hairline); border-radius: 8px;&quot;
        &gt;
          &lt;div
            style=&quot;padding: 16px; border-bottom: 1px solid var(--hairline); background-color: rgb(248, 249, 250);&quot;
          &gt;
            &lt;h4
              style=&quot;margin: 0px; font-size: 14px; font-weight: 600;&quot;
            &gt;
              Training Jobs (
              2
              )
            &lt;/h4&gt;
          &lt;/div&gt;
          &lt;div&gt;
            &lt;div
              style=&quot;padding: 16px; border-bottom: 1px solid rgb(240, 240, 240);&quot;
            &gt;
              &lt;div
                style=&quot;display: flex; justify-content: space-between; align-items: flex-start; margin-bottom: 12px;&quot;
              &gt;
                &lt;div&gt;
                  &lt;h5
                    style=&quot;font-size: 14px; font-weight: 600; margin: 0px 0px 4px 0px;&quot;
                  &gt;
                    Training Job 
                    job-001
                  &lt;/h5&gt;
                  &lt;div
                    style=&quot;font-size: 12px; color: rgb(102, 102, 102);&quot;
                  &gt;
                    Model: 
                    model-003
                     • Started:
                     
                    10/15/2025, 10:58:37 PM
                  &lt;/div&gt;
                &lt;/div&gt;
                &lt;span
                  style=&quot;font-size: 11px; padding: 2px 6px; border-radius: 12px; background-color: rgb(23, 162, 184); color: white; font-weight: 600;&quot;
                &gt;
                  RUNNING
                &lt;/span&gt;
              &lt;/div&gt;
              &lt;div
                style=&quot;margin-bottom: 12px;&quot;
              &gt;
                &lt;div
                  style=&quot;display: flex; justify-content: space-between; font-size: 12px; margin-bottom: 4px;&quot;
                &gt;
                  &lt;span&gt;
                    Progress
                  &lt;/span&gt;
                  &lt;span&gt;
                    67
                    %
                  &lt;/span&gt;
                &lt;/div&gt;
                &lt;div
                  style=&quot;width: 100%; height: 4px; background-color: rgb(233, 236, 239); border-radius: 2px;&quot;
                &gt;
                  &lt;div
                    style=&quot;width: 67%; height: 100%; background-color: rgb(23, 162, 184); border-radius: 2px; transition: width 0.3s ease;&quot;
                  /&gt;
                &lt;/div&gt;
              &lt;/div&gt;
              &lt;div
                style=&quot;display: grid; grid-template-columns: repeat(4, 1fr); gap: 12px; margin-bottom: 12px; font-size: 12px;&quot;
              &gt;
                &lt;div&gt;
                  &lt;strong&gt;
                    GPU:
                  &lt;/strong&gt;
                   
                  87
                  %
                &lt;/div&gt;
                &lt;div&gt;
                  &lt;strong&gt;
                    CPU:
                  &lt;/strong&gt;
                   
                  34
                  %
                &lt;/div&gt;
                &lt;div&gt;
                  &lt;strong&gt;
                    Memory:
                  &lt;/strong&gt;
                   
                  78
                  %
                &lt;/div&gt;
                &lt;div&gt;
                  &lt;strong&gt;
                    Storage:
                  &lt;/strong&gt;
                   
                  12
                   GB
                &lt;/div&gt;
              &lt;/div&gt;
              &lt;div
                style=&quot;font-size: 12px; color: rgb(102, 102, 102); margin-bottom: 8px;&quot;
              &gt;
                Current Metrics: Accuracy 
                85.3
                % • Loss
                 
                0.178
              &lt;/div&gt;
              &lt;details
                style=&quot;font-size: 12px;&quot;
              &gt;
                &lt;summary
                  style=&quot;cursor: pointer; font-weight: 600;&quot;
                &gt;
                  View Logs
                &lt;/summary&gt;
                &lt;div
                  style=&quot;margin-top: 8px; padding: 8px; background-color: rgb(248, 249, 250); border-radius: 4px;&quot;
                &gt;
                  &lt;div
                    style=&quot;font-family: monospace; font-size: 11px; margin-bottom: 2px;&quot;
                  &gt;
                    Epoch 33/50 - loss: 0.178 - accuracy: 0.853 - val_loss: 0.192 - val_accuracy: 0.841
                  &lt;/div&gt;
                  &lt;div
                    style=&quot;font-family: monospace; font-size: 11px; margin-bottom: 2px;&quot;
                  &gt;
                    Learning rate reduced on plateau: 0.001 -&amp;gt; 0.0005
                  &lt;/div&gt;
                  &lt;div
                    style=&quot;font-family: monospace; font-size: 11px; margin-bottom: 2px;&quot;
                  &gt;
                    Early stopping patience: 5/10
                  &lt;/div&gt;
                &lt;/div&gt;
              &lt;/details&gt;
            &lt;/div&gt;
            &lt;div
              style=&quot;padding: 16px; border-bottom: 1px solid rgb(240, 240, 240);&quot;
            &gt;
              &lt;div
                style=&quot;display: flex; justify-content: space-between; align-items: flex-start; margin-bottom: 12px;&quot;
              &gt;
                &lt;div&gt;
                  &lt;h5
                    style=&quot;font-size: 14px; font-weight: 600; margin: 0px 0px 4px 0px;&quot;
                  &gt;
                    Training Job 
                    job-002
                  &lt;/h5&gt;
                  &lt;div
                    style=&quot;font-size: 12px; color: rgb(102, 102, 102);&quot;
                  &gt;
                    Model: 
                    model-002
                     • Started:
                     
                    10/15/2025, 12:58:37 AM
                  &lt;/div&gt;
                &lt;/div&gt;
                &lt;span
                  style=&quot;font-size: 11px; padding: 2px 6px; border-radius: 12px; background-color: rgb(40, 167, 69); color: white; font-weight: 600;&quot;
                &gt;
                  COMPLETED
                &lt;/span&gt;
              &lt;/div&gt;
              &lt;div
                style=&quot;display: grid; grid-template-columns: repeat(4, 1fr); gap: 12px; margin-bottom: 12px; font-size: 12px;&quot;
              &gt;
                &lt;div&gt;
                  &lt;strong&gt;
                    GPU:
                  &lt;/strong&gt;
                   
                  0
                  %
                &lt;/div&gt;
                &lt;div&gt;
                  &lt;strong&gt;
                    CPU:
                  &lt;/strong&gt;
                   
                  65
                  %
                &lt;/div&gt;
                &lt;div&gt;
                  &lt;strong&gt;
                    Memory:
                  &lt;/strong&gt;
                   
                  45
                  %
                &lt;/div&gt;
                &lt;div&gt;
                  &lt;strong&gt;
                    Storage:
                  &lt;/strong&gt;
                   
                  8
                   GB
                &lt;/div&gt;
              &lt;/div&gt;
              &lt;div
                style=&quot;font-size: 12px; color: rgb(102, 102, 102); margin-bottom: 8px;&quot;
              &gt;
                Current Metrics: Accuracy 
                89.7
                % • Loss
                 
              &lt;/div&gt;
              &lt;details
                style=&quot;font-size: 12px;&quot;
              &gt;
                &lt;summary
                  style=&quot;cursor: pointer; font-weight: 600;&quot;
                &gt;
                  View Logs
                &lt;/summary&gt;
                &lt;div
                  style=&quot;margin-top: 8px; padding: 8px; background-color: rgb(248, 249, 250); border-radius: 4px;&quot;
                &gt;
                  &lt;div
                    style=&quot;font-family: monospace; font-size: 11px; margin-bottom: 2px;&quot;
                  &gt;
                    Training completed successfully
                  &lt;/div&gt;
                  &lt;div
                    style=&quot;font-family: monospace; font-size: 11px; margin-bottom: 2px;&quot;
                  &gt;
                    Model validation passed
                  &lt;/div&gt;
                  &lt;div
                    style=&quot;font-family: monospace; font-size: 11px; margin-bottom: 2px;&quot;
                  &gt;
                    Artifacts saved to model registry
                  &lt;/div&gt;
                &lt;/div&gt;
              &lt;/details&gt;
            &lt;/div&gt;
          &lt;/div&gt;
        &lt;/div&gt;
      &lt;/div&gt;
    &lt;/div&gt;
  &lt;/div&gt;
&lt;/body&gt;
    at Object.getElementError (/Users/brianlong/Developer/summit/client/node_modules/@testing-library/dom/dist/config.js:37:19)
    at getElementError (/Users/brianlong/Developer/summit/client/node_modules/@testing-library/dom/dist/query-helpers.js:20:35)
    at getMultipleElementsFoundError (/Users/brianlong/Developer/summit/client/node_modules/@testing-library/dom/dist/query-helpers.js:23:10)
    at /Users/brianlong/Developer/summit/client/node_modules/@testing-library/dom/dist/query-helpers.js:55:13
    at /Users/brianlong/Developer/summit/client/node_modules/@testing-library/dom/dist/query-helpers.js:95:19
    at Object.&lt;anonymous&gt; (/Users/brianlong/Developer/summit/client/src/components/mlops/__tests__/ModelManagementDashboard.test.tsx:262:32)</failure>
    </testcase>
    <testcase classname="ModelManagementDashboard" name="handles experiment selection" time="0.25">
    </testcase>
    <testcase classname="ModelManagementDashboard" name="displays experiment results" time="0.066">
      <failure>TestingLibraryElementError: Unable to find an element with the text: /Best Model: model-001/. This could be because the text is broken up by multiple elements. In this case, you can provide a function for your text matcher to make your matcher more flexible.

Ignored nodes: comments, script, style
&lt;body&gt;
  &lt;div&gt;
    &lt;div
      class=&quot;model-management-dashboard &quot;
      style=&quot;height: 100%; display: flex; flex-direction: column;&quot;
    &gt;
      &lt;div
        style=&quot;margin-bottom: 24px;&quot;
      &gt;
        &lt;h3
          style=&quot;font-size: 1.2rem; font-weight: 600; margin-bottom: 16px;&quot;
        &gt;
          🤖 MLOps Model Management
        &lt;/h3&gt;
        &lt;div
          style=&quot;display: flex; border-bottom: 1px solid var(--hairline); margin-bottom: 16px;&quot;
        &gt;
          &lt;button
            style=&quot;padding: 12px 16px; background-color: transparent; cursor: pointer; font-size: 14px; font-weight: 400; color: rgb(102, 102, 102); border-bottom: 2px solid transparent;&quot;
          &gt;
            🎯 Models
             (
            3
            )
          &lt;/button&gt;
          &lt;button
            style=&quot;padding: 12px 16px; background-color: transparent; border-bottom: 2px solid transparent; cursor: pointer; font-size: 14px; font-weight: 400; color: rgb(102, 102, 102);&quot;
          &gt;
            🏋️ Training Jobs
             (
            2
            )
          &lt;/button&gt;
          &lt;button
            style=&quot;padding: 12px 16px; background-color: transparent; cursor: pointer; font-size: 14px; font-weight: 600; color: rgb(26, 115, 232); border-bottom: 2px solid rgb(26, 115, 232);&quot;
          &gt;
            🧪 Experiments
             (
            1
            )
          &lt;/button&gt;
          &lt;button
            style=&quot;padding: 12px 16px; background-color: transparent; border-bottom: 2px solid transparent; cursor: pointer; font-size: 14px; font-weight: 400; color: rgb(102, 102, 102);&quot;
          &gt;
            📊 Monitoring
             (
            0
            )
          &lt;/button&gt;
        &lt;/div&gt;
        &lt;div
          style=&quot;display: flex; gap: 12px; align-items: center; flex-wrap: wrap;&quot;
        &gt;
          &lt;input
            placeholder=&quot;Search models, tags, or algorithms...&quot;
            style=&quot;padding: 8px 12px; border: 1px solid var(--hairline); border-radius: 4px; flex: 1 1 300px; font-size: 14px;&quot;
            type=&quot;text&quot;
            value=&quot;&quot;
          /&gt;
          &lt;select
            style=&quot;padding: 8px; border: 1px solid var(--hairline); border-radius: 4px; font-size: 14px;&quot;
          &gt;
            &lt;option
              value=&quot;all&quot;
            &gt;
              All Status
            &lt;/option&gt;
            &lt;option
              value=&quot;production&quot;
            &gt;
              Production
            &lt;/option&gt;
            &lt;option
              value=&quot;staging&quot;
            &gt;
              Staging
            &lt;/option&gt;
            &lt;option
              value=&quot;development&quot;
            &gt;
              Development
            &lt;/option&gt;
            &lt;option
              value=&quot;deprecated&quot;
            &gt;
              Deprecated
            &lt;/option&gt;
          &lt;/select&gt;
        &lt;/div&gt;
      &lt;/div&gt;
      &lt;div
        style=&quot;flex: 1 1 0%; overflow: hidden;&quot;
      &gt;
        &lt;div
          style=&quot;padding: 16px; border: 1px solid var(--hairline); border-radius: 8px;&quot;
        &gt;
          &lt;h4
            style=&quot;font-size: 16px; font-weight: 600; margin-bottom: 16px;&quot;
          &gt;
            ML Experiments
          &lt;/h4&gt;
          &lt;div
            style=&quot;padding: 16px; border: 1px solid rgb(233, 236, 239); border-radius: 8px; margin-bottom: 16px; cursor: pointer;&quot;
          &gt;
            &lt;div
              style=&quot;display: flex; justify-content: space-between; align-items: flex-start; margin-bottom: 8px;&quot;
            &gt;
              &lt;h5
                style=&quot;font-size: 14px; font-weight: 600; margin: 0px;&quot;
              &gt;
                Entity Resolution Optimization
              &lt;/h5&gt;
              &lt;span
                style=&quot;font-size: 11px; padding: 2px 6px; border-radius: 12px; background-color: rgb(40, 167, 69); color: white;&quot;
              &gt;
                COMPLETED
              &lt;/span&gt;
            &lt;/div&gt;
            &lt;p
              style=&quot;font-size: 13px; color: rgb(102, 102, 102); margin-bottom: 12px; line-height: 1.4;&quot;
            &gt;
              A/B testing different neural network architectures for entity resolution
            &lt;/p&gt;
            &lt;div
              style=&quot;font-size: 12px; margin-bottom: 8px;&quot;
            &gt;
              &lt;strong&gt;
                Objective:
              &lt;/strong&gt;
               
              Maximize F1 Score while maintaining inference latency &amp;lt; 15ms
            &lt;/div&gt;
            &lt;div
              style=&quot;font-size: 12px; padding: 8px; background-color: rgb(248, 249, 250); border-radius: 4px;&quot;
            &gt;
              &lt;div&gt;
                &lt;strong&gt;
                  Best Model:
                &lt;/strong&gt;
                 
                model-001
              &lt;/div&gt;
              &lt;div&gt;
                &lt;strong&gt;
                  Improvement:
                &lt;/strong&gt;
                 +
                12.3
                %
              &lt;/div&gt;
              &lt;div&gt;
                &lt;strong&gt;
                  Key Insights:
                &lt;/strong&gt;
              &lt;/div&gt;
              &lt;ul
                style=&quot;margin-left: 16px; margin-top: 4px;&quot;
              &gt;
                &lt;li&gt;
                  Siamese architecture outperformed triplet loss by 8.2% F1
                &lt;/li&gt;
                &lt;li&gt;
                  Batch normalization crucial for convergence speed
                &lt;/li&gt;
                &lt;li&gt;
                  Data augmentation improved generalization by 15%
                &lt;/li&gt;
              &lt;/ul&gt;
            &lt;/div&gt;
            &lt;div
              style=&quot;font-size: 12px; color: rgb(102, 102, 102); margin-top: 8px;&quot;
            &gt;
              &lt;div&gt;
                Duration: 
                1/1/2024
                 -
                 
                1/20/2024
              &lt;/div&gt;
              &lt;div&gt;
                Models: 
                2
              &lt;/div&gt;
            &lt;/div&gt;
          &lt;/div&gt;
        &lt;/div&gt;
      &lt;/div&gt;
    &lt;/div&gt;
  &lt;/div&gt;
&lt;/body&gt;
    at Object.getElementError (/Users/brianlong/Developer/summit/client/node_modules/@testing-library/dom/dist/config.js:37:19)
    at /Users/brianlong/Developer/summit/client/node_modules/@testing-library/dom/dist/query-helpers.js:76:38
    at /Users/brianlong/Developer/summit/client/node_modules/@testing-library/dom/dist/query-helpers.js:52:17
    at /Users/brianlong/Developer/summit/client/node_modules/@testing-library/dom/dist/query-helpers.js:95:19
    at Object.&lt;anonymous&gt; (/Users/brianlong/Developer/summit/client/src/components/mlops/__tests__/ModelManagementDashboard.test.tsx:301:19)</failure>
    </testcase>
    <testcase classname="ModelManagementDashboard" name="shows monitoring placeholder" time="0.365">
    </testcase>
    <testcase classname="ModelManagementDashboard" name="handles investigation ID prop" time="0.229">
    </testcase>
    <testcase classname="ModelManagementDashboard" name="applies custom className" time="0.042">
    </testcase>
    <testcase classname="ModelManagementDashboard" name="displays status indicators correctly" time="0.082">
    </testcase>
    <testcase classname="ModelManagementDashboard" name="shows model tags" time="0.552">
    </testcase>
    <testcase classname="ModelManagementDashboard" name="handles empty search results" time="2.71">
    </testcase>
    <testcase classname="ModelManagementDashboard" name="updates model count in tab labels" time="0.622">
    </testcase>
    <testcase classname="ModelManagementDashboard" name="shows model endpoints when available" time="1.084">
    </testcase>
    <testcase classname="ModelManagementDashboard" name="handles hover states on model cards" time="0.446">
    </testcase>
  </testsuite>
  <testsuite name="PerformanceMonitor" errors="0" failures="12" skipped="0" timestamp="2025-10-16T06:58:43" time="8.971" tests="15">
    <testcase classname="PerformanceMonitor" name="renders performance indicator when enabled" time="0.304">
      <failure>TypeError: performance.getEntriesByType is not a function
    at /Users/brianlong/Developer/summit/client/src/components/PerformanceMonitor.tsx:35:33
    at /Users/brianlong/Developer/summit/client/src/components/PerformanceMonitor.tsx:78:28
    at commitHookEffectListMount (/Users/brianlong/Developer/summit/client/node_modules/react-dom/cjs/react-dom.development.js:23189:26)
    at commitPassiveMountOnFiber (/Users/brianlong/Developer/summit/client/node_modules/react-dom/cjs/react-dom.development.js:24970:11)
    at commitPassiveMountEffects_complete (/Users/brianlong/Developer/summit/client/node_modules/react-dom/cjs/react-dom.development.js:24930:9)
    at commitPassiveMountEffects_begin (/Users/brianlong/Developer/summit/client/node_modules/react-dom/cjs/react-dom.development.js:24917:7)
    at commitPassiveMountEffects (/Users/brianlong/Developer/summit/client/node_modules/react-dom/cjs/react-dom.development.js:24905:3)
    at flushPassiveEffectsImpl (/Users/brianlong/Developer/summit/client/node_modules/react-dom/cjs/react-dom.development.js:27078:3)
    at flushPassiveEffects (/Users/brianlong/Developer/summit/client/node_modules/react-dom/cjs/react-dom.development.js:27023:14)
    at /Users/brianlong/Developer/summit/client/node_modules/react-dom/cjs/react-dom.development.js:26808:9
    at flushActQueue (/Users/brianlong/Developer/summit/client/node_modules/react/cjs/react.development.js:2667:24)
    at act (/Users/brianlong/Developer/summit/client/node_modules/react/cjs/react.development.js:2582:11)
    at actWithWarning (/Users/brianlong/Developer/summit/client/node_modules/react-dom/cjs/react-dom-test-utils.development.js:1740:10)
    at /Users/brianlong/Developer/summit/client/node_modules/@testing-library/react/dist/act-compat.js:63:25
    at renderRoot (/Users/brianlong/Developer/summit/client/node_modules/@testing-library/react/dist/pure.js:159:26)
    at render (/Users/brianlong/Developer/summit/client/node_modules/@testing-library/react/dist/pure.js:246:10)
    at Object.&lt;anonymous&gt; (/Users/brianlong/Developer/summit/client/src/components/__tests__/PerformanceMonitor.test.tsx:64:11)
    at Promise.finally.completed (/Users/brianlong/Developer/summit/client/node_modules/jest-circus/build/jestAdapterInit.js:1556:28)
    at new Promise (&lt;anonymous&gt;)
    at callAsyncCircusFn (/Users/brianlong/Developer/summit/client/node_modules/jest-circus/build/jestAdapterInit.js:1496:10)
    at _callCircusTest (/Users/brianlong/Developer/summit/client/node_modules/jest-circus/build/jestAdapterInit.js:1006:40)
    at processTicksAndRejections (node:internal/process/task_queues:95:5)
    at _runTest (/Users/brianlong/Developer/summit/client/node_modules/jest-circus/build/jestAdapterInit.js:946:3)
    at _runTestsForDescribeBlock (/Users/brianlong/Developer/summit/client/node_modules/jest-circus/build/jestAdapterInit.js:839:13)
    at _runTestsForDescribeBlock (/Users/brianlong/Developer/summit/client/node_modules/jest-circus/build/jestAdapterInit.js:829:11)
    at run (/Users/brianlong/Developer/summit/client/node_modules/jest-circus/build/jestAdapterInit.js:757:3)
    at runAndTransformResultsToJestFormat (/Users/brianlong/Developer/summit/client/node_modules/jest-circus/build/jestAdapterInit.js:1917:21)
    at jestAdapter (/Users/brianlong/Developer/summit/client/node_modules/jest-circus/build/runner.js:101:19)
    at runTestInternal (/Users/brianlong/Developer/summit/client/node_modules/jest-runner/build/testWorker.js:275:16)
    at runTest (/Users/brianlong/Developer/summit/client/node_modules/jest-runner/build/testWorker.js:343:7)
    at Object.worker (/Users/brianlong/Developer/summit/client/node_modules/jest-runner/build/testWorker.js:497:12)</failure>
      <failure>TypeError: performance.getEntriesByType is not a function
    at /Users/brianlong/Developer/summit/client/src/components/PerformanceMonitor.tsx:35:33
    at /Users/brianlong/Developer/summit/client/src/components/PerformanceMonitor.tsx:63:26
    at callTimer (/Users/brianlong/Developer/summit/client/node_modules/@sinonjs/fake-timers/src/fake-timers-src.js:806:24)
    at doTickInner (/Users/brianlong/Developer/summit/client/node_modules/@sinonjs/fake-timers/src/fake-timers-src.js:1413:29)
    at doTick (/Users/brianlong/Developer/summit/client/node_modules/@sinonjs/fake-timers/src/fake-timers-src.js:1494:20)
    at Object.tick (/Users/brianlong/Developer/summit/client/node_modules/@sinonjs/fake-timers/src/fake-timers-src.js:1502:20)
    at Object.runToLast (/Users/brianlong/Developer/summit/client/node_modules/@sinonjs/fake-timers/src/fake-timers-src.js:1661:26)
    at FakeTimers.runOnlyPendingTimers (/Users/brianlong/Developer/summit/client/node_modules/@jest/fake-timers/build/index.js:542:19)
    at Object.runOnlyPendingTimers (/Users/brianlong/Developer/summit/client/node_modules/jest-runtime/build/index.js:1804:52)
    at Object.&lt;anonymous&gt; (/Users/brianlong/Developer/summit/client/src/components/__tests__/PerformanceMonitor.test.tsx:58:10)
    at Promise.finally.completed (/Users/brianlong/Developer/summit/client/node_modules/jest-circus/build/jestAdapterInit.js:1556:28)
    at new Promise (&lt;anonymous&gt;)
    at callAsyncCircusFn (/Users/brianlong/Developer/summit/client/node_modules/jest-circus/build/jestAdapterInit.js:1496:10)
    at _callCircusHook (/Users/brianlong/Developer/summit/client/node_modules/jest-circus/build/jestAdapterInit.js:975:40)
    at processTicksAndRejections (node:internal/process/task_queues:95:5)
    at _runTest (/Users/brianlong/Developer/summit/client/node_modules/jest-circus/build/jestAdapterInit.js:948:5)
    at _runTestsForDescribeBlock (/Users/brianlong/Developer/summit/client/node_modules/jest-circus/build/jestAdapterInit.js:839:13)
    at _runTestsForDescribeBlock (/Users/brianlong/Developer/summit/client/node_modules/jest-circus/build/jestAdapterInit.js:829:11)
    at run (/Users/brianlong/Developer/summit/client/node_modules/jest-circus/build/jestAdapterInit.js:757:3)
    at runAndTransformResultsToJestFormat (/Users/brianlong/Developer/summit/client/node_modules/jest-circus/build/jestAdapterInit.js:1917:21)
    at jestAdapter (/Users/brianlong/Developer/summit/client/node_modules/jest-circus/build/runner.js:101:19)
    at runTestInternal (/Users/brianlong/Developer/summit/client/node_modules/jest-runner/build/testWorker.js:275:16)
    at runTest (/Users/brianlong/Developer/summit/client/node_modules/jest-runner/build/testWorker.js:343:7)
    at Object.worker (/Users/brianlong/Developer/summit/client/node_modules/jest-runner/build/testWorker.js:497:12)</failure>
    </testcase>
    <testcase classname="PerformanceMonitor" name="does not render when disabled" time="0.033">
    </testcase>
    <testcase classname="PerformanceMonitor" name="shows performance details when clicked" time="0.258">
      <failure>TypeError: performance.getEntriesByType is not a function
    at /Users/brianlong/Developer/summit/client/src/components/PerformanceMonitor.tsx:35:33
    at /Users/brianlong/Developer/summit/client/src/components/PerformanceMonitor.tsx:78:28
    at commitHookEffectListMount (/Users/brianlong/Developer/summit/client/node_modules/react-dom/cjs/react-dom.development.js:23189:26)
    at commitPassiveMountOnFiber (/Users/brianlong/Developer/summit/client/node_modules/react-dom/cjs/react-dom.development.js:24970:11)
    at commitPassiveMountEffects_complete (/Users/brianlong/Developer/summit/client/node_modules/react-dom/cjs/react-dom.development.js:24930:9)
    at commitPassiveMountEffects_begin (/Users/brianlong/Developer/summit/client/node_modules/react-dom/cjs/react-dom.development.js:24917:7)
    at commitPassiveMountEffects (/Users/brianlong/Developer/summit/client/node_modules/react-dom/cjs/react-dom.development.js:24905:3)
    at flushPassiveEffectsImpl (/Users/brianlong/Developer/summit/client/node_modules/react-dom/cjs/react-dom.development.js:27078:3)
    at flushPassiveEffects (/Users/brianlong/Developer/summit/client/node_modules/react-dom/cjs/react-dom.development.js:27023:14)
    at /Users/brianlong/Developer/summit/client/node_modules/react-dom/cjs/react-dom.development.js:26808:9
    at flushActQueue (/Users/brianlong/Developer/summit/client/node_modules/react/cjs/react.development.js:2667:24)
    at act (/Users/brianlong/Developer/summit/client/node_modules/react/cjs/react.development.js:2582:11)
    at actWithWarning (/Users/brianlong/Developer/summit/client/node_modules/react-dom/cjs/react-dom-test-utils.development.js:1740:10)
    at /Users/brianlong/Developer/summit/client/node_modules/@testing-library/react/dist/act-compat.js:63:25
    at renderRoot (/Users/brianlong/Developer/summit/client/node_modules/@testing-library/react/dist/pure.js:159:26)
    at render (/Users/brianlong/Developer/summit/client/node_modules/@testing-library/react/dist/pure.js:246:10)
    at Object.&lt;anonymous&gt; (/Users/brianlong/Developer/summit/client/src/components/__tests__/PerformanceMonitor.test.tsx:77:11)
    at Promise.finally.completed (/Users/brianlong/Developer/summit/client/node_modules/jest-circus/build/jestAdapterInit.js:1556:28)
    at new Promise (&lt;anonymous&gt;)
    at callAsyncCircusFn (/Users/brianlong/Developer/summit/client/node_modules/jest-circus/build/jestAdapterInit.js:1496:10)
    at _callCircusTest (/Users/brianlong/Developer/summit/client/node_modules/jest-circus/build/jestAdapterInit.js:1006:40)
    at processTicksAndRejections (node:internal/process/task_queues:95:5)
    at _runTest (/Users/brianlong/Developer/summit/client/node_modules/jest-circus/build/jestAdapterInit.js:946:3)
    at _runTestsForDescribeBlock (/Users/brianlong/Developer/summit/client/node_modules/jest-circus/build/jestAdapterInit.js:839:13)
    at _runTestsForDescribeBlock (/Users/brianlong/Developer/summit/client/node_modules/jest-circus/build/jestAdapterInit.js:829:11)
    at run (/Users/brianlong/Developer/summit/client/node_modules/jest-circus/build/jestAdapterInit.js:757:3)
    at runAndTransformResultsToJestFormat (/Users/brianlong/Developer/summit/client/node_modules/jest-circus/build/jestAdapterInit.js:1917:21)
    at jestAdapter (/Users/brianlong/Developer/summit/client/node_modules/jest-circus/build/runner.js:101:19)
    at runTestInternal (/Users/brianlong/Developer/summit/client/node_modules/jest-runner/build/testWorker.js:275:16)
    at runTest (/Users/brianlong/Developer/summit/client/node_modules/jest-runner/build/testWorker.js:343:7)
    at Object.worker (/Users/brianlong/Developer/summit/client/node_modules/jest-runner/build/testWorker.js:497:12)</failure>
      <failure>TypeError: performance.getEntriesByType is not a function
    at /Users/brianlong/Developer/summit/client/src/components/PerformanceMonitor.tsx:35:33
    at /Users/brianlong/Developer/summit/client/src/components/PerformanceMonitor.tsx:63:26
    at callTimer (/Users/brianlong/Developer/summit/client/node_modules/@sinonjs/fake-timers/src/fake-timers-src.js:806:24)
    at doTickInner (/Users/brianlong/Developer/summit/client/node_modules/@sinonjs/fake-timers/src/fake-timers-src.js:1413:29)
    at doTick (/Users/brianlong/Developer/summit/client/node_modules/@sinonjs/fake-timers/src/fake-timers-src.js:1494:20)
    at Object.tick (/Users/brianlong/Developer/summit/client/node_modules/@sinonjs/fake-timers/src/fake-timers-src.js:1502:20)
    at Object.runToLast (/Users/brianlong/Developer/summit/client/node_modules/@sinonjs/fake-timers/src/fake-timers-src.js:1661:26)
    at FakeTimers.runOnlyPendingTimers (/Users/brianlong/Developer/summit/client/node_modules/@jest/fake-timers/build/index.js:542:19)
[...]
    at runTest (/Users/brianlong/Developer/summit/client/node_modules/jest-runner/build/testWorker.js:343:7)
    at Object.worker (/Users/brianlong/Developer/summit/client/node_modules/jest-runner/build/testWorker.js:497:12)</failure>
    </testcase>
  </testsuite>
  <testsuite name="AdvancedGraphInteractions" errors="0" failures="0" skipped="0" timestamp="2025-10-16T06:58:16" time="88.911" tests="19">
    <testcase classname="AdvancedGraphInteractions" name="renders component header with node and edge counts" time="1.759">
    </testcase>
    <testcase classname="AdvancedGraphInteractions" name="displays control buttons in header" time="1.051">
    </testcase>
    <testcase classname="AdvancedGraphInteractions" name="renders all navigation tabs" time="0.95">
    </testcase>
    <testcase classname="AdvancedGraphInteractions" name="displays network analysis metrics by default" time="0.369">
    </testcase>
    <testcase classname="AdvancedGraphInteractions" name="switches to filters tab when clicked" time="1.949">
    </testcase>
    <testcase classname="AdvancedGraphInteractions" name="switches to communities tab when clicked" time="0.689">
    </testcase>
    <testcase classname="AdvancedGraphInteractions" name="switches to pathfinding tab when clicked" time="0.648">
    </testcase>
    <testcase classname="AdvancedGraphInteractions" name="displays community detection button and handles click" time="1.459">
    </testcase>
    <testcase classname="AdvancedGraphInteractions" name="handles layout algorithm selection" time="1.974">
    </testcase>
    <testcase classname="AdvancedGraphInteractions" name="handles centrality threshold slider changes" time="0.858">
    </testcase>
    <testcase classname="AdvancedGraphInteractions" name="toggles show communities switch" time="1.011">
    </testcase>
    <testcase classname="AdvancedGraphInteractions" name="handles node type filter chips" time="1.687">
    </testcase>
    <testcase classname="AdvancedGraphInteractions" name="calls onNodeSelect when provided" time="0.891">
    </testcase>
    <testcase classname="AdvancedGraphInteractions" name="calls onAnalysisRun when community detection is triggered" time="2.395">
    </testcase>
    <testcase classname="AdvancedGraphInteractions" name="displays metric cards with proper formatting" time="0.76">
    </testcase>
    <testcase classname="AdvancedGraphInteractions" name="shows proper category chips for metrics" time="0.769">
    </testcase>
    <testcase classname="AdvancedGraphInteractions" name="handles empty node and edge arrays gracefully" time="0.629">
    </testcase>
    <testcase classname="AdvancedGraphInteractions" name="has proper accessibility attributes" time="2.882">
    </testcase>
    <testcase classname="AdvancedGraphInteractions" name="enables advanced features by default" time="0.753">
    </testcase>
  </testsuite>
  <testsuite name="undefined" errors="0" failures="1" skipped="0" timestamp="2025-10-16T06:59:51" time="4.902" tests="1">
    <testcase classname="" name="increments alert badge on ALERT_EVT" time="0.837">
      <failure>Invariant Violation: An error occurred! For more details, see the full error text at https://go.apollo.dev/c/err#%7B%22version%22%3A%223.14.0%22%2C%22message%22%3A79%2C%22args%22%3A%5B%5D%7D
    at new InvariantError (/Users/brianlong/Developer/summit/client/node_modules/ts-invariant/lib/invariant.js:11:28)
    at Object.invariant (/Users/brianlong/Developer/summit/client/node_modules/ts-invariant/lib/invariant.js:24:15)
    at Object.originalInvariant [as invariant] (/Users/brianlong/Developer/summit/client/node_modules/@apollo/client/utilities/globals/invariantWrappers.js:28:9)
    at invariant (/Users/brianlong/Developer/summit/client/node_modules/@apollo/client/react/hooks/useApolloClient.js:22:5)
    at useSubscription (/Users/brianlong/Developer/summit/client/node_modules/@apollo/client/react/hooks/useSubscription.js:96:18)
    at NotificationSystem (/Users/brianlong/Developer/summit/client/src/components/NotificationSystem.tsx:55:53)
    at renderWithHooks (/Users/brianlong/Developer/summit/client/node_modules/react-dom/cjs/react-dom.development.js:15486:18)
    at mountIndeterminateComponent (/Users/brianlong/Developer/summit/client/node_modules/react-dom/cjs/react-dom.development.js:20103:13)
    at beginWork (/Users/brianlong/Developer/summit/client/node_modules/react-dom/cjs/react-dom.development.js:21626:16)
    at beginWork$1 (/Users/brianlong/Developer/summit/client/node_modules/react-dom/cjs/react-dom.development.js:27465:14)
    at performUnitOfWork (/Users/brianlong/Developer/summit/client/node_modules/react-dom/cjs/react-dom.development.js:26599:12)
    at workLoopSync (/Users/brianlong/Developer/summit/client/node_modules/react-dom/cjs/react-dom.development.js:26505:5)
    at renderRootSync (/Users/brianlong/Developer/summit/client/node_modules/react-dom/cjs/react-dom.development.js:26473:7)
    at recoverFromConcurrentError (/Users/brianlong/Developer/summit/client/node_modules/react-dom/cjs/react-dom.development.js:25889:20)
    at performConcurrentWorkOnRoot (/Users/brianlong/Developer/summit/client/node_modules/react-dom/cjs/react-dom.development.js:25789:22)
    at flushActQueue (/Users/brianlong/Developer/summit/client/node_modules/react/cjs/react.development.js:2667:24)
    at act (/Users/brianlong/Developer/summit/client/node_modules/react/cjs/react.development.js:2582:11)
    at actWithWarning (/Users/brianlong/Developer/summit/client/node_modules/react-dom/cjs/react-dom-test-utils.development.js:1740:10)
    at /Users/brianlong/Developer/summit/client/node_modules/@testing-library/react/dist/act-compat.js:63:25
    at renderRoot (/Users/brianlong/Developer/summit/client/node_modules/@testing-library/react/dist/pure.js:159:26)
    at render (/Users/brianlong/Developer/summit/client/node_modules/@testing-library/react/dist/pure.js:246:10)
    at Object.&lt;anonymous&gt; (/Users/brianlong/Developer/summit/client/src/__tests__/AlertBadge.test.jsx:25:9)
    at Promise.finally.completed (/Users/brianlong/Developer/summit/client/node_modules/jest-circus/build/jestAdapterInit.js:1556:28)
    at new Promise (&lt;anonymous&gt;)
    at callAsyncCircusFn (/Users/brianlong/Developer/summit/client/node_modules/jest-circus/build/jestAdapterInit.js:1496:10)
    at _callCircusTest (/Users/brianlong/Developer/summit/client/node_modules/jest-circus/build/jestAdapterInit.js:1006:40)
    at processTicksAndRejections (node:internal/process/task_queues:95:5)
    at _runTest (/Users/brianlong/Developer/summit/client/node_modules/jest-circus/build/jestAdapterInit.js:946:3)
    at _runTestsForDescribeBlock (/Users/brianlong/Developer/summit/client/node_modules/jest-circus/build/jestAdapterInit.js:839:13)
    at run (/Users/brianlong/Developer/summit/client/node_modules/jest-circus/build/jestAdapterInit.js:757:3)
    at runAndTransformResultsToJestFormat (/Users/brianlong/Developer/summit/client/node_modules/jest-circus/build/jestAdapterInit.js:1917:21)
    at jestAdapter (/Users/brianlong/Developer/summit/client/node_modules/jest-circus/build/runner.js:101:19)
    at runTestInternal (/Users/brianlong/Developer/summit/client/node_modules/jest-runner/build/testWorker.js:275:16)
    at runTest (/Users/brianlong/Developer/summit/client/node_modules/jest-runner/build/testWorker.js:343:7)
    at Object.worker (/Users/brianlong/Developer/summit/client/node_modules/jest-runner/build/testWorker.js:497:12)</failure>
    </testcase>
  </testsuite>
  <testsuite name="undefined" errors="0" failures="1" skipped="0" timestamp="2025-10-16T06:59:56" time="4.108" tests="1">
    <testcase classname="" name="increments alert badge on ALERT_EVT" time="1.04">
      <failure>Invariant Violation: An error occurred! For more details, see the full error text at https://go.apollo.dev/c/err#%7B%22version%22%3A%223.14.0%22%2C%22message%22%3A79%2C%22args%22%3A%5B%5D%7D
    at new InvariantError (/Users/brianlong/Developer/summit/client/node_modules/ts-invariant/lib/invariant.js:11:28)
    at Object.invariant (/Users/brianlong/Developer/summit/client/node_modules/ts-invariant/lib/invariant.js:24:15)
    at Object.originalInvariant [as invariant] (/Users/brianlong/Developer/summit/client/node_modules/@apollo/client/utilities/globals/invariantWrappers.js:28:9)
    at invariant (/Users/brianlong/Developer/summit/client/node_modules/@apollo/client/react/hooks/useApolloClient.js:22:5)
    at useSubscription (/Users/brianlong/Developer/summit/client/node_modules/@apollo/client/react/hooks/useSubscription.js:96:18)
    at NotificationSystem (/Users/brianlong/Developer/summit/client/src/components/NotificationSystem.tsx:55:53)
    at renderWithHooks (/Users/brianlong/Developer/summit/client/node_modules/react-dom/cjs/react-dom.development.js:15486:18)
    at mountIndeterminateComponent (/Users/brianlong/Developer/summit/client/node_modules/react-dom/cjs/react-dom.development.js:20103:13)
    at beginWork (/Users/brianlong/Developer/summit/client/node_modules/react-dom/cjs/react-dom.development.js:21626:16)
    at beginWork$1 (/Users/brianlong/Developer/summit/client/node_modules/react-dom/cjs/react-dom.development.js:27465:14)
    at performUnitOfWork (/Users/brianlong/Developer/summit/client/node_modules/react-dom/cjs/react-dom.development.js:26599:12)
    at workLoopSync (/Users/brianlong/Developer/summit/client/node_modules/react-dom/cjs/react-dom.development.js:26505:5)
    at renderRootSync (/Users/brianlong/Developer/summit/client/node_modules/react-dom/cjs/react-dom.development.js:26473:7)
    at recoverFromConcurrentError (/Users/brianlong/Developer/summit/client/node_modules/react-dom/cjs/react-dom.development.js:25889:20)
    at performConcurrentWorkOnRoot (/Users/brianlong/Developer/summit/client/node_modules/react-dom/cjs/react-dom.development.js:25789:22)
    at flushActQueue (/Users/brianlong/Developer/summit/client/node_modules/react/cjs/react.development.js:2667:24)
    at act (/Users/brianlong/Developer/summit/client/node_modules/react/cjs/react.development.js:2582:11)
    at actWithWarning (/Users/brianlong/Developer/summit/client/node_modules/react-dom/cjs/react-dom-test-utils.development.js:1740:10)
    at /Users/brianlong/Developer/summit/client/node_modules/@testing-library/react/dist/act-compat.js:63:25
    at renderRoot (/Users/brianlong/Developer/summit/client/node_modules/@testing-library/react/dist/pure.js:159:26)
    at render (/Users/brianlong/Developer/summit/client/node_modules/@testing-library/react/dist/pure.js:246:10)
    at Object.&lt;anonymous&gt; (/Users/brianlong/Developer/summit/client/src/__tests__/AlertBadge.test.js:25:9)
    at Promise.finally.completed (/Users/brianlong/Developer/summit/client/node_modules/jest-circus/build/jestAdapterInit.js:1556:28)
    at new Promise (&lt;anonymous&gt;)
    at callAsyncCircusFn (/Users/brianlong/Developer/summit/client/node_modules/jest-circus/build/jestAdapterInit.js:1496:10)
    at _callCircusTest (/Users/brianlong/Developer/summit/client/node_modules/jest-circus/build/jestAdapterInit.js:1006:40)
    at processTicksAndRejections (node:internal/process/task_queues:95:5)
    at _runTest (/Users/brianlong/Developer/summit/client/node_modules/jest-circus/build/jestAdapterInit.js:946:3)
    at _runTestsForDescribeBlock (/Users/brianlong/Developer/summit/client/node_modules/jest-circus/build/jestAdapterInit.js:839:13)
    at run (/Users/brianlong/Developer/summit/client/node_modules/jest-circus/build/jestAdapterInit.js:757:3)
    at runAndTransformResultsToJestFormat (/Users/brianlong/Developer/summit/client/node_modules/jest-circus/build/jestAdapterInit.js:1917:21)
    at jestAdapter (/Users/brianlong/Developer/summit/client/node_modules/jest-circus/build/runner.js:101:19)
    at runTestInternal (/Users/brianlong/Developer/summit/client/node_modules/jest-runner/build/testWorker.js:275:16)
    at runTest (/Users/brianlong/Developer/summit/client/node_modules/jest-runner/build/testWorker.js:343:7)
    at Object.worker (/Users/brianlong/Developer/summit/client/node_modules/jest-runner/build/testWorker.js:497:12)</failure>
    </testcase>
  </testsuite>
  <testsuite name="NarrativeBuilder" errors="0" failures="0" skipped="0" timestamp="2025-10-16T07:00:09" time="7.096" tests="1">
    <testcase classname="NarrativeBuilder" name="blocks publish when citations missing" time="0.4">
    </testcase>
  </testsuite>
  <testsuite name="hypothesis store" errors="0" failures="0" skipped="0" timestamp="2025-10-16T07:00:25" time="0.386" tests="1">
    <testcase classname="hypothesis store" name="updates with evidence weight" time="0.006">
    </testcase>
  </testsuite>
  <testsuite name="analyzeText" errors="0" failures="0" skipped="0" timestamp="2025-10-16T07:00:25" time="0.97" tests="2">
    <testcase classname="analyzeText" name="detects emotional language" time="0.036">
    </testcase>
    <testcase classname="analyzeText" name="detects bias phrases" time="0.021">
    </testcase>
  </testsuite>
  <testsuite name="AuditDashboard" errors="0" failures="0" skipped="0" timestamp="2025-10-16T07:00:26" time="3.216" tests="1">
    <testcase classname="AuditDashboard" name="renders logs and resolutions" time="0.426">
    </testcase>
  </testsuite>
  <testsuite name="PresenceAvatars" errors="0" failures="0" skipped="0" timestamp="2025-10-16T07:00:28" time="3.629" tests="1">
    <testcase classname="PresenceAvatars" name="renders user initials" time="0.159">
    </testcase>
  </testsuite>
  <testsuite name="undefined" errors="0" failures="0" skipped="0" timestamp="2025-10-16T07:00:29" time="2.906" tests="1">
    <testcase classname="" name="renders IntelGraph test app content" time="0.277">
    </testcase>
  </testsuite>
  <testsuite name="undefined" errors="0" failures="0" skipped="0" timestamp="2025-10-16T07:00:32" time="1.623" tests="1">
    <testcase classname="" name="mounts TestApp without crashing" time="0.085">
    </testcase>
  </testsuite>
  <testsuite name="undefined" errors="0" failures="0" skipped="0" timestamp="2025-10-16T07:00:32" time="1.882" tests="1">
    <testcase classname="" name="renders IntelGraph test app content" time="0.553">
    </testcase>
  </testsuite>
  <testsuite name="undefined" errors="0" failures="0" skipped="0" timestamp="2025-10-16T07:00:34" time="1.712" tests="1">
    <testcase classname="" name="mounts TestApp without crashing" time="0.057">
    </testcase>
  </testsuite>
  <testsuite name="undefined" errors="0" failures="1" skipped="0" timestamp="2025-10-16T06:59:28" time="73.227" tests="1">
    <testcase classname="" name="chunking invariance (fuzz)" time="1.424">
      <failure>Error: Property failed after 1 tests
{ seed: -1020489556, path: &quot;0:0&quot;, endOnFailure: true }
Counterexample: [[]]
Shrunk 1 time(s)
Got TypeError: messagesEndRef.current?.scrollTo is not a function
    at /Users/brianlong/Developer/summit/client/src/components/ai-enhanced/EnhancedAIAssistant.tsx:218:29
    at commitHookEffectListMount (/Users/brianlong/Developer/summit/client/node_modules/react-dom/cjs/react-dom.development.js:23189:26)
    at commitPassiveMountOnFiber (/Users/brianlong/Developer/summit/client/node_modules/react-dom/cjs/react-dom.development.js:24970:11)
    at commitPassiveMountEffects_complete (/Users/brianlong/Developer/summit/client/node_modules/react-dom/cjs/react-dom.development.js:24930:9)
    at commitPassiveMountEffects_begin (/Users/brianlong/Developer/summit/client/node_modules/react-dom/cjs/react-dom.development.js:24917:7)
    at commitPassiveMountEffects (/Users/brianlong/Developer/summit/client/node_modules/react-dom/cjs/react-dom.development.js:24905:3)
    at flushPassiveEffectsImpl (/Users/brianlong/Developer/summit/client/node_modules/react-dom/cjs/react-dom.development.js:27078:3)
    at flushPassiveEffects (/Users/brianlong/Developer/summit/client/node_modules/react-dom/cjs/react-dom.development.js:27023:14)
    at /Users/brianlong/Developer/summit/client/node_modules/react-dom/cjs/react-dom.development.js:26808:9
    at flushActQueue (/Users/brianlong/Developer/summit/client/node_modules/react/cjs/react.development.js:2667:24)
    at act (/Users/brianlong/Developer/summit/client/node_modules/react/cjs/react.development.js:2582:11)
    at actWithWarning (/Users/brianlong/Developer/summit/client/node_modules/react-dom/cjs/react-dom-test-utils.development.js:1740:10)
    at /Users/brianlong/Developer/summit/client/node_modules/@testing-library/react/dist/act-compat.js:63:25
    at renderRoot (/Users/brianlong/Developer/summit/client/node_modules/@testing-library/react/dist/pure.js:159:26)
    at render (/Users/brianlong/Developer/summit/client/node_modules/@testing-library/react/dist/pure.js:246:10)
    at /Users/brianlong/Developer/summit/client/src/components/ai-enhanced/tests/assistant.chunking.fuzz.test.tsx:39:15
    at AsyncProperty.predicate (/Users/brianlong/Developer/summit/node_modules/fast-check/lib/check/property/AsyncProperty.js:17:96)
    at AsyncProperty.run (/Users/brianlong/Developer/summit/node_modules/fast-check/lib/check/property/AsyncProperty.generic.js:49:39)
    at asyncRunIt (/Users/brianlong/Developer/summit/node_modules/fast-check/lib/check/runner/Runner.js:37:36)
    at processTicksAndRejections (node:internal/process/task_queues:95:5)
    at Object.&lt;anonymous&gt; (/Users/brianlong/Developer/summit/client/src/components/ai-enhanced/tests/assistant.chunking.fuzz.test.tsx:25:3)

Hint: Enable verbose mode in order to have the list of all failing values encountered during the run
    at buildError (/Users/brianlong/Developer/summit/node_modules/fast-check/lib/check/runner/utils/RunDetailsFormatter.js:132:15)
    at asyncThrowIfFailed (/Users/brianlong/Developer/summit/node_modules/fast-check/lib/check/runner/utils/RunDetailsFormatter.js:149:11)
    at processTicksAndRejections (node:internal/process/task_queues:95:5)</failure>
    </testcase>
  </testsuite>
  <testsuite name="EnhancedAnalyticsDashboard" errors="0" failures="0" skipped="0" timestamp="2025-10-16T06:59:01" time="117.916" tests="12">
    <testcase classname="EnhancedAnalyticsDashboard" name="renders dashboard header with title and controls" time="4.681">
    </testcase>
    <testcase classname="EnhancedAnalyticsDashboard" name="displays metric cards with key metrics" time="1.536">
    </testcase>
    <testcase classname="EnhancedAnalyticsDashboard" name="shows real-time monitoring alert when enabled" time="1.458">
    </testcase>
    <testcase classname="EnhancedAnalyticsDashboard" name="renders time range selector with default value" time="1.931">
    </testcase>
    <testcase classname="EnhancedAnalyticsDashboard" name="toggles real-time monitoring" time="0.447">
    </testcase>
    <testcase classname="EnhancedAnalyticsDashboard" name="handles refresh button click" time="4.029">
    </testcase>
    <testcase classname="EnhancedAnalyticsDashboard" name="renders navigation tabs and switches between them" time="0.913">
    </testcase>
    <testcase classname="EnhancedAnalyticsDashboard" name="calls onExport when export button is clicked" time="0.726">
    </testcase>
    <testcase classname="EnhancedAnalyticsDashboard" name="shows appropriate category labels for metrics" time="1.139">
    </testcase>
    <testcase classname="EnhancedAnalyticsDashboard" name="handles loading states properly" time="1.879">
    </testcase>
    <testcase classname="EnhancedAnalyticsDashboard" name="has proper accessibility attributes" time="0.46">
    </testcase>
    <testcase classname="EnhancedAnalyticsDashboard" name="formats metric values correctly" time="0.408">
    </testcase>
  </testsuite>
  <testsuite name="MCPRegistry page" errors="0" failures="0" skipped="0" timestamp="2025-10-16T06:59:43" time="76.275" tests="1">
    <testcase classname="MCPRegistry page" name="renders registry heading and empty state" time="3.237">
    </testcase>
  </testsuite>
</testsuites>