<?xml version="1.0" encoding="UTF-8"?>
<testsuites name="jest tests" tests="7" failures="0" errors="0" time="14.549">
  <testsuite name="Sentry Integration" errors="0" failures="0" skipped="0" timestamp="2025-11-20T22:43:18" time="12.665" tests="1">
    <testcase classname="Sentry Integration should export error middleware" name="Sentry Integration should export error middleware" time="0.013">
    </testcase>
  </testsuite>
  <testsuite name="Logging &amp; Context" errors="0" failures="0" skipped="0" timestamp="2025-11-20T22:43:18" time="13.815" tests="6">
    <testcase classname="Logging &amp; Context Context Storage should store and retrieve values within a run block" name="Logging &amp; Context Context Storage should store and retrieve values within a run block" time="0.018">
    </testcase>
    <testcase classname="Logging &amp; Context Context Storage should handle nested contexts correctly" name="Logging &amp; Context Context Storage should handle nested contexts correctly" time="0.003">
    </testcase>
    <testcase classname="Logging &amp; Context Error Tracking should return LocalErrorTracker when SENTRY_DSN is not set" name="Logging &amp; Context Error Tracking should return LocalErrorTracker when SENTRY_DSN is not set" time="0.003">
    </testcase>
    <testcase classname="Logging &amp; Context Error Tracking should return SentryErrorTracker when SENTRY_DSN is set" name="Logging &amp; Context Error Tracking should return SentryErrorTracker when SENTRY_DSN is set" time="0.003">
    </testcase>
    <testcase classname="Logging &amp; Context Logging Middleware should initialize context and set headers" name="Logging &amp; Context Logging Middleware should initialize context and set headers" time="0.093">
    </testcase>
    <testcase classname="Logging &amp; Context Logging Middleware should generate IDs if not provided" name="Logging &amp; Context Logging Middleware should generate IDs if not provided" time="0.017">
    </testcase>
  </testsuite>
</testsuites>