<?xml version="1.0" encoding="UTF-8"?>
<testsuites name="jest tests" tests="62" failures="7" errors="0" time="121.232">
  <testsuite name="copilotQuery resolver" errors="0" failures="2" skipped="0" timestamp="2025-09-24T17:51:09" time="21.432" tests="2">
    <testcase classname="copilotQuery resolver executes query when allowed" name="copilotQuery resolver executes query when allowed" time="0.007">
      <failure>TypeError: resolvers_copilot_js_1.copilotResolvers.Query.copilotQuery is not a function
    at Object.&lt;anonymous&gt; (/Users/brianlong/Documents/GitHub/summit/server/tests/copilotQuery.resolver.test.ts:26:46)
    at Promise.finally.completed (/Users/brianlong/Documents/GitHub/summit/node_modules/.pnpm/jest-circus@30.1.3_babel-plugin-macros@3.1.0/node_modules/jest-circus/build/jestAdapterInit.js:1556:28)
    at new Promise (&lt;anonymous&gt;)
    at callAsyncCircusFn (/Users/brianlong/Documents/GitHub/summit/node_modules/.pnpm/jest-circus@30.1.3_babel-plugin-macros@3.1.0/node_modules/jest-circus/build/jestAdapterInit.js:1496:10)
    at _callCircusTest (/Users/brianlong/Documents/GitHub/summit/node_modules/.pnpm/jest-circus@30.1.3_babel-plugin-macros@3.1.0/node_modules/jest-circus/build/jestAdapterInit.js:1006:40)
    at processTicksAndRejections (node:internal/process/task_queues:95:5)
    at _runTest (/Users/brianlong/Documents/GitHub/summit/node_modules/.pnpm/jest-circus@30.1.3_babel-plugin-macros@3.1.0/node_modules/jest-circus/build/jestAdapterInit.js:946:3)
    at _runTestsForDescribeBlock (/Users/brianlong/Documents/GitHub/summit/node_modules/.pnpm/jest-circus@30.1.3_babel-plugin-macros@3.1.0/node_modules/jest-circus/build/jestAdapterInit.js:839:13)
    at _runTestsForDescribeBlock (/Users/brianlong/Documents/GitHub/summit/node_modules/.pnpm/jest-circus@30.1.3_babel-plugin-macros@3.1.0/node_modules/jest-circus/build/jestAdapterInit.js:829:11)
    at run (/Users/brianlong/Documents/GitHub/summit/node_modules/.pnpm/jest-circus@30.1.3_babel-plugin-macros@3.1.0/node_modules/jest-circus/build/jestAdapterInit.js:757:3)
    at runAndTransformResultsToJestFormat (/Users/brianlong/Documents/GitHub/summit/node_modules/.pnpm/jest-circus@30.1.3_babel-plugin-macros@3.1.0/node_modules/jest-circus/build/jestAdapterInit.js:1917:21)
    at jestAdapter (/Users/brianlong/Documents/GitHub/summit/node_modules/.pnpm/jest-circus@30.1.3_babel-plugin-macros@3.1.0/node_modules/jest-circus/build/runner.js:101:19)
    at runTestInternal (/Users/brianlong/Documents/GitHub/summit/node_modules/.pnpm/jest-runner@30.1.3/node_modules/jest-runner/build/testWorker.js:275:16)
    at runTest (/Users/brianlong/Documents/GitHub/summit/node_modules/.pnpm/jest-runner@30.1.3/node_modules/jest-runner/build/testWorker.js:343:7)
    at Object.worker (/Users/brianlong/Documents/GitHub/summit/node_modules/.pnpm/jest-runner@30.1.3/node_modules/jest-runner/build/testWorker.js:497:12)</failure>
    </testcase>
    <testcase classname="copilotQuery resolver returns policy denial without executing" name="copilotQuery resolver returns policy denial without executing" time="0.001">
      <failure>TypeError: resolvers_copilot_js_1.copilotResolvers.Query.copilotQuery is not a function
    at Object.&lt;anonymous&gt; (/Users/brianlong/Documents/GitHub/summit/server/tests/copilotQuery.resolver.test.ts:41:46)
    at Promise.finally.completed (/Users/brianlong/Documents/GitHub/summit/node_modules/.pnpm/jest-circus@30.1.3_babel-plugin-macros@3.1.0/node_modules/jest-circus/build/jestAdapterInit.js:1556:28)
    at new Promise (&lt;anonymous&gt;)
    at callAsyncCircusFn (/Users/brianlong/Documents/GitHub/summit/node_modules/.pnpm/jest-circus@30.1.3_babel-plugin-macros@3.1.0/node_modules/jest-circus/build/jestAdapterInit.js:1496:10)
    at _callCircusTest (/Users/brianlong/Documents/GitHub/summit/node_modules/.pnpm/jest-circus@30.1.3_babel-plugin-macros@3.1.0/node_modules/jest-circus/build/jestAdapterInit.js:1006:40)
    at processTicksAndRejections (node:internal/process/task_queues:95:5)
    at _runTest (/Users/brianlong/Documents/GitHub/summit/node_modules/.pnpm/jest-circus@30.1.3_babel-plugin-macros@3.1.0/node_modules/jest-circus/build/jestAdapterInit.js:946:3)
    at _runTestsForDescribeBlock (/Users/brianlong/Documents/GitHub/summit/node_modules/.pnpm/jest-circus@30.1.3_babel-plugin-macros@3.1.0/node_modules/jest-circus/build/jestAdapterInit.js:839:13)
    at _runTestsForDescribeBlock (/Users/brianlong/Documents/GitHub/summit/node_modules/.pnpm/jest-circus@30.1.3_babel-plugin-macros@3.1.0/node_modules/jest-circus/build/jestAdapterInit.js:829:11)
    at run (/Users/brianlong/Documents/GitHub/summit/node_modules/.pnpm/jest-circus@30.1.3_babel-plugin-macros@3.1.0/node_modules/jest-circus/build/jestAdapterInit.js:757:3)
    at runAndTransformResultsToJestFormat (/Users/brianlong/Documents/GitHub/summit/node_modules/.pnpm/jest-circus@30.1.3_babel-plugin-macros@3.1.0/node_modules/jest-circus/build/jestAdapterInit.js:1917:21)
    at jestAdapter (/Users/brianlong/Documents/GitHub/summit/node_modules/.pnpm/jest-circus@30.1.3_babel-plugin-macros@3.1.0/node_modules/jest-circus/build/runner.js:101:19)
    at runTestInternal (/Users/brianlong/Documents/GitHub/summit/node_modules/.pnpm/jest-runner@30.1.3/node_modules/jest-runner/build/testWorker.js:275:16)
    at runTest (/Users/brianlong/Documents/GitHub/summit/node_modules/.pnpm/jest-runner@30.1.3/node_modules/jest-runner/build/testWorker.js:343:7)
    at Object.worker (/Users/brianlong/Documents/GitHub/summit/node_modules/.pnpm/jest-runner@30.1.3/node_modules/jest-runner/build/testWorker.js:497:12)</failure>
    </testcase>
  </testsuite>
  <testsuite name="CrystalSessionOrchestrator" errors="0" failures="0" skipped="0" timestamp="2025-09-24T17:51:31" time="0.842" tests="3">
    <testcase classname="CrystalSessionOrchestrator creates a session with isolated worktree and default panels" name="CrystalSessionOrchestrator creates a session with isolated worktree and default panels" time="0.112">
    </testcase>
    <testcase classname="CrystalSessionOrchestrator streams run logs via subscription" name="CrystalSessionOrchestrator streams run logs via subscription" time="0.029">
    </testcase>
    <testcase classname="CrystalSessionOrchestrator records assistant responses via adapter registry" name="CrystalSessionOrchestrator records assistant responses via adapter registry" time="0.012">
    </testcase>
  </testsuite>
  <testsuite name="FeatureStore" errors="0" failures="0" skipped="0" timestamp="2025-09-24T17:51:31" time="0.41" tests="1">
    <testcase classname="FeatureStore returns default features" name="FeatureStore returns default features" time="0.002">
    </testcase>
  </testsuite>
  <testsuite name="report templates" errors="0" failures="1" skipped="0" timestamp="2025-09-24T17:51:09" time="23.512" tests="1">
    <testcase classname="report templates matches snapshot" name="report templates matches snapshot" time="0.013">
      <failure>Error: ENOENT: no such file or directory, open &apos;/Users/brianlong/Documents/GitHub/summit/server/templates/reports/sample-v1.json&apos;
    at Object.readFileSync (node:fs:449:20)
    at Object.&lt;anonymous&gt; (/Users/brianlong/Documents/GitHub/summit/server/tests/report-templates.test.ts:7:36)
    at Promise.finally.completed (/Users/brianlong/Documents/GitHub/summit/node_modules/.pnpm/jest-circus@30.1.3_babel-plugin-macros@3.1.0/node_modules/jest-circus/build/jestAdapterInit.js:1556:28)
    at new Promise (&lt;anonymous&gt;)
    at callAsyncCircusFn (/Users/brianlong/Documents/GitHub/summit/node_modules/.pnpm/jest-circus@30.1.3_babel-plugin-macros@3.1.0/node_modules/jest-circus/build/jestAdapterInit.js:1496:10)
    at _callCircusTest (/Users/brianlong/Documents/GitHub/summit/node_modules/.pnpm/jest-circus@30.1.3_babel-plugin-macros@3.1.0/node_modules/jest-circus/build/jestAdapterInit.js:1006:40)
    at processTicksAndRejections (node:internal/process/task_queues:95:5)
    at _runTest (/Users/brianlong/Documents/GitHub/summit/node_modules/.pnpm/jest-circus@30.1.3_babel-plugin-macros@3.1.0/node_modules/jest-circus/build/jestAdapterInit.js:946:3)
    at _runTestsForDescribeBlock (/Users/brianlong/Documents/GitHub/summit/node_modules/.pnpm/jest-circus@30.1.3_babel-plugin-macros@3.1.0/node_modules/jest-circus/build/jestAdapterInit.js:839:13)
    at _runTestsForDescribeBlock (/Users/brianlong/Documents/GitHub/summit/node_modules/.pnpm/jest-circus@30.1.3_babel-plugin-macros@3.1.0/node_modules/jest-circus/build/jestAdapterInit.js:829:11)
    at run (/Users/brianlong/Documents/GitHub/summit/node_modules/.pnpm/jest-circus@30.1.3_babel-plugin-macros@3.1.0/node_modules/jest-circus/build/jestAdapterInit.js:757:3)
    at runAndTransformResultsToJestFormat (/Users/brianlong/Documents/GitHub/summit/node_modules/.pnpm/jest-circus@30.1.3_babel-plugin-macros@3.1.0/node_modules/jest-circus/build/jestAdapterInit.js:1917:21)
    at jestAdapter (/Users/brianlong/Documents/GitHub/summit/node_modules/.pnpm/jest-circus@30.1.3_babel-plugin-macros@3.1.0/node_modules/jest-circus/build/runner.js:101:19)
    at runTestInternal (/Users/brianlong/Documents/GitHub/summit/node_modules/.pnpm/jest-runner@30.1.3/node_modules/jest-runner/build/testWorker.js:275:16)
    at runTest (/Users/brianlong/Documents/GitHub/summit/node_modules/.pnpm/jest-runner@30.1.3/node_modules/jest-runner/build/testWorker.js:343:7)
    at Object.worker (/Users/brianlong/Documents/GitHub/summit/node_modules/.pnpm/jest-runner@30.1.3/node_modules/jest-runner/build/testWorker.js:497:12)</failure>
    </testcase>
  </testsuite>
  <testsuite name="report cli" errors="0" failures="1" skipped="0" timestamp="2025-09-24T17:51:09" time="24.333" tests="1">
    <testcase classname="report cli verifies hash correctly" name="report cli verifies hash correctly" time="0.023">
      <failure>Error: ENOENT: no such file or directory, open &apos;/Users/brianlong/Documents/GitHub/summit/server/templates/reports/sample.handlebars&apos;
    at Object.openSync (node:fs:574:18)
    at Object.readFileSync (node:fs:453:35)
    at Object.&lt;anonymous&gt; (/Users/brianlong/Documents/GitHub/summit/server/tests/report-cli.test.ts:9:21)
    at Promise.finally.completed (/Users/brianlong/Documents/GitHub/summit/node_modules/.pnpm/jest-circus@30.1.3_babel-plugin-macros@3.1.0/node_modules/jest-circus/build/jestAdapterInit.js:1556:28)
    at new Promise (&lt;anonymous&gt;)
    at callAsyncCircusFn (/Users/brianlong/Documents/GitHub/summit/node_modules/.pnpm/jest-circus@30.1.3_babel-plugin-macros@3.1.0/node_modules/jest-circus/build/jestAdapterInit.js:1496:10)
    at _callCircusTest (/Users/brianlong/Documents/GitHub/summit/node_modules/.pnpm/jest-circus@30.1.3_babel-plugin-macros@3.1.0/node_modules/jest-circus/build/jestAdapterInit.js:1006:40)
    at processTicksAndRejections (node:internal/process/task_queues:95:5)
    at _runTest (/Users/brianlong/Documents/GitHub/summit/node_modules/.pnpm/jest-circus@30.1.3_babel-plugin-macros@3.1.0/node_modules/jest-circus/build/jestAdapterInit.js:946:3)
    at _runTestsForDescribeBlock (/Users/brianlong/Documents/GitHub/summit/node_modules/.pnpm/jest-circus@30.1.3_babel-plugin-macros@3.1.0/node_modules/jest-circus/build/jestAdapterInit.js:839:13)
    at _runTestsForDescribeBlock (/Users/brianlong/Documents/GitHub/summit/node_modules/.pnpm/jest-circus@30.1.3_babel-plugin-macros@3.1.0/node_modules/jest-circus/build/jestAdapterInit.js:829:11)
    at run (/Users/brianlong/Documents/GitHub/summit/node_modules/.pnpm/jest-circus@30.1.3_babel-plugin-macros@3.1.0/node_modules/jest-circus/build/jestAdapterInit.js:757:3)
    at runAndTransformResultsToJestFormat (/Users/brianlong/Documents/GitHub/summit/node_modules/.pnpm/jest-circus@30.1.3_babel-plugin-macros@3.1.0/node_modules/jest-circus/build/jestAdapterInit.js:1917:21)
    at jestAdapter (/Users/brianlong/Documents/GitHub/summit/node_modules/.pnpm/jest-circus@30.1.3_babel-plugin-macros@3.1.0/node_modules/jest-circus/build/runner.js:101:19)
    at runTestInternal (/Users/brianlong/Documents/GitHub/summit/node_modules/.pnpm/jest-runner@30.1.3/node_modules/jest-runner/build/testWorker.js:275:16)
    at runTest (/Users/brianlong/Documents/GitHub/summit/node_modules/.pnpm/jest-runner@30.1.3/node_modules/jest-runner/build/testWorker.js:343:7)
    at Object.worker (/Users/brianlong/Documents/GitHub/summit/node_modules/.pnpm/jest-runner@30.1.3/node_modules/jest-runner/build/testWorker.js:497:12)</failure>
    </testcase>
  </testsuite>
  <testsuite name="cost estimator" errors="0" failures="0" skipped="0" timestamp="2025-09-24T17:51:33" time="1.908" tests="1">
    <testcase classname="cost estimator assigns higher cost for filtered queries" name="cost estimator assigns higher cost for filtered queries" time="0.038">
    </testcase>
  </testsuite>
  <testsuite name="RiskEngine" errors="0" failures="0" skipped="0" timestamp="2025-09-24T17:51:34" time="2.333" tests="1">
    <testcase classname="RiskEngine scores features with bands" name="RiskEngine scores features with bands" time="0.016">
    </testcase>
  </testsuite>
  <testsuite name="KmsSigner" errors="0" failures="0" skipped="0" timestamp="2025-09-24T17:51:36" time="0.502" tests="1">
    <testcase classname="KmsSigner signs and verifies using client" name="KmsSigner signs and verifies using client" time="0.01">
    </testcase>
  </testsuite>
  <testsuite name="GossipAuditor" errors="0" failures="0" skipped="0" timestamp="2025-09-24T17:51:36" time="0.318" tests="1">
    <testcase classname="GossipAuditor alerts on fork" name="GossipAuditor alerts on fork" time="0.003">
    </testcase>
  </testsuite>
  <testsuite name="NLQTranslator" errors="0" failures="0" skipped="0" timestamp="2025-09-24T17:51:36" time="0.337" tests="1">
    <testcase classname="NLQTranslator translates person queries with tenant scoping" name="NLQTranslator translates person queries with tenant scoping" time="0.034">
    </testcase>
  </testsuite>
  <testsuite name="deepfake triage" errors="0" failures="0" skipped="0" timestamp="2025-09-24T17:51:36" time="0.459" tests="1">
    <testcase classname="deepfake triage returns score, facets, and latency" name="deepfake triage returns score, facets, and latency" time="0.004">
    </testcase>
  </testsuite>
  <testsuite name="Neo4j Causal Cluster Failover Tests" errors="0" failures="0" skipped="0" timestamp="2025-09-24T17:51:32" time="5.491" tests="2">
    <testcase classname="Neo4j Causal Cluster Failover Tests should re-elect a leader within 10 seconds after leader failure" name="Neo4j Causal Cluster Failover Tests should re-elect a leader within 10 seconds after leader failure" time="5.013">
    </testcase>
    <testcase classname="Neo4j Causal Cluster Failover Tests should maintain data consistency during network partition" name="Neo4j Causal Cluster Failover Tests should maintain data consistency during network partition" time="0.006">
    </testcase>
  </testsuite>
  <testsuite name="chain of custody" errors="0" failures="0" skipped="0" timestamp="2025-09-24T17:51:37" time="0.74" tests="1">
    <testcase classname="chain of custody builds a hash-linked signed chain" name="chain of custody builds a hash-linked signed chain" time="0.023">
    </testcase>
  </testsuite>
  <testsuite name="GraphQL Depth Limit Validation" errors="0" failures="0" skipped="0" timestamp="2025-09-24T17:51:37" time="1.554" tests="4">
    <testcase classname="GraphQL Depth Limit Validation should allow queries within depth limit" name="GraphQL Depth Limit Validation should allow queries within depth limit" time="0.041">
    </testcase>
    <testcase classname="GraphQL Depth Limit Validation should reject queries exceeding depth limit" name="GraphQL Depth Limit Validation should reject queries exceeding depth limit" time="0.014">
    </testcase>
    <testcase classname="GraphQL Depth Limit Validation should include operation name in error message" name="GraphQL Depth Limit Validation should include operation name in error message" time="0.003">
    </testcase>
    <testcase classname="GraphQL Depth Limit Validation should handle custom depth limits" name="GraphQL Depth Limit Validation should handle custom depth limits" time="0.164">
    </testcase>
  </testsuite>
  <testsuite name="hypothesis updates" errors="0" failures="0" skipped="0" timestamp="2025-09-24T17:51:38" time="0.526" tests="2">
    <testcase classname="hypothesis updates updates probability with evidence" name="hypothesis updates updates probability with evidence" time="0.039">
    </testcase>
    <testcase classname="hypothesis updates records dissent" name="hypothesis updates records dissent" time="0.005">
    </testcase>
  </testsuite>
  <testsuite name="Neo4j Causal Cluster Routing Tests" errors="0" failures="0" skipped="0" timestamp="2025-09-24T17:51:38" time="0.637" tests="3">
    <testcase classname="Neo4j Causal Cluster Routing Tests should route writes to the leader" name="Neo4j Causal Cluster Routing Tests should route writes to the leader" time="0.001">
    </testcase>
    <testcase classname="Neo4j Causal Cluster Routing Tests should route reads to followers" name="Neo4j Causal Cluster Routing Tests should route reads to followers" time="0.003">
    </testcase>
    <testcase classname="Neo4j Causal Cluster Routing Tests should ensure data consistency (Tx id monotonicity)" name="Neo4j Causal Cluster Routing Tests should ensure data consistency (Tx id monotonicity)" time="0">
    </testcase>
  </testsuite>
  <testsuite name="MoERouter" errors="0" failures="3" skipped="0" timestamp="2025-09-24T17:51:09" time="29.179" tests="20">
    <testcase classname="MoERouter route routes graph tasks to GRAPH_TOOL" name="MoERouter route routes graph tasks to GRAPH_TOOL" time="0.01">
    </testcase>
    <testcase classname="MoERouter route routes file operations to FILES_TOOL" name="MoERouter route routes file operations to FILES_TOOL" time="0.003">
    </testcase>
    <testcase classname="MoERouter route routes OSINT tasks to OSINT_TOOL" name="MoERouter route routes OSINT tasks to OSINT_TOOL" time="0.018">
    </testcase>
    <testcase classname="MoERouter route routes export requests to EXPORT_TOOL" name="MoERouter route routes export requests to EXPORT_TOOL" time="0.012">
      <failure>Error: expect(received).toBe(expected) // Object.is equality

Expected: &quot;EXPORT_TOOL&quot;
Received: &quot;FILES_TOOL&quot;
    at Object.&lt;anonymous&gt; (/Users/brianlong/Documents/GitHub/summit/server/src/conductor/__tests__/router.test.ts:57:31)
    at Promise.finally.completed (/Users/brianlong/Documents/GitHub/summit/node_modules/.pnpm/jest-circus@30.1.3_babel-plugin-macros@3.1.0/node_modules/jest-circus/build/jestAdapterInit.js:1556:28)
    at new Promise (&lt;anonymous&gt;)
    at callAsyncCircusFn (/Users/brianlong/Documents/GitHub/summit/node_modules/.pnpm/jest-circus@30.1.3_babel-plugin-macros@3.1.0/node_modules/jest-circus/build/jestAdapterInit.js:1496:10)
    at _callCircusTest (/Users/brianlong/Documents/GitHub/summit/node_modules/.pnpm/jest-circus@30.1.3_babel-plugin-macros@3.1.0/node_modules/jest-circus/build/jestAdapterInit.js:1006:40)
    at processTicksAndRejections (node:internal/process/task_queues:95:5)
    at _runTest (/Users/brianlong/Documents/GitHub/summit/node_modules/.pnpm/jest-circus@30.1.3_babel-plugin-macros@3.1.0/node_modules/jest-circus/build/jestAdapterInit.js:946:3)
    at _runTestsForDescribeBlock (/Users/brianlong/Documents/GitHub/summit/node_modules/.pnpm/jest-circus@30.1.3_babel-plugin-macros@3.1.0/node_modules/jest-circus/build/jestAdapterInit.js:839:13)
    at _runTestsForDescribeBlock (/Users/brianlong/Documents/GitHub/summit/node_modules/.pnpm/jest-circus@30.1.3_babel-plugin-macros@3.1.0/node_modules/jest-circus/build/jestAdapterInit.js:829:11)
    at _runTestsForDescribeBlock (/Users/brianlong/Documents/GitHub/summit/node_modules/.pnpm/jest-circus@30.1.3_babel-plugin-macros@3.1.0/node_modules/jest-circus/build/jestAdapterInit.js:829:11)
    at run (/Users/brianlong/Documents/GitHub/summit/node_modules/.pnpm/jest-circus@30.1.3_babel-plugin-macros@3.1.0/node_modules/jest-circus/build/jestAdapterInit.js:757:3)
    at runAndTransformResultsToJestFormat (/Users/brianlong/Documents/GitHub/summit/node_modules/.pnpm/jest-circus@30.1.3_babel-plugin-macros@3.1.0/node_modules/jest-circus/build/jestAdapterInit.js:1917:21)
    at jestAdapter (/Users/brianlong/Documents/GitHub/summit/node_modules/.pnpm/jest-circus@30.1.3_babel-plugin-macros@3.1.0/node_modules/jest-circus/build/runner.js:101:19)
    at runTestInternal (/Users/brianlong/Documents/GitHub/summit/node_modules/.pnpm/jest-runner@30.1.3/node_modules/jest-runner/build/testWorker.js:275:16)
    at runTest (/Users/brianlong/Documents/GitHub/summit/node_modules/.pnpm/jest-runner@30.1.3/node_modules/jest-runner/build/testWorker.js:343:7)
    at Object.worker (/Users/brianlong/Documents/GitHub/summit/node_modules/.pnpm/jest-runner@30.1.3/node_modules/jest-runner/build/testWorker.js:497:12)</failure>
    </testcase>
    <testcase classname="MoERouter route routes simple queries to LLM_LIGHT for speed" name="MoERouter route routes simple queries to LLM_LIGHT for speed" time="0.005">
    </testcase>
    <testcase classname="MoERouter route routes complex queries to LLM_HEAVY" name="MoERouter route routes complex queries to LLM_HEAVY" time="0.001">
    </testcase>
    <testcase classname="MoERouter route routes investigation context queries to RAG_TOOL" name="MoERouter route routes investigation context queries to RAG_TOOL" time="0.001">
      <failure>Error: expect(received).toBe(expected) // Object.is equality

Expected: &quot;RAG_TOOL&quot;
Received: &quot;LLM_LIGHT&quot;
    at Object.&lt;anonymous&gt; (/Users/brianlong/Documents/GitHub/summit/server/src/conductor/__tests__/router.test.ts:93:31)
    at Promise.finally.completed (/Users/brianlong/Documents/GitHub/summit/node_modules/.pnpm/jest-circus@30.1.3_babel-plugin-macros@3.1.0/node_modules/jest-circus/build/jestAdapterInit.js:1556:28)
    at new Promise (&lt;anonymous&gt;)
    at callAsyncCircusFn (/Users/brianlong/Documents/GitHub/summit/node_modules/.pnpm/jest-circus@30.1.3_babel-plugin-macros@3.1.0/node_modules/jest-circus/build/jestAdapterInit.js:1496:10)
    at _callCircusTest (/Users/brianlong/Documents/GitHub/summit/node_modules/.pnpm/jest-circus@30.1.3_babel-plugin-macros@3.1.0/node_modules/jest-circus/build/jestAdapterInit.js:1006:40)
    at processTicksAndRejections (node:internal/process/task_queues:95:5)
    at _runTest (/Users/brianlong/Documents/GitHub/summit/node_modules/.pnpm/jest-circus@30.1.3_babel-plugin-macros@3.1.0/node_modules/jest-circus/build/jestAdapterInit.js:946:3)
    at _runTestsForDescribeBlock (/Users/brianlong/Documents/GitHub/summit/node_modules/.pnpm/jest-circus@30.1.3_babel-plugin-macros@3.1.0/node_modules/jest-circus/build/jestAdapterInit.js:839:13)
    at _runTestsForDescribeBlock (/Users/brianlong/Documents/GitHub/summit/node_modules/.pnpm/jest-circus@30.1.3_babel-plugin-macros@3.1.0/node_modules/jest-circus/build/jestAdapterInit.js:829:11)
    at _runTestsForDescribeBlock (/Users/brianlong/Documents/GitHub/summit/node_modules/.pnpm/jest-circus@30.1.3_babel-plugin-macros@3.1.0/node_modules/jest-circus/build/jestAdapterInit.js:829:11)
    at run (/Users/brianlong/Documents/GitHub/summit/node_modules/.pnpm/jest-circus@30.1.3_babel-plugin-macros@3.1.0/node_modules/jest-circus/build/jestAdapterInit.js:757:3)
    at runAndTransformResultsToJestFormat (/Users/brianlong/Documents/GitHub/summit/node_modules/.pnpm/jest-circus@30.1.3_babel-plugin-macros@3.1.0/node_modules/jest-circus/build/jestAdapterInit.js:1917:21)
    at jestAdapter (/Users/brianlong/Documents/GitHub/summit/node_modules/.pnpm/jest-circus@30.1.3_babel-plugin-macros@3.1.0/node_modules/jest-circus/build/runner.js:101:19)
    at runTestInternal (/Users/brianlong/Documents/GitHub/summit/node_modules/.pnpm/jest-runner@30.1.3/node_modules/jest-runner/build/testWorker.js:275:16)
    at runTest (/Users/brianlong/Documents/GitHub/summit/node_modules/.pnpm/jest-runner@30.1.3/node_modules/jest-runner/build/testWorker.js:343:7)
    at Object.worker (/Users/brianlong/Documents/GitHub/summit/node_modules/.pnpm/jest-runner@30.1.3/node_modules/jest-runner/build/testWorker.js:497:12)</failure>
    </testcase>
    <testcase classname="MoERouter route falls back to LLM_LIGHT when no specific tool matches" name="MoERouter route falls back to LLM_LIGHT when no specific tool matches" time="0.001">
      <failure>Error: expect(received).toContain(expected) // indexOf

Expected substring: &quot;Fallback&quot;
Received string:    &quot;simple query&quot;
    at Object.&lt;anonymous&gt; (/Users/brianlong/Documents/GitHub/summit/server/src/conductor/__tests__/router.test.ts:105:31)
    at Promise.finally.completed (/Users/brianlong/Documents/GitHub/summit/node_modules/.pnpm/jest-circus@30.1.3_babel-plugin-macros@3.1.0/node_modules/jest-circus/build/jestAdapterInit.js:1556:28)
    at new Promise (&lt;anonymous&gt;)
    at callAsyncCircusFn (/Users/brianlong/Documents/GitHub/summit/node_modules/.pnpm/jest-circus@30.1.3_babel-plugin-macros@3.1.0/node_modules/jest-circus/build/jestAdapterInit.js:1496:10)
    at _callCircusTest (/Users/brianlong/Documents/GitHub/summit/node_modules/.pnpm/jest-circus@30.1.3_babel-plugin-macros@3.1.0/node_modules/jest-circus/build/jestAdapterInit.js:1006:40)
    at processTicksAndRejections (node:internal/process/task_queues:95:5)
    at _runTest (/Users/brianlong/Documents/GitHub/summit/node_modules/.pnpm/jest-circus@30.1.3_babel-plugin-macros@3.1.0/node_modules/jest-circus/build/jestAdapterInit.js:946:3)
    at _runTestsForDescribeBlock (/Users/brianlong/Documents/GitHub/summit/node_modules/.pnpm/jest-circus@30.1.3_babel-plugin-macros@3.1.0/node_modules/jest-circus/build/jestAdapterInit.js:839:13)
    at _runTestsForDescribeBlock (/Users/brianlong/Documents/GitHub/summit/node_modules/.pnpm/jest-circus@30.1.3_babel-plugin-macros@3.1.0/node_modules/jest-circus/build/jestAdapterInit.js:829:11)
    at _runTestsForDescribeBlock (/Users/brianlong/Documents/GitHub/summit/node_modules/.pnpm/jest-circus@30.1.3_babel-plugin-macros@3.1.0/node_modules/jest-circus/build/jestAdapterInit.js:829:11)
    at run (/Users/brianlong/Documents/GitHub/summit/node_modules/.pnpm/jest-circus@30.1.3_babel-plugin-macros@3.1.0/node_modules/jest-circus/build/jestAdapterInit.js:757:3)
    at runAndTransformResultsToJestFormat (/Users/brianlong/Documents/GitHub/summit/node_modules/.pnpm/jest-circus@30.1.3_babel-plugin-macros@3.1.0/node_modules/jest-circus/build/jestAdapterInit.js:1917:21)
    at jestAdapter (/Users/brianlong/Documents/GitHub/summit/node_modules/.pnpm/jest-circus@30.1.3_babel-plugin-macros@3.1.0/node_modules/jest-circus/build/runner.js:101:19)
    at runTestInternal (/Users/brianlong/Documents/GitHub/summit/node_modules/.pnpm/jest-runner@30.1.3/node_modules/jest-runner/build/testWorker.js:275:16)
    at runTest (/Users/brianlong/Documents/GitHub/summit/node_modules/.pnpm/jest-runner@30.1.3/node_modules/jest-runner/build/testWorker.js:343:7)
    at Object.worker (/Users/brianlong/Documents/GitHub/summit/node_modules/.pnpm/jest-runner@30.1.3/node_modules/jest-runner/build/testWorker.js:497:12)</failure>
    </testcase>
    <testcase classname="MoERouter feature extraction detects graph keywords correctly" name="MoERouter feature extraction detects graph keywords correctly" time="0.002">
    </testcase>
    <testcase classname="MoERouter feature extraction detects file keywords correctly" name="MoERouter feature extraction detects file keywords correctly" time="0.002">
    </testcase>
    <testcase classname="MoERouter feature extraction detects OSINT keywords correctly" name="MoERouter feature extraction detects OSINT keywords correctly" time="0.002">
    </testcase>
    <testcase classname="MoERouter feature extraction calculates complexity score correctly" name="MoERouter feature extraction calculates complexity score correctly" time="0.001">
    </testcase>
    <testcase classname="MoERouter security constraints respects sensitivity levels in routing" name="MoERouter security constraints respects sensitivity levels in routing" time="0">
    </testcase>
    <testcase classname="MoERouter security constraints considers user context in routing" name="MoERouter security constraints considers user context in routing" time="0">
    </testcase>
    <testcase classname="MoERouter routing statistics tracks routing decisions" name="MoERouter routing statistics tracks routing decisions" time="0.005">
    </testcase>
    <testcase classname="MoERouter routing statistics calculates average confidence correctly" name="MoERouter routing statistics calculates average confidence correctly" time="0.002">
    </testcase>
    <testcase classname="MoERouter edge cases handles empty task" name="MoERouter edge cases handles empty task" time="0.026">
    </testcase>
    <testcase classname="MoERouter edge cases handles very long tasks" name="MoERouter edge cases handles very long tasks" time="0.001">
    </testcase>
    <testcase classname="MoERouter edge cases handles tight latency constraints" name="MoERouter edge cases handles tight latency constraints" time="0">
    </testcase>
    <testcase classname="MoERouter edge cases handles multiple keyword matches" name="MoERouter edge cases handles multiple keyword matches" time="0.001">
    </testcase>
  </testsuite>
  <testsuite name="ProvenanceRepo" errors="0" failures="0" skipped="0" timestamp="2025-09-24T17:51:38" time="0.376" tests="3">
    <testcase classname="ProvenanceRepo maps classic audit_events rows" name="ProvenanceRepo maps classic audit_events rows" time="0.04">
    </testcase>
    <testcase classname="ProvenanceRepo falls back to provenance table and maps fields" name="ProvenanceRepo falls back to provenance table and maps fields" time="0.007">
    </testcase>
    <testcase classname=" includes filters in WHERE (contains + reasonCodeIn)" name=" includes filters in WHERE (contains + reasonCodeIn)" time="0.003">
    </testcase>
  </testsuite>
  <testsuite name="BehavioralDnaNetwork" errors="0" failures="0" skipped="0" timestamp="2025-09-24T17:51:38" time="0.321" tests="2">
    <testcase classname="BehavioralDnaNetwork updates embeddings and detects anomalies" name="BehavioralDnaNetwork updates embeddings and detects anomalies" time="0.003">
    </testcase>
    <testcase classname="BehavioralDnaNetwork predicts next behavior based on trend" name="BehavioralDnaNetwork predicts next behavior based on trend" time="0.001">
    </testcase>
  </testsuite>
  <testsuite name="nl2cypher corpus" errors="0" failures="0" skipped="0" timestamp="2025-09-24T17:51:38" time="0.466" tests="1">
    <testcase classname="nl2cypher corpus produces expected cypher and AST for corpus" name="nl2cypher corpus produces expected cypher and AST for corpus" time="0.154">
    </testcase>
  </testsuite>
  <testsuite name="computeScore" errors="0" failures="0" skipped="0" timestamp="2025-09-24T17:51:38" time="0.412" tests="5">
    <testcase classname="computeScore should compute the weighted mean correctly" name="computeScore should compute the weighted mean correctly" time="0.004">
    </testcase>
    <testcase classname="computeScore should handle cases with no weight (default to 1)" name="computeScore should handle cases with no weight (default to 1)" time="0.001">
    </testcase>
    <testcase classname="computeScore should return 0 if no values are provided" name="computeScore should return 0 if no values are provided" time="0">
    </testcase>
    <testcase classname="computeScore should handle zero weights" name="computeScore should handle zero weights" time="0.001">
    </testcase>
    <testcase classname="computeScore should handle mixed weights and no weights" name="computeScore should handle mixed weights and no weights" time="0">
    </testcase>
  </testsuite>
  <testsuite name="PathRankingService" errors="0" failures="0" skipped="0" timestamp="2025-09-24T17:51:39" time="0.46" tests="1">
    <testcase classname="PathRankingService v2 ranking improves top1 path alignment" name="PathRankingService v2 ranking improves top1 path alignment" time="0.011">
    </testcase>
  </testsuite>
  <testsuite name="IntelCorroborationService" errors="0" failures="0" skipped="0" timestamp="2025-09-24T17:51:39" time="0.64" tests="1">
    <testcase classname="IntelCorroborationService computes confidence with evidence and analyst ratings" name="IntelCorroborationService computes confidence with evidence and analyst ratings" time="0.008">
    </testcase>
  </testsuite>
  <testsuite name="legal hold guard" errors="0" failures="0" skipped="0" timestamp="2025-09-24T17:51:39" time="0.696" tests="2">
    <testcase classname="legal hold guard denies when case has legal hold" name="legal hold guard denies when case has legal hold" time="0.054">
    </testcase>
    <testcase classname="legal hold guard passes through when no hold" name="legal hold guard passes through when no hold" time="0.004">
    </testcase>
  </testsuite>
  <testsuite name="Watchlist flow" errors="0" failures="0" skipped="0" timestamp="2025-09-24T17:51:39" time="0.621" tests="1">
    <testcase classname="Watchlist flow creates and adds entity" name="Watchlist flow creates and adds entity" time="0.021">
    </testcase>
  </testsuite>
</testsuites>