<?xml version="1.0" encoding="UTF-8"?>
<testsuites name="jest tests" tests="523" failures="139" errors="0" time="334.738">
  <testsuite name="Provenance Functionality" errors="0" failures="0" skipped="0" timestamp="2025-12-25T23:01:06" time="0.412" tests="16">
    <testcase classname="Provenance Functionality Hashing should create consistent hashes for sources" name="Provenance Functionality Hashing should create consistent hashes for sources" time="0.007">
    </testcase>
    <testcase classname="Provenance Functionality Hashing should create different hashes for different sources" name="Provenance Functionality Hashing should create different hashes for different sources" time="0.001">
    </testcase>
    <testcase classname="Provenance Functionality Hashing should create consistent hashes for assertions" name="Provenance Functionality Hashing should create consistent hashes for assertions" time="0">
    </testcase>
    <testcase classname="Provenance Functionality Hashing should sort evidence arrays before hashing" name="Provenance Functionality Hashing should sort evidence arrays before hashing" time="0.001">
    </testcase>
    <testcase classname="Provenance Functionality Hashing should create consistent hashes for transforms" name="Provenance Functionality Hashing should create consistent hashes for transforms" time="0">
    </testcase>
    <testcase classname="Provenance Functionality Provenance Chain Creation should create a valid provenance chain" name="Provenance Functionality Provenance Chain Creation should create a valid provenance chain" time="0.001">
    </testcase>
    <testcase classname="Provenance Functionality Provenance Chain Creation should create different chain hashes for different content" name="Provenance Functionality Provenance Chain Creation should create different chain hashes for different content" time="0">
    </testcase>
    <testcase classname="Provenance Functionality Provenance Chain Verification should verify a valid provenance chain" name="Provenance Functionality Provenance Chain Verification should verify a valid provenance chain" time="0.001">
    </testcase>
    <testcase classname="Provenance Functionality Provenance Chain Verification should detect tampering in source hash" name="Provenance Functionality Provenance Chain Verification should detect tampering in source hash" time="0.001">
    </testcase>
    <testcase classname="Provenance Functionality Provenance Chain Verification should detect tampering in assertion hash" name="Provenance Functionality Provenance Chain Verification should detect tampering in assertion hash" time="0">
    </testcase>
    <testcase classname="Provenance Functionality Provenance Chain Verification should detect tampering in chain hash" name="Provenance Functionality Provenance Chain Verification should detect tampering in chain hash" time="0.001">
    </testcase>
    <testcase classname="Provenance Functionality Provenance Manifest should create a valid provenance manifest" name="Provenance Functionality Provenance Manifest should create a valid provenance manifest" time="0">
    </testcase>
    <testcase classname="Provenance Functionality Provenance Manifest should verify a valid manifest" name="Provenance Functionality Provenance Manifest should verify a valid manifest" time="0">
    </testcase>
    <testcase classname="Provenance Functionality Provenance Manifest should detect tampering in manifest" name="Provenance Functionality Provenance Manifest should detect tampering in manifest" time="0.001">
    </testcase>
    <testcase classname="Provenance Functionality Provenance Manifest should detect tampering in contained chains" name="Provenance Functionality Provenance Manifest should detect tampering in contained chains" time="0">
    </testcase>
    <testcase classname="Provenance Functionality End-to-End Provenance Flow should create and verify a complete provenance chain" name="Provenance Functionality End-to-End Provenance Flow should create and verify a complete provenance chain" time="0.004">
    </testcase>
  </testsuite>
  <testsuite name="JWTSecurityManager" errors="0" failures="31" skipped="0" timestamp="2025-12-25T23:01:08" time="1.229" tests="31">
    <testcase classname="JWTSecurityManager Initialization should initialize successfully with default config" name="JWTSecurityManager Initialization should initialize successfully with default config" time="0.001">
      <failure>TypeError: Cannot read properties of undefined (reading &apos;connect&apos;)
    at Object.&lt;anonymous&gt; (/Users/brianlong/Developer/summit/server/src/security/__tests__/jwt-security.test.ts:38:15)
    at Promise.then.completed (/Users/brianlong/Developer/summit/node_modules/.pnpm/jest-circus@29.7.0_babel-plugin-macros@3.1.0/node_modules/jest-circus/build/utils.js:298:28)
    at new Promise (&lt;anonymous&gt;)
    at callAsyncCircusFn (/Users/brianlong/Developer/summit/node_modules/.pnpm/jest-circus@29.7.0_babel-plugin-macros@3.1.0/node_modules/jest-circus/build/utils.js:231:10)
    at _callCircusHook (/Users/brianlong/Developer/summit/node_modules/.pnpm/jest-circus@29.7.0_babel-plugin-macros@3.1.0/node_modules/jest-circus/build/run.js:281:40)
    at processTicksAndRejections (node:internal/process/task_queues:95:5)
    at _runTest (/Users/brianlong/Developer/summit/node_modules/.pnpm/jest-circus@29.7.0_babel-plugin-macros@3.1.0/node_modules/jest-circus/build/run.js:246:5)
    at _runTestsForDescribeBlock (/Users/brianlong/Developer/summit/node_modules/.pnpm/jest-circus@29.7.0_babel-plugin-macros@3.1.0/node_modules/jest-circus/build/run.js:126:9)
    at _runTestsForDescribeBlock (/Users/brianlong/Developer/summit/node_modules/.pnpm/jest-circus@29.7.0_babel-plugin-macros@3.1.0/node_modules/jest-circus/build/run.js:121:9)
    at _runTestsForDescribeBlock (/Users/brianlong/Developer/summit/node_modules/.pnpm/jest-circus@29.7.0_babel-plugin-macros@3.1.0/node_modules/jest-circus/build/run.js:121:9)
    at run (/Users/brianlong/Developer/summit/node_modules/.pnpm/jest-circus@29.7.0_babel-plugin-macros@3.1.0/node_modules/jest-circus/build/run.js:71:3)
    at runAndTransformResultsToJestFormat (/Users/brianlong/Developer/summit/node_modules/.pnpm/jest-circus@29.7.0_babel-plugin-macros@3.1.0/node_modules/jest-circus/build/legacy-code-todo-rewrite/jestAdapterInit.js:122:21)
    at jestAdapter (/Users/brianlong/Developer/summit/node_modules/.pnpm/jest-circus@29.7.0_babel-plugin-macros@3.1.0/node_modules/jest-circus/build/legacy-code-todo-rewrite/jestAdapter.js:79:19)
    at runTestInternal (/Users/brianlong/Developer/summit/node_modules/.pnpm/jest-runner@29.7.0/node_modules/jest-runner/build/runTest.js:367:16)
    at runTest (/Users/brianlong/Developer/summit/node_modules/.pnpm/jest-runner@29.7.0/node_modules/jest-runner/build/runTest.js:444:34)
    at Object.worker (/Users/brianlong/Developer/summit/node_modules/.pnpm/jest-runner@29.7.0/node_modules/jest-runner/build/testWorker.js:106:12)</failure>
    </testcase>
    <testcase classname="JWTSecurityManager Initialization should generate new key if none exists in Redis" name="JWTSecurityManager Initialization should generate new key if none exists in Redis" time="0">
      <failure>TypeError: Cannot read properties of undefined (reading &apos;connect&apos;)
    at Object.&lt;anonymous&gt; (/Users/brianlong/Developer/summit/server/src/security/__tests__/jwt-security.test.ts:38:15)
    at Promise.then.completed (/Users/brianlong/Developer/summit/node_modules/.pnpm/jest-circus@29.7.0_babel-plugin-macros@3.1.0/node_modules/jest-circus/build/utils.js:298:28)
    at new Promise (&lt;anonymous&gt;)
    at callAsyncCircusFn (/Users/brianlong/Developer/summit/node_modules/.pnpm/jest-circus@29.7.0_babel-plugin-macros@3.1.0/node_modules/jest-circus/build/utils.js:231:10)
    at _callCircusHook (/Users/brianlong/Developer/summit/node_modules/.pnpm/jest-circus@29.7.0_babel-plugin-macros@3.1.0/node_modules/jest-circus/build/run.js:281:40)
    at processTicksAndRejections (node:internal/process/task_queues:95:5)
    at _runTest (/Users/brianlong/Developer/summit/node_modules/.pnpm/jest-circus@29.7.0_babel-plugin-macros@3.1.0/node_modules/jest-circus/build/run.js:246:5)
    at _runTestsForDescribeBlock (/Users/brianlong/Developer/summit/node_modules/.pnpm/jest-circus@29.7.0_babel-plugin-macros@3.1.0/node_modules/jest-circus/build/run.js:126:9)
    at _runTestsForDescribeBlock (/Users/brianlong/Developer/summit/node_modules/.pnpm/jest-circus@29.7.0_babel-plugin-macros@3.1.0/node_modules/jest-circus/build/run.js:121:9)
    at _runTestsForDescribeBlock (/Users/brianlong/Developer/summit/node_modules/.pnpm/jest-circus@29.7.0_babel-plugin-macros@3.1.0/node_modules/jest-circus/build/run.js:121:9)
    at run (/Users/brianlong/Developer/summit/node_modules/.pnpm/jest-circus@29.7.0_babel-plugin-macros@3.1.0/node_modules/jest-circus/build/run.js:71:3)
    at runAndTransformResultsToJestFormat (/Users/brianlong/Developer/summit/node_modules/.pnpm/jest-circus@29.7.0_babel-plugin-macros@3.1.0/node_modules/jest-circus/build/legacy-code-todo-rewrite/jestAdapterInit.js:122:21)
    at jestAdapter (/Users/brianlong/Developer/summit/node_modules/.pnpm/jest-circus@29.7.0_babel-plugin-macros@3.1.0/node_modules/jest-circus/build/legacy-code-todo-rewrite/jestAdapter.js:79:19)
    at runTestInternal (/Users/brianlong/Developer/summit/node_modules/.pnpm/jest-runner@29.7.0/node_modules/jest-runner/build/runTest.js:367:16)
    at runTest (/Users/brianlong/Developer/summit/node_modules/.pnpm/jest-runner@29.7.0/node_modules/jest-runner/build/runTest.js:444:34)
    at Object.worker (/Users/brianlong/Developer/summit/node_modules/.pnpm/jest-runner@29.7.0/node_modules/jest-runner/build/testWorker.js:106:12)</failure>
    </testcase>
    <testcase classname="JWTSecurityManager Initialization should load existing key from Redis" name="JWTSecurityManager Initialization should load existing key from Redis" time="0">
      <failure>TypeError: Cannot read properties of undefined (reading &apos;connect&apos;)
    at Object.&lt;anonymous&gt; (/Users/brianlong/Developer/summit/server/src/security/__tests__/jwt-security.test.ts:38:15)
    at Promise.then.completed (/Users/brianlong/Developer/summit/node_modules/.pnpm/jest-circus@29.7.0_babel-plugin-macros@3.1.0/node_modules/jest-circus/build/utils.js:298:28)
    at new Promise (&lt;anonymous&gt;)
    at callAsyncCircusFn (/Users/brianlong/Developer/summit/node_modules/.pnpm/jest-circus@29.7.0_babel-plugin-macros@3.1.0/node_modules/jest-circus/build/utils.js:231:10)
    at _callCircusHook (/Users/brianlong/Developer/summit/node_modules/.pnpm/jest-circus@29.7.0_babel-plugin-macros@3.1.0/node_modules/jest-circus/build/run.js:281:40)
    at processTicksAndRejections (node:internal/process/task_queues:95:5)
    at _runTest (/Users/brianlong/Developer/summit/node_modules/.pnpm/jest-circus@29.7.0_babel-plugin-macros@3.1.0/node_modules/jest-circus/build/run.js:246:5)
    at _runTestsForDescribeBlock (/Users/brianlong/Developer/summit/node_modules/.pnpm/jest-circus@29.7.0_babel-plugin-macros@3.1.0/node_modules/jest-circus/build/run.js:126:9)
    at _runTestsForDescribeBlock (/Users/brianlong/Developer/summit/node_modules/.pnpm/jest-circus@29.7.0_babel-plugin-macros@3.1.0/node_modules/jest-circus/build/run.js:121:9)
    at _runTestsForDescribeBlock (/Users/brianlong/Developer/summit/node_modules/.pnpm/jest-circus@29.7.0_babel-plugin-macros@3.1.0/node_modules/jest-circus/build/run.js:121:9)
    at run (/Users/brianlong/Developer/summit/node_modules/.pnpm/jest-circus@29.7.0_babel-plugin-macros@3.1.0/node_modules/jest-circus/build/run.js:71:3)
    at runAndTransformResultsToJestFormat (/Users/brianlong/Developer/summit/node_modules/.pnpm/jest-circus@29.7.0_babel-plugin-macros@3.1.0/node_modules/jest-circus/build/legacy-code-todo-rewrite/jestAdapterInit.js:122:21)
    at jestAdapter (/Users/brianlong/Developer/summit/node_modules/.pnpm/jest-circus@29.7.0_babel-plugin-macros@3.1.0/node_modules/jest-circus/build/legacy-code-todo-rewrite/jestAdapter.js:79:19)
    at runTestInternal (/Users/brianlong/Developer/summit/node_modules/.pnpm/jest-runner@29.7.0/node_modules/jest-runner/build/runTest.js:367:16)
    at runTest (/Users/brianlong/Developer/summit/node_modules/.pnpm/jest-runner@29.7.0/node_modules/jest-runner/build/runTest.js:444:34)
    at Object.worker (/Users/brianlong/Developer/summit/node_modules/.pnpm/jest-runner@29.7.0/node_modules/jest-runner/build/testWorker.js:106:12)</failure>
    </testcase>
    <testcase classname="JWTSecurityManager Initialization should rotate expired key on initialization" name="JWTSecurityManager Initialization should rotate expired key on initialization" time="0">
      <failure>TypeError: Cannot read properties of undefined (reading &apos;connect&apos;)
    at Object.&lt;anonymous&gt; (/Users/brianlong/Developer/summit/server/src/security/__tests__/jwt-security.test.ts:38:15)
    at Promise.then.completed (/Users/brianlong/Developer/summit/node_modules/.pnpm/jest-circus@29.7.0_babel-plugin-macros@3.1.0/node_modules/jest-circus/build/utils.js:298:28)
    at new Promise (&lt;anonymous&gt;)
    at callAsyncCircusFn (/Users/brianlong/Developer/summit/node_modules/.pnpm/jest-circus@29.7.0_babel-plugin-macros@3.1.0/node_modules/jest-circus/build/utils.js:231:10)
    at _callCircusHook (/Users/brianlong/Developer/summit/node_modules/.pnpm/jest-circus@29.7.0_babel-plugin-macros@3.1.0/node_modules/jest-circus/build/run.js:281:40)
    at processTicksAndRejections (node:internal/process/task_queues:95:5)
    at _runTest (/Users/brianlong/Developer/summit/node_modules/.pnpm/jest-circus@29.7.0_babel-plugin-macros@3.1.0/node_modules/jest-circus/build/run.js:246:5)
    at _runTestsForDescribeBlock (/Users/brianlong/Developer/summit/node_modules/.pnpm/jest-circus@29.7.0_babel-plugin-macros@3.1.0/node_modules/jest-circus/build/run.js:126:9)
    at _runTestsForDescribeBlock (/Users/brianlong/Developer/summit/node_modules/.pnpm/jest-circus@29.7.0_babel-plugin-macros@3.1.0/node_modules/jest-circus/build/run.js:121:9)
    at _runTestsForDescribeBlock (/Users/brianlong/Developer/summit/node_modules/.pnpm/jest-circus@29.7.0_babel-plugin-macros@3.1.0/node_modules/jest-circus/build/run.js:121:9)
    at run (/Users/brianlong/Developer/summit/node_modules/.pnpm/jest-circus@29.7.0_babel-plugin-macros@3.1.0/node_modules/jest-circus/build/run.js:71:3)
    at runAndTransformResultsToJestFormat (/Users/brianlong/Developer/summit/node_modules/.pnpm/jest-circus@29.7.0_babel-plugin-macros@3.1.0/node_modules/jest-circus/build/legacy-code-todo-rewrite/jestAdapterInit.js:122:21)
    at jestAdapter (/Users/brianlong/Developer/summit/node_modules/.pnpm/jest-circus@29.7.0_babel-plugin-macros@3.1.0/node_modules/jest-circus/build/legacy-code-todo-rewrite/jestAdapter.js:79:19)
    at runTestInternal (/Users/brianlong/Developer/summit/node_modules/.pnpm/jest-runner@29.7.0/node_modules/jest-runner/build/runTest.js:367:16)
    at runTest (/Users/brianlong/Developer/summit/node_modules/.pnpm/jest-runner@29.7.0/node_modules/jest-runner/build/runTest.js:444:34)
    at Object.worker (/Users/brianlong/Developer/summit/node_modules/.pnpm/jest-runner@29.7.0/node_modules/jest-runner/build/testWorker.js:106:12)</failure>
    </testcase>
    <testcase classname="JWTSecurityManager Token Signing should sign a token with required claims" name="JWTSecurityManager Token Signing should sign a token with required claims" time="0">
      <failure>TypeError: Cannot read properties of undefined (reading &apos;connect&apos;)
    at Object.&lt;anonymous&gt; (/Users/brianlong/Developer/summit/server/src/security/__tests__/jwt-security.test.ts:38:15)
    at Promise.then.completed (/Users/brianlong/Developer/summit/node_modules/.pnpm/jest-circus@29.7.0_babel-plugin-macros@3.1.0/node_modules/jest-circus/build/utils.js:298:28)
    at new Promise (&lt;anonymous&gt;)
    at callAsyncCircusFn (/Users/brianlong/Developer/summit/node_modules/.pnpm/jest-circus@29.7.0_babel-plugin-macros@3.1.0/node_modules/jest-circus/build/utils.js:231:10)
    at _callCircusHook (/Users/brianlong/Developer/summit/node_modules/.pnpm/jest-circus@29.7.0_babel-plugin-macros@3.1.0/node_modules/jest-circus/build/run.js:281:40)
    at processTicksAndRejections (node:internal/process/task_queues:95:5)
    at _runTest (/Users/brianlong/Developer/summit/node_modules/.pnpm/jest-circus@29.7.0_babel-plugin-macros@3.1.0/node_modules/jest-circus/build/run.js:246:5)
    at _runTestsForDescribeBlock (/Users/brianlong/Developer/summit/node_modules/.pnpm/jest-circus@29.7.0_babel-plugin-macros@3.1.0/node_modules/jest-circus/build/run.js:126:9)
    at _runTestsForDescribeBlock (/Users/brianlong/Developer/summit/node_modules/.pnpm/jest-circus@29.7.0_babel-plugin-macros@3.1.0/node_modules/jest-circus/build/run.js:121:9)
    at _runTestsForDescribeBlock (/Users/brianlong/Developer/summit/node_modules/.pnpm/jest-circus@29.7.0_babel-plugin-macros@3.1.0/node_modules/jest-circus/build/run.js:121:9)
    at run (/Users/brianlong/Developer/summit/node_modules/.pnpm/jest-circus@29.7.0_babel-plugin-macros@3.1.0/node_modules/jest-circus/build/run.js:71:3)
    at runAndTransformResultsToJestFormat (/Users/brianlong/Developer/summit/node_modules/.pnpm/jest-circus@29.7.0_babel-plugin-macros@3.1.0/node_modules/jest-circus/build/legacy-code-todo-rewrite/jestAdapterInit.js:122:21)
    at jestAdapter (/Users/brianlong/Developer/summit/node_modules/.pnpm/jest-circus@29.7.0_babel-plugin-macros@3.1.0/node_modules/jest-circus/build/legacy-code-todo-rewrite/jestAdapter.js:79:19)
    at runTestInternal (/Users/brianlong/Developer/summit/node_modules/.pnpm/jest-runner@29.7.0/node_modules/jest-runner/build/runTest.js:367:16)
    at runTest (/Users/brianlong/Developer/summit/node_modules/.pnpm/jest-runner@29.7.0/node_modules/jest-runner/build/runTest.js:444:34)
    at Object.worker (/Users/brianlong/Developer/summit/node_modules/.pnpm/jest-runner@29.7.0/node_modules/jest-runner/build/testWorker.js:106:12)</failure>
    </testcase>
    <testcase classname="JWTSecurityManager Token Signing should include kid in JWT header" name="JWTSecurityManager Token Signing should include kid in JWT header" time="0">
      <failure>TypeError: Cannot read properties of undefined (reading &apos;connect&apos;)
    at Object.&lt;anonymous&gt; (/Users/brianlong/Developer/summit/server/src/security/__tests__/jwt-security.test.ts:38:15)
    at Promise.then.completed (/Users/brianlong/Developer/summit/node_modules/.pnpm/jest-circus@29.7.0_babel-plugin-macros@3.1.0/node_modules/jest-circus/build/utils.js:298:28)
    at new Promise (&lt;anonymous&gt;)
    at callAsyncCircusFn (/Users/brianlong/Developer/summit/node_modules/.pnpm/jest-circus@29.7.0_babel-plugin-macros@3.1.0/node_modules/jest-circus/build/utils.js:231:10)
    at _callCircusHook (/Users/brianlong/Developer/summit/node_modules/.pnpm/jest-circus@29.7.0_babel-plugin-macros@3.1.0/node_modules/jest-circus/build/run.js:281:40)
    at processTicksAndRejections (node:internal/process/task_queues:95:5)
    at _runTest (/Users/brianlong/Developer/summit/node_modules/.pnpm/jest-circus@29.7.0_babel-plugin-macros@3.1.0/node_modules/jest-circus/build/run.js:246:5)
    at _runTestsForDescribeBlock (/Users/brianlong/Developer/summit/node_modules/.pnpm/jest-circus@29.7.0_babel-plugin-macros@3.1.0/node_modules/jest-circus/build/run.js:126:9)
    at _runTestsForDescribeBlock (/Users/brianlong/Developer/summit/node_modules/.pnpm/jest-circus@29.7.0_babel-plugin-macros@3.1.0/node_modules/jest-circus/build/run.js:121:9)
    at _runTestsForDescribeBlock (/Users/brianlong/Developer/summit/node_modules/.pnpm/jest-circus@29.7.0_babel-plugin-macros@3.1.0/node_modules/jest-circus/build/run.js:121:9)
    at run (/Users/brianlong/Developer/summit/node_modules/.pnpm/jest-circus@29.7.0_babel-plugin-macros@3.1.0/node_modules/jest-circus/build/run.js:71:3)
    at runAndTransformResultsToJestFormat (/Users/brianlong/Developer/summit/node_modules/.pnpm/jest-circus@29.7.0_babel-plugin-macros@3.1.0/node_modules/jest-circus/build/legacy-code-todo-rewrite/jestAdapterInit.js:122:21)
    at jestAdapter (/Users/brianlong/Developer/summit/node_modules/.pnpm/jest-circus@29.7.0_babel-plugin-macros@3.1.0/node_modules/jest-circus/build/legacy-code-todo-rewrite/jestAdapter.js:79:19)
    at runTestInternal (/Users/brianlong/Developer/summit/node_modules/.pnpm/jest-runner@29.7.0/node_modules/jest-runner/build/runTest.js:367:16)
    at runTest (/Users/brianlong/Developer/summit/node_modules/.pnpm/jest-runner@29.7.0/node_modules/jest-runner/build/runTest.js:444:34)
    at Object.worker (/Users/brianlong/Developer/summit/node_modules/.pnpm/jest-runner@29.7.0/node_modules/jest-runner/build/testWorker.js:106:12)</failure>
    </testcase>
    <testcase classname="JWTSecurityManager Token Signing should include jti for replay protection" name="JWTSecurityManager Token Signing should include jti for replay protection" time="0">
      <failure>TypeError: Cannot read properties of undefined (reading &apos;connect&apos;)
    at Object.&lt;anonymous&gt; (/Users/brianlong/Developer/summit/server/src/security/__tests__/jwt-security.test.ts:38:15)
    at Promise.then.completed (/Users/brianlong/Developer/summit/node_modules/.pnpm/jest-circus@29.7.0_babel-plugin-macros@3.1.0/node_modules/jest-circus/build/utils.js:298:28)
    at new Promise (&lt;anonymous&gt;)
    at callAsyncCircusFn (/Users/brianlong/Developer/summit/node_modules/.pnpm/jest-circus@29.7.0_babel-plugin-macros@3.1.0/node_modules/jest-circus/build/utils.js:231:10)
    at _callCircusHook (/Users/brianlong/Developer/summit/node_modules/.pnpm/jest-circus@29.7.0_babel-plugin-macros@3.1.0/node_modules/jest-circus/build/run.js:281:40)
    at processTicksAndRejections (node:internal/process/task_queues:95:5)
    at _runTest (/Users/brianlong/Developer/summit/node_modules/.pnpm/jest-circus@29.7.0_babel-plugin-macros@3.1.0/node_modules/jest-circus/build/run.js:246:5)
    at _runTestsForDescribeBlock (/Users/brianlong/Developer/summit/node_modules/.pnpm/jest-circus@29.7.0_babel-plugin-macros@3.1.0/node_modules/jest-circus/build/run.js:126:9)
    at _runTestsForDescribeBlock (/Users/brianlong/Developer/summit/node_modules/.pnpm/jest-circus@29.7.0_babel-plugin-macros@3.1.0/node_modules/jest-circus/build/run.js:121:9)
    at _runTestsForDescribeBlock (/Users/brianlong/Developer/summit/node_modules/.pnpm/jest-circus@29.7.0_babel-plugin-macros@3.1.0/node_modules/jest-circus/build/run.js:121:9)
    at run (/Users/brianlong/Developer/summit/node_modules/.pnpm/jest-circus@29.7.0_babel-plugin-macros@3.1.0/node_modules/jest-circus/build/run.js:71:3)
    at runAndTransformResultsToJestFormat (/Users/brianlong/Developer/summit/node_modules/.pnpm/jest-circus@29.7.0_babel-plugin-macros@3.1.0/node_modules/jest-circus/build/legacy-code-todo-rewrite/jestAdapterInit.js:122:21)
    at jestAdapter (/Users/brianlong/Developer/summit/node_modules/.pnpm/jest-circus@29.7.0_babel-plugin-macros@3.1.0/node_modules/jest-circus/build/legacy-code-todo-rewrite/jestAdapter.js:79:19)
    at runTestInternal (/Users/brianlong/Developer/summit/node_modules/.pnpm/jest-runner@29.7.0/node_modules/jest-runner/build/runTest.js:367:16)
    at runTest (/Users/brianlong/Developer/summit/node_modules/.pnpm/jest-runner@29.7.0/node_modules/jest-runner/build/runTest.js:444:34)
    at Object.worker (/Users/brianlong/Developer/summit/node_modules/.pnpm/jest-runner@29.7.0/node_modules/jest-runner/build/testWorker.js:106:12)</failure>
    </testcase>
    <testcase classname="JWTSecurityManager Token Signing should throw error if no current key available" name="JWTSecurityManager Token Signing should throw error if no current key available" time="0">
      <failure>TypeError: Cannot read properties of undefined (reading &apos;connect&apos;)
    at Object.&lt;anonymous&gt; (/Users/brianlong/Developer/summit/server/src/security/__tests__/jwt-security.test.ts:38:15)
    at Promise.then.completed (/Users/brianlong/Developer/summit/node_modules/.pnpm/jest-circus@29.7.0_babel-plugin-macros@3.1.0/node_modules/jest-circus/build/utils.js:298:28)
    at new Promise (&lt;anonymous&gt;)
    at callAsyncCircusFn (/Users/brianlong/Developer/summit/node_modules/.pnpm/jest-circus@29.7.0_babel-plugin-macros@3.1.0/node_modules/jest-circus/build/utils.js:231:10)
    at _callCircusHook (/Users/brianlong/Developer/summit/node_modules/.pnpm/jest-circus@29.7.0_babel-plugin-macros@3.1.0/node_modules/jest-circus/build/run.js:281:40)
    at processTicksAndRejections (node:internal/process/task_queues:95:5)
    at _runTest (/Users/brianlong/Developer/summit/node_modules/.pnpm/jest-circus@29.7.0_babel-plugin-macros@3.1.0/node_modules/jest-circus/build/run.js:246:5)
    at _runTestsForDescribeBlock (/Users/brianlong/Developer/summit/node_modules/.pnpm/jest-circus@29.7.0_babel-plugin-macros@3.1.0/node_modules/jest-circus/build/run.js:126:9)
    at _runTestsForDescribeBlock (/Users/brianlong/Developer/summit/node_modules/.pnpm/jest-circus@29.7.0_babel-plugin-macros@3.1.0/node_modules/jest-circus/build/run.js:121:9)
    at _runTestsForDescribeBlock (/Users/brianlong/Developer/summit/node_modules/.pnpm/jest-circus@29.7.0_babel-plugin-macros@3.1.0/node_modules/jest-circus/build/run.js:121:9)
    at run (/Users/brianlong/Developer/summit/node_modules/.pnpm/jest-circus@29.7.0_babel-plugin-macros@3.1.0/node_modules/jest-circus/build/run.js:71:3)
    at runAndTransformResultsToJestFormat (/Users/brianlong/Developer/summit/node_modules/.pnpm/jest-circus@29.7.0_babel-plugin-macros@3.1.0/node_modules/jest-circus/build/legacy-code-todo-rewrite/jestAdapterInit.js:122:21)
    at jestAdapter (/Users/brianlong/Developer/summit/node_modules/.pnpm/jest-circus@29.7.0_babel-plugin-macros@3.1.0/node_modules/jest-circus/build/legacy-code-todo-rewrite/jestAdapter.js:79:19)
    at runTestInternal (/Users/brianlong/Developer/summit/node_modules/.pnpm/jest-runner@29.7.0/node_modules/jest-runner/build/runTest.js:367:16)
    at runTest (/Users/brianlong/Developer/summit/node_modules/.pnpm/jest-runner@29.7.0/node_modules/jest-runner/build/runTest.js:444:34)
    at Object.worker (/Users/brianlong/Developer/summit/node_modules/.pnpm/jest-runner@29.7.0/node_modules/jest-runner/build/testWorker.js:106:12)</failure>
    </testcase>
    <testcase classname="JWTSecurityManager Token Verification should verify a valid token" name="JWTSecurityManager Token Verification should verify a valid token" time="0">
      <failure>TypeError: Cannot read properties of undefined (reading &apos;connect&apos;)
    at Object.&lt;anonymous&gt; (/Users/brianlong/Developer/summit/server/src/security/__tests__/jwt-security.test.ts:38:15)
    at Promise.then.completed (/Users/brianlong/Developer/summit/node_modules/.pnpm/jest-circus@29.7.0_babel-plugin-macros@3.1.0/node_modules/jest-circus/build/utils.js:298:28)
    at new Promise (&lt;anonymous&gt;)
    at callAsyncCircusFn (/Users/brianlong/Developer/summit/node_modules/.pnpm/jest-circus@29.7.0_babel-plugin-macros@3.1.0/node_modules/jest-circus/build/utils.js:231:10)
    at _callCircusHook (/Users/brianlong/Developer/summit/node_modules/.pnpm/jest-circus@29.7.0_babel-plugin-macros@3.1.0/node_modules/jest-circus/build/run.js:281:40)
    at processTicksAndRejections (node:internal/process/task_queues:95:5)
    at _runTest (/Users/brianlong/Developer/summit/node_modules/.pnpm/jest-circus@29.7.0_babel-plugin-macros@3.1.0/node_modules/jest-circus/build/run.js:246:5)
    at _runTestsForDescribeBlock (/Users/brianlong/Developer/summit/node_modules/.pnpm/jest-circus@29.7.0_babel-plugin-macros@3.1.0/node_modules/jest-circus/build/run.js:126:9)
    at _runTestsForDescribeBlock (/Users/brianlong/Developer/summit/node_modules/.pnpm/jest-circus@29.7.0_babel-plugin-macros@3.1.0/node_modules/jest-circus/build/run.js:121:9)
    at _runTestsForDescribeBlock (/Users/brianlong/Developer/summit/node_modules/.pnpm/jest-circus@29.7.0_babel-plugin-macros@3.1.0/node_modules/jest-circus/build/run.js:121:9)
    at run (/Users/brianlong/Developer/summit/node_modules/.pnpm/jest-circus@29.7.0_babel-plugin-macros@3.1.0/node_modules/jest-circus/build/run.js:71:3)
    at runAndTransformResultsToJestFormat (/Users/brianlong/Developer/summit/node_modules/.pnpm/jest-circus@29.7.0_babel-plugin-macros@3.1.0/node_modules/jest-circus/build/legacy-code-todo-rewrite/jestAdapterInit.js:122:21)
    at jestAdapter (/Users/brianlong/Developer/summit/node_modules/.pnpm/jest-circus@29.7.0_babel-plugin-macros@3.1.0/node_modules/jest-circus/build/legacy-code-todo-rewrite/jestAdapter.js:79:19)
    at runTestInternal (/Users/brianlong/Developer/summit/node_modules/.pnpm/jest-runner@29.7.0/node_modules/jest-runner/build/runTest.js:367:16)
    at runTest (/Users/brianlong/Developer/summit/node_modules/.pnpm/jest-runner@29.7.0/node_modules/jest-runner/build/runTest.js:444:34)
    at Object.worker (/Users/brianlong/Developer/summit/node_modules/.pnpm/jest-runner@29.7.0/node_modules/jest-runner/build/testWorker.js:106:12)</failure>
    </testcase>
    <testcase classname="JWTSecurityManager Token Verification should throw error for token without kid header" name="JWTSecurityManager Token Verification should throw error for token without kid header" time="0">
      <failure>TypeError: Cannot read properties of undefined (reading &apos;connect&apos;)
    at Object.&lt;anonymous&gt; (/Users/brianlong/Developer/summit/server/src/security/__tests__/jwt-security.test.ts:38:15)
    at Promise.then.completed (/Users/brianlong/Developer/summit/node_modules/.pnpm/jest-circus@29.7.0_babel-plugin-macros@3.1.0/node_modules/jest-circus/build/utils.js:298:28)
    at new Promise (&lt;anonymous&gt;)
    at callAsyncCircusFn (/Users/brianlong/Developer/summit/node_modules/.pnpm/jest-circus@29.7.0_babel-plugin-macros@3.1.0/node_modules/jest-circus/build/utils.js:231:10)
    at _callCircusHook (/Users/brianlong/Developer/summit/node_modules/.pnpm/jest-circus@29.7.0_babel-plugin-macros@3.1.0/node_modules/jest-circus/build/run.js:281:40)
    at processTicksAndRejections (node:internal/process/task_queues:95:5)
    at _runTest (/Users/brianlong/Developer/summit/node_modules/.pnpm/jest-circus@29.7.0_babel-plugin-macros@3.1.0/node_modules/jest-circus/build/run.js:246:5)
    at _runTestsForDescribeBlock (/Users/brianlong/Developer/summit/node_modules/.pnpm/jest-circus@29.7.0_babel-plugin-macros@3.1.0/node_modules/jest-circus/build/run.js:126:9)
    at _runTestsForDescribeBlock (/Users/brianlong/Developer/summit/node_modules/.pnpm/jest-circus@29.7.0_babel-plugin-macros@3.1.0/node_modules/jest-circus/build/run.js:121:9)
    at _runTestsForDescribeBlock (/Users/brianlong/Developer/summit/node_modules/.pnpm/jest-circus@29.7.0_babel-plugin-macros@3.1.0/node_modules/jest-circus/build/run.js:121:9)
    at run (/Users/brianlong/Developer/summit/node_modules/.pnpm/jest-circus@29.7.0_babel-plugin-macros@3.1.0/node_modules/jest-circus/build/run.js:71:3)
    at runAndTransformResultsToJestFormat (/Users/brianlong/Developer/summit/node_modules/.pnpm/jest-circus@29.7.0_babel-plugin-macros@3.1.0/node_modules/jest-circus/build/legacy-code-todo-rewrite/jestAdapterInit.js:122:21)
    at jestAdapter (/Users/brianlong/Developer/summit/node_modules/.pnpm/jest-circus@29.7.0_babel-plugin-macros@3.1.0/node_modules/jest-circus/build/legacy-code-todo-rewrite/jestAdapter.js:79:19)
    at runTestInternal (/Users/brianlong/Developer/summit/node_modules/.pnpm/jest-runner@29.7.0/node_modules/jest-runner/build/runTest.js:367:16)
    at runTest (/Users/brianlong/Developer/summit/node_modules/.pnpm/jest-runner@29.7.0/node_modules/jest-runner/build/runTest.js:444:34)
    at Object.worker (/Users/brianlong/Developer/summit/node_modules/.pnpm/jest-runner@29.7.0/node_modules/jest-runner/build/testWorker.js:106:12)</failure>
    </testcase>
    <testcase classname="JWTSecurityManager Token Verification should throw error for invalid signature" name="JWTSecurityManager Token Verification should throw error for invalid signature" time="0">
      <failure>TypeError: Cannot read properties of undefined (reading &apos;connect&apos;)
    at Object.&lt;anonymous&gt; (/Users/brianlong/Developer/summit/server/src/security/__tests__/jwt-security.test.ts:38:15)
    at Promise.then.completed (/Users/brianlong/Developer/summit/node_modules/.pnpm/jest-circus@29.7.0_babel-plugin-macros@3.1.0/node_modules/jest-circus/build/utils.js:298:28)
    at new Promise (&lt;anonymous&gt;)
    at callAsyncCircusFn (/Users/brianlong/Developer/summit/node_modules/.pnpm/jest-circus@29.7.0_babel-plugin-macros@3.1.0/node_modules/jest-circus/build/utils.js:231:10)
    at _callCircusHook (/Users/brianlong/Developer/summit/node_modules/.pnpm/jest-circus@29.7.0_babel-plugin-macros@3.1.0/node_modules/jest-circus/build/run.js:281:40)
    at processTicksAndRejections (node:internal/process/task_queues:95:5)
    at _runTest (/Users/brianlong/Developer/summit/node_modules/.pnpm/jest-circus@29.7.0_babel-plugin-macros@3.1.0/node_modules/jest-circus/build/run.js:246:5)
    at _runTestsForDescribeBlock (/Users/brianlong/Developer/summit/node_modules/.pnpm/jest-circus@29.7.0_babel-plugin-macros@3.1.0/node_modules/jest-circus/build/run.js:126:9)
    at _runTestsForDescribeBlock (/Users/brianlong/Developer/summit/node_modules/.pnpm/jest-circus@29.7.0_babel-plugin-macros@3.1.0/node_modules/jest-circus/build/run.js:121:9)
    at _runTestsForDescribeBlock (/Users/brianlong/Developer/summit/node_modules/.pnpm/jest-circus@29.7.0_babel-plugin-macros@3.1.0/node_modules/jest-circus/build/run.js:121:9)
    at run (/Users/brianlong/Developer/summit/node_modules/.pnpm/jest-circus@29.7.0_babel-plugin-macros@3.1.0/node_modules/jest-circus/build/run.js:71:3)
    at runAndTransformResultsToJestFormat (/Users/brianlong/Developer/summit/node_modules/.pnpm/jest-circus@29.7.0_babel-plugin-macros@3.1.0/node_modules/jest-circus/build/legacy-code-todo-rewrite/jestAdapterInit.js:122:21)
    at jestAdapter (/Users/brianlong/Developer/summit/node_modules/.pnpm/jest-circus@29.7.0_babel-plugin-macros@3.1.0/node_modules/jest-circus/build/legacy-code-todo-rewrite/jestAdapter.js:79:19)
    at runTestInternal (/Users/brianlong/Developer/summit/node_modules/.pnpm/jest-runner@29.7.0/node_modules/jest-runner/build/runTest.js:367:16)
    at runTest (/Users/brianlong/Developer/summit/node_modules/.pnpm/jest-runner@29.7.0/node_modules/jest-runner/build/runTest.js:444:34)
    at Object.worker (/Users/brianlong/Developer/summit/node_modules/.pnpm/jest-runner@29.7.0/node_modules/jest-runner/build/testWorker.js:106:12)</failure>
    </testcase>
    <testcase classname="JWTSecurityManager Token Verification should throw error for unknown kid" name="JWTSecurityManager Token Verification should throw error for unknown kid" time="0">
      <failure>TypeError: Cannot read properties of undefined (reading &apos;connect&apos;)
    at Object.&lt;anonymous&gt; (/Users/brianlong/Developer/summit/server/src/security/__tests__/jwt-security.test.ts:38:15)
    at Promise.then.completed (/Users/brianlong/Developer/summit/node_modules/.pnpm/jest-circus@29.7.0_babel-plugin-macros@3.1.0/node_modules/jest-circus/build/utils.js:298:28)
    at new Promise (&lt;anonymous&gt;)
    at callAsyncCircusFn (/Users/brianlong/Developer/summit/node_modules/.pnpm/jest-circus@29.7.0_babel-plugin-macros@3.1.0/node_modules/jest-circus/build/utils.js:231:10)
    at _callCircusHook (/Users/brianlong/Developer/summit/node_modules/.pnpm/jest-circus@29.7.0_babel-plugin-macros@3.1.0/node_modules/jest-circus/build/run.js:281:40)
    at processTicksAndRejections (node:internal/process/task_queues:95:5)
    at _runTest (/Users/brianlong/Developer/summit/node_modules/.pnpm/jest-circus@29.7.0_babel-plugin-macros@3.1.0/node_modules/jest-circus/build/run.js:246:5)
    at _runTestsForDescribeBlock (/Users/brianlong/Developer/summit/node_modules/.pnpm/jest-circus@29.7.0_babel-plugin-macros@3.1.0/node_modules/jest-circus/build/run.js:126:9)
    at _runTestsForDescribeBlock (/Users/brianlong/Developer/summit/node_modules/.pnpm/jest-circus@29.7.0_babel-plugin-macros@3.1.0/node_modules/jest-circus/build/run.js:121:9)
    at _runTestsForDescribeBlock (/Users/brianlong/Developer/summit/node_modules/.pnpm/jest-circus@29.7.0_babel-plugin-macros@3.1.0/node_modules/jest-circus/build/run.js:121:9)
    at run (/Users/brianlong/Developer/summit/node_modules/.pnpm/jest-circus@29.7.0_babel-plugin-macros@3.1.0/node_modules/jest-circus/build/run.js:71:3)
    at runAndTransformResultsToJestFormat (/Users/brianlong/Developer/summit/node_modules/.pnpm/jest-circus@29.7.0_babel-plugin-macros@3.1.0/node_modules/jest-circus/build/legacy-code-todo-rewrite/jestAdapterInit.js:122:21)
    at jestAdapter (/Users/brianlong/Developer/summit/node_modules/.pnpm/jest-circus@29.7.0_babel-plugin-macros@3.1.0/node_modules/jest-circus/build/legacy-code-todo-rewrite/jestAdapter.js:79:19)
    at runTestInternal (/Users/brianlong/Developer/summit/node_modules/.pnpm/jest-runner@29.7.0/node_modules/jest-runner/build/runTest.js:367:16)
    at runTest (/Users/brianlong/Developer/summit/node_modules/.pnpm/jest-runner@29.7.0/node_modules/jest-runner/build/runTest.js:444:34)
    at Object.worker (/Users/brianlong/Developer/summit/node_modules/.pnpm/jest-runner@29.7.0/node_modules/jest-runner/build/testWorker.js:106:12)</failure>
    </testcase>
    <testcase classname="JWTSecurityManager Token Verification should detect replay attacks using JTI" name="JWTSecurityManager Token Verification should detect replay attacks using JTI" time="0">
      <failure>TypeError: Cannot read properties of undefined (reading &apos;connect&apos;)
    at Object.&lt;anonymous&gt; (/Users/brianlong/Developer/summit/server/src/security/__tests__/jwt-security.test.ts:38:15)
    at Promise.then.completed (/Users/brianlong/Developer/summit/node_modules/.pnpm/jest-circus@29.7.0_babel-plugin-macros@3.1.0/node_modules/jest-circus/build/utils.js:298:28)
    at new Promise (&lt;anonymous&gt;)
    at callAsyncCircusFn (/Users/brianlong/Developer/summit/node_modules/.pnpm/jest-circus@29.7.0_babel-plugin-macros@3.1.0/node_modules/jest-circus/build/utils.js:231:10)
    at _callCircusHook (/Users/brianlong/Developer/summit/node_modules/.pnpm/jest-circus@29.7.0_babel-plugin-macros@3.1.0/node_modules/jest-circus/build/run.js:281:40)
    at processTicksAndRejections (node:internal/process/task_queues:95:5)
    at _runTest (/Users/brianlong/Developer/summit/node_modules/.pnpm/jest-circus@29.7.0_babel-plugin-macros@3.1.0/node_modules/jest-circus/build/run.js:246:5)
    at _runTestsForDescribeBlock (/Users/brianlong/Developer/summit/node_modules/.pnpm/jest-circus@29.7.0_babel-plugin-macros@3.1.0/node_modules/jest-circus/build/run.js:126:9)
    at _runTestsForDescribeBlock (/Users/brianlong/Developer/summit/node_modules/.pnpm/jest-circus@29.7.0_babel-plugin-macros@3.1.0/node_modules/jest-circus/build/run.js:121:9)
    at _runTestsForDescribeBlock (/Users/brianlong/Developer/summit/node_modules/.pnpm/jest-circus@29.7.0_babel-plugin-macros@3.1.0/node_modules/jest-circus/build/run.js:121:9)
    at run (/Users/brianlong/Developer/summit/node_modules/.pnpm/jest-circus@29.7.0_babel-plugin-macros@3.1.0/node_modules/jest-circus/build/run.js:71:3)
    at runAndTransformResultsToJestFormat (/Users/brianlong/Developer/summit/node_modules/.pnpm/jest-circus@29.7.0_babel-plugin-macros@3.1.0/node_modules/jest-circus/build/legacy-code-todo-rewrite/jestAdapterInit.js:122:21)
    at jestAdapter (/Users/brianlong/Developer/summit/node_modules/.pnpm/jest-circus@29.7.0_babel-plugin-macros@3.1.0/node_modules/jest-circus/build/legacy-code-todo-rewrite/jestAdapter.js:79:19)
    at runTestInternal (/Users/brianlong/Developer/summit/node_modules/.pnpm/jest-runner@29.7.0/node_modules/jest-runner/build/runTest.js:367:16)
    at runTest (/Users/brianlong/Developer/summit/node_modules/.pnpm/jest-runner@29.7.0/node_modules/jest-runner/build/runTest.js:444:34)
    at Object.worker (/Users/brianlong/Developer/summit/node_modules/.pnpm/jest-runner@29.7.0/node_modules/jest-runner/build/testWorker.js:106:12)</failure>
    </testcase>
    <testcase classname="JWTSecurityManager Token Verification should record JTI with TTL for replay protection" name="JWTSecurityManager Token Verification should record JTI with TTL for replay protection" time="0">
      <failure>TypeError: Cannot read properties of undefined (reading &apos;connect&apos;)
    at Object.&lt;anonymous&gt; (/Users/brianlong/Developer/summit/server/src/security/__tests__/jwt-security.test.ts:38:15)
    at Promise.then.completed (/Users/brianlong/Developer/summit/node_modules/.pnpm/jest-circus@29.7.0_babel-plugin-macros@3.1.0/node_modules/jest-circus/build/utils.js:298:28)
    at new Promise (&lt;anonymous&gt;)
    at callAsyncCircusFn (/Users/brianlong/Developer/summit/node_modules/.pnpm/jest-circus@29.7.0_babel-plugin-macros@3.1.0/node_modules/jest-circus/build/utils.js:231:10)
    at _callCircusHook (/Users/brianlong/Developer/summit/node_modules/.pnpm/jest-circus@29.7.0_babel-plugin-macros@3.1.0/node_modules/jest-circus/build/run.js:281:40)
    at processTicksAndRejections (node:internal/process/task_queues:95:5)
    at _runTest (/Users/brianlong/Developer/summit/node_modules/.pnpm/jest-circus@29.7.0_babel-plugin-macros@3.1.0/node_modules/jest-circus/build/run.js:246:5)
    at _runTestsForDescribeBlock (/Users/brianlong/Developer/summit/node_modules/.pnpm/jest-circus@29.7.0_babel-plugin-macros@3.1.0/node_modules/jest-circus/build/run.js:126:9)
    at _runTestsForDescribeBlock (/Users/brianlong/Developer/summit/node_modules/.pnpm/jest-circus@29.7.0_babel-plugin-macros@3.1.0/node_modules/jest-circus/build/run.js:121:9)
    at _runTestsForDescribeBlock (/Users/brianlong/Developer/summit/node_modules/.pnpm/jest-circus@29.7.0_babel-plugin-macros@3.1.0/node_modules/jest-circus/build/run.js:121:9)
    at run (/Users/brianlong/Developer/summit/node_modules/.pnpm/jest-circus@29.7.0_babel-plugin-macros@3.1.0/node_modules/jest-circus/build/run.js:71:3)
    at runAndTransformResultsToJestFormat (/Users/brianlong/Developer/summit/node_modules/.pnpm/jest-circus@29.7.0_babel-plugin-macros@3.1.0/node_modules/jest-circus/build/legacy-code-todo-rewrite/jestAdapterInit.js:122:21)
    at jestAdapter (/Users/brianlong/Developer/summit/node_modules/.pnpm/jest-circus@29.7.0_babel-plugin-macros@3.1.0/node_modules/jest-circus/build/legacy-code-todo-rewrite/jestAdapter.js:79:19)
    at runTestInternal (/Users/brianlong/Developer/summit/node_modules/.pnpm/jest-runner@29.7.0/node_modules/jest-runner/build/runTest.js:367:16)
    at runTest (/Users/brianlong/Developer/summit/node_modules/.pnpm/jest-runner@29.7.0/node_modules/jest-runner/build/runTest.js:444:34)
    at Object.worker (/Users/brianlong/Developer/summit/node_modules/.pnpm/jest-runner@29.7.0/node_modules/jest-runner/build/testWorker.js:106:12)</failure>
    </testcase>
    <testcase classname="JWTSecurityManager Token Verification should reject token with wrong issuer" name="JWTSecurityManager Token Verification should reject token with wrong issuer" time="0">
      <failure>TypeError: Cannot read properties of undefined (reading &apos;connect&apos;)
    at Object.&lt;anonymous&gt; (/Users/brianlong/Developer/summit/server/src/security/__tests__/jwt-security.test.ts:38:15)
    at Promise.then.completed (/Users/brianlong/Developer/summit/node_modules/.pnpm/jest-circus@29.7.0_babel-plugin-macros@3.1.0/node_modules/jest-circus/build/utils.js:298:28)
    at new Promise (&lt;anonymous&gt;)
    at callAsyncCircusFn (/Users/brianlong/Developer/summit/node_modules/.pnpm/jest-circus@29.7.0_babel-plugin-macros@3.1.0/node_modules/jest-circus/build/utils.js:231:10)
    at _callCircusHook (/Users/brianlong/Developer/summit/node_modules/.pnpm/jest-circus@29.7.0_babel-plugin-macros@3.1.0/node_modules/jest-circus/build/run.js:281:40)
    at processTicksAndRejections (node:internal/process/task_queues:95:5)
    at _runTest (/Users/brianlong/Developer/summit/node_modules/.pnpm/jest-circus@29.7.0_babel-plugin-macros@3.1.0/node_modules/jest-circus/build/run.js:246:5)
    at _runTestsForDescribeBlock (/Users/brianlong/Developer/summit/node_modules/.pnpm/jest-circus@29.7.0_babel-plugin-macros@3.1.0/node_modules/jest-circus/build/run.js:126:9)
    at _runTestsForDescribeBlock (/Users/brianlong/Developer/summit/node_modules/.pnpm/jest-circus@29.7.0_babel-plugin-macros@3.1.0/node_modules/jest-circus/build/run.js:121:9)
    at _runTestsForDescribeBlock (/Users/brianlong/Developer/summit/node_modules/.pnpm/jest-circus@29.7.0_babel-plugin-macros@3.1.0/node_modules/jest-circus/build/run.js:121:9)
    at run (/Users/brianlong/Developer/summit/node_modules/.pnpm/jest-circus@29.7.0_babel-plugin-macros@3.1.0/node_modules/jest-circus/build/run.js:71:3)
    at runAndTransformResultsToJestFormat (/Users/brianlong/Developer/summit/node_modules/.pnpm/jest-circus@29.7.0_babel-plugin-macros@3.1.0/node_modules/jest-circus/build/legacy-code-todo-rewrite/jestAdapterInit.js:122:21)
    at jestAdapter (/Users/brianlong/Developer/summit/node_modules/.pnpm/jest-circus@29.7.0_babel-plugin-macros@3.1.0/node_modules/jest-circus/build/legacy-code-todo-rewrite/jestAdapter.js:79:19)
    at runTestInternal (/Users/brianlong/Developer/summit/node_modules/.pnpm/jest-runner@29.7.0/node_modules/jest-runner/build/runTest.js:367:16)
    at runTest (/Users/brianlong/Developer/summit/node_modules/.pnpm/jest-runner@29.7.0/node_modules/jest-runner/build/runTest.js:444:34)
    at Object.worker (/Users/brianlong/Developer/summit/node_modules/.pnpm/jest-runner@29.7.0/node_modules/jest-runner/build/testWorker.js:106:12)</failure>
    </testcase>
    <testcase classname="JWTSecurityManager Token Verification should reject token with wrong audience" name="JWTSecurityManager Token Verification should reject token with wrong audience" time="0">
      <failure>TypeError: Cannot read properties of undefined (reading &apos;connect&apos;)
    at Object.&lt;anonymous&gt; (/Users/brianlong/Developer/summit/server/src/security/__tests__/jwt-security.test.ts:38:15)
    at Promise.then.completed (/Users/brianlong/Developer/summit/node_modules/.pnpm/jest-circus@29.7.0_babel-plugin-macros@3.1.0/node_modules/jest-circus/build/utils.js:298:28)
    at new Promise (&lt;anonymous&gt;)
    at callAsyncCircusFn (/Users/brianlong/Developer/summit/node_modules/.pnpm/jest-circus@29.7.0_babel-plugin-macros@3.1.0/node_modules/jest-circus/build/utils.js:231:10)
    at _callCircusHook (/Users/brianlong/Developer/summit/node_modules/.pnpm/jest-circus@29.7.0_babel-plugin-macros@3.1.0/node_modules/jest-circus/build/run.js:281:40)
    at processTicksAndRejections (node:internal/process/task_queues:95:5)
    at _runTest (/Users/brianlong/Developer/summit/node_modules/.pnpm/jest-circus@29.7.0_babel-plugin-macros@3.1.0/node_modules/jest-circus/build/run.js:246:5)
    at _runTestsForDescribeBlock (/Users/brianlong/Developer/summit/node_modules/.pnpm/jest-circus@29.7.0_babel-plugin-macros@3.1.0/node_modules/jest-circus/build/run.js:126:9)
    at _runTestsForDescribeBlock (/Users/brianlong/Developer/summit/node_modules/.pnpm/jest-circus@29.7.0_babel-plugin-macros@3.1.0/node_modules/jest-circus/build/run.js:121:9)
    at _runTestsForDescribeBlock (/Users/brianlong/Developer/summit/node_modules/.pnpm/jest-circus@29.7.0_babel-plugin-macros@3.1.0/node_modules/jest-circus/build/run.js:121:9)
    at run (/Users/brianlong/Developer/summit/node_modules/.pnpm/jest-circus@29.7.0_babel-plugin-macros@3.1.0/node_modules/jest-circus/build/run.js:71:3)
    at runAndTransformResultsToJestFormat (/Users/brianlong/Developer/summit/node_modules/.pnpm/jest-circus@29.7.0_babel-plugin-macros@3.1.0/node_modules/jest-circus/build/legacy-code-todo-rewrite/jestAdapterInit.js:122:21)
    at jestAdapter (/Users/brianlong/Developer/summit/node_modules/.pnpm/jest-circus@29.7.0_babel-plugin-macros@3.1.0/node_modules/jest-circus/build/legacy-code-todo-rewrite/jestAdapter.js:79:19)
    at runTestInternal (/Users/brianlong/Developer/summit/node_modules/.pnpm/jest-runner@29.7.0/node_modules/jest-runner/build/runTest.js:367:16)
    at runTest (/Users/brianlong/Developer/summit/node_modules/.pnpm/jest-runner@29.7.0/node_modules/jest-runner/build/runTest.js:444:34)
    at Object.worker (/Users/brianlong/Developer/summit/node_modules/.pnpm/jest-runner@29.7.0/node_modules/jest-runner/build/testWorker.js:106:12)</failure>
    </testcase>
    <testcase classname="JWTSecurityManager Key Rotation should store old key when rotating" name="JWTSecurityManager Key Rotation should store old key when rotating" time="0">
      <failure>TypeError: Cannot read properties of undefined (reading &apos;connect&apos;)
    at Object.&lt;anonymous&gt; (/Users/brianlong/Developer/summit/server/src/security/__tests__/jwt-security.test.ts:38:15)
    at Promise.then.completed (/Users/brianlong/Developer/summit/node_modules/.pnpm/jest-circus@29.7.0_babel-plugin-macros@3.1.0/node_modules/jest-circus/build/utils.js:298:28)
    at new Promise (&lt;anonymous&gt;)
    at callAsyncCircusFn (/Users/brianlong/Developer/summit/node_modules/.pnpm/jest-circus@29.7.0_babel-plugin-macros@3.1.0/node_modules/jest-circus/build/utils.js:231:10)
    at _callCircusHook (/Users/brianlong/Developer/summit/node_modules/.pnpm/jest-circus@29.7.0_babel-plugin-macros@3.1.0/node_modules/jest-circus/build/run.js:281:40)
    at processTicksAndRejections (node:internal/process/task_queues:95:5)
    at _runTest (/Users/brianlong/Developer/summit/node_modules/.pnpm/jest-circus@29.7.0_babel-plugin-macros@3.1.0/node_modules/jest-circus/build/run.js:246:5)
    at _runTestsForDescribeBlock (/Users/brianlong/Developer/summit/node_modules/.pnpm/jest-circus@29.7.0_babel-plugin-macros@3.1.0/node_modules/jest-circus/build/run.js:126:9)
    at _runTestsForDescribeBlock (/Users/brianlong/Developer/summit/node_modules/.pnpm/jest-circus@29.7.0_babel-plugin-macros@3.1.0/node_modules/jest-circus/build/run.js:121:9)
    at _runTestsForDescribeBlock (/Users/brianlong/Developer/summit/node_modules/.pnpm/jest-circus@29.7.0_babel-plugin-macros@3.1.0/node_modules/jest-circus/build/run.js:121:9)
    at run (/Users/brianlong/Developer/summit/node_modules/.pnpm/jest-circus@29.7.0_babel-plugin-macros@3.1.0/node_modules/jest-circus/build/run.js:71:3)
    at runAndTransformResultsToJestFormat (/Users/brianlong/Developer/summit/node_modules/.pnpm/jest-circus@29.7.0_babel-plugin-macros@3.1.0/node_modules/jest-circus/build/legacy-code-todo-rewrite/jestAdapterInit.js:122:21)
    at jestAdapter (/Users/brianlong/Developer/summit/node_modules/.pnpm/jest-circus@29.7.0_babel-plugin-macros@3.1.0/node_modules/jest-circus/build/legacy-code-todo-rewrite/jestAdapter.js:79:19)
    at runTestInternal (/Users/brianlong/Developer/summit/node_modules/.pnpm/jest-runner@29.7.0/node_modules/jest-runner/build/runTest.js:367:16)
    at runTest (/Users/brianlong/Developer/summit/node_modules/.pnpm/jest-runner@29.7.0/node_modules/jest-runner/build/runTest.js:444:34)
    at Object.worker (/Users/brianlong/Developer/summit/node_modules/.pnpm/jest-runner@29.7.0/node_modules/jest-runner/build/testWorker.js:106:12)</failure>
    </testcase>
    <testcase classname="JWTSecurityManager Key Rotation should be able to verify tokens signed with old keys" name="JWTSecurityManager Key Rotation should be able to verify tokens signed with old keys" time="0">
      <failure>TypeError: Cannot read properties of undefined (reading &apos;connect&apos;)
    at Object.&lt;anonymous&gt; (/Users/brianlong/Developer/summit/server/src/security/__tests__/jwt-security.test.ts:38:15)
    at Promise.then.completed (/Users/brianlong/Developer/summit/node_modules/.pnpm/jest-circus@29.7.0_babel-plugin-macros@3.1.0/node_modules/jest-circus/build/utils.js:298:28)
    at new Promise (&lt;anonymous&gt;)
    at callAsyncCircusFn (/Users/brianlong/Developer/summit/node_modules/.pnpm/jest-circus@29.7.0_babel-plugin-macros@3.1.0/node_modules/jest-circus/build/utils.js:231:10)
    at _callCircusHook (/Users/brianlong/Developer/summit/node_modules/.pnpm/jest-circus@29.7.0_babel-plugin-macros@3.1.0/node_modules/jest-circus/build/run.js:281:40)
    at processTicksAndRejections (node:internal/process/task_queues:95:5)
    at _runTest (/Users/brianlong/Developer/summit/node_modules/.pnpm/jest-circus@29.7.0_babel-plugin-macros@3.1.0/node_modules/jest-circus/build/run.js:246:5)
    at _runTestsForDescribeBlock (/Users/brianlong/Developer/summit/node_modules/.pnpm/jest-circus@29.7.0_babel-plugin-macros@3.1.0/node_modules/jest-circus/build/run.js:126:9)
    at _runTestsForDescribeBlock (/Users/brianlong/Developer/summit/node_modules/.pnpm/jest-circus@29.7.0_babel-plugin-macros@3.1.0/node_modules/jest-circus/build/run.js:121:9)
    at _runTestsForDescribeBlock (/Users/brianlong/Developer/summit/node_modules/.pnpm/jest-circus@29.7.0_babel-plugin-macros@3.1.0/node_modules/jest-circus/build/run.js:121:9)
    at run (/Users/brianlong/Developer/summit/node_modules/.pnpm/jest-circus@29.7.0_babel-plugin-macros@3.1.0/node_modules/jest-circus/build/run.js:71:3)
    at runAndTransformResultsToJestFormat (/Users/brianlong/Developer/summit/node_modules/.pnpm/jest-circus@29.7.0_babel-plugin-macros@3.1.0/node_modules/jest-circus/build/legacy-code-todo-rewrite/jestAdapterInit.js:122:21)
    at jestAdapter (/Users/brianlong/Developer/summit/node_modules/.pnpm/jest-circus@29.7.0_babel-plugin-macros@3.1.0/node_modules/jest-circus/build/legacy-code-todo-rewrite/jestAdapter.js:79:19)
    at runTestInternal (/Users/brianlong/Developer/summit/node_modules/.pnpm/jest-runner@29.7.0/node_modules/jest-runner/build/runTest.js:367:16)
    at runTest (/Users/brianlong/Developer/summit/node_modules/.pnpm/jest-runner@29.7.0/node_modules/jest-runner/build/runTest.js:444:34)
    at Object.worker (/Users/brianlong/Developer/summit/node_modules/.pnpm/jest-runner@29.7.0/node_modules/jest-runner/build/testWorker.js:106:12)</failure>
    </testcase>
    <testcase classname="JWTSecurityManager Key Rotation should cleanup expired keys" name="JWTSecurityManager Key Rotation should cleanup expired keys" time="0">
      <failure>TypeError: Cannot read properties of undefined (reading &apos;connect&apos;)
    at Object.&lt;anonymous&gt; (/Users/brianlong/Developer/summit/server/src/security/__tests__/jwt-security.test.ts:38:15)
    at Promise.then.completed (/Users/brianlong/Developer/summit/node_modules/.pnpm/jest-circus@29.7.0_babel-plugin-macros@3.1.0/node_modules/jest-circus/build/utils.js:298:28)
    at new Promise (&lt;anonymous&gt;)
    at callAsyncCircusFn (/Users/brianlong/Developer/summit/node_modules/.pnpm/jest-circus@29.7.0_babel-plugin-macros@3.1.0/node_modules/jest-circus/build/utils.js:231:10)
    at _callCircusHook (/Users/brianlong/Developer/summit/node_modules/.pnpm/jest-circus@29.7.0_babel-plugin-macros@3.1.0/node_modules/jest-circus/build/run.js:281:40)
    at processTicksAndRejections (node:internal/process/task_queues:95:5)
    at _runTest (/Users/brianlong/Developer/summit/node_modules/.pnpm/jest-circus@29.7.0_babel-plugin-macros@3.1.0/node_modules/jest-circus/build/run.js:246:5)
    at _runTestsForDescribeBlock (/Users/brianlong/Developer/summit/node_modules/.pnpm/jest-circus@29.7.0_babel-plugin-macros@3.1.0/node_modules/jest-circus/build/run.js:126:9)
    at _runTestsForDescribeBlock (/Users/brianlong/Developer/summit/node_modules/.pnpm/jest-circus@29.7.0_babel-plugin-macros@3.1.0/node_modules/jest-circus/build/run.js:121:9)
    at _runTestsForDescribeBlock (/Users/brianlong/Developer/summit/node_modules/.pnpm/jest-circus@29.7.0_babel-plugin-macros@3.1.0/node_modules/jest-circus/build/run.js:121:9)
    at run (/Users/brianlong/Developer/summit/node_modules/.pnpm/jest-circus@29.7.0_babel-plugin-macros@3.1.0/node_modules/jest-circus/build/run.js:71:3)
    at runAndTransformResultsToJestFormat (/Users/brianlong/Developer/summit/node_modules/.pnpm/jest-circus@29.7.0_babel-plugin-macros@3.1.0/node_modules/jest-circus/build/legacy-code-todo-rewrite/jestAdapterInit.js:122:21)
    at jestAdapter (/Users/brianlong/Developer/summit/node_modules/.pnpm/jest-circus@29.7.0_babel-plugin-macros@3.1.0/node_modules/jest-circus/build/legacy-code-todo-rewrite/jestAdapter.js:79:19)
    at runTestInternal (/Users/brianlong/Developer/summit/node_modules/.pnpm/jest-runner@29.7.0/node_modules/jest-runner/build/runTest.js:367:16)
    at runTest (/Users/brianlong/Developer/summit/node_modules/.pnpm/jest-runner@29.7.0/node_modules/jest-runner/build/runTest.js:444:34)
    at Object.worker (/Users/brianlong/Developer/summit/node_modules/.pnpm/jest-runner@29.7.0/node_modules/jest-runner/build/testWorker.js:106:12)</failure>
    </testcase>
    <testcase classname="JWTSecurityManager JWKS Endpoint should return public keys in JWKS format" name="JWTSecurityManager JWKS Endpoint should return public keys in JWKS format" time="0">
      <failure>TypeError: Cannot read properties of undefined (reading &apos;connect&apos;)
    at Object.&lt;anonymous&gt; (/Users/brianlong/Developer/summit/server/src/security/__tests__/jwt-security.test.ts:38:15)
    at Promise.then.completed (/Users/brianlong/Developer/summit/node_modules/.pnpm/jest-circus@29.7.0_babel-plugin-macros@3.1.0/node_modules/jest-circus/build/utils.js:298:28)
    at new Promise (&lt;anonymous&gt;)
    at callAsyncCircusFn (/Users/brianlong/Developer/summit/node_modules/.pnpm/jest-circus@29.7.0_babel-plugin-macros@3.1.0/node_modules/jest-circus/build/utils.js:231:10)
    at _callCircusHook (/Users/brianlong/Developer/summit/node_modules/.pnpm/jest-circus@29.7.0_babel-plugin-macros@3.1.0/node_modules/jest-circus/build/run.js:281:40)
    at processTicksAndRejections (node:internal/process/task_queues:95:5)
    at _runTest (/Users/brianlong/Developer/summit/node_modules/.pnpm/jest-circus@29.7.0_babel-plugin-macros@3.1.0/node_modules/jest-circus/build/run.js:246:5)
    at _runTestsForDescribeBlock (/Users/brianlong/Developer/summit/node_modules/.pnpm/jest-circus@29.7.0_babel-plugin-macros@3.1.0/node_modules/jest-circus/build/run.js:126:9)
    at _runTestsForDescribeBlock (/Users/brianlong/Developer/summit/node_modules/.pnpm/jest-circus@29.7.0_babel-plugin-macros@3.1.0/node_modules/jest-circus/build/run.js:121:9)
    at _runTestsForDescribeBlock (/Users/brianlong/Developer/summit/node_modules/.pnpm/jest-circus@29.7.0_babel-plugin-macros@3.1.0/node_modules/jest-circus/build/run.js:121:9)
    at run (/Users/brianlong/Developer/summit/node_modules/.pnpm/jest-circus@29.7.0_babel-plugin-macros@3.1.0/node_modules/jest-circus/build/run.js:71:3)
    at runAndTransformResultsToJestFormat (/Users/brianlong/Developer/summit/node_modules/.pnpm/jest-circus@29.7.0_babel-plugin-macros@3.1.0/node_modules/jest-circus/build/legacy-code-todo-rewrite/jestAdapterInit.js:122:21)
    at jestAdapter (/Users/brianlong/Developer/summit/node_modules/.pnpm/jest-circus@29.7.0_babel-plugin-macros@3.1.0/node_modules/jest-circus/build/legacy-code-todo-rewrite/jestAdapter.js:79:19)
    at runTestInternal (/Users/brianlong/Developer/summit/node_modules/.pnpm/jest-runner@29.7.0/node_modules/jest-runner/build/runTest.js:367:16)
    at runTest (/Users/brianlong/Developer/summit/node_modules/.pnpm/jest-runner@29.7.0/node_modules/jest-runner/build/runTest.js:444:34)
    at Object.worker (/Users/brianlong/Developer/summit/node_modules/.pnpm/jest-runner@29.7.0/node_modules/jest-runner/build/testWorker.js:106:12)</failure>
    </testcase>
    <testcase classname="JWTSecurityManager JWKS Endpoint should only include valid (non-expired) keys" name="JWTSecurityManager JWKS Endpoint should only include valid (non-expired) keys" time="0">
      <failure>TypeError: Cannot read properties of undefined (reading &apos;connect&apos;)
    at Object.&lt;anonymous&gt; (/Users/brianlong/Developer/summit/server/src/security/__tests__/jwt-security.test.ts:38:15)
    at Promise.then.completed (/Users/brianlong/Developer/summit/node_modules/.pnpm/jest-circus@29.7.0_babel-plugin-macros@3.1.0/node_modules/jest-circus/build/utils.js:298:28)
    at new Promise (&lt;anonymous&gt;)
    at callAsyncCircusFn (/Users/brianlong/Developer/summit/node_modules/.pnpm/jest-circus@29.7.0_babel-plugin-macros@3.1.0/node_modules/jest-circus/build/utils.js:231:10)
    at _callCircusHook (/Users/brianlong/Developer/summit/node_modules/.pnpm/jest-circus@29.7.0_babel-plugin-macros@3.1.0/node_modules/jest-circus/build/run.js:281:40)
    at processTicksAndRejections (node:internal/process/task_queues:95:5)
    at _runTest (/Users/brianlong/Developer/summit/node_modules/.pnpm/jest-circus@29.7.0_babel-plugin-macros@3.1.0/node_modules/jest-circus/build/run.js:246:5)
    at _runTestsForDescribeBlock (/Users/brianlong/Developer/summit/node_modules/.pnpm/jest-circus@29.7.0_babel-plugin-macros@3.1.0/node_modules/jest-circus/build/run.js:126:9)
    at _runTestsForDescribeBlock (/Users/brianlong/Developer/summit/node_modules/.pnpm/jest-circus@29.7.0_babel-plugin-macros@3.1.0/node_modules/jest-circus/build/run.js:121:9)
    at _runTestsForDescribeBlock (/Users/brianlong/Developer/summit/node_modules/.pnpm/jest-circus@29.7.0_babel-plugin-macros@3.1.0/node_modules/jest-circus/build/run.js:121:9)
    at run (/Users/brianlong/Developer/summit/node_modules/.pnpm/jest-circus@29.7.0_babel-plugin-macros@3.1.0/node_modules/jest-circus/build/run.js:71:3)
    at runAndTransformResultsToJestFormat (/Users/brianlong/Developer/summit/node_modules/.pnpm/jest-circus@29.7.0_babel-plugin-macros@3.1.0/node_modules/jest-circus/build/legacy-code-todo-rewrite/jestAdapterInit.js:122:21)
    at jestAdapter (/Users/brianlong/Developer/summit/node_modules/.pnpm/jest-circus@29.7.0_babel-plugin-macros@3.1.0/node_modules/jest-circus/build/legacy-code-todo-rewrite/jestAdapter.js:79:19)
    at runTestInternal (/Users/brianlong/Developer/summit/node_modules/.pnpm/jest-runner@29.7.0/node_modules/jest-runner/build/runTest.js:367:16)
    at runTest (/Users/brianlong/Developer/summit/node_modules/.pnpm/jest-runner@29.7.0/node_modules/jest-runner/build/runTest.js:444:34)
    at Object.worker (/Users/brianlong/Developer/summit/node_modules/.pnpm/jest-runner@29.7.0/node_modules/jest-runner/build/testWorker.js:106:12)</failure>
    </testcase>
    <testcase classname="JWTSecurityManager Health Check should return healthy status when everything is ok" name="JWTSecurityManager Health Check should return healthy status when everything is ok" time="0">
      <failure>TypeError: Cannot read properties of undefined (reading &apos;connect&apos;)
    at Object.&lt;anonymous&gt; (/Users/brianlong/Developer/summit/server/src/security/__tests__/jwt-security.test.ts:38:15)
    at Promise.then.completed (/Users/brianlong/Developer/summit/node_modules/.pnpm/jest-circus@29.7.0_babel-plugin-macros@3.1.0/node_modules/jest-circus/build/utils.js:298:28)
    at new Promise (&lt;anonymous&gt;)
    at callAsyncCircusFn (/Users/brianlong/Developer/summit/node_modules/.pnpm/jest-circus@29.7.0_babel-plugin-macros@3.1.0/node_modules/jest-circus/build/utils.js:231:10)
    at _callCircusHook (/Users/brianlong/Developer/summit/node_modules/.pnpm/jest-circus@29.7.0_babel-plugin-macros@3.1.0/node_modules/jest-circus/build/run.js:281:40)
    at processTicksAndRejections (node:internal/process/task_queues:95:5)
    at _runTest (/Users/brianlong/Developer/summit/node_modules/.pnpm/jest-circus@29.7.0_babel-plugin-macros@3.1.0/node_modules/jest-circus/build/run.js:246:5)
    at _runTestsForDescribeBlock (/Users/brianlong/Developer/summit/node_modules/.pnpm/jest-circus@29.7.0_babel-plugin-macros@3.1.0/node_modules/jest-circus/build/run.js:126:9)
    at _runTestsForDescribeBlock (/Users/brianlong/Developer/summit/node_modules/.pnpm/jest-circus@29.7.0_babel-plugin-macros@3.1.0/node_modules/jest-circus/build/run.js:121:9)
    at _runTestsForDescribeBlock (/Users/brianlong/Developer/summit/node_modules/.pnpm/jest-circus@29.7.0_babel-plugin-macros@3.1.0/node_modules/jest-circus/build/run.js:121:9)
    at run (/Users/brianlong/Developer/summit/node_modules/.pnpm/jest-circus@29.7.0_babel-plugin-macros@3.1.0/node_modules/jest-circus/build/run.js:71:3)
    at runAndTransformResultsToJestFormat (/Users/brianlong/Developer/summit/node_modules/.pnpm/jest-circus@29.7.0_babel-plugin-macros@3.1.0/node_modules/jest-circus/build/legacy-code-todo-rewrite/jestAdapterInit.js:122:21)
    at jestAdapter (/Users/brianlong/Developer/summit/node_modules/.pnpm/jest-circus@29.7.0_babel-plugin-macros@3.1.0/node_modules/jest-circus/build/legacy-code-todo-rewrite/jestAdapter.js:79:19)
    at runTestInternal (/Users/brianlong/Developer/summit/node_modules/.pnpm/jest-runner@29.7.0/node_modules/jest-runner/build/runTest.js:367:16)
    at runTest (/Users/brianlong/Developer/summit/node_modules/.pnpm/jest-runner@29.7.0/node_modules/jest-runner/build/runTest.js:444:34)
    at Object.worker (/Users/brianlong/Developer/summit/node_modules/.pnpm/jest-runner@29.7.0/node_modules/jest-runner/build/testWorker.js:106:12)</failure>
    </testcase>
    <testcase classname="JWTSecurityManager Health Check should return degraded status when Redis is down" name="JWTSecurityManager Health Check should return degraded status when Redis is down" time="0">
      <failure>TypeError: Cannot read properties of undefined (reading &apos;connect&apos;)
    at Object.&lt;anonymous&gt; (/Users/brianlong/Developer/summit/server/src/security/__tests__/jwt-security.test.ts:38:15)
    at Promise.then.completed (/Users/brianlong/Developer/summit/node_modules/.pnpm/jest-circus@29.7.0_babel-plugin-macros@3.1.0/node_modules/jest-circus/build/utils.js:298:28)
    at new Promise (&lt;anonymous&gt;)
    at callAsyncCircusFn (/Users/brianlong/Developer/summit/node_modules/.pnpm/jest-circus@29.7.0_babel-plugin-macros@3.1.0/node_modules/jest-circus/build/utils.js:231:10)
    at _callCircusHook (/Users/brianlong/Developer/summit/node_modules/.pnpm/jest-circus@29.7.0_babel-plugin-macros@3.1.0/node_modules/jest-circus/build/run.js:281:40)
    at processTicksAndRejections (node:internal/process/task_queues:95:5)
    at _runTest (/Users/brianlong/Developer/summit/node_modules/.pnpm/jest-circus@29.7.0_babel-plugin-macros@3.1.0/node_modules/jest-circus/build/run.js:246:5)
    at _runTestsForDescribeBlock (/Users/brianlong/Developer/summit/node_modules/.pnpm/jest-circus@29.7.0_babel-plugin-macros@3.1.0/node_modules/jest-circus/build/run.js:126:9)
    at _runTestsForDescribeBlock (/Users/brianlong/Developer/summit/node_modules/.pnpm/jest-circus@29.7.0_babel-plugin-macros@3.1.0/node_modules/jest-circus/build/run.js:121:9)
    at _runTestsForDescribeBlock (/Users/brianlong/Developer/summit/node_modules/.pnpm/jest-circus@29.7.0_babel-plugin-macros@3.1.0/node_modules/jest-circus/build/run.js:121:9)
    at run (/Users/brianlong/Developer/summit/node_modules/.pnpm/jest-circus@29.7.0_babel-plugin-macros@3.1.0/node_modules/jest-circus/build/run.js:71:3)
    at runAndTransformResultsToJestFormat (/Users/brianlong/Developer/summit/node_modules/.pnpm/jest-circus@29.7.0_babel-plugin-macros@3.1.0/node_modules/jest-circus/build/legacy-code-todo-rewrite/jestAdapterInit.js:122:21)
    at jestAdapter (/Users/brianlong/Developer/summit/node_modules/.pnpm/jest-circus@29.7.0_babel-plugin-macros@3.1.0/node_modules/jest-circus/build/legacy-code-todo-rewrite/jestAdapter.js:79:19)
    at runTestInternal (/Users/brianlong/Developer/summit/node_modules/.pnpm/jest-runner@29.7.0/node_modules/jest-runner/build/runTest.js:367:16)
    at runTest (/Users/brianlong/Developer/summit/node_modules/.pnpm/jest-runner@29.7.0/node_modules/jest-runner/build/runTest.js:444:34)
    at Object.worker (/Users/brianlong/Developer/summit/node_modules/.pnpm/jest-runner@29.7.0/node_modules/jest-runner/build/testWorker.js:106:12)</failure>
    </testcase>
    <testcase classname="JWTSecurityManager Health Check should return unhealthy status on error" name="JWTSecurityManager Health Check should return unhealthy status on error" time="0">
      <failure>TypeError: Cannot read properties of undefined (reading &apos;connect&apos;)
    at Object.&lt;anonymous&gt; (/Users/brianlong/Developer/summit/server/src/security/__tests__/jwt-security.test.ts:38:15)
    at Promise.then.completed (/Users/brianlong/Developer/summit/node_modules/.pnpm/jest-circus@29.7.0_babel-plugin-macros@3.1.0/node_modules/jest-circus/build/utils.js:298:28)
    at new Promise (&lt;anonymous&gt;)
    at callAsyncCircusFn (/Users/brianlong/Developer/summit/node_modules/.pnpm/jest-circus@29.7.0_babel-plugin-macros@3.1.0/node_modules/jest-circus/build/utils.js:231:10)
    at _callCircusHook (/Users/brianlong/Developer/summit/node_modules/.pnpm/jest-circus@29.7.0_babel-plugin-macros@3.1.0/node_modules/jest-circus/build/run.js:281:40)
    at processTicksAndRejections (node:internal/process/task_queues:95:5)
    at _runTest (/Users/brianlong/Developer/summit/node_modules/.pnpm/jest-circus@29.7.0_babel-plugin-macros@3.1.0/node_modules/jest-circus/build/run.js:246:5)
    at _runTestsForDescribeBlock (/Users/brianlong/Developer/summit/node_modules/.pnpm/jest-circus@29.7.0_babel-plugin-macros@3.1.0/node_modules/jest-circus/build/run.js:126:9)
    at _runTestsForDescribeBlock (/Users/brianlong/Developer/summit/node_modules/.pnpm/jest-circus@29.7.0_babel-plugin-macros@3.1.0/node_modules/jest-circus/build/run.js:121:9)
    at _runTestsForDescribeBlock (/Users/brianlong/Developer/summit/node_modules/.pnpm/jest-circus@29.7.0_babel-plugin-macros@3.1.0/node_modules/jest-circus/build/run.js:121:9)
    at run (/Users/brianlong/Developer/summit/node_modules/.pnpm/jest-circus@29.7.0_babel-plugin-macros@3.1.0/node_modules/jest-circus/build/run.js:71:3)
    at runAndTransformResultsToJestFormat (/Users/brianlong/Developer/summit/node_modules/.pnpm/jest-circus@29.7.0_babel-plugin-macros@3.1.0/node_modules/jest-circus/build/legacy-code-todo-rewrite/jestAdapterInit.js:122:21)
    at jestAdapter (/Users/brianlong/Developer/summit/node_modules/.pnpm/jest-circus@29.7.0_babel-plugin-macros@3.1.0/node_modules/jest-circus/build/legacy-code-todo-rewrite/jestAdapter.js:79:19)
    at runTestInternal (/Users/brianlong/Developer/summit/node_modules/.pnpm/jest-runner@29.7.0/node_modules/jest-runner/build/runTest.js:367:16)
    at runTest (/Users/brianlong/Developer/summit/node_modules/.pnpm/jest-runner@29.7.0/node_modules/jest-runner/build/runTest.js:444:34)
    at Object.worker (/Users/brianlong/Developer/summit/node_modules/.pnpm/jest-runner@29.7.0/node_modules/jest-runner/build/testWorker.js:106:12)</failure>
    </testcase>
    <testcase classname="JWTSecurityManager Shutdown should gracefully shutdown and close Redis connection" name="JWTSecurityManager Shutdown should gracefully shutdown and close Redis connection" time="0">
      <failure>TypeError: Cannot read properties of undefined (reading &apos;connect&apos;)
    at Object.&lt;anonymous&gt; (/Users/brianlong/Developer/summit/server/src/security/__tests__/jwt-security.test.ts:38:15)
    at Promise.then.completed (/Users/brianlong/Developer/summit/node_modules/.pnpm/jest-circus@29.7.0_babel-plugin-macros@3.1.0/node_modules/jest-circus/build/utils.js:298:28)
    at new Promise (&lt;anonymous&gt;)
    at callAsyncCircusFn (/Users/brianlong/Developer/summit/node_modules/.pnpm/jest-circus@29.7.0_babel-plugin-macros@3.1.0/node_modules/jest-circus/build/utils.js:231:10)
    at _callCircusHook (/Users/brianlong/Developer/summit/node_modules/.pnpm/jest-circus@29.7.0_babel-plugin-macros@3.1.0/node_modules/jest-circus/build/run.js:281:40)
    at processTicksAndRejections (node:internal/process/task_queues:95:5)
    at _runTest (/Users/brianlong/Developer/summit/node_modules/.pnpm/jest-circus@29.7.0_babel-plugin-macros@3.1.0/node_modules/jest-circus/build/run.js:246:5)
    at _runTestsForDescribeBlock (/Users/brianlong/Developer/summit/node_modules/.pnpm/jest-circus@29.7.0_babel-plugin-macros@3.1.0/node_modules/jest-circus/build/run.js:126:9)
    at _runTestsForDescribeBlock (/Users/brianlong/Developer/summit/node_modules/.pnpm/jest-circus@29.7.0_babel-plugin-macros@3.1.0/node_modules/jest-circus/build/run.js:121:9)
    at _runTestsForDescribeBlock (/Users/brianlong/Developer/summit/node_modules/.pnpm/jest-circus@29.7.0_babel-plugin-macros@3.1.0/node_modules/jest-circus/build/run.js:121:9)
    at run (/Users/brianlong/Developer/summit/node_modules/.pnpm/jest-circus@29.7.0_babel-plugin-macros@3.1.0/node_modules/jest-circus/build/run.js:71:3)
    at runAndTransformResultsToJestFormat (/Users/brianlong/Developer/summit/node_modules/.pnpm/jest-circus@29.7.0_babel-plugin-macros@3.1.0/node_modules/jest-circus/build/legacy-code-todo-rewrite/jestAdapterInit.js:122:21)
    at jestAdapter (/Users/brianlong/Developer/summit/node_modules/.pnpm/jest-circus@29.7.0_babel-plugin-macros@3.1.0/node_modules/jest-circus/build/legacy-code-todo-rewrite/jestAdapter.js:79:19)
    at runTestInternal (/Users/brianlong/Developer/summit/node_modules/.pnpm/jest-runner@29.7.0/node_modules/jest-runner/build/runTest.js:367:16)
    at runTest (/Users/brianlong/Developer/summit/node_modules/.pnpm/jest-runner@29.7.0/node_modules/jest-runner/build/runTest.js:444:34)
    at Object.worker (/Users/brianlong/Developer/summit/node_modules/.pnpm/jest-runner@29.7.0/node_modules/jest-runner/build/testWorker.js:106:12)</failure>
    </testcase>
    <testcase classname="JWTSecurityManager Shutdown should handle shutdown errors gracefully" name="JWTSecurityManager Shutdown should handle shutdown errors gracefully" time="0">
      <failure>TypeError: Cannot read properties of undefined (reading &apos;connect&apos;)
    at Object.&lt;anonymous&gt; (/Users/brianlong/Developer/summit/server/src/security/__tests__/jwt-security.test.ts:38:15)
    at Promise.then.completed (/Users/brianlong/Developer/summit/node_modules/.pnpm/jest-circus@29.7.0_babel-plugin-macros@3.1.0/node_modules/jest-circus/build/utils.js:298:28)
    at new Promise (&lt;anonymous&gt;)
    at callAsyncCircusFn (/Users/brianlong/Developer/summit/node_modules/.pnpm/jest-circus@29.7.0_babel-plugin-macros@3.1.0/node_modules/jest-circus/build/utils.js:231:10)
    at _callCircusHook (/Users/brianlong/Developer/summit/node_modules/.pnpm/jest-circus@29.7.0_babel-plugin-macros@3.1.0/node_modules/jest-circus/build/run.js:281:40)
    at processTicksAndRejections (node:internal/process/task_queues:95:5)
    at _runTest (/Users/brianlong/Developer/summit/node_modules/.pnpm/jest-circus@29.7.0_babel-plugin-macros@3.1.0/node_modules/jest-circus/build/run.js:246:5)
    at _runTestsForDescribeBlock (/Users/brianlong/Developer/summit/node_modules/.pnpm/jest-circus@29.7.0_babel-plugin-macros@3.1.0/node_modules/jest-circus/build/run.js:126:9)
    at _runTestsForDescribeBlock (/Users/brianlong/Developer/summit/node_modules/.pnpm/jest-circus@29.7.0_babel-plugin-macros@3.1.0/node_modules/jest-circus/build/run.js:121:9)
    at _runTestsForDescribeBlock (/Users/brianlong/Developer/summit/node_modules/.pnpm/jest-circus@29.7.0_babel-plugin-macros@3.1.0/node_modules/jest-circus/build/run.js:121:9)
    at run (/Users/brianlong/Developer/summit/node_modules/.pnpm/jest-circus@29.7.0_babel-plugin-macros@3.1.0/node_modules/jest-circus/build/run.js:71:3)
    at runAndTransformResultsToJestFormat (/Users/brianlong/Developer/summit/node_modules/.pnpm/jest-circus@29.7.0_babel-plugin-macros@3.1.0/node_modules/jest-circus/build/legacy-code-todo-rewrite/jestAdapterInit.js:122:21)
    at jestAdapter (/Users/brianlong/Developer/summit/node_modules/.pnpm/jest-circus@29.7.0_babel-plugin-macros@3.1.0/node_modules/jest-circus/build/legacy-code-todo-rewrite/jestAdapter.js:79:19)
    at runTestInternal (/Users/brianlong/Developer/summit/node_modules/.pnpm/jest-runner@29.7.0/node_modules/jest-runner/build/runTest.js:367:16)
    at runTest (/Users/brianlong/Developer/summit/node_modules/.pnpm/jest-runner@29.7.0/node_modules/jest-runner/build/runTest.js:444:34)
    at Object.worker (/Users/brianlong/Developer/summit/node_modules/.pnpm/jest-runner@29.7.0/node_modules/jest-runner/build/testWorker.js:106:12)</failure>
    </testcase>
    <testcase classname="JWTSecurityManager Edge Cases should handle malformed token gracefully" name="JWTSecurityManager Edge Cases should handle malformed token gracefully" time="0.001">
      <failure>TypeError: Cannot read properties of undefined (reading &apos;connect&apos;)
    at Object.&lt;anonymous&gt; (/Users/brianlong/Developer/summit/server/src/security/__tests__/jwt-security.test.ts:38:15)
    at Promise.then.completed (/Users/brianlong/Developer/summit/node_modules/.pnpm/jest-circus@29.7.0_babel-plugin-macros@3.1.0/node_modules/jest-circus/build/utils.js:298:28)
    at new Promise (&lt;anonymous&gt;)
    at callAsyncCircusFn (/Users/brianlong/Developer/summit/node_modules/.pnpm/jest-circus@29.7.0_babel-plugin-macros@3.1.0/node_modules/jest-circus/build/utils.js:231:10)
    at _callCircusHook (/Users/brianlong/Developer/summit/node_modules/.pnpm/jest-circus@29.7.0_babel-plugin-macros@3.1.0/node_modules/jest-circus/build/run.js:281:40)
    at processTicksAndRejections (node:internal/process/task_queues:95:5)
    at _runTest (/Users/brianlong/Developer/summit/node_modules/.pnpm/jest-circus@29.7.0_babel-plugin-macros@3.1.0/node_modules/jest-circus/build/run.js:246:5)
    at _runTestsForDescribeBlock (/Users/brianlong/Developer/summit/node_modules/.pnpm/jest-circus@29.7.0_babel-plugin-macros@3.1.0/node_modules/jest-circus/build/run.js:126:9)
    at _runTestsForDescribeBlock (/Users/brianlong/Developer/summit/node_modules/.pnpm/jest-circus@29.7.0_babel-plugin-macros@3.1.0/node_modules/jest-circus/build/run.js:121:9)
    at _runTestsForDescribeBlock (/Users/brianlong/Developer/summit/node_modules/.pnpm/jest-circus@29.7.0_babel-plugin-macros@3.1.0/node_modules/jest-circus/build/run.js:121:9)
    at run (/Users/brianlong/Developer/summit/node_modules/.pnpm/jest-circus@29.7.0_babel-plugin-macros@3.1.0/node_modules/jest-circus/build/run.js:71:3)
    at runAndTransformResultsToJestFormat (/Users/brianlong/Developer/summit/node_modules/.pnpm/jest-circus@29.7.0_babel-plugin-macros@3.1.0/node_modules/jest-circus/build/legacy-code-todo-rewrite/jestAdapterInit.js:122:21)
    at jestAdapter (/Users/brianlong/Developer/summit/node_modules/.pnpm/jest-circus@29.7.0_babel-plugin-macros@3.1.0/node_modules/jest-circus/build/legacy-code-todo-rewrite/jestAdapter.js:79:19)
    at runTestInternal (/Users/brianlong/Developer/summit/node_modules/.pnpm/jest-runner@29.7.0/node_modules/jest-runner/build/runTest.js:367:16)
    at runTest (/Users/brianlong/Developer/summit/node_modules/.pnpm/jest-runner@29.7.0/node_modules/jest-runner/build/runTest.js:444:34)
    at Object.worker (/Users/brianlong/Developer/summit/node_modules/.pnpm/jest-runner@29.7.0/node_modules/jest-runner/build/testWorker.js:106:12)</failure>
    </testcase>
    <testcase classname="JWTSecurityManager Edge Cases should handle empty token" name="JWTSecurityManager Edge Cases should handle empty token" time="0">
      <failure>TypeError: Cannot read properties of undefined (reading &apos;connect&apos;)
    at Object.&lt;anonymous&gt; (/Users/brianlong/Developer/summit/server/src/security/__tests__/jwt-security.test.ts:38:15)
    at Promise.then.completed (/Users/brianlong/Developer/summit/node_modules/.pnpm/jest-circus@29.7.0_babel-plugin-macros@3.1.0/node_modules/jest-circus/build/utils.js:298:28)
    at new Promise (&lt;anonymous&gt;)
    at callAsyncCircusFn (/Users/brianlong/Developer/summit/node_modules/.pnpm/jest-circus@29.7.0_babel-plugin-macros@3.1.0/node_modules/jest-circus/build/utils.js:231:10)
    at _callCircusHook (/Users/brianlong/Developer/summit/node_modules/.pnpm/jest-circus@29.7.0_babel-plugin-macros@3.1.0/node_modules/jest-circus/build/run.js:281:40)
    at processTicksAndRejections (node:internal/process/task_queues:95:5)
[...]
    at Promise.then.completed (/Users/brianlong/Developer/summit/node_modules/.pnpm/jest-circus@29.7.0_babel-plugin-macros@3.1.0/node_modules/jest-circus/build/utils.js:298:28)
    at new Promise (&lt;anonymous&gt;)
    at callAsyncCircusFn (/Users/brianlong/Developer/summit/node_modules/.pnpm/jest-circus@29.7.0_babel-plugin-macros@3.1.0/node_modules/jest-circus/build/utils.js:231:10)
    at _callCircusTest (/Users/brianlong/Developer/summit/node_modules/.pnpm/jest-circus@29.7.0_babel-plugin-macros@3.1.0/node_modules/jest-circus/build/run.js:316:40)
    at processTicksAndRejections (node:internal/process/task_queues:95:5)
    at _runTest (/Users/brianlong/Developer/summit/node_modules/.pnpm/jest-circus@29.7.0_babel-plugin-macros@3.1.0/node_modules/jest-circus/build/run.js:252:3)
    at _runTestsForDescribeBlock (/Users/brianlong/Developer/summit/node_modules/.pnpm/jest-circus@29.7.0_babel-plugin-macros@3.1.0/node_modules/jest-circus/build/run.js:126:9)
    at _runTestsForDescribeBlock (/Users/brianlong/Developer/summit/node_modules/.pnpm/jest-circus@29.7.0_babel-plugin-macros@3.1.0/node_modules/jest-circus/build/run.js:121:9)
    at run (/Users/brianlong/Developer/summit/node_modules/.pnpm/jest-circus@29.7.0_babel-plugin-macros@3.1.0/node_modules/jest-circus/build/run.js:71:3)
    at runAndTransformResultsToJestFormat (/Users/brianlong/Developer/summit/node_modules/.pnpm/jest-circus@29.7.0_babel-plugin-macros@3.1.0/node_modules/jest-circus/build/legacy-code-todo-rewrite/jestAdapterInit.js:122:21)
    at jestAdapter (/Users/brianlong/Developer/summit/node_modules/.pnpm/jest-circus@29.7.0_babel-plugin-macros@3.1.0/node_modules/jest-circus/build/legacy-code-todo-rewrite/jestAdapter.js:79:19)
    at runTestInternal (/Users/brianlong/Developer/summit/node_modules/.pnpm/jest-runner@29.7.0/node_modules/jest-runner/build/runTest.js:367:16)
    at runTest (/Users/brianlong/Developer/summit/node_modules/.pnpm/jest-runner@29.7.0/node_modules/jest-runner/build/runTest.js:444:34)
    at Object.worker (/Users/brianlong/Developer/summit/node_modules/.pnpm/jest-runner@29.7.0/node_modules/jest-runner/build/testWorker.js:106:12)</failure>
    </testcase>
  </testsuite>
  <testsuite name="PathRankingService" errors="0" failures="0" skipped="0" timestamp="2025-12-25T23:06:01" time="0.686" tests="1">
    <testcase classname="PathRankingService v2 ranking improves top1 path alignment" name="PathRankingService v2 ranking improves top1 path alignment" time="0.003">
    </testcase>
  </testsuite>
  <testsuite name="runCommandCheck" errors="0" failures="0" skipped="0" timestamp="2025-12-25T23:06:02" time="0.707" tests="2">
    <testcase classname="runCommandCheck reports success for passing commands" name="runCommandCheck reports success for passing commands" time="0.242">
    </testcase>
    <testcase classname="runCommandCheck captures stderr for failing commands" name="runCommandCheck captures stderr for failing commands" time="0.035">
    </testcase>
  </testsuite>
  <testsuite name="nl2cypher corpus" errors="0" failures="0" skipped="0" timestamp="2025-12-25T23:06:03" time="0.421" tests="1">
    <testcase classname="nl2cypher corpus produces expected cypher and AST for corpus" name="nl2cypher corpus produces expected cypher and AST for corpus" time="0.017">
    </testcase>
  </testsuite>
  <testsuite name="FeedbackService" errors="0" failures="0" skipped="0" timestamp="2025-12-25T23:06:04" time="0.394" tests="1">
    <testcase classname="FeedbackService should calculate summary stats correctly" name="FeedbackService should calculate summary stats correctly" time="0.001">
    </testcase>
  </testsuite>
  <testsuite name="IntelCorroborationService" errors="0" failures="0" skipped="0" timestamp="2025-12-25T23:06:04" time="0.466" tests="1">
    <testcase classname="IntelCorroborationService computes confidence with evidence and analyst ratings" name="IntelCorroborationService computes confidence with evidence and analyst ratings" time="0.001">
    </testcase>
  </testsuite>
  <testsuite name="Forecasting" errors="0" failures="0" skipped="0" timestamp="2025-12-25T23:06:04" time="0.402" tests="3">
    <testcase classname="Forecasting calculates simple moving average" name="Forecasting calculates simple moving average" time="0.001">
    </testcase>
    <testcase classname="Forecasting calculates exponential smoothing" name="Forecasting calculates exponential smoothing" time="0">
    </testcase>
    <testcase classname="Forecasting projects linear trend" name="Forecasting projects linear trend" time="0">
    </testcase>
  </testsuite>
  <testsuite name="BehavioralDnaNetwork" errors="0" failures="0" skipped="0" timestamp="2025-12-25T23:06:05" time="0.38" tests="2">
    <testcase classname="BehavioralDnaNetwork updates embeddings and detects anomalies" name="BehavioralDnaNetwork updates embeddings and detects anomalies" time="0.001">
    </testcase>
    <testcase classname="BehavioralDnaNetwork predicts next behavior based on trend" name="BehavioralDnaNetwork predicts next behavior based on trend" time="0">
    </testcase>
  </testsuite>
  <testsuite name="hypothesis updates" errors="0" failures="0" skipped="0" timestamp="2025-12-25T23:06:05" time="0.377" tests="2">
    <testcase classname="hypothesis updates updates probability with evidence" name="hypothesis updates updates probability with evidence" time="0.001">
    </testcase>
    <testcase classname="hypothesis updates records dissent" name="hypothesis updates records dissent" time="0">
    </testcase>
  </testsuite>
  <testsuite name="NlToCypherService" errors="0" failures="0" skipped="0" timestamp="2025-12-25T23:06:07" time="1.301" tests="2">
    <testcase classname="NlToCypherService translates known prompts" name="NlToCypherService translates known prompts" time="0.003">
    </testcase>
    <testcase classname="NlToCypherService falls back to model adapter" name="NlToCypherService falls back to model adapter" time="0.002">
    </testcase>
  </testsuite>
  <testsuite name="cost estimator" errors="0" failures="0" skipped="0" timestamp="2025-12-25T23:06:09" time="0.351" tests="1">
    <testcase classname="cost estimator assigns higher cost for filtered queries" name="cost estimator assigns higher cost for filtered queries" time="0.001">
    </testcase>
  </testsuite>
  <testsuite name="performance benchmark" errors="0" failures="0" skipped="0" timestamp="2025-12-25T23:06:10" time="0.438" tests="1">
    <testcase classname="performance benchmark all operations complete within the configured budgets" name="performance benchmark all operations complete within the configured budgets" time="0.039">
    </testcase>
  </testsuite>
  <testsuite name="KmsSigner" errors="0" failures="0" skipped="0" timestamp="2025-12-25T23:06:11" time="0.364" tests="1">
    <testcase classname="KmsSigner signs and verifies using client" name="KmsSigner signs and verifies using client" time="0.001">
    </testcase>
  </testsuite>
  <testsuite name="Math Utils 2" errors="0" failures="0" skipped="0" timestamp="2025-12-25T23:06:11" time="0.363" tests="3">
    <testcase classname="Math Utils 2 should subtract two numbers correctly" name="Math Utils 2 should subtract two numbers correctly" time="0">
    </testcase>
    <testcase classname="Math Utils 2 should divide two numbers correctly" name="Math Utils 2 should divide two numbers correctly" time="0.001">
    </testcase>
    <testcase classname="Math Utils 2 should throw error when dividing by zero" name="Math Utils 2 should throw error when dividing by zero" time="0.003">
    </testcase>
  </testsuite>
  <testsuite name="WeightsVerifier" errors="0" failures="0" skipped="0" timestamp="2025-12-25T23:06:11" time="0.327" tests="1">
    <testcase classname="WeightsVerifier verifies checksum" name="WeightsVerifier verifies checksum" time="0.001">
    </testcase>
  </testsuite>
  <testsuite name="GossipAuditor" errors="0" failures="0" skipped="0" timestamp="2025-12-25T23:06:11" time="0.377" tests="1">
    <testcase classname="GossipAuditor alerts on fork" name="GossipAuditor alerts on fork" time="0">
    </testcase>
  </testsuite>
  <testsuite name="Watchlist flow" errors="0" failures="0" skipped="0" timestamp="2025-12-25T23:06:11" time="0.4" tests="1">
    <testcase classname="Watchlist flow creates and adds entity" name="Watchlist flow creates and adds entity" time="0">
    </testcase>
  </testsuite>
  <testsuite name="report cli" errors="0" failures="0" skipped="0" timestamp="2025-12-25T23:06:12" time="0.415" tests="1">
    <testcase classname="report cli verifies hash correctly" name="report cli verifies hash correctly" time="0.003">
    </testcase>
  </testsuite>
  <testsuite name="HybridEntityResolutionService" errors="0" failures="1" skipped="0" timestamp="2025-12-25T23:06:12" time="0.557" tests="1">
    <testcase classname="HybridEntityResolutionService returns deterministic results" name="HybridEntityResolutionService returns deterministic results" time="0.144">
      <failure>Error: expect(received).toBeNull()

Received: [Error: Command failed: npx tsx /Users/brianlong/Developer/summit/server/scripts/generate-screenshots.ts
npm warn config ignoring workspace config at /Users/brianlong/Developer/summit/server/.npmrc
sh: tsx: command not found
]
    at /Users/brianlong/Developer/summit/server/tests/pre-commit.test.ts:15:21
    at ChildProcess.exithandler (node:child_process:430:5)
    at ChildProcess.emit (node:events:524:28)
    at maybeClose (node:internal/child_process:1104:16)
    at Socket.&lt;anonymous&gt; (node:internal/child_process:456:11)
    at Socket.emit (node:events:524:28)
    at Pipe.&lt;anonymous&gt; (node:net:343:12)</failure>
      <failure>Error: ModuleNotFoundError: No module named &apos;rapidfuzz&apos;
    at PythonShell.parseError (/Users/brianlong/Developer/summit/node_modules/.pnpm/python-shell@5.0.0/node_modules/python-shell/index.ts:376:21)
    at terminateIfNeeded (/Users/brianlong/Developer/summit/node_modules/.pnpm/python-shell@5.0.0/node_modules/python-shell/index.ts:239:32)
    at ChildProcess.&lt;anonymous&gt; (/Users/brianlong/Developer/summit/node_modules/.pnpm/python-shell@5.0.0/node_modules/python-shell/index.ts:230:13)
    at ChildProcess.emit (node:events:524:28)
    at Process.ChildProcess._handle.onexit (node:internal/child_process:293:12)
    ----- Python Traceback -----
    File &quot;/Users/brianlong/Developer/summit/server/ml/er/api.py&quot;, line 5, in &lt;module&gt;
      from rapidfuzz import fuzz</failure>
    </testcase>
  </testsuite>
  <testsuite name="String Utils" errors="0" failures="0" skipped="0" timestamp="2025-12-25T23:06:13" time="0.636" tests="2">
    <testcase classname="String Utils should capitalize the first letter of a string" name="String Utils should capitalize the first letter of a string" time="0.002">
    </testcase>
    <testcase classname="String Utils should reverse a string" name="String Utils should reverse a string" time="0.001">
    </testcase>
  </testsuite>
  <testsuite name="deepfake triage" errors="0" failures="0" skipped="0" timestamp="2025-12-25T23:06:13" time="0.371" tests="1">
    <testcase classname="deepfake triage returns score, facets, and latency" name="deepfake triage returns score, facets, and latency" time="0.001">
    </testcase>
  </testsuite>
  <testsuite name="undefined" errors="0" failures="1" skipped="0" timestamp="2025-12-25T23:06:13" time="0.513" tests="1">
    <testcase classname=" similarEntities by text (integration)" name=" similarEntities by text (integration)" time="0.148">
      <failure>Error: expect(received).toBe(expected) // Object.is equality

Expected: 200
Received: 404
    at Object.&lt;anonymous&gt; (/Users/brianlong/Developer/summit/server/tests/integration/similarity.text.int.test.ts:11:20)
    at processTicksAndRejections (node:internal/process/task_queues:95:5)</failure>
    </testcase>
  </testsuite>
  <testsuite name="NLQTranslator" errors="0" failures="0" skipped="0" timestamp="2025-12-25T23:06:14" time="0.416" tests="1">
    <testcase classname="NLQTranslator translates person queries with tenant scoping" name="NLQTranslator translates person queries with tenant scoping" time="0.001">
    </testcase>
  </testsuite>
  <testsuite name="Math Utils" errors="0" failures="0" skipped="0" timestamp="2025-12-25T23:06:14" time="0.743" tests="2">
    <testcase classname="Math Utils should add two numbers correctly" name="Math Utils should add two numbers correctly" time="0">
    </testcase>
    <testcase classname="Math Utils should multiply two numbers correctly" name="Math Utils should multiply two numbers correctly" time="0.001">
    </testcase>
  </testsuite>
  <testsuite name="report templates" errors="0" failures="1" skipped="0" timestamp="2025-12-25T23:06:16" time="0.353" tests="1">
    <testcase classname="report templates matches snapshot" name="report templates matches snapshot" time="0">
      <failure>Error: ENOENT: no such file or directory, open &apos;/Users/brianlong/Developer/summit/server/templates/reports/sample-v1.json&apos;
    at Object.readFileSync (node:fs:449:20)
    at Object.&lt;anonymous&gt; (/Users/brianlong/Developer/summit/server/tests/report-templates.test.ts:13:36)
    at Promise.then.completed (/Users/brianlong/Developer/summit/node_modules/.pnpm/jest-circus@29.7.0_babel-plugin-macros@3.1.0/node_modules/jest-circus/build/utils.js:298:28)
    at new Promise (&lt;anonymous&gt;)
    at callAsyncCircusFn (/Users/brianlong/Developer/summit/node_modules/.pnpm/jest-circus@29.7.0_babel-plugin-macros@3.1.0/node_modules/jest-circus/build/utils.js:231:10)
    at _callCircusTest (/Users/brianlong/Developer/summit/node_modules/.pnpm/jest-circus@29.7.0_babel-plugin-macros@3.1.0/node_modules/jest-circus/build/run.js:316:40)
    at processTicksAndRejections (node:internal/process/task_queues:95:5)
    at _runTest (/Users/brianlong/Developer/summit/node_modules/.pnpm/jest-circus@29.7.0_babel-plugin-macros@3.1.0/node_modules/jest-circus/build/run.js:252:3)
    at _runTestsForDescribeBlock (/Users/brianlong/Developer/summit/node_modules/.pnpm/jest-circus@29.7.0_babel-plugin-macros@3.1.0/node_modules/jest-circus/build/run.js:126:9)
    at _runTestsForDescribeBlock (/Users/brianlong/Developer/summit/node_modules/.pnpm/jest-circus@29.7.0_babel-plugin-macros@3.1.0/node_modules/jest-circus/build/run.js:121:9)
    at run (/Users/brianlong/Developer/summit/node_modules/.pnpm/jest-circus@29.7.0_babel-plugin-macros@3.1.0/node_modules/jest-circus/build/run.js:71:3)
    at runAndTransformResultsToJestFormat (/Users/brianlong/Developer/summit/node_modules/.pnpm/jest-circus@29.7.0_babel-plugin-macros@3.1.0/node_modules/jest-circus/build/legacy-code-todo-rewrite/jestAdapterInit.js:122:21)
    at jestAdapter (/Users/brianlong/Developer/summit/node_modules/.pnpm/jest-circus@29.7.0_babel-plugin-macros@3.1.0/node_modules/jest-circus/build/legacy-code-todo-rewrite/jestAdapter.js:79:19)
    at runTestInternal (/Users/brianlong/Developer/summit/node_modules/.pnpm/jest-runner@29.7.0/node_modules/jest-runner/build/runTest.js:367:16)
    at runTest (/Users/brianlong/Developer/summit/node_modules/.pnpm/jest-runner@29.7.0/node_modules/jest-runner/build/runTest.js:444:34)
    at Object.worker (/Users/brianlong/Developer/summit/node_modules/.pnpm/jest-runner@29.7.0/node_modules/jest-runner/build/testWorker.js:106:12)</failure>
    </testcase>
  </testsuite>
  <testsuite name="undefined" errors="0" failures="1" skipped="0" timestamp="2025-12-25T23:06:16" time="0.411" tests="1">
    <testcase classname=" similarEntities by text" name=" similarEntities by text" time="0">
      <failure>TypeError: Cannot read properties of undefined (reading &apos;address&apos;)
    at Test.serverAddress (/Users/brianlong/Developer/summit/node_modules/.pnpm/supertest@6.3.4/node_modules/supertest/lib/test.js:46:22)
    at new Test (/Users/brianlong/Developer/summit/node_modules/.pnpm/supertest@6.3.4/node_modules/supertest/lib/test.js:34:14)
    at Object.obj.&lt;computed&gt; [as post] (/Users/brianlong/Developer/summit/node_modules/.pnpm/supertest@6.3.4/node_modules/supertest/index.js:43:18)
    at Object.&lt;anonymous&gt; (/Users/brianlong/Developer/summit/server/tests/similarity.text.test.ts:6:6)
    at Promise.then.completed (/Users/brianlong/Developer/summit/node_modules/.pnpm/jest-circus@29.7.0_babel-plugin-macros@3.1.0/node_modules/jest-circus/build/utils.js:298:28)
    at new Promise (&lt;anonymous&gt;)
    at callAsyncCircusFn (/Users/brianlong/Developer/summit/node_modules/.pnpm/jest-circus@29.7.0_babel-plugin-macros@3.1.0/node_modules/jest-circus/build/utils.js:231:10)
    at _callCircusTest (/Users/brianlong/Developer/summit/node_modules/.pnpm/jest-circus@29.7.0_babel-plugin-macros@3.1.0/node_modules/jest-circus/build/run.js:316:40)
    at processTicksAndRejections (node:internal/process/task_queues:95:5)
    at _runTest (/Users/brianlong/Developer/summit/node_modules/.pnpm/jest-circus@29.7.0_babel-plugin-macros@3.1.0/node_modules/jest-circus/build/run.js:252:3)
    at _runTestsForDescribeBlock (/Users/brianlong/Developer/summit/node_modules/.pnpm/jest-circus@29.7.0_babel-plugin-macros@3.1.0/node_modules/jest-circus/build/run.js:126:9)
    at run (/Users/brianlong/Developer/summit/node_modules/.pnpm/jest-circus@29.7.0_babel-plugin-macros@3.1.0/node_modules/jest-circus/build/run.js:71:3)
    at runAndTransformResultsToJestFormat (/Users/brianlong/Developer/summit/node_modules/.pnpm/jest-circus@29.7.0_babel-plugin-macros@3.1.0/node_modules/jest-circus/build/legacy-code-todo-rewrite/jestAdapterInit.js:122:21)
    at jestAdapter (/Users/brianlong/Developer/summit/node_modules/.pnpm/jest-circus@29.7.0_babel-plugin-macros@3.1.0/node_modules/jest-circus/build/legacy-code-todo-rewrite/jestAdapter.js:79:19)
    at runTestInternal (/Users/brianlong/Developer/summit/node_modules/.pnpm/jest-runner@29.7.0/node_modules/jest-runner/build/runTest.js:367:16)
    at runTest (/Users/brianlong/Developer/summit/node_modules/.pnpm/jest-runner@29.7.0/node_modules/jest-runner/build/runTest.js:444:34)
    at Object.worker (/Users/brianlong/Developer/summit/node_modules/.pnpm/jest-runner@29.7.0/node_modules/jest-runner/build/testWorker.js:106:12)</failure>
    </testcase>
  </testsuite>
  <testsuite name="GraphQL contract placeholder" errors="0" failures="0" skipped="0" timestamp="2025-12-25T23:06:16" time="0.336" tests="1">
    <testcase classname="GraphQL contract placeholder returns a stable version payload" name="GraphQL contract placeholder returns a stable version payload" time="0.001">
    </testcase>
  </testsuite>
  <testsuite name="RiskEngine" errors="0" failures="0" skipped="0" timestamp="2025-12-25T23:06:16" time="0.358" tests="1">
    <testcase classname="RiskEngine scores features with bands" name="RiskEngine scores features with bands" time="0">
    </testcase>
  </testsuite>
  <testsuite name="FeatureStore" errors="0" failures="0" skipped="0" timestamp="2025-12-25T23:06:16" time="0.314" tests="1">
    <testcase classname="FeatureStore returns default features" name="FeatureStore returns default features" time="0.001">
    </testcase>
  </testsuite>
  <testsuite name="Sample Fast Lane Test" errors="0" failures="0" skipped="0" timestamp="2025-12-25T23:06:16" time="0.332" tests="2">
    <testcase classname="Sample Fast Lane Test should pass a simple assertion" name="Sample Fast Lane Test should pass a simple assertion" time="0">
    </testcase>
    <testcase classname="Sample Fast Lane Test should handle string operations" name="Sample Fast Lane Test should handle string operations" time="0">
    </testcase>
  </testsuite>
  <testsuite name="EntityResolutionV2Service" errors="0" failures="0" skipped="0" timestamp="2025-12-25T23:06:17" time="0.353" tests="1">
    <testcase classname="EntityResolutionV2Service should be manually verified" name="EntityResolutionV2Service should be manually verified" time="0.001">
    </testcase>
  </testsuite>
</testsuites>