<?xml version="1.0" encoding="UTF-8"?>
<testsuites name="jest tests" tests="5" failures="0" errors="0" time="21.978">
  <testsuite name="SubscriptionService" errors="0" failures="0" skipped="0" timestamp="2026-01-01T15:42:53" time="21.602" tests="5">
    <testcase classname="SubscriptionService should initialize and hydrate QuotaManager" name="SubscriptionService should initialize and hydrate QuotaManager" time="0.073">
    </testcase>
    <testcase classname="SubscriptionService should upgrade a tenant tier, persist it, and log audit" name="SubscriptionService should upgrade a tenant tier, persist it, and log audit" time="0.011">
    </testcase>
    <testcase classname="SubscriptionService should downgrade a tenant tier, persist it, and log audit" name="SubscriptionService should downgrade a tenant tier, persist it, and log audit" time="0.008">
    </testcase>
    <testcase classname="SubscriptionService should provide pricing signals" name="SubscriptionService should provide pricing signals" time="0.006">
    </testcase>
    <testcase classname="SubscriptionService should correctly check entitlements" name="SubscriptionService should correctly check entitlements" time="0.004">
    </testcase>
  </testsuite>
</testsuites>