<?xml version="1.0" encoding="UTF-8"?>
<testsuites name="jest tests" tests="3" failures="0" errors="0" time="16.868">
  <testsuite name="PilotConfigurationManager" errors="0" failures="0" skipped="0" timestamp="2025-12-26T05:56:23" time="16.789" tests="3">
    <testcase classname="PilotConfigurationManager should return undefined for unknown tenant" name="PilotConfigurationManager should return undefined for unknown tenant" time="0.004">
    </testcase>
    <testcase classname="PilotConfigurationManager should enroll a tenant" name="PilotConfigurationManager should enroll a tenant" time="0.002">
    </testcase>
    <testcase classname="PilotConfigurationManager should check if feature is enabled" name="PilotConfigurationManager should check if feature is enabled" time="0.001">
    </testcase>
  </testsuite>
</testsuites>