<?xml version="1.0" encoding="UTF-8"?>
<testsuites name="jest tests" tests="5" failures="0" errors="0" time="15.933">
  <testsuite name="TrustPortalService" errors="0" failures="0" skipped="1" timestamp="2025-12-28T04:26:24" time="15.838" tests="5">
    <testcase classname="TrustPortalService getSystemStatus should return operational status when no critical incidents exist" name="TrustPortalService getSystemStatus should return operational status when no critical incidents exist" time="0.008">
    </testcase>
    <testcase classname="TrustPortalService getSystemStatus should return outage status when critical incident exists in region" name="TrustPortalService getSystemStatus should return outage status when critical incident exists in region" time="0.002">
    </testcase>
    <testcase classname="TrustPortalService getSLACompliance should return SLA data mapped from TenantSLOService" name="TrustPortalService getSLACompliance should return SLA data mapped from TenantSLOService" time="0.002">
    </testcase>
    <testcase classname="TrustPortalService getSLACompliance should return empty array if no SLO data found" name="TrustPortalService getSLACompliance should return empty array if no SLO data found" time="0.003">
    </testcase>
    <testcase classname="TrustPortalService exportTrustReport should generate a PDF buffer" name="TrustPortalService exportTrustReport should generate a PDF buffer" time="0">
      <skipped/>
    </testcase>
  </testsuite>
</testsuites>