<?xml version="1.0" encoding="UTF-8"?>
<testsuites name="jest tests" tests="6" failures="0" errors="0" time="11.663">
  <testsuite name="Logging &amp; Context" errors="0" failures="0" skipped="0" timestamp="2025-11-20T09:49:11" time="11.583" tests="6">
    <testcase classname="Logging &amp; Context Context Storage should store and retrieve values within a run block" name="Logging &amp; Context Context Storage should store and retrieve values within a run block" time="0.005">
    </testcase>
    <testcase classname="Logging &amp; Context Context Storage should handle nested contexts correctly" name="Logging &amp; Context Context Storage should handle nested contexts correctly" time="0.001">
    </testcase>
    <testcase classname="Logging &amp; Context Error Tracking should return LocalErrorTracker when SENTRY_DSN is not set" name="Logging &amp; Context Error Tracking should return LocalErrorTracker when SENTRY_DSN is not set" time="0.002">
    </testcase>
    <testcase classname="Logging &amp; Context Error Tracking should return SentryErrorTracker when SENTRY_DSN is set" name="Logging &amp; Context Error Tracking should return SentryErrorTracker when SENTRY_DSN is set" time="0.002">
    </testcase>
    <testcase classname="Logging &amp; Context Logging Middleware should initialize context and set headers" name="Logging &amp; Context Logging Middleware should initialize context and set headers" time="0.059">
    </testcase>
    <testcase classname="Logging &amp; Context Logging Middleware should generate IDs if not provided" name="Logging &amp; Context Logging Middleware should generate IDs if not provided" time="0.009">
    </testcase>
  </testsuite>
</testsuites>