<?xml version="1.0" encoding="UTF-8"?>
<testsuites name="jest tests" tests="12" failures="1" errors="0" time="11.391">
  <testsuite name="Neo4j Causal Cluster Routing Tests" errors="0" failures="0" skipped="0" timestamp="2025-08-17T01:42:33" time="5.508" tests="3">
    <testcase classname="Neo4j Causal Cluster Routing Tests should route writes to the leader" name="Neo4j Causal Cluster Routing Tests should route writes to the leader" time="0.036">
    </testcase>
    <testcase classname="Neo4j Causal Cluster Routing Tests should route reads to followers" name="Neo4j Causal Cluster Routing Tests should route reads to followers" time="0">
    </testcase>
    <testcase classname="Neo4j Causal Cluster Routing Tests should ensure data consistency (Tx id monotonicity)" name="Neo4j Causal Cluster Routing Tests should ensure data consistency (Tx id monotonicity)" time="0.001">
    </testcase>
  </testsuite>
  <testsuite name="undefined" errors="0" failures="1" skipped="0" timestamp="2025-08-17T01:42:33" time="5.715" tests="1">
    <testcase classname=" similarEntities by text" name=" similarEntities by text" time="0.022">
      <failure>Error: read ECONNRESET
    at TCP.onStreamRead (node:internal/stream_base_commons:216:20)</failure>
    </testcase>
  </testsuite>
  <testsuite name="Entities route audit logging" errors="0" failures="0" skipped="0" timestamp="2025-08-17T01:42:39" time="1.274" tests="1">
    <testcase classname="Entities route audit logging logs view audit with null details" name="Entities route audit logging logs view audit with null details" time="0.045">
    </testcase>
  </testsuite>
  <testsuite name="feature placeholders" errors="0" failures="0" skipped="0" timestamp="2025-08-17T01:42:33" time="7.134" tests="1">
    <testcase classname="feature placeholders returns placeholder outputs" name="feature placeholders returns placeholder outputs" time="0.003">
    </testcase>
  </testsuite>
  <testsuite name="GraphQL Depth Limit Validation" errors="0" failures="0" skipped="0" timestamp="2025-08-17T01:42:39" time="1.568" tests="4">
    <testcase classname="GraphQL Depth Limit Validation should allow queries within depth limit" name="GraphQL Depth Limit Validation should allow queries within depth limit" time="0.008">
    </testcase>
    <testcase classname="GraphQL Depth Limit Validation should reject queries exceeding depth limit" name="GraphQL Depth Limit Validation should reject queries exceeding depth limit" time="0.002">
    </testcase>
    <testcase classname="GraphQL Depth Limit Validation should include operation name in error message" name="GraphQL Depth Limit Validation should include operation name in error message" time="0.001">
    </testcase>
    <testcase classname="GraphQL Depth Limit Validation should handle custom depth limits" name="GraphQL Depth Limit Validation should handle custom depth limits" time="0.002">
    </testcase>
  </testsuite>
  <testsuite name="Neo4j Causal Cluster Failover Tests" errors="0" failures="0" skipped="0" timestamp="2025-08-17T01:42:33" time="10.763" tests="2">
    <testcase classname="Neo4j Causal Cluster Failover Tests should re-elect a leader within 10 seconds after leader failure" name="Neo4j Causal Cluster Failover Tests should re-elect a leader within 10 seconds after leader failure" time="5.014">
    </testcase>
    <testcase classname="Neo4j Causal Cluster Failover Tests should maintain data consistency during network partition" name="Neo4j Causal Cluster Failover Tests should maintain data consistency during network partition" time="0.001">
    </testcase>
  </testsuite>
</testsuites>