<?xml version="1.0" encoding="UTF-8"?>
<testsuites name="jest tests" tests="19" failures="0" errors="0" time="9.312">
  <testsuite name="ExtensionRegistry" errors="0" failures="0" skipped="0" timestamp="2025-12-26T05:44:12" time="8.524" tests="7">
    <testcase classname="ExtensionRegistry should register an extension" name="ExtensionRegistry should register an extension" time="0.006">
    </testcase>
    <testcase classname="ExtensionRegistry should list extensions" name="ExtensionRegistry should list extensions" time="0.001">
    </testcase>
    <testcase classname="ExtensionRegistry should install an extension for a tenant" name="ExtensionRegistry should install an extension for a tenant" time="0.002">
    </testcase>
    <testcase classname="ExtensionRegistry should prevent double installation" name="ExtensionRegistry should prevent double installation" time="0.01">
    </testcase>
    <testcase classname="ExtensionRegistry should fail install if extension not found" name="ExtensionRegistry should fail install if extension not found" time="0.001">
    </testcase>
    <testcase classname="ExtensionRegistry should uninstall an extension" name="ExtensionRegistry should uninstall an extension" time="0.001">
    </testcase>
    <testcase classname="ExtensionRegistry should revoke an extension globally" name="ExtensionRegistry should revoke an extension globally" time="0.002">
    </testcase>
  </testsuite>
  <testsuite name="PermissionEnforcer" errors="0" failures="0" skipped="0" timestamp="2025-12-26T05:44:20" time="0.06" tests="5">
    <testcase classname="PermissionEnforcer should deny if not installed" name="PermissionEnforcer should deny if not installed" time="0.001">
    </testcase>
    <testcase classname="PermissionEnforcer should allow if installed and permission granted" name="PermissionEnforcer should allow if installed and permission granted" time="0.001">
    </testcase>
    <testcase classname="PermissionEnforcer should deny if permission not granted in manifest/install" name="PermissionEnforcer should deny if permission not granted in manifest/install" time="0.001">
    </testcase>
    <testcase classname="PermissionEnforcer should deny if extension is revoked" name="PermissionEnforcer should deny if extension is revoked" time="0">
    </testcase>
    <testcase classname="PermissionEnforcer should check scope access correctly" name="PermissionEnforcer should check scope access correctly" time="0.001">
    </testcase>
  </testsuite>
  <testsuite name="ExtensionSandbox" errors="0" failures="0" skipped="0" timestamp="2025-12-26T05:44:12" time="8.629" tests="4">
    <testcase classname="ExtensionSandbox should execute valid code" name="ExtensionSandbox should execute valid code" time="0.025">
    </testcase>
    <testcase classname="ExtensionSandbox should timeout on infinite loop" name="ExtensionSandbox should timeout on infinite loop" time="0.113">
    </testcase>
    <testcase classname="ExtensionSandbox should allow API access if permitted" name="ExtensionSandbox should allow API access if permitted" time="0.003">
    </testcase>
    <testcase classname="ExtensionSandbox should deny API access if scope mismatch" name="ExtensionSandbox should deny API access if scope mismatch" time="0.003">
    </testcase>
  </testsuite>
  <testsuite name="Revocation and Lifecycle" errors="0" failures="0" skipped="0" timestamp="2025-12-26T05:44:20" time="0.059" tests="3">
    <testcase classname="Revocation and Lifecycle should immediately prevent access after revocation" name="Revocation and Lifecycle should immediately prevent access after revocation" time="0.001">
    </testcase>
    <testcase classname="Revocation and Lifecycle should prevent new installations of revoked extensions" name="Revocation and Lifecycle should prevent new installations of revoked extensions" time="0.006">
    </testcase>
    <testcase classname="Revocation and Lifecycle should audit revocation actions" name="Revocation and Lifecycle should audit revocation actions" time="0.001">
    </testcase>
  </testsuite>
</testsuites>