<?xml version="1.0" encoding="UTF-8"?>
<testsuites name="jest tests" tests="4" failures="0" errors="0" time="16.015">
  <testsuite name="Webhook API" errors="0" failures="0" skipped="0" timestamp="2025-11-20T09:50:33" time="15.834" tests="4">
    <testcase classname="Webhook API POST /api/webhooks should create a webhook" name="Webhook API POST /api/webhooks should create a webhook" time="0.075">
    </testcase>
    <testcase classname="Webhook API POST /api/webhooks should fail with invalid input" name="Webhook API POST /api/webhooks should fail with invalid input" time="0.011">
    </testcase>
    <testcase classname="Webhook API GET /api/webhooks should list webhooks" name="Webhook API GET /api/webhooks should list webhooks" time="0.009">
    </testcase>
    <testcase classname="Webhook API POST /api/webhooks/trigger-test should trigger a webhook event" name="Webhook API POST /api/webhooks/trigger-test should trigger a webhook event" time="0.009">
    </testcase>
  </testsuite>
</testsuites>