<?xml version="1.0" encoding="UTF-8"?>
<testsuites name="jest tests" tests="6" failures="0" errors="0" time="18.273">
  <testsuite name="Formal Verification Suite" errors="0" failures="0" skipped="0" timestamp="2025-12-27T06:17:21" time="18.145" tests="6">
    <testcase classname="Formal Verification Suite BudgetTracker Safety: Spending must behave monotonically (strictly increasing for positive costs)" name="Formal Verification Suite BudgetTracker Safety: Spending must behave monotonically (strictly increasing for positive costs)" time="1.918">
    </testcase>
    <testcase classname="Formal Verification Suite BudgetTracker Liveness: Threshold alerts must ALWAYS fire when crossing a threshold upwards" name="Formal Verification Suite BudgetTracker Liveness: Threshold alerts must ALWAYS fire when crossing a threshold upwards" time="0.031">
    </testcase>
    <testcase classname="Formal Verification Suite QuotaManager Completeness: getQuotaForTenant always returns a valid Quota object" name="Formal Verification Suite QuotaManager Completeness: getQuotaForTenant always returns a valid Quota object" time="0.428">
    </testcase>
    <testcase classname="Formal Verification Suite QuotaManager Hierarchy Invariant: Enterprise &gt; Pro &gt; Starter &gt; Free (for all numeric limits)" name="Formal Verification Suite QuotaManager Hierarchy Invariant: Enterprise &gt; Pro &gt; Starter &gt; Free (for all numeric limits)" time="0.003">
    </testcase>
    <testcase classname="Formal Verification Suite TenantIsolationGuard Isolation: Cross-tenant access MUST be denied" name="Formal Verification Suite TenantIsolationGuard Isolation: Cross-tenant access MUST be denied" time="0.328">
    </testcase>
    <testcase classname="Formal Verification Suite TenantIsolationGuard Kill Switch Propagation: If kill switch is active, ALL requests are denied" name="Formal Verification Suite TenantIsolationGuard Kill Switch Propagation: If kill switch is active, ALL requests are denied" time="0.311">
    </testcase>
  </testsuite>
</testsuites>