<?xml version="1.0" encoding="UTF-8"?>
<testsuites name="jest tests" tests="9" failures="0" errors="0" time="18.564">
  <testsuite name="Agent Evolution Guardrails" errors="0" failures="0" skipped="0" timestamp="2025-12-26T16:20:27" time="15.681" tests="5">
    <testcase classname="Agent Evolution Guardrails Capability {&quot;execute&quot;: [Function execute], &quot;schema&quot;: [Object]} has valid semantic version" name="Agent Evolution Guardrails Capability {&quot;execute&quot;: [Function execute], &quot;schema&quot;: [Object]} has valid semantic version" time="0.01">
    </testcase>
    <testcase classname="Agent Evolution Guardrails Capability {&quot;execute&quot;: [Function execute], &quot;schema&quot;: [Object]} has explicit limits defined" name="Agent Evolution Guardrails Capability {&quot;execute&quot;: [Function execute], &quot;schema&quot;: [Object]} has explicit limits defined" time="0.001">
    </testcase>
    <testcase classname="Agent Evolution Guardrails Capability {&quot;execute&quot;: [Function execute], &quot;schema&quot;: [Object]} has prohibited actions defined" name="Agent Evolution Guardrails Capability {&quot;execute&quot;: [Function execute], &quot;schema&quot;: [Object]} has prohibited actions defined" time="0.001">
    </testcase>
    <testcase classname="Agent Evolution Guardrails Capability {&quot;execute&quot;: [Function execute], &quot;schema&quot;: [Object]} has valid type" name="Agent Evolution Guardrails Capability {&quot;execute&quot;: [Function execute], &quot;schema&quot;: [Object]} has valid type" time="0.001">
    </testcase>
    <testcase classname="Agent Evolution Guardrails Capability {&quot;execute&quot;: [Function execute], &quot;schema&quot;: [Object]} has id" name="Agent Evolution Guardrails Capability {&quot;execute&quot;: [Function execute], &quot;schema&quot;: [Object]} has id" time="0">
    </testcase>
  </testsuite>
  <testsuite name="PlanningCapability" errors="0" failures="0" skipped="0" timestamp="2025-12-26T16:20:27" time="17.885" tests="4">
    <testcase classname="PlanningCapability should execute within bounds" name="PlanningCapability should execute within bounds" time="0.535">
    </testcase>
    <testcase classname="PlanningCapability should halt immediately if killSwitch is active at start" name="PlanningCapability should halt immediately if killSwitch is active at start" time="0.011">
    </testcase>
    <testcase classname="PlanningCapability should halt if killSwitch becomes active during execution" name="PlanningCapability should halt if killSwitch becomes active during execution" time="0.102">
    </testcase>
    <testcase classname="PlanningCapability should respect maxSteps limit from schema" name="PlanningCapability should respect maxSteps limit from schema" time="0.503">
    </testcase>
  </testsuite>
</testsuites>