<?xml version="1.0" encoding="UTF-8"?>
<testsuites name="jest tests" tests="4" failures="0" errors="0" time="9.998">
  <testsuite name="TimeSeriesService" errors="0" failures="0" skipped="0" timestamp="2025-11-21T06:00:54" time="9.902" tests="4">
    <testcase classname="TimeSeriesService should add a data point" name="TimeSeriesService should add a data point" time="0.007">
    </testcase>
    <testcase classname="TimeSeriesService should query data points" name="TimeSeriesService should query data points" time="0.003">
    </testcase>
    <testcase classname="AlertingService should trigger an alert when threshold is exceeded" name="AlertingService should trigger an alert when threshold is exceeded" time="0.003">
    </testcase>
    <testcase classname="AlertingService should not trigger an alert when threshold is not exceeded" name="AlertingService should not trigger an alert when threshold is not exceeded" time="0.001">
    </testcase>
  </testsuite>
</testsuites>