<?xml version="1.0" encoding="UTF-8"?>
<testsuites name="jest tests" tests="82" failures="25" errors="0" time="25.061">
  <testsuite name="RedTeamSimulator" errors="0" failures="6" skipped="0" timestamp="2025-12-25T23:10:59" time="4.934" tests="6">
    <testcase classname="RedTeamSimulator should initialize successfully" name="RedTeamSimulator should initialize successfully" time="0.003">
      <failure>TypeError: RedTeamSimulator_1.RedTeamSimulator is not a constructor
    at Object.&lt;anonymous&gt; (/Users/brianlong/Developer/summit/server/src/services/__tests__/RedTeamSimulator.test.ts:39:24)
    at Promise.then.completed (/Users/brianlong/Developer/summit/node_modules/.pnpm/jest-circus@29.7.0_babel-plugin-macros@3.1.0/node_modules/jest-circus/build/utils.js:298:28)
    at new Promise (&lt;anonymous&gt;)
    at callAsyncCircusFn (/Users/brianlong/Developer/summit/node_modules/.pnpm/jest-circus@29.7.0_babel-plugin-macros@3.1.0/node_modules/jest-circus/build/utils.js:231:10)
    at _callCircusHook (/Users/brianlong/Developer/summit/node_modules/.pnpm/jest-circus@29.7.0_babel-plugin-macros@3.1.0/node_modules/jest-circus/build/run.js:281:40)
    at processTicksAndRejections (node:internal/process/task_queues:95:5)
    at _runTest (/Users/brianlong/Developer/summit/node_modules/.pnpm/jest-circus@29.7.0_babel-plugin-macros@3.1.0/node_modules/jest-circus/build/run.js:246:5)
    at _runTestsForDescribeBlock (/Users/brianlong/Developer/summit/node_modules/.pnpm/jest-circus@29.7.0_babel-plugin-macros@3.1.0/node_modules/jest-circus/build/run.js:126:9)
    at _runTestsForDescribeBlock (/Users/brianlong/Developer/summit/node_modules/.pnpm/jest-circus@29.7.0_babel-plugin-macros@3.1.0/node_modules/jest-circus/build/run.js:121:9)
    at run (/Users/brianlong/Developer/summit/node_modules/.pnpm/jest-circus@29.7.0_babel-plugin-macros@3.1.0/node_modules/jest-circus/build/run.js:71:3)
    at runAndTransformResultsToJestFormat (/Users/brianlong/Developer/summit/node_modules/.pnpm/jest-circus@29.7.0_babel-plugin-macros@3.1.0/node_modules/jest-circus/build/legacy-code-todo-rewrite/jestAdapterInit.js:122:21)
    at jestAdapter (/Users/brianlong/Developer/summit/node_modules/.pnpm/jest-circus@29.7.0_babel-plugin-macros@3.1.0/node_modules/jest-circus/build/legacy-code-todo-rewrite/jestAdapter.js:79:19)
    at runTestInternal (/Users/brianlong/Developer/summit/node_modules/.pnpm/jest-runner@29.7.0/node_modules/jest-runner/build/runTest.js:367:16)
    at runTest (/Users/brianlong/Developer/summit/node_modules/.pnpm/jest-runner@29.7.0/node_modules/jest-runner/build/runTest.js:444:34)
    at Object.worker (/Users/brianlong/Developer/summit/node_modules/.pnpm/jest-runner@29.7.0/node_modules/jest-runner/build/testWorker.js:106:12)</failure>
    </testcase>
    <testcase classname="RedTeamSimulator should run a phishing campaign successfully" name="RedTeamSimulator should run a phishing campaign successfully" time="0">
      <failure>TypeError: RedTeamSimulator_1.RedTeamSimulator is not a constructor
    at Object.&lt;anonymous&gt; (/Users/brianlong/Developer/summit/server/src/services/__tests__/RedTeamSimulator.test.ts:39:24)
    at Promise.then.completed (/Users/brianlong/Developer/summit/node_modules/.pnpm/jest-circus@29.7.0_babel-plugin-macros@3.1.0/node_modules/jest-circus/build/utils.js:298:28)
    at new Promise (&lt;anonymous&gt;)
    at callAsyncCircusFn (/Users/brianlong/Developer/summit/node_modules/.pnpm/jest-circus@29.7.0_babel-plugin-macros@3.1.0/node_modules/jest-circus/build/utils.js:231:10)
    at _callCircusHook (/Users/brianlong/Developer/summit/node_modules/.pnpm/jest-circus@29.7.0_babel-plugin-macros@3.1.0/node_modules/jest-circus/build/run.js:281:40)
    at processTicksAndRejections (node:internal/process/task_queues:95:5)
    at _runTest (/Users/brianlong/Developer/summit/node_modules/.pnpm/jest-circus@29.7.0_babel-plugin-macros@3.1.0/node_modules/jest-circus/build/run.js:246:5)
    at _runTestsForDescribeBlock (/Users/brianlong/Developer/summit/node_modules/.pnpm/jest-circus@29.7.0_babel-plugin-macros@3.1.0/node_modules/jest-circus/build/run.js:126:9)
    at _runTestsForDescribeBlock (/Users/brianlong/Developer/summit/node_modules/.pnpm/jest-circus@29.7.0_babel-plugin-macros@3.1.0/node_modules/jest-circus/build/run.js:121:9)
    at run (/Users/brianlong/Developer/summit/node_modules/.pnpm/jest-circus@29.7.0_babel-plugin-macros@3.1.0/node_modules/jest-circus/build/run.js:71:3)
    at runAndTransformResultsToJestFormat (/Users/brianlong/Developer/summit/node_modules/.pnpm/jest-circus@29.7.0_babel-plugin-macros@3.1.0/node_modules/jest-circus/build/legacy-code-todo-rewrite/jestAdapterInit.js:122:21)
    at jestAdapter (/Users/brianlong/Developer/summit/node_modules/.pnpm/jest-circus@29.7.0_babel-plugin-macros@3.1.0/node_modules/jest-circus/build/legacy-code-todo-rewrite/jestAdapter.js:79:19)
    at runTestInternal (/Users/brianlong/Developer/summit/node_modules/.pnpm/jest-runner@29.7.0/node_modules/jest-runner/build/runTest.js:367:16)
    at runTest (/Users/brianlong/Developer/summit/node_modules/.pnpm/jest-runner@29.7.0/node_modules/jest-runner/build/runTest.js:444:34)
    at Object.worker (/Users/brianlong/Developer/summit/node_modules/.pnpm/jest-runner@29.7.0/node_modules/jest-runner/build/testWorker.js:106:12)</failure>
    </testcase>
    <testcase classname="RedTeamSimulator should run a network breach campaign successfully" name="RedTeamSimulator should run a network breach campaign successfully" time="0">
      <failure>TypeError: RedTeamSimulator_1.RedTeamSimulator is not a constructor
    at Object.&lt;anonymous&gt; (/Users/brianlong/Developer/summit/server/src/services/__tests__/RedTeamSimulator.test.ts:39:24)
    at Promise.then.completed (/Users/brianlong/Developer/summit/node_modules/.pnpm/jest-circus@29.7.0_babel-plugin-macros@3.1.0/node_modules/jest-circus/build/utils.js:298:28)
    at new Promise (&lt;anonymous&gt;)
    at callAsyncCircusFn (/Users/brianlong/Developer/summit/node_modules/.pnpm/jest-circus@29.7.0_babel-plugin-macros@3.1.0/node_modules/jest-circus/build/utils.js:231:10)
    at _callCircusHook (/Users/brianlong/Developer/summit/node_modules/.pnpm/jest-circus@29.7.0_babel-plugin-macros@3.1.0/node_modules/jest-circus/build/run.js:281:40)
    at processTicksAndRejections (node:internal/process/task_queues:95:5)
    at _runTest (/Users/brianlong/Developer/summit/node_modules/.pnpm/jest-circus@29.7.0_babel-plugin-macros@3.1.0/node_modules/jest-circus/build/run.js:246:5)
    at _runTestsForDescribeBlock (/Users/brianlong/Developer/summit/node_modules/.pnpm/jest-circus@29.7.0_babel-plugin-macros@3.1.0/node_modules/jest-circus/build/run.js:126:9)
    at _runTestsForDescribeBlock (/Users/brianlong/Developer/summit/node_modules/.pnpm/jest-circus@29.7.0_babel-plugin-macros@3.1.0/node_modules/jest-circus/build/run.js:121:9)
    at run (/Users/brianlong/Developer/summit/node_modules/.pnpm/jest-circus@29.7.0_babel-plugin-macros@3.1.0/node_modules/jest-circus/build/run.js:71:3)
    at runAndTransformResultsToJestFormat (/Users/brianlong/Developer/summit/node_modules/.pnpm/jest-circus@29.7.0_babel-plugin-macros@3.1.0/node_modules/jest-circus/build/legacy-code-todo-rewrite/jestAdapterInit.js:122:21)
    at jestAdapter (/Users/brianlong/Developer/summit/node_modules/.pnpm/jest-circus@29.7.0_babel-plugin-macros@3.1.0/node_modules/jest-circus/build/legacy-code-todo-rewrite/jestAdapter.js:79:19)
    at runTestInternal (/Users/brianlong/Developer/summit/node_modules/.pnpm/jest-runner@29.7.0/node_modules/jest-runner/build/runTest.js:367:16)
    at runTest (/Users/brianlong/Developer/summit/node_modules/.pnpm/jest-runner@29.7.0/node_modules/jest-runner/build/runTest.js:444:34)
    at Object.worker (/Users/brianlong/Developer/summit/node_modules/.pnpm/jest-runner@29.7.0/node_modules/jest-runner/build/testWorker.js:106:12)</failure>
    </testcase>
    <testcase classname="RedTeamSimulator should throw error for unknown campaign type" name="RedTeamSimulator should throw error for unknown campaign type" time="0">
      <failure>TypeError: RedTeamSimulator_1.RedTeamSimulator is not a constructor
    at Object.&lt;anonymous&gt; (/Users/brianlong/Developer/summit/server/src/services/__tests__/RedTeamSimulator.test.ts:39:24)
    at Promise.then.completed (/Users/brianlong/Developer/summit/node_modules/.pnpm/jest-circus@29.7.0_babel-plugin-macros@3.1.0/node_modules/jest-circus/build/utils.js:298:28)
    at new Promise (&lt;anonymous&gt;)
    at callAsyncCircusFn (/Users/brianlong/Developer/summit/node_modules/.pnpm/jest-circus@29.7.0_babel-plugin-macros@3.1.0/node_modules/jest-circus/build/utils.js:231:10)
    at _callCircusHook (/Users/brianlong/Developer/summit/node_modules/.pnpm/jest-circus@29.7.0_babel-plugin-macros@3.1.0/node_modules/jest-circus/build/run.js:281:40)
    at processTicksAndRejections (node:internal/process/task_queues:95:5)
    at _runTest (/Users/brianlong/Developer/summit/node_modules/.pnpm/jest-circus@29.7.0_babel-plugin-macros@3.1.0/node_modules/jest-circus/build/run.js:246:5)
    at _runTestsForDescribeBlock (/Users/brianlong/Developer/summit/node_modules/.pnpm/jest-circus@29.7.0_babel-plugin-macros@3.1.0/node_modules/jest-circus/build/run.js:126:9)
    at _runTestsForDescribeBlock (/Users/brianlong/Developer/summit/node_modules/.pnpm/jest-circus@29.7.0_babel-plugin-macros@3.1.0/node_modules/jest-circus/build/run.js:121:9)
    at run (/Users/brianlong/Developer/summit/node_modules/.pnpm/jest-circus@29.7.0_babel-plugin-macros@3.1.0/node_modules/jest-circus/build/run.js:71:3)
    at runAndTransformResultsToJestFormat (/Users/brianlong/Developer/summit/node_modules/.pnpm/jest-circus@29.7.0_babel-plugin-macros@3.1.0/node_modules/jest-circus/build/legacy-code-todo-rewrite/jestAdapterInit.js:122:21)
    at jestAdapter (/Users/brianlong/Developer/summit/node_modules/.pnpm/jest-circus@29.7.0_babel-plugin-macros@3.1.0/node_modules/jest-circus/build/legacy-code-todo-rewrite/jestAdapter.js:79:19)
    at runTestInternal (/Users/brianlong/Developer/summit/node_modules/.pnpm/jest-runner@29.7.0/node_modules/jest-runner/build/runTest.js:367:16)
    at runTest (/Users/brianlong/Developer/summit/node_modules/.pnpm/jest-runner@29.7.0/node_modules/jest-runner/build/runTest.js:444:34)
    at Object.worker (/Users/brianlong/Developer/summit/node_modules/.pnpm/jest-runner@29.7.0/node_modules/jest-runner/build/testWorker.js:106:12)</failure>
    </testcase>
    <testcase classname="RedTeamSimulator should handle engine failure" name="RedTeamSimulator should handle engine failure" time="0">
      <failure>TypeError: RedTeamSimulator_1.RedTeamSimulator is not a constructor
    at Object.&lt;anonymous&gt; (/Users/brianlong/Developer/summit/server/src/services/__tests__/RedTeamSimulator.test.ts:39:24)
    at Promise.then.completed (/Users/brianlong/Developer/summit/node_modules/.pnpm/jest-circus@29.7.0_babel-plugin-macros@3.1.0/node_modules/jest-circus/build/utils.js:298:28)
    at new Promise (&lt;anonymous&gt;)
    at callAsyncCircusFn (/Users/brianlong/Developer/summit/node_modules/.pnpm/jest-circus@29.7.0_babel-plugin-macros@3.1.0/node_modules/jest-circus/build/utils.js:231:10)
    at _callCircusHook (/Users/brianlong/Developer/summit/node_modules/.pnpm/jest-circus@29.7.0_babel-plugin-macros@3.1.0/node_modules/jest-circus/build/run.js:281:40)
    at processTicksAndRejections (node:internal/process/task_queues:95:5)
    at _runTest (/Users/brianlong/Developer/summit/node_modules/.pnpm/jest-circus@29.7.0_babel-plugin-macros@3.1.0/node_modules/jest-circus/build/run.js:246:5)
    at _runTestsForDescribeBlock (/Users/brianlong/Developer/summit/node_modules/.pnpm/jest-circus@29.7.0_babel-plugin-macros@3.1.0/node_modules/jest-circus/build/run.js:126:9)
    at _runTestsForDescribeBlock (/Users/brianlong/Developer/summit/node_modules/.pnpm/jest-circus@29.7.0_babel-plugin-macros@3.1.0/node_modules/jest-circus/build/run.js:121:9)
    at run (/Users/brianlong/Developer/summit/node_modules/.pnpm/jest-circus@29.7.0_babel-plugin-macros@3.1.0/node_modules/jest-circus/build/run.js:71:3)
    at runAndTransformResultsToJestFormat (/Users/brianlong/Developer/summit/node_modules/.pnpm/jest-circus@29.7.0_babel-plugin-macros@3.1.0/node_modules/jest-circus/build/legacy-code-todo-rewrite/jestAdapterInit.js:122:21)
    at jestAdapter (/Users/brianlong/Developer/summit/node_modules/.pnpm/jest-circus@29.7.0_babel-plugin-macros@3.1.0/node_modules/jest-circus/build/legacy-code-todo-rewrite/jestAdapter.js:79:19)
    at runTestInternal (/Users/brianlong/Developer/summit/node_modules/.pnpm/jest-runner@29.7.0/node_modules/jest-runner/build/runTest.js:367:16)
    at runTest (/Users/brianlong/Developer/summit/node_modules/.pnpm/jest-runner@29.7.0/node_modules/jest-runner/build/runTest.js:444:34)
    at Object.worker (/Users/brianlong/Developer/summit/node_modules/.pnpm/jest-runner@29.7.0/node_modules/jest-runner/build/testWorker.js:106:12)</failure>
    </testcase>
    <testcase classname="RedTeamSimulator should retrieve campaign status" name="RedTeamSimulator should retrieve campaign status" time="0">
      <failure>TypeError: RedTeamSimulator_1.RedTeamSimulator is not a constructor
    at Object.&lt;anonymous&gt; (/Users/brianlong/Developer/summit/server/src/services/__tests__/RedTeamSimulator.test.ts:39:24)
    at Promise.then.completed (/Users/brianlong/Developer/summit/node_modules/.pnpm/jest-circus@29.7.0_babel-plugin-macros@3.1.0/node_modules/jest-circus/build/utils.js:298:28)
    at new Promise (&lt;anonymous&gt;)
    at callAsyncCircusFn (/Users/brianlong/Developer/summit/node_modules/.pnpm/jest-circus@29.7.0_babel-plugin-macros@3.1.0/node_modules/jest-circus/build/utils.js:231:10)
    at _callCircusHook (/Users/brianlong/Developer/summit/node_modules/.pnpm/jest-circus@29.7.0_babel-plugin-macros@3.1.0/node_modules/jest-circus/build/run.js:281:40)
    at processTicksAndRejections (node:internal/process/task_queues:95:5)
    at _runTest (/Users/brianlong/Developer/summit/node_modules/.pnpm/jest-circus@29.7.0_babel-plugin-macros@3.1.0/node_modules/jest-circus/build/run.js:246:5)
    at _runTestsForDescribeBlock (/Users/brianlong/Developer/summit/node_modules/.pnpm/jest-circus@29.7.0_babel-plugin-macros@3.1.0/node_modules/jest-circus/build/run.js:126:9)
    at _runTestsForDescribeBlock (/Users/brianlong/Developer/summit/node_modules/.pnpm/jest-circus@29.7.0_babel-plugin-macros@3.1.0/node_modules/jest-circus/build/run.js:121:9)
    at run (/Users/brianlong/Developer/summit/node_modules/.pnpm/jest-circus@29.7.0_babel-plugin-macros@3.1.0/node_modules/jest-circus/build/run.js:71:3)
    at runAndTransformResultsToJestFormat (/Users/brianlong/Developer/summit/node_modules/.pnpm/jest-circus@29.7.0_babel-plugin-macros@3.1.0/node_modules/jest-circus/build/legacy-code-todo-rewrite/jestAdapterInit.js:122:21)
    at jestAdapter (/Users/brianlong/Developer/summit/node_modules/.pnpm/jest-circus@29.7.0_babel-plugin-macros@3.1.0/node_modules/jest-circus/build/legacy-code-todo-rewrite/jestAdapter.js:79:19)
    at runTestInternal (/Users/brianlong/Developer/summit/node_modules/.pnpm/jest-runner@29.7.0/node_modules/jest-runner/build/runTest.js:367:16)
    at runTest (/Users/brianlong/Developer/summit/node_modules/.pnpm/jest-runner@29.7.0/node_modules/jest-runner/build/runTest.js:444:34)
    at Object.worker (/Users/brianlong/Developer/summit/node_modules/.pnpm/jest-runner@29.7.0/node_modules/jest-runner/build/testWorker.js:106:12)</failure>
    </testcase>
  </testsuite>
  <testsuite name="QuantumResistantCryptoService" errors="0" failures="19" skipped="0" timestamp="2025-12-25T23:10:59" time="5.078" tests="24">
    <testcase classname="QuantumResistantCryptoService Key Generation should generate a Kyber-768 key pair" name="QuantumResistantCryptoService Key Generation should generate a Kyber-768 key pair" time="0.002">
      <failure>TypeError: Cannot read properties of undefined (reading &apos;generateKeyPair&apos;)
    at QuantumResistantCryptoService.generateKeyPair (/Users/brianlong/Developer/summit/server/src/services/QuantumResistantCryptoService.ts:161:41)
    at Object.&lt;anonymous&gt; (/Users/brianlong/Developer/summit/server/src/services/__tests__/QuantumResistantCryptoService.test.ts:138:33)
    at Promise.then.completed (/Users/brianlong/Developer/summit/node_modules/.pnpm/jest-circus@29.7.0_babel-plugin-macros@3.1.0/node_modules/jest-circus/build/utils.js:298:28)
    at new Promise (&lt;anonymous&gt;)
    at callAsyncCircusFn (/Users/brianlong/Developer/summit/node_modules/.pnpm/jest-circus@29.7.0_babel-plugin-macros@3.1.0/node_modules/jest-circus/build/utils.js:231:10)
    at _callCircusTest (/Users/brianlong/Developer/summit/node_modules/.pnpm/jest-circus@29.7.0_babel-plugin-macros@3.1.0/node_modules/jest-circus/build/run.js:316:40)
    at processTicksAndRejections (node:internal/process/task_queues:95:5)
    at _runTest (/Users/brianlong/Developer/summit/node_modules/.pnpm/jest-circus@29.7.0_babel-plugin-macros@3.1.0/node_modules/jest-circus/build/run.js:252:3)
    at _runTestsForDescribeBlock (/Users/brianlong/Developer/summit/node_modules/.pnpm/jest-circus@29.7.0_babel-plugin-macros@3.1.0/node_modules/jest-circus/build/run.js:126:9)
    at _runTestsForDescribeBlock (/Users/brianlong/Developer/summit/node_modules/.pnpm/jest-circus@29.7.0_babel-plugin-macros@3.1.0/node_modules/jest-circus/build/run.js:121:9)
    at _runTestsForDescribeBlock (/Users/brianlong/Developer/summit/node_modules/.pnpm/jest-circus@29.7.0_babel-plugin-macros@3.1.0/node_modules/jest-circus/build/run.js:121:9)
    at run (/Users/brianlong/Developer/summit/node_modules/.pnpm/jest-circus@29.7.0_babel-plugin-macros@3.1.0/node_modules/jest-circus/build/run.js:71:3)
    at runAndTransformResultsToJestFormat (/Users/brianlong/Developer/summit/node_modules/.pnpm/jest-circus@29.7.0_babel-plugin-macros@3.1.0/node_modules/jest-circus/build/legacy-code-todo-rewrite/jestAdapterInit.js:122:21)
    at jestAdapter (/Users/brianlong/Developer/summit/node_modules/.pnpm/jest-circus@29.7.0_babel-plugin-macros@3.1.0/node_modules/jest-circus/build/legacy-code-todo-rewrite/jestAdapter.js:79:19)
    at runTestInternal (/Users/brianlong/Developer/summit/node_modules/.pnpm/jest-runner@29.7.0/node_modules/jest-runner/build/runTest.js:367:16)
    at runTest (/Users/brianlong/Developer/summit/node_modules/.pnpm/jest-runner@29.7.0/node_modules/jest-runner/build/runTest.js:444:34)
    at Object.worker (/Users/brianlong/Developer/summit/node_modules/.pnpm/jest-runner@29.7.0/node_modules/jest-runner/build/testWorker.js:106:12)</failure>
    </testcase>
    <testcase classname="QuantumResistantCryptoService Key Generation should generate key with custom keyId" name="QuantumResistantCryptoService Key Generation should generate key with custom keyId" time="0">
      <failure>TypeError: Cannot read properties of undefined (reading &apos;generateKeyPair&apos;)
    at QuantumResistantCryptoService.generateKeyPair (/Users/brianlong/Developer/summit/server/src/services/QuantumResistantCryptoService.ts:161:41)
    at Object.&lt;anonymous&gt; (/Users/brianlong/Developer/summit/server/src/services/__tests__/QuantumResistantCryptoService.test.ts:148:33)
    at Promise.then.completed (/Users/brianlong/Developer/summit/node_modules/.pnpm/jest-circus@29.7.0_babel-plugin-macros@3.1.0/node_modules/jest-circus/build/utils.js:298:28)
    at new Promise (&lt;anonymous&gt;)
    at callAsyncCircusFn (/Users/brianlong/Developer/summit/node_modules/.pnpm/jest-circus@29.7.0_babel-plugin-macros@3.1.0/node_modules/jest-circus/build/utils.js:231:10)
    at _callCircusTest (/Users/brianlong/Developer/summit/node_modules/.pnpm/jest-circus@29.7.0_babel-plugin-macros@3.1.0/node_modules/jest-circus/build/run.js:316:40)
    at processTicksAndRejections (node:internal/process/task_queues:95:5)
    at _runTest (/Users/brianlong/Developer/summit/node_modules/.pnpm/jest-circus@29.7.0_babel-plugin-macros@3.1.0/node_modules/jest-circus/build/run.js:252:3)
    at _runTestsForDescribeBlock (/Users/brianlong/Developer/summit/node_modules/.pnpm/jest-circus@29.7.0_babel-plugin-macros@3.1.0/node_modules/jest-circus/build/run.js:126:9)
    at _runTestsForDescribeBlock (/Users/brianlong/Developer/summit/node_modules/.pnpm/jest-circus@29.7.0_babel-plugin-macros@3.1.0/node_modules/jest-circus/build/run.js:121:9)
    at _runTestsForDescribeBlock (/Users/brianlong/Developer/summit/node_modules/.pnpm/jest-circus@29.7.0_babel-plugin-macros@3.1.0/node_modules/jest-circus/build/run.js:121:9)
    at run (/Users/brianlong/Developer/summit/node_modules/.pnpm/jest-circus@29.7.0_babel-plugin-macros@3.1.0/node_modules/jest-circus/build/run.js:71:3)
    at runAndTransformResultsToJestFormat (/Users/brianlong/Developer/summit/node_modules/.pnpm/jest-circus@29.7.0_babel-plugin-macros@3.1.0/node_modules/jest-circus/build/legacy-code-todo-rewrite/jestAdapterInit.js:122:21)
    at jestAdapter (/Users/brianlong/Developer/summit/node_modules/.pnpm/jest-circus@29.7.0_babel-plugin-macros@3.1.0/node_modules/jest-circus/build/legacy-code-todo-rewrite/jestAdapter.js:79:19)
    at runTestInternal (/Users/brianlong/Developer/summit/node_modules/.pnpm/jest-runner@29.7.0/node_modules/jest-runner/build/runTest.js:367:16)
    at runTest (/Users/brianlong/Developer/summit/node_modules/.pnpm/jest-runner@29.7.0/node_modules/jest-runner/build/runTest.js:444:34)
    at Object.worker (/Users/brianlong/Developer/summit/node_modules/.pnpm/jest-runner@29.7.0/node_modules/jest-runner/build/testWorker.js:106:12)</failure>
    </testcase>
    <testcase classname="QuantumResistantCryptoService Key Generation should generate key with expiration" name="QuantumResistantCryptoService Key Generation should generate key with expiration" time="0">
      <failure>TypeError: Cannot read properties of undefined (reading &apos;generateKeyPair&apos;)
    at QuantumResistantCryptoService.generateKeyPair (/Users/brianlong/Developer/summit/server/src/services/QuantumResistantCryptoService.ts:161:41)
    at Object.&lt;anonymous&gt; (/Users/brianlong/Developer/summit/server/src/services/__tests__/QuantumResistantCryptoService.test.ts:156:33)
    at Promise.then.completed (/Users/brianlong/Developer/summit/node_modules/.pnpm/jest-circus@29.7.0_babel-plugin-macros@3.1.0/node_modules/jest-circus/build/utils.js:298:28)
    at new Promise (&lt;anonymous&gt;)
    at callAsyncCircusFn (/Users/brianlong/Developer/summit/node_modules/.pnpm/jest-circus@29.7.0_babel-plugin-macros@3.1.0/node_modules/jest-circus/build/utils.js:231:10)
    at _callCircusTest (/Users/brianlong/Developer/summit/node_modules/.pnpm/jest-circus@29.7.0_babel-plugin-macros@3.1.0/node_modules/jest-circus/build/run.js:316:40)
    at processTicksAndRejections (node:internal/process/task_queues:95:5)
    at _runTest (/Users/brianlong/Developer/summit/node_modules/.pnpm/jest-circus@29.7.0_babel-plugin-macros@3.1.0/node_modules/jest-circus/build/run.js:252:3)
    at _runTestsForDescribeBlock (/Users/brianlong/Developer/summit/node_modules/.pnpm/jest-circus@29.7.0_babel-plugin-macros@3.1.0/node_modules/jest-circus/build/run.js:126:9)
    at _runTestsForDescribeBlock (/Users/brianlong/Developer/summit/node_modules/.pnpm/jest-circus@29.7.0_babel-plugin-macros@3.1.0/node_modules/jest-circus/build/run.js:121:9)
    at _runTestsForDescribeBlock (/Users/brianlong/Developer/summit/node_modules/.pnpm/jest-circus@29.7.0_babel-plugin-macros@3.1.0/node_modules/jest-circus/build/run.js:121:9)
    at run (/Users/brianlong/Developer/summit/node_modules/.pnpm/jest-circus@29.7.0_babel-plugin-macros@3.1.0/node_modules/jest-circus/build/run.js:71:3)
    at runAndTransformResultsToJestFormat (/Users/brianlong/Developer/summit/node_modules/.pnpm/jest-circus@29.7.0_babel-plugin-macros@3.1.0/node_modules/jest-circus/build/legacy-code-todo-rewrite/jestAdapterInit.js:122:21)
    at jestAdapter (/Users/brianlong/Developer/summit/node_modules/.pnpm/jest-circus@29.7.0_babel-plugin-macros@3.1.0/node_modules/jest-circus/build/legacy-code-todo-rewrite/jestAdapter.js:79:19)
    at runTestInternal (/Users/brianlong/Developer/summit/node_modules/.pnpm/jest-runner@29.7.0/node_modules/jest-runner/build/runTest.js:367:16)
    at runTest (/Users/brianlong/Developer/summit/node_modules/.pnpm/jest-runner@29.7.0/node_modules/jest-runner/build/runTest.js:444:34)
    at Object.worker (/Users/brianlong/Developer/summit/node_modules/.pnpm/jest-runner@29.7.0/node_modules/jest-runner/build/testWorker.js:106:12)</failure>
    </testcase>
    <testcase classname="QuantumResistantCryptoService Key Generation should generate hybrid key pair" name="QuantumResistantCryptoService Key Generation should generate hybrid key pair" time="0.001">
      <failure>TypeError: Cannot read properties of undefined (reading &apos;generateKeyPair&apos;)
    at QuantumResistantCryptoService.generateHybridKeyPair (/Users/brianlong/Developer/summit/server/src/services/QuantumResistantCryptoService.ts:446:39)
    at Object.&lt;anonymous&gt; (/Users/brianlong/Developer/summit/server/src/services/__tests__/QuantumResistantCryptoService.test.ts:165:33)
    at Promise.then.completed (/Users/brianlong/Developer/summit/node_modules/.pnpm/jest-circus@29.7.0_babel-plugin-macros@3.1.0/node_modules/jest-circus/build/utils.js:298:28)
    at new Promise (&lt;anonymous&gt;)
    at callAsyncCircusFn (/Users/brianlong/Developer/summit/node_modules/.pnpm/jest-circus@29.7.0_babel-plugin-macros@3.1.0/node_modules/jest-circus/build/utils.js:231:10)
    at _callCircusTest (/Users/brianlong/Developer/summit/node_modules/.pnpm/jest-circus@29.7.0_babel-plugin-macros@3.1.0/node_modules/jest-circus/build/run.js:316:40)
    at processTicksAndRejections (node:internal/process/task_queues:95:5)
    at _runTest (/Users/brianlong/Developer/summit/node_modules/.pnpm/jest-circus@29.7.0_babel-plugin-macros@3.1.0/node_modules/jest-circus/build/run.js:252:3)
    at _runTestsForDescribeBlock (/Users/brianlong/Developer/summit/node_modules/.pnpm/jest-circus@29.7.0_babel-plugin-macros@3.1.0/node_modules/jest-circus/build/run.js:126:9)
    at _runTestsForDescribeBlock (/Users/brianlong/Developer/summit/node_modules/.pnpm/jest-circus@29.7.0_babel-plugin-macros@3.1.0/node_modules/jest-circus/build/run.js:121:9)
    at _runTestsForDescribeBlock (/Users/brianlong/Developer/summit/node_modules/.pnpm/jest-circus@29.7.0_babel-plugin-macros@3.1.0/node_modules/jest-circus/build/run.js:121:9)
    at run (/Users/brianlong/Developer/summit/node_modules/.pnpm/jest-circus@29.7.0_babel-plugin-macros@3.1.0/node_modules/jest-circus/build/run.js:71:3)
    at runAndTransformResultsToJestFormat (/Users/brianlong/Developer/summit/node_modules/.pnpm/jest-circus@29.7.0_babel-plugin-macros@3.1.0/node_modules/jest-circus/build/legacy-code-todo-rewrite/jestAdapterInit.js:122:21)
    at jestAdapter (/Users/brianlong/Developer/summit/node_modules/.pnpm/jest-circus@29.7.0_babel-plugin-macros@3.1.0/node_modules/jest-circus/build/legacy-code-todo-rewrite/jestAdapter.js:79:19)
    at runTestInternal (/Users/brianlong/Developer/summit/node_modules/.pnpm/jest-runner@29.7.0/node_modules/jest-runner/build/runTest.js:367:16)
    at runTest (/Users/brianlong/Developer/summit/node_modules/.pnpm/jest-runner@29.7.0/node_modules/jest-runner/build/runTest.js:444:34)
    at Object.worker (/Users/brianlong/Developer/summit/node_modules/.pnpm/jest-runner@29.7.0/node_modules/jest-runner/build/testWorker.js:106:12)</failure>
    </testcase>
    <testcase classname="QuantumResistantCryptoService Key Store should retrieve a key by ID" name="QuantumResistantCryptoService Key Store should retrieve a key by ID" time="0">
      <failure>TypeError: Cannot read properties of undefined (reading &apos;generateKeyPair&apos;)
    at QuantumResistantCryptoService.generateKeyPair (/Users/brianlong/Developer/summit/server/src/services/QuantumResistantCryptoService.ts:161:41)
    at Object.&lt;anonymous&gt; (/Users/brianlong/Developer/summit/server/src/services/__tests__/QuantumResistantCryptoService.test.ts:174:39)
    at Promise.then.completed (/Users/brianlong/Developer/summit/node_modules/.pnpm/jest-circus@29.7.0_babel-plugin-macros@3.1.0/node_modules/jest-circus/build/utils.js:298:28)
    at new Promise (&lt;anonymous&gt;)
    at callAsyncCircusFn (/Users/brianlong/Developer/summit/node_modules/.pnpm/jest-circus@29.7.0_babel-plugin-macros@3.1.0/node_modules/jest-circus/build/utils.js:231:10)
    at _callCircusTest (/Users/brianlong/Developer/summit/node_modules/.pnpm/jest-circus@29.7.0_babel-plugin-macros@3.1.0/node_modules/jest-circus/build/run.js:316:40)
    at processTicksAndRejections (node:internal/process/task_queues:95:5)
    at _runTest (/Users/brianlong/Developer/summit/node_modules/.pnpm/jest-circus@29.7.0_babel-plugin-macros@3.1.0/node_modules/jest-circus/build/run.js:252:3)
    at _runTestsForDescribeBlock (/Users/brianlong/Developer/summit/node_modules/.pnpm/jest-circus@29.7.0_babel-plugin-macros@3.1.0/node_modules/jest-circus/build/run.js:126:9)
    at _runTestsForDescribeBlock (/Users/brianlong/Developer/summit/node_modules/.pnpm/jest-circus@29.7.0_babel-plugin-macros@3.1.0/node_modules/jest-circus/build/run.js:121:9)
    at _runTestsForDescribeBlock (/Users/brianlong/Developer/summit/node_modules/.pnpm/jest-circus@29.7.0_babel-plugin-macros@3.1.0/node_modules/jest-circus/build/run.js:121:9)
    at run (/Users/brianlong/Developer/summit/node_modules/.pnpm/jest-circus@29.7.0_babel-plugin-macros@3.1.0/node_modules/jest-circus/build/run.js:71:3)
    at runAndTransformResultsToJestFormat (/Users/brianlong/Developer/summit/node_modules/.pnpm/jest-circus@29.7.0_babel-plugin-macros@3.1.0/node_modules/jest-circus/build/legacy-code-todo-rewrite/jestAdapterInit.js:122:21)
    at jestAdapter (/Users/brianlong/Developer/summit/node_modules/.pnpm/jest-circus@29.7.0_babel-plugin-macros@3.1.0/node_modules/jest-circus/build/legacy-code-todo-rewrite/jestAdapter.js:79:19)
    at runTestInternal (/Users/brianlong/Developer/summit/node_modules/.pnpm/jest-runner@29.7.0/node_modules/jest-runner/build/runTest.js:367:16)
    at runTest (/Users/brianlong/Developer/summit/node_modules/.pnpm/jest-runner@29.7.0/node_modules/jest-runner/build/runTest.js:444:34)
    at Object.worker (/Users/brianlong/Developer/summit/node_modules/.pnpm/jest-runner@29.7.0/node_modules/jest-runner/build/testWorker.js:106:12)</failure>
    </testcase>
    <testcase classname="QuantumResistantCryptoService Key Store should return undefined for non-existent key" name="QuantumResistantCryptoService Key Store should return undefined for non-existent key" time="0">
    </testcase>
    <testcase classname="QuantumResistantCryptoService Key Store should list all keys" name="QuantumResistantCryptoService Key Store should list all keys" time="0">
      <failure>TypeError: Cannot read properties of undefined (reading &apos;generateKeyPair&apos;)
    at QuantumResistantCryptoService.generateKeyPair (/Users/brianlong/Developer/summit/server/src/services/QuantumResistantCryptoService.ts:161:41)
    at Object.&lt;anonymous&gt; (/Users/brianlong/Developer/summit/server/src/services/__tests__/QuantumResistantCryptoService.test.ts:187:21)
    at Promise.then.completed (/Users/brianlong/Developer/summit/node_modules/.pnpm/jest-circus@29.7.0_babel-plugin-macros@3.1.0/node_modules/jest-circus/build/utils.js:298:28)
    at new Promise (&lt;anonymous&gt;)
    at callAsyncCircusFn (/Users/brianlong/Developer/summit/node_modules/.pnpm/jest-circus@29.7.0_babel-plugin-macros@3.1.0/node_modules/jest-circus/build/utils.js:231:10)
    at _callCircusTest (/Users/brianlong/Developer/summit/node_modules/.pnpm/jest-circus@29.7.0_babel-plugin-macros@3.1.0/node_modules/jest-circus/build/run.js:316:40)
    at processTicksAndRejections (node:internal/process/task_queues:95:5)
    at _runTest (/Users/brianlong/Developer/summit/node_modules/.pnpm/jest-circus@29.7.0_babel-plugin-macros@3.1.0/node_modules/jest-circus/build/run.js:252:3)
    at _runTestsForDescribeBlock (/Users/brianlong/Developer/summit/node_modules/.pnpm/jest-circus@29.7.0_babel-plugin-macros@3.1.0/node_modules/jest-circus/build/run.js:126:9)
    at _runTestsForDescribeBlock (/Users/brianlong/Developer/summit/node_modules/.pnpm/jest-circus@29.7.0_babel-plugin-macros@3.1.0/node_modules/jest-circus/build/run.js:121:9)
    at _runTestsForDescribeBlock (/Users/brianlong/Developer/summit/node_modules/.pnpm/jest-circus@29.7.0_babel-plugin-macros@3.1.0/node_modules/jest-circus/build/run.js:121:9)
    at run (/Users/brianlong/Developer/summit/node_modules/.pnpm/jest-circus@29.7.0_babel-plugin-macros@3.1.0/node_modules/jest-circus/build/run.js:71:3)
    at runAndTransformResultsToJestFormat (/Users/brianlong/Developer/summit/node_modules/.pnpm/jest-circus@29.7.0_babel-plugin-macros@3.1.0/node_modules/jest-circus/build/legacy-code-todo-rewrite/jestAdapterInit.js:122:21)
    at jestAdapter (/Users/brianlong/Developer/summit/node_modules/.pnpm/jest-circus@29.7.0_babel-plugin-macros@3.1.0/node_modules/jest-circus/build/legacy-code-todo-rewrite/jestAdapter.js:79:19)
    at runTestInternal (/Users/brianlong/Developer/summit/node_modules/.pnpm/jest-runner@29.7.0/node_modules/jest-runner/build/runTest.js:367:16)
    at runTest (/Users/brianlong/Developer/summit/node_modules/.pnpm/jest-runner@29.7.0/node_modules/jest-runner/build/runTest.js:444:34)
    at Object.worker (/Users/brianlong/Developer/summit/node_modules/.pnpm/jest-runner@29.7.0/node_modules/jest-runner/build/testWorker.js:106:12)</failure>
    </testcase>
    <testcase classname="QuantumResistantCryptoService Key Store should delete a key" name="QuantumResistantCryptoService Key Store should delete a key" time="0">
      <failure>TypeError: Cannot read properties of undefined (reading &apos;generateKeyPair&apos;)
    at QuantumResistantCryptoService.generateKeyPair (/Users/brianlong/Developer/summit/server/src/services/QuantumResistantCryptoService.ts:161:41)
    at Object.&lt;anonymous&gt; (/Users/brianlong/Developer/summit/server/src/services/__tests__/QuantumResistantCryptoService.test.ts:195:33)
    at Promise.then.completed (/Users/brianlong/Developer/summit/node_modules/.pnpm/jest-circus@29.7.0_babel-plugin-macros@3.1.0/node_modules/jest-circus/build/utils.js:298:28)
    at new Promise (&lt;anonymous&gt;)
    at callAsyncCircusFn (/Users/brianlong/Developer/summit/node_modules/.pnpm/jest-circus@29.7.0_babel-plugin-macros@3.1.0/node_modules/jest-circus/build/utils.js:231:10)
    at _callCircusTest (/Users/brianlong/Developer/summit/node_modules/.pnpm/jest-circus@29.7.0_babel-plugin-macros@3.1.0/node_modules/jest-circus/build/run.js:316:40)
    at processTicksAndRejections (node:internal/process/task_queues:95:5)
    at _runTest (/Users/brianlong/Developer/summit/node_modules/.pnpm/jest-circus@29.7.0_babel-plugin-macros@3.1.0/node_modules/jest-circus/build/run.js:252:3)
    at _runTestsForDescribeBlock (/Users/brianlong/Developer/summit/node_modules/.pnpm/jest-circus@29.7.0_babel-plugin-macros@3.1.0/node_modules/jest-circus/build/run.js:126:9)
    at _runTestsForDescribeBlock (/Users/brianlong/Developer/summit/node_modules/.pnpm/jest-circus@29.7.0_babel-plugin-macros@3.1.0/node_modules/jest-circus/build/run.js:121:9)
    at _runTestsForDescribeBlock (/Users/brianlong/Developer/summit/node_modules/.pnpm/jest-circus@29.7.0_babel-plugin-macros@3.1.0/node_modules/jest-circus/build/run.js:121:9)
    at run (/Users/brianlong/Developer/summit/node_modules/.pnpm/jest-circus@29.7.0_babel-plugin-macros@3.1.0/node_modules/jest-circus/build/run.js:71:3)
    at runAndTransformResultsToJestFormat (/Users/brianlong/Developer/summit/node_modules/.pnpm/jest-circus@29.7.0_babel-plugin-macros@3.1.0/node_modules/jest-circus/build/legacy-code-todo-rewrite/jestAdapterInit.js:122:21)
    at jestAdapter (/Users/brianlong/Developer/summit/node_modules/.pnpm/jest-circus@29.7.0_babel-plugin-macros@3.1.0/node_modules/jest-circus/build/legacy-code-todo-rewrite/jestAdapter.js:79:19)
    at runTestInternal (/Users/brianlong/Developer/summit/node_modules/.pnpm/jest-runner@29.7.0/node_modules/jest-runner/build/runTest.js:367:16)
    at runTest (/Users/brianlong/Developer/summit/node_modules/.pnpm/jest-runner@29.7.0/node_modules/jest-runner/build/runTest.js:444:34)
    at Object.worker (/Users/brianlong/Developer/summit/node_modules/.pnpm/jest-runner@29.7.0/node_modules/jest-runner/build/testWorker.js:106:12)</failure>
    </testcase>
    <testcase classname="QuantumResistantCryptoService Key Store should get public key only" name="QuantumResistantCryptoService Key Store should get public key only" time="0">
      <failure>TypeError: Cannot read properties of undefined (reading &apos;generateKeyPair&apos;)
    at QuantumResistantCryptoService.generateKeyPair (/Users/brianlong/Developer/summit/server/src/services/QuantumResistantCryptoService.ts:161:41)
    at Object.&lt;anonymous&gt; (/Users/brianlong/Developer/summit/server/src/services/__tests__/QuantumResistantCryptoService.test.ts:203:33)
    at Promise.then.completed (/Users/brianlong/Developer/summit/node_modules/.pnpm/jest-circus@29.7.0_babel-plugin-macros@3.1.0/node_modules/jest-circus/build/utils.js:298:28)
    at new Promise (&lt;anonymous&gt;)
    at callAsyncCircusFn (/Users/brianlong/Developer/summit/node_modules/.pnpm/jest-circus@29.7.0_babel-plugin-macros@3.1.0/node_modules/jest-circus/build/utils.js:231:10)
    at _callCircusTest (/Users/brianlong/Developer/summit/node_modules/.pnpm/jest-circus@29.7.0_babel-plugin-macros@3.1.0/node_modules/jest-circus/build/run.js:316:40)
    at processTicksAndRejections (node:internal/process/task_queues:95:5)
    at _runTest (/Users/brianlong/Developer/summit/node_modules/.pnpm/jest-circus@29.7.0_babel-plugin-macros@3.1.0/node_modules/jest-circus/build/run.js:252:3)
    at _runTestsForDescribeBlock (/Users/brianlong/Developer/summit/node_modules/.pnpm/jest-circus@29.7.0_babel-plugin-macros@3.1.0/node_modules/jest-circus/build/run.js:126:9)
    at _runTestsForDescribeBlock (/Users/brianlong/Developer/summit/node_modules/.pnpm/jest-circus@29.7.0_babel-plugin-macros@3.1.0/node_modules/jest-circus/build/run.js:121:9)
    at _runTestsForDescribeBlock (/Users/brianlong/Developer/summit/node_modules/.pnpm/jest-circus@29.7.0_babel-plugin-macros@3.1.0/node_modules/jest-circus/build/run.js:121:9)
    at run (/Users/brianlong/Developer/summit/node_modules/.pnpm/jest-circus@29.7.0_babel-plugin-macros@3.1.0/node_modules/jest-circus/build/run.js:71:3)
    at runAndTransformResultsToJestFormat (/Users/brianlong/Developer/summit/node_modules/.pnpm/jest-circus@29.7.0_babel-plugin-macros@3.1.0/node_modules/jest-circus/build/legacy-code-todo-rewrite/jestAdapterInit.js:122:21)
    at jestAdapter (/Users/brianlong/Developer/summit/node_modules/.pnpm/jest-circus@29.7.0_babel-plugin-macros@3.1.0/node_modules/jest-circus/build/legacy-code-todo-rewrite/jestAdapter.js:79:19)
    at runTestInternal (/Users/brianlong/Developer/summit/node_modules/.pnpm/jest-runner@29.7.0/node_modules/jest-runner/build/runTest.js:367:16)
    at runTest (/Users/brianlong/Developer/summit/node_modules/.pnpm/jest-runner@29.7.0/node_modules/jest-runner/build/runTest.js:444:34)
    at Object.worker (/Users/brianlong/Developer/summit/node_modules/.pnpm/jest-runner@29.7.0/node_modules/jest-runner/build/testWorker.js:106:12)</failure>
    </testcase>
    <testcase classname="QuantumResistantCryptoService KEM Operations should encapsulate with valid key" name="QuantumResistantCryptoService KEM Operations should encapsulate with valid key" time="0">
      <failure>TypeError: Cannot read properties of undefined (reading &apos;generateKeyPair&apos;)
    at QuantumResistantCryptoService.generateKeyPair (/Users/brianlong/Developer/summit/server/src/services/QuantumResistantCryptoService.ts:161:41)
    at Object.&lt;anonymous&gt; (/Users/brianlong/Developer/summit/server/src/services/__tests__/QuantumResistantCryptoService.test.ts:213:33)
    at Promise.then.completed (/Users/brianlong/Developer/summit/node_modules/.pnpm/jest-circus@29.7.0_babel-plugin-macros@3.1.0/node_modules/jest-circus/build/utils.js:298:28)
    at new Promise (&lt;anonymous&gt;)
    at callAsyncCircusFn (/Users/brianlong/Developer/summit/node_modules/.pnpm/jest-circus@29.7.0_babel-plugin-macros@3.1.0/node_modules/jest-circus/build/utils.js:231:10)
    at _callCircusTest (/Users/brianlong/Developer/summit/node_modules/.pnpm/jest-circus@29.7.0_babel-plugin-macros@3.1.0/node_modules/jest-circus/build/run.js:316:40)
    at processTicksAndRejections (node:internal/process/task_queues:95:5)
    at _runTest (/Users/brianlong/Developer/summit/node_modules/.pnpm/jest-circus@29.7.0_babel-plugin-macros@3.1.0/node_modules/jest-circus/build/run.js:252:3)
    at _runTestsForDescribeBlock (/Users/brianlong/Developer/summit/node_modules/.pnpm/jest-circus@29.7.0_babel-plugin-macros@3.1.0/node_modules/jest-circus/build/run.js:126:9)
    at _runTestsForDescribeBlock (/Users/brianlong/Developer/summit/node_modules/.pnpm/jest-circus@29.7.0_babel-plugin-macros@3.1.0/node_modules/jest-circus/build/run.js:121:9)
    at _runTestsForDescribeBlock (/Users/brianlong/Developer/summit/node_modules/.pnpm/jest-circus@29.7.0_babel-plugin-macros@3.1.0/node_modules/jest-circus/build/run.js:121:9)
    at run (/Users/brianlong/Developer/summit/node_modules/.pnpm/jest-circus@29.7.0_babel-plugin-macros@3.1.0/node_modules/jest-circus/build/run.js:71:3)
    at runAndTransformResultsToJestFormat (/Users/brianlong/Developer/summit/node_modules/.pnpm/jest-circus@29.7.0_babel-plugin-macros@3.1.0/node_modules/jest-circus/build/legacy-code-todo-rewrite/jestAdapterInit.js:122:21)
    at jestAdapter (/Users/brianlong/Developer/summit/node_modules/.pnpm/jest-circus@29.7.0_babel-plugin-macros@3.1.0/node_modules/jest-circus/build/legacy-code-todo-rewrite/jestAdapter.js:79:19)
    at runTestInternal (/Users/brianlong/Developer/summit/node_modules/.pnpm/jest-runner@29.7.0/node_modules/jest-runner/build/runTest.js:367:16)
    at runTest (/Users/brianlong/Developer/summit/node_modules/.pnpm/jest-runner@29.7.0/node_modules/jest-runner/build/runTest.js:444:34)
    at Object.worker (/Users/brianlong/Developer/summit/node_modules/.pnpm/jest-runner@29.7.0/node_modules/jest-runner/build/testWorker.js:106:12)</failure>
    </testcase>
    <testcase classname="QuantumResistantCryptoService KEM Operations should decapsulate with valid inputs" name="QuantumResistantCryptoService KEM Operations should decapsulate with valid inputs" time="0">
      <failure>TypeError: Cannot read properties of undefined (reading &apos;generateKeyPair&apos;)
    at QuantumResistantCryptoService.generateKeyPair (/Users/brianlong/Developer/summit/server/src/services/QuantumResistantCryptoService.ts:161:41)
    at Object.&lt;anonymous&gt; (/Users/brianlong/Developer/summit/server/src/services/__tests__/QuantumResistantCryptoService.test.ts:221:33)
    at Promise.then.completed (/Users/brianlong/Developer/summit/node_modules/.pnpm/jest-circus@29.7.0_babel-plugin-macros@3.1.0/node_modules/jest-circus/build/utils.js:298:28)
    at new Promise (&lt;anonymous&gt;)
    at callAsyncCircusFn (/Users/brianlong/Developer/summit/node_modules/.pnpm/jest-circus@29.7.0_babel-plugin-macros@3.1.0/node_modules/jest-circus/build/utils.js:231:10)
    at _callCircusTest (/Users/brianlong/Developer/summit/node_modules/.pnpm/jest-circus@29.7.0_babel-plugin-macros@3.1.0/node_modules/jest-circus/build/run.js:316:40)
    at processTicksAndRejections (node:internal/process/task_queues:95:5)
    at _runTest (/Users/brianlong/Developer/summit/node_modules/.pnpm/jest-circus@29.7.0_babel-plugin-macros@3.1.0/node_modules/jest-circus/build/run.js:252:3)
    at _runTestsForDescribeBlock (/Users/brianlong/Developer/summit/node_modules/.pnpm/jest-circus@29.7.0_babel-plugin-macros@3.1.0/node_modules/jest-circus/build/run.js:126:9)
    at _runTestsForDescribeBlock (/Users/brianlong/Developer/summit/node_modules/.pnpm/jest-circus@29.7.0_babel-plugin-macros@3.1.0/node_modules/jest-circus/build/run.js:121:9)
    at _runTestsForDescribeBlock (/Users/brianlong/Developer/summit/node_modules/.pnpm/jest-circus@29.7.0_babel-plugin-macros@3.1.0/node_modules/jest-circus/build/run.js:121:9)
    at run (/Users/brianlong/Developer/summit/node_modules/.pnpm/jest-circus@29.7.0_babel-plugin-macros@3.1.0/node_modules/jest-circus/build/run.js:71:3)
    at runAndTransformResultsToJestFormat (/Users/brianlong/Developer/summit/node_modules/.pnpm/jest-circus@29.7.0_babel-plugin-macros@3.1.0/node_modules/jest-circus/build/legacy-code-todo-rewrite/jestAdapterInit.js:122:21)
    at jestAdapter (/Users/brianlong/Developer/summit/node_modules/.pnpm/jest-circus@29.7.0_babel-plugin-macros@3.1.0/node_modules/jest-circus/build/legacy-code-todo-rewrite/jestAdapter.js:79:19)
    at runTestInternal (/Users/brianlong/Developer/summit/node_modules/.pnpm/jest-runner@29.7.0/node_modules/jest-runner/build/runTest.js:367:16)
    at runTest (/Users/brianlong/Developer/summit/node_modules/.pnpm/jest-runner@29.7.0/node_modules/jest-runner/build/runTest.js:444:34)
    at Object.worker (/Users/brianlong/Developer/summit/node_modules/.pnpm/jest-runner@29.7.0/node_modules/jest-runner/build/testWorker.js:106:12)</failure>
    </testcase>
    <testcase classname="QuantumResistantCryptoService KEM Operations should throw error for non-existent key" name="QuantumResistantCryptoService KEM Operations should throw error for non-existent key" time="0">
    </testcase>
    <testcase classname="QuantumResistantCryptoService Signature Operations should sign message" name="QuantumResistantCryptoService Signature Operations should sign message" time="0.001">
      <failure>TypeError: Cannot read properties of undefined (reading &apos;generateKeyPair&apos;)
    at QuantumResistantCryptoService.generateKeyPair (/Users/brianlong/Developer/summit/server/src/services/QuantumResistantCryptoService.ts:170:43)
    at Object.&lt;anonymous&gt; (/Users/brianlong/Developer/summit/server/src/services/__tests__/QuantumResistantCryptoService.test.ts:237:33)
    at Promise.then.completed (/Users/brianlong/Developer/summit/node_modules/.pnpm/jest-circus@29.7.0_babel-plugin-macros@3.1.0/node_modules/jest-circus/build/utils.js:298:28)
    at new Promise (&lt;anonymous&gt;)
    at callAsyncCircusFn (/Users/brianlong/Developer/summit/node_modules/.pnpm/jest-circus@29.7.0_babel-plugin-macros@3.1.0/node_modules/jest-circus/build/utils.js:231:10)
    at _callCircusTest (/Users/brianlong/Developer/summit/node_modules/.pnpm/jest-circus@29.7.0_babel-plugin-macros@3.1.0/node_modules/jest-circus/build/run.js:316:40)
    at processTicksAndRejections (node:internal/process/task_queues:95:5)
    at _runTest (/Users/brianlong/Developer/summit/node_modules/.pnpm/jest-circus@29.7.0_babel-plugin-macros@3.1.0/node_modules/jest-circus/build/run.js:252:3)
    at _runTestsForDescribeBlock (/Users/brianlong/Developer/summit/node_modules/.pnpm/jest-circus@29.7.0_babel-plugin-macros@3.1.0/node_modules/jest-circus/build/run.js:126:9)
    at _runTestsForDescribeBlock (/Users/brianlong/Developer/summit/node_modules/.pnpm/jest-circus@29.7.0_babel-plugin-macros@3.1.0/node_modules/jest-circus/build/run.js:121:9)
    at _runTestsForDescribeBlock (/Users/brianlong/Developer/summit/node_modules/.pnpm/jest-circus@29.7.0_babel-plugin-macros@3.1.0/node_modules/jest-circus/build/run.js:121:9)
    at run (/Users/brianlong/Developer/summit/node_modules/.pnpm/jest-circus@29.7.0_babel-plugin-macros@3.1.0/node_modules/jest-circus/build/run.js:71:3)
    at runAndTransformResultsToJestFormat (/Users/brianlong/Developer/summit/node_modules/.pnpm/jest-circus@29.7.0_babel-plugin-macros@3.1.0/node_modules/jest-circus/build/legacy-code-todo-rewrite/jestAdapterInit.js:122:21)
    at jestAdapter (/Users/brianlong/Developer/summit/node_modules/.pnpm/jest-circus@29.7.0_babel-plugin-macros@3.1.0/node_modules/jest-circus/build/legacy-code-todo-rewrite/jestAdapter.js:79:19)
    at runTestInternal (/Users/brianlong/Developer/summit/node_modules/.pnpm/jest-runner@29.7.0/node_modules/jest-runner/build/runTest.js:367:16)
    at runTest (/Users/brianlong/Developer/summit/node_modules/.pnpm/jest-runner@29.7.0/node_modules/jest-runner/build/runTest.js:444:34)
    at Object.worker (/Users/brianlong/Developer/summit/node_modules/.pnpm/jest-runner@29.7.0/node_modules/jest-runner/build/testWorker.js:106:12)</failure>
    </testcase>
    <testcase classname="QuantumResistantCryptoService Signature Operations should verify signature" name="QuantumResistantCryptoService Signature Operations should verify signature" time="0">
      <failure>TypeError: Cannot read properties of undefined (reading &apos;generateKeyPair&apos;)
    at QuantumResistantCryptoService.generateKeyPair (/Users/brianlong/Developer/summit/server/src/services/QuantumResistantCryptoService.ts:170:43)
    at Object.&lt;anonymous&gt; (/Users/brianlong/Developer/summit/server/src/services/__tests__/QuantumResistantCryptoService.test.ts:246:33)
    at Promise.then.completed (/Users/brianlong/Developer/summit/node_modules/.pnpm/jest-circus@29.7.0_babel-plugin-macros@3.1.0/node_modules/jest-circus/build/utils.js:298:28)
    at new Promise (&lt;anonymous&gt;)
    at callAsyncCircusFn (/Users/brianlong/Developer/summit/node_modules/.pnpm/jest-circus@29.7.0_babel-plugin-macros@3.1.0/node_modules/jest-circus/build/utils.js:231:10)
    at _callCircusTest (/Users/brianlong/Developer/summit/node_modules/.pnpm/jest-circus@29.7.0_babel-plugin-macros@3.1.0/node_modules/jest-circus/build/run.js:316:40)
    at processTicksAndRejections (node:internal/process/task_queues:95:5)
    at _runTest (/Users/brianlong/Developer/summit/node_modules/.pnpm/jest-circus@29.7.0_babel-plugin-macros@3.1.0/node_modules/jest-circus/build/run.js:252:3)
    at _runTestsForDescribeBlock (/Users/brianlong/Developer/summit/node_modules/.pnpm/jest-circus@29.7.0_babel-plugin-macros@3.1.0/node_modules/jest-circus/build/run.js:126:9)
    at _runTestsForDescribeBlock (/Users/brianlong/Developer/summit/node_modules/.pnpm/jest-circus@29.7.0_babel-plugin-macros@3.1.0/node_modules/jest-circus/build/run.js:121:9)
    at _runTestsForDescribeBlock (/Users/brianlong/Developer/summit/node_modules/.pnpm/jest-circus@29.7.0_babel-plugin-macros@3.1.0/node_modules/jest-circus/build/run.js:121:9)
    at run (/Users/brianlong/Developer/summit/node_modules/.pnpm/jest-circus@29.7.0_babel-plugin-macros@3.1.0/node_modules/jest-circus/build/run.js:71:3)
    at runAndTransformResultsToJestFormat (/Users/brianlong/Developer/summit/node_modules/.pnpm/jest-circus@29.7.0_babel-plugin-macros@3.1.0/node_modules/jest-circus/build/legacy-code-todo-rewrite/jestAdapterInit.js:122:21)
    at jestAdapter (/Users/brianlong/Developer/summit/node_modules/.pnpm/jest-circus@29.7.0_babel-plugin-macros@3.1.0/node_modules/jest-circus/build/legacy-code-todo-rewrite/jestAdapter.js:79:19)
    at runTestInternal (/Users/brianlong/Developer/summit/node_modules/.pnpm/jest-runner@29.7.0/node_modules/jest-runner/build/runTest.js:367:16)
    at runTest (/Users/brianlong/Developer/summit/node_modules/.pnpm/jest-runner@29.7.0/node_modules/jest-runner/build/runTest.js:444:34)
    at Object.worker (/Users/brianlong/Developer/summit/node_modules/.pnpm/jest-runner@29.7.0/node_modules/jest-runner/build/testWorker.js:106:12)</failure>
    </testcase>
    <testcase classname="QuantumResistantCryptoService Key Rotation should rotate a key" name="QuantumResistantCryptoService Key Rotation should rotate a key" time="0">
      <failure>TypeError: Cannot read properties of undefined (reading &apos;generateKeyPair&apos;)
    at QuantumResistantCryptoService.generateKeyPair (/Users/brianlong/Developer/summit/server/src/services/QuantumResistantCryptoService.ts:161:41)
    at Object.&lt;anonymous&gt; (/Users/brianlong/Developer/summit/server/src/services/__tests__/QuantumResistantCryptoService.test.ts:257:36)
    at Promise.then.completed (/Users/brianlong/Developer/summit/node_modules/.pnpm/jest-circus@29.7.0_babel-plugin-macros@3.1.0/node_modules/jest-circus/build/utils.js:298:28)
    at new Promise (&lt;anonymous&gt;)
    at callAsyncCircusFn (/Users/brianlong/Developer/summit/node_modules/.pnpm/jest-circus@29.7.0_babel-plugin-macros@3.1.0/node_modules/jest-circus/build/utils.js:231:10)
    at _callCircusTest (/Users/brianlong/Developer/summit/node_modules/.pnpm/jest-circus@29.7.0_babel-plugin-macros@3.1.0/node_modules/jest-circus/build/run.js:316:40)
    at processTicksAndRejections (node:internal/process/task_queues:95:5)
    at _runTest (/Users/brianlong/Developer/summit/node_modules/.pnpm/jest-circus@29.7.0_babel-plugin-macros@3.1.0/node_modules/jest-circus/build/run.js:252:3)
    at _runTestsForDescribeBlock (/Users/brianlong/Developer/summit/node_modules/.pnpm/jest-circus@29.7.0_babel-plugin-macros@3.1.0/node_modules/jest-circus/build/run.js:126:9)
    at _runTestsForDescribeBlock (/Users/brianlong/Developer/summit/node_modules/.pnpm/jest-circus@29.7.0_babel-plugin-macros@3.1.0/node_modules/jest-circus/build/run.js:121:9)
    at _runTestsForDescribeBlock (/Users/brianlong/Developer/summit/node_modules/.pnpm/jest-circus@29.7.0_babel-plugin-macros@3.1.0/node_modules/jest-circus/build/run.js:121:9)
    at run (/Users/brianlong/Developer/summit/node_modules/.pnpm/jest-circus@29.7.0_babel-plugin-macros@3.1.0/node_modules/jest-circus/build/run.js:71:3)
    at runAndTransformResultsToJestFormat (/Users/brianlong/Developer/summit/node_modules/.pnpm/jest-circus@29.7.0_babel-plugin-macros@3.1.0/node_modules/jest-circus/build/legacy-code-todo-rewrite/jestAdapterInit.js:122:21)
    at jestAdapter (/Users/brianlong/Developer/summit/node_modules/.pnpm/jest-circus@29.7.0_babel-plugin-macros@3.1.0/node_modules/jest-circus/build/legacy-code-todo-rewrite/jestAdapter.js:79:19)
    at runTestInternal (/Users/brianlong/Developer/summit/node_modules/.pnpm/jest-runner@29.7.0/node_modules/jest-runner/build/runTest.js:367:16)
    at runTest (/Users/brianlong/Developer/summit/node_modules/.pnpm/jest-runner@29.7.0/node_modules/jest-runner/build/runTest.js:444:34)
    at Object.worker (/Users/brianlong/Developer/summit/node_modules/.pnpm/jest-runner@29.7.0/node_modules/jest-runner/build/testWorker.js:106:12)</failure>
    </testcase>
    <testcase classname="QuantumResistantCryptoService Key Rotation should throw error when rotating non-existent key" name="QuantumResistantCryptoService Key Rotation should throw error when rotating non-existent key" time="0">
    </testcase>
    <testcase classname="QuantumResistantCryptoService Validation and Benchmarking should validate algorithm" name="QuantumResistantCryptoService Validation and Benchmarking should validate algorithm" time="0">
      <failure>TypeError: Cannot read properties of undefined (reading &apos;validateKEM&apos;)
    at QuantumResistantCryptoService.validateAlgorithm (/Users/brianlong/Developer/summit/server/src/services/QuantumResistantCryptoService.ts:502:29)
    at Object.&lt;anonymous&gt; (/Users/brianlong/Developer/summit/server/src/services/__tests__/QuantumResistantCryptoService.test.ts:273:37)
    at Promise.then.completed (/Users/brianlong/Developer/summit/node_modules/.pnpm/jest-circus@29.7.0_babel-plugin-macros@3.1.0/node_modules/jest-circus/build/utils.js:298:28)
    at new Promise (&lt;anonymous&gt;)
    at callAsyncCircusFn (/Users/brianlong/Developer/summit/node_modules/.pnpm/jest-circus@29.7.0_babel-plugin-macros@3.1.0/node_modules/jest-circus/build/utils.js:231:10)
    at _callCircusTest (/Users/brianlong/Developer/summit/node_modules/.pnpm/jest-circus@29.7.0_babel-plugin-macros@3.1.0/node_modules/jest-circus/build/run.js:316:40)
    at processTicksAndRejections (node:internal/process/task_queues:95:5)
    at _runTest (/Users/brianlong/Developer/summit/node_modules/.pnpm/jest-circus@29.7.0_babel-plugin-macros@3.1.0/node_modules/jest-circus/build/run.js:252:3)
    at _runTestsForDescribeBlock (/Users/brianlong/Developer/summit/node_modules/.pnpm/jest-circus@29.7.0_babel-plugin-macros@3.1.0/node_modules/jest-circus/build/run.js:126:9)
    at _runTestsForDescribeBlock (/Users/brianlong/Developer/summit/node_modules/.pnpm/jest-circus@29.7.0_babel-plugin-macros@3.1.0/node_modules/jest-circus/build/run.js:121:9)
    at _runTestsForDescribeBlock (/Users/brianlong/Developer/summit/node_modules/.pnpm/jest-circus@29.7.0_babel-plugin-macros@3.1.0/node_modules/jest-circus/build/run.js:121:9)
    at run (/Users/brianlong/Developer/summit/node_modules/.pnpm/jest-circus@29.7.0_babel-plugin-macros@3.1.0/node_modules/jest-circus/build/run.js:71:3)
    at runAndTransformResultsToJestFormat (/Users/brianlong/Developer/summit/node_modules/.pnpm/jest-circus@29.7.0_babel-plugin-macros@3.1.0/node_modules/jest-circus/build/legacy-code-todo-rewrite/jestAdapterInit.js:122:21)
    at jestAdapter (/Users/brianlong/Developer/summit/node_modules/.pnpm/jest-circus@29.7.0_babel-plugin-macros@3.1.0/node_modules/jest-circus/build/legacy-code-todo-rewrite/jestAdapter.js:79:19)
    at runTestInternal (/Users/brianlong/Developer/summit/node_modules/.pnpm/jest-runner@29.7.0/node_modules/jest-runner/build/runTest.js:367:16)
    at runTest (/Users/brianlong/Developer/summit/node_modules/.pnpm/jest-runner@29.7.0/node_modules/jest-runner/build/runTest.js:444:34)
    at Object.worker (/Users/brianlong/Developer/summit/node_modules/.pnpm/jest-runner@29.7.0/node_modules/jest-runner/build/testWorker.js:106:12)</failure>
    </testcase>
    <testcase classname="QuantumResistantCryptoService Validation and Benchmarking should benchmark algorithm" name="QuantumResistantCryptoService Validation and Benchmarking should benchmark algorithm" time="0">
      <failure>TypeError: Cannot read properties of undefined (reading &apos;benchmarkKEM&apos;)
    at QuantumResistantCryptoService.benchmarkAlgorithm (/Users/brianlong/Developer/summit/server/src/services/QuantumResistantCryptoService.ts:516:46)
    at Object.&lt;anonymous&gt; (/Users/brianlong/Developer/summit/server/src/services/__tests__/QuantumResistantCryptoService.test.ts:278:37)
    at Promise.then.completed (/Users/brianlong/Developer/summit/node_modules/.pnpm/jest-circus@29.7.0_babel-plugin-macros@3.1.0/node_modules/jest-circus/build/utils.js:298:28)
    at new Promise (&lt;anonymous&gt;)
    at callAsyncCircusFn (/Users/brianlong/Developer/summit/node_modules/.pnpm/jest-circus@29.7.0_babel-plugin-macros@3.1.0/node_modules/jest-circus/build/utils.js:231:10)
    at _callCircusTest (/Users/brianlong/Developer/summit/node_modules/.pnpm/jest-circus@29.7.0_babel-plugin-macros@3.1.0/node_modules/jest-circus/build/run.js:316:40)
    at processTicksAndRejections (node:internal/process/task_queues:95:5)
    at _runTest (/Users/brianlong/Developer/summit/node_modules/.pnpm/jest-circus@29.7.0_babel-plugin-macros@3.1.0/node_modules/jest-circus/build/run.js:252:3)
    at _runTestsForDescribeBlock (/Users/brianlong/Developer/summit/node_modules/.pnpm/jest-circus@29.7.0_babel-plugin-macros@3.1.0/node_modules/jest-circus/build/run.js:126:9)
    at _runTestsForDescribeBlock (/Users/brianlong/Developer/summit/node_modules/.pnpm/jest-circus@29.7.0_babel-plugin-macros@3.1.0/node_modules/jest-circus/build/run.js:121:9)
    at _runTestsForDescribeBlock (/Users/brianlong/Developer/summit/node_modules/.pnpm/jest-circus@29.7.0_babel-plugin-macros@3.1.0/node_modules/jest-circus/build/run.js:121:9)
    at run (/Users/brianlong/Developer/summit/node_modules/.pnpm/jest-circus@29.7.0_babel-plugin-macros@3.1.0/node_modules/jest-circus/build/run.js:71:3)
    at runAndTransformResultsToJestFormat (/Users/brianlong/Developer/summit/node_modules/.pnpm/jest-circus@29.7.0_babel-plugin-macros@3.1.0/node_modules/jest-circus/build/legacy-code-todo-rewrite/jestAdapterInit.js:122:21)
    at jestAdapter (/Users/brianlong/Developer/summit/node_modules/.pnpm/jest-circus@29.7.0_babel-plugin-macros@3.1.0/node_modules/jest-circus/build/legacy-code-todo-rewrite/jestAdapter.js:79:19)
    at runTestInternal (/Users/brianlong/Developer/summit/node_modules/.pnpm/jest-runner@29.7.0/node_modules/jest-runner/build/runTest.js:367:16)
    at runTest (/Users/brianlong/Developer/summit/node_modules/.pnpm/jest-runner@29.7.0/node_modules/jest-runner/build/runTest.js:444:34)
    at Object.worker (/Users/brianlong/Developer/summit/node_modules/.pnpm/jest-runner@29.7.0/node_modules/jest-runner/build/testWorker.js:106:12)</failure>
    </testcase>
    <testcase classname="QuantumResistantCryptoService Risk Assessment should generate quantum risk report" name="QuantumResistantCryptoService Risk Assessment should generate quantum risk report" time="0.001">
    </testcase>
    <testcase classname="QuantumResistantCryptoService Statistics should return service statistics" name="QuantumResistantCryptoService Statistics should return service statistics" time="0">
      <failure>TypeError: Cannot read properties of undefined (reading &apos;generateKeyPair&apos;)
    at QuantumResistantCryptoService.generateKeyPair (/Users/brianlong/Developer/summit/server/src/services/QuantumResistantCryptoService.ts:161:41)
    at Object.&lt;anonymous&gt; (/Users/brianlong/Developer/summit/server/src/services/__tests__/QuantumResistantCryptoService.test.ts:297:21)
    at Promise.then.completed (/Users/brianlong/Developer/summit/node_modules/.pnpm/jest-circus@29.7.0_babel-plugin-macros@3.1.0/node_modules/jest-circus/build/utils.js:298:28)
    at new Promise (&lt;anonymous&gt;)
    at callAsyncCircusFn (/Users/brianlong/Developer/summit/node_modules/.pnpm/jest-circus@29.7.0_babel-plugin-macros@3.1.0/node_modules/jest-circus/build/utils.js:231:10)
    at _callCircusTest (/Users/brianlong/Developer/summit/node_modules/.pnpm/jest-circus@29.7.0_babel-plugin-macros@3.1.0/node_modules/jest-circus/build/run.js:316:40)
    at processTicksAndRejections (node:internal/process/task_queues:95:5)
    at _runTest (/Users/brianlong/Developer/summit/node_modules/.pnpm/jest-circus@29.7.0_babel-plugin-macros@3.1.0/node_modules/jest-circus/build/run.js:252:3)
    at _runTestsForDescribeBlock (/Users/brianlong/Developer/summit/node_modules/.pnpm/jest-circus@29.7.0_babel-plugin-macros@3.1.0/node_modules/jest-circus/build/run.js:126:9)
    at _runTestsForDescribeBlock (/Users/brianlong/Developer/summit/node_modules/.pnpm/jest-circus@29.7.0_babel-plugin-macros@3.1.0/node_modules/jest-circus/build/run.js:121:9)
    at _runTestsForDescribeBlock (/Users/brianlong/Developer/summit/node_modules/.pnpm/jest-circus@29.7.0_babel-plugin-macros@3.1.0/node_modules/jest-circus/build/run.js:121:9)
    at run (/Users/brianlong/Developer/summit/node_modules/.pnpm/jest-circus@29.7.0_babel-plugin-macros@3.1.0/node_modules/jest-circus/build/run.js:71:3)
    at runAndTransformResultsToJestFormat (/Users/brianlong/Developer/summit/node_modules/.pnpm/jest-circus@29.7.0_babel-plugin-macros@3.1.0/node_modules/jest-circus/build/legacy-code-todo-rewrite/jestAdapterInit.js:122:21)
    at jestAdapter (/Users/brianlong/Developer/summit/node_modules/.pnpm/jest-circus@29.7.0_babel-plugin-macros@3.1.0/node_modules/jest-circus/build/legacy-code-todo-rewrite/jestAdapter.js:79:19)
    at runTestInternal (/Users/brianlong/Developer/summit/node_modules/.pnpm/jest-runner@29.7.0/node_modules/jest-runner/build/runTest.js:367:16)
    at runTest (/Users/brianlong/Developer/summit/node_modules/.pnpm/jest-runner@29.7.0/node_modules/jest-runner/build/runTest.js:444:34)
    at Object.worker (/Users/brianlong/Developer/summit/node_modules/.pnpm/jest-runner@29.7.0/node_modules/jest-runner/build/testWorker.js:106:12)</failure>
    </testcase>
    <testcase classname="QuantumResistantCryptoService Supported Algorithms should return supported algorithms" name="QuantumResistantCryptoService Supported Algorithms should return supported algorithms" time="0">
    </testcase>
    <testcase classname="QuantumResistantCryptoService Event Emission should emit keyGenerated event" name="QuantumResistantCryptoService Event Emission should emit keyGenerated event" time="0">
      <failure>TypeError: Cannot read properties of undefined (reading &apos;generateKeyPair&apos;)
    at QuantumResistantCryptoService.generateKeyPair (/Users/brianlong/Developer/summit/server/src/services/QuantumResistantCryptoService.ts:161:41)
    at Object.&lt;anonymous&gt; (/Users/brianlong/Developer/summit/server/src/services/__tests__/QuantumResistantCryptoService.test.ts:323:21)
    at Promise.then.completed (/Users/brianlong/Developer/summit/node_modules/.pnpm/jest-circus@29.7.0_babel-plugin-macros@3.1.0/node_modules/jest-circus/build/utils.js:298:28)
    at new Promise (&lt;anonymous&gt;)
    at callAsyncCircusFn (/Users/brianlong/Developer/summit/node_modules/.pnpm/jest-circus@29.7.0_babel-plugin-macros@3.1.0/node_modules/jest-circus/build/utils.js:231:10)
    at _callCircusTest (/Users/brianlong/Developer/summit/node_modules/.pnpm/jest-circus@29.7.0_babel-plugin-macros@3.1.0/node_modules/jest-circus/build/run.js:316:40)
    at processTicksAndRejections (node:internal/process/task_queues:95:5)
    at _runTest (/Users/brianlong/Developer/summit/node_modules/.pnpm/jest-circus@29.7.0_babel-plugin-macros@3.1.0/node_modules/jest-circus/build/run.js:252:3)
    at _runTestsForDescribeBlock (/Users/brianlong/Developer/summit/node_modules/.pnpm/jest-circus@29.7.0_babel-plugin-macros@3.1.0/node_modules/jest-circus/build/run.js:126:9)
    at _runTestsForDescribeBlock (/Users/brianlong/Developer/summit/node_modules/.pnpm/jest-circus@29.7.0_babel-plugin-macros@3.1.0/node_modules/jest-circus/build/run.js:121:9)
    at _runTestsForDescribeBlock (/Users/brianlong/Developer/summit/node_modules/.pnpm/jest-circus@29.7.0_babel-plugin-macros@3.1.0/node_modules/jest-circus/build/run.js:121:9)
    at run (/Users/brianlong/Developer/summit/node_modules/.pnpm/jest-circus@29.7.0_babel-plugin-macros@3.1.0/node_modules/jest-circus/build/run.js:71:3)
    at runAndTransformResultsToJestFormat (/Users/brianlong/Developer/summit/node_modules/.pnpm/jest-circus@29.7.0_babel-plugin-macros@3.1.0/node_modules/jest-circus/build/legacy-code-todo-rewrite/jestAdapterInit.js:122:21)
    at jestAdapter (/Users/brianlong/Developer/summit/node_modules/.pnpm/jest-circus@29.7.0_babel-plugin-macros@3.1.0/node_modules/jest-circus/build/legacy-code-todo-rewrite/jestAdapter.js:79:19)
    at runTestInternal (/Users/brianlong/Developer/summit/node_modules/.pnpm/jest-runner@29.7.0/node_modules/jest-runner/build/runTest.js:367:16)
    at runTest (/Users/brianlong/Developer/summit/node_modules/.pnpm/jest-runner@29.7.0/node_modules/jest-runner/build/runTest.js:444:34)
    at Object.worker (/Users/brianlong/Developer/summit/node_modules/.pnpm/jest-runner@29.7.0/node_modules/jest-runner/build/testWorker.js:106:12)</failure>
    </testcase>
    <testcase classname="QuantumResistantCryptoService Event Emission should emit keyDeleted event" name="QuantumResistantCryptoService Event Emission should emit keyDeleted event" time="0.001">
      <failure>TypeError: Cannot read properties of undefined (reading &apos;generateKeyPair&apos;)
    at QuantumResistantCryptoService.generateKeyPair (/Users/brianlong/Developer/summit/server/src/services/QuantumResistantCryptoService.ts:161:41)
    at Object.&lt;anonymous&gt; (/Users/brianlong/Developer/summit/server/src/services/__tests__/QuantumResistantCryptoService.test.ts:332:33)
    at Promise.then.completed (/Users/brianlong/Developer/summit/node_modules/.pnpm/jest-circus@29.7.0_babel-plugin-macros@3.1.0/node_modules/jest-circus/build/utils.js:298:28)
    at new Promise (&lt;anonymous&gt;)
    at callAsyncCircusFn (/Users/brianlong/Developer/summit/node_modules/.pnpm/jest-circus@29.7.0_babel-plugin-macros@3.1.0/node_modules/jest-circus/build/utils.js:231:10)
    at _callCircusTest (/Users/brianlong/Developer/summit/node_modules/.pnpm/jest-circus@29.7.0_babel-plugin-macros@3.1.0/node_modules/jest-circus/build/run.js:316:40)
    at processTicksAndRejections (node:internal/process/task_queues:95:5)
    at _runTest (/Users/brianlong/Developer/summit/node_modules/.pnpm/jest-circus@29.7.0_babel-plugin-macros@3.1.0/node_modules/jest-circus/build/run.js:252:3)
    at _runTestsForDescribeBlock (/Users/brianlong/Developer/summit/node_modules/.pnpm/jest-circus@29.7.0_babel-plugin-macros@3.1.0/node_modules/jest-circus/build/run.js:126:9)
    at _runTestsForDescribeBlock (/Users/brianlong/Developer/summit/node_modules/.pnpm/jest-circus@29.7.0_babel-plugin-macros@3.1.0/node_modules/jest-circus/build/run.js:121:9)
    at _runTestsForDescribeBlock (/Users/brianlong/Developer/summit/node_modules/.pnpm/jest-circus@29.7.0_babel-plugin-macros@3.1.0/node_modules/jest-circus/build/run.js:121:9)
    at run (/Users/brianlong/Developer/summit/node_modules/.pnpm/jest-circus@29.7.0_babel-plugin-macros@3.1.0/node_modules/jest-circus/build/run.js:71:3)
    at runAndTransformResultsToJestFormat (/Users/brianlong/Developer/summit/node_modules/.pnpm/jest-circus@29.7.0_babel-plugin-macros@3.1.0/node_modules/jest-circus/build/legacy-code-todo-rewrite/jestAdapterInit.js:122:21)
    at jestAdapter (/Users/brianlong/Developer/summit/node_modules/.pnpm/jest-circus@29.7.0_babel-plugin-macros@3.1.0/node_modules/jest-circus/build/legacy-code-todo-rewrite/jestAdapter.js:79:19)
    at runTestInternal (/Users/brianlong/Developer/summit/node_modules/.pnpm/jest-runner@29.7.0/node_modules/jest-runner/build/runTest.js:367:16)
    at runTest (/Users/brianlong/Developer/summit/node_modules/.pnpm/jest-runner@29.7.0/node_modules/jest-runner/build/runTest.js:444:34)
    at Object.worker (/Users/brianlong/Developer/summit/node_modules/.pnpm/jest-runner@29.7.0/node_modules/jest-runner/build/testWorker.js:106:12)</failure>
    </testcase>
    <testcase classname="QuantumResistantCryptoService Event Emission should emit keyRotated event" name="QuantumResistantCryptoService Event Emission should emit keyRotated event" time="0">
      <failure>TypeError: Cannot read properties of undefined (reading &apos;generateKeyPair&apos;)
    at QuantumResistantCryptoService.generateKeyPair (/Users/brianlong/Developer/summit/server/src/services/QuantumResistantCryptoService.ts:161:41)
    at Object.&lt;anonymous&gt; (/Users/brianlong/Developer/summit/server/src/services/__tests__/QuantumResistantCryptoService.test.ts:342:33)
    at Promise.then.completed (/Users/brianlong/Developer/summit/node_modules/.pnpm/jest-circus@29.7.0_babel-plugin-macros@3.1.0/node_modules/jest-circus/build/utils.js:298:28)
    at new Promise (&lt;anonymous&gt;)
    at callAsyncCircusFn (/Users/brianlong/Developer/summit/node_modules/.pnpm/jest-circus@29.7.0_babel-plugin-macros@3.1.0/node_modules/jest-circus/build/utils.js:231:10)
    at _callCircusTest (/Users/brianlong/Developer/summit/node_modules/.pnpm/jest-circus@29.7.0_babel-plugin-macros@3.1.0/node_modules/jest-circus/build/run.js:316:40)
    at processTicksAndRejections (node:internal/process/task_queues:95:5)
    at _runTest (/Users/brianlong/Developer/summit/node_modules/.pnpm/jest-circus@29.7.0_babel-plugin-macros@3.1.0/node_modules/jest-circus/build/run.js:252:3)
    at _runTestsForDescribeBlock (/Users/brianlong/Developer/summit/node_modules/.pnpm/jest-circus@29.7.0_babel-plugin-macros@3.1.0/node_modules/jest-circus/build/run.js:126:9)
    at _runTestsForDescribeBlock (/Users/brianlong/Developer/summit/node_modules/.pnpm/jest-circus@29.7.0_babel-plugin-macros@3.1.0/node_modules/jest-circus/build/run.js:121:9)
    at _runTestsForDescribeBlock (/Users/brianlong/Developer/summit/node_modules/.pnpm/jest-circus@29.7.0_babel-plugin-macros@3.1.0/node_modules/jest-circus/build/run.js:121:9)
    at run (/Users/brianlong/Developer/summit/node_modules/.pnpm/jest-circus@29.7.0_babel-plugin-macros@3.1.0/node_modules/jest-circus/build/run.js:71:3)
    at runAndTransformResultsToJestFormat (/Users/brianlong/Developer/summit/node_modules/.pnpm/jest-circus@29.7.0_babel-plugin-macros@3.1.0/node_modules/jest-circus/build/legacy-code-todo-rewrite/jestAdapterInit.js:122:21)
    at jestAdapter (/Users/brianlong/Developer/summit/node_modules/.pnpm/jest-circus@29.7.0_babel-plugin-macros@3.1.0/node_modules/jest-circus/build/legacy-code-todo-rewrite/jestAdapter.js:79:19)
    at runTestInternal (/Users/brianlong/Developer/summit/node_modules/.pnpm/jest-runner@29.7.0/node_modules/jest-runner/build/runTest.js:367:16)
    at runTest (/Users/brianlong/Developer/summit/node_modules/.pnpm/jest-runner@29.7.0/node_modules/jest-runner/build/runTest.js:444:34)
    at Object.worker (/Users/brianlong/Developer/summit/node_modules/.pnpm/jest-runner@29.7.0/node_modules/jest-runner/build/testWorker.js:106:12)</failure>
    </testcase>
  </testsuite>
  <testsuite name="StochasticActorAwareness" errors="0" failures="0" skipped="0" timestamp="2025-12-25T23:11:04" time="0.024" tests="2">
    <testcase classname="StochasticActorAwareness returns stable probabilities when noise is disabled" name="StochasticActorAwareness returns stable probabilities when noise is disabled" time="0.002">
    </testcase>
    <testcase classname="StochasticActorAwareness summarizes top actors with awareness and probability signals" name="StochasticActorAwareness summarizes top actors with awareness and probability signals" time="0">
    </testcase>
  </testsuite>
  <testsuite name="LLMRouter" errors="0" failures="0" skipped="0" timestamp="2025-12-25T23:11:04" time="0.193" tests="5">
    <testcase classname="LLMRouter should instantiate correctly" name="LLMRouter should instantiate correctly" time="0">
    </testcase>
    <testcase classname="LLMRouter should execute a request successfully using mock provider" name="LLMRouter should execute a request successfully using mock provider" time="0.054">
    </testcase>
    <testcase classname="LLMRouter should handle routing failure gracefully" name="LLMRouter should handle routing failure gracefully" time="0">
    </testcase>
    <testcase classname="LLMRouter should redact PII" name="LLMRouter should redact PII" time="0.051">
    </testcase>
    <testcase classname="LLMRouter should enforce global budget" name="LLMRouter should enforce global budget" time="0.052">
    </testcase>
  </testsuite>
  <testsuite name="AgentOrchestrator System" errors="0" failures="0" skipped="0" timestamp="2025-12-25T23:11:05" time="0.091" tests="3">
    <testcase classname="AgentOrchestrator System should register an agent" name="AgentOrchestrator System should register an agent" time="0.001">
    </testcase>
    <testcase classname="AgentOrchestrator System should route a task to a capable agent" name="AgentOrchestrator System should route a task to a capable agent" time="0.001">
    </testcase>
    <testcase classname="AgentOrchestrator System should not route task if no agent has capability" name="AgentOrchestrator System should not route task if no agent has capability" time="0.001">
    </testcase>
  </testsuite>
  <testsuite name="PRRiskClassifierService" errors="0" failures="0" skipped="0" timestamp="2025-12-25T23:11:05" time="0.069" tests="7">
    <testcase classname="PRRiskClassifierService should classify schema changes as HIGH risk" name="PRRiskClassifierService should classify schema changes as HIGH risk" time="0">
    </testcase>
    <testcase classname="PRRiskClassifierService should classify security changes as HIGH risk" name="PRRiskClassifierService should classify security changes as HIGH risk" time="0">
    </testcase>
    <testcase classname="PRRiskClassifierService should classify infra changes as HIGH risk" name="PRRiskClassifierService should classify infra changes as HIGH risk" time="0">
    </testcase>
    <testcase classname="PRRiskClassifierService should classify UX changes as LOW risk" name="PRRiskClassifierService should classify UX changes as LOW risk" time="0">
    </testcase>
    <testcase classname="PRRiskClassifierService should classify backend logic changes as MEDIUM risk" name="PRRiskClassifierService should classify backend logic changes as MEDIUM risk" time="0">
    </testcase>
    <testcase classname="PRRiskClassifierService should handle mixed changes (Schema + UX) as HIGH risk" name="PRRiskClassifierService should handle mixed changes (Schema + UX) as HIGH risk" time="0.001">
    </testcase>
    <testcase classname="PRRiskClassifierService should classify unknown/doc files as LOW risk" name="PRRiskClassifierService should classify unknown/doc files as LOW risk" time="0">
    </testcase>
  </testsuite>
  <testsuite name="IntelCorroborationService" errors="0" failures="0" skipped="0" timestamp="2025-12-25T23:11:05" time="0.019" tests="1">
    <testcase classname="IntelCorroborationService computes confidence with evidence and analyst ratings" name="IntelCorroborationService computes confidence with evidence and analyst ratings" time="0">
    </testcase>
  </testsuite>
  <testsuite name="computeScore" errors="0" failures="0" skipped="0" timestamp="2025-12-25T23:11:05" time="0.022" tests="5">
    <testcase classname="computeScore should compute the weighted mean correctly" name="computeScore should compute the weighted mean correctly" time="0">
    </testcase>
    <testcase classname="computeScore should handle cases with no weight (default to 1)" name="computeScore should handle cases with no weight (default to 1)" time="0">
    </testcase>
    <testcase classname="computeScore should return 0 if no values are provided" name="computeScore should return 0 if no values are provided" time="0">
    </testcase>
    <testcase classname="computeScore should handle zero weights" name="computeScore should handle zero weights" time="0">
    </testcase>
    <testcase classname="computeScore should handle mixed weights and no weights" name="computeScore should handle mixed weights and no weights" time="0">
    </testcase>
  </testsuite>
  <testsuite name="NLQTranslator" errors="0" failures="0" skipped="0" timestamp="2025-12-25T23:11:05" time="0.022" tests="1">
    <testcase classname="NLQTranslator translates person queries with tenant scoping" name="NLQTranslator translates person queries with tenant scoping" time="0">
    </testcase>
  </testsuite>
  <testsuite name="GrowthPlaybookService" errors="0" failures="0" skipped="0" timestamp="2025-12-25T23:11:05" time="0.022" tests="1">
    <testcase classname="GrowthPlaybookService should generate a playbook" name="GrowthPlaybookService should generate a playbook" time="0">
    </testcase>
  </testsuite>
  <testsuite name="GeospatialService" errors="0" failures="0" skipped="0" timestamp="2025-12-25T23:11:05" time="0.025" tests="4">
    <testcase classname="GeospatialService should add a location" name="GeospatialService should add a location" time="0.001">
    </testcase>
    <testcase classname="GeospatialService should find nearby locations" name="GeospatialService should find nearby locations" time="0">
    </testcase>
    <testcase classname="GeospatialService should optimize route using nearest neighbor" name="GeospatialService should optimize route using nearest neighbor" time="0.004">
    </testcase>
    <testcase classname="GeospatialService should cluster locations" name="GeospatialService should cluster locations" time="0">
    </testcase>
  </testsuite>
  <testsuite name="QuietExitService" errors="0" failures="0" skipped="0" timestamp="2025-12-25T23:11:05" time="0.128" tests="2">
    <testcase classname="QuietExitService should not execute if SUMMIT_QUIET_EXIT is not &quot;true&quot;" name="QuietExitService should not execute if SUMMIT_QUIET_EXIT is not &quot;true&quot;" time="0.001">
    </testcase>
    <testcase classname="QuietExitService should execute if SUMMIT_QUIET_EXIT is &quot;true&quot;" name="QuietExitService should execute if SUMMIT_QUIET_EXIT is &quot;true&quot;" time="0.102">
    </testcase>
  </testsuite>
  <testsuite name="MultimodalFusionLayer" errors="0" failures="0" skipped="0" timestamp="2025-12-25T23:11:05" time="0.034" tests="3">
    <testcase classname="MultimodalFusionLayer generates multimodal embeddings with fused confidence" name="MultimodalFusionLayer generates multimodal embeddings with fused confidence" time="0.001">
    </testcase>
    <testcase classname="MultimodalFusionLayer infers correlations when embeddings align" name="MultimodalFusionLayer infers correlations when embeddings align" time="0.001">
    </testcase>
    <testcase classname="MultimodalFusionLayer builds timeline events with deterministic ordering" name="MultimodalFusionLayer builds timeline events with deterministic ordering" time="0.003">
    </testcase>
  </testsuite>
  <testsuite name="InfluenceChannelService" errors="0" failures="0" skipped="0" timestamp="2025-12-25T23:11:05" time="0.05" tests="6">
    <testcase classname="InfluenceChannelService catalogChannel should catalog a new channel with default profile values" name="InfluenceChannelService catalogChannel should catalog a new channel with default profile values" time="0.001">
    </testcase>
    <testcase classname="InfluenceChannelService catalogChannel should update existing channel but preserve unspecified profile fields" name="InfluenceChannelService catalogChannel should update existing channel but preserve unspecified profile fields" time="0">
    </testcase>
    <testcase classname="InfluenceChannelService updateChannelProfile should update specific profile fields" name="InfluenceChannelService updateChannelProfile should update specific profile fields" time="0.001">
    </testcase>
    <testcase classname="InfluenceChannelService updateChannelProfile should throw error for non-existent channel" name="InfluenceChannelService updateChannelProfile should throw error for non-existent channel" time="0.004">
    </testcase>
    <testcase classname="InfluenceChannelService monitorActivity &amp; Anomaly Detection should track activity and update velocity" name="InfluenceChannelService monitorActivity &amp; Anomaly Detection should track activity and update velocity" time="0.001">
    </testcase>
    <testcase classname="InfluenceChannelService monitorActivity &amp; Anomaly Detection should detect anomaly on activity spike" name="InfluenceChannelService monitorActivity &amp; Anomaly Detection should detect anomaly on activity spike" time="0.003">
    </testcase>
  </testsuite>
  <testsuite name="Neo4jGraphService" errors="0" failures="0" skipped="0" timestamp="2025-12-25T23:11:05" time="0.029" tests="4">
    <testcase classname="Neo4jGraphService getEntity should return entity if found" name="Neo4jGraphService getEntity should return entity if found" time="0">
    </testcase>
    <testcase classname="Neo4jGraphService getEntity should return null if not found" name="Neo4jGraphService getEntity should return null if not found" time="0.001">
    </testcase>
    <testcase classname="Neo4jGraphService findEntities should search by ids" name="Neo4jGraphService findEntities should search by ids" time="0">
    </testcase>
    <testcase classname="Neo4jGraphService upsertEntity should upsert entity" name="Neo4jGraphService upsertEntity should upsert entity" time="0.001">
    </testcase>
  </testsuite>
  <testsuite name="GraphCompressionService" errors="0" failures="0" skipped="0" timestamp="2025-12-25T23:11:05" time="0.033" tests="3">
    <testcase classname="GraphCompressionService should compress a simple clique into a supernode" name="GraphCompressionService should compress a simple clique into a supernode" time="0.001">
    </testcase>
    <testcase classname="GraphCompressionService should handle disjoint subgraphs" name="GraphCompressionService should handle disjoint subgraphs" time="0">
    </testcase>
    <testcase classname="GraphCompressionService should maintain provenance in supernode" name="GraphCompressionService should maintain provenance in supernode" time="0.001">
    </testcase>
  </testsuite>
  <testsuite name="ScoringEngine" errors="0" failures="0" skipped="0" timestamp="2025-12-25T23:11:05" time="0.028" tests="5">
    <testcase classname="ScoringEngine should return perfect score for identical entities" name="ScoringEngine should return perfect score for identical entities" time="0">
    </testcase>
    <testcase classname="ScoringEngine should match on Exact ID" name="ScoringEngine should match on Exact ID" time="0">
    </testcase>
    <testcase classname="ScoringEngine should match on normalized email" name="ScoringEngine should match on normalized email" time="0">
    </testcase>
    <testcase classname="ScoringEngine should handle fuzzy name matching" name="ScoringEngine should handle fuzzy name matching" time="0">
    </testcase>
    <testcase classname="ScoringEngine should return 0 for totally different entities" name="ScoringEngine should return 0 for totally different entities" time="0.001">
    </testcase>
  </testsuite>
</testsuites>