src/cases/forensics-custody-system.ts(465,17): error TS2554: Expected 0 arguments, but got 1.
src/conductor/backfill.ts(2,10): error TS2305: Module '"*"' has no exported member 'DateTime'.
src/conductor/deployment/deploymentGateService.ts(1,41): error TS6059: File '/app/server/logger.ts' is not under 'rootDir' '/app/server/src'. 'rootDir' is expected to contain all source files.
src/cost-guard/middleware.ts(82,3): error TS2322: Type '(req: Request, res: Response, next: NextFunction) => Promise<void | Response<any, Record<string, any>>>' is not assignable to type '(req: Request<ParamsDictionary, any, any, ParsedQs, Record<string, any>>, res: Response<any, Record<string, any>>, next: NextFunction) => Promise<...>'.
  Type 'Promise<void | Response<any, Record<string, any>>>' is not assignable to type 'Promise<void>'.
    Type 'void | Response<any, Record<string, any>>' is not assignable to type 'void'.
      Type 'Response<any, Record<string, any>>' is not assignable to type 'void'.
src/cross-border/gateway.ts(52,14): error TS2323: Cannot redeclare exported variable 'CrossBorderGateway'.
src/cross-border/gateway.ts(470,10): error TS2323: Cannot redeclare exported variable 'CrossBorderGateway'.
src/cross-border/gateway.ts(470,10): error TS2484: Export declaration conflicts with exported declaration of 'CrossBorderGateway'.
src/db/Neo4jConnectionManager.ts(8,34): error TS2305: Module '"neo4j-driver"' has no exported member 'auth'.
src/db/Neo4jConnectionManager.ts(8,40): error TS2305: Module '"neo4j-driver"' has no exported member 'Config'.
src/db/Neo4jConnectionManager.ts(8,48): error TS2305: Module '"neo4j-driver"' has no exported member 'SessionConfig'.
src/db/__tests__/postgres.test.ts(22,21): error TS2305: Module '"pg"' has no exported member 'PoolClient'.
src/db/__tests__/postgres.test.ts(122,53): error TS2345: Argument of type 'any' is not assignable to parameter of type 'never'.
src/db/__tests__/postgres.test.ts(371,53): error TS2345: Argument of type 'any' is not assignable to parameter of type 'never'.
src/db/__tests__/postgres.test.ts(414,53): error TS2345: Argument of type 'any' is not assignable to parameter of type 'never'.
src/db/__tests__/postgres.test.ts(461,53): error TS2345: Argument of type 'any' is not assignable to parameter of type 'never'.
src/db/__tests__/postgres.test.ts(476,53): error TS2345: Argument of type 'any' is not assignable to parameter of type 'never'.
src/db/__tests__/postgres.test.ts(502,53): error TS2345: Argument of type 'any' is not assignable to parameter of type 'never'.
src/db/__tests__/postgres.test.ts(546,53): error TS2345: Argument of type 'any' is not assignable to parameter of type 'never'.
src/db/__tests__/postgres.test.ts(572,9): error TS2345: Argument of type 'Error' is not assignable to parameter of type 'never'.
src/email-service/EmailQueue.ts(21,22): error TS2693: 'Redis' only refers to a type, but is being used as a value here.
src/email-service/TemplateRenderer.ts(9,10): error TS2305: Module '"*"' has no exported member 'htmlToText'.
src/email-service/examples/usage.ts(239,22): error TS2341: Property 'abTestManager' is private and only accessible within class 'EmailService'.
src/email-service/examples/usage.ts(388,24): error TS2341: Property 'unsubscribeManager' is private and only accessible within class 'EmailService'.
src/email-service/examples/usage.ts(392,24): error TS2341: Property 'unsubscribeManager' is private and only accessible within class 'EmailService'.
src/email-service/examples/usage.ts(416,24): error TS2341: Property 'analyticsService' is private and only accessible within class 'EmailService'.
src/email-service/examples/usage.ts(433,26): error TS2341: Property 'analyticsService' is private and only accessible within class 'EmailService'.
src/email-service/examples/usage.ts(448,41): error TS2341: Property 'unsubscribeManager' is private and only accessible within class 'EmailService'.
src/email-service/examples/usage.ts(454,24): error TS2341: Property 'unsubscribeManager' is private and only accessible within class 'EmailService'.
src/email-service/providers/SMTPProvider.ts(8,10): error TS2305: Module '"*"' has no exported member 'htmlToText'.
src/email-service/providers/SMTPProvider.ts(57,9): error TS2322: Type 'string | EmailAddress' is not assignable to type 'string | Address'.
  Type 'EmailAddress' is not assignable to type 'string | Address'.
    Property 'address' is missing in type 'EmailAddress' but required in type 'Address'.
src/email-service/providers/SMTPProvider.ts(58,9): error TS2322: Type 'string | EmailAddress' is not assignable to type 'string | Address | (string | Address)[]'.
  Type 'EmailAddress' is not assignable to type 'string | Address | (string | Address)[]'.
    Property 'address' is missing in type 'EmailAddress' but required in type 'Address'.
src/email-service/providers/SMTPProvider.ts(59,9): error TS2322: Type 'string | string[] | EmailAddress | EmailAddress[]' is not assignable to type 'string | Address | (string | Address)[]'.
  Type 'EmailAddress' is not assignable to type 'string | Address | (string | Address)[]'.
    Property 'address' is missing in type 'EmailAddress' but required in type 'Address'.
src/email-service/providers/SMTPProvider.ts(60,9): error TS2322: Type 'string | string[] | EmailAddress | EmailAddress[]' is not assignable to type 'string | Address | (string | Address)[]'.
  Type 'EmailAddress' is not assignable to type 'string | Address | (string | Address)[]'.
    Property 'address' is missing in type 'EmailAddress' but required in type 'Address'.
src/email-service/providers/SMTPProvider.ts(61,9): error TS2322: Type 'string | string[] | EmailAddress | EmailAddress[]' is not assignable to type 'string | Address | (string | Address)[]'.
  Type 'EmailAddress' is not assignable to type 'string | Address | (string | Address)[]'.
    Property 'address' is missing in type 'EmailAddress' but required in type 'Address'.
src/etl-assistant-api/index.ts(69,33): error TS2503: Cannot find namespace 'z'.
src/etl-assistant-api/index.ts(70,27): error TS2503: Cannot find namespace 'z'.
src/etl-assistant-api/index.ts(71,32): error TS2503: Cannot find namespace 'z'.
src/etl-assistant-api/index.ts(72,37): error TS2503: Cannot find namespace 'z'.
src/feature-flags/middleware.ts(7,10): error TS2305: Module '"*"' has no exported member 'createFeatureFlagMiddleware'.
src/feature-flags/middleware.ts(10,15): error TS2305: Module '"*"' has no exported member 'FlagContext'.
src/feature-flags/setup.ts(8,3): error TS2305: Module '"*"' has no exported member 'FeatureFlagService'.
src/feature-flags/setup.ts(9,3): error TS2305: Module '"*"' has no exported member 'LaunchDarklyProvider'.
src/feature-flags/setup.ts(10,3): error TS2305: Module '"*"' has no exported member 'UnleashProvider'.
src/feature-flags/setup.ts(11,3): error TS2305: Module '"*"' has no exported member 'RedisCache'.
src/feature-flags/setup.ts(12,3): error TS2305: Module '"*"' has no exported member 'PrometheusMetrics'.
src/federal/dual-notary.ts(46,19): error TS2503: Cannot find namespace 'z'.
src/federal/dual-notary.ts(49,32): error TS2503: Cannot find namespace 'z'.
src/federal/dual-notary.ts(191,50): error TS2554: Expected 0 arguments, but got 1.
src/graphql/dataloaders/__tests__/entityLoader.test.ts(135,15): error TS2352: Conversion of type 'Entity' to type 'Error' may be a mistake because neither type sufficiently overlaps with the other. If this was intentional, convert the expression to 'unknown' first.
  Type 'Entity' is missing the following properties from type 'Error': name, message
src/graphql/dataloaders/__tests__/entityLoader.test.ts(177,15): error TS2352: Conversion of type 'Entity' to type 'Error' may be a mistake because neither type sufficiently overlaps with the other. If this was intentional, convert the expression to 'unknown' first.
  Type 'Entity' is missing the following properties from type 'Error': name, message
src/graphql/loaders.ts(21,5): error TS2322: Type 'unknown[]' is not assignable to type '(Error | User)[]'.
  Type 'unknown' is not assignable to type 'Error | User'.
src/graphql/multimodalResolvers.ts(261,9): error TS2554: Expected 2 arguments, but got 3.
src/graphql/multimodalResolvers.ts(278,38): error TS2339: Property 'generateMultimodalTimeline' does not exist on type 'MultimodalDataService'.
src/graphql/plugins/apqPlugin.ts(129,32): error TS2339: Property 'body' does not exist on type 'string'.
src/graphql/plugins/apqPlugin.ts(130,51): error TS2339: Property 'body' does not exist on type 'string'.
src/graphql/plugins/apqPlugin.ts(142,47): error TS2339: Property 'body' does not exist on type 'string'.
src/graphql/plugins/apqPlugin.ts(147,37): error TS2339: Property 'body' does not exist on type 'string'.
src/graphql/plugins/deprecation-plugin.ts(4,10): error TS2305: Module '"*"' has no exported member 'logger'.
src/graphql/plugins/performanceMonitoringPlugin.ts(83,52): error TS2339: Property 'loaders' does not exist on type 'BaseContext'.
src/graphql/plugins/performanceMonitoringPlugin.ts(84,43): error TS2339: Property 'loaders' does not exist on type 'BaseContext'.
src/graphql/plugins/performanceMonitoringPlugin.ts(106,54): error TS2339: Property 'loaders' does not exist on type 'BaseContext'.
src/graphql/plugins/performanceMonitoringPlugin.ts(107,47): error TS2339: Property 'loaders' does not exist on type 'BaseContext'.
src/graphql/plugins/performanceMonitoringPlugin.ts(141,35): error TS2339: Property 'user' does not exist on type 'BaseContext'.
src/graphql/plugins/queryComplexityPlugin.ts(8,10): error TS2305: Module '"graphql-query-complexity"' has no exported member 'getComplexity'.
src/graphql/plugins/queryComplexityPlugin.ts(8,25): error TS2305: Module '"graphql-query-complexity"' has no exported member 'simpleEstimator'.
src/graphql/plugins/queryComplexityPlugin.ts(8,42): error TS2305: Module '"graphql-query-complexity"' has no exported member 'fieldExtensionsEstimator'.
src/graphql/plugins/rateLimitAndCache.ts(3,10): error TS2305: Module '"graphql-query-complexity"' has no exported member 'getComplexity'.
src/graphql/plugins/rateLimitAndCache.ts(3,25): error TS2305: Module '"graphql-query-complexity"' has no exported member 'simpleEstimator'.
src/graphql/plugins/rateLimitAndCache.ts(3,42): error TS2305: Module '"graphql-query-complexity"' has no exported member 'fieldExtensionsEstimator'.
src/graphql/resolvers/entity.ts(203,27): error TS2304: Cannot find name 'context'.
src/graphql/resolvers/governedInvestigation.ts(520,7): error TS2322: Type '"system_error"' is not assignable to type 'AuditEventType'.
src/graphql/resolvers/graphragQueryResolvers.ts(9,10): error TS2614: Module '"../../utils/logger.js"' has no exported member 'logger'. Did you mean to use 'import logger from "../../utils/logger.js"' instead?
src/graphql/resolvers/graphragQueryResolvers.ts(32,5): error TS2554: Expected 1 arguments, but got 2.
src/graphql/resolvers/search.ts(1,10): error TS2305: Module '"*"' has no exported member 'ElasticsearchService'.
src/graphql/resolvers/search.ts(2,10): error TS2305: Module '"*"' has no exported member 'QueryBuilderService'.
src/graphql/resolvers/search.ts(3,10): error TS2305: Module '"*"' has no exported member 'SavedSearchService'.
src/graphql/resolvers/search.ts(4,10): error TS2305: Module '"*"' has no exported member 'SearchAnalyticsService'.
src/graphql/resolvers/search.ts(5,10): error TS2305: Module '"*"' has no exported member 'IndexingService'.
src/graphql/resolvers/search.ts(6,10): error TS2305: Module '"*"' has no exported member 'SearchQuery'.
src/graphql/resolvers/xai-overlay.ts(7,10): error TS2459: Module '"../../risk/RiskEngine.js"' declares 'FeatureVector' locally, but it is not exported.
src/integrations/SmartCityConnector.ts(6,10): error TS2305: Module '"uuid"' has no exported member 'v4'.
src/lib/routing/load-balancer.ts(14,35): error TS2576: Property 'getInstance' does not exist on type 'AdaptiveRouter'. Did you mean to access the static member 'AdaptiveRouter.getInstance' instead?
src/lib/routing/load-balancer.ts(15,38): error TS2576: Property 'getInstance' does not exist on type 'MetricsCollector'. Did you mean to access the static member 'MetricsCollector.getInstance' instead?
src/lib/routing/tests/load-balancer.test.ts(29,29): error TS2345: Argument of type '{ id: string; address: string; weight: number; connections: number; latency: number; status: string; }' is not assignable to parameter of type 'Backend'.
  Types of property 'status' are incompatible.
    Type 'string' is not assignable to type '"UP" | "DOWN"'.
src/lib/routing/tests/load-balancer.test.ts(53,29): error TS2345: Argument of type '{ id: string; address: string; weight: number; connections: number; latency: number; status: string; }' is not assignable to parameter of type 'Backend'.
  Types of property 'status' are incompatible.
    Type 'string' is not assignable to type '"UP" | "DOWN"'.
src/lib/streaming/backpressure.ts(18,7): error TS2561: Object literal may only specify known properties, but 'highWatermark' does not exist in type 'TransformOptions<Transform>'. Did you mean to write 'highWaterMark'?
src/lib/telemetry/comprehensive-telemetry.ts(4,3): error TS2305: Module '"@opentelemetry/api"' has no exported member 'Meter'.
src/lib/telemetry/comprehensive-telemetry.ts(5,3): error TS2305: Module '"@opentelemetry/api"' has no exported member 'Counter'.
src/lib/telemetry/comprehensive-telemetry.ts(6,3): error TS2305: Module '"@opentelemetry/api"' has no exported member 'Histogram'.
src/lib/telemetry/comprehensive-telemetry.ts(7,3): error TS2305: Module '"@opentelemetry/api"' has no exported member 'UpDownCounter'.
src/lib/telemetry/comprehensive-telemetry.ts(8,3): error TS2305: Module '"@opentelemetry/api"' has no exported member 'ObservableGauge'.
src/lib/telemetry/comprehensive-telemetry.ts(9,3): error TS2305: Module '"@opentelemetry/api"' has no exported member 'metrics'.
src/lib/telemetry/comprehensive-telemetry.ts(11,10): error TS2305: Module '"@opentelemetry/exporter-prometheus"' has no exported member 'PrometheusExporter'.
src/lib/telemetry/comprehensive-telemetry.ts(13,3): error TS2305: Module '"@opentelemetry/sdk-metrics"' has no exported member 'MeterProvider'.
src/lib/telemetry/comprehensive-telemetry.ts(14,3): error TS2305: Module '"@opentelemetry/sdk-metrics"' has no exported member 'PeriodicExportingMetricReader'.
src/lib/telemetry/comprehensive-telemetry.ts(16,10): error TS2305: Module '"@opentelemetry/resources"' has no exported member 'Resource'.
src/lib/telemetry/comprehensive-telemetry.ts(17,10): error TS2305: Module '"@opentelemetry/semantic-conventions"' has no exported member 'SemanticResourceAttributes'.
src/lib/tokcount-enhanced.ts(116,24): error TS2351: This expression is not constructable.
  Type 'typeof import("/app/server/node_modules/lru-cache/dist/commonjs/index")' has no construct signatures.
src/middleware/__tests__/auth.test.ts(7,62): error TS6059: File '/app/tests/factories/requestFactory.ts' is not under 'rootDir' '/app/server/src'. 'rootDir' is expected to contain all source files.
  The file is in the program because:
    Imported via '../../../../tests/factories/requestFactory' from file '/app/server/src/middleware/__tests__/auth.test.ts'
    Imported via '../../../../tests/factories/requestFactory' from file '/app/server/src/middleware/__tests__/rbac.test.ts'
    Imported via '../../../../tests/factories/requestFactory' from file '/app/server/src/middleware/__tests__/requestId.test.ts'
    Imported via '../../../../tests/factories/requestFactory' from file '/app/server/src/middleware/__tests__/sanitize.test.ts'
    Imported via '../../../../tests/factories/requestFactory' from file '/app/server/src/middleware/__tests__/tenantHeader.test.ts'
    Imported via '../../../../tests/factories/requestFactory' from file '/app/server/src/middleware/__tests__/validation.test.ts'
src/middleware/__tests__/auth.test.ts(8,29): error TS6059: File '/app/tests/factories/userFactory.ts' is not under 'rootDir' '/app/server/src'. 'rootDir' is expected to contain all source files.
  The file is in the program because:
    Imported via '../../../../tests/factories/userFactory' from file '/app/server/src/middleware/__tests__/auth.test.ts'
    Imported via '../../../../tests/factories/userFactory' from file '/app/server/src/middleware/__tests__/rbac.test.ts'
src/middleware/__tests__/rbac.test.ts(230,34): error TS2820: Type '"ANALYST"' is not assignable to type '"user" | "analyst" | "admin" | "viewer"'. Did you mean '"analyst"'?
src/middleware/api-version.ts(2,10): error TS2305: Module '"*"' has no exported member 'logger'.
src/middleware/deprecation.ts(2,10): error TS2305: Module '"*"' has no exported member 'logger'.
src/middleware/graphql-validation-plugin.ts(206,42): error TS2339: Property 'errors' does not exist on type 'GraphQLInProgressResponse & GraphQLInProgressResponse<Record<string, unknown>> & Required<Pick<GraphQLInProgressResponse<Record<string, unknown>>, "body">>'.
src/middleware/graphql-validation-plugin.ts(207,44): error TS2339: Property 'errors' does not exist on type 'GraphQLInProgressResponse & GraphQLInProgressResponse<Record<string, unknown>> & Required<Pick<GraphQLInProgressResponse<Record<string, unknown>>, "body">>'.
src/middleware/opa-abac.ts(6,10): error TS2614: Module '"../utils/logger"' has no exported member 'logger'. Did you mean to use 'import logger from "../utils/logger"' instead?
src/middleware/opa-abac.ts(7,21): error TS2395: Individual declarations in merged declaration 'OPAClient' must be all exported or all local.
src/middleware/opa-abac.ts(7,21): error TS2440: Import declaration conflicts with local declaration of 'OPAClient'.
src/middleware/opa-abac.ts(29,14): error TS2395: Individual declarations in merged declaration 'OPAClient' must be all exported or all local.
src/migrations/002_neo4j_policy_tags.ts(9,10): error TS2614: Module '"../utils/logger"' has no exported member 'logger'. Did you mean to use 'import logger from "../utils/logger"' instead?
src/nl2cypher/sandbox.ts(2,10): error TS2305: Module '"*"' has no exported member 'Neo4jContainer'.
src/nl2cypher/sandbox.ts(2,26): error TS2305: Module '"*"' has no exported member 'StartedNeo4jContainer'.
src/notifications-hub/index.ts(93,13): error TS2304: Cannot find name 'NotificationHub'.
src/notifications-hub/index.ts(133,19): error TS2304: Cannot find name 'NotificationHub'.
src/notifications-hub/index.ts(143,8): error TS2304: Cannot find name 'NotificationHub'.
src/notifications-hub/index.ts(144,12): error TS2304: Cannot find name 'AdapterRegistry'.
src/notifications-hub/index.ts(145,24): error TS2304: Cannot find name 'AdapterRegistry'.
src/observability/enhanced-metrics.ts(7,10): error TS2724: '"../monitoring/metrics.js"' has no exported member named 'registry'. Did you mean 'register'?
src/observability/metrics-enhanced.ts(10,3): error TS2305: Module '"prom-client"' has no exported member 'Summary'.
src/observability/otel-full.ts(6,10): error TS2305: Module '"@opentelemetry/sdk-node"' has no exported member 'NodeSDK'.
src/observability/otel-full.ts(7,10): error TS2305: Module '"@opentelemetry/auto-instrumentations-node"' has no exported member 'getNodeAutoInstrumentations'.
src/observability/otel-full.ts(8,10): error TS2305: Module '"@opentelemetry/exporter-trace-otlp-http"' has no exported member 'OTLPTraceExporter'.
src/observability/otel-full.ts(9,10): error TS2305: Module '"@opentelemetry/resources"' has no exported member 'Resource'.
src/observability/otel-full.ts(11,3): error TS2305: Module '"@opentelemetry/semantic-conventions"' has no exported member 'SEMRESATTRS_SERVICE_NAME'.
src/observability/otel-full.ts(12,3): error TS2305: Module '"@opentelemetry/semantic-conventions"' has no exported member 'SEMRESATTRS_SERVICE_VERSION'.
src/observability/otel-full.ts(13,3): error TS2305: Module '"@opentelemetry/semantic-conventions"' has no exported member 'SEMRESATTRS_DEPLOYMENT_ENVIRONMENT'.
src/observability/otel-full.ts(20,10): error TS2305: Module '"@opentelemetry/exporter-prometheus"' has no exported member 'PrometheusExporter'.
src/observability/otel-full.ts(21,10): error TS2305: Module '"@opentelemetry/sdk-metrics"' has no exported member 'PeriodicExportingMetricReader'.
src/observability/standard-metrics.ts(34,47): error TS2305: Module '"prom-client"' has no exported member 'Summary'.
src/observability/standard-metrics.ts(448,15): error TS2484: Export declaration conflicts with exported declaration of 'MetricsConfig'.
src/observability/tracer.ts(6,10): error TS2305: Module '"@opentelemetry/sdk-node"' has no exported member 'NodeSDK'.
src/observability/tracer.ts(8,10): error TS2305: Module '"@opentelemetry/semantic-conventions"' has no exported member 'SemanticResourceAttributes'.
src/observability/tracer.ts(10,10): error TS2305: Module '"@opentelemetry/auto-instrumentations-node"' has no exported member 'getNodeAutoInstrumentations'.
src/observability/tracer.ts(14,3): error TS2305: Module '"@opentelemetry/api"' has no exported member 'propagation'.
src/observability/tracer.ts(18,3): error TS2724: '"@opentelemetry/api"' has no exported member named 'Context'. Did you mean 'context'?
src/observability/tracer.ts(123,14): error TS2749: 'SpanKind' refers to a value, but is being used as a type here. Did you mean 'typeof SpanKind'?
src/observability/tracer.ts(151,14): error TS2749: 'SpanKind' refers to a value, but is being used as a type here. Did you mean 'typeof SpanKind'?
src/observability/tracing.ts(17,10): error TS2305: Module '"@opentelemetry/sdk-node"' has no exported member 'NodeSDK'.
src/observability/tracing.ts(18,10): error TS2305: Module '"@opentelemetry/auto-instrumentations-node"' has no exported member 'getNodeAutoInstrumentations'.
src/observability/tracing.ts(19,10): error TS2305: Module '"@opentelemetry/resources"' has no exported member 'Resource'.
src/observability/tracing.ts(20,10): error TS2305: Module '"@opentelemetry/semantic-conventions"' has no exported member 'SemanticResourceAttributes'.
src/observability/tracing.ts(22,10): error TS2305: Module '"@opentelemetry/exporter-prometheus"' has no exported member 'PrometheusExporter'.
src/pii/copilotIntegration.ts(114,34): error TS2339: Property 'reason' does not exist on type '{ allowed: boolean; restricted?: { reason: string; sensitivity: SensitivityClass; requiredClearance: number; }; }'.
src/pii/examples/fullIntegration.ts(409,25): error TS2339: Property 'initialize' does not exist on type 'MetadataStore'.
src/publishing/__tests__/proof-carrying-publishing.test.ts(33,66): error TS2554: Expected 0 arguments, but got 1.
src/publishing/disclosure-packager.ts(142,70): error TS2554: Expected 0 arguments, but got 1.
src/publishing/hash-tree-builder.ts(213,70): error TS2339: Property 'data' does not exist on type '{ path: string; hash: string; size: number; }'.
src/publishing/hash-tree-builder.ts(235,7): error TS2322: Type 'MerkleNode[]' is not assignable to type '{ hash: string; data: any; }[]'.
  Type 'MerkleNode' is not assignable to type '{ hash: string; data: any; }'.
    Property 'data' is optional in type 'MerkleNode' but required in type '{ hash: string; data: any; }'.
src/publishing/proof-carrying-publisher.ts(104,70): error TS2554: Expected 0 arguments, but got 1.
src/repos/InvestigationRepo.ts(85,20): error TS2345: Argument of type '{ tenantId: string; actionType: string; resourceType: string; resourceId: string; actorId: string; actorType: "user"; payload: { name: string; }; metadata: {}; }' is not assignable to parameter of type 'Omit<ProvenanceEntry, "id" | "sequenceNumber" | "previousHash" | "currentHash">'.
  Property 'timestamp' is missing in type '{ tenantId: string; actionType: string; resourceType: string; resourceId: string; actorId: string; actorType: "user"; payload: { name: string; }; metadata: {}; }' but required in type 'Omit<ProvenanceEntry, "id" | "sequenceNumber" | "previousHash" | "currentHash">'.
src/repos/InvestigationRepo.ts(150,22): error TS2345: Argument of type '{ tenantId: string; actionType: string; resourceType: string; resourceId: string; actorId: string; actorType: "system"; payload: { updates: InvestigationUpdateInput; }; metadata: {}; }' is not assignable to parameter of type 'Omit<ProvenanceEntry, "id" | "sequenceNumber" | "previousHash" | "currentHash">'.
  Property 'timestamp' is missing in type '{ tenantId: string; actionType: string; resourceType: string; resourceId: string; actorId: string; actorType: "system"; payload: { updates: InvestigationUpdateInput; }; metadata: {}; }' but required in type 'Omit<ProvenanceEntry, "id" | "sequenceNumber" | "previousHash" | "currentHash">'.
src/repos/InvestigationRepo.ts(189,24): error TS2345: Argument of type '{ tenantId: any; actionType: string; resourceType: string; resourceId: string; actorId: string; actorType: "system"; payload: {}; metadata: {}; }' is not assignable to parameter of type 'Omit<ProvenanceEntry, "id" | "sequenceNumber" | "previousHash" | "currentHash">'.
  Property 'timestamp' is missing in type '{ tenantId: any; actionType: string; resourceType: string; resourceId: string; actorId: string; actorType: "system"; payload: {}; metadata: {}; }' but required in type 'Omit<ProvenanceEntry, "id" | "sequenceNumber" | "previousHash" | "currentHash">'.
src/repos/__tests__/EntityRepo.test.ts(15,21): error TS2305: Module '"pg"' has no exported member 'PoolClient'.
src/repos/__tests__/EntityRepo.test.ts(34,44): error TS2345: Argument of type 'any' is not assignable to parameter of type 'never'.
src/repos/__tests__/InvestigationRepo.test.ts(19,21): error TS2305: Module '"pg"' has no exported member 'PoolClient'.
src/repos/__tests__/InvestigationRepo.test.ts(35,44): error TS2345: Argument of type 'any' is not assignable to parameter of type 'never'.
src/routes/health.ts(3,10): error TS2614: Module '"../utils/logger.js"' has no exported member 'logger'. Did you mean to use 'import logger from "../utils/logger.js"' instead?
src/routes/webhooks.ts(10,10): error TS2305: Module '"*"' has no exported member 'z'.
src/security/llm-guardrails.ts(17,10): error TS2305: Module '"*"' has no exported member 'Logger'.
src/security/llm-guardrails.ts(18,10): error TS2724: '"../observability/metrics.js"' has no exported member named 'Metrics'. Did you mean 'metrics'?
src/security/llm-guardrails.ts(464,54): error TS2339: Property 'validate' does not exist on type 'SafetyV2Service'.
src/services/AdminPanelService.ts(16,16): error TS2305: Module '"pg"' has no exported member 'PoolClient'.
src/services/AdminPanelService.ts(18,10): error TS2614: Module '"../utils/logger.js"' has no exported member 'Logger'. Did you mean to use 'import Logger from "../utils/logger.js"' instead?
src/services/AdminPanelService.ts(578,51): error TS2554: Expected 0 arguments, but got 1.
src/services/CacheInvalidationService.ts(15,10): error TS2305: Module '"*"' has no exported member 'RedisCacheManager'.
src/services/CacheInvalidationService.ts(15,29): error TS2305: Module '"*"' has no exported member 'CACHE_PREFIX'.
src/services/CacheInvalidationService.ts(257,38): error TS2339: Property 'invalidate' does not exist on type 'NeighborhoodCache'.
src/services/CacheWarmingService.ts(17,10): error TS2305: Module '"*"' has no exported member 'RedisCacheManager'.
src/services/CacheWarmingService.ts(164,44): error TS2339: Property 'set' does not exist on type 'NeighborhoodCache'.
src/services/CacheWarmingService.ts(436,40): error TS2339: Property 'set' does not exist on type 'NeighborhoodCache'.
src/services/CacheWarmingService.ts(485,32): error TS2339: Property 'set' does not exist on type 'NeighborhoodCache'.
src/services/DigitalTwinService.ts(6,10): error TS2305: Module '"uuid"' has no exported member 'v4'.
src/services/DigitalTwinService.ts(232,61): error TS2503: Cannot find namespace 'GeoJSON'.
src/services/DigitalTwinService.ts(240,37): error TS2503: Cannot find namespace 'GeoJSON'.
src/services/DigitalTwinService.ts(269,7): error TS2322: Type '{ id: string; name: string; type: AssetType; location: GeoJSONGeometry; status: { health: HealthStatus; score: number; lastSync: string; }; sensors: { ...; }[]; metadata: AssetMetadata; }[]' is not assignable to type '{ id: string; name: string; type: AssetType; location: GeoJSONGeometry; status: { health: HealthStatus; score: number; lastSync: string; }; sensors: { ...; }[]; metadata: Record<...>; }[]'.
  Type '{ id: string; name: string; type: AssetType; location: GeoJSONGeometry; status: { health: HealthStatus; score: number; lastSync: string; }; sensors: { ...; }[]; metadata: AssetMetadata; }' is not assignable to type '{ id: string; name: string; type: AssetType; location: GeoJSONGeometry; status: { health: HealthStatus; score: number; lastSync: string; }; sensors: { ...; }[]; metadata: Record<...>; }'.
    Types of property 'metadata' are incompatible.
      Type 'AssetMetadata' is not assignable to type 'Record<string, unknown>'.
        Index signature for type 'string' is missing in type 'AssetMetadata'.
src/services/ElasticsearchAuditService.ts(6,10): error TS2305: Module '"*"' has no exported member 'Client'.
src/services/FeatureFlagService.ts(13,10): error TS2614: Module '"../utils/logger"' has no exported member 'Logger'. Did you mean to use 'import Logger from "../utils/logger"' instead?
src/services/FeatureFlagService.ts(74,22): error TS2503: Cannot find namespace 'LaunchDarkly'.
src/services/FeatureFlagService.ts(320,54): error TS2345: Argument of type 'T' is not assignable to parameter of type 'FlagValue'.
src/services/FeatureFlagService.ts(355,19): error TS2503: Cannot find namespace 'LaunchDarkly'.
src/services/GlassBoxRunService.ts(11,10): error TS2305: Module '"uuid"' has no exported member 'v4'.
src/services/GlassBoxRunService.ts(14,10): error TS2614: Module '"../utils/logger.js"' has no exported member 'logger'. Did you mean to use 'import logger from "../utils/logger.js"' instead?
src/services/GraphRAGQueryService.ts(15,10): error TS2614: Module '"../utils/logger.js"' has no exported member 'logger'. Did you mean to use 'import logger from "../utils/logger.js"' instead?
src/services/NLToCypherService.ts(42,30): error TS2694: Namespace 'anyExport' has no exported member 'infer'.
src/services/NLToCypherService.ts(43,30): error TS2694: Namespace 'anyExport' has no exported member 'infer'.
src/services/PredictiveMaintenanceService.ts(6,10): error TS2305: Module '"uuid"' has no exported member 'v4'.
src/services/ProofOfNonCollectionService.ts(163,77): error TS2554: Expected 1 arguments, but got 2.
src/services/ProofOfNonCollectionService.ts(301,11): error TS2322: Type '"pnc.report.generated"' is not assignable to type 'AuditEventType'.
src/services/ProofOfNonCollectionService.ts(349,7): error TS2322: Type '"pnc.report.finalized"' is not assignable to type 'AuditEventType'.
src/services/QueryPreviewService.ts(12,10): error TS2305: Module '"uuid"' has no exported member 'v4'.
src/services/QueryPreviewService.ts(16,10): error TS2614: Module '"../utils/logger.js"' has no exported member 'logger'. Did you mean to use 'import logger from "../utils/logger.js"' instead?
src/services/QueryPreviewService.ts(223,50): error TS2339: Property 'concerns' does not exist on type 'PolicyRisk'.
src/services/QueryPreviewService.ts(224,51): error TS2339: Property 'piiFields' does not exist on type 'PolicyRisk'.
src/services/QueryPreviewService.ts(225,58): error TS2339: Property 'mutationDetected' does not exist on type 'PolicyRisk'.
src/services/QueryPreviewService.ts(226,60): error TS2339: Property 'recommendedActions' does not exist on type 'PolicyRisk'.
src/services/QueryPreviewService.ts(249,43): error TS2339: Property 'explanation' does not exist on type 'NlToCypherResponse'.
src/services/QueryPreviewService.ts(252,45): error TS2339: Property 'isValid' does not exist on type 'NlToCypherResponse'.
src/services/QueryPreviewService.ts(253,43): error TS2339: Property 'validationErrors' does not exist on type 'NlToCypherResponse'.
src/services/QueryPreviewService.ts(258,37): error TS2339: Property 'confidence' does not exist on type 'NlToCypherResponse'.
src/services/SecuredLLMService.ts(19,10): error TS2305: Module '"*"' has no exported member 'Logger'.
src/services/SecuredLLMService.ts(148,43): error TS2339: Property 'complete' does not exist on type 'typeof LLMService'.
src/services/SecuredLLMService.ts(269,43): error TS2339: Property 'chat' does not exist on type 'typeof LLMService'.
src/services/SelectorMinimizationService.ts(161,77): error TS2554: Expected 1 arguments, but got 2.
src/services/SelectorMinimizationService.ts(232,11): error TS2322: Type '"query.scope.tracked"' is not assignable to type 'AuditEventType'.
src/services/TripwireMetricsService.ts(82,72): error TS2554: Expected 1 arguments, but got 2.
src/services/__tests__/AuthService.test.ts(17,21): error TS2305: Module '"pg"' has no exported member 'PoolClient'.
src/services/__tests__/AuthService.test.ts(52,44): error TS2345: Argument of type 'any' is not assignable to parameter of type 'never'.
src/services/__tests__/AuthService.test.ts(75,52): error TS2345: Argument of type '"$argon2id$v=19$m=65536$..."' is not assignable to parameter of type 'never'.
src/services/__tests__/AuthService.test.ts(131,52): error TS2345: Argument of type '"$argon2id$v=19$m=65536$..."' is not assignable to parameter of type 'never'.
src/services/__tests__/AuthService.test.ts(158,52): error TS2345: Argument of type '"hashed-password"' is not assignable to parameter of type 'never'.
src/services/__tests__/AuthService.test.ts(173,52): error TS2345: Argument of type '"$argon2id$v=19$m=65536$..."' is not assignable to parameter of type 'never'.
src/services/__tests__/AuthService.test.ts(218,54): error TS2345: Argument of type 'true' is not assignable to parameter of type 'never'.
src/services/__tests__/AuthService.test.ts(269,54): error TS2345: Argument of type 'false' is not assignable to parameter of type 'never'.
src/services/__tests__/AuthService.test.ts(290,54): error TS2345: Argument of type 'true' is not assignable to parameter of type 'never'.
src/services/__tests__/AuthService.test.ts(315,54): error TS2345: Argument of type 'true' is not assignable to parameter of type 'never'.
src/services/__tests__/AuthService.test.ts(563,54): error TS2345: Argument of type 'true' is not assignable to parameter of type 'never'.
src/services/__tests__/FeatureFlagService.test.ts(14,10): error TS2614: Module '"../../utils/logger"' has no exported member 'Logger'. Did you mean to use 'import Logger from "../../utils/logger"' instead?
src/services/__tests__/FeatureFlagService.test.ts(665,23): error TS2304: Cannot find name 'getFeatureFlagService'.
src/services/__tests__/FeatureFlagService.test.ts(670,23): error TS2304: Cannot find name 'getFeatureFlagService'.
src/services/__tests__/GraphRAGQueryService.test.ts(68,66): error TS2554: Expected 1 arguments, but got 2.
src/services/__tests__/NLToCypherService.test.ts(47,52): error TS2345: Argument of type '{ allowed: boolean; risk_score: number; audit_id: string; }' is not assignable to parameter of type 'never'.
src/services/__tests__/NLToCypherService.test.ts(59,34): error TS2345: Argument of type '{ records: ({ get: (key: string) => 10 | "Person"; } | { get: (key: string) => 5 | "Organization"; })[]; }' is not assignable to parameter of type 'never'.
src/services/__tests__/NLToCypherService.test.ts(65,34): error TS2345: Argument of type '{ records: { get: (key: string) => 8 | "WORKS_FOR"; }[]; }' is not assignable to parameter of type 'never'.
src/services/__tests__/NLToCypherService.test.ts(70,34): error TS2345: Argument of type '{ summary: { plan: { arguments: { EstimatedRows: number; }; }; }; }' is not assignable to parameter of type 'never'.
src/services/__tests__/NLToCypherService.test.ts(83,49): error TS2345: Argument of type 'string' is not assignable to parameter of type 'never'.
src/services/__tests__/NLToCypherService.test.ts(107,42): error TS2345: Argument of type '{ records: undefined[]; }' is not assignable to parameter of type 'never'.
src/services/__tests__/NLToCypherService.test.ts(113,49): error TS2345: Argument of type 'string' is not assignable to parameter of type 'never'.
src/services/__tests__/NLToCypherService.test.ts(130,54): error TS2345: Argument of type '{ allowed: boolean; reason: string; risk_score: number; warnings: string[]; audit_id: string; }' is not assignable to parameter of type 'never'.
src/services/__tests__/NLToCypherService.test.ts(153,34): error TS2345: Argument of type '{ records: undefined[]; }' is not assignable to parameter of type 'never'.
src/services/__tests__/NLToCypherService.test.ts(154,34): error TS2345: Argument of type '{ records: undefined[]; }' is not assignable to parameter of type 'never'.
src/services/__tests__/NLToCypherService.test.ts(155,34): error TS2345: Argument of type '{ summary: { plan: { arguments: { EstimatedRows: number; }; }; }; }' is not assignable to parameter of type 'never'.
src/services/__tests__/NLToCypherService.test.ts(167,49): error TS2345: Argument of type 'string' is not assignable to parameter of type 'never'.
src/services/__tests__/NLToCypherService.test.ts(188,34): error TS2345: Argument of type '{ records: undefined[]; }' is not assignable to parameter of type 'never'.
src/services/__tests__/NLToCypherService.test.ts(189,34): error TS2345: Argument of type '{ records: undefined[]; }' is not assignable to parameter of type 'never'.
src/services/__tests__/NLToCypherService.test.ts(190,34): error TS2345: Argument of type '{ summary: { plan: { arguments: { EstimatedRows: number; }; }; }; }' is not assignable to parameter of type 'never'.
src/services/__tests__/NLToCypherService.test.ts(202,49): error TS2345: Argument of type 'string' is not assignable to parameter of type 'never'.
src/services/__tests__/NLToCypherService.test.ts(222,42): error TS2345: Argument of type '{ records: { keys: string[]; get: (key: string) => { id: string; type: string; label: string; }; }[]; summary: { resultAvailableAfter: { toNumber: () => number; }; }; }' is not assignable to parameter of type 'never'.
src/services/__tests__/NLToCypherService.test.ts(263,42): error TS2345: Argument of type '{ records: { keys: string[]; get: (key: string) => { id: string; type: string; }; }[]; summary: { resultAvailableAfter: { toNumber: () => number; }; }; }' is not assignable to parameter of type 'never'.
src/services/__tests__/NLToCypherService.test.ts(298,34): error TS2345: Argument of type '{ records: undefined[]; }' is not assignable to parameter of type 'never'.
src/services/__tests__/NLToCypherService.test.ts(299,34): error TS2345: Argument of type '{ records: undefined[]; }' is not assignable to parameter of type 'never'.
src/services/__tests__/NLToCypherService.test.ts(300,34): error TS2345: Argument of type '{ summary: { plan: { arguments: { EstimatedRows: number; }; }; }; }' is not assignable to parameter of type 'never'.
src/services/__tests__/NLToCypherService.test.ts(306,34): error TS2345: Argument of type '{ records: { keys: string[]; get: () => { id: string; type: string; label: string; }; }[]; summary: { resultAvailableAfter: { toNumber: () => number; }; }; }' is not assignable to parameter of type 'never'.
src/services/__tests__/NLToCypherService.test.ts(321,49): error TS2345: Argument of type 'string' is not assignable to parameter of type 'never'.
src/services/archival-tiering.ts(6,10): error TS2305: Module '"*"' has no exported member 'S3Client'.
src/services/archival-tiering.ts(6,20): error TS2305: Module '"*"' has no exported member 'PutObjectCommand'.
src/services/archival-tiering.ts(6,38): error TS2305: Module '"*"' has no exported member 'GetObjectCommand'.
src/services/archival-tiering.ts(6,56): error TS2305: Module '"*"' has no exported member 'HeadObjectCommand'.
src/services/archival-tiering.ts(7,10): error TS2305: Module '"*"' has no exported member 'Upload'.
src/services/cacheService.test.ts(1,30): error TS1149: File name '/app/server/src/services/cacheService.ts' differs from already included file name '/app/server/src/services/CacheService.ts' only in casing.
  The file is in the program because:
    Imported via '../services/CacheService.js' from file '/app/server/src/utils/cacheHelper.ts'
    Matched by include pattern 'src/**/*' in '/app/server/tsconfig.json'
    Imported via './cacheService' from file '/app/server/src/services/cacheService.test.ts'
src/services/counterintelligence/DeceptionDetectionEngine.ts(920,7): error TS2322: Type '"COORDINATED"' is not assignable to type '"SCHEDULED" | "SYNCHRONIZED" | "WAVE" | "RANDOM"'.
src/services/counterintelligence/ThreatActorModelingService.ts(769,7): error TS2322: Type 'ThreatActorProfile' is not assignable to type 'Record<string, unknown>'.
  Index signature for type 'string' is missing in type 'ThreatActorProfile'.
src/services/counterintelligence/ThreatActorModelingService.ts(777,7): error TS2322: Type 'BehaviorObservation' is not assignable to type 'Record<string, unknown>'.
  Index signature for type 'string' is missing in type 'BehaviorObservation'.
src/services/counterintelligence/index.ts(10,1): error TS2308: Module './ThreatActorModelingService' has already exported a member named 'AlternativeHypothesis'. Consider explicitly re-exporting to resolve the ambiguity.
src/services/explainable-defense-ai/resolvers.ts(146,75): error TS2345: Argument of type '(inputs: EvidenceItem[]) => Promise<{ result: { score: number; itemCount: number; }; features: { feature: string; value: number; weight: number; contribution: number; direction: string; explanation: string; }[]; }>' is not assignable to parameter of type '(inputs: EvidenceItem[]) => Promise<{ result: { score: number; itemCount: number; }; features: FeatureContribution[]; }>'.
  Type 'Promise<{ result: { score: number; itemCount: number; }; features: { feature: string; value: number; weight: number; contribution: number; direction: string; explanation: string; }[]; }>' is not assignable to type 'Promise<{ result: { score: number; itemCount: number; }; features: FeatureContribution[]; }>'.
    Type '{ result: { score: number; itemCount: number; }; features: { feature: string; value: number; weight: number; contribution: number; direction: string; explanation: string; }[]; }' is not assignable to type '{ result: { score: number; itemCount: number; }; features: FeatureContribution[]; }'.
      Types of property 'features' are incompatible.
        Type '{ feature: string; value: number; weight: number; contribution: number; direction: string; explanation: string; }[]' is not assignable to type 'FeatureContribution[]'.
          Type '{ feature: string; value: number; weight: number; contribution: number; direction: string; explanation: string; }' is not assignable to type 'FeatureContribution'.
            Types of property 'direction' are incompatible.
              Type 'string' is not assignable to type '"neutral" | "positive" | "negative"'.
src/services/reporting/ReportTemplateRegistry.ts(6,10): error TS2305: Module '"uuid"' has no exported member 'v4'.
src/services/reporting/index.ts(6,10): error TS2305: Module '"*"' has no exported member 'ReportingService'.
src/services/xai-overlay/ExternalVerifier.ts(20,10): error TS2459: Module '"../../risk/RiskEngine.js"' declares 'FeatureVector' locally, but it is not exported.
src/services/xai-overlay/XAIOverlayService.ts(15,34): error TS2459: Module '"../../risk/RiskEngine.js"' declares 'FeatureVector' locally, but it is not exported.
src/services/xai-overlay/XAIOverlayService.ts(118,25): error TS2503: Cannot find namespace 'z'.
src/services/xai-overlay/XAIOverlayService.ts(265,43): error TS2365: Operator '+' cannot be applied to types 'unknown' and 'unknown'.
src/services/xai-overlay/XAIOverlayService.ts(266,38): error TS2362: The left-hand side of an arithmetic operation must be of type 'any', 'number', 'bigint' or an enum type.
src/services/xai-overlay/XAIOverlayService.ts(267,22): error TS2362: The left-hand side of an arithmetic operation must be of type 'any', 'number', 'bigint' or an enum type.
src/services/xai-overlay/XAIOverlayService.ts(267,48): error TS2365: Operator '+' cannot be applied to types 'unknown' and 'number'.
src/services/xai-overlay/XAIOverlayService.ts(267,63): error TS2362: The left-hand side of an arithmetic operation must be of type 'any', 'number', 'bigint' or an enum type.
src/services/xai-overlay/XAIOverlayService.ts(284,23): error TS2345: Argument of type 'unknown' is not assignable to parameter of type 'number'.
src/services/xai-overlay/XAIOverlayService.ts(285,23): error TS2345: Argument of type 'unknown' is not assignable to parameter of type 'number'.
src/services/xai-overlay/__tests__/XAIOverlayService.test.ts(14,10): error TS2459: Module '"../../../risk/RiskEngine.js"' declares 'FeatureVector' locally, but it is not exported.
src/simulation/SimulationEngine.ts(6,10): error TS2305: Module '"uuid"' has no exported member 'v4'.
src/tests/PaymentProcessor.test.ts(1,10): error TS2305: Module '"*"' has no exported member 'describe'.
src/tests/PaymentProcessor.test.ts(1,20): error TS2305: Module '"*"' has no exported member 'it'.
src/tests/PaymentProcessor.test.ts(1,24): error TS2305: Module '"*"' has no exported member 'expect'.
src/tests/PaymentProcessor.test.ts(1,32): error TS2305: Module '"*"' has no exported member 'beforeEach'.
src/tests/SubscriptionManager.test.ts(1,10): error TS2305: Module '"*"' has no exported member 'describe'.
src/tests/SubscriptionManager.test.ts(1,20): error TS2305: Module '"*"' has no exported member 'it'.
src/tests/SubscriptionManager.test.ts(1,24): error TS2305: Module '"*"' has no exported member 'expect'.
src/tests/SubscriptionManager.test.ts(1,32): error TS2305: Module '"*"' has no exported member 'beforeEach'.
src/tests/canonical/integration.test.ts(196,19): error TS2339: Property 'name' does not exist on type 'BaseCanonicalEntity'.
src/tests/canonical/integration.test.ts(260,22): error TS2339: Property 'occupations' does not exist on type 'BaseCanonicalEntity'.
src/tests/canonical/integration.test.ts(261,22): error TS2339: Property 'occupations' does not exist on type 'BaseCanonicalEntity'.
src/tests/canonical/integration.test.ts(275,9): error TS2353: Object literal may only specify known properties, and 'name' does not exist in type 'Partial<BaseCanonicalEntity>'.
src/tests/canonical/integration.test.ts(297,25): error TS2339: Property 'name' does not exist on type 'BaseCanonicalEntity'.
src/tests/cluster/failover.test.ts(1,10): error TS2305: Module '"neo4j-driver"' has no exported member 'Neo4jError'.
src/tests/cluster/routing.test.ts(1,10): error TS2305: Module '"neo4j-driver"' has no exported member 'Neo4jError'.
src/tests/dp_sla_enforcer.test.ts(7,17): error TS2322: Type '(id: string) => Promise<number>' is not assignable to type '(orderId: string) => Promise<void>'.
  Type 'Promise<number>' is not assignable to type 'Promise<void>'.
    Type 'number' is not assignable to type 'void'.
src/tests/dp_sla_enforcer.test.ts(9,9): error TS2322: Type '(id: string) => Promise<number>' is not assignable to type '(entId: string) => Promise<void>'.
  Type 'Promise<number>' is not assignable to type 'Promise<void>'.
    Type 'number' is not assignable to type 'void'.
src/tests/featurePlaceholders.test.ts(11,12): error TS2554: Expected 1-2 arguments, but got 0.
src/utils/input-sanitization.ts(15,10): error TS2305: Module '"*"' has no exported member 'escape'.
src/utils/input-sanitization.ts(266,55): error TS2503: Cannot find namespace 'validator'.
src/validation/__tests__/validation.test.ts(189,21): error TS2339: Property 'limit' does not exist on type 'unknown'.
src/validation/__tests__/validation.test.ts(190,21): error TS2339: Property 'offset' does not exist on type 'unknown'.
src/validation/__tests__/validation.test.ts(486,23): error TS2339: Property 'errors' does not exist on type '{ success: false; errors: z.ZodError; } | { success: true; data: unknown; }'.
  Property 'errors' does not exist on type '{ success: true; data: unknown; }'.
src/validation/index.ts(66,11): error TS2503: Cannot find namespace 'z'.
src/validation/index.ts(87,11): error TS2503: Cannot find namespace 'z'.
src/validation/index.ts(89,59): error TS2503: Cannot find namespace 'z'.
src/validation/index.ts(103,11): error TS2503: Cannot find namespace 'z'.
src/validation/index.ts(129,11): error TS2503: Cannot find namespace 'z'.
src/validation/index.ts(134,29): error TS2345: Argument of type 'unknown' is not assignable to parameter of type 'TArgs'.
  'TArgs' could be instantiated with an arbitrary type which could be unrelated to 'unknown'.
src/validation/index.ts(142,11): error TS2503: Cannot find namespace 'z'.
src/validation/index.ts(145,57): error TS2503: Cannot find namespace 'z'.
src/validation/index.ts(147,48): error TS2503: Cannot find namespace 'z'.
src/validation/index.ts(167,59): error TS2503: Cannot find namespace 'z'.
src/validation/index.ts(167,79): error TS2503: Cannot find namespace 'z'.
src/validation/index.ts(168,71): error TS2503: Cannot find namespace 'z'.
src/validation/index.ts(176,15): error TS2503: Cannot find namespace 'z'.
src/validation/index.ts(177,16): error TS2503: Cannot find namespace 'z'.
src/validation/index.ts(182,9): error TS2503: Cannot find namespace 'z'.
src/webhooks/webhook.service.ts(5,10): error TS2305: Module '"*"' has no exported member 'z'.
src/webhooks/webhook.worker.ts(6,10): error TS2614: Module '"../utils/logger.js"' has no exported member 'logger'. Did you mean to use 'import logger from "../utils/logger.js"' instead?
../tests/factories/requestFactory.ts(8,15): error TS2305: Module '"*"' has no exported member 'Request'.
../tests/factories/requestFactory.ts(63,5): error TS2353: Object literal may only specify known properties, and 'get' does not exist in type 'MockRequest'.
