
> intelgraph-server@4.0.1 typecheck /Users/brianlong/Developer/summit/server
> tsc --noEmit

src/agents/negotiation/NegotiationRuntime.ts(650,11): error TS2322: Type '{ messageId: string; role: NegotiationRole; type: "approval" | "proposal" | "resolution" | "counter_proposal" | "challenge" | "counter_challenge" | "acceptance"; turn: number | undefined; timestamp: string; summary: string; sensitiveFieldsRedacted: string[]; }[]' is not assignable to type 'RedactedMessage[]'.
  Type '{ messageId: string; role: NegotiationRole; type: "approval" | "proposal" | "resolution" | "counter_proposal" | "challenge" | "counter_challenge" | "acceptance"; turn: number | undefined; timestamp: string; summary: string; sensitiveFieldsRedacted: string[]; }' is not assignable to type 'RedactedMessage'.
    Types of property 'turn' are incompatible.
      Type 'number | undefined' is not assignable to type 'number'.
        Type 'undefined' is not assignable to type 'number'.
src/audit/ledger.ts(173,18): error TS7006: Parameter 'line' implicitly has an 'any' type.
src/audit/ledger.ts(173,24): error TS7006: Parameter 'index' implicitly has an 'any' type.
src/auth/multi-tenant-rbac.ts(523,5): error TS2322: Type 'string | boolean | undefined' is not assignable to type 'boolean'.
  Type 'undefined' is not assignable to type 'boolean'.
src/autonomous/ApprovalService.ts(90,32): error TS7006: Parameter 'row' implicitly has an 'any' type.
src/autonomous/AutomationExecutor.ts(65,41): error TS18046: 'error' is of type 'unknown'.
src/autonomous/orchestrator.enhanced.ts(121,31): error TS7006: Parameter 'channel' implicitly has an 'any' type.
src/autonomous/orchestrator.enhanced.ts(121,40): error TS7006: Parameter 'message' implicitly has an 'any' type.
src/autonomous/orchestrator.enhanced.ts(138,14): error TS7006: Parameter 'span' implicitly has an 'any' type.
src/autonomous/orchestrator.enhanced.ts(218,22): error TS18046: 'error' is of type 'unknown'.
src/autonomous/orchestrator.enhanced.ts(235,14): error TS7006: Parameter 'span' implicitly has an 'any' type.
src/autonomous/orchestrator.enhanced.ts(280,22): error TS18046: 'error' is of type 'unknown'.
src/autonomous/orchestrator.enhanced.ts(284,22): error TS18046: 'error' is of type 'unknown'.
src/autonomous/orchestrator.enhanced.ts(301,14): error TS7006: Parameter 'span' implicitly has an 'any' type.
src/autonomous/orchestrator.enhanced.ts(333,22): error TS18046: 'error' is of type 'unknown'.
src/autonomous/orchestrator.enhanced.ts(337,22): error TS18046: 'error' is of type 'unknown'.
src/autonomous/orchestrator.enhanced.ts(351,14): error TS7006: Parameter 'span' implicitly has an 'any' type.
src/autonomous/orchestrator.enhanced.ts(489,23): error TS18046: 'error' is of type 'unknown'.
src/autonomous/orchestrator.enhanced.ts(499,22): error TS18046: 'error' is of type 'unknown'.
src/autonomous/orchestrator.enhanced.ts(504,22): error TS18046: 'error' is of type 'unknown'.
src/autonomous/orchestrator.enhanced.ts(653,29): error TS7006: Parameter 'row' implicitly has an 'any' type.
src/autonomous/policy-engine.ts(203,18): error TS18046: 'error' is of type 'unknown'.
src/autonomous/policy-engine.ts(328,34): error TS18046: 'error' is of type 'unknown'.
src/autonomous/policy-engine.ts(518,18): error TS18046: 'error' is of type 'unknown'.
src/autonomous/policy-engine.ts(554,18): error TS18046: 'error' is of type 'unknown'.
src/autonomous/sandbox.ts(106,18): error TS18046: 'error' is of type 'unknown'.
src/autonomous/sandbox.ts(115,17): error TS18046: 'error' is of type 'unknown'.
src/autonomous/sandbox.ts(122,47): error TS18046: 'error' is of type 'unknown'.
src/autonomous/sandbox.ts(262,39): error TS7006: Parameter 'violation' implicitly has an 'any' type.
src/billing/adapters/FileBillingAdapter.ts(63,47): error TS7006: Parameter 'h' implicitly has an 'any' type.
src/billing/adapters/FileBillingAdapter.ts(64,46): error TS7006: Parameter 'v' implicitly has an 'any' type.
src/billing/adapters/FileBillingAdapter.ts(67,24): error TS7006: Parameter 'h' implicitly has an 'any' type.
src/billing/adapters/FileBillingAdapter.ts(67,27): error TS7006: Parameter 'i' implicitly has an 'any' type.
src/billing/entitlements/EntitlementsService.ts(124,11): error TS2322: Type 'string | null' is not assignable to type 'string | undefined'.
  Type 'null' is not assignable to type 'string | undefined'.
src/cache/DistributedCacheService.ts(394,38): error TS7006: Parameter 'channel' implicitly has an 'any' type.
src/cache/DistributedCacheService.ts(394,47): error TS7006: Parameter 'message' implicitly has an 'any' type.
src/cache/responseCache.ts(40,25): error TS2345: Argument of type 'string | undefined' is not assignable to parameter of type 'string'.
  Type 'undefined' is not assignable to type 'string'.
src/cases/chain-of-custody.ts(102,28): error TS7006: Parameter 'row' implicitly has an 'any' type.
src/cases/chain-of-custody.ts(127,28): error TS7006: Parameter 'row' implicitly has an 'any' type.
src/cases/scenarios/ScenarioService.ts(156,69): error TS2322: Type 'string | undefined' is not assignable to type 'string'.
  Type 'undefined' is not assignable to type 'string'.
src/cases/scenarios/ScenarioService.ts(176,69): error TS2322: Type 'string | undefined' is not assignable to type 'string'.
  Type 'undefined' is not assignable to type 'string'.
src/cases/workflow/repos/TaskRepo.ts(311,22): error TS7006: Parameter 'row' implicitly has an 'any' type.
src/cognitive-security/campaign-detection.service.ts(837,34): error TS7006: Parameter 'r' implicitly has an 'any' type.
src/cognitive-security/claims.service.ts(344,34): error TS7006: Parameter 'r' implicitly has an 'any' type.
src/concurrent/concurrent-request-handler.ts(197,18): error TS18046: 'error' is of type 'unknown'.
src/concurrent/concurrent-request-handler.ts(273,36): error TS18046: 'error' is of type 'unknown'.
src/concurrent/concurrent-request-handler.ts(389,16): error TS18046: 'error' is of type 'unknown'.
src/concurrent/concurrent-request-handler.ts(408,16): error TS18046: 'error' is of type 'unknown'.
src/concurrent/concurrent-request-handler.ts(416,18): error TS18046: 'error' is of type 'unknown'.
src/concurrent/concurrent-request-handler.ts(514,18): error TS18046: 'error' is of type 'unknown'.
src/concurrent/concurrent-request-handler.ts(808,18): error TS18046: 'error' is of type 'unknown'.
src/conductor/admission/budget-control.ts(94,7): error TS2345: Argument of type 'boolean | undefined' is not assignable to parameter of type 'boolean'.
  Type 'undefined' is not assignable to type 'boolean'.
src/conductor/api.ts(20,29): error TS7006: Parameter 'r' implicitly has an 'any' type.
src/conductor/cache.ts(105,6): error TS2366: Function lacks ending return statement and return type does not include 'undefined'.
src/conductor/failover/data-replication.ts(221,58): error TS7006: Parameter 'opId' implicitly has an 'any' type.
src/conductor/failover/data-replication.ts(287,25): error TS18046: 'error' is of type 'unknown'.
src/conductor/governance/opa-integration.ts(475,51): error TS2339: Property 'applyFieldMask' does not exist on type '{ willSendResponse(requestContext: any): void; }'.
src/conductor/governance/policy-simulator.ts(109,16): error TS18046: 'error' is of type 'unknown'.
src/conductor/governance/policy-simulator.ts(110,16): error TS18046: 'error' is of type 'unknown'.
src/conductor/governance/policy-simulator.ts(198,16): error TS18046: 'error' is of type 'unknown'.
src/conductor/governance/policy-simulator.ts(229,31): error TS7006: Parameter 'row' implicitly has an 'any' type.
src/conductor/governance/policy-simulator.ts(296,18): error TS18046: 'error' is of type 'unknown'.
src/conductor/incident/response-engine.ts(192,16): error TS18046: 'error' is of type 'unknown'.
src/conductor/incident/response-engine.ts(196,39): error TS18046: 'error' is of type 'unknown'.
src/conductor/incident/response-engine.ts(239,16): error TS18046: 'error' is of type 'unknown'.
src/conductor/incident/response-engine.ts(278,16): error TS18046: 'error' is of type 'unknown'.
src/conductor/incident/response-engine.ts(324,16): error TS18046: 'error' is of type 'unknown'.
src/conductor/incident/response-engine.ts(337,20): error TS18046: 'rollbackError' is of type 'unknown'.
src/conductor/incident/runbook-executor.ts(234,58): error TS18046: 'error' is of type 'unknown'.
src/conductor/incident/runbook-executor.ts(290,31): error TS18046: 'error' is of type 'unknown'.
src/conductor/incident/runbook-executor.ts(294,42): error TS18046: 'error' is of type 'unknown'.
src/conductor/incident/runbook-executor.ts(509,44): error TS18046: 'error' is of type 'unknown'.
src/conductor/incident/war-room.ts(595,41): error TS7006: Parameter 'err' implicitly has an 'any' type.
src/conductor/incident/war-room.ts(601,31): error TS7006: Parameter 'channel' implicitly has an 'any' type.
src/conductor/incident/war-room.ts(601,40): error TS7006: Parameter 'message' implicitly has an 'any' type.
src/config/cors-options.ts(19,11): error TS7006: Parameter 'origin' implicitly has an 'any' type.
src/contracts.ts(23,12): error TS7006: Parameter 'e' implicitly has an 'any' type.
src/data-governance/policy/PolicyEngine.ts(44,55): error TS7006: Parameter 'row' implicitly has an 'any' type.
src/data-governance/quality/DataQualityService.ts(48,28): error TS7006: Parameter 'row' implicitly has an 'any' type.
src/data-residency/exceptions/routes.ts(69,72): error TS18046: 'error' is of type 'unknown'.
src/data-residency/residency-service.ts(766,45): error TS2769: No overload matches this call.
  Overload 1 of 4, '(data: ArrayBufferView<ArrayBufferLike>, inputEncoding: undefined, outputEncoding: Encoding): string', gave the following error.
    Argument of type 'null' is not assignable to parameter of type 'undefined'.
  Overload 2 of 4, '(data: string, inputEncoding: Encoding | undefined, outputEncoding: Encoding): string', gave the following error.
    Argument of type 'NonSharedBuffer' is not assignable to parameter of type 'string'.
src/data-residency/residency-service.ts(767,5): error TS2322: Type 'string' is not assignable to type 'NonSharedBuffer & string'.
  Type 'string' is not assignable to type 'NonSharedBuffer'.
src/data-residency/residency-service.ts(818,35): error TS2769: No overload matches this call.
  Overload 1 of 4, '(data: ArrayBufferView<ArrayBufferLike>, inputEncoding: undefined, outputEncoding: Encoding): string', gave the following error.
    Argument of type 'null' is not assignable to parameter of type 'undefined'.
  Overload 2 of 4, '(data: string, inputEncoding: Encoding | undefined, outputEncoding: Encoding): string', gave the following error.
    Argument of type 'NonSharedBuffer' is not assignable to parameter of type 'string'.
src/data-residency/residency-service.ts(819,5): error TS2322: Type 'string' is not assignable to type 'NonSharedBuffer & string'.
  Type 'string' is not assignable to type 'NonSharedBuffer'.
src/data-residency/residency-service.ts(1058,51): error TS7006: Parameter 'acc' implicitly has an 'any' type.
src/data-residency/residency-service.ts(1058,56): error TS7006: Parameter 'row' implicitly has an 'any' type.
src/db/compensationLog.ts(91,56): error TS7006: Parameter 'tx' implicitly has an 'any' type.
src/db/compensationLog.ts(146,41): error TS7006: Parameter 'tx' implicitly has an 'any' type.
src/db/compensationLog.ts(284,34): error TS7006: Parameter 'record' implicitly has an 'any' type.
src/db/compensationLog.ts(475,34): error TS7006: Parameter 'record' implicitly has an 'any' type.
src/db/dbHealth.ts(265,41): error TS7006: Parameter 'row' implicitly has an 'any' type.
src/db/dbHealth.ts(266,43): error TS7006: Parameter 'row' implicitly has an 'any' type.
src/db/dbHealth.ts(323,41): error TS7006: Parameter 'row' implicitly has an 'any' type.
src/db/dbHealth.ts(324,43): error TS7006: Parameter 'row' implicitly has an 'any' type.
src/db/dbHealth.ts(395,34): error TS7006: Parameter 'row' implicitly has an 'any' type.
src/db/migrations/migration-checker.ts(126,14): error TS7006: Parameter 'file' implicitly has an 'any' type.
src/db/migrations/migration-checker.ts(128,11): error TS7006: Parameter 'file' implicitly has an 'any' type.
src/db/migrations/migration-checker.ts(137,42): error TS7006: Parameter 'migrationPath' implicitly has an 'any' type.
src/db/migrations/migration-checker.ts(149,46): error TS7006: Parameter 'migration' implicitly has an 'any' type.
src/db/migrations/migration-checker.ts(151,6): error TS7006: Parameter 'count' implicitly has an 'any' type.
src/db/migrations/migration-checker.ts(151,13): error TS7006: Parameter 'migration' implicitly has an 'any' type.
src/db/online-migrations/backfillRunner.ts(178,7): error TS2722: Cannot invoke an object which is possibly 'undefined'.
src/db/online-migrations/dualWrite.ts(45,7): error TS2722: Cannot invoke an object which is possibly 'undefined'.
src/db/optimization/analysis.ts(101,48): error TS7006: Parameter 'r' implicitly has an 'any' type.
src/db/optimization/analysis.ts(118,97): error TS18046: 'err' is of type 'unknown'.
src/db/optimization/postgres-performance-optimizer.ts(71,23): error TS7006: Parameter 'row' implicitly has an 'any' type.
src/db/optimization/postgres-performance-optimizer.ts(430,20): error TS7006: Parameter 'r' implicitly has an 'any' type.
src/db/repositories/feedback.ts(42,25): error TS7006: Parameter 'acc' implicitly has an 'any' type.
src/db/repositories/feedback.ts(42,30): error TS7006: Parameter 'row' implicitly has an 'any' type.
src/db/repositories/tickets.ts(161,26): error TS7006: Parameter 'r' implicitly has an 'any' type.
src/db/repositories/tickets.ts(194,26): error TS7006: Parameter 'r' implicitly has an 'any' type.
src/db/repositories/tickets.ts(211,26): error TS7006: Parameter 'r' implicitly has an 'any' type.
src/db/repositories/uat.ts(71,26): error TS7006: Parameter 'r' implicitly has an 'any' type.
src/db/WriteQuorumRouter.ts(115,46): error TS7006: Parameter 'tx' implicitly has an 'any' type.
src/disclosure/audit-bundle.ts(42,24): error TS7006: Parameter 'chunk' implicitly has an 'any' type.
src/disclosure/export-service.ts(70,36): error TS7006: Parameter 'value' implicitly has an 'any' type.
src/disclosure/export-service.ts(71,34): error TS7006: Parameter 'value' implicitly has an 'any' type.
src/disclosure/export-service.ts(597,39): error TS7006: Parameter 'row' implicitly has an 'any' type.
src/experimentation/ExperimentationService.ts(388,49): error TS7006: Parameter 'r' implicitly has an 'any' type.
src/experimentation/ExperimentationService.ts(392,44): error TS7006: Parameter 'r' implicitly has an 'any' type.
src/exports/WatermarkVerificationService.ts(126,47): error TS18046: 'error' is of type 'unknown'.
src/feature-flags/PostgresProvider.ts(37,56): error TS7006: Parameter 'err' implicitly has an 'any' type.
src/feature-flags/PostgresProvider.ts(43,36): error TS7006: Parameter 'channel' implicitly has an 'any' type.
src/feature-flags/PostgresProvider.ts(43,45): error TS7006: Parameter 'message' implicitly has an 'any' type.
src/feature-flags/PostgresProvider.ts(285,7): error TS2322: Type 'FlagEvaluation<null>' is not assignable to type 'FlagEvaluation<FlagVariation>'.
  Type 'null' is not assignable to type 'FlagVariation'.
src/federated/orchestration-service.ts(427,5): error TS2322: Type 'string[]' is not assignable to type 'never[]'.
  Type 'string' is not assignable to type 'never'.
src/federated/orchestration-service.ts(586,28): error TS7006: Parameter 'row' implicitly has an 'any' type.
src/federated/orchestration-service.ts(685,35): error TS7006: Parameter 'r' implicitly has an 'any' type.
src/federated/orchestration-service.ts(688,35): error TS7006: Parameter 'r' implicitly has an 'any' type.
src/federated/orchestration-service.ts(691,35): error TS7006: Parameter 'r' implicitly has an 'any' type.
src/federation/intents.ts(83,50): error TS7006: Parameter 'tx' implicitly has an 'any' type.
src/graphql/dataloaders/complianceAssessmentLoader.ts(90,29): error TS7006: Parameter 'val' implicitly has an 'any' type.
src/graphql/dataloaders/complianceAssessmentLoader.ts(90,34): error TS7006: Parameter 'index' implicitly has an 'any' type.
src/graphql/dataloaders/pluginConfigLoader.ts(99,29): error TS7006: Parameter 'val' implicitly has an 'any' type.
src/graphql/dataloaders/pluginConfigLoader.ts(99,34): error TS7006: Parameter 'index' implicitly has an 'any' type.
src/graphql/dataloaders/policyVerdictLoader.ts(104,29): error TS7006: Parameter 'val' implicitly has an 'any' type.
src/graphql/dataloaders/policyVerdictLoader.ts(104,34): error TS7006: Parameter 'index' implicitly has an 'any' type.
src/graphql/dataloaders/policyVerdictLoader.ts(245,29): error TS7006: Parameter 'val' implicitly has an 'any' type.
src/graphql/dataloaders/policyVerdictLoader.ts(245,34): error TS7006: Parameter 'index' implicitly has an 'any' type.
src/graphql/middleware/licenseRuleValidationMiddleware.ts(121,45): error TS7006: Parameter 'tag' implicitly has an 'any' type.
src/graphql/middleware/otelPlugin.ts(10,32): error TS7031: Binding element 'info' implicitly has an 'any' type.
src/graphql/notifications/resolvers.ts(122,54): error TS7006: Parameter 'row' implicitly has an 'any' type.
src/graphql/notifications/resolvers.ts(235,44): error TS7006: Parameter 'row' implicitly has an 'any' type.
src/graphql/notifications/resolvers.ts(241,46): error TS7006: Parameter 'row' implicitly has an 'any' type.
src/graphql/resolvers-tracing.ts(168,57): error TS7053: Element implicitly has an 'any' type because expression of type 'string | symbol' can't be used to index type '{}'.
  No index signature with a parameter of type 'string' was found on type '{}'.
src/graphql/resolvers-tracing.ts(176,60): error TS7053: Element implicitly has an 'any' type because expression of type 'string | symbol' can't be used to index type '{}'.
  No index signature with a parameter of type 'string' was found on type '{}'.
src/graphql/resolvers-tracing.ts(184,64): error TS7053: Element implicitly has an 'any' type because expression of type 'string | symbol' can't be used to index type '{}'.
  No index signature with a parameter of type 'string' was found on type '{}'.
src/graphql/resolvers.case-spaces.ts(6,23): error TS7006: Parameter '_' implicitly has an 'any' type.
src/graphql/resolvers.case-spaces.ts(6,28): error TS7031: Binding element 'id' implicitly has an 'any' type.
src/graphql/resolvers.case-spaces.ts(10,24): error TS7006: Parameter '_' implicitly has an 'any' type.
src/graphql/resolvers.case-spaces.ts(10,29): error TS7031: Binding element 'status' implicitly has an 'any' type.
src/graphql/resolvers.case-spaces.ts(10,37): error TS7031: Binding element 'priority' implicitly has an 'any' type.
src/graphql/resolvers.case-spaces.ts(10,47): error TS7031: Binding element 'limit' implicitly has an 'any' type.
src/graphql/resolvers.case-spaces.ts(10,54): error TS7031: Binding element 'offset' implicitly has an 'any' type.
src/graphql/resolvers.case-spaces.ts(28,29): error TS7006: Parameter '_' implicitly has an 'any' type.
src/graphql/resolvers.case-spaces.ts(28,34): error TS7031: Binding element 'input' implicitly has an 'any' type.
src/graphql/resolvers.case-spaces.ts(28,45): error TS7031: Binding element 'user' implicitly has an 'any' type.
src/graphql/resolvers.case-spaces.ts(37,29): error TS7006: Parameter '_' implicitly has an 'any' type.
src/graphql/resolvers.case-spaces.ts(37,34): error TS7031: Binding element 'input' implicitly has an 'any' type.
src/graphql/resolvers.case-spaces.ts(37,45): error TS7031: Binding element 'user' implicitly has an 'any' type.
src/graphql/resolvers.case-spaces.ts(46,29): error TS7006: Parameter '_' implicitly has an 'any' type.
src/graphql/resolvers.case-spaces.ts(46,34): error TS7031: Binding element 'id' implicitly has an 'any' type.
src/graphql/resolvers.case-spaces.ts(46,42): error TS7031: Binding element 'user' implicitly has an 'any' type.
src/graphql/resolvers.case-spaces.ts(53,22): error TS7006: Parameter 'caseSpace' implicitly has an 'any' type.
src/graphql/resolvers/electronic-warfare.ts(85,9): error TS2322: Type '{ lat: number; lon: number | undefined; } | undefined' is not assignable to type 'GeoLocation | undefined'.
  Type '{ lat: number; lon: number | undefined; }' is not assignable to type 'GeoLocation'.
    Types of property 'lon' are incompatible.
      Type 'number | undefined' is not assignable to type 'number'.
        Type 'undefined' is not assignable to type 'number'.
src/graphql/resolvers/safe-mutations.ts(38,68): error TS7006: Parameter 'span' implicitly has an 'any' type.
src/graphql/resolvers/safe-mutations.ts(61,62): error TS7006: Parameter 'span' implicitly has an 'any' type.
src/graphql/resolvers/safe-mutations.ts(111,16): error TS7006: Parameter 'span' implicitly has an 'any' type.
src/graphql/resolvers/similarity.ts(58,12): error TS7006: Parameter 'a' implicitly has an 'any' type.
src/graphql/resolvers/trust-risk.ts(82,32): error TS7006: Parameter 'r' implicitly has an 'any' type.
src/graphql/resolvers/trust-risk.ts(99,32): error TS7006: Parameter 'ts' implicitly has an 'any' type.
src/graphql/resolvers/user.ts(160,33): error TS7006: Parameter 'row' implicitly has an 'any' type.
src/graphql/resolvers/v040/transcendent-resolvers.ts(149,65): error TS18046: 'e' is of type 'unknown'.
src/graphql/resolvers/v040/transcendent-resolvers.ts(545,11): error TS7053: Element implicitly has an 'any' type because expression of type 'string' can't be used to index type '{ PAUSE_EVOLUTION: string; ROLLBACK_LAST: string; EMERGENCY_STOP: string; READ_ONLY_MODE: string; }'.
  No index signature with a parameter of type 'string' was found on type '{ PAUSE_EVOLUTION: string; ROLLBACK_LAST: string; EMERGENCY_STOP: string; READ_ONLY_MODE: string; }'.
src/graphql/security-plugin.ts(87,24): error TS18046: 'error' is of type 'unknown'.
src/graphql/validation/auth.schema.ts(13,64): error TS7006: Parameter 'val' implicitly has an 'any' type.
src/graphql/validation/auth.schema.ts(21,64): error TS7006: Parameter 'val' implicitly has an 'any' type.
src/http/incident.ts(59,16): error TS18046: 'error' is of type 'unknown'.
src/http/incident.ts(87,16): error TS18046: 'error' is of type 'unknown'.
src/http/incident.ts(129,16): error TS18046: 'error' is of type 'unknown'.
src/http/incident.ts(164,16): error TS18046: 'error' is of type 'unknown'.
src/http/incident.ts(188,16): error TS18046: 'error' is of type 'unknown'.
src/http/incident.ts(220,16): error TS18046: 'error' is of type 'unknown'.
src/http/incident.ts(253,16): error TS18046: 'error' is of type 'unknown'.
src/http/incident.ts(295,16): error TS18046: 'error' is of type 'unknown'.
src/http/incident.ts(319,16): error TS18046: 'error' is of type 'unknown'.
src/http/incident.ts(338,16): error TS18046: 'error' is of type 'unknown'.
src/http/incident.ts(373,16): error TS18046: 'error' is of type 'unknown'.
src/http/incident.ts(401,16): error TS18046: 'error' is of type 'unknown'.
src/http/incident.ts(436,16): error TS18046: 'error' is of type 'unknown'.
src/http/incident.ts(483,16): error TS18046: 'error' is of type 'unknown'.
src/http/incident.ts(515,16): error TS18046: 'error' is of type 'unknown'.
src/http/incident.ts(550,16): error TS18046: 'error' is of type 'unknown'.
src/http/incident.ts(583,16): error TS18046: 'error' is of type 'unknown'.
src/http/status.ts(101,25): error TS18046: 'error' is of type 'unknown'.
src/http/status.ts(119,20): error TS7053: Element implicitly has an 'any' type because expression of type 'string' can't be used to index type '{ user: number; nice: number; sys: number; idle: number; irq: number; }'.
  No index signature with a parameter of type 'string' was found on type '{ user: number; nice: number; sys: number; idle: number; irq: number; }'.
src/http/status.ts(142,14): error TS18046: 'error' is of type 'unknown'.
src/http/status.ts(225,53): error TS18046: 'error' is of type 'unknown'.
src/http/status.ts(226,50): error TS18046: 'error' is of type 'unknown'.
src/http/status.ts(295,16): error TS18046: 'error' is of type 'unknown'.
src/http/status.ts(361,14): error TS18046: 'error' is of type 'unknown'.
src/http/status.ts(389,14): error TS18046: 'error' is of type 'unknown'.
src/http/status.ts(429,14): error TS18046: 'error' is of type 'unknown'.
src/index.ts(77,23): error TS7006: Parameter 'ctx' implicitly has an 'any' type.
src/index.ts(88,19): error TS7006: Parameter 'ctx' implicitly has an 'any' type.
src/index.ts(96,21): error TS7006: Parameter 'ctx' implicitly has an 'any' type.
src/index.ts(96,26): error TS7006: Parameter 'msg' implicitly has an 'any' type.
src/index.ts(107,16): error TS7006: Parameter 'ctx' implicitly has an 'any' type.
src/index.ts(113,20): error TS7006: Parameter 'ctx' implicitly has an 'any' type.
src/index.ts(113,25): error TS7006: Parameter 'msg' implicitly has an 'any' type.
src/index.ts(119,17): error TS7006: Parameter 'ctx' implicitly has an 'any' type.
src/index.ts(119,22): error TS7006: Parameter 'msg' implicitly has an 'any' type.
src/index.ts(119,27): error TS7006: Parameter 'errors' implicitly has an 'any' type.
src/index.ts(125,17): error TS7006: Parameter 'ctx' implicitly has an 'any' type.
src/integrations/grc/grc-export.service.ts(206,23): error TS7006: Parameter 'row' implicitly has an 'any' type.
src/integrations/grc/grc-export.service.ts(273,47): error TS7006: Parameter 'row' implicitly has an 'any' type.
src/integrations/grc/grc-export.service.ts(291,41): error TS7006: Parameter 'sum' implicitly has an 'any' type.
src/integrations/grc/grc-export.service.ts(291,46): error TS7006: Parameter 'a' implicitly has an 'any' type.
src/integrations/grc/grc-export.service.ts(384,46): error TS7006: Parameter 'e' implicitly has an 'any' type.
src/integrations/siem/siem-export.service.ts(211,16): error TS7006: Parameter 'row' implicitly has an 'any' type.
src/intelgraph/client-impl.ts(211,33): error TS7006: Parameter 'r' implicitly has an 'any' type.
src/intelgraph/client-impl.ts(255,33): error TS7006: Parameter 'r' implicitly has an 'any' type.
src/intelgraph/client-impl.ts(272,33): error TS7006: Parameter 'r' implicitly has an 'any' type.
src/interop/mapping/validator.ts(14,65): error TS18046: 'error' is of type 'unknown'.
src/jobs/revenue/RevenueJobs.ts(11,48): error TS7006: Parameter 'job' implicitly has an 'any' type.
src/jobs/revenue/RevenueJobs.ts(22,55): error TS7006: Parameter 'job' implicitly has an 'any' type.
src/lib/abstractions/BaseService.ts(42,47): error TS2783: 'message' is specified more than once, so this usage will be overwritten.
src/lib/cache.ts(10,26): error TS7006: Parameter 'err' implicitly has an 'any' type.
src/lib/deployment/rollback-engine.ts(40,14): error TS7006: Parameter 'span' implicitly has an 'any' type.
src/lib/dlq/index.ts(85,31): error TS7006: Parameter 'row' implicitly has an 'any' type.
src/lib/OSINTPrioritizer.ts(52,34): error TS7006: Parameter 'r' implicitly has an 'any' type.
src/lib/state/conflict-resolver.ts(207,36): error TS2345: Argument of type 'string | undefined' is not assignable to parameter of type 'string'.
  Type 'undefined' is not assignable to type 'string'.
src/lib/state/conflict-resolver.ts(220,44): error TS2532: Object is possibly 'undefined'.
src/lib/state/conflict-resolver.ts(269,29): error TS2722: Cannot invoke an object which is possibly 'undefined'.
src/lib/state/conflict-resolver.ts(269,29): error TS18048: 'mergeFunc' is possibly 'undefined'.
src/lib/state/consistency-engine.ts(82,15): error TS18048: 'sessionData' is possibly 'undefined'.
src/lib/state/consistency-engine.ts(83,20): error TS18048: 'sessionData' is possibly 'undefined'.
src/lib/state/redis-broker.ts(32,33): error TS7006: Parameter 'err' implicitly has an 'any' type.
src/lib/state/redis-broker.ts(33,34): error TS7006: Parameter 'err' implicitly has an 'any' type.
src/lib/telemetry/anomaly-detector.ts(20,5): error TS18048: 'data' is possibly 'undefined'.
src/lib/telemetry/anomaly-detector.ts(22,9): error TS18048: 'data' is possibly 'undefined'.
src/lib/telemetry/anomaly-detector.ts(23,39): error TS2345: Argument of type 'number[] | undefined' is not assignable to parameter of type 'number[]'.
  Type 'undefined' is not assignable to type 'number[]'.
src/llm/prompts/registry.ts(101,35): error TS2345: Argument of type 'string | null' is not assignable to parameter of type 'string'.
  Type 'null' is not assignable to type 'string'.
src/logging/structuredLogger.ts(50,17): error TS7006: Parameter 'args' implicitly has an 'any' type.
src/logging/structuredLogger.ts(50,23): error TS7006: Parameter 'method' implicitly has an 'any' type.
src/logging/structuredLogger.ts(50,31): error TS7006: Parameter 'level' implicitly has an 'any' type.
src/maestro/engine.ts(34,51): error TS7006: Parameter 'job' implicitly has an 'any' type.
src/maestro/engine.ts(329,41): error TS7031: Binding element 'jobId' implicitly has an 'any' type.
src/maestro/engine.ts(333,38): error TS7031: Binding element 'jobId' implicitly has an 'any' type.
src/maestro/engine.ts(333,45): error TS7031: Binding element 'failedReason' implicitly has an 'any' type.
src/maestro/pipelines/decision-analysis-pipeline.ts(83,76): error TS18046: 'error' is of type 'unknown'.
src/maestro/pipelines/decision-analysis-pipeline.ts(91,38): error TS7006: Parameter 'c' implicitly has an 'any' type.
src/maestro/pipelines/decision-analysis-pipeline.ts(144,60): error TS18046: 'error' is of type 'unknown'.
src/maestro/provenance/merkle-ledger.ts(229,48): error TS7006: Parameter 'row' implicitly has an 'any' type.
src/maestro/provenance/merkle-ledger.ts(283,54): error TS7006: Parameter 'row' implicitly has an 'any' type.
src/maestro/provenance/merkle-ledger.ts(476,31): error TS7006: Parameter 'row' implicitly has an 'any' type.
src/maestro/provenance/merkle-ledger.ts(485,47): error TS7006: Parameter 'row' implicitly has an 'any' type.
src/marketplace/plugin-manager.ts(515,5): error TS2322: Type 'boolean | undefined' is not assignable to type 'boolean'.
  Type 'undefined' is not assignable to type 'boolean'.
src/marketplace/plugin-manager.ts(584,28): error TS7006: Parameter 'row' implicitly has an 'any' type.
src/messaging/MessagingRepo.ts(42,26): error TS7006: Parameter 'row' implicitly has an 'any' type.
src/messaging/MessagingRepo.ts(52,7): error TS2322: Type 'Date | null' is not assignable to type 'Date | undefined'.
  Type 'null' is not assignable to type 'Date | undefined'.
src/metrics/expose.ts(33,3): error TS2322: Type 'Registry | null' is not assignable to type 'Registry'.
  Type 'null' is not assignable to type 'Registry'.
src/middleware/abuseGuard.ts(199,56): error TS18046: 'error' is of type 'unknown'.
src/middleware/abuseGuard.ts(227,5): error TS2322: Type 'string | boolean' is not assignable to type 'boolean'.
  Type 'string' is not assignable to type 'boolean'.
src/middleware/abuseGuard.ts(277,16): error TS18046: 'error' is of type 'unknown'.
src/middleware/abuseGuard.ts(473,16): error TS18046: 'error' is of type 'unknown'.
src/middleware/audit-event-capture-middleware.ts(140,26): error TS2339: Property 'excludedMutations' does not exist on type '{ didResolveOperation(requestContext: any): Promise<void>; willSendResponse(requestContext: any): Promise<void>; }'.
src/middleware/audit-event-capture-middleware.ts(148,49): error TS2339: Property 'extractArgumentValue' does not exist on type '{ didResolveOperation(requestContext: any): Promise<void>; willSendResponse(requestContext: any): Promise<void>; }'.
src/middleware/audit-event-capture-middleware.ts(159,28): error TS2339: Property 'captureMutationEvent' does not exist on type '{ didResolveOperation(requestContext: any): Promise<void>; willSendResponse(requestContext: any): Promise<void>; }'.
src/middleware/audit-event-capture-middleware.ts(403,16): error TS18048: 'newValues' is possibly 'undefined'.
src/middleware/deployment-metrics.ts(33,11): error TS2564: Property 'deploymentCounter' has no initializer and is not definitely assigned in the constructor.
src/middleware/deployment-metrics.ts(34,11): error TS2564: Property 'deploymentDuration' has no initializer and is not definitely assigned in the constructor.
src/middleware/deployment-metrics.ts(35,11): error TS2564: Property 'deploymentStatus' has no initializer and is not definitely assigned in the constructor.
src/middleware/deployment-metrics.ts(38,11): error TS2564: Property 'featureFlagEvaluations' has no initializer and is not definitely assigned in the constructor.
src/middleware/deployment-metrics.ts(39,11): error TS2564: Property 'featureFlagCacheHits' has no initializer and is not definitely assigned in the constructor.
src/middleware/deployment-metrics.ts(40,11): error TS2564: Property 'featureFlagCacheMisses' has no initializer and is not definitely assigned in the constructor.
src/middleware/deployment-metrics.ts(43,11): error TS2564: Property 'healthCheckDuration' has no initializer and is not definitely assigned in the constructor.
src/middleware/deployment-metrics.ts(44,11): error TS2564: Property 'healthCheckStatus' has no initializer and is not definitely assigned in the constructor.
src/middleware/deployment-metrics.ts(47,11): error TS2564: Property 'releaseCounter' has no initializer and is not definitely assigned in the constructor.
src/middleware/deployment-metrics.ts(48,11): error TS2564: Property 'rollbackCounter' has no initializer and is not definitely assigned in the constructor.
src/middleware/deployment-metrics.ts(51,11): error TS2564: Property 'requestDuration' has no initializer and is not definitely assigned in the constructor.
src/middleware/deployment-metrics.ts(52,11): error TS2564: Property 'requestCounter' has no initializer and is not definitely assigned in the constructor.
src/middleware/deployment-metrics.ts(53,11): error TS2564: Property 'errorCounter' has no initializer and is not definitely assigned in the constructor.
src/middleware/governance.ts(206,27): error TS18046: 'error' is of type 'unknown'.
src/middleware/graphAbuseGuard.ts(389,62): error TS18046: 'error' is of type 'unknown'.
src/middleware/idempotency.ts(87,26): error TS7006: Parameter 'err' implicitly has an 'any' type.
src/middleware/idempotency.ts(93,23): error TS7006: Parameter 'times' implicitly has an 'any' type.
src/middleware/idempotency.ts(303,11): error TS2683: 'this' implicitly has type 'any' because it does not have a type annotation.
src/middleware/idempotency.ts(305,19): error TS2683: 'this' implicitly has type 'any' because it does not have a type annotation.
src/middleware/idempotency.ts(307,21): error TS7006: Parameter 'error' implicitly has an 'any' type.
src/middleware/idempotency.ts(316,32): error TS2683: 'this' implicitly has type 'any' because it does not have a type annotation.
src/middleware/ingestValidator.ts(424,22): error TS18046: 'error' is of type 'unknown'.
src/middleware/logging.ts(14,27): error TS7006: Parameter 'res' implicitly has an 'any' type.
src/middleware/logging.ts(28,14): error TS7006: Parameter 'req' implicitly has an 'any' type.
src/middleware/logging.ts(33,20): error TS7006: Parameter 'req' implicitly has an 'any' type.
src/middleware/logging.ts(33,25): error TS7006: Parameter 'res' implicitly has an 'any' type.
src/middleware/logging.ts(33,30): error TS7006: Parameter 'err' implicitly has an 'any' type.
src/middleware/logging.ts(44,26): error TS7006: Parameter 'req' implicitly has an 'any' type.
src/middleware/logging.ts(44,31): error TS7006: Parameter 'res' implicitly has an 'any' type.
src/middleware/observability/otel-tracing.ts(252,12): error TS2339: Property 'recordException' does not exist on type 'never'.
src/middleware/observability/otel-tracing.ts(254,14): error TS2339: Property 'setAttributes' does not exist on type 'never'.
src/middleware/observability/otel-tracing.ts(256,12): error TS2339: Property 'setStatus' does not exist on type 'never'.
src/middleware/opa-with-appeals.ts(137,20): error TS18046: 'error' is of type 'unknown'.
src/middleware/opa-with-appeals.ts(265,18): error TS18046: 'error' is of type 'unknown'.
src/middleware/opa-with-appeals.ts(340,12): error TS7053: Element implicitly has an 'any' type because expression of type 'string' can't be used to index type '{ 'data.access_denied': string; 'export.volume_exceeded': string; 'query.complexity_exceeded': string; 'time.outside_hours': string; default: string; }'.
  No index signature with a parameter of type 'string' was found on type '{ 'data.access_denied': string; 'export.volume_exceeded': string; 'query.complexity_exceeded': string; 'time.outside_hours': string; default: string; }'.
src/middleware/opa-with-appeals.ts(416,18): error TS18046: 'error' is of type 'unknown'.
src/middleware/opa-with-appeals.ts(507,18): error TS18046: 'error' is of type 'unknown'.
src/middleware/provenance-enforcement.ts(49,18): error TS2430: Interface 'ProvenanceRequest' incorrectly extends interface 'Request<ParamsDictionary, any, any, ParsedQs, Record<string, any>>'.
  Types of property 'correlationId' are incompatible.
    Type 'string | undefined' is not assignable to type 'string'.
      Type 'undefined' is not assignable to type 'string'.
src/middleware/rpsLimiter.ts(12,26): error TS2345: Argument of type 'string | undefined' is not assignable to parameter of type 'string'.
  Type 'undefined' is not assignable to type 'string'.
src/middleware/rpsLimiter.ts(13,23): error TS2345: Argument of type 'string | undefined' is not assignable to parameter of type 'string'.
  Type 'undefined' is not assignable to type 'string'.
src/middleware/rpsLimiter.ts(16,40): error TS2345: Argument of type 'string | undefined' is not assignable to parameter of type 'string'.
  Type 'undefined' is not assignable to type 'string'.
src/middleware/secure-session.ts(78,34): error TS2345: Argument of type 'string | null' is not assignable to parameter of type 'string'.
  Type 'null' is not assignable to type 'string'.
src/middleware/TieredRateLimitMiddleware.ts(157,23): error TS7006: Parameter 'times' implicitly has an 'any' type.
src/middleware/TieredRateLimitMiddleware.ts(172,29): error TS7006: Parameter 'err' implicitly has an 'any' type.
src/middleware/unifiedAuth.ts(39,47): error TS7006: Parameter 'm' implicitly has an 'any' type.
src/middleware/unifiedAuth.ts(52,51): error TS7006: Parameter 'm' implicitly has an 'any' type.
src/middleware/unifiedAuth.ts(61,38): error TS7006: Parameter 'm' implicitly has an 'any' type.
src/middleware/unifiedAuth.ts(147,25): error TS7006: Parameter 'r' implicitly has an 'any' type.
src/mlops/feature_store.ts(24,33): error TS7006: Parameter 'err' implicitly has an 'any' type.
src/monitoring/business-metrics.ts(12,11): error TS2564: Property 'activeUsersGauge' has no initializer and is not definitely assigned in the constructor.
src/monitoring/business-metrics.ts(13,11): error TS2564: Property 'userSessionsGauge' has no initializer and is not definitely assigned in the constructor.
src/monitoring/business-metrics.ts(14,11): error TS2564: Property 'userLoginCounter' has no initializer and is not definitely assigned in the constructor.
src/monitoring/business-metrics.ts(17,11): error TS2564: Property 'apiRequestsCounter' has no initializer and is not definitely assigned in the constructor.
src/monitoring/business-metrics.ts(18,11): error TS2564: Property 'apiRequestsByTenantCounter' has no initializer and is not definitely assigned in the constructor.
src/monitoring/business-metrics.ts(19,11): error TS2564: Property 'apiRequestDuration' has no initializer and is not definitely assigned in the constructor.
src/monitoring/business-metrics.ts(22,11): error TS2564: Property 'graphJobsQueuedGauge' has no initializer and is not definitely assigned in the constructor.
src/monitoring/business-metrics.ts(23,11): error TS2564: Property 'graphJobsCompletedCounter' has no initializer and is not definitely assigned in the constructor.
src/monitoring/business-metrics.ts(24,11): error TS2564: Property 'graphJobsFailedCounter' has no initializer and is not definitely assigned in the constructor.
src/monitoring/business-metrics.ts(25,11): error TS2564: Property 'graphAnalysisDuration' has no initializer and is not definitely assigned in the constructor.
src/monitoring/business-metrics.ts(28,11): error TS2564: Property 'dataIngestionRateGauge' has no initializer and is not definitely assigned in the constructor.
src/monitoring/business-metrics.ts(29,11): error TS2564: Property 'dataIngestionBytesCounter' has no initializer and is not definitely assigned in the constructor.
src/monitoring/business-metrics.ts(30,11): error TS2564: Property 'dataIngestionRecordsCounter' has no initializer and is not definitely assigned in the constructor.
src/monitoring/business-metrics.ts(31,11): error TS2564: Property 'dataIngestionErrorsCounter' has no initializer and is not definitely assigned in the constructor.
src/monitoring/business-metrics.ts(34,11): error TS2564: Property 'totalEntitiesGauge' has no initializer and is not definitely assigned in the constructor.
src/monitoring/business-metrics.ts(35,11): error TS2564: Property 'totalRelationshipsGauge' has no initializer and is not definitely assigned in the constructor.
src/monitoring/business-metrics.ts(36,11): error TS2564: Property 'entitiesCreatedCounter' has no initializer and is not definitely assigned in the constructor.
src/monitoring/business-metrics.ts(37,11): error TS2564: Property 'relationshipsCreatedCounter' has no initializer and is not definitely assigned in the constructor.
src/monitoring/business-metrics.ts(40,11): error TS2564: Property 'activeInvestigationsGauge' has no initializer and is not definitely assigned in the constructor.
src/monitoring/business-metrics.ts(41,11): error TS2564: Property 'investigationsCreatedCounter' has no initializer and is not definitely assigned in the constructor.
src/monitoring/business-metrics.ts(42,11): error TS2564: Property 'investigationsCompletedCounter' has no initializer and is not definitely assigned in the constructor.
src/monitoring/business-metrics.ts(43,11): error TS2564: Property 'investigationDuration' has no initializer and is not definitely assigned in the constructor.
src/monitoring/business-metrics.ts(46,11): error TS2564: Property 'exportsStartedCounter' has no initializer and is not definitely assigned in the constructor.
src/monitoring/business-metrics.ts(47,11): error TS2564: Property 'exportsCompletedCounter' has no initializer and is not definitely assigned in the constructor.
src/monitoring/business-metrics.ts(48,11): error TS2564: Property 'exportsFailedCounter' has no initializer and is not definitely assigned in the constructor.
src/monitoring/business-metrics.ts(49,11): error TS2564: Property 'exportDuration' has no initializer and is not definitely assigned in the constructor.
src/monitoring/cost_exporter.ts(39,18): error TS7006: Parameter 'r' implicitly has an 'any' type.
src/notifications-hub/receivers/ChatReceiver.ts(84,11): error TS2564: Property 'chatConfig' has no initializer and is not definitely assigned in the constructor.
src/notifications-hub/receivers/ChatReceiver.ts(85,11): error TS2564: Property 'adapter' has no initializer and is not definitely assigned in the constructor.
src/notifications-hub/receivers/EmailReceiver.ts(58,11): error TS2564: Property 'emailConfig' has no initializer and is not definitely assigned in the constructor.
src/notifications-hub/receivers/RealtimeReceiver.ts(121,11): error TS2564: Property 'realtimeConfig' has no initializer and is not definitely assigned in the constructor.
src/notifications-hub/receivers/RealtimeReceiver.ts(122,11): error TS2564: Property 'manager' has no initializer and is not definitely assigned in the constructor.
src/notifications-hub/receivers/ReceiverInterface.ts(104,13): error TS2564: Property 'config' has no initializer and is not definitely assigned in the constructor.
src/notifications-hub/receivers/ReceiverInterface.ts(258,71): error TS2454: Variable 'lastError' is used before being assigned.
src/notifications-hub/receivers/WebhookReceiver.ts(51,11): error TS2564: Property 'webhookConfig' has no initializer and is not definitely assigned in the constructor.
src/notifications/queue/NotificationQueue.ts(39,34): error TS7006: Parameter 'job' implicitly has an 'any' type.
src/notifications/queue/NotificationQueue.ts(43,31): error TS7006: Parameter 'job' implicitly has an 'any' type.
src/notifications/queue/NotificationQueue.ts(43,36): error TS7006: Parameter 'err' implicitly has an 'any' type.
src/observability/operational-intelligence/predictive.ts(64,7): error TS2322: Type 'number | boolean | undefined' is not assignable to type 'boolean'.
  Type 'undefined' is not assignable to type 'boolean'.
src/onboarding/EnhancedOnboardingService.ts(520,46): error TS7006: Parameter 'sum' implicitly has an 'any' type.
src/onboarding/EnhancedOnboardingService.ts(520,51): error TS7006: Parameter 'r' implicitly has an 'any' type.
src/onboarding/EnhancedOnboardingService.ts(521,48): error TS7006: Parameter 'sum' implicitly has an 'any' type.
src/onboarding/EnhancedOnboardingService.ts(521,53): error TS7006: Parameter 'r' implicitly has an 'any' type.
src/pii/ingestionHooks.ts(228,60): error TS2339: Property 'level' does not exist on type 'SensitivityMetadata'.
src/pii/ingestionHooks.ts(248,64): error TS2339: Property 'level' does not exist on type 'SensitivityMetadata'.
src/pii/ingestionHooks.ts(248,107): error TS2339: Property 'level' does not exist on type 'SensitivityMetadata'.
src/pii/ingestionHooks.ts(256,63): error TS2339: Property 'level' does not exist on type 'SensitivityMetadata'.
src/platform/maestro-core/event-store-postgres.ts(45,25): error TS7006: Parameter 'row' implicitly has an 'any' type.
src/playbooks/worker.ts(8,63): error TS7006: Parameter 'job' implicitly has an 'any' type.
src/plugins/index.ts(83,7): error TS7034: Variable 'cacheClient' implicitly has type 'any' in some locations where its type cannot be determined.
src/plugins/index.ts(90,40): error TS7005: Variable 'cacheClient' implicitly has an 'any' type.
src/plugins/index.ts(92,15): error TS7005: Variable 'cacheClient' implicitly has an 'any' type.
src/plugins/sdk/validator.ts(11,46): error TS7006: Parameter 'e' implicitly has an 'any' type.
src/policy-compiler/EnforcementService.ts(128,42): error TS2345: Argument of type 'string' is not assignable to parameter of type 'never'.
src/policy/contracts.ts(100,28): error TS7006: Parameter 'row' implicitly has an 'any' type.
src/predictive/PredictiveService.ts(155,32): error TS7006: Parameter 'rec' implicitly has an 'any' type.
src/provenance-integrity-gateway/ContentSigningService.ts(551,35): error TS7006: Parameter 'row' implicitly has an 'any' type.
src/provenance-integrity-gateway/NarrativeConflictService.ts(371,37): error TS7006: Parameter 'row' implicitly has an 'any' type.
src/provenance-integrity-gateway/NarrativeConflictService.ts(966,28): error TS7006: Parameter 'row' implicitly has an 'any' type.
src/provenance-integrity-gateway/NarrativeConflictService.ts(988,28): error TS7006: Parameter 'row' implicitly has an 'any' type.
src/provenance-integrity-gateway/NarrativeConflictService.ts(1011,28): error TS7006: Parameter 'row' implicitly has an 'any' type.
src/provenance-integrity-gateway/PIGGovernanceService.ts(1147,28): error TS7006: Parameter 'row' implicitly has an 'any' type.
src/provenance-integrity-gateway/PIGGovernanceService.ts(1178,40): error TS7006: Parameter 'sum' implicitly has an 'any' type.
src/provenance-integrity-gateway/PIGGovernanceService.ts(1178,45): error TS7006: Parameter 'row' implicitly has an 'any' type.
src/provenance-integrity-gateway/PIGGovernanceService.ts(1179,41): error TS7006: Parameter 'acc' implicitly has an 'any' type.
src/provenance-integrity-gateway/PIGGovernanceService.ts(1179,46): error TS7006: Parameter 'row' implicitly has an 'any' type.
src/provenance-integrity-gateway/TruthBundleService.ts(421,36): error TS7006: Parameter 'row' implicitly has an 'any' type.
src/provenance/CanonicalGraphService.ts(178,30): error TS7006: Parameter 'record' implicitly has an 'any' type.
src/provenance/CanonicalGraphService.ts(321,34): error TS7006: Parameter 'rec' implicitly has an 'any' type.
src/provenance/CanonicalGraphService.ts(378,49): error TS7006: Parameter 'r' implicitly has an 'any' type.
src/provenance/manifest.ts(33,65): error TS7006: Parameter 'span' implicitly has an 'any' type.
src/provenance/resolvers.ts(94,28): error TS7006: Parameter 'row' implicitly has an 'any' type.
src/quality-evaluation/evaluation-platform.ts(228,16): error TS7006: Parameter 'evalType' implicitly has an 'any' type.
src/quality-evaluation/evaluation-platform.ts(838,29): error TS7006: Parameter 'row' implicitly has an 'any' type.
src/quality-evaluation/evaluation-platform.ts(1134,44): error TS7006: Parameter 'row' implicitly has an 'any' type.
src/realtime/graph-crdt.ts(80,20): error TS7006: Parameter 'err' implicitly has an 'any' type.
src/realtime/investigationAccess.ts(39,23): error TS7006: Parameter 'err' implicitly has an 'any' type.
src/realtime/investigationState.ts(64,23): error TS7006: Parameter 'err' implicitly has an 'any' type.
src/realtime/investigationState.ts(359,29): error TS7006: Parameter 'value' implicitly has an 'any' type.
src/realtime/investigationState.ts(475,19): error TS7006: Parameter 'err' implicitly has an 'any' type.
src/reporting/validation.ts(32,17): error TS7006: Parameter 'value' implicitly has an 'any' type.
src/reporting/validation.ts(32,24): error TS7006: Parameter 'ctx' implicitly has an 'any' type.
src/reporting/validation.ts(40,12): error TS7053: Element implicitly has an 'any' type because expression of type 'any' can't be used to index type 'Record<DeliveryChannel, boolean>'.
src/repos/EntityRepo.ts(378,41): error TS7006: Parameter 'tx' implicitly has an 'any' type.
src/repos/EntityRepo.ts(402,41): error TS7006: Parameter 'tx' implicitly has an 'any' type.
src/repos/RelationshipRepo.ts(358,41): error TS7006: Parameter 'tx' implicitly has an 'any' type.
src/repos/RelationshipRepo.ts(382,41): error TS7006: Parameter 'tx' implicitly has an 'any' type.
src/resolvers/advancedML.ts(85,27): error TS7006: Parameter '_' implicitly has an 'any' type.
src/resolvers/advancedML.ts(85,32): error TS7031: Binding element 'input' implicitly has an 'any' type.
src/resolvers/advancedML.ts(124,26): error TS7006: Parameter '_' implicitly has an 'any' type.
src/resolvers/advancedML.ts(124,31): error TS7031: Binding element 'modelId' implicitly has an 'any' type.
src/resolvers/advancedML.ts(124,40): error TS7031: Binding element 'trainingConfig' implicitly has an 'any' type.
src/resolvers/advancedML.ts(170,28): error TS7006: Parameter '_' implicitly has an 'any' type.
src/resolvers/advancedML.ts(170,33): error TS7031: Binding element 'modelId' implicitly has an 'any' type.
src/resolvers/advancedML.ts(170,42): error TS7031: Binding element 'graphData' implicitly has an 'any' type.
src/resolvers/advancedML.ts(206,7): error TS7006: Parameter '_' implicitly has an 'any' type.
src/resolvers/advancedML.ts(207,9): error TS7031: Binding element 'modelId' implicitly has an 'any' type.
src/resolvers/advancedML.ts(207,18): error TS7031: Binding element 'optimizationType' implicitly has an 'any' type.
src/resolvers/advancedML.ts(207,36): error TS7031: Binding element 'targetPrecision' implicitly has an 'any' type.
src/resolvers/advancedML.ts(240,36): error TS7006: Parameter '_' implicitly has an 'any' type.
src/resolvers/advancedML.ts(240,41): error TS7031: Binding element 'input' implicitly has an 'any' type.
src/resolvers/advancedML.ts(274,32): error TS7006: Parameter '_' implicitly has an 'any' type.
src/resolvers/advancedML.ts(274,37): error TS7031: Binding element 'graphId' implicitly has an 'any' type.
src/resolvers/advancedML.ts(274,46): error TS7031: Binding element 'analysisType' implicitly has an 'any' type.
src/resolvers/advancedML.ts(328,7): error TS7006: Parameter '_' implicitly has an 'any' type.
src/resolvers/advancedML.ts(329,9): error TS7031: Binding element 'graphId' implicitly has an 'any' type.
src/resolvers/advancedML.ts(329,18): error TS7031: Binding element 'optimizationType' implicitly has an 'any' type.
src/resolvers/advancedML.ts(329,36): error TS7031: Binding element 'numQubits' implicitly has an 'any' type.
src/resolvers/advancedML.ts(378,27): error TS7006: Parameter '_' implicitly has an 'any' type.
src/resolvers/advancedML.ts(378,32): error TS7031: Binding element 'modelId' implicitly has an 'any' type.
src/resolvers/path.ts(25,9): error TS7031: Binding element 'from' implicitly has an 'any' type.
src/resolvers/path.ts(25,15): error TS7031: Binding element 'to' implicitly has an 'any' type.
src/resolvers/path.ts(25,19): error TS7031: Binding element 'excludeLabels' implicitly has an 'any' type.
src/resolvers/path.ts(26,7): error TS7006: Parameter 'ctx' implicitly has an 'any' type.
src/resolvers/policyWrapper.ts(71,28): error TS2339: Property 'reason' does not exist on type '{ allow: any; }'.
src/resolvers/WargameResolver.ts(46,10): error TS7006: Parameter 'record' implicitly has an 'any' type.
src/resolvers/WargameResolver.ts(71,10): error TS7006: Parameter 'record' implicitly has an 'any' type.
src/resolvers/WargameResolver.ts(96,10): error TS7006: Parameter 'record' implicitly has an 'any' type.
src/resolvers/WargameResolver.ts(121,10): error TS7006: Parameter 'record' implicitly has an 'any' type.
src/resolvers/WargameResolver.ts(161,10): error TS7006: Parameter 'record' implicitly has an 'any' type.
src/routes/ai.ts(108,10): error TS7006: Parameter 'job' implicitly has an 'any' type.
src/routes/ai.ts(138,38): error TS7006: Parameter 'job' implicitly has an 'any' type.
src/routes/ai.ts(142,35): error TS7006: Parameter 'job' implicitly has an 'any' type.
src/routes/ai.ts(142,40): error TS7006: Parameter 'err' implicitly has an 'any' type.
src/routes/ai.ts(372,43): error TS2339: Property 'field_sentiments' does not exist on type '{ sentiment: string; confidence: number; scores: { positive: number; negative: number; neutral: number; }; method: string; } | { overall_sentiment: string; overall_confidence: number; field_sentiments: {}; summary: string; analyzed_at?: undefined; } | { ...; }'.
  Property 'field_sentiments' does not exist on type '{ sentiment: string; confidence: number; scores: { positive: number; negative: number; neutral: number; }; method: string; }'.
src/routes/ai.ts(373,43): error TS2339: Property 'field_sentiments' does not exist on type '{ sentiment: string; confidence: number; scores: { positive: number; negative: number; neutral: number; }; method: string; } | { overall_sentiment: string; overall_confidence: number; field_sentiments: {}; summary: string; analyzed_at?: undefined; } | { ...; }'.
  Property 'field_sentiments' does not exist on type '{ sentiment: string; confidence: number; scores: { positive: number; negative: number; neutral: number; }; method: string; }'.
src/routes/billing.ts(21,22): error TS18048: 'req.user' is possibly 'undefined'.
src/routes/claims.ts(15,40): error TS7006: Parameter 'd' implicitly has an 'any' type.
src/routes/crypto-intelligence.ts(13,66): error TS7006: Parameter 'req' implicitly has an 'any' type.
src/routes/crypto-intelligence.ts(13,71): error TS7006: Parameter 'res' implicitly has an 'any' type.
src/routes/crypto-intelligence.ts(26,61): error TS7006: Parameter 'req' implicitly has an 'any' type.
src/routes/crypto-intelligence.ts(26,66): error TS7006: Parameter 'res' implicitly has an 'any' type.
src/routes/crypto-intelligence.ts(39,62): error TS7006: Parameter 'req' implicitly has an 'any' type.
src/routes/crypto-intelligence.ts(39,67): error TS7006: Parameter 'res' implicitly has an 'any' type.
src/routes/crypto-intelligence.ts(52,59): error TS7006: Parameter 'req' implicitly has an 'any' type.
src/routes/crypto-intelligence.ts(52,64): error TS7006: Parameter 'res' implicitly has an 'any' type.
src/routes/crypto-intelligence.ts(65,62): error TS7006: Parameter 'req' implicitly has an 'any' type.
src/routes/crypto-intelligence.ts(65,67): error TS7006: Parameter 'res' implicitly has an 'any' type.
src/routes/exports.ts(53,42): error TS18046: 'error' is of type 'unknown'.
src/routes/gtm-messaging.ts(106,23): error TS7006: Parameter '_req' implicitly has an 'any' type.
src/routes/gtm-messaging.ts(106,29): error TS7006: Parameter 'res' implicitly has an 'any' type.
src/routes/gtm-messaging.ts(114,23): error TS7006: Parameter '_req' implicitly has an 'any' type.
src/routes/gtm-messaging.ts(114,29): error TS7006: Parameter 'res' implicitly has an 'any' type.
src/routes/gtm-messaging.ts(122,23): error TS7006: Parameter 'req' implicitly has an 'any' type.
src/routes/gtm-messaging.ts(122,28): error TS7006: Parameter 'res' implicitly has an 'any' type.
src/routes/gtm-messaging.ts(137,23): error TS7006: Parameter 'req' implicitly has an 'any' type.
src/routes/gtm-messaging.ts(137,28): error TS7006: Parameter 'res' implicitly has an 'any' type.
src/routes/i18n.ts(83,31): error TS7006: Parameter 'str' implicitly has an 'any' type.
src/routes/intel-graph.ts(110,19): error TS18048: 'req.user' is possibly 'undefined'.
src/routes/intel-graph.ts(111,22): error TS18048: 'req.user' is possibly 'undefined'.
src/routes/intel-graph.ts(141,19): error TS18048: 'req.user' is possibly 'undefined'.
src/routes/intel-graph.ts(142,22): error TS18048: 'req.user' is possibly 'undefined'.
src/routes/intel-graph.ts(172,19): error TS18048: 'req.user' is possibly 'undefined'.
src/routes/intel-graph.ts(173,22): error TS18048: 'req.user' is possibly 'undefined'.
src/routes/intel-graph.ts(205,22): error TS18048: 'req.user' is possibly 'undefined'.
src/routes/intel-graph.ts(237,22): error TS18048: 'req.user' is possibly 'undefined'.
src/routes/maestro.ts(47,22): error TS18048: 'req.user' is possibly 'undefined'.
src/routes/maestro.ts(50,25): error TS18048: 'req.user' is possibly 'undefined'.
src/routes/maestro.ts(79,22): error TS18048: 'req.user' is possibly 'undefined'.
src/routes/maestro.ts(91,22): error TS18048: 'req.user' is possibly 'undefined'.
src/routes/maestro.ts(117,22): error TS18048: 'req.user' is possibly 'undefined'.
src/routes/maestro.ts(126,22): error TS18048: 'req.user' is possibly 'undefined'.
src/routes/ml_review.ts(108,13): error TS18048: 'req.user' is possibly 'undefined'.
src/routes/ml_review.ts(128,13): error TS18048: 'req.user' is possibly 'undefined'.
src/routes/ml_review.ts(145,13): error TS18048: 'req.user' is possibly 'undefined'.
src/routes/ml_review.ts(146,13): error TS18048: 'req.user' is possibly 'undefined'.
src/routes/ml_review.ts(163,13): error TS18048: 'req.user' is possibly 'undefined'.
src/routes/ml_review.ts(164,13): error TS18048: 'req.user' is possibly 'undefined'.
src/routes/ml_review.ts(178,13): error TS18048: 'req.user' is possibly 'undefined'.
src/routes/policy.ts(26,63): error TS18046: 'error' is of type 'unknown'.
src/routes/stream.ts(34,22): error TS7006: Parameter 'chan' implicitly has an 'any' type.
src/routes/stream.ts(34,28): error TS7006: Parameter 'message' implicitly has an 'any' type.
src/routes/zero_day.ts(100,37): error TS18046: 'error' is of type 'unknown'.
src/saga/SagaRepository.ts(255,41): error TS7006: Parameter 'row' implicitly has an 'any' type.
src/scripts/generate-soc2-evidence.ts(68,53): error TS7006: Parameter 'f' implicitly has an 'any' type.
src/search-index/SearchIndexService.ts(136,29): error TS7006: Parameter 'r' implicitly has an 'any' type.
src/search/advanced-search-engine.ts(185,42): error TS18047: 'hit' is possibly 'null'.
src/search/search.ts(59,30): error TS7006: Parameter 'd' implicitly has an 'any' type.
src/search/search.ts(133,30): error TS7006: Parameter 'r' implicitly has an 'any' type.
src/security/secret-drift.ts(40,12): error TS7006: Parameter 'line' implicitly has an 'any' type.
src/security/secret-drift.ts(41,15): error TS7006: Parameter 'line' implicitly has an 'any' type.
src/security/secret-drift.ts(42,12): error TS7006: Parameter 'line' implicitly has an 'any' type.
src/security/secret-drift.ts(45,35): error TS7006: Parameter 'key' implicitly has an 'any' type.
src/security/secret-drift.ts(94,28): error TS7006: Parameter 'line' implicitly has an 'any' type.
src/security/secret-drift.ts(94,34): error TS7006: Parameter 'idx' implicitly has an 'any' type.
src/security/secret-drift.ts(108,23): error TS7006: Parameter 'f' implicitly has an 'any' type.
src/security/secret-drift.ts(159,37): error TS7006: Parameter 'line' implicitly has an 'any' type.
src/services/AirgapService.ts(96,36): error TS18046: 'error' is of type 'unknown'.
src/services/analyticsDashboardService.ts(618,33): error TS2345: Argument of type '{ widget: DashboardWidget; data: any; }' is not assignable to parameter of type 'never'.
src/services/AttachmentService.ts(112,24): error TS7006: Parameter 'source' implicitly has an 'any' type.
src/services/BackupService.ts(206,22): error TS7006: Parameter 'err' implicitly has an 'any' type.
src/services/BackupService.ts(228,22): error TS7006: Parameter 'err' implicitly has an 'any' type.
src/services/CacheWarmingService.ts(193,13): error TS2345: Argument of type 'number | undefined' is not assignable to parameter of type 'number'.
  Type 'undefined' is not assignable to type 'number'.
src/services/CacheWarmingService.ts(441,34): error TS7006: Parameter 'record' implicitly has an 'any' type.
src/services/CognitiveMapperService.ts(124,30): error TS7006: Parameter 'record' implicitly has an 'any' type.
src/services/CognitiveMapperService.ts(199,33): error TS7006: Parameter 'record' implicitly has an 'any' type.
src/services/correlation/AdvancedCorrelationEngine.ts(395,13): error TS2339: Property 'correlationMetadata' does not exist on type '{ id: any; type: string | undefined; label: string | undefined; source: any; attributes: any; confidence: any; }'.
src/services/CryptoIntelligenceService.ts(94,42): error TS7006: Parameter 'r' implicitly has an 'any' type.
src/services/DeterministicExportService.ts(227,18): error TS7006: Parameter 's' implicitly has an 'any' type.
src/services/DLPService.ts(806,16): error TS18046: 'error' is of type 'unknown'.
src/services/er/EntityResolutionV2Service.ts(536,53): error TS7006: Parameter 'r' implicitly has an 'any' type.
src/services/explainable-defense-ai/ExplainableDefenseAI.ts(594,54): error TS18048: 'filter.since' is possibly 'undefined'.
src/services/FinOpsRollupService.ts(78,29): error TS7006: Parameter 'row' implicitly has an 'any' type.
src/services/FinOpsRollupService.ts(92,8): error TS7006: Parameter 'acc' implicitly has an 'any' type.
src/services/FinOpsRollupService.ts(92,13): error TS7006: Parameter 'point' implicitly has an 'any' type.
src/services/GlassBoxRunService.ts(476,33): error TS7006: Parameter 'row' implicitly has an 'any' type.
src/services/GlassBoxRunService.ts(550,28): error TS7006: Parameter 'row' implicitly has an 'any' type.
src/services/governance/PolicyWatcher.ts(90,25): error TS7006: Parameter 'f' implicitly has an 'any' type.
src/services/GraphConsistencyService.ts(47,34): error TS7006: Parameter 'r' implicitly has an 'any' type.
src/services/GraphConsistencyService.ts(67,54): error TS7006: Parameter 'r' implicitly has an 'any' type.
src/services/GraphConsistencyService.ts(96,32): error TS7006: Parameter 'r' implicitly has an 'any' type.
src/services/GraphIndexAdvisorService.ts(130,30): error TS7006: Parameter 'record' implicitly has an 'any' type.
src/services/graphrag/repositories/EvidenceRepository.ts(70,60): error TS7006: Parameter 'row' implicitly has an 'any' type.
src/services/graphrag/repositories/EvidenceRepository.ts(130,31): error TS7006: Parameter 'row' implicitly has an 'any' type.
src/services/HumintService.ts(309,33): error TS7006: Parameter 'record' implicitly has an 'any' type.
src/services/IngestionService.ts(30,33): error TS7006: Parameter 'job' implicitly has an 'any' type.
src/services/IngestionService.ts(34,31): error TS7006: Parameter 'job' implicitly has an 'any' type.
src/services/IngestionService.ts(34,36): error TS7006: Parameter 'err' implicitly has an 'any' type.
src/services/investigationWorkflowService.ts(732,7): error TS2322: Type 'Investigation | null | undefined' is not assignable to type 'Investigation | undefined'.
  Type 'null' is not assignable to type 'Investigation | undefined'.
src/services/MasintService.ts(174,24): error TS7006: Parameter 'row' implicitly has an 'any' type.
src/services/MigrationService.ts(46,18): error TS7006: Parameter 'results' implicitly has an 'any' type.
src/services/multimodal/SentimentGraphIntegration.ts(88,33): error TS7006: Parameter 'r' implicitly has an 'any' type.
src/services/orchestration/telemetry.ts(6,50): error TS7006: Parameter 'span' implicitly has an 'any' type.
src/services/OSINTQueueService.ts(68,24): error TS7006: Parameter 'job' implicitly has an 'any' type.
src/services/OSINTQueueService.ts(68,29): error TS7006: Parameter 'err' implicitly has an 'any' type.
src/services/PolicyEngine.ts(42,11): error TS2564: Property 'auditSystem' has no initializer and is not definitely assigned in the constructor.
src/services/provenance-ledger-beta.ts(448,9): error TS2783: 'evidence_ids' is specified more than once, so this usage will be overwritten.
src/services/provenance-ledger-beta.ts(525,29): error TS7006: Parameter 'row' implicitly has an 'any' type.
src/services/provenance-ledger-beta.ts(847,9): error TS2322: Type 'Source | null | undefined' is not assignable to type 'Source | undefined'.
  Type 'null' is not assignable to type 'Source | undefined'.
src/services/QueryExecutionService.ts(64,43): error TS7006: Parameter 'r' implicitly has an 'any' type.
src/services/QueryPreviewService.ts(709,41): error TS7006: Parameter 'r' implicitly has an 'any' type.
src/services/QueryPreviewService.ts(711,73): error TS7006: Parameter 'l' implicitly has an 'any' type.
src/services/QueryPreviewService.ts(711,143): error TS7006: Parameter 'l' implicitly has an 'any' type.
src/services/QueryPreviewService.ts(890,41): error TS7006: Parameter 'record' implicitly has an 'any' type.
src/services/ResourceTaggingService.ts(220,52): error TS7006: Parameter 'row' implicitly has an 'any' type.
src/services/ResourceTaggingService.ts(415,31): error TS7006: Parameter 'row' implicitly has an 'any' type.
src/services/ResourceTaggingService.ts(516,31): error TS7006: Parameter 'row' implicitly has an 'any' type.
src/services/RetrievalService.ts(77,47): error TS7006: Parameter 'r' implicitly has an 'any' type.
src/services/RetrievalService.ts(83,48): error TS7006: Parameter 'r' implicitly has an 'any' type.
src/services/ReviewQueueService.ts(81,32): error TS7006: Parameter 'row' implicitly has an 'any' type.
src/services/ReviewQueueService.ts(118,39): error TS7006: Parameter 'row' implicitly has an 'any' type.
src/services/secretManager.ts(13,9): error TS18046: 'error' is of type 'unknown'.
src/services/security/KeyService.ts(26,37): error TS7006: Parameter 'err' implicitly has an 'any' type.
src/services/security/KeyService.ts(26,42): error TS7006: Parameter 'derivedKey' implicitly has an 'any' type.
src/services/security/KeyService.ts(41,37): error TS7006: Parameter 'err' implicitly has an 'any' type.
src/services/security/KeyService.ts(41,42): error TS7006: Parameter 'derivedKey' implicitly has an 'any' type.
src/services/security/PolicyService.ts(36,25): error TS2339: Property 'reason' does not exist on type '{ allow: any; }'.
src/services/semantic-rag/GraphTraversalAlgorithms.ts(141,45): error TS7006: Parameter 'r' implicitly has an 'any' type.
src/services/semantic-rag/GraphTraversalAlgorithms.ts(155,31): error TS7006: Parameter 'r' implicitly has an 'any' type.
src/services/semantic-rag/GraphTraversalAlgorithms.ts(220,28): error TS7006: Parameter 'r' implicitly has an 'any' type.
src/services/semantic-rag/GraphTraversalAlgorithms.ts(391,28): error TS7006: Parameter 'r' implicitly has an 'any' type.
src/services/semantic-rag/GraphTraversalAlgorithms.ts(490,28): error TS7006: Parameter 'r' implicitly has an 'any' type.
src/services/semantic-rag/GraphTraversalAlgorithms.ts(654,31): error TS7006: Parameter 'record' implicitly has an 'any' type.
src/services/semantic-rag/HybridSemanticRetriever.ts(258,17): error TS7006: Parameter 'row' implicitly has an 'any' type.
src/services/semantic-rag/HybridSemanticRetriever.ts(259,14): error TS7006: Parameter 'row' implicitly has an 'any' type.
src/services/SemanticSearchService.ts(253,27): error TS7006: Parameter 'r' implicitly has an 'any' type.
src/services/SIEMService.ts(291,16): error TS18046: 'error' is of type 'unknown'.
src/services/SIEMService.ts(491,21): error TS18046: 'error' is of type 'unknown'.
src/services/SIEMService.ts(497,16): error TS18046: 'error' is of type 'unknown'.
src/services/SIEMService.ts(923,16): error TS18046: 'error' is of type 'unknown'.
src/services/SimilarityService.ts(374,31): error TS7006: Parameter 'row' implicitly has an 'any' type.
src/services/SimilarityService.ts(591,41): error TS7006: Parameter 'row' implicitly has an 'any' type.
src/services/SovereignSafeguardsService.ts(559,12): error TS7053: Element implicitly has an 'any' type because expression of type 'string' can't be used to index type '{ EMERGENCY_STOP: { success: boolean; responseTime: number; issues: string[]; recommendations: string[]; }; ROLLBACK_TEST: { success: boolean; responseTime: number; issues: string[]; recommendations: string[]; }; ISOLATION_TEST: { ...; }; }'.
  No index signature with a parameter of type 'string' was found on type '{ EMERGENCY_STOP: { success: boolean; responseTime: number; issues: string[]; recommendations: string[]; }; ROLLBACK_TEST: { success: boolean; responseTime: number; issues: string[]; recommendations: string[]; }; ISOLATION_TEST: { ...; }; }'.
src/services/SovereignSafeguardsService.ts(693,9): error TS7053: Element implicitly has an 'any' type because expression of type 'string' can't be used to index type '{ SOVEREIGN_ISOLATION: string; JURISDICTIONAL_LIMIT: string; CROSS_BORDER_HALT: string; AUTONOMOUS_FREEZE: string; TRANSCENDENT_ROLLBACK: string; EMERGENCY_SHUTDOWN: string; }'.
  No index signature with a parameter of type 'string' was found on type '{ SOVEREIGN_ISOLATION: string; JURISDICTIONAL_LIMIT: string; CROSS_BORDER_HALT: string; AUTONOMOUS_FREEZE: string; TRANSCENDENT_ROLLBACK: string; EMERGENCY_SHUTDOWN: string; }'.
src/services/SSOService.ts(97,22): error TS18048: 'ssoUser.roles' is possibly 'undefined'.
src/services/SSOService.ts(97,67): error TS18048: 'ssoUser.roles' is possibly 'undefined'.
src/services/SupernodeQueryOptimizer.ts(514,60): error TS7006: Parameter 'record' implicitly has an 'any' type.
src/services/SupernodeQueryOptimizer.ts(552,44): error TS7006: Parameter 'r' implicitly has an 'any' type.
src/services/theming/theme-service.ts(157,29): error TS7006: Parameter 'row' implicitly has an 'any' type.
src/services/TransparencyReportService.ts(248,41): error TS7006: Parameter 'row' implicitly has an 'any' type.
src/services/VectorStoreService.ts(168,28): error TS7006: Parameter 'row' implicitly has an 'any' type.
src/services/vision/VisualEmotionAnalyzer.ts(115,7): error TS7053: Element implicitly has an 'any' type because expression of type 'string' can't be used to index type '{ neutral: number; happy: number; sad: number; angry: number; fearful: number; }'.
  No index signature with a parameter of type 'string' was found on type '{ neutral: number; happy: number; sad: number; angry: number; fearful: number; }'.
src/services/WarrantService.ts(603,87): error TS7006: Parameter 'r' implicitly has an 'any' type.
src/services/xai-overlay/XAIOverlayService.ts(818,30): error TS2345: Argument of type 'string | undefined' is not assignable to parameter of type 'string'.
  Type 'undefined' is not assignable to type 'string'.
src/subscriptions/pubsub.ts(32,28): error TS7006: Parameter 'err' implicitly has an 'any' type.
src/subscriptions/pubsub.ts(36,29): error TS7006: Parameter 'err' implicitly has an 'any' type.
ERR_PNPM_RECURSIVE_RUN_FIRST_FAIL intelgraph-server@4.0.1 typecheck: `tsc --noEmit`
Exit status 2
