
> intelgraph-server@4.0.1 typecheck /Users/brianlong/Developer/summit/server
> tsc --noEmit

src/ai/governance/PolicySuggestionService.ts(753,39): error TS1005: ',' expected.
src/api/featureFlags.ts(13,3): error TS1131: Property or signature expected.
src/api/featureFlags.ts(207,1): error TS1128: Declaration or statement expected.
src/audit/appendOnlyAuditStore.ts(66,12): error TS1131: Property or signature expected.
src/audit/appendOnlyAuditStore.ts(66,15): error TS1131: Property or signature expected.
src/audit/appendOnlyAuditStore.ts(66,20): error TS1005: ',' expected.
src/audit/appendOnlyAuditStore.ts(66,27): error TS1128: Declaration or statement expected.
src/audit/appendOnlyAuditStore.ts(66,28): error TS1128: Declaration or statement expected.
src/audit/appendOnlyAuditStore.ts(68,11): error TS1005: ';' expected.
src/audit/appendOnlyAuditStore.ts(68,15): error TS1128: Declaration or statement expected.
src/audit/appendOnlyAuditStore.ts(68,34): error TS1128: Declaration or statement expected.
src/audit/appendOnlyAuditStore.ts(70,17): error TS1005: ';' expected.
src/audit/appendOnlyAuditStore.ts(71,14): error TS1005: ';' expected.
src/audit/appendOnlyAuditStore.ts(72,11): error TS1005: ';' expected.
src/audit/appendOnlyAuditStore.ts(73,12): error TS1005: ';' expected.
src/audit/appendOnlyAuditStore.ts(74,11): error TS1005: ';' expected.
src/audit/appendOnlyAuditStore.ts(75,11): error TS1005: ';' expected.
src/audit/appendOnlyAuditStore.ts(76,1): error TS1109: Expression expected.
src/audit/appendOnlyAuditStore.ts(76,2): error TS1128: Declaration or statement expected.
src/audit/appendOnlyAuditStore.ts(79,20): error TS1005: '=>' expected.
src/audit/appendOnlyAuditStore.ts(83,16): error TS1005: '=>' expected.
src/audit/appendOnlyAuditStore.ts(95,33): error TS1005: '=>' expected.
src/audit/appendOnlyAuditStore.ts(97,63): error TS1005: ')' expected.
src/audit/appendOnlyAuditStore.ts(97,68): error TS1005: ',' expected.
src/audit/appendOnlyAuditStore.ts(97,70): error TS1005: ';' expected.
src/audit/ledger.ts(41,3): error TS1131: Property or signature expected.
src/audit/ledger.ts(44,1): error TS1128: Declaration or statement expected.
src/audit/ledger.ts(47,33): error TS1005: '=>' expected.
src/audit/ledger.ts(51,30): error TS1005: ';' expected.
src/audit/ledger.ts(52,16): error TS1005: ';' expected.
src/audit/ledger.ts(53,10): error TS1005: ';' expected.
src/audit/ledger.ts(54,9): error TS1005: ';' expected.
src/audit/ledger.ts(55,11): error TS1005: ';' expected.
src/audit/ledger.ts(56,9): error TS1005: ';' expected.
src/audit/ledger.ts(57,10): error TS1005: ';' expected.
src/audit/ledger.ts(58,1): error TS1109: Expression expected.
src/audit/ledger.ts(58,2): error TS1128: Declaration or statement expected.
src/audit/ledger.ts(61,20): error TS1005: '=>' expected.
src/audit/ledger.ts(65,16): error TS1005: '=>' expected.
src/audit/ledger.ts(76,79): error TS1005: ')' expected.
src/audit/ledger.ts(76,84): error TS1005: ',' expected.
src/audit/ledger.ts(76,86): error TS1005: ';' expected.
src/auth/multi-tenant-rbac.ts(259,75): error TS1005: ')' expected.
src/auth/multi-tenant-rbac.ts(259,80): error TS1005: ',' expected.
src/auth/multi-tenant-rbac.ts(259,82): error TS1005: ';' expected.
src/cases/scenarios/ScenarioService.ts(126,18): error TS1005: ',' expected.
src/cases/scenarios/ScenarioService.ts(126,22): error TS1005: ',' expected.
src/cases/scenarios/ScenarioService.ts(126,47): error TS1005: ',' expected.
src/cases/scenarios/ScenarioService.ts(126,54): error TS1005: ',' expected.
src/conductor/auth/rbac-middleware.ts(352,66): error TS1005: ')' expected.
src/conductor/auth/rbac-middleware.ts(352,68): error TS1434: Unexpected keyword or identifier.
src/conductor/auth/rbac-middleware.ts(352,71): error TS1128: Declaration or statement expected.
src/conductor/auth/rbac-middleware.ts(352,73): error TS1128: Declaration or statement expected.
src/conductor/auth/rbac-middleware.ts(403,66): error TS1005: ')' expected.
src/conductor/auth/rbac-middleware.ts(403,68): error TS1434: Unexpected keyword or identifier.
src/conductor/auth/rbac-middleware.ts(403,71): error TS1128: Declaration or statement expected.
src/conductor/auth/rbac-middleware.ts(403,73): error TS1128: Declaration or statement expected.
src/conductor/compliance/evidence-config.ts(10,3): error TS1131: Property or signature expected.
src/conductor/compliance/evidence-config.ts(66,1): error TS1128: Declaration or statement expected.
src/conductor/governance/opa-integration.ts(489,20): error TS1005: ',' expected.
src/conductor/governance/opa-integration.ts(489,33): error TS1005: ',' expected.
src/conductor/governance/opa-integration.ts(489,35): error TS1136: Property assignment expected.
src/conductor/governance/opa-integration.ts(510,9): error TS1068: Unexpected token. A constructor, method, accessor, or property was expected.
src/conductor/governance/opa-integration.ts(511,7): error TS1128: Declaration or statement expected.
src/conductor/governance/opa-integration.ts(511,8): error TS1128: Declaration or statement expected.
src/conductor/governance/opa-integration.ts(512,5): error TS1128: Declaration or statement expected.
src/conductor/governance/opa-integration.ts(513,3): error TS1128: Declaration or statement expected.
src/conductor/governance/opa-integration.ts(515,3): error TS1128: Declaration or statement expected.
src/conductor/governance/opa-integration.ts(515,30): error TS1005: ',' expected.
src/conductor/governance/opa-integration.ts(515,36): error TS1005: ';' expected.
src/conductor/governance/opa-integration.ts(515,52): error TS1005: ';' expected.
src/conductor/governance/opa-integration.ts(524,3): error TS1128: Declaration or statement expected.
src/conductor/governance/opa-integration.ts(524,39): error TS1005: ',' expected.
src/conductor/governance/opa-integration.ts(524,48): error TS1005: ';' expected.
src/conductor/governance/opa-integration.ts(524,50): error TS1434: Unexpected keyword or identifier.
src/conductor/governance/opa-integration.ts(536,3): error TS1128: Declaration or statement expected.
src/conductor/governance/opa-integration.ts(536,39): error TS1005: ',' expected.
src/conductor/governance/opa-integration.ts(536,48): error TS1005: ';' expected.
src/conductor/governance/opa-integration.ts(536,50): error TS1434: Unexpected keyword or identifier.
src/conductor/governance/opa-integration.ts(541,1): error TS1128: Declaration or statement expected.
src/conductor/mcp/orchestrator.ts(467,43): error TS1005: ';' expected.
src/conductor/mcp/orchestrator.ts(469,10): error TS1005: ',' expected.
src/conductor/mcp/orchestrator.ts(469,11): error TS1134: Variable declaration expected.
src/conductor/mcp/orchestrator.ts(471,7): error TS1128: Declaration or statement expected.
src/conductor/mcp/orchestrator.ts(471,8): error TS1128: Declaration or statement expected.
src/conductor/mcp/orchestrator.ts(474,13): error TS1005: ';' expected.
src/conductor/mcp/orchestrator.ts(475,13): error TS1005: ';' expected.
src/conductor/mcp/orchestrator.ts(476,13): error TS1005: ';' expected.
src/conductor/mcp/orchestrator.ts(480,18): error TS1005: ';' expected.
src/conductor/mcp/orchestrator.ts(481,7): error TS1109: Expression expected.
src/conductor/mcp/orchestrator.ts(481,8): error TS1128: Declaration or statement expected.
src/conductor/mcp/orchestrator.ts(482,5): error TS1128: Declaration or statement expected.
src/conductor/mcp/orchestrator.ts(482,6): error TS1128: Declaration or statement expected.
src/conductor/mcp/orchestrator.ts(484,3): error TS1109: Expression expected.
src/conductor/mcp/orchestrator.ts(484,4): error TS1128: Declaration or statement expected.
src/conductor/mcp/orchestrator.ts(484,5): error TS1128: Declaration or statement expected.
src/conductor/mcp/orchestrator.ts(525,5): error TS1005: '=>' expected.
src/conductor/mcp/orchestrator.ts(528,13): error TS1005: ';' expected.
src/conductor/mcp/orchestrator.ts(536,52): error TS1005: '(' expected.
src/conductor/mcp/orchestrator.ts(536,56): error TS1005: ';' expected.
src/conductor/mcp/orchestrator.ts(536,58): error TS1005: ';' expected.
src/conductor/mcp/orchestrator.ts(547,61): error TS1005: ';' expected.
src/conductor/mcp/orchestrator.ts(548,7): error TS1109: Expression expected.
src/conductor/mcp/orchestrator.ts(548,8): error TS1128: Declaration or statement expected.
src/conductor/mcp/orchestrator.ts(549,5): error TS1128: Declaration or statement expected.
src/conductor/mcp/orchestrator.ts(549,6): error TS1128: Declaration or statement expected.
src/conductor/mcp/orchestrator.ts(552,20): error TS1005: ';' expected.
src/conductor/mcp/orchestrator.ts(553,5): error TS1109: Expression expected.
src/conductor/mcp/orchestrator.ts(553,6): error TS1128: Declaration or statement expected.
src/conductor/mcp/orchestrator.ts(554,3): error TS1128: Declaration or statement expected.
src/conductor/mcp/orchestrator.ts(554,4): error TS1128: Declaration or statement expected.
src/conductor/mcp/orchestrator.ts(554,5): error TS1128: Declaration or statement expected.
src/conductor/mcp/orchestrator.ts(555,1): error TS1128: Declaration or statement expected.
src/config/cors-options.ts(18,3): error TS1131: Property or signature expected.
src/config/cors-options.ts(41,1): error TS1128: Declaration or statement expected.
src/config/safety.ts(10,7): error TS1003: Identifier expected.
src/config/safety.ts(10,15): error TS1005: ';' expected.
src/config/safety.ts(13,1): error TS1128: Declaration or statement expected.
src/correctness-program/agent-coordination.ts(131,11): error TS1003: Identifier expected.
src/correctness-program/agent-coordination.ts(131,19): error TS1005: ',' expected.
src/correctness-program/agent-coordination.ts(131,23): error TS1005: ',' expected.
src/correctness-program/agent-coordination.ts(131,29): error TS1005: ';' expected.
src/correctness-program/agent-coordination.ts(131,31): error TS1131: Property or signature expected.
src/correctness-program/agent-coordination.ts(146,10): error TS1359: Identifier expected. 'const' is a reserved word that cannot be used here.
src/correctness-program/agent-coordination.ts(146,16): error TS1005: ',' expected.
src/correctness-program/agent-coordination.ts(146,22): error TS1005: ',' expected.
src/correctness-program/agent-coordination.ts(146,25): error TS1005: ',' expected.
src/correctness-program/agent-coordination.ts(146,29): error TS1005: ',' expected.
src/correctness-program/agent-coordination.ts(152,5): error TS1068: Unexpected token. A constructor, method, accessor, or property was expected.
src/correctness-program/agent-coordination.ts(153,3): error TS1128: Declaration or statement expected.
src/correctness-program/agent-coordination.ts(158,3): error TS1128: Declaration or statement expected.
src/correctness-program/agent-coordination.ts(158,41): error TS1005: ',' expected.
src/correctness-program/agent-coordination.ts(158,65): error TS1005: ';' expected.
src/correctness-program/agent-coordination.ts(158,67): error TS1434: Unexpected keyword or identifier.
src/correctness-program/agent-coordination.ts(166,3): error TS1434: Unexpected keyword or identifier.
src/correctness-program/agent-coordination.ts(166,30): error TS1005: ',' expected.
src/correctness-program/agent-coordination.ts(166,54): error TS1005: ';' expected.
src/correctness-program/agent-coordination.ts(167,11): error TS1005: ':' expected.
src/correctness-program/agent-coordination.ts(167,33): error TS1005: ',' expected.
src/correctness-program/agent-coordination.ts(168,11): error TS1005: ':' expected.
src/correctness-program/agent-coordination.ts(168,85): error TS1005: ',' expected.
src/correctness-program/agent-coordination.ts(170,11): error TS1005: ',' expected.
src/correctness-program/agent-coordination.ts(170,92): error TS1005: ',' expected.
src/correctness-program/agent-coordination.ts(173,13): error TS1005: ',' expected.
src/correctness-program/agent-coordination.ts(173,43): error TS1005: ',' expected.
src/correctness-program/agent-coordination.ts(173,45): error TS1136: Property assignment expected.
src/correctness-program/agent-coordination.ts(252,3): error TS1128: Declaration or statement expected.
src/correctness-program/agent-coordination.ts(257,3): error TS1128: Declaration or statement expected.
src/correctness-program/agent-coordination.ts(257,11): error TS1434: Unexpected keyword or identifier.
src/correctness-program/agent-coordination.ts(257,37): error TS1005: ',' expected.
src/correctness-program/agent-coordination.ts(257,51): error TS1005: ',' expected.
src/correctness-program/agent-coordination.ts(257,83): error TS1005: ',' expected.
src/correctness-program/agent-coordination.ts(257,92): error TS1005: ';' expected.
src/correctness-program/agent-coordination.ts(259,11): error TS1005: ',' expected.
src/correctness-program/agent-coordination.ts(259,82): error TS1005: ',' expected.
src/correctness-program/agent-coordination.ts(262,11): error TS1005: ':' expected.
src/correctness-program/agent-coordination.ts(262,38): error TS1005: ',' expected.
src/correctness-program/agent-coordination.ts(265,13): error TS1005: ',' expected.
src/correctness-program/agent-coordination.ts(265,42): error TS1005: ',' expected.
src/correctness-program/agent-coordination.ts(265,44): error TS1136: Property assignment expected.
src/correctness-program/agent-coordination.ts(279,3): error TS1128: Declaration or statement expected.
src/correctness-program/agent-coordination.ts(284,32): error TS1005: ',' expected.
src/correctness-program/agent-coordination.ts(284,56): error TS1005: ';' expected.
src/correctness-program/agent-coordination.ts(285,9): error TS1005: ':' expected.
src/correctness-program/agent-coordination.ts(285,46): error TS1005: ',' expected.
src/correctness-program/agent-coordination.ts(286,11): error TS1005: ',' expected.
src/correctness-program/agent-coordination.ts(286,101): error TS1005: ',' expected.
src/correctness-program/agent-coordination.ts(292,29): error TS1005: ',' expected.
src/correctness-program/agent-coordination.ts(292,38): error TS1005: ';' expected.
src/correctness-program/agent-coordination.ts(292,74): error TS1005: ';' expected.
src/correctness-program/agent-coordination.ts(299,3): error TS1434: Unexpected keyword or identifier.
src/correctness-program/agent-coordination.ts(299,44): error TS1005: ',' expected.
src/correctness-program/agent-coordination.ts(299,53): error TS1005: ';' expected.
src/correctness-program/agent-coordination.ts(299,134): error TS1011: An element access expression should take an argument.
src/correctness-program/agent-coordination.ts(301,12): error TS1005: ':' expected.
src/correctness-program/agent-coordination.ts(309,6): error TS1005: ',' expected.
src/correctness-program/agent-coordination.ts(315,44): error TS1005: ',' expected.
src/correctness-program/agent-coordination.ts(315,69): error TS1005: ';' expected.
src/correctness-program/agent-coordination.ts(315,71): error TS1434: Unexpected keyword or identifier.
src/correctness-program/agent-coordination.ts(350,3): error TS1128: Declaration or statement expected.
src/correctness-program/agent-coordination.ts(350,40): error TS1005: ',' expected.
src/correctness-program/agent-coordination.ts(350,64): error TS1005: ';' expected.
src/correctness-program/agent-coordination.ts(350,73): error TS1011: An element access expression should take an argument.
src/correctness-program/agent-coordination.ts(350,75): error TS1011: An element access expression should take an argument.
src/correctness-program/agent-coordination.ts(350,77): error TS1005: ';' expected.
src/correctness-program/agent-coordination.ts(419,1): error TS1128: Declaration or statement expected.
src/correctness-program/invariants.ts(118,3): error TS1005: '=>' expected.
src/correctness-program/migrationFactory.ts(114,20): error TS1005: ';' expected.
src/correctness-program/migrationFactory.ts(122,3): error TS1005: '=>' expected.
src/db/migrations/migration-checker.ts(134,3): error TS1131: Property or signature expected.
src/db/migrations/migration-checker.ts(165,1): error TS1128: Declaration or statement expected.
src/db/migrations/migration-checker.ts(170,13): error TS1005: ',' expected.
src/db/migrations/migration-checker.ts(170,21): error TS1005: ',' expected.
src/db/migrations/migration-checker.ts(170,31): error TS1005: ',' expected.
src/db/migrations/migration-checker.ts(170,36): error TS1005: ';' expected.
src/db/migrations/migration-checker.ts(192,1): error TS1128: Declaration or statement expected.
src/db/models/approvals.ts(21,75): error TS1005: ')' expected.
src/db/models/approvals.ts(21,80): error TS1005: ',' expected.
src/db/models/approvals.ts(21,82): error TS1005: ';' expected.
src/db/models/approvals.ts(50,21): error TS1005: ',' expected.
src/db/models/approvals.ts(50,23): error TS1134: Variable declaration expected.
src/db/pg.ts(9,3): error TS1131: Property or signature expected.
src/db/pg.ts(11,1): error TS1128: Declaration or statement expected.
src/db/plan-inspector.ts(9,20): error TS1005: '=>' expected.
src/db/plan-inspector.ts(9,33): error TS1005: ',' expected.
src/db/plan-inspector.ts(9,34): error TS1109: Expression expected.
src/db/plan-inspector.ts(34,9): error TS1005: ')' expected.
src/db/plan-inspector.ts(34,14): error TS1005: ',' expected.
src/db/plan-inspector.ts(34,16): error TS1005: ';' expected.
src/errors/ErrorHandlingFramework.ts(464,7): error TS1131: Property or signature expected.
src/errors/ErrorHandlingFramework.ts(464,14): error TS1005: ':' expected.
src/errors/ErrorHandlingFramework.ts(464,76): error TS1005: ',' expected.
src/errors/ErrorHandlingFramework.ts(466,14): error TS1005: ',' expected.
src/errors/ErrorHandlingFramework.ts(467,7): error TS1131: Property or signature expected.
src/errors/ErrorHandlingFramework.ts(506,5): error TS1128: Declaration or statement expected.
src/errors/ErrorHandlingFramework.ts(506,6): error TS1128: Declaration or statement expected.
src/errors/ErrorHandlingFramework.ts(507,3): error TS1128: Declaration or statement expected.
src/errors/ErrorHandlingFramework.ts(507,4): error TS1128: Declaration or statement expected.
src/errors/ErrorHandlingFramework.ts(511,7): error TS1131: Property or signature expected.
src/errors/ErrorHandlingFramework.ts(516,6): error TS1128: Declaration or statement expected.
src/errors/ErrorHandlingFramework.ts(518,7): error TS1131: Property or signature expected.
src/errors/ErrorHandlingFramework.ts(531,5): error TS1128: Declaration or statement expected.
src/errors/ErrorHandlingFramework.ts(531,6): error TS1128: Declaration or statement expected.
src/errors/ErrorHandlingFramework.ts(532,3): error TS1128: Declaration or statement expected.
src/errors/ErrorHandlingFramework.ts(532,4): error TS1128: Declaration or statement expected.
src/errors/ErrorHandlingFramework.ts(536,7): error TS1131: Property or signature expected.
src/errors/ErrorHandlingFramework.ts(540,6): error TS1128: Declaration or statement expected.
src/errors/ErrorHandlingFramework.ts(542,7): error TS1131: Property or signature expected.
src/errors/ErrorHandlingFramework.ts(570,5): error TS1128: Declaration or statement expected.
src/errors/ErrorHandlingFramework.ts(570,6): error TS1128: Declaration or statement expected.
src/errors/ErrorHandlingFramework.ts(571,3): error TS1128: Declaration or statement expected.
src/errors/ErrorHandlingFramework.ts(571,4): error TS1128: Declaration or statement expected.
src/errors/ErrorHandlingFramework.ts(572,1): error TS1128: Declaration or statement expected.
src/errors/ErrorHandlingFramework.ts(752,68): error TS1005: ')' expected.
src/errors/ErrorHandlingFramework.ts(752,70): error TS1434: Unexpected keyword or identifier.
src/errors/ErrorHandlingFramework.ts(752,73): error TS1128: Declaration or statement expected.
src/errors/ErrorHandlingFramework.ts(752,75): error TS1128: Declaration or statement expected.
src/graphql/dataloaders/strategicPlanLoader.ts(33,22): error TS1005: ',' expected.
src/graphql/dataloaders/strategicPlanLoader.ts(33,26): error TS1005: ',' expected.
src/graphql/dataloaders/strategicPlanLoader.ts(33,43): error TS1005: ',' expected.
src/graphql/dataloaders/strategicPlanLoader.ts(33,50): error TS1005: ',' expected.
src/graphql/dataloaders/strategicPlanLoader.ts(33,63): error TS1005: ';' expected.
src/graphql/dataloaders/strategicPlanLoader.ts(35,7): error TS1109: Expression expected.
src/graphql/dataloaders/strategicPlanLoader.ts(38,6): error TS1128: Declaration or statement expected.
src/graphql/dataloaders/strategicPlanLoader.ts(43,22): error TS1005: ';' expected.
src/graphql/dataloaders/strategicPlanLoader.ts(44,5): error TS1109: Expression expected.
src/graphql/dataloaders/strategicPlanLoader.ts(44,6): error TS1128: Declaration or statement expected.
src/graphql/dataloaders/strategicPlanLoader.ts(45,3): error TS1128: Declaration or statement expected.
src/graphql/dataloaders/strategicPlanLoader.ts(46,1): error TS1128: Declaration or statement expected.
src/graphql/dataloaders/supportTicketLoader.ts(30,7): error TS1359: Identifier expected. 'typeof' is a reserved word that cannot be used here.
src/graphql/dataloaders/supportTicketLoader.ts(30,20): error TS1005: ',' expected.
src/graphql/dataloaders/supportTicketLoader.ts(30,69): error TS1005: ';' expected.
src/graphql/dataloaders/supportTicketLoader.ts(34,1): error TS1128: Declaration or statement expected.
src/graphql/loaders.ts(65,19): error TS1005: '(' expected.
src/graphql/loaders.ts(65,29): error TS1005: ';' expected.
src/graphql/loaders.ts(66,21): error TS1005: '(' expected.
src/graphql/loaders.ts(66,31): error TS1005: ';' expected.
src/graphql/loaders.ts(67,49): error TS1005: ';' expected.
src/graphql/loaders.ts(68,3): error TS1005: '=>' expected.
src/graphql/plugins/auditLogger.ts(20,13): error TS1005: ',' expected.
src/graphql/plugins/auditLogger.ts(20,44): error TS1005: ';' expected.
src/graphql/plugins/auditLogger.ts(31,1): error TS1128: Declaration or statement expected.
src/graphql/resolvers/core.ts(277,9): error TS1005: ')' expected.
src/graphql/resolvers/core.ts(277,18): error TS1005: ',' expected.
src/graphql/resolvers/core.ts(277,26): error TS1109: Expression expected.
src/graphql/resolvers/core.ts(278,8): error TS1005: ';' expected.
src/graphql/resolvers/core.ts(279,12): error TS1005: ';' expected.
src/graphql/resolvers/core.ts(280,1): error TS1109: Expression expected.
src/graphql/resolvers/core.ts(280,2): error TS1128: Declaration or statement expected.
src/graphql/resolvers/core.ts(288,62): error TS1385: Function type notation must be parenthesized when used in a union type.
src/graphql/resolvers/core.ts(289,20): error TS1005: '=>' expected.
src/graphql/resolvers/core.ts(292,7): error TS1003: Identifier expected.
src/graphql/resolvers/core.ts(292,18): error TS1005: ';' expected.
src/graphql/resolvers/core.ts(298,1): error TS1128: Declaration or statement expected.
src/graphql/resolvers/core.ts(308,29): error TS1385: Function type notation must be parenthesized when used in a union type.
src/graphql/resolvers/core.ts(309,10): error TS1005: '=>' expected.
src/graphql/resolvers/core.ts(309,12): error TS1134: Variable declaration expected.
src/graphql/resolvers/core.ts(309,62): error TS1005: ';' expected.
src/graphql/resolvers/docling.ts(32,3): error TS1131: Property or signature expected.
src/graphql/resolvers/docling.ts(38,1): error TS1128: Declaration or statement expected.
src/graphql/resolvers/strategicFramework.ts(48,3): error TS1131: Property or signature expected.
src/graphql/resolvers/strategicFramework.ts(49,1): error TS1128: Declaration or statement expected.
src/graphql/subscriptions.ts(18,24): error TS1005: '=>' expected.
src/graphql/watchlists.ts(65,13): error TS1005: ';' expected.
src/graphql/watchlists.ts(74,7): error TS1131: Property or signature expected.
src/graphql/watchlists.ts(74,17): error TS1005: ',' expected.
src/graphql/watchlists.ts(74,33): error TS1005: ',' expected.
src/graphql/watchlists.ts(75,14): error TS1005: ':' expected.
src/graphql/watchlists.ts(75,23): error TS1005: ',' expected.
src/graphql/watchlists.ts(78,7): error TS1131: Property or signature expected.
src/graphql/watchlists.ts(78,13): error TS1005: ':' expected.
src/graphql/watchlists.ts(78,65): error TS1005: ',' expected.
src/graphql/watchlists.ts(83,7): error TS1005: ',' expected.
src/graphql/watchlists.ts(83,13): error TS1005: ':' expected.
src/graphql/watchlists.ts(83,17): error TS1005: ',' expected.
src/graphql/watchlists.ts(92,8): error TS1005: ',' expected.
src/graphql/watchlists.ts(93,12): error TS1005: ',' expected.
src/graphql/watchlists.ts(93,23): error TS1005: ',' expected.
src/graphql/watchlists.ts(94,14): error TS1005: ':' expected.
src/graphql/watchlists.ts(94,18): error TS1005: ',' expected.
src/graphql/watchlists.ts(97,7): error TS1131: Property or signature expected.
src/graphql/watchlists.ts(102,5): error TS1128: Declaration or statement expected.
src/graphql/watchlists.ts(102,6): error TS1128: Declaration or statement expected.
src/graphql/watchlists.ts(110,3): error TS1109: Expression expected.
src/graphql/watchlists.ts(110,4): error TS1128: Declaration or statement expected.
src/graphql/watchlists.ts(111,1): error TS1128: Declaration or statement expected.
src/intel/cti/entity-mapper.ts(46,41): error TS1005: '(' expected.
src/intel/cti/entity-mapper.ts(46,45): error TS1005: '=>' expected.
src/intel/cti/entity-mapper.ts(46,46): error TS1109: Expression expected.
src/intel/cti/entity-mapper.ts(49,25): error TS1005: '}' expected.
src/intel/cti/entity-mapper.ts(49,26): error TS1109: Expression expected.
src/intel/cti/entity-mapper.ts(49,27): error TS1128: Declaration or statement expected.
src/intel/cti/entity-mapper.ts(424,17): error TS1005: ';' expected.
src/intel/cti/entity-mapper.ts(425,9): error TS1109: Expression expected.
src/intel/cti/entity-mapper.ts(425,10): error TS1128: Declaration or statement expected.
src/intel/cti/entity-mapper.ts(426,7): error TS1128: Declaration or statement expected.
src/intel/cti/entity-mapper.ts(426,9): error TS1434: Unexpected keyword or identifier.
src/intel/cti/entity-mapper.ts(426,18): error TS1128: Declaration or statement expected.
src/intel/cti/entity-mapper.ts(426,19): error TS1128: Declaration or statement expected.
src/intel/cti/entity-mapper.ts(433,3): error TS1109: Expression expected.
src/intel/cti/entity-mapper.ts(434,1): error TS1128: Declaration or statement expected.
src/lib/auth.ts(164,7): error TS1003: Identifier expected.
src/lib/auth.ts(164,15): error TS1005: ',' expected.
src/lib/auth.ts(164,32): error TS1005: ',' expected.
src/lib/auth.ts(164,48): error TS1005: ';' expected.
src/lib/auth.ts(173,1): error TS1128: Declaration or statement expected.
src/lib/auth.ts(179,3): error TS1131: Property or signature expected.
src/lib/auth.ts(189,1): error TS1128: Declaration or statement expected.
src/llm/router.ts(123,11): error TS1003: Identifier expected.
src/llm/router.ts(123,23): error TS1005: ';' expected.
src/llm/router.ts(142,11): error TS1005: ',' expected.
src/llm/router.ts(142,32): error TS1005: ';' expected.
src/llm/router.ts(285,3): error TS1128: Declaration or statement expected.
src/llm/router.ts(287,28): error TS1005: ',' expected.
src/llm/router.ts(287,47): error TS1005: ';' expected.
src/llm/router.ts(290,1): error TS1128: Declaration or statement expected.
src/maestro/dsl.ts(55,7): error TS1131: Property or signature expected.
src/maestro/dsl.ts(55,14): error TS1005: ',' expected.
src/maestro/dsl.ts(55,18): error TS1005: ',' expected.
src/maestro/dsl.ts(71,10): error TS1359: Identifier expected. 'const' is a reserved word that cannot be used here.
src/maestro/dsl.ts(71,16): error TS1005: ',' expected.
src/maestro/dsl.ts(71,21): error TS1005: ',' expected.
src/maestro/dsl.ts(71,24): error TS1005: ',' expected.
src/maestro/dsl.ts(71,28): error TS1005: ',' expected.
src/maestro/dsl.ts(77,5): error TS1068: Unexpected token. A constructor, method, accessor, or property was expected.
src/maestro/dsl.ts(78,3): error TS1128: Declaration or statement expected.
src/maestro/dsl.ts(84,3): error TS1128: Declaration or statement expected.
src/maestro/dsl.ts(85,9): error TS1005: ',' expected.
src/maestro/dsl.ts(86,10): error TS1005: ',' expected.
src/maestro/dsl.ts(87,13): error TS1005: ',' expected.
src/maestro/dsl.ts(88,10): error TS1005: ',' expected.
src/maestro/dsl.ts(89,4): error TS1005: ';' expected.
src/maestro/dsl.ts(89,18): error TS1011: An element access expression should take an argument.
src/maestro/dsl.ts(89,20): error TS1005: ';' expected.
src/maestro/dsl.ts(162,1): error TS1128: Declaration or statement expected.
src/middleware/async-handler.ts(21,3): error TS1131: Property or signature expected.
src/middleware/async-handler.ts(21,10): error TS1005: ',' expected.
src/middleware/async-handler.ts(21,18): error TS1005: ',' expected.
src/middleware/async-handler.ts(22,1): error TS1128: Declaration or statement expected.
src/middleware/auth.ts(35,22): error TS1005: ')' expected.
src/middleware/auth.ts(35,24): error TS1434: Unexpected keyword or identifier.
src/middleware/auth.ts(35,27): error TS1128: Declaration or statement expected.
src/middleware/auth.ts(35,29): error TS1128: Declaration or statement expected.
src/middleware/auth.ts(73,22): error TS1005: ')' expected.
src/middleware/auth.ts(73,24): error TS1434: Unexpected keyword or identifier.
src/middleware/auth.ts(73,27): error TS1128: Declaration or statement expected.
src/middleware/auth.ts(73,29): error TS1128: Declaration or statement expected.
src/middleware/correlationId.ts(18,45): error TS1385: Function type notation must be parenthesized when used in a union type.
src/middleware/correlationId.ts(19,3): error TS1005: '=>' expected.
src/middleware/correlationId.ts(19,3): error TS1131: Property or signature expected.
src/middleware/correlationId.ts(21,1): error TS1128: Declaration or statement expected.
src/middleware/error-handling-middleware.ts(10,13): error TS1005: ',' expected.
src/middleware/error-handling-middleware.ts(10,36): error TS1005: ';' expected.
src/middleware/error-handling-middleware.ts(32,1): error TS1128: Declaration or statement expected.
src/middleware/error-handling-middleware.ts(35,13): error TS1005: ',' expected.
src/middleware/error-handling-middleware.ts(35,36): error TS1005: ';' expected.
src/middleware/error-handling-middleware.ts(48,1): error TS1128: Declaration or statement expected.
src/middleware/error-handling-middleware.ts(51,13): error TS1005: ',' expected.
src/middleware/error-handling-middleware.ts(51,36): error TS1005: ';' expected.
src/middleware/error-handling-middleware.ts(61,1): error TS1128: Declaration or statement expected.
src/middleware/input-sanitization-enhanced.ts(193,20): error TS1005: ')' expected.
src/middleware/input-sanitization-enhanced.ts(193,25): error TS1005: ',' expected.
src/middleware/input-sanitization-enhanced.ts(193,27): error TS1005: ';' expected.
src/middleware/input-sanitization-enhanced.ts(260,20): error TS1005: ')' expected.
src/middleware/input-sanitization-enhanced.ts(260,25): error TS1005: ',' expected.
src/middleware/input-sanitization-enhanced.ts(260,27): error TS1005: ';' expected.
src/middleware/input-sanitization-enhanced.ts(303,20): error TS1005: ')' expected.
src/middleware/input-sanitization-enhanced.ts(303,25): error TS1005: ',' expected.
src/middleware/input-sanitization-enhanced.ts(303,27): error TS1005: ';' expected.
src/middleware/input-sanitization-enhanced.ts(344,9): error TS1005: ')' expected.
src/middleware/input-sanitization-enhanced.ts(344,14): error TS1005: ',' expected.
src/middleware/input-sanitization-enhanced.ts(344,16): error TS1005: ';' expected.
src/middleware/persistedQueries.ts(90,68): error TS1005: ')' expected.
src/middleware/persistedQueries.ts(90,70): error TS1434: Unexpected keyword or identifier.
src/middleware/persistedQueries.ts(90,73): error TS1128: Declaration or statement expected.
src/middleware/persistedQueries.ts(90,75): error TS1128: Declaration or statement expected.
src/middleware/pii-guard.ts(22,3): error TS1131: Property or signature expected.
src/middleware/pii-guard.ts(29,1): error TS1128: Declaration or statement expected.
src/middleware/pii-guard.ts(59,83): error TS1385: Function type notation must be parenthesized when used in a union type.
src/middleware/pii-guard.ts(60,15): error TS1005: ',' expected.
src/middleware/pii-guard.ts(60,15): error TS1005: '=>' expected.
src/middleware/pii-guard.ts(60,28): error TS1005: ';' expected.
src/middleware/pii-guard.ts(66,1): error TS1128: Declaration or statement expected.
src/middleware/rbac.ts(18,22): error TS1005: ')' expected.
src/middleware/rbac.ts(18,24): error TS1434: Unexpected keyword or identifier.
src/middleware/rbac.ts(18,27): error TS1128: Declaration or statement expected.
src/middleware/rbac.ts(18,29): error TS1128: Declaration or statement expected.
src/middleware/rbac.ts(44,22): error TS1005: ')' expected.
src/middleware/rbac.ts(44,24): error TS1434: Unexpected keyword or identifier.
src/middleware/rbac.ts(44,27): error TS1128: Declaration or statement expected.
src/middleware/rbac.ts(44,29): error TS1128: Declaration or statement expected.
src/middleware/rbac.ts(73,22): error TS1005: ')' expected.
src/middleware/rbac.ts(73,24): error TS1434: Unexpected keyword or identifier.
src/middleware/rbac.ts(73,27): error TS1128: Declaration or statement expected.
src/middleware/rbac.ts(73,29): error TS1128: Declaration or statement expected.
src/middleware/rbac.ts(102,22): error TS1005: ')' expected.
src/middleware/rbac.ts(102,24): error TS1434: Unexpected keyword or identifier.
src/middleware/rbac.ts(102,27): error TS1128: Declaration or statement expected.
src/middleware/rbac.ts(102,29): error TS1128: Declaration or statement expected.
src/middleware/request-schema-validator.ts(30,66): error TS1005: ')' expected.
src/middleware/request-schema-validator.ts(30,68): error TS1434: Unexpected keyword or identifier.
src/middleware/request-schema-validator.ts(30,71): error TS1128: Declaration or statement expected.
src/middleware/request-schema-validator.ts(30,73): error TS1128: Declaration or statement expected.
src/middleware/request-schema-validator.ts(85,66): error TS1005: ')' expected.
src/middleware/request-schema-validator.ts(85,68): error TS1434: Unexpected keyword or identifier.
src/middleware/request-schema-validator.ts(85,71): error TS1128: Declaration or statement expected.
src/middleware/request-schema-validator.ts(85,73): error TS1128: Declaration or statement expected.
src/middleware/request-validation.ts(50,67): error TS1385: Function type notation must be parenthesized when used in a union type.
src/middleware/request-validation.ts(51,5): error TS1005: '=>' expected.
src/middleware/request-validation.ts(51,5): error TS1131: Property or signature expected.
src/middleware/request-validation.ts(183,1): error TS1128: Declaration or statement expected.
src/middleware/request-validation.ts(189,67): error TS1385: Function type notation must be parenthesized when used in a union type.
src/middleware/request-validation.ts(190,12): error TS1005: ',' expected.
src/middleware/request-validation.ts(190,18): error TS1005: ',' expected.
src/middleware/request-validation.ts(190,18): error TS1005: '=>' expected.
src/middleware/request-validation.ts(190,49): error TS1005: ';' expected.
src/middleware/request-validation.ts(210,1): error TS1128: Declaration or statement expected.
src/middleware/request-validation.ts(233,67): error TS1385: Function type notation must be parenthesized when used in a union type.
src/middleware/request-validation.ts(234,5): error TS1005: '=>' expected.
src/middleware/request-validation.ts(234,5): error TS1131: Property or signature expected.
src/middleware/request-validation.ts(306,1): error TS1128: Declaration or statement expected.
src/middleware/request-validation.ts(379,67): error TS1385: Function type notation must be parenthesized when used in a union type.
src/middleware/request-validation.ts(380,5): error TS1005: '=>' expected.
src/middleware/request-validation.ts(380,5): error TS1131: Property or signature expected.
src/middleware/request-validation.ts(402,1): error TS1128: Declaration or statement expected.
src/middleware/security.ts(26,3): error TS1131: Property or signature expected.
src/middleware/security.ts(45,1): error TS1128: Declaration or statement expected.
src/middleware/security.ts(99,77): error TS1005: ')' expected.
src/middleware/security.ts(99,79): error TS1434: Unexpected keyword or identifier.
src/middleware/security.ts(99,82): error TS1128: Declaration or statement expected.
src/middleware/security.ts(99,84): error TS1128: Declaration or statement expected.
src/middleware/security.ts(122,1): error TS1128: Declaration or statement expected.
src/middleware/security.ts(128,77): error TS1005: ')' expected.
src/middleware/security.ts(128,79): error TS1434: Unexpected keyword or identifier.
src/middleware/security.ts(128,82): error TS1128: Declaration or statement expected.
src/middleware/security.ts(128,84): error TS1128: Declaration or statement expected.
src/middleware/security.ts(149,1): error TS1128: Declaration or statement expected.
src/middleware/security.ts(162,20): error TS1005: ')' expected.
src/middleware/security.ts(162,25): error TS1005: ',' expected.
src/middleware/security.ts(162,27): error TS1005: ';' expected.
src/middleware/security.ts(197,20): error TS1005: ')' expected.
src/middleware/security.ts(197,25): error TS1005: ',' expected.
src/middleware/security.ts(197,27): error TS1005: ';' expected.
src/middleware/security.ts(305,9): error TS1005: ')' expected.
src/middleware/security.ts(305,14): error TS1005: ',' expected.
src/middleware/security.ts(305,16): error TS1005: ';' expected.
src/middleware/security.ts(332,9): error TS1005: ')' expected.
src/middleware/security.ts(332,14): error TS1005: ',' expected.
src/middleware/security.ts(332,16): error TS1005: ';' expected.
src/middleware/siemMiddleware.ts(55,70): error TS1005: ')' expected.
src/middleware/siemMiddleware.ts(55,72): error TS1434: Unexpected keyword or identifier.
src/middleware/siemMiddleware.ts(55,75): error TS1128: Declaration or statement expected.
src/middleware/siemMiddleware.ts(55,77): error TS1128: Declaration or statement expected.
src/middleware/siemMiddleware.ts(127,70): error TS1005: ')' expected.
src/middleware/siemMiddleware.ts(127,72): error TS1434: Unexpected keyword or identifier.
src/middleware/siemMiddleware.ts(127,75): error TS1128: Declaration or statement expected.
src/middleware/siemMiddleware.ts(127,77): error TS1128: Declaration or statement expected.
src/middleware/siemMiddleware.ts(168,70): error TS1005: ')' expected.
src/middleware/siemMiddleware.ts(168,72): error TS1434: Unexpected keyword or identifier.
src/middleware/siemMiddleware.ts(168,75): error TS1128: Declaration or statement expected.
src/middleware/siemMiddleware.ts(168,77): error TS1128: Declaration or statement expected.
src/middleware/siemMiddleware.ts(188,70): error TS1005: ')' expected.
src/middleware/siemMiddleware.ts(188,72): error TS1434: Unexpected keyword or identifier.
src/middleware/siemMiddleware.ts(188,75): error TS1128: Declaration or statement expected.
src/middleware/siemMiddleware.ts(188,77): error TS1128: Declaration or statement expected.
src/middleware/tenantContext.ts(31,65): error TS1385: Function type notation must be parenthesized when used in a union type.
src/middleware/tenantContext.ts(32,3): error TS1005: '=>' expected.
src/middleware/tenantContext.ts(32,3): error TS1131: Property or signature expected.
src/middleware/tenantContext.ts(38,1): error TS1128: Declaration or statement expected.
src/middleware/tenantContext.ts(43,9): error TS1005: ')' expected.
src/middleware/tenantContext.ts(43,14): error TS1005: ',' expected.
src/middleware/tenantContext.ts(43,16): error TS1005: ';' expected.
src/middleware/tenantContext.ts(45,30): error TS1005: ',' expected.
src/middleware/tenantContext.ts(45,38): error TS1005: ',' expected.
src/middleware/tenantContext.ts(45,48): error TS1005: ',' expected.
src/middleware/tenantContext.ts(45,55): error TS1005: ',' expected.
src/middleware/tenantContext.ts(45,72): error TS1005: ';' expected.
src/middleware/tenantContext.ts(45,73): error TS1128: Declaration or statement expected.
src/middleware/tenantContext.ts(46,3): error TS1128: Declaration or statement expected.
src/middleware/validation.ts(59,77): error TS1005: ')' expected.
src/middleware/validation.ts(59,79): error TS1434: Unexpected keyword or identifier.
src/middleware/validation.ts(59,82): error TS1128: Declaration or statement expected.
src/middleware/validation.ts(59,84): error TS1128: Declaration or statement expected.
src/middleware/warRoomAuth.ts(17,58): error TS1005: ')' expected.
src/middleware/warRoomAuth.ts(17,63): error TS1005: ',' expected.
src/middleware/warRoomAuth.ts(17,65): error TS1005: ';' expected.
src/middleware/withTenant.ts(76,7): error TS1003: Identifier expected.
src/middleware/withTenant.ts(76,15): error TS1005: ',' expected.
src/middleware/withTenant.ts(76,23): error TS1005: ';' expected.
src/middleware/withTenant.ts(90,1): error TS1128: Declaration or statement expected.
src/middleware/withTenant.ts(96,3): error TS1131: Property or signature expected.
src/middleware/withTenant.ts(97,1): error TS1128: Declaration or statement expected.
src/monitoring/EnhancedObservability.ts(416,68): error TS1005: ')' expected.
src/monitoring/EnhancedObservability.ts(416,70): error TS1434: Unexpected keyword or identifier.
src/monitoring/EnhancedObservability.ts(416,73): error TS1128: Declaration or statement expected.
src/monitoring/EnhancedObservability.ts(416,75): error TS1128: Declaration or statement expected.
src/monitoring/EnhancedObservability.ts(575,66): error TS1005: ')' expected.
src/monitoring/EnhancedObservability.ts(575,68): error TS1434: Unexpected keyword or identifier.
src/monitoring/EnhancedObservability.ts(575,71): error TS1128: Declaration or statement expected.
src/monitoring/EnhancedObservability.ts(575,73): error TS1128: Declaration or statement expected.
src/pcmi/microindex.ts(21,3): error TS1131: Property or signature expected.
src/pcmi/microindex.ts(41,1): error TS1128: Declaration or statement expected.
src/pcmi/microindex.ts(78,3): error TS1131: Property or signature expected.
src/pcmi/microindex.ts(85,1): error TS1128: Declaration or statement expected.
src/pcmi/microindex.ts(88,3): error TS1131: Property or signature expected.
src/pcmi/microindex.ts(116,1): error TS1128: Declaration or statement expected.
src/pcmi/microindex.ts(193,3): error TS1131: Property or signature expected.
src/pcmi/microindex.ts(215,1): error TS1128: Declaration or statement expected.
src/pcmi/microindex.ts(218,9): error TS1005: ';' expected.
src/pcmi/microindex.ts(229,12): error TS1005: ',' expected.
src/pcmi/microindex.ts(229,23): error TS1005: ',' expected.
src/pcmi/microindex.ts(229,35): error TS1005: ';' expected.
src/pcmi/microindex.ts(283,1): error TS1128: Declaration or statement expected.
src/pcmi/psid.ts(5,3): error TS1131: Property or signature expected.
src/pcmi/psid.ts(9,1): error TS1128: Declaration or statement expected.
src/pcmi/psid.ts(12,3): error TS1131: Property or signature expected.
src/pcmi/psid.ts(21,1): error TS1128: Declaration or statement expected.
src/pcmi/psid.ts(24,9): error TS1005: ';' expected.
src/pcmi/psid.ts(29,3): error TS1131: Property or signature expected.
src/pcmi/psid.ts(39,1): error TS1128: Declaration or statement expected.
src/pii/classifier.ts(20,3): error TS1131: Property or signature expected.
src/pii/classifier.ts(22,1): error TS1128: Declaration or statement expected.
src/pii/classifier.ts(28,3): error TS1131: Property or signature expected.
src/pii/classifier.ts(33,1): error TS1128: Declaration or statement expected.
src/pii/classifier.ts(57,3): error TS1131: Property or signature expected.
src/pii/classifier.ts(81,1): error TS1128: Declaration or statement expected.
src/pii/classifier.ts(87,18): error TS1005: ',' expected.
src/pii/classifier.ts(87,25): error TS1005: ';' expected.
src/pii/classifier.ts(97,1): error TS1128: Declaration or statement expected.
src/pii/patterns.ts(19,3): error TS1005: '=>' expected.
src/pii/recognizer.ts(34,3): error TS1131: Property or signature expected.
src/pii/recognizer.ts(50,1): error TS1128: Declaration or statement expected.
src/pii/recognizer.ts(53,3): error TS1131: Property or signature expected.
src/pii/recognizer.ts(55,1): error TS1128: Declaration or statement expected.
src/pii/recognizer.ts(58,11): error TS1005: '=>' expected.
src/pii/scanner.ts(26,9): error TS1005: '=>' expected.
src/pii/scanner.ts(29,5): error TS1109: Expression expected.
src/pii/scanner.ts(34,13): error TS1005: ',' expected.
src/pii/scanner.ts(34,44): error TS1005: ';' expected.
src/pii/scanner.ts(53,1): error TS1128: Declaration or statement expected.
src/pii/scanner.ts(56,20): error TS1005: '=>' expected.
src/pii/taxonomy.ts(26,3): error TS1005: '=>' expected.
src/playbooks/queue.ts(11,7): error TS1003: Identifier expected.
src/playbooks/queue.ts(11,23): error TS1005: ';' expected.
src/playbooks/queue.ts(15,1): error TS1128: Declaration or statement expected.
src/privacy/dsar/connectors.ts(15,24): error TS1005: ')' expected.
src/privacy/dsar/connectors.ts(15,27): error TS1005: ',' expected.
src/privacy/dsar/connectors.ts(15,28): error TS1134: Variable declaration expected.
src/privacy/dsar/connectors.ts(15,30): error TS1134: Variable declaration expected.
src/privacy/dsar/dfe.ts(19,13): error TS1005: '=>' expected.
src/privacy/dsar/dfe.ts(260,9): error TS1005: ')' expected.
src/privacy/dsar/dfe.ts(260,14): error TS1005: ',' expected.
src/privacy/dsar/dfe.ts(260,16): error TS1005: ';' expected.
src/privacy/dsar/proofs.ts(5,12): error TS1005: ',' expected.
src/privacy/dsar/proofs.ts(5,20): error TS1005: ',' expected.
src/privacy/dsar/proofs.ts(5,27): error TS1005: ';' expected.
src/privacy/dsar/proofs.ts(5,29): error TS1131: Property or signature expected.
src/privacy/dsar/proofs.ts(17,1): error TS1128: Declaration or statement expected.
src/privacy/dsar/proofs.ts(20,3): error TS1131: Property or signature expected.
src/privacy/dsar/proofs.ts(22,1): error TS1128: Declaration or statement expected.
src/privacy/dsar/proofs.ts(42,32): error TS1005: ';' expected.
src/privacy/dsar/proofs.ts(43,31): error TS1005: ';' expected.
src/privacy/dsar/proofs.ts(46,3): error TS1005: '=>' expected.
src/privacy/dsar/proofs.ts(51,7): error TS1003: Identifier expected.
src/privacy/dsar/proofs.ts(51,13): error TS1005: ',' expected.
src/privacy/dsar/proofs.ts(51,29): error TS1005: ';' expected.
src/privacy/dsar/proofs.ts(58,1): error TS1128: Declaration or statement expected.
src/privacy/dsar/proofs.ts(79,33): error TS1005: ';' expected.
src/privacy/dsar/proofs.ts(81,37): error TS1005: ';' expected.
src/privacy/dsar/proofs.ts(81,46): error TS1005: ',' expected.
src/privacy/dsar/proofs.ts(82,30): error TS1005: ';' expected.
src/privacy/dsar/proofs.ts(82,39): error TS1005: ',' expected.
src/privacy/dsar/proofs.ts(83,3): error TS1005: '=>' expected.
src/privacy/dsar/proofs.ts(86,3): error TS1131: Property or signature expected.
src/privacy/dsar/proofs.ts(95,1): error TS1128: Declaration or statement expected.
src/privacy/dsar/proofs.ts(101,3): error TS1131: Property or signature expected.
src/privacy/dsar/proofs.ts(106,1): error TS1128: Declaration or statement expected.
src/privacy/dsar/proofs.ts(112,15): error TS1005: '=>' expected.
src/privacy/dsar/proofs.ts(114,3): error TS1109: Expression expected.
src/privacy/dsar/redaction.ts(16,7): error TS1359: Identifier expected. 'typeof' is a reserved word that cannot be used here.
src/privacy/dsar/redaction.ts(16,20): error TS1005: ',' expected.
src/privacy/dsar/redaction.ts(16,62): error TS1005: ';' expected.
src/privacy/dsar/redaction.ts(20,1): error TS1128: Declaration or statement expected.
src/privacy/dsar/redaction.ts(22,24): error TS1005: ')' expected.
src/privacy/dsar/redaction.ts(22,27): error TS1005: ',' expected.
src/privacy/dsar/redaction.ts(22,28): error TS1134: Variable declaration expected.
src/privacy/dsar/redaction.ts(22,30): error TS1134: Variable declaration expected.
src/privacy/dsar/redaction.ts(35,63): error TS1005: ')' expected.
src/privacy/dsar/redaction.ts(35,68): error TS1005: ',' expected.
src/privacy/dsar/redaction.ts(35,70): error TS1005: ';' expected.
src/privacy/dsar/redaction.ts(81,5): error TS1131: Property or signature expected.
src/privacy/dsar/redaction.ts(93,3): error TS1128: Declaration or statement expected.
src/privacy/dsar/redaction.ts(93,4): error TS1128: Declaration or statement expected.
src/privacy/dsar/redaction.ts(94,1): error TS1128: Declaration or statement expected.
src/privacy/dsar/redaction.ts(94,2): error TS1128: Declaration or statement expected.
src/quota/config.ts(34,3): error TS1131: Property or signature expected.
src/quota/config.ts(45,1): error TS1128: Declaration or statement expected.
src/quota/config.ts(47,48): error TS1005: ',' expected.
src/quota/config.ts(47,50): error TS1134: Variable declaration expected.
src/quota/config.ts(54,47): error TS1005: ')' expected.
src/quota/config.ts(54,52): error TS1005: ',' expected.
src/quota/config.ts(54,54): error TS1005: ';' expected.
src/quota/config.ts(72,3): error TS1131: Property or signature expected.
src/quota/config.ts(74,1): error TS1128: Declaration or statement expected.
src/quota/config.ts(76,80): error TS1005: '=>' expected.
src/quota/config.ts(76,81): error TS1109: Expression expected.
src/quota/middleware.ts(6,5): error TS1138: Parameter declaration expected.
src/quota/middleware.ts(6,9): error TS1005: ',' expected.
src/quota/middleware.ts(6,17): error TS1005: ',' expected.
src/quota/middleware.ts(6,18): error TS1181: Array element destructuring pattern expected.
src/quota/middleware.ts(6,31): error TS1005: ')' expected.
src/quota/middleware.ts(6,33): error TS1131: Property or signature expected.
src/quota/middleware.ts(6,36): error TS1005: ',' expected.
src/quota/middleware.ts(6,42): error TS1005: ',' expected.
src/quota/middleware.ts(6,44): error TS1134: Variable declaration expected.
src/quota/middleware.ts(10,3): error TS1128: Declaration or statement expected.
src/quota/middleware.ts(11,1): error TS1128: Declaration or statement expected.
src/realtime/analytics.ts(27,44): error TS1005: ')' expected.
src/realtime/analytics.ts(27,51): error TS1005: ';' expected.
src/realtime/analytics.ts(30,4): error TS1128: Declaration or statement expected.
src/realtime/analytics.ts(46,58): error TS1005: ')' expected.
src/realtime/analytics.ts(46,65): error TS1005: ';' expected.
src/realtime/analytics.ts(49,4): error TS1128: Declaration or statement expected.
src/realtime/analytics.ts(65,79): error TS1005: ')' expected.
src/realtime/analytics.ts(65,86): error TS1005: ';' expected.
src/realtime/analytics.ts(80,2): error TS1128: Declaration or statement expected.
src/realtime/analytics.ts(82,60): error TS1005: ')' expected.
src/realtime/analytics.ts(82,67): error TS1005: ';' expected.
src/realtime/analytics.ts(94,2): error TS1128: Declaration or statement expected.
src/realtime/collaborationHub.ts(643,35): error TS1005: '(' expected.
src/realtime/collaborationHub.ts(643,51): error TS1005: '=>' expected.
src/realtime/dashboard.ts(8,40): error TS1005: ')' expected.
src/realtime/dashboard.ts(8,47): error TS1005: ';' expected.
src/realtime/dashboard.ts(18,4): error TS1128: Declaration or statement expected.
src/realtime/dashboard.ts(20,41): error TS1005: ')' expected.
src/realtime/dashboard.ts(20,48): error TS1005: ';' expected.
src/realtime/dashboard.ts(23,4): error TS1128: Declaration or statement expected.
src/realtime/graph-crdt.ts(71,81): error TS1005: ')' expected.
src/realtime/graph-crdt.ts(71,88): error TS1005: ';' expected.
src/realtime/graph-crdt.ts(79,4): error TS1128: Declaration or statement expected.
src/realtime/liveNamespace.ts(41,56): error TS1005: ')' expected.
src/realtime/liveNamespace.ts(41,63): error TS1005: ';' expected.
src/realtime/liveNamespace.ts(44,6): error TS1128: Declaration or statement expected.
src/realtime/liveNamespace.ts(46,45): error TS1005: ')' expected.
src/realtime/liveNamespace.ts(46,52): error TS1005: ';' expected.
src/realtime/liveNamespace.ts(48,6): error TS1128: Declaration or statement expected.
src/realtime/liveNamespace.ts(50,51): error TS1005: ')' expected.
src/realtime/liveNamespace.ts(50,58): error TS1005: ';' expected.
src/realtime/liveNamespace.ts(52,6): error TS1128: Declaration or statement expected.
src/realtime/liveNamespace.ts(54,52): error TS1005: ')' expected.
src/realtime/liveNamespace.ts(54,59): error TS1005: ';' expected.
src/realtime/liveNamespace.ts(56,6): error TS1128: Declaration or statement expected.
src/realtime/liveNamespace.ts(57,4): error TS1128: Declaration or statement expected.
src/realtime/liveNamespace.ts(58,1): error TS1128: Declaration or statement expected.
src/realtime/presence.ts(92,55): error TS1005: ')' expected.
src/realtime/presence.ts(92,62): error TS1005: ';' expected.
src/realtime/presence.ts(103,4): error TS1128: Declaration or statement expected.
src/realtime/presence.ts(105,36): error TS1005: ')' expected.
src/realtime/presence.ts(105,43): error TS1005: ';' expected.
src/realtime/presence.ts(115,4): error TS1128: Declaration or statement expected.
src/routes/actions.ts(15,3): error TS1131: Property or signature expected.
src/routes/actions.ts(33,1): error TS1128: Declaration or statement expected.
src/routes/compliance/compliance-admin.ts(27,80): error TS1005: ')' expected.
src/routes/compliance/compliance-admin.ts(27,85): error TS1005: ',' expected.
src/routes/compliance/compliance-admin.ts(27,87): error TS1005: ';' expected.
src/routes/integrations/integration-admin.ts(33,80): error TS1005: ')' expected.
src/routes/integrations/integration-admin.ts(33,85): error TS1005: ',' expected.
src/routes/integrations/integration-admin.ts(33,87): error TS1005: ';' expected.
src/routes/plugins/plugin-admin.ts(35,80): error TS1005: ')' expected.
src/routes/plugins/plugin-admin.ts(35,85): error TS1005: ',' expected.
src/routes/plugins/plugin-admin.ts(35,87): error TS1005: ';' expected.
src/routes/sandbox/sandbox-admin.ts(25,80): error TS1005: ')' expected.
src/routes/sandbox/sandbox-admin.ts(25,85): error TS1005: ',' expected.
src/routes/sandbox/sandbox-admin.ts(25,87): error TS1005: ';' expected.
src/routes/security/security-admin.ts(27,80): error TS1005: ')' expected.
src/routes/security/security-admin.ts(27,85): error TS1005: ',' expected.
src/routes/security/security-admin.ts(27,87): error TS1005: ';' expected.
src/routes/tenants.ts(41,67): error TS1005: ')' expected.
src/routes/tenants.ts(41,69): error TS1434: Unexpected keyword or identifier.
src/routes/tenants.ts(41,72): error TS1128: Declaration or statement expected.
src/routes/tenants.ts(41,74): error TS1128: Declaration or statement expected.
src/routes/v4/ai-governance.ts(110,3): error TS1131: Property or signature expected.
src/routes/v4/ai-governance.ts(111,1): error TS1128: Declaration or statement expected.
src/routes/v4/ai-governance.ts(114,3): error TS1131: Property or signature expected.
src/routes/v4/ai-governance.ts(115,1): error TS1128: Declaration or statement expected.
src/routes/v4/compliance.ts(107,3): error TS1131: Property or signature expected.
src/routes/v4/compliance.ts(108,1): error TS1128: Declaration or statement expected.
src/routes/v4/compliance.ts(111,3): error TS1131: Property or signature expected.
src/routes/v4/compliance.ts(112,1): error TS1128: Declaration or statement expected.
src/routes/v4/zero-trust.ts(82,3): error TS1131: Property or signature expected.
src/routes/v4/zero-trust.ts(83,1): error TS1128: Declaration or statement expected.
src/routes/v4/zero-trust.ts(86,3): error TS1131: Property or signature expected.
src/routes/v4/zero-trust.ts(87,1): error TS1128: Declaration or statement expected.
src/search/advanced-search-engine.ts(185,20): error TS1005: ',' expected.
src/search/advanced-search-engine.ts(185,26): error TS1005: ',' expected.
src/search/advanced-search-engine.ts(185,39): error TS1005: ',' expected.
src/search/advanced-search-engine.ts(185,46): error TS1005: ',' expected.
src/search/advanced-search-engine.ts(185,62): error TS1005: ';' expected.
src/search/advanced-search-engine.ts(186,7): error TS1128: Declaration or statement expected.
src/search/advanced-search-engine.ts(408,24): error TS1005: ',' expected.
src/security/rlsContext.ts(15,22): error TS1005: '=>' expected.
src/security/rlsContext.ts(18,10): error TS1005: ')' expected.
src/security/rlsContext.ts(20,1): error TS1128: Declaration or statement expected.
src/security/rlsContext.ts(20,2): error TS1128: Declaration or statement expected.
src/security/rlsContext.ts(22,46): error TS1385: Function type notation must be parenthesized when used in a union type.
src/security/rlsContext.ts(23,22): error TS1005: '=>' expected.
src/security/rlsContext.ts(23,23): error TS1109: Expression expected.
src/security/rlsContext.ts(25,61): error TS1005: ')' expected.
src/security/rlsContext.ts(25,66): error TS1005: ',' expected.
src/security/rlsContext.ts(25,68): error TS1005: ';' expected.
src/security/rlsContext.ts(32,65): error TS1005: ')' expected.
src/security/rlsContext.ts(32,70): error TS1005: ',' expected.
src/security/rlsContext.ts(32,72): error TS1005: ';' expected.
src/security/tenantContext.ts(66,25): error TS1005: ')' expected.
src/security/tenantContext.ts(66,30): error TS1005: ',' expected.
src/security/tenantContext.ts(66,32): error TS1005: ';' expected.
src/security/tenantContext.ts(128,3): error TS1131: Property or signature expected.
src/security/tenantContext.ts(139,1): error TS1128: Declaration or statement expected.
src/sharing/permissions.ts(4,3): error TS1131: Property or signature expected.
src/sharing/permissions.ts(5,1): error TS1128: Declaration or statement expected.
src/sharing/store.ts(194,9): error TS1005: ';' expected.
src/sharing/store.ts(195,7): error TS1003: Identifier expected.
src/sharing/store.ts(195,13): error TS1005: ',' expected.
src/sharing/store.ts(195,25): error TS1005: ',' expected.
src/sharing/store.ts(195,34): error TS1005: ',' expected.
src/sharing/store.ts(195,35): error TS1003: Identifier expected.
src/sharing/store.ts(195,42): error TS1005: ';' expected.
src/sharing/store.ts(195,44): error TS1131: Property or signature expected.
src/sharing/store.ts(195,52): error TS1005: ',' expected.
src/sharing/store.ts(195,57): error TS1005: ',' expected.
src/sharing/store.ts(206,1): error TS1128: Declaration or statement expected.
src/sharing/utils.ts(8,3): error TS1131: Property or signature expected.
src/sharing/utils.ts(10,1): error TS1128: Declaration or statement expected.
src/sharing/utils.ts(13,3): error TS1131: Property or signature expected.
src/sharing/utils.ts(19,1): error TS1128: Declaration or statement expected.
src/sharing/utils.ts(22,3): error TS1131: Property or signature expected.
src/sharing/utils.ts(23,1): error TS1128: Declaration or statement expected.
src/sharing/utils.ts(26,3): error TS1131: Property or signature expected.
src/sharing/utils.ts(28,1): error TS1128: Declaration or statement expected.
src/simulation/SimulationEngine.ts(378,19): error TS1005: ',' expected.
src/simulation/SimulationEngine.ts(378,23): error TS1005: ',' expected.
src/simulation/SimulationEngine.ts(378,33): error TS1005: ',' expected.
src/simulation/SimulationEngine.ts(378,40): error TS1005: ',' expected.
src/tenancy/getTenantContext.ts(26,49): error TS1385: Function type notation must be parenthesized when used in a union type.
src/tenancy/getTenantContext.ts(27,7): error TS1003: Identifier expected.
src/tenancy/getTenantContext.ts(27,15): error TS1005: ';' expected.
src/tenancy/getTenantContext.ts(27,15): error TS1005: '=>' expected.
src/tenancy/getTenantContext.ts(30,1): error TS1128: Declaration or statement expected.
src/tenancy/getTenantContext.ts(36,3): error TS1131: Property or signature expected.
src/tenancy/getTenantContext.ts(41,1): error TS1128: Declaration or statement expected.
src/tenancy/getTenantContext.ts(47,3): error TS1131: Property or signature expected.
src/tenancy/getTenantContext.ts(52,1): error TS1128: Declaration or statement expected.
src/tenancy/getTenantContext.ts(55,8): error TS1005: ')' expected.
src/tenancy/getTenantContext.ts(55,11): error TS1005: ',' expected.
src/tenancy/getTenantContext.ts(55,14): error TS1005: ',' expected.
src/tenancy/getTenantContext.ts(55,15): error TS1134: Variable declaration expected.
src/tenancy/getTenantContext.ts(55,21): error TS1005: ',' expected.
src/tenancy/getTenantContext.ts(57,70): error TS1005: ')' expected.
src/tenancy/getTenantContext.ts(57,75): error TS1005: ',' expected.
src/tenancy/getTenantContext.ts(57,77): error TS1005: ';' expected.
src/tenancy/getTenantContext.ts(99,3): error TS1131: Property or signature expected.
src/tenancy/getTenantContext.ts(106,1): error TS1128: Declaration or statement expected.
src/tenancy/tenantScope.ts(20,3): error TS1131: Property or signature expected.
src/tenancy/tenantScope.ts(28,1): error TS1128: Declaration or statement expected.
src/tenancy/tenantScope.ts(35,3): error TS1131: Property or signature expected.
src/tenancy/tenantScope.ts(45,1): error TS1128: Declaration or statement expected.
src/tenancy/tenantScope.ts(51,9): error TS1005: ')' expected.
src/tenancy/tenantScope.ts(51,14): error TS1005: ',' expected.
src/tenancy/tenantScope.ts(51,16): error TS1005: ';' expected.
src/time-series/analysis/forecast.ts(49,74): error TS1005: ',' expected.
src/time-series/analysis/forecast.ts(49,82): error TS1005: ',' expected.
src/time-series/analysis/forecast.ts(49,92): error TS1005: ',' expected.
src/time-series/analysis/forecast.ts(49,99): error TS1005: ',' expected.
src/time-series/analysis/forecast.ts(49,127): error TS1005: ';' expected.
src/time-series/engine.ts(109,85): error TS1005: ',' expected.
src/time-series/engine.ts(109,93): error TS1005: ',' expected.
src/time-series/engine.ts(109,103): error TS1005: ',' expected.
src/time-series/engine.ts(109,110): error TS1005: ',' expected.
src/time-series/engine.ts(109,138): error TS1005: ';' expected.
src/utils/cacheHelper.ts(41,3): error TS1131: Property or signature expected.
src/utils/cacheHelper.ts(52,1): error TS1128: Declaration or statement expected.
src/utils/pdfGenerator.ts(30,9): error TS1003: Identifier expected.
src/utils/pdfGenerator.ts(30,15): error TS1005: ',' expected.
src/utils/pdfGenerator.ts(30,35): error TS1005: ';' expected.
src/utils/pdfGenerator.ts(100,1): error TS1128: Declaration or statement expected.
ERR_PNPM_RECURSIVE_RUN_FIRST_FAIL intelgraph-server@4.0.1 typecheck: `tsc --noEmit`
Exit status 2
