
> intelgraph-server@4.0.1 typecheck /Users/brianlong/Developer/summit/server
> tsc --noEmit

src/agents/negotiation/NegotiationRuntime.ts(650,11): error TS2322: Type '{ messageId: string; role: NegotiationRole; type: "approval" | "proposal" | "resolution" | "counter_proposal" | "challenge" | "counter_challenge" | "acceptance"; turn: number | undefined; timestamp: string; summary: string; sensitiveFieldsRedacted: string[]; }[]' is not assignable to type 'RedactedMessage[]'.
  Type '{ messageId: string; role: NegotiationRole; type: "approval" | "proposal" | "resolution" | "counter_proposal" | "challenge" | "counter_challenge" | "acceptance"; turn: number | undefined; timestamp: string; summary: string; sensitiveFieldsRedacted: string[]; }' is not assignable to type 'RedactedMessage'.
    Types of property 'turn' are incompatible.
      Type 'number | undefined' is not assignable to type 'number'.
        Type 'undefined' is not assignable to type 'number'.
src/audit/advanced-audit-system.ts(965,28): error TS7006: Parameter 'row' implicitly has an 'any' type.
src/auth/sso/SSOService.ts(90,13): error TS18046: 'err' is of type 'unknown'.
src/autonomous/ApprovalService.ts(99,30): error TS2551: Property 'requested_at' does not exist on type '{ id: string; action_type: string; payload: unknown; tenant_id: string; reason: string; status: string; created_at: Date; updated_at: Date; requested_by: string; approved_by: string | null; expires_at: Date; }'. Did you mean 'requested_by'?
src/billing/entitlements/EntitlementsService.ts(180,18): error TS7006: Parameter 'row' implicitly has an 'any' type.
src/bulk/handlers.ts(58,29): error TS18046: 'err' is of type 'unknown'.
src/bulk/handlers.ts(120,26): error TS18046: 'err' is of type 'unknown'.
src/bulk/handlers.ts(194,30): error TS18046: 'err' is of type 'unknown'.
src/cases/chain-of-custody.ts(102,28): error TS7006: Parameter 'row' implicitly has an 'any' type.
src/cases/chain-of-custody.ts(127,28): error TS7006: Parameter 'row' implicitly has an 'any' type.
src/cases/scenarios/ScenarioService.ts(156,69): error TS2322: Type 'string | undefined' is not assignable to type 'string'.
  Type 'undefined' is not assignable to type 'string'.
src/cases/scenarios/ScenarioService.ts(176,69): error TS2322: Type 'string | undefined' is not assignable to type 'string'.
  Type 'undefined' is not assignable to type 'string'.
src/cases/workflow/repos/TaskRepo.ts(359,18): error TS7006: Parameter 'row' implicitly has an 'any' type.
src/compliance/DataLineageSystem.ts(158,24): error TS7006: Parameter 'row' implicitly has an 'any' type.
src/compliance/EraseService.ts(203,29): error TS7006: Parameter 'row' implicitly has an 'any' type.
src/conductor/admission/budget-control.ts(94,7): error TS2345: Argument of type 'boolean | undefined' is not assignable to parameter of type 'boolean'.
  Type 'undefined' is not assignable to type 'boolean'.
src/conductor/cache.ts(105,6): error TS2366: Function lacks ending return statement and return type does not include 'undefined'.
src/conductor/compliance/compliance-engine.ts(623,58): error TS7006: Parameter 'c' implicitly has an 'any' type.
src/conductor/compliance/compliance-engine.ts(629,26): error TS7006: Parameter 'c' implicitly has an 'any' type.
src/conductor/failover/data-replication.ts(221,58): error TS7006: Parameter 'opId' implicitly has an 'any' type.
src/conductor/governance/opa-integration.ts(475,51): error TS2339: Property 'applyFieldMask' does not exist on type '{ willSendResponse(requestContext: any): void; }'.
src/conductor/incident/war-room.ts(601,31): error TS7006: Parameter 'channel' implicitly has an 'any' type.
src/conductor/incident/war-room.ts(601,40): error TS7006: Parameter 'message' implicitly has an 'any' type.
src/config/cors-options.ts(19,11): error TS7006: Parameter 'origin' implicitly has an 'any' type.
src/contracts.ts(23,12): error TS7006: Parameter 'e' implicitly has an 'any' type.
src/contracts/ContractService.ts(124,20): error TS7006: Parameter 'row' implicitly has an 'any' type.
src/contracts/ContractService.ts(140,26): error TS7006: Parameter 'row' implicitly has an 'any' type.
src/data-governance/catalog/DataCatalogService.ts(111,25): error TS7006: Parameter 'row' implicitly has an 'any' type.
src/data-governance/lineage/DataLineageService.ts(110,24): error TS7006: Parameter 'row' implicitly has an 'any' type.
src/data-governance/lineage/DataLineageService.ts(120,24): error TS7006: Parameter 'row' implicitly has an 'any' type.
src/data-governance/policy/PolicyEngine.ts(44,55): error TS7006: Parameter 'row' implicitly has an 'any' type.
src/data-governance/quality/DataQualityService.ts(92,45): error TS18046: 'err' is of type 'unknown'.
src/db/compensationLog.ts(284,34): error TS7006: Parameter 'record' implicitly has an 'any' type.
src/db/compensationLog.ts(475,34): error TS7006: Parameter 'record' implicitly has an 'any' type.
src/db/models/approvals.ts(50,17): error TS7006: Parameter 'row' implicitly has an 'any' type.
src/db/online-migrations/backfillRunner.ts(178,7): error TS2722: Cannot invoke an object which is possibly 'undefined'.
src/db/online-migrations/dualWrite.ts(45,7): error TS2722: Cannot invoke an object which is possibly 'undefined'.
src/db/optimization/analysis.ts(118,97): error TS18046: 'err' is of type 'unknown'.
src/db/repositories/audit.ts(3,16): error TS7006: Parameter 'row' implicitly has an 'any' type.
src/db/repositories/feedback.ts(3,16): error TS7006: Parameter 'row' implicitly has an 'any' type.
src/db/repositories/feedback.ts(42,25): error TS7006: Parameter 'acc' implicitly has an 'any' type.
src/db/repositories/RiskRepository.ts(96,20): error TS7006: Parameter 'row' implicitly has an 'any' type.
src/db/repositories/RiskRepository.ts(112,21): error TS7006: Parameter 'row' implicitly has an 'any' type.
src/disclosure/audit-bundle.ts(42,24): error TS7006: Parameter 'chunk' implicitly has an 'any' type.
src/disclosure/export-service.ts(70,36): error TS7006: Parameter 'value' implicitly has an 'any' type.
src/disclosure/export-service.ts(71,34): error TS7006: Parameter 'value' implicitly has an 'any' type.
src/explainability/ExplainabilityExplorerService.ts(584,40): error TS7006: Parameter 'row' implicitly has an 'any' type.
src/feature-flags/PostgresProvider.ts(43,36): error TS7006: Parameter 'channel' implicitly has an 'any' type.
src/feature-flags/PostgresProvider.ts(43,45): error TS7006: Parameter 'message' implicitly has an 'any' type.
src/feature-flags/PostgresProvider.ts(92,30): error TS7006: Parameter 'row' implicitly has an 'any' type.
src/feature-flags/PostgresProvider.ts(285,7): error TS2322: Type 'FlagEvaluation<null>' is not assignable to type 'FlagEvaluation<FlagVariation>'.
  Type 'null' is not assignable to type 'FlagVariation'.
src/featureFlags/ConfigService.ts(3,10): error TS2724: '"../utils/logger"' has no exported member named 'Logger'. Did you mean 'logger'?
src/featureFlags/FeatureFlagService.ts(3,10): error TS2724: '"../utils/logger"' has no exported member named 'Logger'. Did you mean 'logger'?
src/featureFlags/FeatureFlagService.ts(71,43): error TS2345: Argument of type 'string | undefined' is not assignable to parameter of type 'string'.
  Type 'undefined' is not assignable to type 'string'.
src/featureFlags/FeatureFlagService.ts(136,57): error TS2304: Cannot find name 'flagKey'.
src/federated/orchestration-service.ts(427,5): error TS2322: Type 'string[]' is not assignable to type 'never[]'.
  Type 'string' is not assignable to type 'never'.
src/graphql/dataloaders/complianceAssessmentLoader.ts(90,29): error TS7006: Parameter 'val' implicitly has an 'any' type.
src/graphql/dataloaders/complianceAssessmentLoader.ts(90,34): error TS7006: Parameter 'index' implicitly has an 'any' type.
src/graphql/dataloaders/pluginConfigLoader.ts(99,29): error TS7006: Parameter 'val' implicitly has an 'any' type.
src/graphql/dataloaders/pluginConfigLoader.ts(99,34): error TS7006: Parameter 'index' implicitly has an 'any' type.
src/graphql/dataloaders/policyVerdictLoader.ts(104,29): error TS7006: Parameter 'val' implicitly has an 'any' type.
src/graphql/dataloaders/policyVerdictLoader.ts(104,34): error TS7006: Parameter 'index' implicitly has an 'any' type.
src/graphql/dataloaders/policyVerdictLoader.ts(245,29): error TS7006: Parameter 'val' implicitly has an 'any' type.
src/graphql/dataloaders/policyVerdictLoader.ts(245,34): error TS7006: Parameter 'index' implicitly has an 'any' type.
src/graphql/middleware/licenseRuleValidationMiddleware.ts(121,45): error TS7006: Parameter 'tag' implicitly has an 'any' type.
src/graphql/middleware/otelPlugin.ts(10,32): error TS7031: Binding element 'info' implicitly has an 'any' type.
src/graphql/persistedQueries.ts(4,10): error TS2724: '"../utils/logger"' has no exported member named 'Logger'. Did you mean 'logger'?
src/graphql/persistedQueries.ts(230,9): error TS2322: Type 'boolean' is not assignable to type 'number'.
src/graphql/persistedQueryPlugin.ts(4,10): error TS2724: '"../utils/logger"' has no exported member named 'Logger'. Did you mean 'logger'?
src/graphql/persistedQueryPlugin.ts(123,41): error TS2339: Property 'extensions' does not exist on type 'GraphQLInProgressResponse'.
src/graphql/persistedQueryPlugin.ts(129,22): error TS2339: Property 'extensions' does not exist on type 'GraphQLInProgressResponse'.
src/graphql/persistedQueryPlugin.ts(147,58): error TS2304: Cannot find name 'PersistedQueryRepository'.
src/graphql/resolvers-tracing.ts(168,57): error TS7053: Element implicitly has an 'any' type because expression of type 'string | symbol' can't be used to index type '{}'.
  No index signature with a parameter of type 'string' was found on type '{}'.
src/graphql/resolvers-tracing.ts(176,60): error TS7053: Element implicitly has an 'any' type because expression of type 'string | symbol' can't be used to index type '{}'.
  No index signature with a parameter of type 'string' was found on type '{}'.
src/graphql/resolvers-tracing.ts(184,64): error TS7053: Element implicitly has an 'any' type because expression of type 'string | symbol' can't be used to index type '{}'.
  No index signature with a parameter of type 'string' was found on type '{}'.
src/graphql/resolvers/electronic-warfare.ts(85,9): error TS2322: Type '{ lat: number; lon: number | undefined; } | undefined' is not assignable to type 'GeoLocation | undefined'.
  Type '{ lat: number; lon: number | undefined; }' is not assignable to type 'GeoLocation'.
    Types of property 'lon' are incompatible.
      Type 'number | undefined' is not assignable to type 'number'.
        Type 'undefined' is not assignable to type 'number'.
src/graphql/resolvers/similarity.ts(58,12): error TS7006: Parameter 'a' implicitly has an 'any' type.
src/graphql/resolvers/trust-risk.ts(99,32): error TS7006: Parameter 'ts' implicitly has an 'any' type.
src/graphql/resolvers/v040/transcendent-resolvers.ts(545,11): error TS7053: Element implicitly has an 'any' type because expression of type 'string' can't be used to index type '{ PAUSE_EVOLUTION: string; ROLLBACK_LAST: string; EMERGENCY_STOP: string; READ_ONLY_MODE: string; }'.
  No index signature with a parameter of type 'string' was found on type '{ PAUSE_EVOLUTION: string; ROLLBACK_LAST: string; EMERGENCY_STOP: string; READ_ONLY_MODE: string; }'.
src/graphql/validation/auth.schema.ts(13,64): error TS7006: Parameter 'val' implicitly has an 'any' type.
src/graphql/validation/auth.schema.ts(21,64): error TS7006: Parameter 'val' implicitly has an 'any' type.
src/http/status.ts(119,20): error TS7053: Element implicitly has an 'any' type because expression of type 'string' can't be used to index type '{ user: number; nice: number; sys: number; idle: number; irq: number; }'.
  No index signature with a parameter of type 'string' was found on type '{ user: number; nice: number; sys: number; idle: number; irq: number; }'.
src/integrations/grc/grc-export.service.ts(291,41): error TS7006: Parameter 'sum' implicitly has an 'any' type.
src/integrations/grc/grc-export.service.ts(291,46): error TS7006: Parameter 'a' implicitly has an 'any' type.
src/integrations/grc/grc-export.service.ts(384,46): error TS7006: Parameter 'e' implicitly has an 'any' type.
src/intelgraph/client-impl.ts(189,11): error TS2304: Cannot find name 'result'.
src/intelgraph/client-impl.ts(190,21): error TS2304: Cannot find name 'result'.
src/interop/cli.ts(45,31): error TS18046: 'err' is of type 'unknown'.
src/interop/mapping/engine.ts(43,71): error TS18046: 'err' is of type 'unknown'.
src/lib/abstractions/BaseService.ts(42,47): error TS2783: 'message' is specified more than once, so this usage will be overwritten.
src/lib/data-platform/ingest/service.ts(183,22): error TS18046: 'err' is of type 'unknown'.
src/lib/state/conflict-resolver.ts(207,36): error TS2345: Argument of type 'string | undefined' is not assignable to parameter of type 'string'.
  Type 'undefined' is not assignable to type 'string'.
src/lib/state/conflict-resolver.ts(220,44): error TS2532: Object is possibly 'undefined'.
src/lib/state/conflict-resolver.ts(269,29): error TS2722: Cannot invoke an object which is possibly 'undefined'.
src/lib/state/conflict-resolver.ts(269,29): error TS18048: 'mergeFunc' is possibly 'undefined'.
src/lib/state/consistency-engine.ts(82,15): error TS18048: 'sessionData' is possibly 'undefined'.
src/lib/state/consistency-engine.ts(83,20): error TS18048: 'sessionData' is possibly 'undefined'.
src/lib/telemetry/anomaly-detector.ts(20,5): error TS18048: 'data' is possibly 'undefined'.
src/lib/telemetry/anomaly-detector.ts(22,9): error TS18048: 'data' is possibly 'undefined'.
src/lib/telemetry/anomaly-detector.ts(23,39): error TS2345: Argument of type 'number[] | undefined' is not assignable to parameter of type 'number[]'.
  Type 'undefined' is not assignable to type 'number[]'.
src/llm/prompts/registry.ts(101,35): error TS2345: Argument of type 'string | null' is not assignable to parameter of type 'string'.
  Type 'null' is not assignable to type 'string'.
src/logging/structuredLogger.ts(50,17): error TS7006: Parameter 'args' implicitly has an 'any' type.
src/logging/structuredLogger.ts(50,23): error TS7006: Parameter 'method' implicitly has an 'any' type.
src/logging/structuredLogger.ts(50,31): error TS7006: Parameter 'level' implicitly has an 'any' type.
src/maestro/core.ts(189,28): error TS2339: Property 'message' does not exist on type '{}'.
src/maestro/engine.ts(246,18): error TS18046: 'err' is of type 'unknown'.
src/maestro/engine.ts(329,41): error TS7031: Binding element 'jobId' implicitly has an 'any' type.
src/maestro/engine.ts(333,38): error TS7031: Binding element 'jobId' implicitly has an 'any' type.
src/maestro/engine.ts(333,45): error TS7031: Binding element 'failedReason' implicitly has an 'any' type.
src/maestro/pipelines/decision-analysis-pipeline.ts(91,38): error TS7006: Parameter 'c' implicitly has an 'any' type.
src/marketplace/plugin-manager.ts(515,5): error TS2322: Type 'boolean | undefined' is not assignable to type 'boolean'.
  Type 'undefined' is not assignable to type 'boolean'.
src/mastery/MasteryService.ts(140,40): error TS18046: 'err' is of type 'unknown'.
src/messaging/MessagingRepo.ts(52,7): error TS2322: Type 'Date | null' is not assignable to type 'Date | undefined'.
  Type 'null' is not assignable to type 'Date | undefined'.
src/metrics/expose.ts(33,3): error TS2322: Type 'Registry | null' is not assignable to type 'Registry'.
  Type 'null' is not assignable to type 'Registry'.
src/middleware/abuseGuard.ts(227,5): error TS2322: Type 'string | boolean' is not assignable to type 'boolean'.
  Type 'string' is not assignable to type 'boolean'.
src/middleware/audit-event-capture-middleware.ts(140,26): error TS2339: Property 'excludedMutations' does not exist on type '{ didResolveOperation(requestContext: any): Promise<void>; willSendResponse(requestContext: any): Promise<void>; }'.
src/middleware/audit-event-capture-middleware.ts(148,49): error TS2339: Property 'extractArgumentValue' does not exist on type '{ didResolveOperation(requestContext: any): Promise<void>; willSendResponse(requestContext: any): Promise<void>; }'.
src/middleware/audit-event-capture-middleware.ts(159,28): error TS2339: Property 'captureMutationEvent' does not exist on type '{ didResolveOperation(requestContext: any): Promise<void>; willSendResponse(requestContext: any): Promise<void>; }'.
src/middleware/audit-event-capture-middleware.ts(403,16): error TS18048: 'newValues' is possibly 'undefined'.
src/middleware/observability/otel-tracing.ts(252,12): error TS2339: Property 'recordException' does not exist on type 'never'.
src/middleware/observability/otel-tracing.ts(254,14): error TS2339: Property 'setAttributes' does not exist on type 'never'.
src/middleware/observability/otel-tracing.ts(256,12): error TS2339: Property 'setStatus' does not exist on type 'never'.
src/middleware/provenance-enforcement.ts(49,18): error TS2430: Interface 'ProvenanceRequest' incorrectly extends interface 'Request<ParamsDictionary, any, any, ParsedQs, Record<string, any>>'.
  Types of property 'correlationId' are incompatible.
    Type 'string | undefined' is not assignable to type 'string'.
      Type 'undefined' is not assignable to type 'string'.
src/middleware/rpsLimiter.ts(12,26): error TS2345: Argument of type 'string | undefined' is not assignable to parameter of type 'string'.
  Type 'undefined' is not assignable to type 'string'.
src/middleware/rpsLimiter.ts(13,23): error TS2345: Argument of type 'string | undefined' is not assignable to parameter of type 'string'.
  Type 'undefined' is not assignable to type 'string'.
src/middleware/rpsLimiter.ts(16,40): error TS2345: Argument of type 'string | undefined' is not assignable to parameter of type 'string'.
  Type 'undefined' is not assignable to type 'string'.
src/middleware/secure-session.ts(78,34): error TS2345: Argument of type 'string | null' is not assignable to parameter of type 'string'.
  Type 'null' is not assignable to type 'string'.
src/middleware/TieredRateLimitMiddleware.ts(157,23): error TS7006: Parameter 'times' implicitly has an 'any' type.
src/middleware/unifiedAuth.ts(39,47): error TS7006: Parameter 'm' implicitly has an 'any' type.
src/middleware/unifiedAuth.ts(52,51): error TS7006: Parameter 'm' implicitly has an 'any' type.
src/middleware/unifiedAuth.ts(61,38): error TS7006: Parameter 'm' implicitly has an 'any' type.
src/monitoring/cost_exporter.ts(44,21): error TS2304: Cannot find name 'result'.
src/notifications-hub/receivers/ChatReceiver.ts(85,11): error TS2564: Property 'adapter' has no initializer and is not definitely assigned in the constructor.
src/notifications-hub/receivers/EmailReceiver.ts(58,11): error TS2564: Property 'emailConfig' has no initializer and is not definitely assigned in the constructor.
src/notifications-hub/receivers/RealtimeReceiver.ts(121,11): error TS2564: Property 'realtimeConfig' has no initializer and is not definitely assigned in the constructor.
src/notifications-hub/receivers/RealtimeReceiver.ts(122,11): error TS2564: Property 'manager' has no initializer and is not definitely assigned in the constructor.
src/notifications-hub/receivers/ReceiverInterface.ts(104,13): error TS2564: Property 'config' has no initializer and is not definitely assigned in the constructor.
src/notifications-hub/receivers/ReceiverInterface.ts(258,71): error TS2454: Variable 'lastError' is used before being assigned.
src/notifications-hub/receivers/WebhookReceiver.ts(51,11): error TS2564: Property 'webhookConfig' has no initializer and is not definitely assigned in the constructor.
src/notifications/queue/NotificationQueue.ts(43,31): error TS7006: Parameter 'job' implicitly has an 'any' type.
src/notifications/queue/NotificationQueue.ts(43,36): error TS7006: Parameter 'err' implicitly has an 'any' type.
src/notifications/repo/NotificationRepo.ts(67,18): error TS7006: Parameter 'row' implicitly has an 'any' type.
src/observability/operational-intelligence/predictive.ts(64,7): error TS2322: Type 'number | boolean | undefined' is not assignable to type 'boolean'.
  Type 'undefined' is not assignable to type 'boolean'.
src/onboarding/EnhancedOnboardingService.ts(520,46): error TS7006: Parameter 'sum' implicitly has an 'any' type.
src/onboarding/EnhancedOnboardingService.ts(520,51): error TS7006: Parameter 'r' implicitly has an 'any' type.
src/onboarding/EnhancedOnboardingService.ts(521,48): error TS7006: Parameter 'sum' implicitly has an 'any' type.
src/onboarding/EnhancedOnboardingService.ts(521,53): error TS7006: Parameter 'r' implicitly has an 'any' type.
src/pii/ingestionHooks.ts(228,60): error TS2339: Property 'level' does not exist on type 'SensitivityMetadata'.
src/pii/ingestionHooks.ts(248,64): error TS2339: Property 'level' does not exist on type 'SensitivityMetadata'.
src/pii/ingestionHooks.ts(248,107): error TS2339: Property 'level' does not exist on type 'SensitivityMetadata'.
src/pii/ingestionHooks.ts(256,63): error TS2339: Property 'level' does not exist on type 'SensitivityMetadata'.
src/pii/metadataStore.ts(335,29): error TS7006: Parameter 'row' implicitly has an 'any' type.
src/platform/intelgraph-core/postgres-backend.ts(79,24): error TS7006: Parameter 'row' implicitly has an 'any' type.
src/platform/intelgraph-core/postgres-backend.ts(90,24): error TS7006: Parameter 'row' implicitly has an 'any' type.
src/platform/maestro-core/event-store-postgres.ts(45,25): error TS7006: Parameter 'row' implicitly has an 'any' type.
src/platform/maestro-core/queue-postgres.ts(94,24): error TS7006: Parameter 'row' implicitly has an 'any' type.
src/plugins/index.ts(83,7): error TS7034: Variable 'cacheClient' implicitly has type 'any' in some locations where its type cannot be determined.
src/plugins/index.ts(90,40): error TS7005: Variable 'cacheClient' implicitly has an 'any' type.
src/plugins/index.ts(92,15): error TS7005: Variable 'cacheClient' implicitly has an 'any' type.
src/plugins/runtime.ts(85,11): error TS18046: 'err' is of type 'unknown'.
src/plugins/sdk/validator.ts(11,46): error TS7006: Parameter 'e' implicitly has an 'any' type.
src/policy-compiler/EnforcementService.ts(128,42): error TS2345: Argument of type 'string' is not assignable to parameter of type 'never'.
src/policy/contracts.ts(100,28): error TS7006: Parameter 'row' implicitly has an 'any' type.
src/predictive/PredictiveService.ts(155,32): error TS7006: Parameter 'rec' implicitly has an 'any' type.
src/provenance-integrity-gateway/ContentSigningService.ts(551,35): error TS7006: Parameter 'row' implicitly has an 'any' type.
src/provenance-integrity-gateway/ContentSigningService.ts(1075,25): error TS7006: Parameter 'row' implicitly has an 'any' type.
src/provenance-integrity-gateway/NarrativeConflictService.ts(371,37): error TS7006: Parameter 'row' implicitly has an 'any' type.
src/provenance-integrity-gateway/NarrativeConflictService.ts(878,27): error TS7006: Parameter 'row' implicitly has an 'any' type.
src/provenance-integrity-gateway/NarrativeConflictService.ts(966,28): error TS7006: Parameter 'row' implicitly has an 'any' type.
src/provenance-integrity-gateway/NarrativeConflictService.ts(988,28): error TS7006: Parameter 'row' implicitly has an 'any' type.
src/provenance-integrity-gateway/NarrativeConflictService.ts(1011,28): error TS7006: Parameter 'row' implicitly has an 'any' type.
src/provenance-integrity-gateway/PIGGovernanceService.ts(1147,28): error TS7006: Parameter 'row' implicitly has an 'any' type.
src/provenance-integrity-gateway/PIGGovernanceService.ts(1288,35): error TS7006: Parameter 'row' implicitly has an 'any' type.
src/provenance-integrity-gateway/TruthBundleService.ts(421,36): error TS7006: Parameter 'row' implicitly has an 'any' type.
src/provenance-integrity-gateway/TruthBundleService.ts(1041,26): error TS7006: Parameter 'row' implicitly has an 'any' type.
src/provenance/CanonicalGraphService.ts(178,30): error TS7006: Parameter 'record' implicitly has an 'any' type.
src/provenance/CanonicalGraphService.ts(321,34): error TS7006: Parameter 'rec' implicitly has an 'any' type.
src/provenance/resolvers.ts(94,28): error TS7006: Parameter 'row' implicitly has an 'any' type.
src/quality-evaluation/evaluation-platform.ts(228,16): error TS7006: Parameter 'evalType' implicitly has an 'any' type.
src/realtime/investigationState.ts(359,29): error TS7006: Parameter 'value' implicitly has an 'any' type.
src/reporting/validation.ts(32,17): error TS7006: Parameter 'value' implicitly has an 'any' type.
src/reporting/validation.ts(32,24): error TS7006: Parameter 'ctx' implicitly has an 'any' type.
src/reporting/validation.ts(40,12): error TS7053: Element implicitly has an 'any' type because expression of type 'any' can't be used to index type 'Record<DeliveryChannel, boolean>'.
src/repos/CaseRepo.ts(443,21): error TS7006: Parameter 'row' implicitly has an 'any' type.
src/repos/ProvenanceRepo.ts(84,18): error TS7006: Parameter 'r' implicitly has an 'any' type.
src/resolvers/advancedML.ts(135,21): error TS2304: Cannot find name 'modelId'.
src/resolvers/advancedML.ts(150,11): error TS18004: No value exists in scope for the shorthand property 'modelId'. Either declare one or provide an initializer.
src/resolvers/advancedML.ts(157,11): error TS18004: No value exists in scope for the shorthand property 'modelId'. Either declare one or provide an initializer.
src/resolvers/advancedML.ts(162,11): error TS18004: No value exists in scope for the shorthand property 'modelId'. Either declare one or provide an initializer.
src/resolvers/ai.ts(24,54): error TS18046: 'err' is of type 'unknown'.
src/resolvers/ai.ts(121,14): error TS18046: 'err' is of type 'unknown'.
src/resolvers/ai.ts(124,54): error TS18046: 'err' is of type 'unknown'.
src/resolvers/path.ts(25,9): error TS7031: Binding element 'from' implicitly has an 'any' type.
src/resolvers/path.ts(25,15): error TS7031: Binding element 'to' implicitly has an 'any' type.
src/resolvers/path.ts(25,19): error TS7031: Binding element 'excludeLabels' implicitly has an 'any' type.
src/resolvers/path.ts(26,7): error TS7006: Parameter 'ctx' implicitly has an 'any' type.
src/resolvers/policyWrapper.ts(71,28): error TS2339: Property 'reason' does not exist on type '{ allow: any; }'.
src/routes/claims.ts(15,40): error TS7006: Parameter 'd' implicitly has an 'any' type.
src/routes/data-governance-routes.ts(36,39): error TS18046: 'err' is of type 'unknown'.
src/routes/data-governance-routes.ts(47,39): error TS18046: 'err' is of type 'unknown'.
src/routes/data-governance-routes.ts(60,39): error TS18046: 'err' is of type 'unknown'.
src/routes/data-governance-routes.ts(75,39): error TS18046: 'err' is of type 'unknown'.
src/routes/data-governance-routes.ts(86,13): error TS18046: 'err' is of type 'unknown'.
src/routes/data-governance-routes.ts(87,50): error TS18046: 'err' is of type 'unknown'.
src/routes/data-governance-routes.ts(89,13): error TS18046: 'err' is of type 'unknown'.
src/routes/data-governance-routes.ts(90,50): error TS18046: 'err' is of type 'unknown'.
src/routes/data-governance-routes.ts(92,39): error TS18046: 'err' is of type 'unknown'.
src/routes/data-governance-routes.ts(107,39): error TS18046: 'err' is of type 'unknown'.
src/routes/data-governance-routes.ts(122,39): error TS18046: 'err' is of type 'unknown'.
src/routes/data-governance-routes.ts(140,39): error TS18046: 'err' is of type 'unknown'.
src/routes/data-governance-routes.ts(152,39): error TS18046: 'err' is of type 'unknown'.
src/routes/data-governance-routes.ts(164,39): error TS18046: 'err' is of type 'unknown'.
src/routes/mastery.ts(16,35): error TS18046: 'err' is of type 'unknown'.
src/routes/mastery.ts(43,35): error TS18046: 'err' is of type 'unknown'.
src/routes/stream.ts(34,22): error TS7006: Parameter 'chan' implicitly has an 'any' type.
src/routes/stream.ts(34,28): error TS7006: Parameter 'message' implicitly has an 'any' type.
src/saga/SagaRepository.ts(255,41): error TS7006: Parameter 'row' implicitly has an 'any' type.
src/saga/SagaRepository.ts(445,25): error TS7006: Parameter 'row' implicitly has an 'any' type.
src/sandbox/SandboxManager.ts(614,76): error TS7006: Parameter 'm' implicitly has an 'any' type.
src/scripts/generate-soc2-evidence.ts(68,53): error TS7006: Parameter 'f' implicitly has an 'any' type.
src/search/advanced-search-engine.ts(185,42): error TS18047: 'hit' is possibly 'null'.
src/search/search.ts(59,30): error TS7006: Parameter 'd' implicitly has an 'any' type.
src/services/analyticsDashboardService.ts(618,33): error TS2345: Argument of type '{ widget: DashboardWidget; data: any; }' is not assignable to parameter of type 'never'.
src/services/AttachmentService.ts(112,24): error TS7006: Parameter 'source' implicitly has an 'any' type.
src/services/BackupService.ts(206,22): error TS7006: Parameter 'err' implicitly has an 'any' type.
src/services/BackupService.ts(228,22): error TS7006: Parameter 'err' implicitly has an 'any' type.
src/services/CacheWarmingService.ts(193,13): error TS2345: Argument of type 'number | undefined' is not assignable to parameter of type 'number'.
  Type 'undefined' is not assignable to type 'number'.
src/services/CacheWarmingService.ts(441,34): error TS7006: Parameter 'record' implicitly has an 'any' type.
src/services/CognitiveMapperService.ts(124,30): error TS7006: Parameter 'record' implicitly has an 'any' type.
src/services/CognitiveMapperService.ts(199,33): error TS7006: Parameter 'record' implicitly has an 'any' type.
src/services/ComplianceMonitoringService.ts(676,23): error TS7006: Parameter 'row' implicitly has an 'any' type.
src/services/ComplianceMonitoringService.ts(702,24): error TS7006: Parameter 'row' implicitly has an 'any' type.
src/services/correlation/AdvancedCorrelationEngine.ts(395,13): error TS2339: Property 'correlationMetadata' does not exist on type '{ id: any; type: string | undefined; label: string | undefined; source: any; attributes: any; confidence: any; }'.
src/services/DeterministicExportService.ts(227,18): error TS7006: Parameter 's' implicitly has an 'any' type.
src/services/DLPService.ts(320,16): error TS7006: Parameter 'a' implicitly has an 'any' type.
src/services/EventSourcingService.ts(735,23): error TS7006: Parameter 'row' implicitly has an 'any' type.
src/services/explainable-defense-ai/ExplainableDefenseAI.ts(594,59): error TS18048: 'filter.since' is possibly 'undefined'.
src/services/FinOpsRollupService.ts(92,8): error TS7006: Parameter 'acc' implicitly has an 'any' type.
src/services/FinOpsRollupService.ts(92,13): error TS7006: Parameter 'point' implicitly has an 'any' type.
src/services/FraudService.ts(111,24): error TS7006: Parameter 'row' implicitly has an 'any' type.
src/services/FraudService.ts(124,22): error TS7006: Parameter 'row' implicitly has an 'any' type.
src/services/FraudService.ts(138,22): error TS7006: Parameter 'row' implicitly has an 'any' type.
src/services/GDPRComplianceService.ts(538,36): error TS7006: Parameter 'row' implicitly has an 'any' type.
src/services/GDPRComplianceService.ts(563,33): error TS7006: Parameter 'row' implicitly has an 'any' type.
src/services/GlassBoxRunService.ts(476,33): error TS7006: Parameter 'row' implicitly has an 'any' type.
src/services/GlassBoxRunService.ts(550,28): error TS7006: Parameter 'row' implicitly has an 'any' type.
src/services/GlassBoxRunService.ts(556,20): error TS7006: Parameter 'row' implicitly has an 'any' type.
src/services/governance/PolicyWatcher.ts(90,25): error TS7006: Parameter 'f' implicitly has an 'any' type.
src/services/GraphAnalyticsService.ts(143,24): error TS7006: Parameter 'r' implicitly has an 'any' type.
src/services/GraphIndexAdvisorService.ts(130,30): error TS7006: Parameter 'record' implicitly has an 'any' type.
src/services/graphrag/audit-log.ts(105,23): error TS7006: Parameter 'row' implicitly has an 'any' type.
src/services/HIPAAComplianceService.ts(589,30): error TS7006: Parameter 'row' implicitly has an 'any' type.
src/services/HumintService.ts(17,20): error TS7006: Parameter 'row' implicitly has an 'any' type.
src/services/HumintService.ts(30,20): error TS7006: Parameter 'row' implicitly has an 'any' type.
src/services/HumintService.ts(309,33): error TS7006: Parameter 'record' implicitly has an 'any' type.
src/services/IngestionService.ts(30,33): error TS7006: Parameter 'job' implicitly has an 'any' type.
src/services/IngestionService.ts(34,31): error TS7006: Parameter 'job' implicitly has an 'any' type.
src/services/IngestionService.ts(34,36): error TS7006: Parameter 'err' implicitly has an 'any' type.
src/services/investigationWorkflowService.ts(732,7): error TS2322: Type 'Investigation | null | undefined' is not assignable to type 'Investigation | undefined'.
  Type 'null' is not assignable to type 'Investigation | undefined'.
src/services/MasintService.ts(174,24): error TS7006: Parameter 'row' implicitly has an 'any' type.
src/services/MigrationService.ts(46,18): error TS7006: Parameter 'results' implicitly has an 'any' type.
src/services/OnboardingService.ts(266,27): error TS7006: Parameter 'row' implicitly has an 'any' type.
src/services/orchestration/telemetry.ts(14,18): error TS18046: 'err' is of type 'unknown'.
src/services/OSINTQueueService.ts(68,24): error TS7006: Parameter 'job' implicitly has an 'any' type.
src/services/OSINTQueueService.ts(68,29): error TS7006: Parameter 'err' implicitly has an 'any' type.
src/services/PolicyEngine.ts(42,11): error TS2564: Property 'auditSystem' has no initializer and is not definitely assigned in the constructor.
src/services/PricingEngine.ts(71,24): error TS7006: Parameter 'row' implicitly has an 'any' type.
src/services/provenance-ledger-beta.ts(448,9): error TS2783: 'evidence_ids' is specified more than once, so this usage will be overwritten.
src/services/provenance-ledger-beta.ts(847,9): error TS2322: Type 'Source | null | undefined' is not assignable to type 'Source | undefined'.
  Type 'null' is not assignable to type 'Source | undefined'.
src/services/ReviewQueueService.ts(81,32): error TS7006: Parameter 'row' implicitly has an 'any' type.
src/services/ReviewQueueService.ts(118,39): error TS7006: Parameter 'row' implicitly has an 'any' type.
src/services/ReviewQueueService.ts(279,24): error TS7006: Parameter 'row' implicitly has an 'any' type.
src/services/ReviewQueueService.ts(294,25): error TS7006: Parameter 'row' implicitly has an 'any' type.
src/services/security/PolicyService.ts(36,25): error TS2339: Property 'reason' does not exist on type '{ allow: any; }'.
src/services/semantic-rag/GraphTraversalAlgorithms.ts(654,31): error TS7006: Parameter 'record' implicitly has an 'any' type.
src/services/semantic-rag/HybridSemanticRetriever.ts(258,17): error TS7006: Parameter 'row' implicitly has an 'any' type.
src/services/semantic-rag/HybridSemanticRetriever.ts(259,14): error TS7006: Parameter 'row' implicitly has an 'any' type.
src/services/SovereignSafeguardsService.ts(559,12): error TS7053: Element implicitly has an 'any' type because expression of type 'string' can't be used to index type '{ EMERGENCY_STOP: { success: boolean; responseTime: number; issues: string[]; recommendations: string[]; }; ROLLBACK_TEST: { success: boolean; responseTime: number; issues: string[]; recommendations: string[]; }; ISOLATION_TEST: { ...; }; }'.
  No index signature with a parameter of type 'string' was found on type '{ EMERGENCY_STOP: { success: boolean; responseTime: number; issues: string[]; recommendations: string[]; }; ROLLBACK_TEST: { success: boolean; responseTime: number; issues: string[]; recommendations: string[]; }; ISOLATION_TEST: { ...; }; }'.
src/services/SovereignSafeguardsService.ts(693,9): error TS7053: Element implicitly has an 'any' type because expression of type 'string' can't be used to index type '{ SOVEREIGN_ISOLATION: string; JURISDICTIONAL_LIMIT: string; CROSS_BORDER_HALT: string; AUTONOMOUS_FREEZE: string; TRANSCENDENT_ROLLBACK: string; EMERGENCY_SHUTDOWN: string; }'.
  No index signature with a parameter of type 'string' was found on type '{ SOVEREIGN_ISOLATION: string; JURISDICTIONAL_LIMIT: string; CROSS_BORDER_HALT: string; AUTONOMOUS_FREEZE: string; TRANSCENDENT_ROLLBACK: string; EMERGENCY_SHUTDOWN: string; }'.
src/services/SSOService.ts(97,22): error TS18048: 'ssoUser.roles' is possibly 'undefined'.
src/services/SSOService.ts(97,67): error TS18048: 'ssoUser.roles' is possibly 'undefined'.
src/services/SupernodeQueryOptimizer.ts(514,60): error TS7006: Parameter 'record' implicitly has an 'any' type.
src/services/VectorStoreService.ts(168,28): error TS7006: Parameter 'row' implicitly has an 'any' type.
src/services/vision/VisualEmotionAnalyzer.ts(115,7): error TS7053: Element implicitly has an 'any' type because expression of type 'string' can't be used to index type '{ neutral: number; happy: number; sad: number; angry: number; fearful: number; }'.
  No index signature with a parameter of type 'string' was found on type '{ neutral: number; happy: number; sad: number; angry: number; fearful: number; }'.
src/services/WarrantService.ts(641,30): error TS7006: Parameter 'row' implicitly has an 'any' type.
src/services/WarrantService.ts(664,35): error TS7006: Parameter 'row' implicitly has an 'any' type.
src/services/xai-overlay/XAIOverlayService.ts(818,30): error TS2345: Argument of type 'string | undefined' is not assignable to parameter of type 'string'.
  Type 'undefined' is not assignable to type 'string'.
src/soar/PlaybookRunBundleExporter.ts(251,18): error TS7006: Parameter 'row' implicitly has an 'any' type.
src/soar/PlaybookRunBundleExporter.ts(268,23): error TS7006: Parameter 'row' implicitly has an 'any' type.
src/soar/SoarService.ts(106,23): error TS7006: Parameter 'row' implicitly has an 'any' type.
src/soar/SoarService.ts(122,18): error TS7006: Parameter 'row' implicitly has an 'any' type.
src/soar/WorkflowEngine.ts(76,35): error TS18046: 'err' is of type 'unknown'.
src/soar/WorkflowEngine.ts(186,18): error TS7006: Parameter 'row' implicitly has an 'any' type.
src/soar/WorkflowEngine.ts(203,25): error TS7006: Parameter 'row' implicitly has an 'any' type.
src/support/SupportCenterService.ts(802,26): error TS7006: Parameter 'row' implicitly has an 'any' type.
src/time-series/pipelines/downsampling.ts(59,46): error TS18046: 'value' is of type 'unknown'.
 ERR_PNPM_RECURSIVE_RUN_FIRST_FAIL  intelgraph-server@4.0.1 typecheck: `tsc --noEmit`
Exit status 2
