
> intelgraph-server@4.0.1 typecheck /Users/brianlong/Developer/summit/server
> tsc --noEmit

src/config/cors-options.ts(19,11): error TS7006: Parameter 'origin' implicitly has an 'any' type.
src/db/online-migrations/backfillRunner.ts(178,7): error TS2722: Cannot invoke an object which is possibly 'undefined'.
src/db/online-migrations/dualWrite.ts(45,7): error TS2722: Cannot invoke an object which is possibly 'undefined'.
src/lib/state/conflict-resolver.ts(220,44): error TS2532: Object is possibly 'undefined'.
src/lib/state/consistency-engine.ts(82,15): error TS18048: 'sessionData' is possibly 'undefined'.
src/lib/state/consistency-engine.ts(83,20): error TS18048: 'sessionData' is possibly 'undefined'.
src/llm/prompts/registry.ts(101,35): error TS2345: Argument of type 'string | null' is not assignable to parameter of type 'string'.
  Type 'null' is not assignable to type 'string'.
src/maestro/pipelines/decision-analysis-pipeline.ts(91,38): error TS7006: Parameter 'c' implicitly has an 'any' type.
src/marketplace/plugin-manager.ts(515,5): error TS2322: Type 'boolean | undefined' is not assignable to type 'boolean'.
  Type 'undefined' is not assignable to type 'boolean'.
src/messaging/MessagingRepo.ts(52,7): error TS2322: Type 'Date | null' is not assignable to type 'Date | undefined'.
  Type 'null' is not assignable to type 'Date | undefined'.
src/metrics/expose.ts(33,3): error TS2322: Type 'Registry | null' is not assignable to type 'Registry'.
  Type 'null' is not assignable to type 'Registry'.
src/middleware/abuseGuard.ts(227,5): error TS2322: Type 'string | boolean' is not assignable to type 'boolean'.
  Type 'string' is not assignable to type 'boolean'.
src/middleware/audit-event-capture-middleware.ts(404,16): error TS18048: 'newValues' is possibly 'undefined'.
src/middleware/provenance-enforcement.ts(49,18): error TS2430: Interface 'ProvenanceRequest' incorrectly extends interface 'Request<ParamsDictionary, any, any, ParsedQs, Record<string, any>>'.
  Types of property 'correlationId' are incompatible.
    Type 'string | undefined' is not assignable to type 'string'.
      Type 'undefined' is not assignable to type 'string'.
src/middleware/secure-session.ts(78,34): error TS2345: Argument of type 'string | null' is not assignable to parameter of type 'string'.
  Type 'null' is not assignable to type 'string'.
src/middleware/TieredRateLimitMiddleware.ts(157,23): error TS7006: Parameter 'times' implicitly has an 'any' type.
src/monitoring/cost_exporter.ts(44,21): error TS2304: Cannot find name 'result'.
src/notifications-hub/receivers/ChatReceiver.ts(85,11): error TS2564: Property 'adapter' has no initializer and is not definitely assigned in the constructor.
src/notifications-hub/receivers/EmailReceiver.ts(58,11): error TS2564: Property 'emailConfig' has no initializer and is not definitely assigned in the constructor.
src/notifications-hub/receivers/RealtimeReceiver.ts(121,11): error TS2564: Property 'realtimeConfig' has no initializer and is not definitely assigned in the constructor.
src/notifications-hub/receivers/RealtimeReceiver.ts(122,11): error TS2564: Property 'manager' has no initializer and is not definitely assigned in the constructor.
src/notifications-hub/receivers/ReceiverInterface.ts(104,13): error TS2564: Property 'config' has no initializer and is not definitely assigned in the constructor.
src/notifications-hub/receivers/ReceiverInterface.ts(258,71): error TS2454: Variable 'lastError' is used before being assigned.
src/notifications-hub/receivers/WebhookReceiver.ts(51,11): error TS2564: Property 'webhookConfig' has no initializer and is not definitely assigned in the constructor.
src/notifications/queue/NotificationQueue.ts(43,31): error TS7006: Parameter 'job' implicitly has an 'any' type.
src/notifications/queue/NotificationQueue.ts(43,36): error TS7006: Parameter 'err' implicitly has an 'any' type.
src/notifications/repo/NotificationRepo.ts(67,18): error TS7006: Parameter 'row' implicitly has an 'any' type.
src/observability/operational-intelligence/predictive.ts(64,7): error TS2322: Type 'number | boolean | undefined' is not assignable to type 'boolean'.
  Type 'undefined' is not assignable to type 'boolean'.
src/pii/metadataStore.ts(335,29): error TS7006: Parameter 'row' implicitly has an 'any' type.
src/platform/intelgraph-core/postgres-backend.ts(79,24): error TS7006: Parameter 'row' implicitly has an 'any' type.
src/platform/intelgraph-core/postgres-backend.ts(90,24): error TS7006: Parameter 'row' implicitly has an 'any' type.
src/platform/maestro-core/event-store-postgres.ts(45,25): error TS7006: Parameter 'row' implicitly has an 'any' type.
src/platform/maestro-core/queue-postgres.ts(94,24): error TS7006: Parameter 'row' implicitly has an 'any' type.
src/plugins/sdk/validator.ts(11,46): error TS7006: Parameter 'e' implicitly has an 'any' type.
src/policy-compiler/EnforcementService.ts(128,42): error TS2345: Argument of type 'string' is not assignable to parameter of type 'never'.
src/policy/contracts.ts(100,28): error TS7006: Parameter 'row' implicitly has an 'any' type.
src/predictive/PredictiveService.ts(155,32): error TS7006: Parameter 'rec' implicitly has an 'any' type.
src/provenance-integrity-gateway/ContentSigningService.ts(551,35): error TS7006: Parameter 'row' implicitly has an 'any' type.
src/provenance-integrity-gateway/ContentSigningService.ts(1075,25): error TS7006: Parameter 'row' implicitly has an 'any' type.
src/provenance-integrity-gateway/PIGGovernanceService.ts(1147,28): error TS7006: Parameter 'row' implicitly has an 'any' type.
src/provenance-integrity-gateway/PIGGovernanceService.ts(1288,35): error TS7006: Parameter 'row' implicitly has an 'any' type.
src/provenance-integrity-gateway/TruthBundleService.ts(421,36): error TS7006: Parameter 'row' implicitly has an 'any' type.
src/provenance-integrity-gateway/TruthBundleService.ts(1041,26): error TS7006: Parameter 'row' implicitly has an 'any' type.
src/provenance/CanonicalGraphService.ts(178,30): error TS7006: Parameter 'record' implicitly has an 'any' type.
src/provenance/CanonicalGraphService.ts(321,34): error TS7006: Parameter 'rec' implicitly has an 'any' type.
src/provenance/resolvers.ts(94,28): error TS7006: Parameter 'row' implicitly has an 'any' type.
src/quality-evaluation/evaluation-platform.ts(228,16): error TS7006: Parameter 'evalType' implicitly has an 'any' type.
src/realtime/investigationState.ts(359,29): error TS7006: Parameter 'value' implicitly has an 'any' type.
src/reporting/validation.ts(40,12): error TS7053: Element implicitly has an 'any' type because expression of type 'any' can't be used to index type 'Record<DeliveryChannel, boolean>'.
src/repos/CaseRepo.ts(443,21): error TS7006: Parameter 'row' implicitly has an 'any' type.
src/repos/ProvenanceRepo.ts(84,18): error TS7006: Parameter 'r' implicitly has an 'any' type.
src/resolvers/policyWrapper.ts(71,28): error TS2339: Property 'reason' does not exist on type '{ allow: any; }'.
src/routes/claims.ts(15,40): error TS7006: Parameter 'd' implicitly has an 'any' type.
src/saga/SagaRepository.ts(255,41): error TS7006: Parameter 'row' implicitly has an 'any' type.
src/sandbox/SandboxManager.ts(614,76): error TS7006: Parameter 'm' implicitly has an 'any' type.
src/scripts/generate-soc2-evidence.ts(68,53): error TS7006: Parameter 'f' implicitly has an 'any' type.
src/search/advanced-search-engine.ts(185,42): error TS18047: 'hit' is possibly 'null'.
src/search/search.ts(59,30): error TS7006: Parameter 'd' implicitly has an 'any' type.
src/services/analyticsDashboardService.ts(618,33): error TS2345: Argument of type '{ widget: DashboardWidget; data: any; }' is not assignable to parameter of type 'never'.
src/services/AttachmentService.ts(112,24): error TS7006: Parameter 'source' implicitly has an 'any' type.
src/services/correlation/AdvancedCorrelationEngine.ts(395,13): error TS2339: Property 'correlationMetadata' does not exist on type '{ id: any; type: string | undefined; label: string | undefined; source: any; attributes: any; confidence: any; }'.
src/services/DeterministicExportService.ts(227,18): error TS7006: Parameter 's' implicitly has an 'any' type.
src/services/DLPService.ts(320,16): error TS7006: Parameter 'a' implicitly has an 'any' type.
src/services/EventSourcingService.ts(735,23): error TS7006: Parameter 'row' implicitly has an 'any' type.
src/services/explainable-defense-ai/ExplainableDefenseAI.ts(594,59): error TS18048: 'filter.since' is possibly 'undefined'.
src/services/GlassBoxRunService.ts(556,20): error TS7006: Parameter 'row' implicitly has an 'any' type.
src/services/governance/PolicyWatcher.ts(90,25): error TS7006: Parameter 'f' implicitly has an 'any' type.
src/services/GraphAnalyticsService.ts(143,24): error TS7006: Parameter 'r' implicitly has an 'any' type.
src/services/GraphIndexAdvisorService.ts(130,30): error TS7006: Parameter 'record' implicitly has an 'any' type.
src/services/graphrag/audit-log.ts(105,23): error TS7006: Parameter 'row' implicitly has an 'any' type.
src/services/HIPAAComplianceService.ts(589,30): error TS7006: Parameter 'row' implicitly has an 'any' type.
src/services/investigationWorkflowService.ts(732,7): error TS2322: Type 'Investigation | null | undefined' is not assignable to type 'Investigation | undefined'.
  Type 'null' is not assignable to type 'Investigation | undefined'.
src/services/MasintService.ts(174,24): error TS7006: Parameter 'row' implicitly has an 'any' type.
src/services/MigrationService.ts(46,18): error TS7006: Parameter 'results' implicitly has an 'any' type.
src/services/OnboardingService.ts(266,27): error TS7006: Parameter 'row' implicitly has an 'any' type.
src/services/PolicyEngine.ts(42,11): error TS2564: Property 'auditSystem' has no initializer and is not definitely assigned in the constructor.
src/services/PricingEngine.ts(71,24): error TS7006: Parameter 'row' implicitly has an 'any' type.
src/services/security/PolicyService.ts(36,25): error TS2339: Property 'reason' does not exist on type '{ allow: any; }'.
src/services/semantic-rag/GraphTraversalAlgorithms.ts(654,31): error TS7006: Parameter 'record' implicitly has an 'any' type.
src/services/SupernodeQueryOptimizer.ts(514,60): error TS7006: Parameter 'record' implicitly has an 'any' type.
src/services/VectorStoreService.ts(168,28): error TS7006: Parameter 'row' implicitly has an 'any' type.
src/services/vision/VisualEmotionAnalyzer.ts(115,7): error TS7053: Element implicitly has an 'any' type because expression of type 'string' can't be used to index type '{ neutral: number; happy: number; sad: number; angry: number; fearful: number; }'.
  No index signature with a parameter of type 'string' was found on type '{ neutral: number; happy: number; sad: number; angry: number; fearful: number; }'.
src/services/xai-overlay/XAIOverlayService.ts(818,30): error TS2345: Argument of type 'string | undefined' is not assignable to parameter of type 'string'.
  Type 'undefined' is not assignable to type 'string'.
src/support/SupportCenterService.ts(802,26): error TS7006: Parameter 'row' implicitly has an 'any' type.
src/time-series/pipelines/downsampling.ts(59,46): error TS18046: 'value' is of type 'unknown'.
 ERR_PNPM_RECURSIVE_RUN_FIRST_FAIL  intelgraph-server@4.0.1 typecheck: `tsc --noEmit`
Exit status 2
