<?xml version="1.0" encoding="UTF-8"?>
<coverage generated="1763598178833" clover="3.2.0">
  <project timestamp="1763598178833" name="All files">
    <metrics statements="150" coveredstatements="130" conditionals="127" coveredconditionals="94" methods="24" coveredmethods="22" elements="301" coveredelements="246" complexity="0" loc="150" ncloc="150" packages="1" files="1" classes="1"/>
    <file name="consentReconciler.ts" path="/Users/brianlong/Developer/summit/services/privacy/src/consentReconciler.ts">
      <metrics statements="150" coveredstatements="130" conditionals="127" coveredconditionals="94" methods="24" coveredmethods="22"/>
      <line num="1" count="1" type="stmt"/>
      <line num="102" count="1" type="stmt"/>
      <line num="110" count="8" type="cond" truecount="2" falsecount="0"/>
      <line num="111" count="5" type="stmt"/>
      <line num="115" count="6" type="cond" truecount="3" falsecount="1"/>
      <line num="116" count="6" type="stmt"/>
      <line num="118" count="0" type="cond" truecount="0" falsecount="2"/>
      <line num="119" count="0" type="stmt"/>
      <line num="121" count="0" type="stmt"/>
      <line num="122" count="0" type="stmt"/>
      <line num="124" count="0" type="stmt"/>
      <line num="127" count="1" type="stmt"/>
      <line num="134" count="2" type="cond" truecount="1" falsecount="1"/>
      <line num="135" count="0" type="stmt"/>
      <line num="137" count="2" type="stmt"/>
      <line num="142" count="2" type="stmt"/>
      <line num="154" count="2" type="stmt"/>
      <line num="155" count="2" type="stmt"/>
      <line num="156" count="1" type="stmt"/>
      <line num="158" count="1" type="cond" truecount="3" falsecount="1"/>
      <line num="159" count="1" type="stmt"/>
      <line num="161" count="0" type="stmt"/>
      <line num="166" count="1" type="stmt"/>
      <line num="170" count="1" type="stmt"/>
      <line num="177" count="1" type="cond" truecount="1" falsecount="1"/>
      <line num="178" count="1" type="stmt"/>
      <line num="187" count="1" type="stmt"/>
      <line num="194" count="2" type="stmt"/>
      <line num="197" count="2" type="cond" truecount="2" falsecount="0"/>
      <line num="198" count="2" type="cond" truecount="2" falsecount="0"/>
      <line num="199" count="2" type="cond" truecount="2" falsecount="0"/>
      <line num="200" count="2" type="cond" truecount="2" falsecount="0"/>
      <line num="207" count="2" type="cond" truecount="1" falsecount="1"/>
      <line num="208" count="0" type="stmt"/>
      <line num="210" count="4" type="stmt"/>
      <line num="211" count="2" type="cond" truecount="3" falsecount="1"/>
      <line num="212" count="0" type="stmt"/>
      <line num="217" count="2" type="stmt"/>
      <line num="218" count="2" type="stmt"/>
      <line num="220" count="2" type="cond" truecount="4" falsecount="0"/>
      <line num="223" count="2" type="stmt"/>
      <line num="224" count="2" type="stmt"/>
      <line num="227" count="4" type="stmt"/>
      <line num="233" count="2" type="stmt"/>
      <line num="234" count="2" type="stmt"/>
      <line num="235" count="2" type="stmt"/>
      <line num="242" count="2" type="stmt"/>
      <line num="243" count="2" type="stmt"/>
      <line num="244" count="4" type="stmt"/>
      <line num="246" count="2" type="cond" truecount="1" falsecount="1"/>
      <line num="247" count="2" type="stmt"/>
      <line num="250" count="2" type="stmt"/>
      <line num="252" count="2" type="stmt"/>
      <line num="260" count="2" type="stmt"/>
      <line num="261" count="4" type="cond" truecount="2" falsecount="0"/>
      <line num="262" count="3" type="stmt"/>
      <line num="265" count="1" type="stmt"/>
      <line num="266" count="1" type="cond" truecount="1" falsecount="1"/>
      <line num="267" count="1" type="stmt"/>
      <line num="269" count="0" type="stmt"/>
      <line num="272" count="2" type="stmt"/>
      <line num="273" count="2" type="stmt"/>
      <line num="274" count="2" type="stmt"/>
      <line num="276" count="2" type="stmt"/>
      <line num="278" count="2" type="stmt"/>
      <line num="285" count="2" type="stmt"/>
      <line num="286" count="2" type="stmt"/>
      <line num="287" count="2" type="cond" truecount="2" falsecount="0"/>
      <line num="289" count="2" type="stmt"/>
      <line num="290" count="4" type="cond" truecount="2" falsecount="0"/>
      <line num="291" count="3" type="stmt"/>
      <line num="293" count="4" type="cond" truecount="2" falsecount="0"/>
      <line num="294" count="3" type="stmt"/>
      <line num="296" count="4" type="cond" truecount="2" falsecount="0"/>
      <line num="297" count="6" type="stmt"/>
      <line num="301" count="2" type="stmt"/>
      <line num="313" count="2" type="cond" truecount="2" falsecount="0"/>
      <line num="314" count="1" type="cond" truecount="1" falsecount="1"/>
      <line num="315" count="1" type="cond" truecount="1" falsecount="1"/>
      <line num="321" count="1" type="stmt"/>
      <line num="323" count="0" type="cond" truecount="0" falsecount="2"/>
      <line num="327" count="0" type="stmt"/>
      <line num="329" count="0" type="cond" truecount="0" falsecount="2"/>
      <line num="330" count="0" type="cond" truecount="0" falsecount="2"/>
      <line num="331" count="0" type="cond" truecount="0" falsecount="2"/>
      <line num="332" count="0" type="cond" truecount="0" falsecount="2"/>
      <line num="333" count="0" type="cond" truecount="0" falsecount="2"/>
      <line num="334" count="0" type="stmt"/>
      <line num="338" count="2" type="stmt"/>
      <line num="339" count="2" type="stmt"/>
      <line num="341" count="2" type="cond" truecount="3" falsecount="1"/>
      <line num="342" count="2" type="stmt"/>
      <line num="343" count="2" type="cond" truecount="2" falsecount="0"/>
      <line num="344" count="1" type="stmt"/>
      <line num="352" count="2" type="cond" truecount="2" falsecount="0"/>
      <line num="353" count="1" type="stmt"/>
      <line num="361" count="2" type="cond" truecount="2" falsecount="0"/>
      <line num="362" count="1" type="stmt"/>
      <line num="370" count="2" type="cond" truecount="4" falsecount="0"/>
      <line num="371" count="1" type="stmt"/>
      <line num="382" count="2" type="cond" truecount="3" falsecount="1"/>
      <line num="383" count="2" type="stmt"/>
      <line num="384" count="2" type="stmt"/>
      <line num="385" count="2" type="cond" truecount="4" falsecount="0"/>
      <line num="386" count="1" type="stmt"/>
      <line num="395" count="2" type="cond" truecount="2" falsecount="0"/>
      <line num="399" count="1" type="stmt"/>
      <line num="410" count="2" type="stmt"/>
      <line num="412" count="2" type="stmt"/>
      <line num="424" count="2" type="stmt"/>
      <line num="425" count="2" type="stmt"/>
      <line num="426" count="2" type="cond" truecount="1" falsecount="1"/>
      <line num="427" count="2" type="cond" truecount="1" falsecount="1"/>
      <line num="428" count="2" type="stmt"/>
      <line num="430" count="2" type="stmt"/>
      <line num="431" count="4" type="stmt"/>
      <line num="432" count="4" type="cond" truecount="2" falsecount="0"/>
      <line num="433" count="3" type="stmt"/>
      <line num="439" count="4" type="cond" truecount="2" falsecount="0"/>
      <line num="440" count="1" type="stmt"/>
      <line num="446" count="4" type="stmt"/>
      <line num="447" count="4" type="cond" truecount="1" falsecount="1"/>
      <line num="448" count="0" type="stmt"/>
      <line num="454" count="4" type="stmt"/>
      <line num="455" count="4" type="cond" truecount="2" falsecount="0"/>
      <line num="459" count="2" type="stmt"/>
      <line num="465" count="4" type="cond" truecount="2" falsecount="0"/>
      <line num="466" count="4" type="stmt"/>
      <line num="470" count="4" type="stmt"/>
      <line num="471" count="9" type="cond" truecount="2" falsecount="0"/>
      <line num="472" count="5" type="stmt"/>
      <line num="479" count="4" type="cond" truecount="2" falsecount="0"/>
      <line num="480" count="4" type="stmt"/>
      <line num="484" count="4" type="stmt"/>
      <line num="485" count="3" type="cond" truecount="1" falsecount="1"/>
      <line num="489" count="0" type="stmt"/>
      <line num="496" count="4" type="cond" truecount="2" falsecount="0"/>
      <line num="497" count="3" type="stmt"/>
      <line num="505" count="2" type="stmt"/>
      <line num="514" count="2" type="stmt"/>
      <line num="515" count="2" type="stmt"/>
      <line num="521" count="2" type="stmt"/>
      <line num="528" count="2" type="stmt"/>
      <line num="534" count="2" type="cond" truecount="2" falsecount="0"/>
      <line num="535" count="1" type="stmt"/>
      <line num="546" count="2" type="cond" truecount="2" falsecount="0"/>
      <line num="547" count="1" type="stmt"/>
      <line num="555" count="2" type="stmt"/>
      <line num="561" count="2" type="stmt"/>
      <line num="562" count="2" type="stmt"/>
    </file>
  </project>
</coverage>
