{"/Users/brianlong/Developer/summit/services/privacy/src/consentReconciler.ts": {"path":"/Users/brianlong/Developer/summit/services/privacy/src/consentReconciler.ts","statementMap":{"0":{"start":{"line":1,"column":0},"end":{"line":1,"column":50}},"1":{"start":{"line":102,"column":55},"end":{"line":107,"column":2}},"2":{"start":{"line":110,"column":2},"end":{"line":110,"column":33}},"3":{"start":{"line":110,"column":23},"end":{"line":110,"column":33}},"4":{"start":{"line":111,"column":2},"end":{"line":111,"column":44}},"5":{"start":{"line":115,"column":2},"end":{"line":117,"column":3}},"6":{"start":{"line":116,"column":4},"end":{"line":116,"column":33}},"7":{"start":{"line":118,"column":2},"end":{"line":120,"column":3}},"8":{"start":{"line":119,"column":4},"end":{"line":119,"column":55}},"9":{"start":{"line":121,"column":18},"end":{"line":122,"column":null}},"10":{"start":{"line":122,"column":18},"end":{"line":122,"column":36}},"11":{"start":{"line":124,"column":2},"end":{"line":124,"column":96}},"12":{"start":{"line":124,"column":37},"end":{"line":124,"column":81}},"13":{"start":{"line":134,"column":4},"end":{"line":136,"column":5}},"14":{"start":{"line":135,"column":6},"end":{"line":135,"column":65}},"15":{"start":{"line":137,"column":4},"end":{"line":141,"column":6}},"16":{"start":{"line":142,"column":4},"end":{"line":150,"column":9}},"17":{"start":{"line":154,"column":4},"end":{"line":162,"column":5}},"18":{"start":{"line":155,"column":23},"end":{"line":155,"column":70}},"19":{"start":{"line":156,"column":6},"end":{"line":156,"column":44}},"20":{"start":{"line":158,"column":6},"end":{"line":160,"column":7}},"21":{"start":{"line":159,"column":8},"end":{"line":159,"column":20}},"22":{"start":{"line":161,"column":6},"end":{"line":161,"column":18}},"23":{"start":{"line":166,"column":4},"end":{"line":166,"column":69}},"24":{"start":{"line":170,"column":4},"end":{"line":170,"column":72}},"25":{"start":{"line":177,"column":4},"end":{"line":177,"column":33}},"26":{"start":{"line":177,"column":26},"end":{"line":177,"column":33}},"27":{"start":{"line":178,"column":4},"end":{"line":178,"column":73}},"28":{"start":{"line":127,"column":0},"end":{"line":127,"column":13}},"29":{"start":{"line":194,"column":21},"end":{"line":194,"column":36}},"30":{"start":{"line":197,"column":4},"end":{"line":197,"column":55}},"31":{"start":{"line":198,"column":4},"end":{"line":198,"column":78}},"32":{"start":{"line":199,"column":4},"end":{"line":199,"column":69}},"33":{"start":{"line":200,"column":4},"end":{"line":200,"column":67}},"34":{"start":{"line":207,"column":4},"end":{"line":209,"column":5}},"35":{"start":{"line":208,"column":6},"end":{"line":208,"column":74}},"36":{"start":{"line":210,"column":22},"end":{"line":210,"column":78}},"37":{"start":{"line":210,"column":58},"end":{"line":210,"column":76}},"38":{"start":{"line":211,"column":4},"end":{"line":215,"column":5}},"39":{"start":{"line":212,"column":6},"end":{"line":214,"column":8}},"40":{"start":{"line":217,"column":33},"end":{"line":217,"column":65}},"41":{"start":{"line":218,"column":21},"end":{"line":218,"column":59}},"42":{"start":{"line":220,"column":6},"end":{"line":222,"column":27}},"43":{"start":{"line":223,"column":25},"end":{"line":223,"column":49}},"44":{"start":{"line":224,"column":43},"end":{"line":231,"column":6}},"45":{"start":{"line":227,"column":43},"end":{"line":227,"column":58}},"46":{"start":{"line":233,"column":23},"end":{"line":233,"column":63}},"47":{"start":{"line":234,"column":26},"end":{"line":234,"column":70}},"48":{"start":{"line":235,"column":23},"end":{"line":239,"column":null}},"49":{"start":{"line":242,"column":4},"end":{"line":242,"column":50}},"50":{"start":{"line":243,"column":4},"end":{"line":245,"column":5}},"51":{"start":{"line":244,"column":6},"end":{"line":244,"column":45}},"52":{"start":{"line":246,"column":4},"end":{"line":248,"column":5}},"53":{"start":{"line":247,"column":6},"end":{"line":247,"column":60}},"54":{"start":{"line":250,"column":4},"end":{"line":256,"column":6}},"55":{"start":{"line":252,"column":47},"end":{"line":252,"column":62}},"56":{"start":{"line":260,"column":20},"end":{"line":270,"column":6}},"57":{"start":{"line":261,"column":6},"end":{"line":263,"column":7}},"58":{"start":{"line":262,"column":8},"end":{"line":262,"column":37}},"59":{"start":{"line":265,"column":8},"end":{"line":265,"column":77}},"60":{"start":{"line":266,"column":6},"end":{"line":268,"column":7}},"61":{"start":{"line":267,"column":8},"end":{"line":267,"column":24}},"62":{"start":{"line":269,"column":6},"end":{"line":269,"column":67}},"63":{"start":{"line":272,"column":26},"end":{"line":272,"column":36}},"64":{"start":{"line":273,"column":19},"end":{"line":273,"column":61}},"65":{"start":{"line":274,"column":18},"end":{"line":276,"column":75}},"66":{"start":{"line":276,"column":28},"end":{"line":276,"column":74}},"67":{"start":{"line":278,"column":4},"end":{"line":278,"column":40}},"68":{"start":{"line":285,"column":52},"end":{"line":285,"column":54}},"69":{"start":{"line":286,"column":50},"end":{"line":286,"column":52}},"70":{"start":{"line":287,"column":27},"end":{"line":287,"column":68}},"71":{"start":{"line":289,"column":4},"end":{"line":299,"column":5}},"72":{"start":{"line":290,"column":6},"end":{"line":292,"column":7}},"73":{"start":{"line":291,"column":8},"end":{"line":291,"column":57}},"74":{"start":{"line":293,"column":6},"end":{"line":295,"column":7}},"75":{"start":{"line":294,"column":8},"end":{"line":294,"column":63}},"76":{"start":{"line":296,"column":6},"end":{"line":298,"column":7}},"77":{"start":{"line":297,"column":8},"end":{"line":297,"column":36}},"78":{"start":{"line":301,"column":4},"end":{"line":306,"column":6}},"79":{"start":{"line":313,"column":4},"end":{"line":313,"column":58}},"80":{"start":{"line":313,"column":46},"end":{"line":313,"column":58}},"81":{"start":{"line":314,"column":4},"end":{"line":314,"column":60}},"82":{"start":{"line":314,"column":48},"end":{"line":314,"column":60}},"83":{"start":{"line":315,"column":4},"end":{"line":322,"column":5}},"84":{"start":{"line":321,"column":6},"end":{"line":321,"column":18}},"85":{"start":{"line":323,"column":4},"end":{"line":328,"column":5}},"86":{"start":{"line":327,"column":6},"end":{"line":327,"column":18}},"87":{"start":{"line":329,"column":30},"end":{"line":329,"column":71}},"88":{"start":{"line":330,"column":29},"end":{"line":330,"column":69}},"89":{"start":{"line":331,"column":4},"end":{"line":331,"column":60}},"90":{"start":{"line":331,"column":48},"end":{"line":331,"column":60}},"91":{"start":{"line":332,"column":27},"end":{"line":332,"column":71}},"92":{"start":{"line":333,"column":26},"end":{"line":333,"column":69}},"93":{"start":{"line":334,"column":4},"end":{"line":334,"column":44}},"94":{"start":{"line":338,"column":38},"end":{"line":338,"column":40}},"95":{"start":{"line":339,"column":44},"end":{"line":339,"column":46}},"96":{"start":{"line":341,"column":4},"end":{"line":380,"column":5}},"97":{"start":{"line":342,"column":6},"end":{"line":342,"column":30}},"98":{"start":{"line":343,"column":6},"end":{"line":351,"column":7}},"99":{"start":{"line":344,"column":8},"end":{"line":350,"column":11}},"100":{"start":{"line":352,"column":6},"end":{"line":360,"column":7}},"101":{"start":{"line":353,"column":8},"end":{"line":359,"column":11}},"102":{"start":{"line":361,"column":6},"end":{"line":369,"column":7}},"103":{"start":{"line":362,"column":8},"end":{"line":368,"column":11}},"104":{"start":{"line":370,"column":6},"end":{"line":379,"column":7}},"105":{"start":{"line":371,"column":8},"end":{"line":378,"column":11}},"106":{"start":{"line":382,"column":4},"end":{"line":408,"column":5}},"107":{"start":{"line":383,"column":6},"end":{"line":383,"column":30}},"108":{"start":{"line":384,"column":29},"end":{"line":384,"column":74}},"109":{"start":{"line":385,"column":6},"end":{"line":394,"column":7}},"110":{"start":{"line":386,"column":8},"end":{"line":393,"column":11}},"111":{"start":{"line":395,"column":6},"end":{"line":407,"column":7}},"112":{"start":{"line":399,"column":8},"end":{"line":406,"column":11}},"113":{"start":{"line":410,"column":30},"end":{"line":410,"column":61}},"114":{"start":{"line":412,"column":4},"end":{"line":417,"column":6}},"115":{"start":{"line":424,"column":44},"end":{"line":424,"column":46}},"116":{"start":{"line":425,"column":30},"end":{"line":425,"column":62}},"117":{"start":{"line":426,"column":27},"end":{"line":426,"column":54}},"118":{"start":{"line":427,"column":30},"end":{"line":427,"column":54}},"119":{"start":{"line":428,"column":31},"end":{"line":428,"column":72}},"120":{"start":{"line":430,"column":4},"end":{"line":503,"column":5}},"121":{"start":{"line":431,"column":42},"end":{"line":431,"column":44}},"122":{"start":{"line":432,"column":6},"end":{"line":438,"column":7}},"123":{"start":{"line":433,"column":8},"end":{"line":437,"column":11}},"124":{"start":{"line":439,"column":6},"end":{"line":445,"column":7}},"125":{"start":{"line":440,"column":8},"end":{"line":444,"column":11}},"126":{"start":{"line":446,"column":31},"end":{"line":446,"column":62}},"127":{"start":{"line":447,"column":6},"end":{"line":453,"column":7}},"128":{"start":{"line":448,"column":8},"end":{"line":452,"column":11}},"129":{"start":{"line":454,"column":32},"end":{"line":454,"column":72}},"130":{"start":{"line":455,"column":6},"end":{"line":464,"column":7}},"131":{"start":{"line":459,"column":8},"end":{"line":463,"column":11}},"132":{"start":{"line":465,"column":28},"end":{"line":465,"column":54}},"133":{"start":{"line":466,"column":26},"end":{"line":469,"column":8}},"134":{"start":{"line":470,"column":6},"end":{"line":478,"column":7}},"135":{"start":{"line":471,"column":8},"end":{"line":477,"column":9}},"136":{"start":{"line":472,"column":10},"end":{"line":476,"column":13}},"137":{"start":{"line":479,"column":31},"end":{"line":479,"column":54}},"138":{"start":{"line":480,"column":26},"end":{"line":483,"column":8}},"139":{"start":{"line":484,"column":6},"end":{"line":495,"column":7}},"140":{"start":{"line":485,"column":8},"end":{"line":494,"column":9}},"141":{"start":{"line":489,"column":10},"end":{"line":493,"column":13}},"142":{"start":{"line":496,"column":6},"end":{"line":502,"column":7}},"143":{"start":{"line":497,"column":8},"end":{"line":501,"column":11}},"144":{"start":{"line":505,"column":4},"end":{"line":505,"column":20}},"145":{"start":{"line":514,"column":22},"end":{"line":514,"column":46}},"146":{"start":{"line":515,"column":69},"end":{"line":519,"column":6}},"147":{"start":{"line":521,"column":41},"end":{"line":532,"column":6}},"148":{"start":{"line":528,"column":48},"end":{"line":528,"column":63}},"149":{"start":{"line":534,"column":4},"end":{"line":544,"column":5}},"150":{"start":{"line":535,"column":6},"end":{"line":543,"column":9}},"151":{"start":{"line":546,"column":4},"end":{"line":553,"column":5}},"152":{"start":{"line":547,"column":6},"end":{"line":552,"column":9}},"153":{"start":{"line":555,"column":4},"end":{"line":555,"column":19}},"154":{"start":{"line":561,"column":32},"end":{"line":561,"column":40}},"155":{"start":{"line":562,"column":4},"end":{"line":562,"column":16}},"156":{"start":{"line":187,"column":0},"end":{"line":187,"column":13}}},"fnMap":{"0":{"name":"sortPurposes","decl":{"start":{"line":109,"column":9},"end":{"line":109,"column":21}},"loc":{"start":{"line":109,"column":50},"end":{"line":112,"column":1}}},"1":{"name":"stableSerialize","decl":{"start":{"line":114,"column":9},"end":{"line":114,"column":24}},"loc":{"start":{"line":114,"column":39},"end":{"line":125,"column":1}}},"2":{"name":"(anonymous_3)","decl":{"start":{"line":122,"column":4},"end":{"line":122,"column":5}},"loc":{"start":{"line":122,"column":18},"end":{"line":122,"column":36}}},"3":{"name":"(anonymous_4)","decl":{"start":{"line":124,"column":25},"end":{"line":124,"column":26}},"loc":{"start":{"line":124,"column":37},"end":{"line":124,"column":81}}},"4":{"name":"(anonymous_5)","decl":{"start":{"line":133,"column":2},"end":{"line":133,"column":14}},"loc":{"start":{"line":133,"column":74},"end":{"line":151,"column":3}}},"5":{"name":"(anonymous_6)","decl":{"start":{"line":153,"column":2},"end":{"line":153,"column":7}},"loc":{"start":{"line":153,"column":38},"end":{"line":163,"column":3}}},"6":{"name":"(anonymous_7)","decl":{"start":{"line":165,"column":2},"end":{"line":165,"column":7}},"loc":{"start":{"line":165,"column":44},"end":{"line":167,"column":3}}},"7":{"name":"(anonymous_8)","decl":{"start":{"line":169,"column":2},"end":{"line":169,"column":7}},"loc":{"start":{"line":169,"column":49},"end":{"line":171,"column":3}}},"8":{"name":"(anonymous_9)","decl":{"start":{"line":173,"column":2},"end":{"line":173,"column":7}},"loc":{"start":{"line":175,"column":35},"end":{"line":179,"column":3}}},"9":{"name":"(anonymous_10)","decl":{"start":{"line":193,"column":2},"end":{"line":193,"column":null}},"loc":{"start":{"line":195,"column":42},"end":{"line":201,"column":3}}},"10":{"name":"(anonymous_11)","decl":{"start":{"line":203,"column":2},"end":{"line":203,"column":7}},"loc":{"start":{"line":205,"column":37},"end":{"line":257,"column":3}}},"11":{"name":"(anonymous_12)","decl":{"start":{"line":210,"column":44},"end":{"line":210,"column":45}},"loc":{"start":{"line":210,"column":58},"end":{"line":210,"column":76}}},"12":{"name":"(anonymous_13)","decl":{"start":{"line":227,"column":29},"end":{"line":227,"column":30}},"loc":{"start":{"line":227,"column":43},"end":{"line":227,"column":58}}},"13":{"name":"(anonymous_14)","decl":{"start":{"line":252,"column":33},"end":{"line":252,"column":34}},"loc":{"start":{"line":252,"column":47},"end":{"line":252,"column":62}}},"14":{"name":"(anonymous_15)","decl":{"start":{"line":259,"column":10},"end":{"line":259,"column":26}},"loc":{"start":{"line":259,"column":60},"end":{"line":279,"column":3}}},"15":{"name":"(anonymous_16)","decl":{"start":{"line":260,"column":40},"end":{"line":260,"column":41}},"loc":{"start":{"line":260,"column":49},"end":{"line":270,"column":5}}},"16":{"name":"(anonymous_17)","decl":{"start":{"line":276,"column":14},"end":{"line":276,"column":15}},"loc":{"start":{"line":276,"column":28},"end":{"line":276,"column":74}}},"17":{"name":"(anonymous_18)","decl":{"start":{"line":281,"column":10},"end":{"line":281,"column":23}},"loc":{"start":{"line":283,"column":37},"end":{"line":307,"column":3}}},"18":{"name":"(anonymous_19)","decl":{"start":{"line":309,"column":10},"end":{"line":309,"column":33}},"loc":{"start":{"line":311,"column":34},"end":{"line":335,"column":3}}},"19":{"name":"(anonymous_20)","decl":{"start":{"line":337,"column":10},"end":{"line":337,"column":28}},"loc":{"start":{"line":337,"column":51},"end":{"line":418,"column":3}}},"20":{"name":"(anonymous_21)","decl":{"start":{"line":420,"column":10},"end":{"line":420,"column":21}},"loc":{"start":{"line":422,"column":37},"end":{"line":506,"column":3}}},"21":{"name":"(anonymous_22)","decl":{"start":{"line":508,"column":10},"end":{"line":508,"column":28}},"loc":{"start":{"line":512,"column":32},"end":{"line":556,"column":3}}},"22":{"name":"(anonymous_23)","decl":{"start":{"line":528,"column":34},"end":{"line":528,"column":35}},"loc":{"start":{"line":528,"column":48},"end":{"line":528,"column":63}}},"23":{"name":"(anonymous_24)","decl":{"start":{"line":558,"column":10},"end":{"line":558,"column":20}},"loc":{"start":{"line":559,"column":34},"end":{"line":563,"column":3}}}},"branchMap":{"0":{"loc":{"start":{"line":110,"column":2},"end":{"line":110,"column":33}},"type":"if","locations":[{"start":{"line":110,"column":2},"end":{"line":110,"column":33}},{"start":{},"end":{}}]},"1":{"loc":{"start":{"line":115,"column":2},"end":{"line":117,"column":3}},"type":"if","locations":[{"start":{"line":115,"column":2},"end":{"line":117,"column":3}},{"start":{},"end":{}}]},"2":{"loc":{"start":{"line":115,"column":6},"end":{"line":115,"column":49}},"type":"binary-expr","locations":[{"start":{"line":115,"column":6},"end":{"line":115,"column":20}},{"start":{"line":115,"column":24},"end":{"line":115,"column":49}}]},"3":{"loc":{"start":{"line":118,"column":2},"end":{"line":120,"column":3}},"type":"if","locations":[{"start":{"line":118,"column":2},"end":{"line":120,"column":3}},{"start":{},"end":{}}]},"4":{"loc":{"start":{"line":134,"column":4},"end":{"line":136,"column":5}},"type":"if","locations":[{"start":{"line":134,"column":4},"end":{"line":136,"column":5}},{"start":{},"end":{}}]},"5":{"loc":{"start":{"line":139,"column":13},"end":{"line":139,"column":32}},"type":"binary-expr","locations":[{"start":{"line":139,"column":13},"end":{"line":139,"column":26}},{"start":{"line":139,"column":30},"end":{"line":139,"column":32}}]},"6":{"loc":{"start":{"line":140,"column":17},"end":{"line":140,"column":42}},"type":"binary-expr","locations":[{"start":{"line":140,"column":17},"end":{"line":140,"column":34}},{"start":{"line":140,"column":38},"end":{"line":140,"column":42}}]},"7":{"loc":{"start":{"line":143,"column":6},"end":{"line":150,"column":8}},"type":"binary-expr","locations":[{"start":{"line":143,"column":6},"end":{"line":143,"column":12}},{"start":{"line":144,"column":6},"end":{"line":150,"column":8}}]},"8":{"loc":{"start":{"line":147,"column":17},"end":{"line":149,"column":21}},"type":"cond-expr","locations":[{"start":{"line":148,"column":12},"end":{"line":148,"column":61}},{"start":{"line":149,"column":12},"end":{"line":149,"column":21}}]},"9":{"loc":{"start":{"line":158,"column":6},"end":{"line":160,"column":7}},"type":"if","locations":[{"start":{"line":158,"column":6},"end":{"line":160,"column":7}},{"start":{},"end":{}}]},"10":{"loc":{"start":{"line":158,"column":10},"end":{"line":158,"column":69}},"type":"binary-expr","locations":[{"start":{"line":158,"column":10},"end":{"line":158,"column":35}},{"start":{"line":158,"column":39},"end":{"line":158,"column":69}}]},"11":{"loc":{"start":{"line":177,"column":4},"end":{"line":177,"column":33}},"type":"if","locations":[{"start":{"line":177,"column":4},"end":{"line":177,"column":33}},{"start":{},"end":{}}]},"12":{"loc":{"start":{"line":195,"column":4},"end":{"line":195,"column":42}},"type":"default-arg","locations":[{"start":{"line":195,"column":40},"end":{"line":195,"column":42}}]},"13":{"loc":{"start":{"line":197,"column":17},"end":{"line":197,"column":54}},"type":"binary-expr","locations":[{"start":{"line":197,"column":17},"end":{"line":197,"column":30}},{"start":{"line":197,"column":34},"end":{"line":197,"column":54}}]},"14":{"loc":{"start":{"line":198,"column":32},"end":{"line":198,"column":77}},"type":"binary-expr","locations":[{"start":{"line":198,"column":32},"end":{"line":198,"column":60}},{"start":{"line":198,"column":64},"end":{"line":198,"column":77}}]},"15":{"loc":{"start":{"line":199,"column":32},"end":{"line":199,"column":68}},"type":"binary-expr","locations":[{"start":{"line":199,"column":32},"end":{"line":199,"column":60}},{"start":{"line":199,"column":64},"end":{"line":199,"column":68}}]},"16":{"loc":{"start":{"line":200,"column":31},"end":{"line":200,"column":66}},"type":"binary-expr","locations":[{"start":{"line":200,"column":31},"end":{"line":200,"column":58}},{"start":{"line":200,"column":62},"end":{"line":200,"column":66}}]},"17":{"loc":{"start":{"line":207,"column":4},"end":{"line":209,"column":5}},"type":"if","locations":[{"start":{"line":207,"column":4},"end":{"line":209,"column":5}},{"start":{},"end":{}}]},"18":{"loc":{"start":{"line":211,"column":4},"end":{"line":215,"column":5}},"type":"if","locations":[{"start":{"line":211,"column":4},"end":{"line":215,"column":5}},{"start":{},"end":{}}]},"19":{"loc":{"start":{"line":211,"column":8},"end":{"line":211,"column":57}},"type":"binary-expr","locations":[{"start":{"line":211,"column":8},"end":{"line":211,"column":28}},{"start":{"line":211,"column":32},"end":{"line":211,"column":57}}]},"20":{"loc":{"start":{"line":220,"column":6},"end":{"line":222,"column":27}},"type":"cond-expr","locations":[{"start":{"line":221,"column":10},"end":{"line":221,"column":30}},{"start":{"line":222,"column":10},"end":{"line":222,"column":27}}]},"21":{"loc":{"start":{"line":220,"column":6},"end":{"line":220,"column":55}},"type":"binary-expr","locations":[{"start":{"line":220,"column":6},"end":{"line":220,"column":14}},{"start":{"line":220,"column":18},"end":{"line":220,"column":55}}]},"22":{"loc":{"start":{"line":246,"column":4},"end":{"line":248,"column":5}},"type":"if","locations":[{"start":{"line":246,"column":4},"end":{"line":248,"column":5}},{"start":{},"end":{}}]},"23":{"loc":{"start":{"line":261,"column":6},"end":{"line":263,"column":7}},"type":"if","locations":[{"start":{"line":261,"column":6},"end":{"line":263,"column":7}},{"start":{},"end":{}}]},"24":{"loc":{"start":{"line":266,"column":6},"end":{"line":268,"column":7}},"type":"if","locations":[{"start":{"line":266,"column":6},"end":{"line":268,"column":7}},{"start":{},"end":{}}]},"25":{"loc":{"start":{"line":287,"column":43},"end":{"line":287,"column":67}},"type":"binary-expr","locations":[{"start":{"line":287,"column":43},"end":{"line":287,"column":61}},{"start":{"line":287,"column":65},"end":{"line":287,"column":67}}]},"26":{"loc":{"start":{"line":290,"column":6},"end":{"line":292,"column":7}},"type":"if","locations":[{"start":{"line":290,"column":6},"end":{"line":292,"column":7}},{"start":{},"end":{}}]},"27":{"loc":{"start":{"line":293,"column":6},"end":{"line":295,"column":7}},"type":"if","locations":[{"start":{"line":293,"column":6},"end":{"line":295,"column":7}},{"start":{},"end":{}}]},"28":{"loc":{"start":{"line":296,"column":28},"end":{"line":296,"column":51}},"type":"binary-expr","locations":[{"start":{"line":296,"column":28},"end":{"line":296,"column":45}},{"start":{"line":296,"column":49},"end":{"line":296,"column":51}}]},"29":{"loc":{"start":{"line":313,"column":4},"end":{"line":313,"column":58}},"type":"if","locations":[{"start":{"line":313,"column":4},"end":{"line":313,"column":58}},{"start":{},"end":{}}]},"30":{"loc":{"start":{"line":314,"column":4},"end":{"line":314,"column":60}},"type":"if","locations":[{"start":{"line":314,"column":4},"end":{"line":314,"column":60}},{"start":{},"end":{}}]},"31":{"loc":{"start":{"line":315,"column":4},"end":{"line":322,"column":5}},"type":"if","locations":[{"start":{"line":315,"column":4},"end":{"line":322,"column":5}},{"start":{},"end":{}}]},"32":{"loc":{"start":{"line":323,"column":4},"end":{"line":328,"column":5}},"type":"if","locations":[{"start":{"line":323,"column":4},"end":{"line":328,"column":5}},{"start":{},"end":{}}]},"33":{"loc":{"start":{"line":329,"column":46},"end":{"line":329,"column":70}},"type":"binary-expr","locations":[{"start":{"line":329,"column":46},"end":{"line":329,"column":64}},{"start":{"line":329,"column":68},"end":{"line":329,"column":70}}]},"34":{"loc":{"start":{"line":330,"column":45},"end":{"line":330,"column":68}},"type":"binary-expr","locations":[{"start":{"line":330,"column":45},"end":{"line":330,"column":62}},{"start":{"line":330,"column":66},"end":{"line":330,"column":68}}]},"35":{"loc":{"start":{"line":331,"column":4},"end":{"line":331,"column":60}},"type":"if","locations":[{"start":{"line":331,"column":4},"end":{"line":331,"column":60}},{"start":{},"end":{}}]},"36":{"loc":{"start":{"line":332,"column":43},"end":{"line":332,"column":70}},"type":"binary-expr","locations":[{"start":{"line":332,"column":43},"end":{"line":332,"column":64}},{"start":{"line":332,"column":68},"end":{"line":332,"column":70}}]},"37":{"loc":{"start":{"line":333,"column":42},"end":{"line":333,"column":68}},"type":"binary-expr","locations":[{"start":{"line":333,"column":42},"end":{"line":333,"column":62}},{"start":{"line":333,"column":66},"end":{"line":333,"column":68}}]},"38":{"loc":{"start":{"line":341,"column":4},"end":{"line":380,"column":5}},"type":"if","locations":[{"start":{"line":341,"column":4},"end":{"line":380,"column":5}},{"start":{},"end":{}}]},"39":{"loc":{"start":{"line":341,"column":8},"end":{"line":341,"column":76}},"type":"binary-expr","locations":[{"start":{"line":341,"column":8},"end":{"line":341,"column":39}},{"start":{"line":341,"column":43},"end":{"line":341,"column":76}}]},"40":{"loc":{"start":{"line":343,"column":6},"end":{"line":351,"column":7}},"type":"if","locations":[{"start":{"line":343,"column":6},"end":{"line":351,"column":7}},{"start":{},"end":{}}]},"41":{"loc":{"start":{"line":352,"column":6},"end":{"line":360,"column":7}},"type":"if","locations":[{"start":{"line":352,"column":6},"end":{"line":360,"column":7}},{"start":{},"end":{}}]},"42":{"loc":{"start":{"line":361,"column":6},"end":{"line":369,"column":7}},"type":"if","locations":[{"start":{"line":361,"column":6},"end":{"line":369,"column":7}},{"start":{},"end":{}}]},"43":{"loc":{"start":{"line":370,"column":6},"end":{"line":379,"column":7}},"type":"if","locations":[{"start":{"line":370,"column":6},"end":{"line":379,"column":7}},{"start":{},"end":{}}]},"44":{"loc":{"start":{"line":370,"column":10},"end":{"line":370,"column":52}},"type":"binary-expr","locations":[{"start":{"line":370,"column":10},"end":{"line":370,"column":34}},{"start":{"line":370,"column":38},"end":{"line":370,"column":52}}]},"45":{"loc":{"start":{"line":382,"column":4},"end":{"line":408,"column":5}},"type":"if","locations":[{"start":{"line":382,"column":4},"end":{"line":408,"column":5}},{"start":{},"end":{}}]},"46":{"loc":{"start":{"line":382,"column":8},"end":{"line":382,"column":76}},"type":"binary-expr","locations":[{"start":{"line":382,"column":8},"end":{"line":382,"column":39}},{"start":{"line":382,"column":43},"end":{"line":382,"column":76}}]},"47":{"loc":{"start":{"line":385,"column":6},"end":{"line":394,"column":7}},"type":"if","locations":[{"start":{"line":385,"column":6},"end":{"line":394,"column":7}},{"start":{},"end":{}}]},"48":{"loc":{"start":{"line":385,"column":10},"end":{"line":385,"column":54}},"type":"binary-expr","locations":[{"start":{"line":385,"column":10},"end":{"line":385,"column":35}},{"start":{"line":385,"column":39},"end":{"line":385,"column":54}}]},"49":{"loc":{"start":{"line":395,"column":6},"end":{"line":407,"column":7}},"type":"if","locations":[{"start":{"line":395,"column":6},"end":{"line":407,"column":7}},{"start":{},"end":{}}]},"50":{"loc":{"start":{"line":396,"column":8},"end":{"line":397,"column":47}},"type":"binary-expr","locations":[{"start":{"line":396,"column":8},"end":{"line":396,"column":35}},{"start":{"line":397,"column":8},"end":{"line":397,"column":47}}]},"51":{"loc":{"start":{"line":426,"column":27},"end":{"line":426,"column":54}},"type":"binary-expr","locations":[{"start":{"line":426,"column":27},"end":{"line":426,"column":48}},{"start":{"line":426,"column":52},"end":{"line":426,"column":54}}]},"52":{"loc":{"start":{"line":427,"column":30},"end":{"line":427,"column":54}},"type":"binary-expr","locations":[{"start":{"line":427,"column":30},"end":{"line":427,"column":48}},{"start":{"line":427,"column":52},"end":{"line":427,"column":54}}]},"53":{"loc":{"start":{"line":432,"column":6},"end":{"line":438,"column":7}},"type":"if","locations":[{"start":{"line":432,"column":6},"end":{"line":438,"column":7}},{"start":{},"end":{}}]},"54":{"loc":{"start":{"line":439,"column":6},"end":{"line":445,"column":7}},"type":"if","locations":[{"start":{"line":439,"column":6},"end":{"line":445,"column":7}},{"start":{},"end":{}}]},"55":{"loc":{"start":{"line":447,"column":6},"end":{"line":453,"column":7}},"type":"if","locations":[{"start":{"line":447,"column":6},"end":{"line":453,"column":7}},{"start":{},"end":{}}]},"56":{"loc":{"start":{"line":455,"column":6},"end":{"line":464,"column":7}},"type":"if","locations":[{"start":{"line":455,"column":6},"end":{"line":464,"column":7}},{"start":{},"end":{}}]},"57":{"loc":{"start":{"line":465,"column":28},"end":{"line":465,"column":54}},"type":"binary-expr","locations":[{"start":{"line":465,"column":28},"end":{"line":465,"column":48}},{"start":{"line":465,"column":52},"end":{"line":465,"column":54}}]},"58":{"loc":{"start":{"line":471,"column":8},"end":{"line":477,"column":9}},"type":"if","locations":[{"start":{"line":471,"column":8},"end":{"line":477,"column":9}},{"start":{},"end":{}}]},"59":{"loc":{"start":{"line":479,"column":31},"end":{"line":479,"column":54}},"type":"binary-expr","locations":[{"start":{"line":479,"column":31},"end":{"line":479,"column":48}},{"start":{"line":479,"column":52},"end":{"line":479,"column":54}}]},"60":{"loc":{"start":{"line":485,"column":8},"end":{"line":494,"column":9}},"type":"if","locations":[{"start":{"line":485,"column":8},"end":{"line":494,"column":9}},{"start":{},"end":{}}]},"61":{"loc":{"start":{"line":496,"column":6},"end":{"line":502,"column":7}},"type":"if","locations":[{"start":{"line":496,"column":6},"end":{"line":502,"column":7}},{"start":{},"end":{}}]},"62":{"loc":{"start":{"line":534,"column":4},"end":{"line":544,"column":5}},"type":"if","locations":[{"start":{"line":534,"column":4},"end":{"line":544,"column":5}},{"start":{},"end":{}}]},"63":{"loc":{"start":{"line":546,"column":4},"end":{"line":553,"column":5}},"type":"if","locations":[{"start":{"line":546,"column":4},"end":{"line":553,"column":5}},{"start":{},"end":{}}]}},"s":{"0":1,"1":1,"2":8,"3":3,"4":5,"5":6,"6":6,"7":0,"8":0,"9":0,"10":0,"11":0,"12":0,"13":2,"14":0,"15":2,"16":2,"17":2,"18":2,"19":1,"20":1,"21":1,"22":0,"23":1,"24":1,"25":1,"26":0,"27":1,"28":1,"29":2,"30":2,"31":2,"32":2,"33":2,"34":2,"35":0,"36":2,"37":4,"38":2,"39":0,"40":2,"41":2,"42":2,"43":2,"44":2,"45":4,"46":2,"47":2,"48":2,"49":2,"50":2,"51":4,"52":2,"53":2,"54":2,"55":2,"56":2,"57":4,"58":3,"59":1,"60":1,"61":1,"62":0,"63":2,"64":2,"65":2,"66":2,"67":2,"68":2,"69":2,"70":2,"71":2,"72":4,"73":3,"74":4,"75":3,"76":4,"77":6,"78":2,"79":2,"80":1,"81":1,"82":0,"83":1,"84":1,"85":0,"86":0,"87":0,"88":0,"89":0,"90":0,"91":0,"92":0,"93":0,"94":2,"95":2,"96":2,"97":2,"98":2,"99":1,"100":2,"101":1,"102":2,"103":1,"104":2,"105":1,"106":2,"107":2,"108":2,"109":2,"110":1,"111":2,"112":1,"113":2,"114":2,"115":2,"116":2,"117":2,"118":2,"119":2,"120":2,"121":4,"122":4,"123":3,"124":4,"125":1,"126":4,"127":4,"128":0,"129":4,"130":4,"131":2,"132":4,"133":4,"134":4,"135":9,"136":5,"137":4,"138":4,"139":4,"140":3,"141":0,"142":4,"143":3,"144":2,"145":2,"146":2,"147":2,"148":2,"149":2,"150":1,"151":2,"152":1,"153":2,"154":2,"155":2,"156":1},"f":{"0":8,"1":6,"2":0,"3":0,"4":2,"5":2,"6":1,"7":1,"8":1,"9":2,"10":2,"11":4,"12":4,"13":2,"14":2,"15":4,"16":2,"17":2,"18":2,"19":2,"20":2,"21":2,"22":2,"23":2},"b":{"0":[3,5],"1":[6,0],"2":[6,6],"3":[0,0],"4":[0,2],"5":[2,2],"6":[2,2],"7":[2,0],"8":[0,0],"9":[1,0],"10":[1,1],"11":[0,1],"12":[1],"13":[2,1],"14":[2,1],"15":[2,2],"16":[2,2],"17":[0,2],"18":[0,2],"19":[2,2],"20":[1,1],"21":[2,1],"22":[2,0],"23":[3,1],"24":[1,0],"25":[2,1],"26":[3,1],"27":[3,1],"28":[4,1],"29":[1,1],"30":[0,1],"31":[1,0],"32":[0,0],"33":[0,0],"34":[0,0],"35":[0,0],"36":[0,0],"37":[0,0],"38":[2,0],"39":[2,2],"40":[1,1],"41":[1,1],"42":[1,1],"43":[1,1],"44":[2,2],"45":[2,0],"46":[2,2],"47":[1,1],"48":[2,2],"49":[1,1],"50":[2,1],"51":[2,0],"52":[2,0],"53":[3,1],"54":[1,3],"55":[0,4],"56":[2,2],"57":[4,1],"58":[5,4],"59":[4,1],"60":[0,3],"61":[3,1],"62":[1,1],"63":[1,1]}}
}
