TN:
SF:src/consentReconciler.ts
FN:109,sortPurposes
FN:114,stableSerialize
FN:122,(anonymous_3)
FN:124,(anonymous_4)
FN:133,(anonymous_5)
FN:153,(anonymous_6)
FN:165,(anonymous_7)
FN:169,(anonymous_8)
FN:173,(anonymous_9)
FN:193,(anonymous_10)
FN:203,(anonymous_11)
FN:210,(anonymous_12)
FN:227,(anonymous_13)
FN:252,(anonymous_14)
FN:259,(anonymous_15)
FN:260,(anonymous_16)
FN:276,(anonymous_17)
FN:281,(anonymous_18)
FN:309,(anonymous_19)
FN:337,(anonymous_20)
FN:420,(anonymous_21)
FN:508,(anonymous_22)
FN:528,(anonymous_23)
FN:558,(anonymous_24)
FNF:24
FNH:22
FNDA:8,sortPurposes
FNDA:6,stableSerialize
FNDA:0,(anonymous_3)
FNDA:0,(anonymous_4)
FNDA:2,(anonymous_5)
FNDA:2,(anonymous_6)
FNDA:1,(anonymous_7)
FNDA:1,(anonymous_8)
FNDA:1,(anonymous_9)
FNDA:2,(anonymous_10)
FNDA:2,(anonymous_11)
FNDA:4,(anonymous_12)
FNDA:4,(anonymous_13)
FNDA:2,(anonymous_14)
FNDA:2,(anonymous_15)
FNDA:4,(anonymous_16)
FNDA:2,(anonymous_17)
FNDA:2,(anonymous_18)
FNDA:2,(anonymous_19)
FNDA:2,(anonymous_20)
FNDA:2,(anonymous_21)
FNDA:2,(anonymous_22)
FNDA:2,(anonymous_23)
FNDA:2,(anonymous_24)
DA:1,1
DA:102,1
DA:110,8
DA:111,5
DA:115,6
DA:116,6
DA:118,0
DA:119,0
DA:121,0
DA:122,0
DA:124,0
DA:127,1
DA:134,2
DA:135,0
DA:137,2
DA:142,2
DA:154,2
DA:155,2
DA:156,1
DA:158,1
DA:159,1
DA:161,0
DA:166,1
DA:170,1
DA:177,1
DA:178,1
DA:187,1
DA:194,2
DA:197,2
DA:198,2
DA:199,2
DA:200,2
DA:207,2
DA:208,0
DA:210,4
DA:211,2
DA:212,0
DA:217,2
DA:218,2
DA:220,2
DA:223,2
DA:224,2
DA:227,4
DA:233,2
DA:234,2
DA:235,2
DA:242,2
DA:243,2
DA:244,4
DA:246,2
DA:247,2
DA:250,2
DA:252,2
DA:260,2
DA:261,4
DA:262,3
DA:265,1
DA:266,1
DA:267,1
DA:269,0
DA:272,2
DA:273,2
DA:274,2
DA:276,2
DA:278,2
DA:285,2
DA:286,2
DA:287,2
DA:289,2
DA:290,4
DA:291,3
DA:293,4
DA:294,3
DA:296,4
DA:297,6
DA:301,2
DA:313,2
DA:314,1
DA:315,1
DA:321,1
DA:323,0
DA:327,0
DA:329,0
DA:330,0
DA:331,0
DA:332,0
DA:333,0
DA:334,0
DA:338,2
DA:339,2
DA:341,2
DA:342,2
DA:343,2
DA:344,1
DA:352,2
DA:353,1
DA:361,2
DA:362,1
DA:370,2
DA:371,1
DA:382,2
DA:383,2
DA:384,2
DA:385,2
DA:386,1
DA:395,2
DA:399,1
DA:410,2
DA:412,2
DA:424,2
DA:425,2
DA:426,2
DA:427,2
DA:428,2
DA:430,2
DA:431,4
DA:432,4
DA:433,3
DA:439,4
DA:440,1
DA:446,4
DA:447,4
DA:448,0
DA:454,4
DA:455,4
DA:459,2
DA:465,4
DA:466,4
DA:470,4
DA:471,9
DA:472,5
DA:479,4
DA:480,4
DA:484,4
DA:485,3
DA:489,0
DA:496,4
DA:497,3
DA:505,2
DA:514,2
DA:515,2
DA:521,2
DA:528,2
DA:534,2
DA:535,1
DA:546,2
DA:547,1
DA:555,2
DA:561,2
DA:562,2
LF:150
LH:130
BRDA:110,0,0,3
BRDA:110,0,1,5
BRDA:115,1,0,6
BRDA:115,1,1,0
BRDA:115,2,0,6
BRDA:115,2,1,6
BRDA:118,3,0,0
BRDA:118,3,1,0
BRDA:134,4,0,0
BRDA:134,4,1,2
BRDA:139,5,0,2
BRDA:139,5,1,2
BRDA:140,6,0,2
BRDA:140,6,1,2
BRDA:143,7,0,2
BRDA:143,7,1,0
BRDA:147,8,0,0
BRDA:147,8,1,0
BRDA:158,9,0,1
BRDA:158,9,1,0
BRDA:158,10,0,1
BRDA:158,10,1,1
BRDA:177,11,0,0
BRDA:177,11,1,1
BRDA:195,12,0,1
BRDA:197,13,0,2
BRDA:197,13,1,1
BRDA:198,14,0,2
BRDA:198,14,1,1
BRDA:199,15,0,2
BRDA:199,15,1,2
BRDA:200,16,0,2
BRDA:200,16,1,2
BRDA:207,17,0,0
BRDA:207,17,1,2
BRDA:211,18,0,0
BRDA:211,18,1,2
BRDA:211,19,0,2
BRDA:211,19,1,2
BRDA:220,20,0,1
BRDA:220,20,1,1
BRDA:220,21,0,2
BRDA:220,21,1,1
BRDA:246,22,0,2
BRDA:246,22,1,0
BRDA:261,23,0,3
BRDA:261,23,1,1
BRDA:266,24,0,1
BRDA:266,24,1,0
BRDA:287,25,0,2
BRDA:287,25,1,1
BRDA:290,26,0,3
BRDA:290,26,1,1
BRDA:293,27,0,3
BRDA:293,27,1,1
BRDA:296,28,0,4
BRDA:296,28,1,1
BRDA:313,29,0,1
BRDA:313,29,1,1
BRDA:314,30,0,0
BRDA:314,30,1,1
BRDA:315,31,0,1
BRDA:315,31,1,0
BRDA:323,32,0,0
BRDA:323,32,1,0
BRDA:329,33,0,0
BRDA:329,33,1,0
BRDA:330,34,0,0
BRDA:330,34,1,0
BRDA:331,35,0,0
BRDA:331,35,1,0
BRDA:332,36,0,0
BRDA:332,36,1,0
BRDA:333,37,0,0
BRDA:333,37,1,0
BRDA:341,38,0,2
BRDA:341,38,1,0
BRDA:341,39,0,2
BRDA:341,39,1,2
BRDA:343,40,0,1
BRDA:343,40,1,1
BRDA:352,41,0,1
BRDA:352,41,1,1
BRDA:361,42,0,1
BRDA:361,42,1,1
BRDA:370,43,0,1
BRDA:370,43,1,1
BRDA:370,44,0,2
BRDA:370,44,1,2
BRDA:382,45,0,2
BRDA:382,45,1,0
BRDA:382,46,0,2
BRDA:382,46,1,2
BRDA:385,47,0,1
BRDA:385,47,1,1
BRDA:385,48,0,2
BRDA:385,48,1,2
BRDA:395,49,0,1
BRDA:395,49,1,1
BRDA:396,50,0,2
BRDA:396,50,1,1
BRDA:426,51,0,2
BRDA:426,51,1,0
BRDA:427,52,0,2
BRDA:427,52,1,0
BRDA:432,53,0,3
BRDA:432,53,1,1
BRDA:439,54,0,1
BRDA:439,54,1,3
BRDA:447,55,0,0
BRDA:447,55,1,4
BRDA:455,56,0,2
BRDA:455,56,1,2
BRDA:465,57,0,4
BRDA:465,57,1,1
BRDA:471,58,0,5
BRDA:471,58,1,4
BRDA:479,59,0,4
BRDA:479,59,1,1
BRDA:485,60,0,0
BRDA:485,60,1,3
BRDA:496,61,0,3
BRDA:496,61,1,1
BRDA:534,62,0,1
BRDA:534,62,1,1
BRDA:546,63,0,1
BRDA:546,63,1,1
BRF:127
BRH:94
end_of_record
