<?xml version="1.0" encoding="UTF-8"?>
<coverage generated="1755148656480" clover="3.2.0">
  <project timestamp="1755148656480" name="All files">
    <metrics statements="3777" coveredstatements="2634" conditionals="1931" coveredconditionals="1091" methods="901" coveredmethods="571" elements="6609" coveredelements="4296" complexity="0" loc="3777" ncloc="3777" packages="1" files="11" classes="11"/>
    <file name="AdvancedAnalyticsService.js" path="/Users/brianlong/Documents/GitHub/intelgraph/server/src/services/AdvancedAnalyticsService.js">
      <metrics statements="542" coveredstatements="266" conditionals="260" coveredconditionals="98" methods="113" coveredmethods="59"/>
      <line num="6" count="1" type="stmt"/>
      <line num="7" count="1" type="stmt"/>
      <line num="11" count="27" type="stmt"/>
      <line num="12" count="27" type="stmt"/>
      <line num="13" count="27" type="stmt"/>
      <line num="14" count="27" type="stmt"/>
      <line num="15" count="27" type="stmt"/>
      <line num="17" count="27" type="stmt"/>
      <line num="18" count="27" type="stmt"/>
      <line num="19" count="27" type="stmt"/>
      <line num="20" count="27" type="stmt"/>
      <line num="21" count="27" type="stmt"/>
      <line num="23" count="27" type="stmt"/>
      <line num="33" count="27" type="stmt"/>
      <line num="34" count="27" type="stmt"/>
      <line num="35" count="27" type="stmt"/>
      <line num="39" count="27" type="stmt"/>
      <line num="54" count="27" type="stmt"/>
      <line num="69" count="27" type="stmt"/>
      <line num="84" count="27" type="stmt"/>
      <line num="99" count="27" type="stmt"/>
      <line num="114" count="27" type="stmt"/>
      <line num="131" count="27" type="stmt"/>
      <line num="144" count="27" type="stmt"/>
      <line num="157" count="27" type="stmt"/>
      <line num="170" count="27" type="stmt"/>
      <line num="185" count="27" type="stmt"/>
      <line num="186" count="0" type="stmt"/>
      <line num="187" count="0" type="stmt"/>
      <line num="188" count="0" type="stmt"/>
      <line num="193" count="0" type="stmt"/>
      <line num="194" count="0" type="cond" truecount="0" falsecount="2"/>
      <line num="197" count="0" type="stmt"/>
      <line num="198" count="0" type="cond" truecount="0" falsecount="2"/>
      <line num="199" count="0" type="stmt"/>
      <line num="200" count="0" type="stmt"/>
      <line num="201" count="0" type="stmt"/>
      <line num="202" count="0" type="stmt"/>
      <line num="204" count="0" type="stmt"/>
      <line num="205" count="0" type="stmt"/>
      <line num="206" count="0" type="stmt"/>
      <line num="207" count="0" type="stmt"/>
      <line num="208" count="0" type="stmt"/>
      <line num="210" count="0" type="stmt"/>
      <line num="211" count="0" type="stmt"/>
      <line num="212" count="0" type="stmt"/>
      <line num="214" count="0" type="stmt"/>
      <line num="215" count="0" type="stmt"/>
      <line num="216" count="0" type="stmt"/>
      <line num="217" count="0" type="stmt"/>
      <line num="218" count="0" type="stmt"/>
      <line num="219" count="0" type="stmt"/>
      <line num="226" count="0" type="cond" truecount="0" falsecount="9"/>
      <line num="228" count="0" type="stmt"/>
      <line num="230" count="0" type="stmt"/>
      <line num="232" count="0" type="stmt"/>
      <line num="234" count="0" type="stmt"/>
      <line num="236" count="0" type="stmt"/>
      <line num="238" count="0" type="stmt"/>
      <line num="240" count="0" type="stmt"/>
      <line num="242" count="0" type="stmt"/>
      <line num="244" count="0" type="stmt"/>
      <line num="254" count="0" type="stmt"/>
      <line num="257" count="0" type="stmt"/>
      <line num="258" count="0" type="stmt"/>
      <line num="259" count="0" type="stmt"/>
      <line num="264" count="0" type="stmt"/>
      <line num="266" count="0" type="stmt"/>
      <line num="267" count="0" type="stmt"/>
      <line num="269" count="0" type="stmt"/>
      <line num="270" count="0" type="stmt"/>
      <line num="271" count="0" type="stmt"/>
      <line num="272" count="0" type="stmt"/>
      <line num="274" count="0" type="cond" truecount="0" falsecount="2"/>
      <line num="275" count="0" type="stmt"/>
      <line num="277" count="0" type="cond" truecount="0" falsecount="2"/>
      <line num="278" count="0" type="stmt"/>
      <line num="281" count="0" type="stmt"/>
      <line num="290" count="0" type="stmt"/>
      <line num="291" count="0" type="stmt"/>
      <line num="293" count="0" type="stmt"/>
      <line num="294" count="0" type="stmt"/>
      <line num="295" count="0" type="stmt"/>
      <line num="296" count="0" type="stmt"/>
      <line num="299" count="0" type="stmt"/>
      <line num="301" count="0" type="cond" truecount="0" falsecount="4"/>
      <line num="305" count="0" type="cond" truecount="0" falsecount="2"/>
      <line num="306" count="0" type="stmt"/>
      <line num="312" count="0" type="stmt"/>
      <line num="314" count="0" type="cond" truecount="0" falsecount="2"/>
      <line num="315" count="0" type="stmt"/>
      <line num="329" count="0" type="stmt"/>
      <line num="330" count="0" type="stmt"/>
      <line num="332" count="0" type="stmt"/>
      <line num="342" count="0" type="stmt"/>
      <line num="348" count="1" type="stmt"/>
      <line num="349" count="2" type="cond" truecount="2" falsecount="0"/>
      <line num="350" count="1" type="cond" truecount="1" falsecount="1"/>
      <line num="351" count="1" type="stmt"/>
      <line num="352" count="2" type="cond" truecount="2" falsecount="0"/>
      <line num="353" count="1" type="cond" truecount="1" falsecount="1"/>
      <line num="355" count="1" type="stmt"/>
      <line num="358" count="1" type="stmt"/>
      <line num="359" count="1" type="stmt"/>
      <line num="362" count="1" type="stmt"/>
      <line num="363" count="1" type="stmt"/>
      <line num="366" count="1" type="stmt"/>
      <line num="368" count="1" type="stmt"/>
      <line num="380" count="1" type="stmt"/>
      <line num="389" count="1" type="stmt"/>
      <line num="390" count="1" type="stmt"/>
      <line num="391" count="6" type="cond" truecount="1" falsecount="1"/>
      <line num="392" count="6" type="cond" truecount="1" falsecount="1"/>
      <line num="397" count="1" type="stmt"/>
      <line num="405" count="0" type="stmt"/>
      <line num="407" count="0" type="stmt"/>
      <line num="408" count="0" type="stmt"/>
      <line num="409" count="0" type="stmt"/>
      <line num="416" count="0" type="stmt"/>
      <line num="420" count="0" type="stmt"/>
      <line num="422" count="0" type="stmt"/>
      <line num="423" count="0" type="stmt"/>
      <line num="424" count="0" type="stmt"/>
      <line num="425" count="0" type="stmt"/>
      <line num="430" count="0" type="stmt"/>
      <line num="441" count="0" type="stmt"/>
      <line num="450" count="0" type="stmt"/>
      <line num="455" count="1" type="stmt"/>
      <line num="488" count="1" type="stmt"/>
      <line num="492" count="1" type="stmt"/>
      <line num="495" count="1" type="stmt"/>
      <line num="496" count="1" type="cond" truecount="1" falsecount="1"/>
      <line num="497" count="1" type="cond" truecount="1" falsecount="1"/>
      <line num="501" count="1" type="stmt"/>
      <line num="502" count="1" type="cond" truecount="1" falsecount="1"/>
      <line num="505" count="1" type="stmt"/>
      <line num="506" count="1" type="cond" truecount="1" falsecount="1"/>
      <line num="507" count="1" type="cond" truecount="1" falsecount="1"/>
      <line num="508" count="0" type="stmt"/>
      <line num="509" count="1" type="cond" truecount="1" falsecount="1"/>
      <line num="512" count="1" type="stmt"/>
      <line num="513" count="1" type="cond" truecount="1" falsecount="1"/>
      <line num="514" count="1" type="cond" truecount="1" falsecount="1"/>
      <line num="517" count="1" type="stmt"/>
      <line num="518" count="1" type="cond" truecount="1" falsecount="1"/>
      <line num="519" count="1" type="cond" truecount="1" falsecount="1"/>
      <line num="520" count="1" type="cond" truecount="1" falsecount="1"/>
      <line num="523" count="1" type="stmt"/>
      <line num="524" count="4" type="stmt"/>
      <line num="525" count="1" type="stmt"/>
      <line num="527" count="1" type="stmt"/>
      <line num="528" count="1" type="stmt"/>
      <line num="530" count="1" type="stmt"/>
      <line num="536" count="1" type="stmt"/>
      <line num="546" count="0" type="stmt"/>
      <line num="548" count="0" type="stmt"/>
      <line num="549" count="0" type="stmt"/>
      <line num="551" count="0" type="stmt"/>
      <line num="560" count="0" type="stmt"/>
      <line num="564" count="0" type="stmt"/>
      <line num="566" count="0" type="stmt"/>
      <line num="568" count="0" type="stmt"/>
      <line num="569" count="0" type="stmt"/>
      <line num="573" count="0" type="stmt"/>
      <line num="578" count="0" type="stmt"/>
      <line num="587" count="0" type="stmt"/>
      <line num="597" count="0" type="stmt"/>
      <line num="602" count="0" type="stmt"/>
      <line num="604" count="0" type="stmt"/>
      <line num="605" count="0" type="stmt"/>
      <line num="606" count="0" type="cond" truecount="0" falsecount="4"/>
      <line num="607" count="0" type="stmt"/>
      <line num="616" count="0" type="stmt"/>
      <line num="620" count="1" type="stmt"/>
      <line num="621" count="3" type="stmt"/>
      <line num="624" count="1" type="cond" truecount="1" falsecount="1"/>
      <line num="625" count="0" type="stmt"/>
      <line num="629" count="1" type="stmt"/>
      <line num="630" count="2" type="stmt"/>
      <line num="633" count="1" type="stmt"/>
      <line num="635" count="2" type="stmt"/>
      <line num="637" count="1" type="stmt"/>
      <line num="648" count="1" type="cond" truecount="1" falsecount="1"/>
      <line num="649" count="0" type="stmt"/>
      <line num="656" count="1" type="stmt"/>
      <line num="659" count="1" type="cond" truecount="1" falsecount="1"/>
      <line num="660" count="1" type="stmt"/>
      <line num="661" count="0" type="cond" truecount="0" falsecount="2"/>
      <line num="662" count="0" type="stmt"/>
      <line num="666" count="1" type="cond" truecount="1" falsecount="1"/>
      <line num="667" count="0" type="stmt"/>
      <line num="670" count="1" type="stmt"/>
      <line num="671" count="1" type="stmt"/>
      <line num="676" count="1" type="stmt"/>
      <line num="677" count="1" type="cond" truecount="1" falsecount="1"/>
      <line num="678" count="1" type="stmt"/>
      <line num="679" count="1" type="cond" truecount="1" falsecount="1"/>
      <line num="680" count="0" type="stmt"/>
      <line num="681" count="1" type="stmt"/>
      <line num="685" count="1" type="stmt"/>
      <line num="699" count="0" type="stmt"/>
      <line num="701" count="0" type="stmt"/>
      <line num="702" count="0" type="stmt"/>
      <line num="703" count="0" type="stmt"/>
      <line num="705" count="0" type="stmt"/>
      <line num="706" count="0" type="stmt"/>
      <line num="712" count="0" type="stmt"/>
      <line num="716" count="0" type="cond" truecount="0" falsecount="2"/>
      <line num="718" count="0" type="stmt"/>
      <line num="719" count="0" type="stmt"/>
      <line num="720" count="0" type="stmt"/>
      <line num="721" count="0" type="stmt"/>
      <line num="723" count="0" type="stmt"/>
      <line num="729" count="0" type="stmt"/>
      <line num="732" count="0" type="stmt"/>
      <line num="735" count="0" type="stmt"/>
      <line num="741" count="0" type="stmt"/>
      <line num="751" count="1" type="stmt"/>
      <line num="753" count="1" type="cond" truecount="1" falsecount="1"/>
      <line num="754" count="1" type="stmt"/>
      <line num="757" count="1" type="cond" truecount="1" falsecount="1"/>
      <line num="758" count="1" type="stmt"/>
      <line num="759" count="1" type="stmt"/>
      <line num="762" count="1" type="cond" truecount="1" falsecount="1"/>
      <line num="763" count="1" type="stmt"/>
      <line num="767" count="1" type="stmt"/>
      <line num="770" count="1" type="cond" truecount="1" falsecount="1"/>
      <line num="771" count="0" type="stmt"/>
      <line num="772" count="0" type="stmt"/>
      <line num="776" count="1" type="stmt"/>
      <line num="783" count="1" type="stmt"/>
      <line num="784" count="1" type="stmt"/>
      <line num="785" count="3" type="cond" truecount="1" falsecount="1"/>
      <line num="786" count="3" type="stmt"/>
      <line num="790" count="1" type="stmt"/>
      <line num="792" count="1" type="stmt"/>
      <line num="812" count="0" type="stmt"/>
      <line num="814" count="0" type="stmt"/>
      <line num="815" count="0" type="stmt"/>
      <line num="817" count="0" type="stmt"/>
      <line num="823" count="0" type="stmt"/>
      <line num="824" count="0" type="stmt"/>
      <line num="830" count="0" type="stmt"/>
      <line num="838" count="0" type="stmt"/>
      <line num="843" count="0" type="stmt"/>
      <line num="845" count="0" type="stmt"/>
      <line num="857" count="0" type="stmt"/>
      <line num="863" count="0" type="stmt"/>
      <line num="864" count="0" type="stmt"/>
      <line num="865" count="0" type="stmt"/>
      <line num="870" count="0" type="cond" truecount="0" falsecount="4"/>
      <line num="872" count="0" type="stmt"/>
      <line num="873" count="0" type="stmt"/>
      <line num="875" count="0" type="stmt"/>
      <line num="876" count="0" type="stmt"/>
      <line num="878" count="0" type="stmt"/>
      <line num="879" count="0" type="stmt"/>
      <line num="881" count="0" type="stmt"/>
      <line num="885" count="0" type="stmt"/>
      <line num="886" count="0" type="stmt"/>
      <line num="892" count="0" type="stmt"/>
      <line num="893" count="0" type="stmt"/>
      <line num="895" count="0" type="stmt"/>
      <line num="896" count="0" type="cond" truecount="0" falsecount="2"/>
      <line num="897" count="0" type="stmt"/>
      <line num="903" count="0" type="cond" truecount="0" falsecount="2"/>
      <line num="904" count="0" type="stmt"/>
      <line num="914" count="0" type="stmt"/>
      <line num="918" count="0" type="stmt"/>
      <line num="919" count="0" type="stmt"/>
      <line num="920" count="0" type="stmt"/>
      <line num="922" count="0" type="stmt"/>
      <line num="923" count="0" type="stmt"/>
      <line num="924" count="0" type="cond" truecount="0" falsecount="2"/>
      <line num="926" count="0" type="stmt"/>
      <line num="927" count="0" type="cond" truecount="0" falsecount="4"/>
      <line num="928" count="0" type="stmt"/>
      <line num="929" count="0" type="stmt"/>
      <line num="930" count="0" type="stmt"/>
      <line num="935" count="0" type="stmt"/>
      <line num="939" count="0" type="stmt"/>
      <line num="940" count="0" type="stmt"/>
      <line num="942" count="0" type="stmt"/>
      <line num="943" count="0" type="stmt"/>
      <line num="944" count="0" type="stmt"/>
      <line num="950" count="0" type="cond" truecount="0" falsecount="2"/>
      <line num="951" count="0" type="stmt"/>
      <line num="958" count="0" type="stmt"/>
      <line num="963" count="0" type="stmt"/>
      <line num="968" count="0" type="stmt"/>
      <line num="969" count="0" type="stmt"/>
      <line num="970" count="0" type="cond" truecount="0" falsecount="5"/>
      <line num="972" count="0" type="stmt"/>
      <line num="978" count="0" type="stmt"/>
      <line num="984" count="0" type="stmt"/>
      <line num="990" count="0" type="stmt"/>
      <line num="996" count="0" type="stmt"/>
      <line num="999" count="0" type="stmt"/>
      <line num="1004" count="0" type="stmt"/>
      <line num="1010" count="0" type="stmt"/>
      <line num="1011" count="0" type="stmt"/>
      <line num="1013" count="0" type="stmt"/>
      <line num="1014" count="0" type="stmt"/>
      <line num="1016" count="0" type="stmt"/>
      <line num="1017" count="0" type="stmt"/>
      <line num="1018" count="0" type="stmt"/>
      <line num="1022" count="0" type="stmt"/>
      <line num="1023" count="0" type="stmt"/>
      <line num="1024" count="0" type="stmt"/>
      <line num="1027" count="0" type="stmt"/>
      <line num="1028" count="0" type="cond" truecount="0" falsecount="2"/>
      <line num="1030" count="0" type="stmt"/>
      <line num="1042" count="0" type="stmt"/>
      <line num="1048" count="3" type="stmt"/>
      <line num="1049" count="3" type="stmt"/>
      <line num="1050" count="6" type="cond" truecount="2" falsecount="0"/>
      <line num="1051" count="6" type="cond" truecount="2" falsecount="0"/>
      <line num="1052" count="6" type="stmt"/>
      <line num="1053" count="6" type="stmt"/>
      <line num="1056" count="3" type="stmt"/>
      <line num="1057" count="3" type="stmt"/>
      <line num="1059" count="3" type="stmt"/>
      <line num="1060" count="9" type="stmt"/>
      <line num="1062" count="9" type="cond" truecount="2" falsecount="0"/>
      <line num="1063" count="2" type="stmt"/>
      <line num="1066" count="7" type="cond" truecount="1" falsecount="1"/>
      <line num="1067" count="7" type="stmt"/>
      <line num="1068" count="10" type="cond" truecount="2" falsecount="0"/>
      <line num="1069" count="6" type="stmt"/>
      <line num="1070" count="6" type="stmt"/>
      <line num="1075" count="1" type="stmt"/>
      <line num="1080" count="0" type="stmt"/>
      <line num="1081" count="0" type="stmt"/>
      <line num="1087" count="8" type="stmt"/>
      <line num="1097" count="8" type="stmt"/>
      <line num="1098" count="8" type="stmt"/>
      <line num="1100" count="8" type="stmt"/>
      <line num="1101" count="8" type="stmt"/>
      <line num="1105" count="1" type="stmt"/>
      <line num="1109" count="5" type="stmt"/>
      <line num="1110" count="2" type="cond" truecount="1" falsecount="1"/>
      <line num="1116" count="4" type="cond" truecount="2" falsecount="0"/>
      <line num="1123" count="4" type="stmt"/>
      <line num="1131" count="12" type="stmt"/>
      <line num="1138" count="2" type="stmt"/>
      <line num="1139" count="8" type="stmt"/>
      <line num="1148" count="0" type="stmt"/>
      <line num="1149" count="0" type="cond" truecount="0" falsecount="2"/>
      <line num="1150" count="0" type="stmt"/>
      <line num="1151" count="0" type="cond" truecount="0" falsecount="2"/>
      <line num="1152" count="0" type="stmt"/>
      <line num="1153" count="0" type="cond" truecount="0" falsecount="2"/>
      <line num="1154" count="0" type="stmt"/>
      <line num="1155" count="0" type="stmt"/>
      <line num="1159" count="0" type="stmt"/>
      <line num="1169" count="1" type="cond" truecount="1" falsecount="4"/>
      <line num="1171" count="1" type="cond" truecount="1" falsecount="1"/>
      <line num="1175" count="0" type="stmt"/>
      <line num="1177" count="0" type="stmt"/>
      <line num="1179" count="0" type="stmt"/>
      <line num="1181" count="0" type="stmt"/>
      <line num="1186" count="0" type="stmt"/>
      <line num="1187" count="0" type="stmt"/>
      <line num="1188" count="0" type="stmt"/>
      <line num="1192" count="0" type="stmt"/>
      <line num="1194" count="0" type="stmt"/>
      <line num="1200" count="7" type="cond" truecount="3" falsecount="1"/>
      <line num="1201" count="7" type="cond" truecount="2" falsecount="0"/>
      <line num="1203" count="3" type="stmt"/>
      <line num="1209" count="3" type="cond" truecount="2" falsecount="0"/>
      <line num="1213" count="1" type="cond" truecount="1" falsecount="1"/>
      <line num="1215" count="1" type="stmt"/>
      <line num="1216" count="1" type="stmt"/>
      <line num="1217" count="1" type="stmt"/>
      <line num="1218" count="1" type="stmt"/>
      <line num="1220" count="1" type="stmt"/>
      <line num="1221" count="1" type="stmt"/>
      <line num="1225" count="2" type="stmt"/>
      <line num="1226" count="2" type="stmt"/>
      <line num="1228" count="2" type="stmt"/>
      <line num="1229" count="6" type="cond" truecount="2" falsecount="0"/>
      <line num="1232" count="2" type="stmt"/>
      <line num="1235" count="1" type="stmt"/>
      <line num="1239" count="1" type="cond" truecount="1" falsecount="1"/>
      <line num="1241" count="1" type="stmt"/>
      <line num="1242" count="1" type="stmt"/>
      <line num="1244" count="1" type="stmt"/>
      <line num="1245" count="1" type="cond" truecount="1" falsecount="1"/>
      <line num="1246" count="1" type="cond" truecount="1" falsecount="1"/>
      <line num="1249" count="1" type="cond" truecount="1" falsecount="1"/>
      <line num="1250" count="1" type="cond" truecount="1" falsecount="1"/>
      <line num="1251" count="0" type="stmt"/>
      <line num="1255" count="1" type="cond" truecount="1" falsecount="1"/>
      <line num="1256" count="2" type="stmt"/>
      <line num="1257" count="1" type="stmt"/>
      <line num="1258" count="2" type="stmt"/>
      <line num="1265" count="1" type="cond" truecount="1" falsecount="1"/>
      <line num="1268" count="0" type="cond" truecount="0" falsecount="2"/>
      <line num="1269" count="0" type="stmt"/>
      <line num="1270" count="0" type="cond" truecount="0" falsecount="2"/>
      <line num="1271" count="0" type="stmt"/>
      <line num="1275" count="0" type="stmt"/>
      <line num="1279" count="0" type="cond" truecount="0" falsecount="2"/>
      <line num="1281" count="0" type="stmt"/>
      <line num="1282" count="0" type="stmt"/>
      <line num="1284" count="0" type="stmt"/>
      <line num="1285" count="0" type="stmt"/>
      <line num="1287" count="0" type="stmt"/>
      <line num="1288" count="0" type="stmt"/>
      <line num="1291" count="0" type="stmt"/>
      <line num="1292" count="0" type="stmt"/>
      <line num="1295" count="0" type="cond" truecount="0" falsecount="2"/>
      <line num="1299" count="1" type="stmt"/>
      <line num="1300" count="1" type="stmt"/>
      <line num="1302" count="1" type="stmt"/>
      <line num="1303" count="5" type="stmt"/>
      <line num="1304" count="5" type="stmt"/>
      <line num="1305" count="5" type="stmt"/>
      <line num="1308" count="1" type="stmt"/>
      <line num="1312" count="1" type="stmt"/>
      <line num="1313" count="1" type="stmt"/>
      <line num="1314" count="1" type="cond" truecount="1" falsecount="1"/>
      <line num="1315" count="1" type="stmt"/>
      <line num="1316" count="1" type="stmt"/>
      <line num="1317" count="1" type="stmt"/>
      <line num="1320" count="1" type="stmt"/>
      <line num="1325" count="1" type="stmt"/>
      <line num="1330" count="1" type="stmt"/>
      <line num="1332" count="1" type="stmt"/>
      <line num="1333" count="1" type="cond" truecount="1" falsecount="1"/>
      <line num="1337" count="1" type="stmt"/>
      <line num="1341" count="1" type="stmt"/>
      <line num="1345" count="0" type="stmt"/>
      <line num="1346" count="0" type="stmt"/>
      <line num="1348" count="0" type="stmt"/>
      <line num="1349" count="0" type="stmt"/>
      <line num="1350" count="0" type="cond" truecount="0" falsecount="2"/>
      <line num="1351" count="0" type="stmt"/>
      <line num="1354" count="0" type="stmt"/>
      <line num="1358" count="1" type="cond" truecount="1" falsecount="1"/>
      <line num="1359" count="1" type="cond" truecount="1" falsecount="1"/>
      <line num="1360" count="1" type="cond" truecount="1" falsecount="1"/>
      <line num="1361" count="1" type="cond" truecount="1" falsecount="1"/>
      <line num="1362" count="1" type="stmt"/>
      <line num="1366" count="1" type="stmt"/>
      <line num="1368" count="1" type="cond" truecount="1" falsecount="1"/>
      <line num="1369" count="0" type="stmt"/>
      <line num="1370" count="0" type="stmt"/>
      <line num="1373" count="1" type="cond" truecount="1" falsecount="1"/>
      <line num="1374" count="0" type="stmt"/>
      <line num="1377" count="1" type="cond" truecount="1" falsecount="1"/>
      <line num="1378" count="0" type="stmt"/>
      <line num="1381" count="1" type="stmt"/>
      <line num="1385" count="1" type="stmt"/>
      <line num="1387" count="1" type="stmt"/>
      <line num="1388" count="2" type="cond" truecount="2" falsecount="0"/>
      <line num="1389" count="2" type="cond" truecount="1" falsecount="1"/>
      <line num="1391" count="2" type="stmt"/>
      <line num="1392" count="2" type="stmt"/>
      <line num="1395" count="1" type="stmt"/>
      <line num="1400" count="0" type="stmt"/>
      <line num="1405" count="0" type="stmt"/>
      <line num="1409" count="1" type="stmt"/>
      <line num="1410" count="1" type="stmt"/>
      <line num="1412" count="1" type="stmt"/>
      <line num="1413" count="3" type="cond" truecount="1" falsecount="1"/>
      <line num="1414" count="3" type="stmt"/>
      <line num="1415" count="4" type="stmt"/>
      <line num="1419" count="1" type="cond" truecount="1" falsecount="1"/>
      <line num="1423" count="0" type="stmt"/>
      <line num="1432" count="0" type="stmt"/>
      <line num="1446" count="0" type="stmt"/>
      <line num="1450" count="0" type="stmt"/>
      <line num="1459" count="1" type="stmt"/>
      <line num="1460" count="1" type="cond" truecount="1" falsecount="1"/>
      <line num="1463" count="1" type="stmt"/>
      <line num="1464" count="1" type="stmt"/>
      <line num="1465" count="2000" type="stmt"/>
      <line num="1466" count="2000" type="stmt"/>
      <line num="1470" count="1" type="stmt"/>
      <line num="1471" count="1" type="stmt"/>
      <line num="1473" count="1" type="stmt"/>
      <line num="1474" count="1000" type="stmt"/>
      <line num="1475" count="2000" type="stmt"/>
      <line num="1476" count="1000" type="stmt"/>
      <line num="1483" count="1" type="stmt"/>
      <line num="1484" count="1" type="stmt"/>
      <line num="1485" count="1" type="stmt"/>
      <line num="1487" count="1" type="stmt"/>
      <line num="1489" count="10" type="stmt"/>
      <line num="1490" count="10000" type="stmt"/>
      <line num="1491" count="10000" type="stmt"/>
      <line num="1492" count="10000" type="stmt"/>
      <line num="1493" count="10000" type="stmt"/>
      <line num="1495" count="10000" type="stmt"/>
      <line num="1496" count="4995000" type="stmt"/>
      <line num="1497" count="4995000" type="stmt"/>
      <line num="1498" count="4995000" type="stmt"/>
      <line num="1499" count="4995000" type="stmt"/>
      <line num="1500" count="4995000" type="stmt"/>
      <line num="1501" count="4995000" type="stmt"/>
      <line num="1502" count="4995000" type="stmt"/>
      <line num="1503" count="4995000" type="stmt"/>
      <line num="1504" count="4995000" type="stmt"/>
      <line num="1505" count="4995000" type="stmt"/>
      <line num="1506" count="4995000" type="stmt"/>
      <line num="1507" count="4995000" type="stmt"/>
      <line num="1508" count="4995000" type="stmt"/>
      <line num="1511" count="10000" type="stmt"/>
      <line num="1512" count="10000" type="stmt"/>
      <line num="1516" count="10" type="stmt"/>
      <line num="1517" count="20000" type="stmt"/>
      <line num="1518" count="20000" type="stmt"/>
      <line num="1519" count="20000" type="cond" truecount="3" falsecount="1"/>
      <line num="1520" count="20000" type="stmt"/>
      <line num="1521" count="20000" type="stmt"/>
      <line num="1522" count="20000" type="stmt"/>
      <line num="1523" count="20000" type="stmt"/>
      <line num="1524" count="20000" type="stmt"/>
      <line num="1525" count="20000" type="stmt"/>
      <line num="1529" count="1" type="stmt"/>
      <line num="1534" count="0" type="stmt"/>
      <line num="1535" count="0" type="stmt"/>
      <line num="1537" count="0" type="stmt"/>
      <line num="1538" count="0" type="stmt"/>
      <line num="1539" count="0" type="stmt"/>
      <line num="1543" count="0" type="stmt"/>
      <line num="1544" count="0" type="stmt"/>
      <line num="1545" count="0" type="stmt"/>
      <line num="1546" count="0" type="stmt"/>
      <line num="1548" count="0" type="cond" truecount="0" falsecount="2"/>
      <line num="1549" count="0" type="stmt"/>
      <line num="1553" count="0" type="stmt"/>
      <line num="1558" count="0" type="stmt"/>
      <line num="1563" count="0" type="stmt"/>
      <line num="1568" count="0" type="stmt"/>
      <line num="1573" count="0" type="stmt"/>
      <line num="1574" count="0" type="stmt"/>
      <line num="1576" count="0" type="stmt"/>
      <line num="1577" count="0" type="cond" truecount="0" falsecount="2"/>
      <line num="1578" count="0" type="stmt"/>
      <line num="1584" count="1" type="stmt"/>
    </file>
    <file name="CopilotOrchestrationService.js" path="/Users/brianlong/Documents/GitHub/intelgraph/server/src/services/CopilotOrchestrationService.js">
      <metrics statements="297" coveredstatements="246" conditionals="106" coveredconditionals="65" methods="63" coveredmethods="50"/>
      <line num="7" count="1" type="stmt"/>
      <line num="8" count="1" type="stmt"/>
      <line num="17" count="37" type="stmt"/>
      <line num="18" count="37" type="stmt"/>
      <line num="19" count="37" type="stmt"/>
      <line num="20" count="37" type="stmt"/>
      <line num="21" count="37" type="stmt"/>
      <line num="24" count="37" type="stmt"/>
      <line num="25" count="37" type="stmt"/>
      <line num="26" count="37" type="stmt"/>
      <line num="29" count="37" type="stmt"/>
      <line num="30" count="37" type="stmt"/>
      <line num="33" count="37" type="stmt"/>
      <line num="42" count="37" type="stmt"/>
      <line num="43" count="37" type="stmt"/>
      <line num="51" count="37" type="stmt"/>
      <line num="65" count="37" type="stmt"/>
      <line num="78" count="37" type="stmt"/>
      <line num="91" count="37" type="stmt"/>
      <line num="104" count="37" type="stmt"/>
      <line num="117" count="37" type="stmt"/>
      <line num="130" count="37" type="stmt"/>
      <line num="140" count="37" type="stmt"/>
      <line num="162" count="37" type="stmt"/>
      <line num="178" count="37" type="stmt"/>
      <line num="187" count="37" type="stmt"/>
      <line num="194" count="5" type="stmt"/>
      <line num="195" count="5" type="stmt"/>
      <line num="211" count="5" type="stmt"/>
      <line num="212" count="5" type="stmt"/>
      <line num="214" count="5" type="stmt"/>
      <line num="215" count="5" type="stmt"/>
      <line num="218" count="5" type="stmt"/>
      <line num="219" count="5" type="stmt"/>
      <line num="220" count="5" type="stmt"/>
      <line num="223" count="5" type="stmt"/>
      <line num="227" count="5" type="stmt"/>
      <line num="228" count="5" type="stmt"/>
      <line num="230" count="5" type="stmt"/>
      <line num="233" count="5" type="stmt"/>
      <line num="234" count="4" type="stmt"/>
      <line num="235" count="4" type="stmt"/>
      <line num="236" count="4" type="stmt"/>
      <line num="238" count="4" type="stmt"/>
      <line num="239" count="4" type="stmt"/>
      <line num="242" count="4" type="stmt"/>
      <line num="243" count="4" type="stmt"/>
      <line num="249" count="4" type="stmt"/>
      <line num="251" count="1" type="stmt"/>
      <line num="255" count="1" type="stmt"/>
      <line num="256" count="1" type="stmt"/>
      <line num="257" count="1" type="stmt"/>
      <line num="258" count="1" type="stmt"/>
      <line num="259" count="1" type="stmt"/>
      <line num="267" count="8" type="stmt"/>
      <line num="281" count="8" type="stmt"/>
      <line num="282" count="8" type="stmt"/>
      <line num="285" count="8" type="stmt"/>
      <line num="288" count="8" type="stmt"/>
      <line num="291" count="8" type="stmt"/>
      <line num="294" count="8" type="stmt"/>
      <line num="297" count="8" type="stmt"/>
      <line num="300" count="8" type="stmt"/>
      <line num="303" count="8" type="stmt"/>
      <line num="306" count="8" type="stmt"/>
      <line num="308" count="8" type="stmt"/>
      <line num="316" count="8" type="stmt"/>
      <line num="323" count="9" type="stmt"/>
      <line num="334" count="9" type="stmt"/>
      <line num="335" count="9" type="cond" truecount="2" falsecount="0"/>
      <line num="336" count="1" type="stmt"/>
      <line num="342" count="8" type="stmt"/>
      <line num="343" count="8" type="stmt"/>
      <line num="344" count="8" type="stmt"/>
      <line num="345" count="8" type="stmt"/>
      <line num="346" count="8" type="stmt"/>
      <line num="348" count="8" type="stmt"/>
      <line num="355" count="8" type="stmt"/>
      <line num="362" count="5" type="stmt"/>
      <line num="363" count="5" type="stmt"/>
      <line num="373" count="5" type="stmt"/>
      <line num="375" count="5" type="stmt"/>
      <line num="376" count="5" type="cond" truecount="3" falsecount="1"/>
      <line num="378" count="5" type="stmt"/>
      <line num="381" count="0" type="stmt"/>
      <line num="385" count="4" type="stmt"/>
      <line num="386" count="4" type="stmt"/>
      <line num="387" count="4" type="stmt"/>
      <line num="389" count="4" type="stmt"/>
      <line num="390" count="4" type="stmt"/>
      <line num="392" count="4" type="stmt"/>
      <line num="394" count="1" type="stmt"/>
      <line num="395" count="1" type="stmt"/>
      <line num="402" count="6" type="stmt"/>
      <line num="409" count="6" type="cond" truecount="1" falsecount="1"/>
      <line num="412" count="6" type="stmt"/>
      <line num="425" count="6" type="stmt"/>
      <line num="439" count="6" type="stmt"/>
      <line num="453" count="6" type="stmt"/>
      <line num="465" count="6" type="stmt"/>
      <line num="469" count="1" type="stmt"/>
      <line num="476" count="1" type="stmt"/>
      <line num="477" count="1" type="cond" truecount="1" falsecount="1"/>
      <line num="478" count="0" type="stmt"/>
      <line num="485" count="1" type="stmt"/>
      <line num="500" count="1" type="stmt"/>
      <line num="506" count="2" type="stmt"/>
      <line num="513" count="1" type="stmt"/>
      <line num="519" count="2" type="stmt"/>
      <line num="525" count="1" type="stmt"/>
      <line num="529" count="0" type="stmt"/>
      <line num="536" count="0" type="stmt"/>
      <line num="537" count="0" type="stmt"/>
      <line num="540" count="0" type="stmt"/>
      <line num="547" count="0" type="stmt"/>
      <line num="554" count="0" type="stmt"/>
      <line num="561" count="0" type="stmt"/>
      <line num="568" count="0" type="stmt"/>
      <line num="575" count="0" type="stmt"/>
      <line num="580" count="0" type="stmt"/>
      <line num="584" count="1" type="stmt"/>
      <line num="591" count="1" type="cond" truecount="1" falsecount="1"/>
      <line num="594" count="1" type="stmt"/>
      <line num="609" count="1" type="stmt"/>
      <line num="623" count="1" type="stmt"/>
      <line num="637" count="1" type="stmt"/>
      <line num="654" count="1" type="stmt"/>
      <line num="658" count="0" type="stmt"/>
      <line num="666" count="0" type="cond" truecount="0" falsecount="2"/>
      <line num="667" count="0" type="stmt"/>
      <line num="668" count="0" type="cond" truecount="0" falsecount="2"/>
      <line num="671" count="0" type="stmt"/>
      <line num="686" count="0" type="stmt"/>
      <line num="700" count="0" type="stmt"/>
      <line num="714" count="0" type="stmt"/>
      <line num="718" count="0" type="stmt"/>
      <line num="725" count="0" type="cond" truecount="0" falsecount="2"/>
      <line num="728" count="0" type="stmt"/>
      <line num="743" count="0" type="stmt"/>
      <line num="762" count="0" type="stmt"/>
      <line num="779" count="0" type="stmt"/>
      <line num="785" count="0" type="stmt"/>
      <line num="786" count="0" type="stmt"/>
      <line num="791" count="5" type="stmt"/>
      <line num="792" count="20" type="stmt"/>
      <line num="794" count="5" type="stmt"/>
      <line num="796" count="5" type="stmt"/>
      <line num="797" count="17" type="cond" truecount="2" falsecount="0"/>
      <line num="802" count="1" type="stmt"/>
      <line num="808" count="21" type="stmt"/>
      <line num="809" count="21" type="stmt"/>
      <line num="810" count="21" type="stmt"/>
      <line num="812" count="21" type="stmt"/>
      <line num="813" count="21" type="stmt"/>
      <line num="815" count="21" type="stmt"/>
      <line num="816" count="21" type="stmt"/>
      <line num="818" count="21" type="cond" truecount="4" falsecount="6"/>
      <line num="820" count="10" type="stmt"/>
      <line num="821" count="8" type="stmt"/>
      <line num="823" count="5" type="stmt"/>
      <line num="824" count="5" type="stmt"/>
      <line num="826" count="0" type="stmt"/>
      <line num="827" count="0" type="stmt"/>
      <line num="829" count="0" type="stmt"/>
      <line num="830" count="0" type="stmt"/>
      <line num="832" count="5" type="stmt"/>
      <line num="833" count="5" type="stmt"/>
      <line num="835" count="0" type="stmt"/>
      <line num="836" count="0" type="stmt"/>
      <line num="838" count="0" type="stmt"/>
      <line num="839" count="0" type="stmt"/>
      <line num="841" count="0" type="stmt"/>
      <line num="842" count="0" type="stmt"/>
      <line num="844" count="0" type="stmt"/>
      <line num="845" count="0" type="stmt"/>
      <line num="847" count="1" type="stmt"/>
      <line num="850" count="18" type="stmt"/>
      <line num="851" count="18" type="stmt"/>
      <line num="852" count="18" type="stmt"/>
      <line num="855" count="18" type="stmt"/>
      <line num="857" count="18" type="stmt"/>
      <line num="859" count="3" type="stmt"/>
      <line num="860" count="3" type="stmt"/>
      <line num="861" count="3" type="stmt"/>
      <line num="863" count="3" type="stmt"/>
      <line num="864" count="3" type="stmt"/>
      <line num="867" count="3" type="cond" truecount="1" falsecount="1"/>
      <line num="868" count="3" type="stmt"/>
      <line num="877" count="11" type="stmt"/>
      <line num="878" count="11" type="stmt"/>
      <line num="879" count="11" type="cond" truecount="1" falsecount="1"/>
      <line num="880" count="11" type="stmt"/>
      <line num="883" count="11" type="stmt"/>
      <line num="886" count="9" type="cond" truecount="1" falsecount="1"/>
      <line num="887" count="9" type="stmt"/>
      <line num="898" count="6" type="cond" truecount="1" falsecount="1"/>
      <line num="900" count="6" type="stmt"/>
      <line num="915" count="1" type="cond" truecount="1" falsecount="1"/>
      <line num="917" count="1" type="stmt"/>
      <line num="933" count="0" type="cond" truecount="0" falsecount="2"/>
      <line num="935" count="0" type="stmt"/>
      <line num="955" count="5" type="cond" truecount="1" falsecount="1"/>
      <line num="957" count="5" type="stmt"/>
      <line num="968" count="0" type="cond" truecount="0" falsecount="2"/>
      <line num="970" count="0" type="stmt"/>
      <line num="990" count="0" type="cond" truecount="0" falsecount="2"/>
      <line num="992" count="0" type="stmt"/>
      <line num="1006" count="0" type="cond" truecount="0" falsecount="2"/>
      <line num="1008" count="0" type="stmt"/>
      <line num="1028" count="0" type="cond" truecount="0" falsecount="2"/>
      <line num="1030" count="0" type="stmt"/>
      <line num="1044" count="21" type="stmt"/>
      <line num="1049" count="18" type="stmt"/>
      <line num="1053" count="101" type="stmt"/>
      <line num="1058" count="12" type="stmt"/>
      <line num="1060" count="12" type="stmt"/>
      <line num="1061" count="242" type="cond" truecount="2" falsecount="0"/>
      <line num="1062" count="6" type="stmt"/>
      <line num="1066" count="6" type="stmt"/>
      <line num="1070" count="14" type="stmt"/>
      <line num="1071" count="208" type="cond" truecount="2" falsecount="0"/>
      <line num="1072" count="9" type="stmt"/>
      <line num="1076" count="5" type="stmt"/>
      <line num="1081" count="9" type="stmt"/>
      <line num="1082" count="9" type="stmt"/>
      <line num="1084" count="9" type="cond" truecount="1" falsecount="1"/>
      <line num="1085" count="9" type="stmt"/>
      <line num="1093" count="9" type="stmt"/>
      <line num="1097" count="9" type="stmt"/>
      <line num="1098" count="9" type="stmt"/>
      <line num="1100" count="9" type="stmt"/>
      <line num="1101" count="227" type="cond" truecount="2" falsecount="0"/>
      <line num="1102" count="3" type="stmt"/>
      <line num="1104" count="12" type="stmt"/>
      <line num="1109" count="9" type="stmt"/>
      <line num="1113" count="11" type="stmt"/>
      <line num="1120" count="11" type="stmt"/>
      <line num="1121" count="36" type="stmt"/>
      <line num="1122" count="36" type="cond" truecount="2" falsecount="0"/>
      <line num="1123" count="3" type="stmt"/>
      <line num="1131" count="8" type="stmt"/>
      <line num="1135" count="11" type="stmt"/>
      <line num="1141" count="11" type="stmt"/>
      <line num="1142" count="32" type="stmt"/>
      <line num="1143" count="32" type="cond" truecount="2" falsecount="0"/>
      <line num="1144" count="1" type="stmt"/>
      <line num="1152" count="10" type="stmt"/>
      <line num="1156" count="10" type="stmt"/>
      <line num="1158" count="10" type="stmt"/>
      <line num="1159" count="10" type="stmt"/>
      <line num="1160" count="10" type="cond" truecount="2" falsecount="0"/>
      <line num="1161" count="10" type="cond" truecount="2" falsecount="0"/>
      <line num="1162" count="10" type="cond" truecount="2" falsecount="0"/>
      <line num="1164" count="10" type="stmt"/>
      <line num="1168" count="10" type="stmt"/>
      <line num="1170" count="10" type="cond" truecount="2" falsecount="0"/>
      <line num="1171" count="10" type="cond" truecount="2" falsecount="0"/>
      <line num="1172" count="10" type="cond" truecount="2" falsecount="0"/>
      <line num="1174" count="10" type="stmt"/>
      <line num="1178" count="19" type="cond" truecount="2" falsecount="0"/>
      <line num="1179" count="14" type="stmt"/>
      <line num="1181" count="19" type="cond" truecount="2" falsecount="0"/>
      <line num="1182" count="9" type="stmt"/>
      <line num="1184" count="19" type="cond" truecount="2" falsecount="0"/>
      <line num="1185" count="1" type="stmt"/>
      <line num="1187" count="19" type="cond" truecount="1" falsecount="1"/>
      <line num="1188" count="0" type="stmt"/>
      <line num="1193" count="5" type="stmt"/>
      <line num="1204" count="5" type="stmt"/>
      <line num="1207" count="5" type="cond" truecount="2" falsecount="0"/>
      <line num="1208" count="1" type="stmt"/>
      <line num="1215" count="5" type="cond" truecount="2" falsecount="0"/>
      <line num="1216" count="1" type="stmt"/>
      <line num="1223" count="5" type="stmt"/>
      <line num="1227" count="8" type="cond" truecount="1" falsecount="1"/>
      <line num="1229" count="8" type="stmt"/>
      <line num="1230" count="24" type="stmt"/>
      <line num="1231" count="24" type="stmt"/>
      <line num="1233" count="8" type="cond" truecount="1" falsecount="1"/>
      <line num="1236" count="24" type="stmt"/>
      <line num="1238" count="8" type="stmt"/>
      <line num="1242" count="5" type="stmt"/>
      <line num="1243" count="5" type="stmt"/>
      <line num="1245" count="5" type="stmt"/>
      <line num="1252" count="3" type="stmt"/>
      <line num="1256" count="1" type="cond" truecount="1" falsecount="1"/>
      <line num="1260" count="2" type="stmt"/>
      <line num="1261" count="2" type="stmt"/>
      <line num="1278" count="12" type="stmt"/>
      <line num="1282" count="50" type="stmt"/>
      <line num="1287" count="2" type="stmt"/>
      <line num="1288" count="2" type="cond" truecount="2" falsecount="0"/>
      <line num="1290" count="1" type="stmt"/>
      <line num="1291" count="1" type="stmt"/>
      <line num="1293" count="1" type="stmt"/>
      <line num="1294" count="1" type="stmt"/>
      <line num="1298" count="1" type="stmt"/>
    </file>
    <file name="EnterpriseSecurityService.js" path="/Users/brianlong/Documents/GitHub/intelgraph/server/src/services/EnterpriseSecurityService.js">
      <metrics statements="344" coveredstatements="260" conditionals="183" coveredconditionals="116" methods="76" coveredmethods="49"/>
      <line num="6" count="1" type="stmt"/>
      <line num="7" count="1" type="stmt"/>
      <line num="8" count="1" type="stmt"/>
      <line num="9" count="1" type="stmt"/>
      <line num="10" count="1" type="stmt"/>
      <line num="14" count="31" type="stmt"/>
      <line num="15" count="31" type="stmt"/>
      <line num="16" count="31" type="stmt"/>
      <line num="17" count="31" type="stmt"/>
      <line num="19" count="31" type="stmt"/>
      <line num="20" count="31" type="stmt"/>
      <line num="21" count="31" type="stmt"/>
      <line num="22" count="31" type="stmt"/>
      <line num="23" count="31" type="stmt"/>
      <line num="24" count="31" type="stmt"/>
      <line num="25" count="31" type="stmt"/>
      <line num="26" count="31" type="stmt"/>
      <line num="28" count="31" type="stmt"/>
      <line num="39" count="31" type="stmt"/>
      <line num="40" count="31" type="stmt"/>
      <line num="41" count="31" type="stmt"/>
      <line num="42" count="31" type="stmt"/>
      <line num="47" count="31" type="stmt"/>
      <line num="129" count="31" type="stmt"/>
      <line num="130" count="868" type="stmt"/>
      <line num="134" count="31" type="stmt"/>
      <line num="304" count="31" type="stmt"/>
      <line num="305" count="186" type="stmt"/>
      <line num="310" count="31" type="stmt"/>
      <line num="333" count="31" type="stmt"/>
      <line num="358" count="31" type="stmt"/>
      <line num="381" count="31" type="stmt"/>
      <line num="396" count="31" type="stmt"/>
      <line num="409" count="31" type="stmt"/>
      <line num="417" count="31" type="stmt"/>
      <line num="425" count="31" type="stmt"/>
      <line num="439" count="31" type="stmt"/>
      <line num="440" count="0" type="stmt"/>
      <line num="441" count="0" type="stmt"/>
      <line num="442" count="0" type="stmt"/>
      <line num="446" count="31" type="stmt"/>
      <line num="448" count="0" type="stmt"/>
      <line num="449" count="0" type="stmt"/>
      <line num="450" count="0" type="stmt"/>
      <line num="458" count="4" type="stmt"/>
      <line num="460" count="4" type="stmt"/>
      <line num="462" count="4" type="stmt"/>
      <line num="463" count="4" type="stmt"/>
      <line num="464" count="4" type="cond" truecount="2" falsecount="0"/>
      <line num="465" count="3" type="stmt"/>
      <line num="468" count="4" type="cond" truecount="2" falsecount="0"/>
      <line num="469" count="1" type="stmt"/>
      <line num="470" count="1" type="stmt"/>
      <line num="476" count="1" type="stmt"/>
      <line num="480" count="3" type="stmt"/>
      <line num="481" count="3" type="cond" truecount="1" falsecount="1"/>
      <line num="482" count="0" type="stmt"/>
      <line num="483" count="0" type="stmt"/>
      <line num="489" count="0" type="stmt"/>
      <line num="493" count="3" type="cond" truecount="2" falsecount="0"/>
      <line num="494" count="1" type="stmt"/>
      <line num="495" count="1" type="stmt"/>
      <line num="501" count="1" type="stmt"/>
      <line num="505" count="2" type="stmt"/>
      <line num="506" count="2" type="cond" truecount="2" falsecount="0"/>
      <line num="507" count="1" type="cond" truecount="2" falsecount="0"/>
      <line num="508" count="1" type="stmt"/>
      <line num="514" count="1" type="stmt"/>
      <line num="515" count="1" type="cond" truecount="1" falsecount="1"/>
      <line num="516" count="0" type="stmt"/>
      <line num="517" count="0" type="stmt"/>
      <line num="526" count="1" type="stmt"/>
      <line num="527" count="1" type="stmt"/>
      <line num="533" count="1" type="stmt"/>
      <line num="537" count="1" type="stmt"/>
      <line num="538" count="1" type="stmt"/>
      <line num="539" count="1" type="cond" truecount="2" falsecount="2"/>
      <line num="540" count="0" type="stmt"/>
      <line num="543" count="1" type="cond" truecount="1" falsecount="1"/>
      <line num="544" count="0" type="stmt"/>
      <line num="545" count="0" type="cond" truecount="0" falsecount="2"/>
      <line num="546" count="0" type="stmt"/>
      <line num="547" count="0" type="stmt"/>
      <line num="552" count="0" type="stmt"/>
      <line num="557" count="1" type="cond" truecount="1" falsecount="1"/>
      <line num="558" count="1" type="stmt"/>
      <line num="562" count="1" type="cond" truecount="1" falsecount="1"/>
      <line num="563" count="0" type="stmt"/>
      <line num="564" count="0" type="stmt"/>
      <line num="571" count="0" type="stmt"/>
      <line num="576" count="1" type="cond" truecount="1" falsecount="1"/>
      <line num="577" count="1" type="stmt"/>
      <line num="578" count="1" type="cond" truecount="1" falsecount="1"/>
      <line num="579" count="0" type="stmt"/>
      <line num="580" count="0" type="stmt"/>
      <line num="586" count="0" type="stmt"/>
      <line num="591" count="1" type="stmt"/>
      <line num="594" count="1" type="cond" truecount="1" falsecount="1"/>
      <line num="595" count="0" type="stmt"/>
      <line num="598" count="1" type="stmt"/>
      <line num="599" count="1" type="stmt"/>
      <line num="601" count="1" type="stmt"/>
      <line num="608" count="1" type="stmt"/>
      <line num="622" count="3" type="stmt"/>
      <line num="623" count="3" type="stmt"/>
      <line num="628" count="2" type="stmt"/>
      <line num="629" count="2" type="stmt"/>
      <line num="631" count="2" type="stmt"/>
      <line num="649" count="2" type="stmt"/>
      <line num="650" count="2" type="stmt"/>
      <line num="651" count="0" type="cond" truecount="0" falsecount="2"/>
      <line num="654" count="2" type="cond" truecount="1" falsecount="1"/>
      <line num="656" count="0" type="stmt"/>
      <line num="657" count="0" type="stmt"/>
      <line num="659" count="0" type="stmt"/>
      <line num="665" count="2" type="stmt"/>
      <line num="666" count="2" type="stmt"/>
      <line num="669" count="2" type="stmt"/>
      <line num="675" count="2" type="stmt"/>
      <line num="679" count="8" type="stmt"/>
      <line num="685" count="8" type="cond" truecount="1" falsecount="1"/>
      <line num="686" count="8" type="stmt"/>
      <line num="690" count="6" type="stmt"/>
      <line num="691" count="6" type="cond" truecount="1" falsecount="1"/>
      <line num="692" count="6" type="stmt"/>
      <line num="693" count="6" type="stmt"/>
      <line num="695" count="6" type="cond" truecount="1" falsecount="1"/>
      <line num="696" count="0" type="stmt"/>
      <line num="699" count="6" type="cond" truecount="2" falsecount="0"/>
      <line num="700" count="1" type="stmt"/>
      <line num="701" count="1" type="stmt"/>
      <line num="704" count="5" type="stmt"/>
      <line num="705" count="5" type="stmt"/>
      <line num="707" count="5" type="cond" truecount="2" falsecount="0"/>
      <line num="708" count="1" type="stmt"/>
      <line num="709" count="1" type="stmt"/>
      <line num="713" count="4" type="stmt"/>
      <line num="714" count="4" type="stmt"/>
      <line num="716" count="4" type="stmt"/>
      <line num="718" count="2" type="stmt"/>
      <line num="719" count="2" type="stmt"/>
      <line num="724" count="3" type="stmt"/>
      <line num="725" count="3" type="stmt"/>
      <line num="728" count="3" type="cond" truecount="2" falsecount="0"/>
      <line num="729" count="1" type="stmt"/>
      <line num="738" count="1" type="stmt"/>
      <line num="739" count="1" type="stmt"/>
      <line num="743" count="2" type="cond" truecount="3" falsecount="1"/>
      <line num="744" count="2" type="cond" truecount="2" falsecount="0"/>
      <line num="747" count="1" type="stmt"/>
      <line num="758" count="1" type="stmt"/>
      <line num="759" count="1" type="stmt"/>
      <line num="764" count="1" type="stmt"/>
      <line num="773" count="1" type="stmt"/>
      <line num="775" count="0" type="stmt"/>
      <line num="776" count="0" type="stmt"/>
      <line num="782" count="12" type="stmt"/>
      <line num="803" count="12" type="stmt"/>
      <line num="806" count="12" type="stmt"/>
      <line num="809" count="12" type="stmt"/>
      <line num="810" count="12" type="stmt"/>
      <line num="812" count="12" type="stmt"/>
      <line num="815" count="12" type="stmt"/>
      <line num="818" count="12" type="stmt"/>
      <line num="820" count="12" type="stmt"/>
      <line num="824" count="13" type="stmt"/>
      <line num="827" count="13" type="cond" truecount="2" falsecount="0"/>
      <line num="835" count="9" type="stmt"/>
      <line num="839" count="13" type="cond" truecount="4" falsecount="0"/>
      <line num="840" count="3" type="stmt"/>
      <line num="844" count="13" type="cond" truecount="3" falsecount="1"/>
      <line num="845" count="0" type="stmt"/>
      <line num="848" count="13" type="stmt"/>
      <line num="853" count="13" type="cond" truecount="2" falsecount="0"/>
      <line num="854" count="2" type="stmt"/>
      <line num="858" count="2" type="cond" truecount="2" falsecount="0"/>
      <line num="859" count="1" type="stmt"/>
      <line num="870" count="13" type="cond" truecount="2" falsecount="0"/>
      <line num="871" count="2" type="stmt"/>
      <line num="875" count="13" type="cond" truecount="2" falsecount="0"/>
      <line num="876" count="2" type="stmt"/>
      <line num="881" count="1" type="stmt"/>
      <line num="883" count="1" type="stmt"/>
      <line num="895" count="1" type="stmt"/>
      <line num="898" count="1" type="stmt"/>
      <line num="901" count="1" type="cond" truecount="1" falsecount="1"/>
      <line num="902" count="0" type="stmt"/>
      <line num="905" count="1" type="stmt"/>
      <line num="911" count="2" type="stmt"/>
      <line num="916" count="2" type="cond" truecount="1" falsecount="1"/>
      <line num="917" count="0" type="stmt"/>
      <line num="921" count="2" type="stmt"/>
      <line num="924" count="1" type="stmt"/>
      <line num="926" count="1" type="stmt"/>
      <line num="941" count="1" type="stmt"/>
      <line num="943" count="1" type="stmt"/>
      <line num="952" count="1" type="stmt"/>
      <line num="961" count="2" type="cond" truecount="4" falsecount="0"/>
      <line num="962" count="1" type="stmt"/>
      <line num="965" count="1" type="cond" truecount="3" falsecount="1"/>
      <line num="966" count="0" type="stmt"/>
      <line num="969" count="1" type="cond" truecount="3" falsecount="1"/>
      <line num="970" count="0" type="stmt"/>
      <line num="974" count="1" type="stmt"/>
      <line num="975" count="1" type="cond" truecount="1" falsecount="1"/>
      <line num="976" count="0" type="stmt"/>
      <line num="981" count="3" type="cond" truecount="4" falsecount="0"/>
      <line num="982" count="1" type="stmt"/>
      <line num="985" count="2" type="cond" truecount="3" falsecount="1"/>
      <line num="986" count="0" type="stmt"/>
      <line num="989" count="2" type="cond" truecount="3" falsecount="1"/>
      <line num="990" count="0" type="stmt"/>
      <line num="993" count="2" type="cond" truecount="3" falsecount="1"/>
      <line num="994" count="0" type="stmt"/>
      <line num="997" count="2" type="cond" truecount="1" falsecount="1"/>
      <line num="1001" count="0" type="stmt"/>
      <line num="1004" count="2" type="stmt"/>
      <line num="1009" count="2" type="stmt"/>
      <line num="1010" count="2" type="stmt"/>
      <line num="1012" count="2" type="stmt"/>
      <line num="1024" count="2" type="stmt"/>
      <line num="1025" count="2" type="stmt"/>
      <line num="1028" count="2" type="stmt"/>
      <line num="1037" count="2" type="stmt"/>
      <line num="1039" count="2" type="cond" truecount="3" falsecount="1"/>
      <line num="1040" count="0" type="stmt"/>
      <line num="1044" count="2" type="cond" truecount="1" falsecount="1"/>
      <line num="1046" count="2" type="cond" truecount="3" falsecount="1"/>
      <line num="1047" count="0" type="stmt"/>
      <line num="1050" count="2" type="cond" truecount="2" falsecount="0"/>
      <line num="1051" count="1" type="stmt"/>
      <line num="1054" count="1" type="stmt"/>
      <line num="1055" count="1" type="cond" truecount="1" falsecount="1"/>
      <line num="1056" count="0" type="stmt"/>
      <line num="1060" count="1" type="stmt"/>
      <line num="1061" count="1" type="stmt"/>
      <line num="1062" count="1" type="stmt"/>
      <line num="1064" count="1" type="stmt"/>
      <line num="1069" count="1" type="stmt"/>
      <line num="1070" count="1" type="cond" truecount="1" falsecount="1"/>
      <line num="1071" count="0" type="stmt"/>
      <line num="1074" count="1" type="stmt"/>
      <line num="1075" count="1" type="stmt"/>
      <line num="1081" count="1" type="stmt"/>
      <line num="1093" count="2" type="stmt"/>
      <line num="1105" count="1" type="stmt"/>
      <line num="1109" count="2" type="stmt"/>
      <line num="1110" count="2" type="stmt"/>
      <line num="1113" count="2" type="stmt"/>
      <line num="1114" count="5" type="stmt"/>
      <line num="1116" count="2" type="stmt"/>
      <line num="1118" count="5" type="stmt"/>
      <line num="1119" count="2" type="cond" truecount="1" falsecount="1"/>
      <line num="1120" count="0" type="stmt"/>
      <line num="1123" count="5" type="stmt"/>
      <line num="1124" count="2" type="cond" truecount="1" falsecount="1"/>
      <line num="1125" count="0" type="stmt"/>
      <line num="1128" count="2" type="stmt"/>
      <line num="1134" count="0" type="stmt"/>
      <line num="1135" count="0" type="stmt"/>
      <line num="1136" count="0" type="stmt"/>
      <line num="1140" count="0" type="stmt"/>
      <line num="1141" count="0" type="stmt"/>
      <line num="1143" count="0" type="stmt"/>
      <line num="1147" count="0" type="stmt"/>
      <line num="1148" count="0" type="stmt"/>
      <line num="1149" count="0" type="cond" truecount="0" falsecount="2"/>
      <line num="1150" count="0" type="stmt"/>
      <line num="1152" count="0" type="stmt"/>
      <line num="1156" count="0" type="stmt"/>
      <line num="1158" count="0" type="stmt"/>
      <line num="1159" count="0" type="cond" truecount="0" falsecount="2"/>
      <line num="1160" count="0" type="stmt"/>
      <line num="1169" count="0" type="stmt"/>
      <line num="1170" count="0" type="cond" truecount="0" falsecount="5"/>
      <line num="1171" count="0" type="stmt"/>
      <line num="1182" count="0" type="stmt"/>
      <line num="1183" count="0" type="stmt"/>
      <line num="1185" count="0" type="stmt"/>
      <line num="1186" count="0" type="cond" truecount="0" falsecount="2"/>
      <line num="1187" count="0" type="stmt"/>
      <line num="1191" count="0" type="stmt"/>
      <line num="1192" count="0" type="stmt"/>
      <line num="1193" count="0" type="stmt"/>
      <line num="1194" count="0" type="stmt"/>
      <line num="1200" count="3" type="stmt"/>
      <line num="1201" count="3" type="stmt"/>
      <line num="1202" count="3" type="stmt"/>
      <line num="1206" count="3" type="stmt"/>
      <line num="1208" count="3" type="stmt"/>
      <line num="1213" count="1" type="stmt"/>
      <line num="1214" count="1" type="stmt"/>
      <line num="1215" count="1" type="stmt"/>
      <line num="1232" count="1" type="stmt"/>
      <line num="1237" count="12" type="stmt"/>
      <line num="1238" count="12" type="stmt"/>
      <line num="1239" count="12" type="stmt"/>
      <line num="1261" count="12" type="stmt"/>
      <line num="1267" count="8" type="stmt"/>
      <line num="1269" count="8" type="cond" truecount="2" falsecount="0"/>
      <line num="1271" count="6" type="stmt"/>
      <line num="1272" count="6" type="cond" truecount="1" falsecount="1"/>
      <line num="1273" count="6" type="stmt"/>
      <line num="1274" count="6" type="stmt"/>
      <line num="1275" count="6" type="stmt"/>
      <line num="1276" count="6" type="stmt"/>
      <line num="1277" count="6" type="stmt"/>
      <line num="1281" count="8" type="stmt"/>
      <line num="1285" count="4" type="stmt"/>
      <line num="1286" count="4" type="stmt"/>
      <line num="1287" count="4" type="stmt"/>
      <line num="1295" count="2" type="stmt"/>
      <line num="1296" count="2" type="cond" truecount="1" falsecount="1"/>
      <line num="1297" count="2" type="stmt"/>
      <line num="1306" count="2" type="stmt"/>
      <line num="1307" count="2" type="stmt"/>
      <line num="1308" count="2" type="stmt"/>
      <line num="1313" count="6" type="stmt"/>
      <line num="1314" count="6" type="stmt"/>
      <line num="1318" count="7" type="stmt"/>
      <line num="1319" count="7" type="stmt"/>
      <line num="1320" count="7" type="cond" truecount="2" falsecount="0"/>
      <line num="1321" count="6" type="stmt"/>
      <line num="1327" count="4" type="cond" truecount="2" falsecount="0"/>
      <line num="1335" count="4" type="stmt"/>
      <line num="1343" count="2" type="stmt"/>
      <line num="1347" count="1" type="stmt"/>
      <line num="1351" count="0" type="stmt"/>
      <line num="1356" count="0" type="stmt"/>
      <line num="1357" count="0" type="cond" truecount="0" falsecount="4"/>
      <line num="1358" count="0" type="stmt"/>
      <line num="1359" count="0" type="cond" truecount="0" falsecount="4"/>
      <line num="1360" count="0" type="cond" truecount="0" falsecount="4"/>
      <line num="1361" count="0" type="cond" truecount="0" falsecount="4"/>
      <line num="1362" count="0" type="stmt"/>
      <line num="1368" count="0" type="stmt"/>
      <line num="1371" count="1" type="stmt"/>
      <line num="1374" count="1" type="stmt"/>
      <line num="1379" count="1" type="stmt"/>
      <line num="1387" count="0" type="stmt"/>
      <line num="1391" count="1" type="stmt"/>
      <line num="1394" count="1" type="stmt"/>
      <line num="1397" count="1" type="stmt"/>
      <line num="1407" count="1" type="stmt"/>
    </file>
    <file name="IntegrationService.js" path="/Users/brianlong/Documents/GitHub/intelgraph/server/src/services/IntegrationService.js">
      <metrics statements="248" coveredstatements="213" conditionals="142" coveredconditionals="110" methods="50" coveredmethods="34"/>
      <line num="6" count="1" type="stmt"/>
      <line num="7" count="1" type="stmt"/>
      <line num="8" count="1" type="stmt"/>
      <line num="12" count="49" type="stmt"/>
      <line num="13" count="49" type="stmt"/>
      <line num="15" count="49" type="stmt"/>
      <line num="16" count="49" type="stmt"/>
      <line num="17" count="49" type="stmt"/>
      <line num="18" count="49" type="stmt"/>
      <line num="19" count="49" type="stmt"/>
      <line num="21" count="49" type="stmt"/>
      <line num="30" count="49" type="stmt"/>
      <line num="31" count="49" type="stmt"/>
      <line num="34" count="49" type="stmt"/>
      <line num="35" count="49" type="stmt"/>
      <line num="36" count="0" type="stmt"/>
      <line num="37" count="0" type="cond" truecount="0" falsecount="2"/>
      <line num="39" count="49" type="stmt"/>
      <line num="40" count="49" type="stmt"/>
      <line num="41" count="49" type="stmt"/>
      <line num="42" count="49" type="stmt"/>
      <line num="47" count="49" type="stmt"/>
      <line num="62" count="49" type="stmt"/>
      <line num="77" count="49" type="stmt"/>
      <line num="93" count="49" type="stmt"/>
      <line num="109" count="49" type="stmt"/>
      <line num="130" count="49" type="stmt"/>
      <line num="157" count="49" type="stmt"/>
      <line num="172" count="49" type="stmt"/>
      <line num="188" count="49" type="stmt"/>
      <line num="209" count="49" type="stmt"/>
      <line num="224" count="49" type="stmt"/>
      <line num="239" count="49" type="stmt"/>
      <line num="256" count="49" type="stmt"/>
      <line num="257" count="0" type="stmt"/>
      <line num="263" count="54" type="stmt"/>
      <line num="313" count="54" type="stmt"/>
      <line num="314" count="54" type="cond" truecount="2" falsecount="0"/>
      <line num="315" count="1" type="stmt"/>
      <line num="319" count="53" type="stmt"/>
      <line num="322" count="52" type="stmt"/>
      <line num="323" count="52" type="cond" truecount="2" falsecount="0"/>
      <line num="324" count="1" type="stmt"/>
      <line num="327" count="51" type="stmt"/>
      <line num="328" count="51" type="stmt"/>
      <line num="330" count="51" type="stmt"/>
      <line num="331" count="51" type="stmt"/>
      <line num="333" count="51" type="stmt"/>
      <line num="334" count="51" type="stmt"/>
      <line num="338" count="2" type="stmt"/>
      <line num="339" count="2" type="cond" truecount="2" falsecount="0"/>
      <line num="340" count="1" type="stmt"/>
      <line num="344" count="1" type="stmt"/>
      <line num="350" count="1" type="cond" truecount="1" falsecount="1"/>
      <line num="351" count="1" type="stmt"/>
      <line num="357" count="1" type="stmt"/>
      <line num="358" count="1" type="stmt"/>
      <line num="360" count="1" type="cond" truecount="1" falsecount="1"/>
      <line num="361" count="1" type="stmt"/>
      <line num="362" count="1" type="stmt"/>
      <line num="363" count="1" type="stmt"/>
      <line num="365" count="0" type="stmt"/>
      <line num="366" count="0" type="stmt"/>
      <line num="369" count="1" type="stmt"/>
      <line num="370" count="1" type="stmt"/>
      <line num="374" count="2" type="stmt"/>
      <line num="375" count="2" type="cond" truecount="2" falsecount="0"/>
      <line num="376" count="1" type="stmt"/>
      <line num="380" count="1" type="stmt"/>
      <line num="381" count="1" type="stmt"/>
      <line num="384" count="1" type="stmt"/>
      <line num="385" count="1" type="stmt"/>
      <line num="388" count="1" type="stmt"/>
      <line num="389" count="1" type="stmt"/>
      <line num="391" count="1" type="stmt"/>
      <line num="392" count="1" type="stmt"/>
      <line num="397" count="7" type="stmt"/>
      <line num="399" count="7" type="cond" truecount="2" falsecount="0"/>
      <line num="400" count="1" type="stmt"/>
      <line num="406" count="6" type="cond" truecount="4" falsecount="1"/>
      <line num="408" count="2" type="cond" truecount="2" falsecount="0"/>
      <line num="409" count="1" type="stmt"/>
      <line num="411" count="1" type="stmt"/>
      <line num="414" count="2" type="cond" truecount="2" falsecount="0"/>
      <line num="418" count="1" type="stmt"/>
      <line num="420" count="1" type="stmt"/>
      <line num="423" count="1" type="cond" truecount="1" falsecount="1"/>
      <line num="424" count="0" type="stmt"/>
      <line num="426" count="1" type="stmt"/>
      <line num="429" count="1" type="cond" truecount="1" falsecount="1"/>
      <line num="433" count="0" type="stmt"/>
      <line num="435" count="1" type="stmt"/>
      <line num="438" count="0" type="stmt"/>
      <line num="441" count="4" type="stmt"/>
      <line num="445" count="2" type="stmt"/>
      <line num="447" count="2" type="stmt"/>
      <line num="448" count="2" type="stmt"/>
      <line num="450" count="1" type="stmt"/>
      <line num="456" count="1" type="stmt"/>
      <line num="465" count="4" type="stmt"/>
      <line num="479" count="4" type="cond" truecount="2" falsecount="0"/>
      <line num="484" count="4" type="stmt"/>
      <line num="485" count="4" type="cond" truecount="2" falsecount="0"/>
      <line num="486" count="1" type="stmt"/>
      <line num="489" count="3" type="cond" truecount="2" falsecount="0"/>
      <line num="490" count="1" type="stmt"/>
      <line num="493" count="2" type="stmt"/>
      <line num="494" count="2" type="stmt"/>
      <line num="497" count="2" type="stmt"/>
      <line num="498" count="2" type="stmt"/>
      <line num="500" count="2" type="cond" truecount="2" falsecount="0"/>
      <line num="501" count="1" type="stmt"/>
      <line num="502" count="1" type="cond" truecount="1" falsecount="1"/>
      <line num="503" count="1" type="cond" truecount="1" falsecount="1"/>
      <line num="505" count="1" type="stmt"/>
      <line num="508" count="2" type="stmt"/>
      <line num="512" count="0" type="stmt"/>
      <line num="513" count="0" type="stmt"/>
      <line num="515" count="0" type="cond" truecount="0" falsecount="7"/>
      <line num="517" count="0" type="stmt"/>
      <line num="519" count="0" type="stmt"/>
      <line num="521" count="0" type="stmt"/>
      <line num="523" count="0" type="stmt"/>
      <line num="525" count="0" type="stmt"/>
      <line num="527" count="0" type="stmt"/>
      <line num="529" count="0" type="stmt"/>
      <line num="534" count="0" type="stmt"/>
      <line num="543" count="1" type="stmt"/>
      <line num="572" count="1" type="stmt"/>
      <line num="573" count="1" type="stmt"/>
      <line num="575" count="1" type="stmt"/>
      <line num="579" count="3" type="stmt"/>
      <line num="580" count="3" type="cond" truecount="2" falsecount="0"/>
      <line num="581" count="1" type="stmt"/>
      <line num="584" count="2" type="stmt"/>
      <line num="585" count="2" type="cond" truecount="3" falsecount="1"/>
      <line num="586" count="0" type="stmt"/>
      <line num="589" count="2" type="stmt"/>
      <line num="590" count="2" type="stmt"/>
      <line num="591" count="2" type="stmt"/>
      <line num="593" count="2" type="stmt"/>
      <line num="594" count="2" type="stmt"/>
      <line num="595" count="2" type="stmt"/>
      <line num="601" count="1" type="stmt"/>
      <line num="602" count="1" type="stmt"/>
      <line num="603" count="1" type="stmt"/>
      <line num="604" count="1" type="cond" truecount="1" falsecount="1"/>
      <line num="606" count="1" type="stmt"/>
      <line num="607" count="1" type="stmt"/>
      <line num="612" count="1" type="stmt"/>
      <line num="614" count="1" type="stmt"/>
      <line num="615" count="1" type="stmt"/>
      <line num="617" count="1" type="stmt"/>
      <line num="618" count="1" type="stmt"/>
      <line num="619" count="1" type="stmt"/>
      <line num="621" count="1" type="stmt"/>
      <line num="622" count="1" type="stmt"/>
      <line num="623" count="1" type="stmt"/>
      <line num="628" count="1" type="stmt"/>
      <line num="630" count="1" type="stmt"/>
      <line num="631" count="2" type="cond" truecount="4" falsecount="0"/>
      <line num="632" count="1" type="stmt"/>
      <line num="633" count="1" type="stmt"/>
      <line num="634" count="1" type="stmt"/>
      <line num="636" count="0" type="stmt"/>
      <line num="644" count="1" type="stmt"/>
      <line num="676" count="1" type="stmt"/>
      <line num="677" count="1" type="stmt"/>
      <line num="679" count="1" type="stmt"/>
      <line num="683" count="104" type="stmt"/>
      <line num="684" count="104" type="cond" truecount="4" falsecount="0"/>
      <line num="685" count="2" type="stmt"/>
      <line num="689" count="102" type="cond" truecount="1" falsecount="1"/>
      <line num="690" count="0" type="stmt"/>
      <line num="693" count="102" type="stmt"/>
      <line num="695" count="102" type="stmt"/>
      <line num="696" count="102" type="stmt"/>
      <line num="705" count="102" type="stmt"/>
      <line num="710" count="102" type="stmt"/>
      <line num="717" count="102" type="stmt"/>
      <line num="725" count="101" type="stmt"/>
      <line num="727" count="101" type="stmt"/>
      <line num="728" count="101" type="stmt"/>
      <line num="729" count="101" type="stmt"/>
      <line num="730" count="101" type="stmt"/>
      <line num="736" count="101" type="stmt"/>
      <line num="738" count="101" type="stmt"/>
      <line num="739" count="101" type="stmt"/>
      <line num="741" count="1" type="stmt"/>
      <line num="742" count="1" type="stmt"/>
      <line num="743" count="1" type="stmt"/>
      <line num="744" count="1" type="stmt"/>
      <line num="745" count="1" type="stmt"/>
      <line num="746" count="1" type="cond" truecount="1" falsecount="1"/>
      <line num="747" count="1" type="cond" truecount="1" falsecount="1"/>
      <line num="748" count="1" type="stmt"/>
      <line num="749" count="1" type="stmt"/>
      <line num="750" count="1" type="stmt"/>
      <line num="753" count="1" type="stmt"/>
      <line num="760" count="55" type="stmt"/>
      <line num="765" count="1" type="stmt"/>
      <line num="769" count="0" type="stmt"/>
      <line num="773" count="0" type="stmt"/>
      <line num="779" count="0" type="stmt"/>
      <line num="783" count="103" type="stmt"/>
      <line num="784" count="103" type="stmt"/>
      <line num="792" count="3" type="cond" truecount="4" falsecount="0"/>
      <line num="793" count="1" type="stmt"/>
      <line num="797" count="2" type="stmt"/>
      <line num="798" count="3" type="cond" truecount="2" falsecount="0"/>
      <line num="799" count="1" type="stmt"/>
      <line num="803" count="1" type="stmt"/>
      <line num="808" count="1" type="stmt"/>
      <line num="813" count="2" type="stmt"/>
      <line num="817" count="10" type="stmt"/>
      <line num="821" count="3" type="stmt"/>
      <line num="822" count="3" type="cond" truecount="2" falsecount="0"/>
      <line num="823" count="6" type="stmt"/>
      <line num="828" count="0" type="stmt"/>
      <line num="832" count="2" type="stmt"/>
      <line num="833" count="2" type="cond" truecount="2" falsecount="0"/>
      <line num="837" count="2" type="stmt"/>
      <line num="838" count="2" type="cond" truecount="2" falsecount="0"/>
      <line num="839" count="3" type="stmt"/>
      <line num="844" count="1" type="stmt"/>
      <line num="852" count="2" type="stmt"/>
      <line num="854" count="2" type="stmt"/>
      <line num="855" count="6" type="stmt"/>
      <line num="856" count="6" type="cond" truecount="2" falsecount="0"/>
      <line num="857" count="4" type="stmt"/>
      <line num="859" count="6" type="stmt"/>
      <line num="860" count="6" type="cond" truecount="2" falsecount="0"/>
      <line num="861" count="6" type="cond" truecount="2" falsecount="0"/>
      <line num="864" count="2" type="stmt"/>
      <line num="868" count="3" type="stmt"/>
      <line num="869" count="3" type="stmt"/>
      <line num="870" count="6" type="stmt"/>
      <line num="872" count="3" type="cond" truecount="2" falsecount="0"/>
      <line num="877" count="0" type="stmt"/>
      <line num="880" count="0" type="stmt"/>
      <line num="883" count="0" type="stmt"/>
      <line num="886" count="0" type="stmt"/>
      <line num="889" count="0" type="stmt"/>
      <line num="892" count="0" type="stmt"/>
      <line num="895" count="0" type="stmt"/>
      <line num="898" count="0" type="stmt"/>
      <line num="902" count="0" type="stmt"/>
      <line num="906" count="1" type="stmt"/>
    </file>
    <file name="MobileService.js" path="/Users/brianlong/Documents/GitHub/intelgraph/server/src/services/MobileService.js">
      <metrics statements="190" coveredstatements="180" conditionals="109" coveredconditionals="81" methods="50" coveredmethods="45"/>
      <line num="6" count="1" type="stmt"/>
      <line num="7" count="1" type="stmt"/>
      <line num="11" count="39" type="stmt"/>
      <line num="12" count="39" type="stmt"/>
      <line num="13" count="39" type="stmt"/>
      <line num="14" count="39" type="stmt"/>
      <line num="15" count="39" type="stmt"/>
      <line num="17" count="39" type="stmt"/>
      <line num="18" count="39" type="stmt"/>
      <line num="19" count="39" type="stmt"/>
      <line num="20" count="39" type="stmt"/>
      <line num="21" count="39" type="stmt"/>
      <line num="24" count="39" type="stmt"/>
      <line num="34" count="39" type="stmt"/>
      <line num="39" count="39" type="cond" truecount="1" falsecount="1"/>
      <line num="40" count="39" type="stmt"/>
      <line num="43" count="39" type="stmt"/>
      <line num="46" count="39" type="stmt"/>
      <line num="49" count="39" type="stmt"/>
      <line num="52" count="0" type="stmt"/>
      <line num="56" count="39" type="stmt"/>
      <line num="66" count="39" type="cond" truecount="1" falsecount="1"/>
      <line num="67" count="39" type="stmt"/>
      <line num="69" count="0" type="stmt"/>
      <line num="75" count="39" type="stmt"/>
      <line num="80" count="3" type="stmt"/>
      <line num="81" count="3" type="stmt"/>
      <line num="104" count="3" type="stmt"/>
      <line num="106" count="3" type="cond" truecount="2" falsecount="0"/>
      <line num="107" count="2" type="stmt"/>
      <line num="110" count="3" type="stmt"/>
      <line num="113" count="3" type="stmt"/>
      <line num="115" count="3" type="stmt"/>
      <line num="116" count="3" type="stmt"/>
      <line num="121" count="3" type="stmt"/>
      <line num="122" count="3" type="cond" truecount="1" falsecount="1"/>
      <line num="124" count="3" type="stmt"/>
      <line num="133" count="3" type="stmt"/>
      <line num="136" count="3" type="stmt"/>
      <line num="145" count="4" type="stmt"/>
      <line num="160" count="4" type="stmt"/>
      <line num="174" count="4" type="cond" truecount="1" falsecount="1"/>
      <line num="175" count="4" type="stmt"/>
      <line num="180" count="0" type="stmt"/>
      <line num="185" count="4" type="stmt"/>
      <line num="198" count="105" type="stmt"/>
      <line num="199" count="105" type="cond" truecount="2" falsecount="0"/>
      <line num="200" count="1" type="stmt"/>
      <line num="203" count="104" type="stmt"/>
      <line num="218" count="104" type="stmt"/>
      <line num="220" count="104" type="stmt"/>
      <line num="225" count="104" type="stmt"/>
      <line num="228" count="104" type="cond" truecount="2" falsecount="0"/>
      <line num="229" count="2" type="stmt"/>
      <line num="236" count="103" type="stmt"/>
      <line num="237" count="103" type="stmt"/>
      <line num="238" count="103" type="stmt"/>
      <line num="240" count="103" type="stmt"/>
      <line num="241" count="103" type="stmt"/>
      <line num="243" count="103" type="stmt"/>
      <line num="245" count="103" type="stmt"/>
      <line num="247" count="103" type="stmt"/>
      <line num="254" count="1" type="stmt"/>
      <line num="255" count="1" type="stmt"/>
      <line num="256" count="1" type="stmt"/>
      <line num="257" count="1" type="stmt"/>
      <line num="262" count="104" type="stmt"/>
      <line num="270" count="104" type="stmt"/>
      <line num="276" count="104" type="stmt"/>
      <line num="282" count="104" type="stmt"/>
      <line num="288" count="104" type="stmt"/>
      <line num="293" count="104" type="stmt"/>
      <line num="298" count="105" type="stmt"/>
      <line num="299" count="1001" type="stmt"/>
      <line num="309" count="5001" type="stmt"/>
      <line num="318" count="501" type="stmt"/>
      <line num="334" count="4" type="cond" truecount="3" falsecount="1"/>
      <line num="335" count="0" type="stmt"/>
      <line num="338" count="4" type="cond" truecount="2" falsecount="0"/>
      <line num="339" count="4" type="cond" truecount="2" falsecount="0"/>
      <line num="340" count="3" type="stmt"/>
      <line num="343" count="4" type="stmt"/>
      <line num="345" count="4" type="stmt"/>
      <line num="346" count="8" type="stmt"/>
      <line num="347" count="8" type="stmt"/>
      <line num="348" count="7" type="stmt"/>
      <line num="354" count="7" type="stmt"/>
      <line num="356" count="1" type="stmt"/>
      <line num="362" count="1" type="stmt"/>
      <line num="366" count="4" type="stmt"/>
      <line num="370" count="8" type="cond" truecount="5" falsecount="0"/>
      <line num="372" count="3" type="stmt"/>
      <line num="374" count="1" type="stmt"/>
      <line num="376" count="1" type="stmt"/>
[...]
      <line num="821" count="1" type="stmt"/>
      <line num="825" count="1" type="stmt"/>
      <line num="826" count="1" type="cond" truecount="1" falsecount="1"/>
      <line num="827" count="1" type="cond" truecount="1" falsecount="1"/>
      <line num="828" count="1" type="cond" truecount="1" falsecount="1"/>
      <line num="829" count="1" type="stmt"/>
      <line num="830" count="1" type="stmt"/>
      <line num="834" count="1" type="stmt"/>
      <line num="835" count="1" type="cond" truecount="1" falsecount="1"/>
      <line num="836" count="1" type="cond" truecount="1" falsecount="1"/>
      <line num="837" count="1" type="cond" truecount="1" falsecount="1"/>
      <line num="838" count="1" type="stmt"/>
      <line num="839" count="1" type="stmt"/>
      <line num="843" count="1" type="stmt"/>
      <line num="844" count="1" type="stmt"/>
      <line num="852" count="1" type="cond" truecount="1" falsecount="1"/>
      <line num="853" count="1" type="stmt"/>
      <line num="854" count="1" type="stmt"/>
      <line num="855" count="100" type="stmt"/>
      <line num="856" count="100" type="stmt"/>
      <line num="857" count="100" type="stmt"/>
      <line num="861" count="5000" type="stmt"/>
      <line num="865" count="1" type="stmt"/>
      <line num="869" count="1" type="stmt"/>
      <line num="870" count="1" type="stmt"/>
      <line num="871" count="500" type="stmt"/>
      <line num="872" count="1" type="stmt"/>
      <line num="876" count="1" type="cond" truecount="1" falsecount="1"/>
      <line num="877" count="1" type="stmt"/>
      <line num="878" count="1" type="stmt"/>
      <line num="879" count="1" type="stmt"/>
      <line num="883" count="1" type="stmt"/>
      <line num="887" count="1" type="stmt"/>
      <line num="888" count="1" type="cond" truecount="1" falsecount="1"/>
      <line num="889" count="1" type="stmt"/>
      <line num="898" count="1" type="cond" truecount="2" falsecount="0"/>
      <line num="903" count="1" type="stmt"/>
      <line num="918" count="0" type="stmt"/>
      <line num="928" count="3" type="cond" truecount="2" falsecount="0"/>
      <line num="929" count="3" type="cond" truecount="2" falsecount="0"/>
      <line num="930" count="3" type="cond" truecount="2" falsecount="0"/>
      <line num="931" count="3" type="cond" truecount="2" falsecount="0"/>
      <line num="934" count="3" type="stmt"/>
      <line num="941" count="1" type="stmt"/>
      <line num="942" count="1" type="cond" truecount="2" falsecount="1"/>
      <line num="943" count="1" type="cond" truecount="2" falsecount="1"/>
      <line num="944" count="1" type="stmt"/>
      <line num="945" count="2" type="cond" truecount="1" falsecount="1"/>
      <line num="947" count="2" type="stmt"/>
      <line num="948" count="1" type="stmt"/>
      <line num="953" count="9" type="stmt"/>
      <line num="954" count="9" type="cond" truecount="2" falsecount="0"/>
      <line num="960" count="9" type="stmt"/>
      <line num="961" count="9" type="cond" truecount="2" falsecount="0"/>
      <line num="966" count="9" type="stmt"/>
      <line num="967" count="9" type="stmt"/>
      <line num="968" count="9" type="stmt"/>
      <line num="969" count="9" type="stmt"/>
      <line num="971" count="9" type="stmt"/>
      <line num="988" count="9" type="stmt"/>
      <line num="989" count="9" type="stmt"/>
      <line num="991" count="9" type="stmt"/>
      <line num="993" count="9" type="stmt"/>
      <line num="994" count="9" type="stmt"/>
      <line num="1000" count="7" type="cond" truecount="1" falsecount="1"/>
      <line num="1001" count="0" type="stmt"/>
      <line num="1005" count="7" type="stmt"/>
      <line num="1006" count="7" type="stmt"/>
      <line num="1010" count="7" type="stmt"/>
      <line num="1011" count="7" type="stmt"/>
      <line num="1013" count="7" type="stmt"/>
      <line num="1014" count="7" type="stmt"/>
      <line num="1017" count="7" type="cond" truecount="1" falsecount="1"/>
      <line num="1019" count="7" type="stmt"/>
      <line num="1020" count="7" type="stmt"/>
      <line num="1022" count="7" type="cond" truecount="1" falsecount="1"/>
      <line num="1023" count="7" type="stmt"/>
      <line num="1027" count="7" type="cond" truecount="1" falsecount="1"/>
      <line num="1028" count="7" type="stmt"/>
      <line num="1030" count="7" type="stmt"/>
      <line num="1035" count="7" type="stmt"/>
      <line num="1036" count="7" type="stmt"/>
      <line num="1038" count="2" type="stmt"/>
      <line num="1039" count="2" type="stmt"/>
      <line num="1040" count="2" type="stmt"/>
      <line num="1041" count="2" type="cond" truecount="2" falsecount="0"/>
      <line num="1042" count="1" type="stmt"/>
      <line num="1044" count="1" type="stmt"/>
      <line num="1049" count="9" type="stmt"/>
      <line num="1050" count="9" type="stmt"/>
      <line num="1051" count="9" type="cond" truecount="8" falsecount="5"/>
      <line num="1053" count="2" type="stmt"/>
      <line num="1055" count="1" type="stmt"/>
      <line num="1057" count="1" type="stmt"/>
      <line num="1059" count="1" type="stmt"/>
      <line num="1061" count="1" type="stmt"/>
      <line num="1063" count="1" type="stmt"/>
      <line num="1065" count="1" type="stmt"/>
      <line num="1067" count="0" type="stmt"/>
      <line num="1070" count="0" type="stmt"/>
      <line num="1072" count="0" type="stmt"/>
      <line num="1074" count="0" type="stmt"/>
      <line num="1076" count="0" type="stmt"/>
      <line num="1078" count="1" type="stmt"/>
      <line num="1081" count="9" type="stmt"/>
      <line num="1090" count="2" type="cond" truecount="2" falsecount="0"/>
      <line num="1092" count="2" type="stmt"/>
      <line num="1093" count="2" type="stmt"/>
      <line num="1094" count="2" type="stmt"/>
      <line num="1096" count="2" type="cond" truecount="2" falsecount="2"/>
      <line num="1097" count="0" type="stmt"/>
      <line num="1098" count="0" type="stmt"/>
      <line num="1101" count="2" type="cond" truecount="1" falsecount="1"/>
      <line num="1102" count="0" type="stmt"/>
      <line num="1103" count="0" type="stmt"/>
      <line num="1104" count="0" type="stmt"/>
      <line num="1108" count="2" type="stmt"/>
      <line num="1115" count="2" type="stmt"/>
      <line num="1116" count="1" type="stmt"/>
      <line num="1117" count="2" type="stmt"/>
      <line num="1118" count="2" type="stmt"/>
      <line num="1129" count="2" type="stmt"/>
      <line num="1132" count="1" type="stmt"/>
      <line num="1141" count="1" type="stmt"/>
      <line num="1142" count="1" type="stmt"/>
      <line num="1143" count="1" type="stmt"/>
      <line num="1144" count="1" type="cond" truecount="1" falsecount="1"/>
      <line num="1145" count="1" type="cond" truecount="1" falsecount="1"/>
      <line num="1146" count="1" type="cond" truecount="2" falsecount="1"/>
      <line num="1147" count="1" type="cond" truecount="1" falsecount="2"/>
      <line num="1148" count="1" type="cond" truecount="1" falsecount="1"/>
      <line num="1149" count="1" type="cond" truecount="1" falsecount="1"/>
      <line num="1150" count="1" type="stmt"/>
      <line num="1162" count="1" type="stmt"/>
      <line num="1168" count="2" type="stmt"/>
      <line num="1169" count="1" type="stmt"/>
      <line num="1175" count="1" type="cond" truecount="1" falsecount="2"/>
      <line num="1177" count="1" type="stmt"/>
      <line num="1189" count="1" type="stmt"/>
      <line num="1190" count="1" type="stmt"/>
      <line num="1191" count="1" type="stmt"/>
      <line num="1192" count="1" type="stmt"/>
      <line num="1193" count="1" type="stmt"/>
      <line num="1194" count="1" type="stmt"/>
      <line num="1195" count="1" type="stmt"/>
      <line num="1196" count="4" type="cond" truecount="4" falsecount="1"/>
      <line num="1197" count="1" type="cond" truecount="1" falsecount="1"/>
      <line num="1198" count="1" type="cond" truecount="2" falsecount="0"/>
      <line num="1199" count="1" type="cond" truecount="2" falsecount="1"/>
      <line num="1200" count="1" type="cond" truecount="1" falsecount="1"/>
      <line num="1201" count="1" type="stmt"/>
      <line num="1212" count="1" type="stmt"/>
      <line num="1215" count="1" type="cond" truecount="1" falsecount="1"/>
      <line num="1220" count="1" type="stmt"/>
      <line num="1228" count="1" type="stmt"/>
      <line num="1233" count="1" type="stmt"/>
      <line num="1248" count="1" type="cond" truecount="2" falsecount="1"/>
      <line num="1250" count="1" type="stmt"/>
      <line num="1263" count="1" type="stmt"/>
      <line num="1264" count="1" type="stmt"/>
      <line num="1266" count="1" type="stmt"/>
      <line num="1268" count="1" type="cond" truecount="4" falsecount="1"/>
      <line num="1269" count="1" type="stmt"/>
      <line num="1271" count="0" type="stmt"/>
      <line num="1280" count="1" type="stmt"/>
      <line num="1289" count="1" type="stmt"/>
      <line num="1291" count="1" type="stmt"/>
      <line num="1299" count="1" type="stmt"/>
      <line num="1306" count="8" type="cond" truecount="2" falsecount="0"/>
      <line num="1308" count="8" type="stmt"/>
      <line num="1309" count="8" type="cond" truecount="1" falsecount="1"/>
      <line num="1310" count="0" type="stmt"/>
      <line num="1313" count="8" type="stmt"/>
      <line num="1314" count="8" type="stmt"/>
      <line num="1316" count="8" type="stmt"/>
      <line num="1335" count="8" type="stmt"/>
      <line num="1339" count="8" type="stmt"/>
      <line num="1340" count="8" type="cond" truecount="4" falsecount="0"/>
      <line num="1341" count="1" type="stmt"/>
      <line num="1344" count="7" type="stmt"/>
      <line num="1352" count="7" type="cond" truecount="2" falsecount="0"/>
      <line num="1354" count="7" type="stmt"/>
      <line num="1355" count="7" type="cond" truecount="3" falsecount="1"/>
      <line num="1356" count="0" type="stmt"/>
      <line num="1361" count="7" type="stmt"/>
      <line num="1366" count="1" type="stmt"/>
      <line num="1367" count="1" type="stmt"/>
      <line num="1369" count="1" type="stmt"/>
      <line num="1372" count="2" type="stmt"/>
      <line num="1377" count="1" type="stmt"/>
      <line num="1389" count="1" type="stmt"/>
      <line num="1397" count="3" type="cond" truecount="2" falsecount="0"/>
      <line num="1400" count="3" type="cond" truecount="1" falsecount="1"/>
      <line num="1403" count="3" type="stmt"/>
      <line num="1405" count="3" type="stmt"/>
      <line num="1406" count="0" type="stmt"/>
      <line num="1413" count="0" type="stmt"/>
      <line num="1430" count="3" type="stmt"/>
      <line num="1438" count="1" type="stmt"/>
      <line num="1439" count="1" type="stmt"/>
      <line num="1441" count="1" type="stmt"/>
      <line num="1442" count="0" type="stmt"/>
      <line num="1448" count="0" type="stmt"/>
      <line num="1472" count="1" type="stmt"/>
      <line num="1480" count="0" type="stmt"/>
      <line num="1481" count="0" type="stmt"/>
      <line num="1483" count="0" type="stmt"/>
      <line num="1494" count="0" type="stmt"/>
      <line num="1502" count="1" type="stmt"/>
      <line num="1503" count="1" type="stmt"/>
      <line num="1505" count="1" type="stmt"/>
      <line num="1515" count="1" type="stmt"/>
      <line num="1537" count="1" type="stmt"/>
      <line num="1545" count="1" type="stmt"/>
      <line num="1547" count="1" type="stmt"/>
      <line num="1562" count="1" type="stmt"/>
      <line num="1571" count="9" type="cond" truecount="3" falsecount="1"/>
      <line num="1572" count="9" type="stmt"/>
      <line num="1576" count="9" type="stmt"/>
      <line num="1577" count="9" type="stmt"/>
      <line num="1578" count="9" type="cond" truecount="2" falsecount="0"/>
      <line num="1580" count="9" type="cond" truecount="2" falsecount="0"/>
      <line num="1581" count="9" type="stmt"/>
      <line num="1582" count="10005" type="stmt"/>
      <line num="1583" count="10005" type="stmt"/>
      <line num="1589" count="9" type="stmt"/>
      <line num="1593" count="1" type="cond" truecount="1" falsecount="3"/>
      <line num="1594" count="1" type="cond" truecount="1" falsecount="3"/>
      <line num="1595" count="1" type="stmt"/>
      <line num="1598" count="1" type="stmt"/>
      <line num="1599" count="1" type="cond" truecount="1" falsecount="1"/>
      <line num="1604" count="1" type="stmt"/>
      <line num="1605" count="1" type="stmt"/>
      <line num="1606" count="4" type="cond" truecount="2" falsecount="0"/>
      <line num="1607" count="4" type="cond" truecount="2" falsecount="0"/>
      <line num="1608" count="4" type="stmt"/>
      <line num="1610" count="1" type="stmt"/>
      <line num="1615" count="1" type="cond" truecount="2" falsecount="1"/>
      <line num="1617" count="1" type="cond" truecount="2" falsecount="1"/>
      <line num="1619" count="1" type="stmt"/>
      <line num="1620" count="3" type="stmt"/>
      <line num="1621" count="3" type="stmt"/>
      <line num="1622" count="3" type="stmt"/>
      <line num="1624" count="3" type="stmt"/>
      <line num="1625" count="4" type="stmt"/>
      <line num="1632" count="1" type="stmt"/>
      <line num="1636" count="1" type="cond" truecount="1" falsecount="3"/>
      <line num="1637" count="1" type="stmt"/>
      <line num="1639" count="1" type="cond" truecount="1" falsecount="1"/>
      <line num="1640" count="1" type="cond" truecount="2" falsecount="0"/>
      <line num="1641" count="1" type="cond" truecount="2" falsecount="0"/>
      <line num="1643" count="1" type="cond" truecount="1" falsecount="1"/>
      <line num="1644" count="1" type="stmt"/>
      <line num="1645" count="4" type="stmt"/>
      <line num="1646" count="4" type="stmt"/>
      <line num="1652" count="1" type="stmt"/>
      <line num="1656" count="1" type="cond" truecount="1" falsecount="3"/>
      <line num="1657" count="1" type="stmt"/>
      <line num="1658" count="1" type="cond" truecount="1" falsecount="1"/>
      <line num="1660" count="1" type="cond" truecount="1" falsecount="1"/>
      <line num="1661" count="1" type="cond" truecount="1" falsecount="1"/>
      <line num="1662" count="1" type="cond" truecount="1" falsecount="1"/>
      <line num="1663" count="1" type="stmt"/>
      <line num="1664" count="1" type="stmt"/>
      <line num="1666" count="1" type="stmt"/>
      <line num="1667" count="9" type="stmt"/>
      <line num="1668" count="9" type="stmt"/>
      <line num="1669" count="9" type="stmt"/>
      <line num="1675" count="1" type="stmt"/>
      <line num="1680" count="0" type="stmt"/>
      <line num="1682" count="0" type="stmt"/>
      <line num="1692" count="0" type="cond" truecount="0" falsecount="2"/>
      <line num="1693" count="0" type="stmt"/>
      <line num="1698" count="0" type="stmt"/>
      <line num="1700" count="0" type="stmt"/>
      <line num="1709" count="0" type="stmt"/>
      <line num="1711" count="0" type="stmt"/>
      <line num="1720" count="0" type="stmt"/>
      <line num="1722" count="0" type="stmt"/>
      <line num="1730" count="0" type="stmt"/>
      <line num="1732" count="0" type="stmt"/>
      <line num="1741" count="0" type="stmt"/>
      <line num="1750" count="4" type="stmt"/>
      <line num="1751" count="4" type="cond" truecount="1" falsecount="1"/>
      <line num="1752" count="0" type="stmt"/>
      <line num="1754" count="4" type="cond" truecount="2" falsecount="2"/>
      <line num="1757" count="4" type="cond" truecount="1" falsecount="1"/>
      <line num="1759" count="4" type="stmt"/>
      <line num="1768" count="4" type="stmt"/>
      <line num="1769" count="4" type="cond" truecount="4" falsecount="2"/>
      <line num="1771" count="1" type="cond" truecount="1" falsecount="1"/>
      <line num="1774" count="1" type="cond" truecount="1" falsecount="1"/>
      <line num="1775" count="1" type="stmt"/>
      <line num="1776" count="1" type="cond" truecount="1" falsecount="1"/>
      <line num="1777" count="1" type="cond" truecount="1" falsecount="1"/>
      <line num="1778" count="1" type="stmt"/>
      <line num="1781" count="1" type="stmt"/>
      <line num="1783" count="1" type="stmt"/>
      <line num="1786" count="1" type="stmt"/>
      <line num="1792" count="1" type="stmt"/>
      <line num="1793" count="1" type="stmt"/>
      <line num="1796" count="1" type="stmt"/>
      <line num="1797" count="1" type="stmt"/>
      <line num="1800" count="0" type="stmt"/>
      <line num="1801" count="0" type="stmt"/>
      <line num="1804" count="0" type="stmt"/>
      <line num="1807" count="4" type="stmt"/>
      <line num="1808" count="4" type="stmt"/>
      <line num="1810" count="0" type="stmt"/>
      <line num="1811" count="0" type="stmt"/>
      <line num="1812" count="0" type="stmt"/>
      <line num="1815" count="4" type="stmt"/>
      <line num="1820" count="2" type="stmt"/>
      <line num="1821" count="2" type="cond" truecount="1" falsecount="1"/>
      <line num="1825" count="8" type="stmt"/>
      <line num="1826" count="8" type="stmt"/>
      <line num="1828" count="8" type="cond" truecount="4" falsecount="0"/>
      <line num="1829" count="3" type="stmt"/>
      <line num="1830" count="9" type="stmt"/>
      <line num="1831" count="9" type="cond" truecount="2" falsecount="0"/>
      <line num="1832" count="4" type="stmt"/>
      <line num="1841" count="8" type="stmt"/>
      <line num="1845" count="8" type="stmt"/>
      <line num="1846" count="8" type="stmt"/>
      <line num="1848" count="8" type="cond" truecount="2" falsecount="0"/>
      <line num="1849" count="4" type="stmt"/>
      <line num="1850" count="21" type="stmt"/>
      <line num="1854" count="8" type="stmt"/>
      <line num="1858" count="2" type="cond" truecount="1" falsecount="1"/>
      <line num="1863" count="2" type="cond" truecount="2" falsecount="0"/>
      <line num="1864" count="2" type="stmt"/>
      <line num="1868" count="2" type="stmt"/>
      <line num="1876" count="2" type="cond" truecount="1" falsecount="1"/>
      <line num="1880" count="1" type="stmt"/>
      <line num="1887" count="1" type="cond" truecount="1" falsecount="1"/>
      <line num="1891" count="1" type="stmt"/>
      <line num="1896" count="7" type="stmt"/>
      <line num="1897" count="7" type="stmt"/>
      <line num="1903" count="0" type="stmt"/>
      <line num="1907" count="0" type="stmt"/>
      <line num="1911" count="0" type="stmt"/>
      <line num="1915" count="0" type="stmt"/>
      <line num="1919" count="0" type="stmt"/>
      <line num="1923" count="0" type="stmt"/>
      <line num="1927" count="1" type="stmt"/>
      <line num="1940" count="1" type="stmt"/>
      <line num="1943" count="1" type="stmt"/>
      <line num="1946" count="1" type="stmt"/>
      <line num="1949" count="1" type="stmt"/>
      <line num="1952" count="0" type="stmt"/>
      <line num="1955" count="2" type="cond" truecount="1" falsecount="1"/>
      <line num="1958" count="1" type="cond" truecount="1" falsecount="1"/>
      <line num="1961" count="1" type="stmt"/>
      <line num="1964" count="0" type="stmt"/>
      <line num="1967" count="0" type="stmt"/>
      <line num="1970" count="0" type="stmt"/>
      <line num="1973" count="1" type="stmt"/>
      <line num="1976" count="1" type="stmt"/>
      <line num="1979" count="1" type="stmt"/>
      <line num="1982" count="1" type="stmt"/>
      <line num="1985" count="1" type="stmt"/>
      <line num="1988" count="1" type="stmt"/>
      <line num="1991" count="1" type="stmt"/>
      <line num="1994" count="0" type="stmt"/>
      <line num="1997" count="0" type="stmt"/>
      <line num="2000" count="0" type="stmt"/>
      <line num="2003" count="0" type="stmt"/>
      <line num="2006" count="0" type="stmt"/>
      <line num="2009" count="0" type="stmt"/>
      <line num="2013" count="1" type="stmt"/>
    </file>
  </project>
</coverage>
