{"/Users/brianlong/Documents/GitHub/intelgraph/server/src/services/AdvancedAnalyticsService.js": {"path":"/Users/brianlong/Documents/GitHub/intelgraph/server/src/services/AdvancedAnalyticsService.js","statementMap":{"0":{"start":{"line":6,"column":21},"end":{"line":6,"column":38}},"1":{"start":{"line":7,"column":23},"end":{"line":7,"column":38}},"2":{"start":{"line":11,"column":4},"end":{"line":11,"column":12}},"3":{"start":{"line":12,"column":4},"end":{"line":12,"column":35}},"4":{"start":{"line":13,"column":4},"end":{"line":13,"column":47}},"5":{"start":{"line":14,"column":4},"end":{"line":14,"column":47}},"6":{"start":{"line":15,"column":4},"end":{"line":15,"column":25}},"7":{"start":{"line":17,"column":4},"end":{"line":17,"column":30}},"8":{"start":{"line":18,"column":4},"end":{"line":18,"column":35}},"9":{"start":{"line":19,"column":4},"end":{"line":19,"column":37}},"10":{"start":{"line":20,"column":4},"end":{"line":20,"column":38}},"11":{"start":{"line":21,"column":4},"end":{"line":21,"column":38}},"12":{"start":{"line":23,"column":4},"end":{"line":31,"column":6}},"13":{"start":{"line":33,"column":4},"end":{"line":33,"column":30}},"14":{"start":{"line":34,"column":4},"end":{"line":34,"column":38}},"15":{"start":{"line":35,"column":4},"end":{"line":35,"column":32}},"16":{"start":{"line":39,"column":4},"end":{"line":52,"column":7}},"17":{"start":{"line":54,"column":4},"end":{"line":67,"column":7}},"18":{"start":{"line":69,"column":4},"end":{"line":82,"column":7}},"19":{"start":{"line":84,"column":4},"end":{"line":97,"column":7}},"20":{"start":{"line":99,"column":4},"end":{"line":112,"column":7}},"21":{"start":{"line":114,"column":4},"end":{"line":127,"column":7}},"22":{"start":{"line":131,"column":4},"end":{"line":142,"column":7}},"23":{"start":{"line":144,"column":4},"end":{"line":155,"column":7}},"24":{"start":{"line":157,"column":4},"end":{"line":168,"column":7}},"25":{"start":{"line":170,"column":4},"end":{"line":181,"column":7}},"26":{"start":{"line":185,"column":4},"end":{"line":189,"column":14}},"27":{"start":{"line":186,"column":6},"end":{"line":186,"column":35}},"28":{"start":{"line":187,"column":6},"end":{"line":187,"column":35}},"29":{"start":{"line":188,"column":6},"end":{"line":188,"column":33}},"30":{"start":{"line":193,"column":23},"end":{"line":195,"column":5}},"31":{"start":{"line":194,"column":15},"end":{"line":194,"column":69}},"32":{"start":{"line":197,"column":4},"end":{"line":222,"column":5}},"33":{"start":{"line":198,"column":6},"end":{"line":221,"column":7}},"34":{"start":{"line":199,"column":8},"end":{"line":220,"column":9}},"35":{"start":{"line":200,"column":10},"end":{"line":200,"column":36}},"36":{"start":{"line":201,"column":10},"end":{"line":201,"column":37}},"37":{"start":{"line":202,"column":10},"end":{"line":202,"column":45}},"38":{"start":{"line":204,"column":26},"end":{"line":204,"column":61}},"39":{"start":{"line":205,"column":10},"end":{"line":205,"column":32}},"40":{"start":{"line":206,"column":10},"end":{"line":206,"column":35}},"41":{"start":{"line":207,"column":10},"end":{"line":207,"column":35}},"42":{"start":{"line":208,"column":10},"end":{"line":208,"column":58}},"43":{"start":{"line":210,"column":10},"end":{"line":210,"column":44}},"44":{"start":{"line":211,"column":10},"end":{"line":211,"column":60}},"45":{"start":{"line":212,"column":10},"end":{"line":212,"column":47}},"46":{"start":{"line":214,"column":10},"end":{"line":214,"column":32}},"47":{"start":{"line":215,"column":10},"end":{"line":215,"column":36}},"48":{"start":{"line":216,"column":10},"end":{"line":216,"column":35}},"49":{"start":{"line":217,"column":10},"end":{"line":217,"column":41}},"50":{"start":{"line":218,"column":10},"end":{"line":218,"column":60}},"51":{"start":{"line":219,"column":10},"end":{"line":219,"column":44}},"52":{"start":{"line":226,"column":4},"end":{"line":245,"column":5}},"53":{"start":{"line":228,"column":8},"end":{"line":228,"column":64}},"54":{"start":{"line":230,"column":8},"end":{"line":230,"column":70}},"55":{"start":{"line":232,"column":8},"end":{"line":232,"column":68}},"56":{"start":{"line":234,"column":8},"end":{"line":234,"column":61}},"57":{"start":{"line":236,"column":8},"end":{"line":236,"column":68}},"58":{"start":{"line":238,"column":8},"end":{"line":238,"column":67}},"59":{"start":{"line":240,"column":8},"end":{"line":240,"column":63}},"60":{"start":{"line":242,"column":8},"end":{"line":242,"column":63}},"61":{"start":{"line":244,"column":8},"end":{"line":244,"column":67}},"62":{"start":{"line":254,"column":8},"end":{"line":254,"column":14}},"63":{"start":{"line":257,"column":20},"end":{"line":257,"column":46}},"64":{"start":{"line":258,"column":4},"end":{"line":343,"column":5}},"65":{"start":{"line":259,"column":25},"end":{"line":263,"column":7}},"66":{"start":{"line":264,"column":21},"end":{"line":264,"column":71}},"67":{"start":{"line":266,"column":20},"end":{"line":266,"column":29}},"68":{"start":{"line":267,"column":20},"end":{"line":267,"column":22}},"69":{"start":{"line":269,"column":6},"end":{"line":287,"column":9}},"70":{"start":{"line":270,"column":22},"end":{"line":270,"column":37}},"71":{"start":{"line":271,"column":22},"end":{"line":271,"column":37}},"72":{"start":{"line":272,"column":29},"end":{"line":272,"column":44}},"73":{"start":{"line":274,"column":8},"end":{"line":276,"column":9}},"74":{"start":{"line":275,"column":10},"end":{"line":275,"column":59}},"75":{"start":{"line":277,"column":8},"end":{"line":279,"column":9}},"76":{"start":{"line":278,"column":10},"end":{"line":278,"column":59}},"77":{"start":{"line":281,"column":8},"end":{"line":286,"column":11}},"78":{"start":{"line":290,"column":26},"end":{"line":290,"column":28}},"79":{"start":{"line":291,"column":23},"end":{"line":291,"column":47}},"80":{"start":{"line":293,"column":6},"end":{"line":326,"column":7}},"81":{"start":{"line":293,"column":19},"end":{"line":293,"column":20}},"82":{"start":{"line":294,"column":8},"end":{"line":325,"column":9}},"83":{"start":{"line":294,"column":21},"end":{"line":294,"column":26}},"84":{"start":{"line":295,"column":24},"end":{"line":295,"column":35}},"85":{"start":{"line":296,"column":24},"end":{"line":296,"column":35}},"86":{"start":{"line":299,"column":31},"end":{"line":303,"column":11}},"87":{"start":{"line":301,"column":14},"end":{"line":302,"column":56}},"88":{"start":{"line":305,"column":10},"end":{"line":324,"column":11}},"89":{"start":{"line":306,"column":29},"end":{"line":311,"column":13}},"90":{"start":{"line":312,"column":32},"end":{"line":312,"column":69}},"91":{"start":{"line":314,"column":12},"end":{"line":323,"column":13}},"92":{"start":{"line":315,"column":14},"end":{"line":322,"column":17}},"93":{"start":{"line":329,"column":6},"end":{"line":329,"column":64}},"94":{"start":{"line":329,"column":33},"end":{"line":329,"column":62}},"95":{"start":{"line":330,"column":6},"end":{"line":330,"column":62}},"96":{"start":{"line":332,"column":6},"end":{"line":340,"column":8}},"97":{"start":{"line":342,"column":6},"end":{"line":342,"column":28}},"98":{"start":{"line":348,"column":23},"end":{"line":350,"column":61}},"99":{"start":{"line":349,"column":21},"end":{"line":349,"column":61}},"100":{"start":{"line":350,"column":19},"end":{"line":350,"column":59}},"101":{"start":{"line":351,"column":23},"end":{"line":353,"column":61}},"102":{"start":{"line":352,"column":21},"end":{"line":352,"column":61}},"103":{"start":{"line":353,"column":19},"end":{"line":353,"column":59}},"104":{"start":{"line":355,"column":28},"end":{"line":355,"column":76}},"105":{"start":{"line":355,"column":53},"end":{"line":355,"column":75}},"106":{"start":{"line":358,"column":18},"end":{"line":358,"column":57}},"107":{"start":{"line":359,"column":25},"end":{"line":359,"column":60}},"108":{"start":{"line":362,"column":24},"end":{"line":362,"column":41}},"109":{"start":{"line":363,"column":24},"end":{"line":363,"column":41}},"110":{"start":{"line":366,"column":31},"end":{"line":366,"column":78}},"111":{"start":{"line":368,"column":4},"end":{"line":375,"column":6}},"112":{"start":{"line":380,"column":20},"end":{"line":387,"column":5}},"113":{"start":{"line":389,"column":16},"end":{"line":389,"column":17}},"114":{"start":{"line":390,"column":4},"end":{"line":394,"column":7}},"115":{"start":{"line":391,"column":6},"end":{"line":393,"column":7}},"116":{"start":{"line":392,"column":8},"end":{"line":392,"column":61}},"117":{"start":{"line":397,"column":4},"end":{"line":397,"column":38}},"118":{"start":{"line":405,"column":8},"end":{"line":405,"column":14}},"119":{"start":{"line":407,"column":20},"end":{"line":407,"column":46}},"120":{"start":{"line":408,"column":4},"end":{"line":451,"column":5}},"121":{"start":{"line":409,"column":28},"end":{"line":414,"column":7}},"122":{"start":{"line":416,"column":21},"end":{"line":419,"column":8}},"123":{"start":{"line":420,"column":30},"end":{"line":420,"column":32}},"124":{"start":{"line":422,"column":6},"end":{"line":439,"column":7}},"125":{"start":{"line":423,"column":23},"end":{"line":423,"column":38}},"126":{"start":{"line":424,"column":25},"end":{"line":424,"column":76}},"127":{"start":{"line":425,"column":31},"end":{"line":428,"column":9}},"128":{"start":{"line":430,"column":8},"end":{"line":438,"column":11}},"129":{"start":{"line":441,"column":6},"end":{"line":448,"column":8}},"130":{"start":{"line":450,"column":6},"end":{"line":450,"column":28}},"131":{"start":{"line":455,"column":21},"end":{"line":486,"column":5}},"132":{"start":{"line":488,"column":4},"end":{"line":488,"column":20}},"133":{"start":{"line":492,"column":19},"end":{"line":492,"column":21}},"134":{"start":{"line":495,"column":4},"end":{"line":495,"column":22}},"135":{"start":{"line":496,"column":4},"end":{"line":496,"column":66}},"136":{"start":{"line":496,"column":45},"end":{"line":496,"column":66}},"137":{"start":{"line":497,"column":4},"end":{"line":501,"column":27}},"138":{"start":{"line":501,"column":6},"end":{"line":501,"column":27}},"139":{"start":{"line":502,"column":4},"end":{"line":502,"column":75}},"140":{"start":{"line":502,"column":53},"end":{"line":502,"column":75}},"141":{"start":{"line":505,"column":4},"end":{"line":505,"column":28}},"142":{"start":{"line":506,"column":4},"end":{"line":506,"column":74}},"143":{"start":{"line":506,"column":47},"end":{"line":506,"column":74}},"144":{"start":{"line":507,"column":4},"end":{"line":508,"column":34}},"145":{"start":{"line":508,"column":6},"end":{"line":508,"column":34}},"146":{"start":{"line":509,"column":4},"end":{"line":509,"column":76}},"147":{"start":{"line":509,"column":48},"end":{"line":509,"column":76}},"148":{"start":{"line":512,"column":4},"end":{"line":512,"column":24}},"149":{"start":{"line":513,"column":4},"end":{"line":513,"column":72}},"150":{"start":{"line":513,"column":49},"end":{"line":513,"column":72}},"151":{"start":{"line":514,"column":4},"end":{"line":514,"column":75}},"152":{"start":{"line":514,"column":51},"end":{"line":514,"column":75}},"153":{"start":{"line":517,"column":4},"end":{"line":517,"column":21}},"154":{"start":{"line":518,"column":4},"end":{"line":518,"column":69}},"155":{"start":{"line":518,"column":49},"end":{"line":518,"column":69}},"156":{"start":{"line":519,"column":4},"end":{"line":519,"column":74}},"157":{"start":{"line":519,"column":53},"end":{"line":519,"column":74}},"158":{"start":{"line":520,"column":4},"end":{"line":520,"column":65}},"159":{"start":{"line":520,"column":45},"end":{"line":520,"column":65}},"160":{"start":{"line":523,"column":25},"end":{"line":525,"column":36}},"161":{"start":{"line":524,"column":26},"end":{"line":524,"column":60}},"162":{"start":{"line":525,"column":30},"end":{"line":525,"column":35}},"163":{"start":{"line":527,"column":21},"end":{"line":527,"column":39}},"164":{"start":{"line":528,"column":23},"end":{"line":528,"column":56}},"165":{"start":{"line":530,"column":4},"end":{"line":537,"column":6}},"166":{"start":{"line":536,"column":33},"end":{"line":536,"column":60}},"167":{"start":{"line":546,"column":8},"end":{"line":546,"column":14}},"168":{"start":{"line":548,"column":20},"end":{"line":548,"column":46}},"169":{"start":{"line":549,"column":4},"end":{"line":598,"column":5}},"170":{"start":{"line":551,"column":28},"end":{"line":558,"column":7}},"171":{"start":{"line":560,"column":21},"end":{"line":563,"column":8}},"172":{"start":{"line":564,"column":27},"end":{"line":564,"column":67}},"173":{"start":{"line":566,"column":26},"end":{"line":566,"column":28}},"174":{"start":{"line":568,"column":6},"end":{"line":585,"column":7}},"175":{"start":{"line":569,"column":34},"end":{"line":572,"column":9}},"176":{"start":{"line":573,"column":27},"end":{"line":576,"column":9}},"177":{"start":{"line":578,"column":8},"end":{"line":584,"column":11}},"178":{"start":{"line":587,"column":6},"end":{"line":595,"column":8}},"179":{"start":{"line":597,"column":6},"end":{"line":597,"column":28}},"180":{"start":{"line":602,"column":25},"end":{"line":602,"column":27}},"181":{"start":{"line":604,"column":4},"end":{"line":614,"column":7}},"182":{"start":{"line":605,"column":27},"end":{"line":605,"column":42}},"183":{"start":{"line":606,"column":6},"end":{"line":613,"column":7}},"184":{"start":{"line":607,"column":8},"end":{"line":612,"column":11}},"185":{"start":{"line":616,"column":4},"end":{"line":616,"column":66}},"186":{"start":{"line":616,"column":39},"end":{"line":616,"column":64}},"187":{"start":{"line":620,"column":25},"end":{"line":622,"column":5}},"188":{"start":{"line":621,"column":6},"end":{"line":621,"column":52}},"189":{"start":{"line":624,"column":4},"end":{"line":626,"column":5}},"190":{"start":{"line":625,"column":6},"end":{"line":625,"column":68}},"191":{"start":{"line":629,"column":24},"end":{"line":629,"column":63}},"192":{"start":{"line":630,"column":24},"end":{"line":630,"column":65}},"193":{"start":{"line":630,"column":52},"end":{"line":630,"column":64}},"194":{"start":{"line":633,"column":18},"end":{"line":633,"column":50}},"195":{"start":{"line":635,"column":6},"end":{"line":635,"column":75}},"196":{"start":{"line":635,"column":40},"end":{"line":635,"column":50}},"197":{"start":{"line":637,"column":4},"end":{"line":644,"column":6}},"198":{"start":{"line":648,"column":4},"end":{"line":654,"column":5}},"199":{"start":{"line":649,"column":6},"end":{"line":653,"column":8}},"200":{"start":{"line":656,"column":28},"end":{"line":656,"column":55}},"201":{"start":{"line":659,"column":4},"end":{"line":663,"column":5}},"202":{"start":{"line":660,"column":6},"end":{"line":660,"column":31}},"203":{"start":{"line":661,"column":11},"end":{"line":663,"column":5}},"204":{"start":{"line":662,"column":6},"end":{"line":662,"column":31}},"205":{"start":{"line":666,"column":4},"end":{"line":668,"column":5}},"206":{"start":{"line":667,"column":6},"end":{"line":667,"column":64}},"207":{"start":{"line":670,"column":27},"end":{"line":670,"column":76}},"208":{"start":{"line":671,"column":23},"end":{"line":674,"column":5}},"209":{"start":{"line":676,"column":20},"end":{"line":676,"column":22}},"210":{"start":{"line":677,"column":4},"end":{"line":678,"column":55}},"211":{"start":{"line":678,"column":6},"end":{"line":678,"column":55}},"212":{"start":{"line":679,"column":4},"end":{"line":680,"column":49}},"213":{"start":{"line":680,"column":6},"end":{"line":680,"column":49}},"214":{"start":{"line":681,"column":4},"end":{"line":683,"column":6}},"215":{"start":{"line":685,"column":4},"end":{"line":691,"column":6}},"216":{"start":{"line":699,"column":8},"end":{"line":699,"column":14}},"217":{"start":{"line":701,"column":20},"end":{"line":701,"column":46}},"218":{"start":{"line":702,"column":4},"end":{"line":742,"column":5}},"219":{"start":{"line":703,"column":25},"end":{"line":703,"column":27}},"220":{"start":{"line":705,"column":6},"end":{"line":730,"column":7}},"221":{"start":{"line":706,"column":28},"end":{"line":710,"column":9}},"222":{"start":{"line":712,"column":23},"end":{"line":715,"column":10}},"223":{"start":{"line":716,"column":8},"end":{"line":716,"column":50}},"224":{"start":{"line":716,"column":41},"end":{"line":716,"column":50}},"225":{"start":{"line":718,"column":23},"end":{"line":718,"column":40}},"226":{"start":{"line":719,"column":23},"end":{"line":719,"column":49}},"227":{"start":{"line":720,"column":32},"end":{"line":720,"column":72}},"228":{"start":{"line":721,"column":30},"end":{"line":721,"column":57}},"229":{"start":{"line":723,"column":31},"end":{"line":728,"column":9}},"230":{"start":{"line":729,"column":8},"end":{"line":729,"column":40}},"231":{"start":{"line":732,"column":6},"end":{"line":739,"column":8}},"232":{"start":{"line":735,"column":46},"end":{"line":735,"column":71}},"233":{"start":{"line":741,"column":6},"end":{"line":741,"column":28}},"234":{"start":{"line":751,"column":27},"end":{"line":751,"column":29}},"235":{"start":{"line":753,"column":4},"end":{"line":755,"column":5}},"236":{"start":{"line":754,"column":6},"end":{"line":754,"column":72}},"237":{"start":{"line":757,"column":4},"end":{"line":760,"column":5}},"238":{"start":{"line":758,"column":28},"end":{"line":758,"column":69}},"239":{"start":{"line":759,"column":6},"end":{"line":759,"column":46}},"240":{"start":{"line":762,"column":4},"end":{"line":768,"column":5}},"241":{"start":{"line":763,"column":31},"end":{"line":766,"column":7}},"242":{"start":{"line":767,"column":6},"end":{"line":767,"column":53}},"243":{"start":{"line":770,"column":4},"end":{"line":773,"column":5}},"244":{"start":{"line":771,"column":28},"end":{"line":771,"column":69}},"245":{"start":{"line":772,"column":6},"end":{"line":772,"column":46}},"246":{"start":{"line":776,"column":20},"end":{"line":781,"column":5}},"247":{"start":{"line":783,"column":20},"end":{"line":783,"column":21}},"248":{"start":{"line":784,"column":4},"end":{"line":788,"column":7}},"249":{"start":{"line":785,"column":6},"end":{"line":787,"column":7}},"250":{"start":{"line":786,"column":8},"end":{"line":786,"column":68}},"251":{"start":{"line":790,"column":22},"end":{"line":790,"column":56}},"252":{"start":{"line":792,"column":4},"end":{"line":803,"column":6}},"253":{"start":{"line":812,"column":8},"end":{"line":812,"column":14}},"254":{"start":{"line":814,"column":20},"end":{"line":814,"column":46}},"255":{"start":{"line":815,"column":4},"end":{"line":858,"column":5}},"256":{"start":{"line":817,"column":25},"end":{"line":821,"column":7}},"257":{"start":{"line":823,"column":21},"end":{"line":823,"column":71}},"258":{"start":{"line":824,"column":20},"end":{"line":828,"column":9}},"259":{"start":{"line":824,"column":52},"end":{"line":828,"column":7}},"260":{"start":{"line":830,"column":26},"end":{"line":835,"column":7}},"261":{"start":{"line":838,"column":32},"end":{"line":841,"column":7}},"262":{"start":{"line":843,"column":6},"end":{"line":843,"column":60}},"263":{"start":{"line":845,"column":6},"end":{"line":855,"column":8}},"264":{"start":{"line":857,"column":6},"end":{"line":857,"column":28}},"265":{"start":{"line":863,"column":18},"end":{"line":863,"column":48}},"266":{"start":{"line":864,"column":18},"end":{"line":866,"column":5}},"267":{"start":{"line":865,"column":35},"end":{"line":865,"column":43}},"268":{"start":{"line":865,"column":66},"end":{"line":865,"column":74}},"269":{"start":{"line":870,"column":4},"end":{"line":882,"column":5}},"270":{"start":{"line":872,"column":8},"end":{"line":872,"column":69}},"271":{"start":{"line":873,"column":8},"end":{"line":873,"column":14}},"272":{"start":{"line":875,"column":8},"end":{"line":875,"column":70}},"273":{"start":{"line":876,"column":8},"end":{"line":876,"column":14}},"274":{"start":{"line":878,"column":8},"end":{"line":878,"column":60}},"275":{"start":{"line":879,"column":8},"end":{"line":879,"column":14}},"276":{"start":{"line":881,"column":8},"end":{"line":881,"column":70}},"277":{"start":{"line":885,"column":4},"end":{"line":887,"column":6}},"278":{"start":{"line":886,"column":21},"end":{"line":886,"column":65}},"279":{"start":{"line":892,"column":24},"end":{"line":892,"column":26}},"280":{"start":{"line":893,"column":20},"end":{"line":893,"column":29}},"281":{"start":{"line":895,"column":4},"end":{"line":912,"column":5}},"282":{"start":{"line":896,"column":6},"end":{"line":911,"column":7}},"283":{"start":{"line":897,"column":26},"end":{"line":902,"column":9}},"284":{"start":{"line":903,"column":8},"end":{"line":910,"column":9}},"285":{"start":{"line":904,"column":10},"end":{"line":909,"column":13}},"286":{"start":{"line":914,"column":4},"end":{"line":914,"column":23}},"287":{"start":{"line":918,"column":22},"end":{"line":918,"column":33}},"288":{"start":{"line":919,"column":18},"end":{"line":919,"column":29}},"289":{"start":{"line":920,"column":4},"end":{"line":920,"column":27}},"290":{"start":{"line":922,"column":4},"end":{"line":933,"column":5}},"291":{"start":{"line":923,"column":26},"end":{"line":923,"column":39}},"292":{"start":{"line":924,"column":24},"end":{"line":924,"column":48}},"293":{"start":{"line":926,"column":6},"end":{"line":932,"column":7}},"294":{"start":{"line":927,"column":8},"end":{"line":931,"column":9}},"295":{"start":{"line":928,"column":10},"end":{"line":928,"column":32}},"296":{"start":{"line":929,"column":10},"end":{"line":929,"column":35}},"297":{"start":{"line":930,"column":10},"end":{"line":930,"column":31}},"298":{"start":{"line":935,"column":4},"end":{"line":935,"column":21}},"299":{"start":{"line":939,"column":4},"end":{"line":964,"column":5}},"300":{"start":{"line":940,"column":29},"end":{"line":940,"column":65}},"301":{"start":{"line":942,"column":6},"end":{"line":961,"column":7}},"302":{"start":{"line":943,"column":8},"end":{"line":960,"column":9}},"303":{"start":{"line":944,"column":28},"end":{"line":948,"column":11}},"304":{"start":{"line":950,"column":10},"end":{"line":959,"column":11}},"305":{"start":{"line":951,"column":12},"end":{"line":956,"column":15}},"306":{"start":{"line":958,"column":12},"end":{"line":958,"column":63}},"307":{"start":{"line":963,"column":6},"end":{"line":963,"column":60}},"308":{"start":{"line":968,"column":20},"end":{"line":968,"column":46}},"309":{"start":{"line":969,"column":4},"end":{"line":1000,"column":5}},"310":{"start":{"line":970,"column":6},"end":{"line":997,"column":7}},"311":{"start":{"line":972,"column":10},"end":{"line":976,"column":12}},"312":{"start":{"line":978,"column":10},"end":{"line":982,"column":12}},"313":{"start":{"line":984,"column":10},"end":{"line":988,"column":12}},"314":{"start":{"line":990,"column":10},"end":{"line":994,"column":12}},"315":{"start":{"line":996,"column":10},"end":{"line":996,"column":20}},"316":{"start":{"line":999,"column":6},"end":{"line":999,"column":28}},"317":{"start":{"line":1004,"column":18},"end":{"line":1008,"column":5}},"318":{"start":{"line":1010,"column":19},"end":{"line":1010,"column":64}},"319":{"start":{"line":1011,"column":22},"end":{"line":1011,"column":24}},"320":{"start":{"line":1013,"column":20},"end":{"line":1015,"column":5}},"321":{"start":{"line":1014,"column":6},"end":{"line":1014,"column":37}},"322":{"start":{"line":1016,"column":22},"end":{"line":1016,"column":77}},"323":{"start":{"line":1016,"column":49},"end":{"line":1016,"column":56}},"324":{"start":{"line":1017,"column":19},"end":{"line":1020,"column":5}},"325":{"start":{"line":1018,"column":33},"end":{"line":1018,"column":65}},"326":{"start":{"line":1022,"column":4},"end":{"line":1040,"column":7}},"327":{"start":{"line":1023,"column":19},"end":{"line":1023,"column":45}},"328":{"start":{"line":1024,"column":21},"end":{"line":1024,"column":52}},"329":{"start":{"line":1027,"column":21},"end":{"line":1027,"column":60}},"330":{"start":{"line":1028,"column":6},"end":{"line":1039,"column":7}},"331":{"start":{"line":1030,"column":8},"end":{"line":1038,"column":11}},"332":{"start":{"line":1042,"column":4},"end":{"line":1042,"column":21}},"333":{"start":{"line":1048,"column":18},"end":{"line":1048,"column":20}},"334":{"start":{"line":1049,"column":4},"end":{"line":1054,"column":7}},"335":{"start":{"line":1050,"column":6},"end":{"line":1050,"column":55}},"336":{"start":{"line":1050,"column":31},"end":{"line":1050,"column":55}},"337":{"start":{"line":1051,"column":6},"end":{"line":1051,"column":55}},"338":{"start":{"line":1051,"column":31},"end":{"line":1051,"column":55}},"339":{"start":{"line":1052,"column":6},"end":{"line":1052,"column":43}},"340":{"start":{"line":1053,"column":6},"end":{"line":1053,"column":43}},"341":{"start":{"line":1056,"column":18},"end":{"line":1056,"column":30}},"342":{"start":{"line":1057,"column":20},"end":{"line":1057,"column":36}},"343":{"start":{"line":1059,"column":4},"end":{"line":1073,"column":5}},"344":{"start":{"line":1060,"column":34},"end":{"line":1060,"column":47}},"345":{"start":{"line":1062,"column":6},"end":{"line":1064,"column":7}},"346":{"start":{"line":1063,"column":8},"end":{"line":1063,"column":24}},"347":{"start":{"line":1066,"column":24},"end":{"line":1066,"column":44}},"348":{"start":{"line":1067,"column":6},"end":{"line":1072,"column":7}},"349":{"start":{"line":1068,"column":8},"end":{"line":1071,"column":9}},"350":{"start":{"line":1069,"column":10},"end":{"line":1069,"column":32}},"351":{"start":{"line":1070,"column":10},"end":{"line":1070,"column":47}},"352":{"start":{"line":1075,"column":4},"end":{"line":1075,"column":20}},"353":{"start":{"line":1080,"column":6},"end":{"line":1080,"column":73}},"354":{"start":{"line":1081,"column":4},"end":{"line":1082,"column":74}},"355":{"start":{"line":1087,"column":16},"end":{"line":1095,"column":5}},"356":{"start":{"line":1097,"column":4},"end":{"line":1097,"column":40}},"357":{"start":{"line":1098,"column":4},"end":{"line":1098,"column":34}},"358":{"start":{"line":1100,"column":4},"end":{"line":1100,"column":38}},"359":{"start":{"line":1101,"column":4},"end":{"line":1101,"column":15}},"360":{"start":{"line":1105,"column":4},"end":{"line":1105,"column":41}},"361":{"start":{"line":1109,"column":4},"end":{"line":1111,"column":6}},"362":{"start":{"line":1110,"column":15},"end":{"line":1110,"column":69}},"363":{"start":{"line":1116,"column":6},"end":{"line":1121,"column":13}},"364":{"start":{"line":1123,"column":4},"end":{"line":1127,"column":6}},"365":{"start":{"line":1131,"column":4},"end":{"line":1134,"column":8}},"366":{"start":{"line":1131,"column":69},"end":{"line":1134,"column":5}},"367":{"start":{"line":1138,"column":4},"end":{"line":1143,"column":6}},"368":{"start":{"line":1139,"column":27},"end":{"line":1142,"column":7}},"369":{"start":{"line":1148,"column":20},"end":{"line":1148,"column":22}},"370":{"start":{"line":1149,"column":4},"end":{"line":1150,"column":69}},"371":{"start":{"line":1150,"column":6},"end":{"line":1150,"column":69}},"372":{"start":{"line":1151,"column":4},"end":{"line":1152,"column":46}},"373":{"start":{"line":1152,"column":6},"end":{"line":1152,"column":46}},"374":{"start":{"line":1153,"column":4},"end":{"line":1154,"column":46}},"375":{"start":{"line":1154,"column":6},"end":{"line":1154,"column":46}},"376":{"start":{"line":1155,"column":4},"end":{"line":1155,"column":30}},"377":{"start":{"line":1159,"column":4},"end":{"line":1165,"column":6}},"378":{"start":{"line":1169,"column":4},"end":{"line":1182,"column":5}},"379":{"start":{"line":1171,"column":8},"end":{"line":1173,"column":67}},"380":{"start":{"line":1175,"column":8},"end":{"line":1175,"column":65}},"381":{"start":{"line":1177,"column":8},"end":{"line":1177,"column":63}},"382":{"start":{"line":1179,"column":8},"end":{"line":1179,"column":65}},"383":{"start":{"line":1181,"column":8},"end":{"line":1181,"column":69}},"384":{"start":{"line":1186,"column":20},"end":{"line":1186,"column":46}},"385":{"start":{"line":1187,"column":4},"end":{"line":1195,"column":5}},"386":{"start":{"line":1188,"column":21},"end":{"line":1191,"column":8}},"387":{"start":{"line":1192,"column":6},"end":{"line":1192,"column":75}},"388":{"start":{"line":1192,"column":44},"end":{"line":1192,"column":73}},"389":{"start":{"line":1194,"column":6},"end":{"line":1194,"column":28}},"390":{"start":{"line":1200,"column":4},"end":{"line":1200,"column":57}},"391":{"start":{"line":1200,"column":44},"end":{"line":1200,"column":57}},"392":{"start":{"line":1201,"column":4},"end":{"line":1201,"column":55}},"393":{"start":{"line":1201,"column":43},"end":{"line":1201,"column":55}},"394":{"start":{"line":1203,"column":21},"end":{"line":1207,"column":5}},"395":{"start":{"line":1209,"column":4},"end":{"line":1209,"column":71}},"396":{"start":{"line":1213,"column":4},"end":{"line":1213,"column":37}},"397":{"start":{"line":1213,"column":27},"end":{"line":1213,"column":37}},"398":{"start":{"line":1215,"column":20},"end":{"line":1215,"column":22}},"399":{"start":{"line":1216,"column":22},"end":{"line":1216,"column":39}},"400":{"start":{"line":1217,"column":20},"end":{"line":1217,"column":51}},"401":{"start":{"line":1218,"column":21},"end":{"line":1218,"column":53}},"402":{"start":{"line":1220,"column":4},"end":{"line":1233,"column":5}},"403":{"start":{"line":1221,"column":17},"end":{"line":1221,"column":36}},"404":{"start":{"line":1225,"column":26},"end":{"line":1225,"column":40}},"405":{"start":{"line":1226,"column":24},"end":{"line":1226,"column":49}},"406":{"start":{"line":1228,"column":20},"end":{"line":1230,"column":14}},"407":{"start":{"line":1229,"column":15},"end":{"line":1229,"column":68}},"408":{"start":{"line":1232,"column":6},"end":{"line":1232,"column":66}},"409":{"start":{"line":1235,"column":4},"end":{"line":1235,"column":19}},"410":{"start":{"line":1239,"column":4},"end":{"line":1239,"column":44}},"411":{"start":{"line":1239,"column":27},"end":{"line":1239,"column":44}},"412":{"start":{"line":1241,"column":21},"end":{"line":1241,"column":22}},"413":{"start":{"line":1242,"column":21},"end":{"line":1242,"column":22}},"414":{"start":{"line":1244,"column":4},"end":{"line":1247,"column":5}},"415":{"start":{"line":1244,"column":17},"end":{"line":1244,"column":18}},"416":{"start":{"line":1245,"column":6},"end":{"line":1246,"column":55}},"417":{"start":{"line":1245,"column":37},"end":{"line":1245,"column":50}},"418":{"start":{"line":1246,"column":11},"end":{"line":1246,"column":55}},"419":{"start":{"line":1246,"column":42},"end":{"line":1246,"column":55}},"420":{"start":{"line":1249,"column":4},"end":{"line":1249,"column":59}},"421":{"start":{"line":1249,"column":39},"end":{"line":1249,"column":59}},"422":{"start":{"line":1250,"column":4},"end":{"line":1250,"column":59}},"423":{"start":{"line":1250,"column":39},"end":{"line":1250,"column":59}},"424":{"start":{"line":1251,"column":4},"end":{"line":1251,"column":20}},"425":{"start":{"line":1255,"column":4},"end":{"line":1255,"column":38}},"426":{"start":{"line":1255,"column":29},"end":{"line":1255,"column":38}},"427":{"start":{"line":1256,"column":17},"end":{"line":1256,"column":74}},"428":{"start":{"line":1256,"column":45},"end":{"line":1256,"column":54}},"429":{"start":{"line":1257,"column":4},"end":{"line":1260,"column":6}},"430":{"start":{"line":1258,"column":34},"end":{"line":1258,"column":63}},"431":{"start":{"line":1265,"column":4},"end":{"line":1265,"column":44}},"432":{"start":{"line":1265,"column":32},"end":{"line":1265,"column":44}},"433":{"start":{"line":1268,"column":4},"end":{"line":1273,"column":5}},"434":{"start":{"line":1269,"column":32},"end":{"line":1269,"column":77}},"435":{"start":{"line":1270,"column":6},"end":{"line":1272,"column":7}},"436":{"start":{"line":1271,"column":8},"end":{"line":1271,"column":47}},"437":{"start":{"line":1275,"column":4},"end":{"line":1275,"column":16}},"438":{"start":{"line":1279,"column":4},"end":{"line":1279,"column":39}},"439":{"start":{"line":1279,"column":30},"end":{"line":1279,"column":39}},"440":{"start":{"line":1281,"column":14},"end":{"line":1281,"column":33}},"441":{"start":{"line":1282,"column":17},"end":{"line":1282,"column":74}},"442":{"start":{"line":1282,"column":45},"end":{"line":1282,"column":54}},"443":{"start":{"line":1284,"column":20},"end":{"line":1284,"column":21}},"444":{"start":{"line":1285,"column":22},"end":{"line":1285,"column":23}},"445":{"start":{"line":1287,"column":4},"end":{"line":1289,"column":5}},"446":{"start":{"line":1287,"column":17},"end":{"line":1287,"column":18}},"447":{"start":{"line":1288,"column":6},"end":{"line":1288,"column":65}},"448":{"start":{"line":1291,"column":4},"end":{"line":1293,"column":5}},"449":{"start":{"line":1291,"column":17},"end":{"line":1291,"column":18}},"450":{"start":{"line":1292,"column":6},"end":{"line":1292,"column":51}},"451":{"start":{"line":1295,"column":4},"end":{"line":1295,"column":59}},"452":{"start":{"line":1299,"column":18},"end":{"line":1299,"column":20}},"453":{"start":{"line":1300,"column":21},"end":{"line":1300,"column":49}},"454":{"start":{"line":1302,"column":4},"end":{"line":1306,"column":5}},"455":{"start":{"line":1302,"column":17},"end":{"line":1302,"column":18}},"456":{"start":{"line":1303,"column":19},"end":{"line":1303,"column":29}},"457":{"start":{"line":1304,"column":6},"end":{"line":1304,"column":62}},"458":{"start":{"line":1305,"column":6},"end":{"line":1305,"column":23}},"459":{"start":{"line":1308,"column":4},"end":{"line":1308,"column":17}},"460":{"start":{"line":1312,"column":27},"end":{"line":1318,"column":6}},"461":{"start":{"line":1313,"column":24},"end":{"line":1313,"column":47}},"462":{"start":{"line":1314,"column":6},"end":{"line":1314,"column":35}},"463":{"start":{"line":1314,"column":22},"end":{"line":1314,"column":35}},"464":{"start":{"line":1315,"column":19},"end":{"line":1315,"column":38}},"465":{"start":{"line":1316,"column":24},"end":{"line":1316,"column":77}},"466":{"start":{"line":1317,"column":6},"end":{"line":1317,"column":28}},"467":{"start":{"line":1320,"column":4},"end":{"line":1320,"column":53}},"468":{"start":{"line":1325,"column":26},"end":{"line":1329,"column":5}},"469":{"start":{"line":1330,"column":20},"end":{"line":1330,"column":21}},"470":{"start":{"line":1332,"column":4},"end":{"line":1339,"column":7}},"471":{"start":{"line":1333,"column":6},"end":{"line":1338,"column":7}},"472":{"start":{"line":1337,"column":8},"end":{"line":1337,"column":25}},"473":{"start":{"line":1341,"column":4},"end":{"line":1341,"column":36}},"474":{"start":{"line":1345,"column":16},"end":{"line":1345,"column":26}},"475":{"start":{"line":1346,"column":28},"end":{"line":1346,"column":47}},"476":{"start":{"line":1348,"column":30},"end":{"line":1352,"column":6}},"477":{"start":{"line":1349,"column":24},"end":{"line":1349,"column":47}},"478":{"start":{"line":1350,"column":6},"end":{"line":1350,"column":35}},"479":{"start":{"line":1350,"column":22},"end":{"line":1350,"column":35}},"480":{"start":{"line":1351,"column":6},"end":{"line":1351,"column":67}},"481":{"start":{"line":1354,"column":4},"end":{"line":1354,"column":56}},"482":{"start":{"line":1358,"column":4},"end":{"line":1358,"column":44}},"483":{"start":{"line":1358,"column":26},"end":{"line":1358,"column":44}},"484":{"start":{"line":1359,"column":4},"end":{"line":1359,"column":40}},"485":{"start":{"line":1359,"column":26},"end":{"line":1359,"column":40}},"486":{"start":{"line":1360,"column":4},"end":{"line":1360,"column":42}},"487":{"start":{"line":1360,"column":26},"end":{"line":1360,"column":42}},"488":{"start":{"line":1361,"column":4},"end":{"line":1361,"column":39}},"489":{"start":{"line":1361,"column":26},"end":{"line":1361,"column":39}},"490":{"start":{"line":1362,"column":4},"end":{"line":1362,"column":21}},"491":{"start":{"line":1366,"column":28},"end":{"line":1366,"column":30}},"492":{"start":{"line":1368,"column":4},"end":{"line":1371,"column":5}},"493":{"start":{"line":1369,"column":6},"end":{"line":1369,"column":56}},"494":{"start":{"line":1370,"column":6},"end":{"line":1370,"column":56}},"495":{"start":{"line":1373,"column":4},"end":{"line":1375,"column":5}},"496":{"start":{"line":1374,"column":6},"end":{"line":1374,"column":58}},"497":{"start":{"line":1377,"column":4},"end":{"line":1379,"column":5}},"498":{"start":{"line":1378,"column":6},"end":{"line":1378,"column":63}},"499":{"start":{"line":1381,"column":4},"end":{"line":1381,"column":27}},"500":{"start":{"line":1385,"column":18},"end":{"line":1385,"column":20}},"501":{"start":{"line":1387,"column":4},"end":{"line":1393,"column":7}},"502":{"start":{"line":1388,"column":6},"end":{"line":1388,"column":55}},"503":{"start":{"line":1388,"column":31},"end":{"line":1388,"column":55}},"504":{"start":{"line":1389,"column":6},"end":{"line":1389,"column":55}},"505":{"start":{"line":1389,"column":31},"end":{"line":1389,"column":55}},"506":{"start":{"line":1391,"column":6},"end":{"line":1391,"column":74}},"507":{"start":{"line":1392,"column":6},"end":{"line":1392,"column":74}},"508":{"start":{"line":1395,"column":4},"end":{"line":1395,"column":17}},"509":{"start":{"line":1400,"column":4},"end":{"line":1400,"column":58}},"510":{"start":{"line":1405,"column":4},"end":{"line":1405,"column":51}},"511":{"start":{"line":1409,"column":24},"end":{"line":1409,"column":25}},"512":{"start":{"line":1410,"column":24},"end":{"line":1410,"column":71}},"513":{"start":{"line":1412,"column":4},"end":{"line":1417,"column":5}},"514":{"start":{"line":1413,"column":24},"end":{"line":1413,"column":41}},"515":{"start":{"line":1414,"column":6},"end":{"line":1416,"column":15}},"516":{"start":{"line":1415,"column":8},"end":{"line":1415,"column":34}},"517":{"start":{"line":1419,"column":4},"end":{"line":1419,"column":71}},"518":{"start":{"line":1423,"column":4},"end":{"line":1428,"column":8}},"519":{"start":{"line":1423,"column":43},"end":{"line":1428,"column":5}},"520":{"start":{"line":1432,"column":4},"end":{"line":1441,"column":6}},"521":{"start":{"line":1446,"column":4},"end":{"line":1446,"column":77}},"522":{"start":{"line":1450,"column":4},"end":{"line":1454,"column":6}},"523":{"start":{"line":1459,"column":22},"end":{"line":1459,"column":24}},"524":{"start":{"line":1460,"column":29},"end":{"line":1460,"column":64}},"525":{"start":{"line":1463,"column":15},"end":{"line":1463,"column":17}},"526":{"start":{"line":1464,"column":17},"end":{"line":1467,"column":5}},"527":{"start":{"line":1465,"column":6},"end":{"line":1465,"column":56}},"528":{"start":{"line":1466,"column":6},"end":{"line":1466,"column":31}},"529":{"start":{"line":1470,"column":14},"end":{"line":1470,"column":26}},"530":{"start":{"line":1471,"column":19},"end":{"line":1471,"column":66}},"531":{"start":{"line":1473,"column":4},"end":{"line":1480,"column":7}},"532":{"start":{"line":1474,"column":20},"end":{"line":1474,"column":54}},"533":{"start":{"line":1475,"column":21},"end":{"line":1475,"column":46}},"534":{"start":{"line":1475,"column":27},"end":{"line":1475,"column":46}},"535":{"start":{"line":1476,"column":6},"end":{"line":1479,"column":8}},"536":{"start":{"line":1483,"column":23},"end":{"line":1483,"column":64}},"537":{"start":{"line":1484,"column":22},"end":{"line":1484,"column":26}},"538":{"start":{"line":1485,"column":23},"end":{"line":1485,"column":27}},"539":{"start":{"line":1487,"column":4},"end":{"line":1527,"column":5}},"540":{"start":{"line":1487,"column":18},"end":{"line":1487,"column":19}},"541":{"start":{"line":1489,"column":6},"end":{"line":1513,"column":7}},"542":{"start":{"line":1489,"column":19},"end":{"line":1489,"column":20}},"543":{"start":{"line":1490,"column":18},"end":{"line":1490,"column":26}},"544":{"start":{"line":1491,"column":19},"end":{"line":1491,"column":34}},"545":{"start":{"line":1492,"column":17},"end":{"line":1492,"column":18}},"546":{"start":{"line":1493,"column":15},"end":{"line":1493,"column":16}},"547":{"start":{"line":1495,"column":8},"end":{"line":1509,"column":9}},"548":{"start":{"line":1495,"column":21},"end":{"line":1495,"column":26}},"549":{"start":{"line":1496,"column":20},"end":{"line":1496,"column":28}},"550":{"start":{"line":1497,"column":21},"end":{"line":1497,"column":36}},"551":{"start":{"line":1498,"column":21},"end":{"line":1498,"column":32}},"552":{"start":{"line":1499,"column":21},"end":{"line":1499,"column":32}},"553":{"start":{"line":1500,"column":24},"end":{"line":1500,"column":54}},"554":{"start":{"line":1501,"column":24},"end":{"line":1501,"column":41}},"555":{"start":{"line":1502,"column":26},"end":{"line":1502,"column":46}},"556":{"start":{"line":1503,"column":25},"end":{"line":1503,"column":45}},"557":{"start":{"line":1504,"column":25},"end":{"line":1504,"column":45}},"558":{"start":{"line":1505,"column":10},"end":{"line":1505,"column":23}},"559":{"start":{"line":1506,"column":10},"end":{"line":1506,"column":23}},"560":{"start":{"line":1507,"column":10},"end":{"line":1507,"column":38}},"561":{"start":{"line":1508,"column":10},"end":{"line":1508,"column":38}},"562":{"start":{"line":1511,"column":8},"end":{"line":1511,"column":32}},"563":{"start":{"line":1512,"column":8},"end":{"line":1512,"column":32}},"564":{"start":{"line":1516,"column":6},"end":{"line":1526,"column":7}},"565":{"start":{"line":1517,"column":19},"end":{"line":1517,"column":38}},"566":{"start":{"line":1518,"column":19},"end":{"line":1518,"column":38}},"567":{"start":{"line":1519,"column":8},"end":{"line":1519,"column":33}},"568":{"start":{"line":1519,"column":24},"end":{"line":1519,"column":33}},"569":{"start":{"line":1520,"column":19},"end":{"line":1520,"column":30}},"570":{"start":{"line":1521,"column":19},"end":{"line":1521,"column":30}},"571":{"start":{"line":1522,"column":8},"end":{"line":1522,"column":49}},"572":{"start":{"line":1523,"column":8},"end":{"line":1523,"column":49}},"573":{"start":{"line":1524,"column":8},"end":{"line":1524,"column":49}},"574":{"start":{"line":1525,"column":8},"end":{"line":1525,"column":49}},"575":{"start":{"line":1529,"column":4},"end":{"line":1529,"column":21}},"576":{"start":{"line":1534,"column":23},"end":{"line":1534,"column":35}},"577":{"start":{"line":1535,"column":25},"end":{"line":1535,"column":34}},"578":{"start":{"line":1537,"column":4},"end":{"line":1541,"column":7}},"579":{"start":{"line":1538,"column":6},"end":{"line":1540,"column":9}},"580":{"start":{"line":1539,"column":8},"end":{"line":1539,"column":40}},"581":{"start":{"line":1543,"column":21},"end":{"line":1543,"column":22}},"582":{"start":{"line":1544,"column":4},"end":{"line":1551,"column":7}},"583":{"start":{"line":1545,"column":30},"end":{"line":1545,"column":59}},"584":{"start":{"line":1546,"column":30},"end":{"line":1546,"column":59}},"585":{"start":{"line":1548,"column":6},"end":{"line":1550,"column":7}},"586":{"start":{"line":1549,"column":8},"end":{"line":1549,"column":24}},"587":{"start":{"line":1553,"column":4},"end":{"line":1553,"column":35}},"588":{"start":{"line":1558,"column":4},"end":{"line":1558,"column":14}},"589":{"start":{"line":1563,"column":4},"end":{"line":1563,"column":14}},"590":{"start":{"line":1568,"column":4},"end":{"line":1568,"column":14}},"591":{"start":{"line":1573,"column":16},"end":{"line":1573,"column":26}},"592":{"start":{"line":1574,"column":19},"end":{"line":1574,"column":38}},"593":{"start":{"line":1576,"column":4},"end":{"line":1580,"column":5}},"594":{"start":{"line":1577,"column":6},"end":{"line":1579,"column":7}},"595":{"start":{"line":1578,"column":8},"end":{"line":1578,"column":41}},"596":{"start":{"line":1584,"column":0},"end":{"line":1584,"column":42}}},"fnMap":{"0":{"name":"(anonymous_0)","decl":{"start":{"line":10,"column":2},"end":{"line":10,"column":3}},"loc":{"start":{"line":10,"column":73},"end":{"line":36,"column":3}},"line":10},"1":{"name":"(anonymous_1)","decl":{"start":{"line":38,"column":2},"end":{"line":38,"column":3}},"loc":{"start":{"line":38,"column":23},"end":{"line":128,"column":3}},"line":38},"2":{"name":"(anonymous_2)","decl":{"start":{"line":130,"column":2},"end":{"line":130,"column":3}},"loc":{"start":{"line":130,"column":31},"end":{"line":182,"column":3}},"line":130},"3":{"name":"(anonymous_3)","decl":{"start":{"line":184,"column":2},"end":{"line":184,"column":3}},"loc":{"start":{"line":184,"column":25},"end":{"line":190,"column":3}},"line":184},"4":{"name":"(anonymous_4)","decl":{"start":{"line":185,"column":41},"end":{"line":185,"column":42}},"loc":{"start":{"line":185,"column":47},"end":{"line":189,"column":5}},"line":185},"5":{"name":"(anonymous_5)","decl":{"start":{"line":192,"column":2},"end":{"line":192,"column":3}},"loc":{"start":{"line":192,"column":32},"end":{"line":223,"column":3}},"line":192},"6":{"name":"(anonymous_6)","decl":{"start":{"line":194,"column":6},"end":{"line":194,"column":7}},"loc":{"start":{"line":194,"column":15},"end":{"line":194,"column":69}},"line":194},"7":{"name":"(anonymous_7)","decl":{"start":{"line":225,"column":2},"end":{"line":225,"column":3}},"loc":{"start":{"line":225,"column":33},"end":{"line":246,"column":3}},"line":225},"8":{"name":"(anonymous_8)","decl":{"start":{"line":248,"column":2},"end":{"line":248,"column":3}},"loc":{"start":{"line":248,"column":38},"end":{"line":344,"column":3}},"line":248},"9":{"name":"(anonymous_9)","decl":{"start":{"line":269,"column":29},"end":{"line":269,"column":30}},"loc":{"start":{"line":269,"column":41},"end":{"line":287,"column":7}},"line":269},"10":{"name":"(anonymous_10)","decl":{"start":{"line":300,"column":12},"end":{"line":300,"column":13}},"loc":{"start":{"line":301,"column":14},"end":{"line":302,"column":56}},"line":301},"11":{"name":"(anonymous_11)","decl":{"start":{"line":329,"column":23},"end":{"line":329,"column":24}},"loc":{"start":{"line":329,"column":33},"end":{"line":329,"column":62}},"line":329},"12":{"name":"(anonymous_12)","decl":{"start":{"line":346,"column":2},"end":{"line":346,"column":3}},"loc":{"start":{"line":346,"column":62},"end":{"line":376,"column":3}},"line":346},"13":{"name":"(anonymous_13)","decl":{"start":{"line":349,"column":14},"end":{"line":349,"column":15}},"loc":{"start":{"line":349,"column":21},"end":{"line":349,"column":61}},"line":349},"14":{"name":"(anonymous_14)","decl":{"start":{"line":350,"column":11},"end":{"line":350,"column":12}},"loc":{"start":{"line":350,"column":19},"end":{"line":350,"column":59}},"line":350},"15":{"name":"(anonymous_15)","decl":{"start":{"line":352,"column":14},"end":{"line":352,"column":15}},"loc":{"start":{"line":352,"column":21},"end":{"line":352,"column":61}},"line":352},"16":{"name":"(anonymous_16)","decl":{"start":{"line":353,"column":11},"end":{"line":353,"column":12}},"loc":{"start":{"line":353,"column":19},"end":{"line":353,"column":59}},"line":353},"17":{"name":"(anonymous_17)","decl":{"start":{"line":355,"column":46},"end":{"line":355,"column":47}},"loc":{"start":{"line":355,"column":53},"end":{"line":355,"column":75}},"line":355},"18":{"name":"(anonymous_18)","decl":{"start":{"line":378,"column":2},"end":{"line":378,"column":3}},"loc":{"start":{"line":378,"column":35},"end":{"line":398,"column":3}},"line":378},"19":{"name":"(anonymous_19)","decl":{"start":{"line":390,"column":33},"end":{"line":390,"column":34}},"loc":{"start":{"line":390,"column":46},"end":{"line":394,"column":5}},"line":390},"20":{"name":"(anonymous_20)","decl":{"start":{"line":400,"column":2},"end":{"line":400,"column":3}},"loc":{"start":{"line":400,"column":44},"end":{"line":452,"column":3}},"line":400},"21":{"name":"(anonymous_21)","decl":{"start":{"line":454,"column":2},"end":{"line":454,"column":3}},"loc":{"start":{"line":454,"column":48},"end":{"line":489,"column":3}},"line":454},"22":{"name":"(anonymous_22)","decl":{"start":{"line":491,"column":2},"end":{"line":491,"column":3}},"loc":{"start":{"line":491,"column":48},"end":{"line":538,"column":3}},"line":491},"23":{"name":"(anonymous_23)","decl":{"start":{"line":524,"column":14},"end":{"line":524,"column":15}},"loc":{"start":{"line":524,"column":26},"end":{"line":524,"column":60}},"line":524},"24":{"name":"(anonymous_24)","decl":{"start":{"line":525,"column":12},"end":{"line":525,"column":13}},"loc":{"start":{"line":525,"column":30},"end":{"line":525,"column":35}},"line":525},"25":{"name":"(anonymous_25)","decl":{"start":{"line":536,"column":13},"end":{"line":536,"column":14}},"loc":{"start":{"line":536,"column":33},"end":{"line":536,"column":60}},"line":536},"26":{"name":"(anonymous_26)","decl":{"start":{"line":540,"column":2},"end":{"line":540,"column":3}},"loc":{"start":{"line":540,"column":42},"end":{"line":599,"column":3}},"line":540},"27":{"name":"(anonymous_27)","decl":{"start":{"line":601,"column":2},"end":{"line":601,"column":3}},"loc":{"start":{"line":601,"column":31},"end":{"line":617,"column":3}},"line":601},"28":{"name":"(anonymous_28)","decl":{"start":{"line":604,"column":20},"end":{"line":604,"column":21}},"loc":{"start":{"line":604,"column":32},"end":{"line":614,"column":5}},"line":604},"29":{"name":"(anonymous_29)","decl":{"start":{"line":616,"column":29},"end":{"line":616,"column":30}},"loc":{"start":{"line":616,"column":39},"end":{"line":616,"column":64}},"line":616},"30":{"name":"(anonymous_30)","decl":{"start":{"line":619,"column":2},"end":{"line":619,"column":3}},"loc":{"start":{"line":619,"column":55},"end":{"line":645,"column":3}},"line":619},"31":{"name":"(anonymous_31)","decl":{"start":{"line":620,"column":45},"end":{"line":620,"column":46}},"loc":{"start":{"line":621,"column":6},"end":{"line":621,"column":52}},"line":621},"32":{"name":"(anonymous_32)","decl":{"start":{"line":630,"column":40},"end":{"line":630,"column":41}},"loc":{"start":{"line":630,"column":52},"end":{"line":630,"column":64}},"line":630},"33":{"name":"(anonymous_33)","decl":{"start":{"line":635,"column":25},"end":{"line":635,"column":26}},"loc":{"start":{"line":635,"column":40},"end":{"line":635,"column":50}},"line":635},"34":{"name":"(anonymous_34)","decl":{"start":{"line":647,"column":2},"end":{"line":647,"column":3}},"loc":{"start":{"line":647,"column":50},"end":{"line":692,"column":3}},"line":647},"35":{"name":"(anonymous_35)","decl":{"start":{"line":694,"column":2},"end":{"line":694,"column":3}},"loc":{"start":{"line":694,"column":35},"end":{"line":743,"column":3}},"line":694},"36":{"name":"(anonymous_36)","decl":{"start":{"line":735,"column":36},"end":{"line":735,"column":37}},"loc":{"start":{"line":735,"column":46},"end":{"line":735,"column":71}},"line":735},"37":{"name":"(anonymous_37)","decl":{"start":{"line":745,"column":2},"end":{"line":745,"column":3}},"loc":{"start":{"line":750,"column":4},"end":{"line":804,"column":3}},"line":750},"38":{"name":"(anonymous_38)","decl":{"start":{"line":784,"column":40},"end":{"line":784,"column":41}},"loc":{"start":{"line":784,"column":55},"end":{"line":788,"column":5}},"line":784},"39":{"name":"(anonymous_39)","decl":{"start":{"line":806,"column":2},"end":{"line":806,"column":3}},"loc":{"start":{"line":806,"column":42},"end":{"line":859,"column":3}},"line":806},"40":{"name":"(anonymous_40)","decl":{"start":{"line":824,"column":39},"end":{"line":824,"column":40}},"loc":{"start":{"line":824,"column":52},"end":{"line":828,"column":7}},"line":824},"41":{"name":"(anonymous_41)","decl":{"start":{"line":861,"column":2},"end":{"line":861,"column":3}},"loc":{"start":{"line":861,"column":74},"end":{"line":888,"column":3}},"line":861},"42":{"name":"(anonymous_42)","decl":{"start":{"line":865,"column":28},"end":{"line":865,"column":29}},"loc":{"start":{"line":865,"column":35},"end":{"line":865,"column":43}},"line":865},"43":{"name":"(anonymous_43)","decl":{"start":{"line":865,"column":59},"end":{"line":865,"column":60}},"loc":{"start":{"line":865,"column":66},"end":{"line":865,"column":74}},"line":865},"44":{"name":"(anonymous_44)","decl":{"start":{"line":886,"column":6},"end":{"line":886,"column":7}},"loc":{"start":{"line":886,"column":21},"end":{"line":886,"column":65}},"line":886},"45":{"name":"(anonymous_45)","decl":{"start":{"line":890,"column":2},"end":{"line":890,"column":3}},"loc":{"start":{"line":890,"column":44},"end":{"line":915,"column":3}},"line":890},"46":{"name":"(anonymous_46)","decl":{"start":{"line":917,"column":2},"end":{"line":917,"column":3}},"loc":{"start":{"line":917,"column":57},"end":{"line":936,"column":3}},"line":917},"47":{"name":"(anonymous_47)","decl":{"start":{"line":938,"column":2},"end":{"line":938,"column":3}},"loc":{"start":{"line":938,"column":30},"end":{"line":965,"column":3}},"line":938},"48":{"name":"(anonymous_48)","decl":{"start":{"line":967,"column":2},"end":{"line":967,"column":3}},"loc":{"start":{"line":967,"column":65},"end":{"line":1001,"column":3}},"line":967},"49":{"name":"(anonymous_49)","decl":{"start":{"line":1003,"column":2},"end":{"line":1003,"column":3}},"loc":{"start":{"line":1003,"column":70},"end":{"line":1043,"column":3}},"line":1003},"50":{"name":"(anonymous_50)","decl":{"start":{"line":1013,"column":39},"end":{"line":1013,"column":40}},"loc":{"start":{"line":1014,"column":6},"end":{"line":1014,"column":37}},"line":1014},"51":{"name":"(anonymous_51)","decl":{"start":{"line":1016,"column":37},"end":{"line":1016,"column":38}},"loc":{"start":{"line":1016,"column":49},"end":{"line":1016,"column":56}},"line":1016},"52":{"name":"(anonymous_52)","decl":{"start":{"line":1018,"column":21},"end":{"line":1018,"column":22}},"loc":{"start":{"line":1018,"column":33},"end":{"line":1018,"column":65}},"line":1018},"53":{"name":"(anonymous_53)","decl":{"start":{"line":1022,"column":27},"end":{"line":1022,"column":28}},"loc":{"start":{"line":1022,"column":39},"end":{"line":1040,"column":5}},"line":1022},"54":{"name":"(anonymous_54)","decl":{"start":{"line":1046,"column":2},"end":{"line":1046,"column":3}},"loc":{"start":{"line":1046,"column":45},"end":{"line":1076,"column":3}},"line":1046},"55":{"name":"(anonymous_55)","decl":{"start":{"line":1049,"column":18},"end":{"line":1049,"column":19}},"loc":{"start":{"line":1049,"column":28},"end":{"line":1054,"column":5}},"line":1049},"56":{"name":"(anonymous_56)","decl":{"start":{"line":1078,"column":2},"end":{"line":1078,"column":3}},"loc":{"start":{"line":1078,"column":43},"end":{"line":1083,"column":3}},"line":1078},"57":{"name":"(anonymous_57)","decl":{"start":{"line":1086,"column":2},"end":{"line":1086,"column":3}},"loc":{"start":{"line":1086,"column":36},"end":{"line":1102,"column":3}},"line":1086},"58":{"name":"(anonymous_58)","decl":{"start":{"line":1104,"column":2},"end":{"line":1104,"column":3}},"loc":{"start":{"line":1104,"column":22},"end":{"line":1106,"column":3}},"line":1104},"59":{"name":"(anonymous_59)","decl":{"start":{"line":1108,"column":2},"end":{"line":1108,"column":3}},"loc":{"start":{"line":1108,"column":18},"end":{"line":1112,"column":3}},"line":1108},"60":{"name":"(anonymous_60)","decl":{"start":{"line":1110,"column":6},"end":{"line":1110,"column":7}},"loc":{"start":{"line":1110,"column":15},"end":{"line":1110,"column":69}},"line":1110},"61":{"name":"(anonymous_61)","decl":{"start":{"line":1114,"column":2},"end":{"line":1114,"column":3}},"loc":{"start":{"line":1114,"column":15},"end":{"line":1128,"column":3}},"line":1114},"62":{"name":"(anonymous_62)","decl":{"start":{"line":1130,"column":2},"end":{"line":1130,"column":3}},"loc":{"start":{"line":1130,"column":23},"end":{"line":1135,"column":3}},"line":1130},"63":{"name":"(anonymous_63)","decl":{"start":{"line":1131,"column":51},"end":{"line":1131,"column":52}},"loc":{"start":{"line":1131,"column":69},"end":{"line":1134,"column":5}},"line":1131},"64":{"name":"(anonymous_64)","decl":{"start":{"line":1137,"column":2},"end":{"line":1137,"column":3}},"loc":{"start":{"line":1137,"column":26},"end":{"line":1144,"column":3}},"line":1137},"65":{"name":"(anonymous_65)","decl":{"start":{"line":1139,"column":6},"end":{"line":1139,"column":7}},"loc":{"start":{"line":1139,"column":27},"end":{"line":1142,"column":7}},"line":1139},"66":{"name":"(anonymous_66)","decl":{"start":{"line":1147,"column":2},"end":{"line":1147,"column":3}},"loc":{"start":{"line":1147,"column":44},"end":{"line":1156,"column":3}},"line":1147},"67":{"name":"(anonymous_67)","decl":{"start":{"line":1158,"column":2},"end":{"line":1158,"column":3}},"loc":{"start":{"line":1158,"column":39},"end":{"line":1166,"column":3}},"line":1158},"68":{"name":"(anonymous_68)","decl":{"start":{"line":1168,"column":2},"end":{"line":1168,"column":3}},"loc":{"start":{"line":1168,"column":50},"end":{"line":1183,"column":3}},"line":1168},"69":{"name":"(anonymous_69)","decl":{"start":{"line":1185,"column":2},"end":{"line":1185,"column":3}},"loc":{"start":{"line":1185,"column":34},"end":{"line":1196,"column":3}},"line":1185},"70":{"name":"(anonymous_70)","decl":{"start":{"line":1192,"column":32},"end":{"line":1192,"column":33}},"loc":{"start":{"line":1192,"column":44},"end":{"line":1192,"column":73}},"line":1192},"71":{"name":"(anonymous_71)","decl":{"start":{"line":1199,"column":2},"end":{"line":1199,"column":3}},"loc":{"start":{"line":1199,"column":54},"end":{"line":1210,"column":3}},"line":1199},"72":{"name":"(anonymous_72)","decl":{"start":{"line":1212,"column":2},"end":{"line":1212,"column":3}},"loc":{"start":{"line":1212,"column":38},"end":{"line":1236,"column":3}},"line":1212},"73":{"name":"(anonymous_73)","decl":{"start":{"line":1229,"column":8},"end":{"line":1229,"column":9}},"loc":{"start":{"line":1229,"column":15},"end":{"line":1229,"column":68}},"line":1229},"74":{"name":"(anonymous_74)","decl":{"start":{"line":1238,"column":2},"end":{"line":1238,"column":3}},"loc":{"start":{"line":1238,"column":25},"end":{"line":1252,"column":3}},"line":1238},"75":{"name":"(anonymous_75)","decl":{"start":{"line":1254,"column":2},"end":{"line":1254,"column":3}},"loc":{"start":{"line":1254,"column":28},"end":{"line":1261,"column":3}},"line":1254},"76":{"name":"(anonymous_76)","decl":{"start":{"line":1256,"column":31},"end":{"line":1256,"column":32}},"loc":{"start":{"line":1256,"column":45},"end":{"line":1256,"column":54}},"line":1256},"77":{"name":"(anonymous_77)","decl":{"start":{"line":1258,"column":20},"end":{"line":1258,"column":21}},"loc":{"start":{"line":1258,"column":34},"end":{"line":1258,"column":63}},"line":1258},"78":{"name":"(anonymous_78)","decl":{"start":{"line":1263,"column":2},"end":{"line":1263,"column":3}},"loc":{"start":{"line":1263,"column":33},"end":{"line":1276,"column":3}},"line":1263},"79":{"name":"(anonymous_79)","decl":{"start":{"line":1278,"column":2},"end":{"line":1278,"column":3}},"loc":{"start":{"line":1278,"column":40},"end":{"line":1296,"column":3}},"line":1278},"80":{"name":"(anonymous_80)","decl":{"start":{"line":1282,"column":31},"end":{"line":1282,"column":32}},"loc":{"start":{"line":1282,"column":45},"end":{"line":1282,"column":54}},"line":1282},"81":{"name":"(anonymous_81)","decl":{"start":{"line":1298,"column":2},"end":{"line":1298,"column":3}},"loc":{"start":{"line":1298,"column":54},"end":{"line":1309,"column":3}},"line":1298},"82":{"name":"(anonymous_82)","decl":{"start":{"line":1311,"column":2},"end":{"line":1311,"column":3}},"loc":{"start":{"line":1311,"column":39},"end":{"line":1321,"column":3}},"line":1311},"83":{"name":"(anonymous_83)","decl":{"start":{"line":1312,"column":48},"end":{"line":1312,"column":49}},"loc":{"start":{"line":1312,"column":55},"end":{"line":1318,"column":5}},"line":1312},"84":{"name":"(anonymous_84)","decl":{"start":{"line":1323,"column":2},"end":{"line":1323,"column":3}},"loc":{"start":{"line":1323,"column":56},"end":{"line":1342,"column":3}},"line":1323},"85":{"name":"(anonymous_85)","decl":{"start":{"line":1332,"column":26},"end":{"line":1332,"column":27}},"loc":{"start":{"line":1332,"column":33},"end":{"line":1339,"column":5}},"line":1332},"86":{"name":"(anonymous_86)","decl":{"start":{"line":1344,"column":2},"end":{"line":1344,"column":3}},"loc":{"start":{"line":1344,"column":39},"end":{"line":1355,"column":3}},"line":1344},"87":{"name":"(anonymous_87)","decl":{"start":{"line":1348,"column":51},"end":{"line":1348,"column":52}},"loc":{"start":{"line":1348,"column":58},"end":{"line":1352,"column":5}},"line":1348},"88":{"name":"(anonymous_88)","decl":{"start":{"line":1357,"column":2},"end":{"line":1357,"column":3}},"loc":{"start":{"line":1357,"column":32},"end":{"line":1363,"column":3}},"line":1357},"89":{"name":"(anonymous_89)","decl":{"start":{"line":1365,"column":2},"end":{"line":1365,"column":3}},"loc":{"start":{"line":1365,"column":57},"end":{"line":1382,"column":3}},"line":1365},"90":{"name":"(anonymous_90)","decl":{"start":{"line":1384,"column":2},"end":{"line":1384,"column":3}},"loc":{"start":{"line":1384,"column":28},"end":{"line":1396,"column":3}},"line":1384},"91":{"name":"(anonymous_91)","decl":{"start":{"line":1387,"column":18},"end":{"line":1387,"column":19}},"loc":{"start":{"line":1387,"column":28},"end":{"line":1393,"column":5}},"line":1387},"92":{"name":"(anonymous_92)","decl":{"start":{"line":1398,"column":2},"end":{"line":1398,"column":3}},"loc":{"start":{"line":1398,"column":45},"end":{"line":1401,"column":3}},"line":1398},"93":{"name":"(anonymous_93)","decl":{"start":{"line":1403,"column":2},"end":{"line":1403,"column":3}},"loc":{"start":{"line":1403,"column":35},"end":{"line":1406,"column":3}},"line":1403},"94":{"name":"(anonymous_94)","decl":{"start":{"line":1408,"column":2},"end":{"line":1408,"column":3}},"loc":{"start":{"line":1408,"column":46},"end":{"line":1420,"column":3}},"line":1408},"95":{"name":"(anonymous_95)","decl":{"start":{"line":1414,"column":40},"end":{"line":1414,"column":41}},"loc":{"start":{"line":1415,"column":8},"end":{"line":1415,"column":34}},"line":1415},"96":{"name":"(anonymous_96)","decl":{"start":{"line":1422,"column":2},"end":{"line":1422,"column":3}},"loc":{"start":{"line":1422,"column":57},"end":{"line":1429,"column":3}},"line":1422},"97":{"name":"(anonymous_97)","decl":{"start":{"line":1423,"column":27},"end":{"line":1423,"column":28}},"loc":{"start":{"line":1423,"column":43},"end":{"line":1428,"column":5}},"line":1423},"98":{"name":"(anonymous_98)","decl":{"start":{"line":1431,"column":2},"end":{"line":1431,"column":3}},"loc":{"start":{"line":1431,"column":45},"end":{"line":1442,"column":3}},"line":1431},"99":{"name":"(anonymous_99)","decl":{"start":{"line":1444,"column":2},"end":{"line":1444,"column":3}},"loc":{"start":{"line":1444,"column":30},"end":{"line":1447,"column":3}},"line":1444},"100":{"name":"(anonymous_100)","decl":{"start":{"line":1449,"column":2},"end":{"line":1449,"column":3}},"loc":{"start":{"line":1449,"column":38},"end":{"line":1455,"column":3}},"line":1449},"101":{"name":"(anonymous_101)","decl":{"start":{"line":1458,"column":2},"end":{"line":1458,"column":3}},"loc":{"start":{"line":1458,"column":46},"end":{"line":1530,"column":3}},"line":1458},"102":{"name":"(anonymous_102)","decl":{"start":{"line":1464,"column":17},"end":{"line":1464,"column":18}},"loc":{"start":{"line":1464,"column":23},"end":{"line":1467,"column":5}},"line":1464},"103":{"name":"(anonymous_103)","decl":{"start":{"line":1473,"column":18},"end":{"line":1473,"column":19}},"loc":{"start":{"line":1473,"column":31},"end":{"line":1480,"column":5}},"line":1473},"104":{"name":"(anonymous_104)","decl":{"start":{"line":1475,"column":21},"end":{"line":1475,"column":22}},"loc":{"start":{"line":1475,"column":27},"end":{"line":1475,"column":46}},"line":1475},"105":{"name":"(anonymous_105)","decl":{"start":{"line":1532,"column":2},"end":{"line":1532,"column":3}},"loc":{"start":{"line":1532,"column":42},"end":{"line":1554,"column":3}},"line":1532},"106":{"name":"(anonymous_106)","decl":{"start":{"line":1537,"column":24},"end":{"line":1537,"column":25}},"loc":{"start":{"line":1537,"column":46},"end":{"line":1541,"column":5}},"line":1537},"107":{"name":"(anonymous_107)","decl":{"start":{"line":1538,"column":32},"end":{"line":1538,"column":33}},"loc":{"start":{"line":1538,"column":44},"end":{"line":1540,"column":7}},"line":1538},"108":{"name":"(anonymous_108)","decl":{"start":{"line":1544,"column":18},"end":{"line":1544,"column":19}},"loc":{"start":{"line":1544,"column":28},"end":{"line":1551,"column":5}},"line":1544},"109":{"name":"(anonymous_109)","decl":{"start":{"line":1556,"column":2},"end":{"line":1556,"column":3}},"loc":{"start":{"line":1556,"column":68},"end":{"line":1559,"column":3}},"line":1556},"110":{"name":"(anonymous_110)","decl":{"start":{"line":1561,"column":2},"end":{"line":1561,"column":3}},"loc":{"start":{"line":1561,"column":70},"end":{"line":1564,"column":3}},"line":1561},"111":{"name":"(anonymous_111)","decl":{"start":{"line":1566,"column":2},"end":{"line":1566,"column":3}},"loc":{"start":{"line":1566,"column":67},"end":{"line":1569,"column":3}},"line":1566},"112":{"name":"(anonymous_112)","decl":{"start":{"line":1571,"column":2},"end":{"line":1571,"column":3}},"loc":{"start":{"line":1571,"column":26},"end":{"line":1581,"column":3}},"line":1571}},"branchMap":{"0":{"loc":{"start":{"line":194,"column":15},"end":{"line":194,"column":69}},"type":"binary-expr","locations":[{"start":{"line":194,"column":15},"end":{"line":194,"column":38}},{"start":{"line":194,"column":42},"end":{"line":194,"column":69}}],"line":194},"1":{"loc":{"start":{"line":198,"column":6},"end":{"line":221,"column":7}},"type":"if","locations":[{"start":{"line":198,"column":6},"end":{"line":221,"column":7}},{"start":{},"end":{}}],"line":198},"2":{"loc":{"start":{"line":226,"column":4},"end":{"line":245,"column":5}},"type":"switch","locations":[{"start":{"line":227,"column":6},"end":{"line":228,"column":64}},{"start":{"line":229,"column":6},"end":{"line":230,"column":70}},{"start":{"line":231,"column":6},"end":{"line":232,"column":68}},{"start":{"line":233,"column":6},"end":{"line":234,"column":61}},{"start":{"line":235,"column":6},"end":{"line":236,"column":68}},{"start":{"line":237,"column":6},"end":{"line":238,"column":67}},{"start":{"line":239,"column":6},"end":{"line":240,"column":63}},{"start":{"line":241,"column":6},"end":{"line":242,"column":63}},{"start":{"line":243,"column":6},"end":{"line":244,"column":67}}],"line":226},"3":{"loc":{"start":{"line":252,"column":6},"end":{"line":252,"column":28}},"type":"default-arg","locations":[{"start":{"line":252,"column":26},"end":{"line":252,"column":28}}],"line":252},"4":{"loc":{"start":{"line":253,"column":6},"end":{"line":253,"column":31}},"type":"default-arg","locations":[{"start":{"line":253,"column":28},"end":{"line":253,"column":31}}],"line":253},"5":{"loc":{"start":{"line":274,"column":8},"end":{"line":276,"column":9}},"type":"if","locations":[{"start":{"line":274,"column":8},"end":{"line":276,"column":9}},{"start":{},"end":{}}],"line":274},"6":{"loc":{"start":{"line":277,"column":8},"end":{"line":279,"column":9}},"type":"if","locations":[{"start":{"line":277,"column":8},"end":{"line":279,"column":9}},{"start":{},"end":{}}],"line":277},"7":{"loc":{"start":{"line":285,"column":18},"end":{"line":285,"column":53}},"type":"binary-expr","locations":[{"start":{"line":285,"column":18},"end":{"line":285,"column":48}},{"start":{"line":285,"column":52},"end":{"line":285,"column":53}}],"line":285},"8":{"loc":{"start":{"line":301,"column":14},"end":{"line":302,"column":56}},"type":"binary-expr","locations":[{"start":{"line":301,"column":15},"end":{"line":301,"column":33}},{"start":{"line":301,"column":37},"end":{"line":301,"column":55}},{"start":{"line":302,"column":15},"end":{"line":302,"column":33}},{"start":{"line":302,"column":37},"end":{"line":302,"column":55}}],"line":301},"9":{"loc":{"start":{"line":305,"column":10},"end":{"line":324,"column":11}},"type":"if","locations":[{"start":{"line":305,"column":10},"end":{"line":324,"column":11}},{"start":{},"end":{}}],"line":305},"10":{"loc":{"start":{"line":314,"column":12},"end":{"line":323,"column":13}},"type":"if","locations":[{"start":{"line":314,"column":12},"end":{"line":323,"column":13}},{"start":{},"end":{}}],"line":314},"11":{"loc":{"start":{"line":349,"column":21},"end":{"line":349,"column":61}},"type":"binary-expr","locations":[{"start":{"line":349,"column":21},"end":{"line":349,"column":39}},{"start":{"line":349,"column":43},"end":{"line":349,"column":61}}],"line":349},"12":{"loc":{"start":{"line":350,"column":19},"end":{"line":350,"column":59}},"type":"cond-expr","locations":[{"start":{"line":350,"column":40},"end":{"line":350,"column":48}},{"start":{"line":350,"column":51},"end":{"line":350,"column":59}}],"line":350},"13":{"loc":{"start":{"line":352,"column":21},"end":{"line":352,"column":61}},"type":"binary-expr","locations":[{"start":{"line":352,"column":21},"end":{"line":352,"column":39}},{"start":{"line":352,"column":43},"end":{"line":352,"column":61}}],"line":352},"14":{"loc":{"start":{"line":353,"column":19},"end":{"line":353,"column":59}},"type":"cond-expr","locations":[{"start":{"line":353,"column":40},"end":{"line":353,"column":48}},{"start":{"line":353,"column":51},"end":{"line":353,"column":59}}],"line":353},"15":{"loc":{"start":{"line":391,"column":6},"end":{"line":393,"column":7}},"type":"if","locations":[{"start":{"line":391,"column":6},"end":{"line":393,"column":7}},{"start":{},"end":{}}],"line":391},"16":{"loc":{"start":{"line":392,"column":37},"end":{"line":392,"column":59}},"type":"binary-expr","locations":[{"start":{"line":392,"column":37},"end":{"line":392,"column":54}},{"start":{"line":392,"column":58},"end":{"line":392,"column":59}}],"line":392},"17":{"loc":{"start":{"line":404,"column":6},"end":{"line":404,"column":75}},"type":"default-arg","locations":[{"start":{"line":404,"column":28},"end":{"line":404,"column":75}}],"line":404},"18":{"loc":{"start":{"line":418,"column":19},"end":{"line":418,"column":34}},"type":"binary-expr","locations":[{"start":{"line":418,"column":19},"end":{"line":418,"column":28}},{"start":{"line":418,"column":32},"end":{"line":418,"column":34}}],"line":418},"19":{"loc":{"start":{"line":457,"column":22},"end":{"line":457,"column":50}},"type":"binary-expr","locations":[{"start":{"line":457,"column":22},"end":{"line":457,"column":44}},{"start":{"line":457,"column":48},"end":{"line":457,"column":50}}],"line":457},"20":{"loc":{"start":{"line":458,"column":37},"end":{"line":458,"column":65}},"type":"binary-expr","locations":[{"start":{"line":458,"column":37},"end":{"line":458,"column":59}},{"start":{"line":458,"column":63},"end":{"line":458,"column":65}}],"line":458},"21":{"loc":{"start":{"line":459,"column":47},"end":{"line":459,"column":75}},"type":"binary-expr","locations":[{"start":{"line":459,"column":47},"end":{"line":459,"column":69}},{"start":{"line":459,"column":73},"end":{"line":459,"column":75}}],"line":459},"22":{"loc":{"start":{"line":460,"column":20},"end":{"line":460,"column":48}},"type":"binary-expr","locations":[{"start":{"line":460,"column":20},"end":{"line":460,"column":42}},{"start":{"line":460,"column":46},"end":{"line":460,"column":48}}],"line":460},"23":{"loc":{"start":{"line":462,"column":10},"end":{"line":462,"column":38}},"type":"binary-expr","locations":[{"start":{"line":462,"column":10},"end":{"line":462,"column":32}},{"start":{"line":462,"column":36},"end":{"line":462,"column":38}}],"line":462},"24":{"loc":{"start":{"line":466,"column":25},"end":{"line":466,"column":62}},"type":"binary-expr","locations":[{"start":{"line":466,"column":25},"end":{"line":466,"column":57}},{"start":{"line":466,"column":61},"end":{"line":466,"column":62}}],"line":466},"25":{"loc":{"start":{"line":467,"column":20},"end":{"line":467,"column":52}},"type":"binary-expr","locations":[{"start":{"line":467,"column":20},"end":{"line":467,"column":47}},{"start":{"line":467,"column":51},"end":{"line":467,"column":52}}],"line":467},"26":{"loc":{"start":{"line":468,"column":20},"end":{"line":468,"column":63}},"type":"binary-expr","locations":[{"start":{"line":468,"column":20},"end":{"line":468,"column":58}},{"start":{"line":468,"column":62},"end":{"line":468,"column":63}}],"line":468},"27":{"loc":{"start":{"line":471,"column":22},"end":{"line":473,"column":16}},"type":"cond-expr","locations":[{"start":{"line":472,"column":12},"end":{"line":472,"column":48}},{"start":{"line":473,"column":12},"end":{"line":473,"column":16}}],"line":471},"28":{"loc":{"start":{"line":474,"column":22},"end":{"line":476,"column":16}},"type":"cond-expr","locations":[{"start":{"line":475,"column":12},"end":{"line":475,"column":51}},{"start":{"line":476,"column":12},"end":{"line":476,"column":16}}],"line":474},"29":{"loc":{"start":{"line":477,"column":27},"end":{"line":477,"column":66}},"type":"binary-expr","locations":[{"start":{"line":477,"column":27},"end":{"line":477,"column":61}},{"start":{"line":477,"column":65},"end":{"line":477,"column":66}}],"line":477},"30":{"loc":{"start":{"line":484,"column":22},"end":{"line":484,"column":57}},"type":"binary-expr","locations":[{"start":{"line":484,"column":22},"end":{"line":484,"column":51}},{"start":{"line":484,"column":55},"end":{"line":484,"column":57}}],"line":484},"31":{"loc":{"start":{"line":496,"column":4},"end":{"line":496,"column":66}},"type":"if","locations":[{"start":{"line":496,"column":4},"end":{"line":496,"column":66}},{"start":{},"end":{}}],"line":496},"32":{"loc":{"start":{"line":497,"column":4},"end":{"line":501,"column":27}},"type":"if","locations":[{"start":{"line":497,"column":4},"end":{"line":501,"column":27}},{"start":{},"end":{}}],"line":497},"33":{"loc":{"start":{"line":498,"column":6},"end":{"line":499,"column":42}},"type":"binary-expr","locations":[{"start":{"line":498,"column":6},"end":{"line":498,"column":42}},{"start":{"line":499,"column":6},"end":{"line":499,"column":42}}],"line":498},"34":{"loc":{"start":{"line":502,"column":4},"end":{"line":502,"column":75}},"type":"if","locations":[{"start":{"line":502,"column":4},"end":{"line":502,"column":75}},{"start":{},"end":{}}],"line":502},"35":{"loc":{"start":{"line":506,"column":4},"end":{"line":506,"column":74}},"type":"if","locations":[{"start":{"line":506,"column":4},"end":{"line":506,"column":74}},{"start":{},"end":{}}],"line":506},"36":{"loc":{"start":{"line":507,"column":4},"end":{"line":508,"column":34}},"type":"if","locations":[{"start":{"line":507,"column":4},"end":{"line":508,"column":34}},{"start":{},"end":{}}],"line":507},"37":{"loc":{"start":{"line":509,"column":4},"end":{"line":509,"column":76}},"type":"if","locations":[{"start":{"line":509,"column":4},"end":{"line":509,"column":76}},{"start":{},"end":{}}],"line":509},"38":{"loc":{"start":{"line":513,"column":4},"end":{"line":513,"column":72}},"type":"if","locations":[{"start":{"line":513,"column":4},"end":{"line":513,"column":72}},{"start":{},"end":{}}],"line":513},"39":{"loc":{"start":{"line":514,"column":4},"end":{"line":514,"column":75}},"type":"if","locations":[{"start":{"line":514,"column":4},"end":{"line":514,"column":75}},{"start":{},"end":{}}],"line":514},"40":{"loc":{"start":{"line":518,"column":4},"end":{"line":518,"column":69}},"type":"if","locations":[{"start":{"line":518,"column":4},"end":{"line":518,"column":69}},{"start":{},"end":{}}],"line":518},"41":{"loc":{"start":{"line":519,"column":4},"end":{"line":519,"column":74}},"type":"if","locations":[{"start":{"line":519,"column":4},"end":{"line":519,"column":74}},{"start":{},"end":{}}],"line":519},"42":{"loc":{"start":{"line":520,"column":4},"end":{"line":520,"column":65}},"type":"if","locations":[{"start":{"line":520,"column":4},"end":{"line":520,"column":65}},{"start":{},"end":{}}],"line":520},"43":{"loc":{"start":{"line":544,"column":6},"end":{"line":544,"column":28}},"type":"default-arg","locations":[{"start":{"line":544,"column":26},"end":{"line":544,"column":28}}],"line":544},"44":{"loc":{"start":{"line":545,"column":6},"end":{"line":545,"column":63}},"type":"default-arg","locations":[{"start":{"line":545,"column":22},"end":{"line":545,"column":63}}],"line":545},"45":{"loc":{"start":{"line":606,"column":6},"end":{"line":613,"column":7}},"type":"if","locations":[{"start":{"line":606,"column":6},"end":{"line":613,"column":7}},{"start":{},"end":{}}],"line":606},"46":{"loc":{"start":{"line":606,"column":10},"end":{"line":606,"column":59}},"type":"binary-expr","locations":[{"start":{"line":606,"column":10},"end":{"line":606,"column":22}},{"start":{"line":606,"column":26},"end":{"line":606,"column":59}}],"line":606},"47":{"loc":{"start":{"line":624,"column":4},"end":{"line":626,"column":5}},"type":"if","locations":[{"start":{"line":624,"column":4},"end":{"line":626,"column":5}},{"start":{},"end":{}}],"line":624},"48":{"loc":{"start":{"line":648,"column":4},"end":{"line":654,"column":5}},"type":"if","locations":[{"start":{"line":648,"column":4},"end":{"line":654,"column":5}},{"start":{},"end":{}}],"line":648},"49":{"loc":{"start":{"line":659,"column":4},"end":{"line":663,"column":5}},"type":"if","locations":[{"start":{"line":659,"column":4},"end":{"line":663,"column":5}},{"start":{"line":661,"column":11},"end":{"line":663,"column":5}}],"line":659},"50":{"loc":{"start":{"line":661,"column":11},"end":{"line":663,"column":5}},"type":"if","locations":[{"start":{"line":661,"column":11},"end":{"line":663,"column":5}},{"start":{},"end":{}}],"line":661},"51":{"loc":{"start":{"line":666,"column":4},"end":{"line":668,"column":5}},"type":"if","locations":[{"start":{"line":666,"column":4},"end":{"line":668,"column":5}},{"start":{},"end":{}}],"line":666},"52":{"loc":{"start":{"line":677,"column":4},"end":{"line":678,"column":55}},"type":"if","locations":[{"start":{"line":677,"column":4},"end":{"line":678,"column":55}},{"start":{},"end":{}}],"line":677},"53":{"loc":{"start":{"line":679,"column":4},"end":{"line":680,"column":49}},"type":"if","locations":[{"start":{"line":679,"column":4},"end":{"line":680,"column":49}},{"start":{},"end":{}}],"line":679},"54":{"loc":{"start":{"line":698,"column":6},"end":{"line":698,"column":76}},"type":"default-arg","locations":[{"start":{"line":698,"column":20},"end":{"line":698,"column":76}}],"line":698},"55":{"loc":{"start":{"line":716,"column":8},"end":{"line":716,"column":50}},"type":"if","locations":[{"start":{"line":716,"column":8},"end":{"line":716,"column":50}},{"start":{},"end":{}}],"line":716},"56":{"loc":{"start":{"line":753,"column":4},"end":{"line":755,"column":5}},"type":"if","locations":[{"start":{"line":753,"column":4},"end":{"line":755,"column":5}},{"start":{},"end":{}}],"line":753},"57":{"loc":{"start":{"line":757,"column":4},"end":{"line":760,"column":5}},"type":"if","locations":[{"start":{"line":757,"column":4},"end":{"line":760,"column":5}},{"start":{},"end":{}}],"line":757},"58":{"loc":{"start":{"line":762,"column":4},"end":{"line":768,"column":5}},"type":"if","locations":[{"start":{"line":762,"column":4},"end":{"line":768,"column":5}},{"start":{},"end":{}}],"line":762},"59":{"loc":{"start":{"line":770,"column":4},"end":{"line":773,"column":5}},"type":"if","locations":[{"start":{"line":770,"column":4},"end":{"line":773,"column":5}},{"start":{},"end":{}}],"line":770},"60":{"loc":{"start":{"line":785,"column":6},"end":{"line":787,"column":7}},"type":"if","locations":[{"start":{"line":785,"column":6},"end":{"line":787,"column":7}},{"start":{},"end":{}}],"line":785},"61":{"loc":{"start":{"line":809,"column":6},"end":{"line":809,"column":26}},"type":"default-arg","locations":[{"start":{"line":809,"column":18},"end":{"line":809,"column":26}}],"line":809},"62":{"loc":{"start":{"line":810,"column":6},"end":{"line":810,"column":22}},"type":"default-arg","locations":[{"start":{"line":810,"column":19},"end":{"line":810,"column":22}}],"line":810},"63":{"loc":{"start":{"line":811,"column":6},"end":{"line":811,"column":26}},"type":"default-arg","locations":[{"start":{"line":811,"column":25},"end":{"line":811,"column":26}}],"line":811},"64":{"loc":{"start":{"line":827,"column":16},"end":{"line":827,"column":43}},"type":"binary-expr","locations":[{"start":{"line":827,"column":16},"end":{"line":827,"column":36}},{"start":{"line":827,"column":40},"end":{"line":827,"column":43}}],"line":827},"65":{"loc":{"start":{"line":870,"column":4},"end":{"line":882,"column":5}},"type":"switch","locations":[{"start":{"line":871,"column":6},"end":{"line":873,"column":14}},{"start":{"line":874,"column":6},"end":{"line":876,"column":14}},{"start":{"line":877,"column":6},"end":{"line":879,"column":14}},{"start":{"line":880,"column":6},"end":{"line":881,"column":70}}],"line":870},"66":{"loc":{"start":{"line":896,"column":6},"end":{"line":911,"column":7}},"type":"if","locations":[{"start":{"line":896,"column":6},"end":{"line":911,"column":7}},{"start":{},"end":{}}],"line":896},"67":{"loc":{"start":{"line":903,"column":8},"
[...]
n":34},"end":{"line":1580,"column":35}}],"line":1580},"112":{"loc":{"start":{"line":1592,"column":36},"end":{"line":1592,"column":54}},"type":"default-arg","locations":[{"start":{"line":1592,"column":52},"end":{"line":1592,"column":54}}],"line":1592},"113":{"loc":{"start":{"line":1593,"column":18},"end":{"line":1593,"column":64}},"type":"cond-expr","locations":[{"start":{"line":1593,"column":40},"end":{"line":1593,"column":44}},{"start":{"line":1593,"column":47},"end":{"line":1593,"column":64}}],"line":1593},"114":{"loc":{"start":{"line":1593,"column":47},"end":{"line":1593,"column":64}},"type":"binary-expr","locations":[{"start":{"line":1593,"column":47},"end":{"line":1593,"column":58}},{"start":{"line":1593,"column":62},"end":{"line":1593,"column":64}}],"line":1593},"115":{"loc":{"start":{"line":1594,"column":18},"end":{"line":1594,"column":62}},"type":"cond-expr","locations":[{"start":{"line":1594,"column":40},"end":{"line":1594,"column":42}},{"start":{"line":1594,"column":45},"end":{"line":1594,"column":62}}],"line":1594},"116":{"loc":{"start":{"line":1594,"column":45},"end":{"line":1594,"column":62}},"type":"binary-expr","locations":[{"start":{"line":1594,"column":45},"end":{"line":1594,"column":56}},{"start":{"line":1594,"column":60},"end":{"line":1594,"column":62}}],"line":1594},"117":{"loc":{"start":{"line":1599,"column":4},"end":{"line":1611,"column":5}},"type":"if","locations":[{"start":{"line":1599,"column":4},"end":{"line":1611,"column":5}},{"start":{},"end":{}}],"line":1599},"118":{"loc":{"start":{"line":1600,"column":6},"end":{"line":1602,"column":48}},"type":"binary-expr","locations":[{"start":{"line":1600,"column":6},"end":{"line":1600,"column":16}},{"start":{"line":1601,"column":6},"end":{"line":1601,"column":23}},{"start":{"line":1602,"column":6},"end":{"line":1602,"column":48}}],"line":1600},"119":{"loc":{"start":{"line":1606,"column":20},"end":{"line":1606,"column":32}},"type":"binary-expr","locations":[{"start":{"line":1606,"column":20},"end":{"line":1606,"column":27}},{"start":{"line":1606,"column":31},"end":{"line":1606,"column":32}}],"line":1606},"120":{"loc":{"start":{"line":1607,"column":8},"end":{"line":1607,"column":43}},"type":"if","locations":[{"start":{"line":1607,"column":8},"end":{"line":1607,"column":43}},{"start":{},"end":{}}],"line":1607},"121":{"loc":{"start":{"line":1615,"column":6},"end":{"line":1615,"column":72}},"type":"binary-expr","locations":[{"start":{"line":1615,"column":6},"end":{"line":1615,"column":35}},{"start":{"line":1615,"column":39},"end":{"line":1615,"column":65}},{"start":{"line":1615,"column":69},"end":{"line":1615,"column":72}}],"line":1615},"122":{"loc":{"start":{"line":1617,"column":6},"end":{"line":1617,"column":70}},"type":"binary-expr","locations":[{"start":{"line":1617,"column":6},"end":{"line":1617,"column":34}},{"start":{"line":1617,"column":38},"end":{"line":1617,"column":63}},{"start":{"line":1617,"column":67},"end":{"line":1617,"column":70}}],"line":1617},"123":{"loc":{"start":{"line":1635,"column":32},"end":{"line":1635,"column":50}},"type":"default-arg","locations":[{"start":{"line":1635,"column":48},"end":{"line":1635,"column":50}}],"line":1635},"124":{"loc":{"start":{"line":1636,"column":18},"end":{"line":1636,"column":64}},"type":"cond-expr","locations":[{"start":{"line":1636,"column":40},"end":{"line":1636,"column":44}},{"start":{"line":1636,"column":47},"end":{"line":1636,"column":64}}],"line":1636},"125":{"loc":{"start":{"line":1636,"column":47},"end":{"line":1636,"column":64}},"type":"binary-expr","locations":[{"start":{"line":1636,"column":47},"end":{"line":1636,"column":58}},{"start":{"line":1636,"column":62},"end":{"line":1636,"column":64}}],"line":1636},"126":{"loc":{"start":{"line":1639,"column":19},"end":{"line":1639,"column":46}},"type":"binary-expr","locations":[{"start":{"line":1639,"column":19},"end":{"line":1639,"column":39}},{"start":{"line":1639,"column":43},"end":{"line":1639,"column":46}}],"line":1639},"127":{"loc":{"start":{"line":1640,"column":25},"end":{"line":1640,"column":54}},"type":"binary-expr","locations":[{"start":{"line":1640,"column":25},"end":{"line":1640,"column":49}},{"start":{"line":1640,"column":53},"end":{"line":1640,"column":54}}],"line":1640},"128":{"loc":{"start":{"line":1641,"column":20},"end":{"line":1641,"column":46}},"type":"binary-expr","locations":[{"start":{"line":1641,"column":20},"end":{"line":1641,"column":39}},{"start":{"line":1641,"column":43},"end":{"line":1641,"column":46}}],"line":1641},"129":{"loc":{"start":{"line":1643,"column":18},"end":{"line":1643,"column":35}},"type":"binary-expr","locations":[{"start":{"line":1643,"column":18},"end":{"line":1643,"column":30}},{"start":{"line":1643,"column":34},"end":{"line":1643,"column":35}}],"line":1643},"130":{"loc":{"start":{"line":1655,"column":28},"end":{"line":1655,"column":46}},"type":"default-arg","locations":[{"start":{"line":1655,"column":44},"end":{"line":1655,"column":46}}],"line":1655},"131":{"loc":{"start":{"line":1656,"column":18},"end":{"line":1656,"column":64}},"type":"cond-expr","locations":[{"start":{"line":1656,"column":40},"end":{"line":1656,"column":44}},{"start":{"line":1656,"column":47},"end":{"line":1656,"column":64}}],"line":1656},"132":{"loc":{"start":{"line":1656,"column":47},"end":{"line":1656,"column":64}},"type":"binary-expr","locations":[{"start":{"line":1656,"column":47},"end":{"line":1656,"column":58}},{"start":{"line":1656,"column":62},"end":{"line":1656,"column":64}}],"line":1656},"133":{"loc":{"start":{"line":1658,"column":4},"end":{"line":1658,"column":45}},"type":"if","locations":[{"start":{"line":1658,"column":4},"end":{"line":1658,"column":45}},{"start":{},"end":{}}],"line":1658},"134":{"loc":{"start":{"line":1660,"column":20},"end":{"line":1660,"column":79}},"type":"binary-expr","locations":[{"start":{"line":1660,"column":20},"end":{"line":1660,"column":41}},{"start":{"line":1660,"column":45},"end":{"line":1660,"column":79}}],"line":1660},"135":{"loc":{"start":{"line":1661,"column":22},"end":{"line":1661,"column":52}},"type":"binary-expr","locations":[{"start":{"line":1661,"column":22},"end":{"line":1661,"column":45}},{"start":{"line":1661,"column":49},"end":{"line":1661,"column":52}}],"line":1661},"136":{"loc":{"start":{"line":1662,"column":23},"end":{"line":1662,"column":54}},"type":"binary-expr","locations":[{"start":{"line":1662,"column":23},"end":{"line":1662,"column":47}},{"start":{"line":1662,"column":51},"end":{"line":1662,"column":54}}],"line":1662},"137":{"loc":{"start":{"line":1686,"column":16},"end":{"line":1688,"column":14}},"type":"cond-expr","locations":[{"start":{"line":1687,"column":10},"end":{"line":1687,"column":64}},{"start":{"line":1688,"column":10},"end":{"line":1688,"column":14}}],"line":1686},"138":{"loc":{"start":{"line":1692,"column":4},"end":{"line":1694,"column":5}},"type":"if","locations":[{"start":{"line":1692,"column":4},"end":{"line":1694,"column":5}},{"start":{},"end":{}}],"line":1692},"139":{"loc":{"start":{"line":1749,"column":45},"end":{"line":1749,"column":54}},"type":"default-arg","locations":[{"start":{"line":1749,"column":52},"end":{"line":1749,"column":54}}],"line":1749},"140":{"loc":{"start":{"line":1751,"column":4},"end":{"line":1753,"column":5}},"type":"if","locations":[{"start":{"line":1751,"column":4},"end":{"line":1753,"column":5}},{"start":{},"end":{}}],"line":1751},"141":{"loc":{"start":{"line":1754,"column":20},"end":{"line":1754,"column":71}},"type":"cond-expr","locations":[{"start":{"line":1754,"column":47},"end":{"line":1754,"column":51}},{"start":{"line":1754,"column":54},"end":{"line":1754,"column":71}}],"line":1754},"142":{"loc":{"start":{"line":1754,"column":54},"end":{"line":1754,"column":71}},"type":"binary-expr","locations":[{"start":{"line":1754,"column":54},"end":{"line":1754,"column":65}},{"start":{"line":1754,"column":69},"end":{"line":1754,"column":71}}],"line":1754},"143":{"loc":{"start":{"line":1757,"column":20},"end":{"line":1757,"column":56}},"type":"cond-expr","locations":[{"start":{"line":1757,"column":47},"end":{"line":1757,"column":51}},{"start":{"line":1757,"column":54},"end":{"line":1757,"column":56}}],"line":1757},"144":{"loc":{"start":{"line":1769,"column":6},"end":{"line":1805,"column":7}},"type":"switch","locations":[{"start":{"line":1770,"column":8},"end":{"line":1779,"column":9}},{"start":{"line":1780,"column":8},"end":{"line":1784,"column":9}},{"start":{"line":1785,"column":8},"end":{"line":1794,"column":9}},{"start":{"line":1795,"column":8},"end":{"line":1798,"column":9}},{"start":{"line":1799,"column":8},"end":{"line":1802,"column":9}},{"start":{"line":1803,"column":8},"end":{"line":1804,"column":66}}],"line":1769},"145":{"loc":{"start":{"line":1771,"column":25},"end":{"line":1773,"column":18}},"type":"cond-expr","locations":[{"start":{"line":1772,"column":14},"end":{"line":1772,"column":62}},{"start":{"line":1773,"column":14},"end":{"line":1773,"column":18}}],"line":1771},"146":{"loc":{"start":{"line":1774,"column":25},"end":{"line":1774,"column":79}},"type":"cond-expr","locations":[{"start":{"line":1774,"column":44},"end":{"line":1774,"column":61}},{"start":{"line":1774,"column":64},"end":{"line":1774,"column":79}}],"line":1774},"147":{"loc":{"start":{"line":1776,"column":29},"end":{"line":1776,"column":49}},"type":"binary-expr","locations":[{"start":{"line":1776,"column":29},"end":{"line":1776,"column":42}},{"start":{"line":1776,"column":46},"end":{"line":1776,"column":49}}],"line":1776},"148":{"loc":{"start":{"line":1777,"column":30},"end":{"line":1777,"column":51}},"type":"binary-expr","locations":[{"start":{"line":1777,"column":30},"end":{"line":1777,"column":44}},{"start":{"line":1777,"column":48},"end":{"line":1777,"column":51}}],"line":1777},"149":{"loc":{"start":{"line":1790,"column":20},"end":{"line":1790,"column":46}},"type":"binary-expr","locations":[{"start":{"line":1790,"column":20},"end":{"line":1790,"column":40}},{"start":{"line":1790,"column":44},"end":{"line":1790,"column":46}}],"line":1790},"150":{"loc":{"start":{"line":1821,"column":11},"end":{"line":1821,"column":45}},"type":"binary-expr","locations":[{"start":{"line":1821,"column":11},"end":{"line":1821,"column":30}},{"start":{"line":1821,"column":34},"end":{"line":1821,"column":45}}],"line":1821},"151":{"loc":{"start":{"line":1828,"column":4},"end":{"line":1839,"column":5}},"type":"if","locations":[{"start":{"line":1828,"column":4},"end":{"line":1839,"column":5}},{"start":{},"end":{}}],"line":1828},"152":{"loc":{"start":{"line":1828,"column":8},"end":{"line":1828,"column":44}},"type":"binary-expr","locations":[{"start":{"line":1828,"column":8},"end":{"line":1828,"column":15}},{"start":{"line":1828,"column":19},"end":{"line":1828,"column":44}}],"line":1828},"153":{"loc":{"start":{"line":1831,"column":8},"end":{"line":1837,"column":9}},"type":"if","locations":[{"start":{"line":1831,"column":8},"end":{"line":1837,"column":9}},{"start":{},"end":{}}],"line":1831},"154":{"loc":{"start":{"line":1848,"column":4},"end":{"line":1852,"column":5}},"type":"if","locations":[{"start":{"line":1848,"column":4},"end":{"line":1852,"column":5}},{"start":{},"end":{}}],"line":1848},"155":{"loc":{"start":{"line":1858,"column":11},"end":{"line":1858,"column":33}},"type":"binary-expr","locations":[{"start":{"line":1858,"column":11},"end":{"line":1858,"column":20}},{"start":{"line":1858,"column":24},"end":{"line":1858,"column":33}}],"line":1858},"156":{"loc":{"start":{"line":1863,"column":28},"end":{"line":1863,"column":53}},"type":"binary-expr","locations":[{"start":{"line":1863,"column":28},"end":{"line":1863,"column":48}},{"start":{"line":1863,"column":52},"end":{"line":1863,"column":53}}],"line":1863},"157":{"loc":{"start":{"line":1876,"column":11},"end":{"line":1876,"column":49}},"type":"binary-expr","locations":[{"start":{"line":1876,"column":11},"end":{"line":1876,"column":29}},{"start":{"line":1876,"column":33},"end":{"line":1876,"column":49}}],"line":1876},"158":{"loc":{"start":{"line":1887,"column":11},"end":{"line":1887,"column":49}},"type":"binary-expr","locations":[{"start":{"line":1887,"column":11},"end":{"line":1887,"column":29}},{"start":{"line":1887,"column":33},"end":{"line":1887,"column":49}}],"line":1887},"159":{"loc":{"start":{"line":1932,"column":25},"end":{"line":1932,"column":60}},"type":"binary-expr","locations":[{"start":{"line":1932,"column":25},"end":{"line":1932,"column":55}},{"start":{"line":1932,"column":59},"end":{"line":1932,"column":60}}],"line":1932},"160":{"loc":{"start":{"line":1955,"column":11},"end":{"line":1955,"column":31}},"type":"binary-expr","locations":[{"start":{"line":1955,"column":11},"end":{"line":1955,"column":25}},{"start":{"line":1955,"column":29},"end":{"line":1955,"column":31}}],"line":1955},"161":{"loc":{"start":{"line":1958,"column":11},"end":{"line":1958,"column":31}},"type":"binary-expr","locations":[{"start":{"line":1958,"column":11},"end":{"line":1958,"column":25}},{"start":{"line":1958,"column":29},"end":{"line":1958,"column":31}}],"line":1958}},"s":{"0":1,"1":1,"2":1,"3":1,"4":36,"5":36,"6":36,"7":36,"8":36,"9":36,"10":36,"11":36,"12":36,"13":36,"14":36,"15":36,"16":36,"17":36,"18":36,"19":36,"20":36,"21":36,"22":36,"23":36,"24":36,"25":36,"26":36,"27":36,"28":36,"29":36,"30":36,"31":36,"32":36,"33":36,"34":36,"35":36,"36":36,"37":36,"38":36,"39":36,"40":36,"41":36,"42":36,"43":36,"44":36,"45":36,"46":36,"47":36,"48":36,"49":36,"50":36,"51":36,"52":36,"53":36,"54":36,"55":36,"56":36,"57":36,"58":36,"59":36,"60":36,"61":1,"62":1,"63":1,"64":1,"65":1,"66":1,"67":1,"68":1,"69":1,"70":1,"71":2,"72":2,"73":1,"74":1,"75":0,"76":1,"77":1,"78":1,"79":1,"80":1,"81":1,"82":1,"83":0,"84":1,"85":1,"86":1,"87":1,"88":0,"89":1,"90":1,"91":3,"92":3,"93":3,"94":1,"95":1,"96":1,"97":1,"98":3,"99":2,"100":1,"101":1,"102":1,"103":0,"104":1,"105":1,"106":1,"107":1,"108":1,"109":1,"110":1,"111":1,"112":0,"113":1,"114":1,"115":1,"116":1,"117":1,"118":0,"119":1,"120":1,"121":1,"122":1,"123":1,"124":1,"125":0,"126":1,"127":1,"128":1,"129":1,"130":1,"131":1,"132":0,"133":1,"134":1,"135":1,"136":0,"137":1,"138":1,"139":1,"140":1,"141":1,"142":1,"143":1,"144":1,"145":100,"146":100,"147":100,"148":5000,"149":1,"150":1,"151":1,"152":1,"153":500,"154":1,"155":1,"156":1,"157":1,"158":1,"159":1,"160":1,"161":1,"162":0,"163":1,"164":1,"165":1,"166":0,"167":3,"168":3,"169":3,"170":3,"171":3,"172":1,"173":1,"174":1,"175":1,"176":2,"177":1,"178":2,"179":1,"180":9,"181":9,"182":9,"183":9,"184":9,"185":9,"186":9,"187":9,"188":9,"189":9,"190":9,"191":9,"192":9,"193":9,"194":7,"195":0,"196":7,"197":7,"198":7,"199":7,"200":7,"201":7,"202":7,"203":7,"204":7,"205":7,"206":7,"207":7,"208":7,"209":7,"210":7,"211":7,"212":2,"213":2,"214":2,"215":2,"216":1,"217":1,"218":9,"219":9,"220":9,"221":2,"222":1,"223":1,"224":1,"225":1,"226":1,"227":1,"228":0,"229":0,"230":0,"231":0,"232":0,"233":1,"234":9,"235":2,"236":2,"237":2,"238":2,"239":2,"240":0,"241":0,"242":2,"243":0,"244":0,"245":0,"246":2,"247":2,"248":1,"249":2,"250":2,"251":1,"252":2,"253":1,"254":1,"255":1,"256":1,"257":1,"258":1,"259":1,"260":1,"261":1,"262":1,"263":1,"264":1,"265":2,"266":1,"267":1,"268":1,"269":1,"270":1,"271":1,"272":1,"273":1,"274":1,"275":1,"276":4,"277":1,"278":1,"279":1,"280":1,"281":1,"282":1,"283":1,"284":1,"285":1,"286":1,"287":1,"288":1,"289":1,"290":1,"291":1,"292":1,"293":1,"294":1,"295":1,"296":0,"297":1,"298":1,"299":1,"300":1,"301":8,"302":8,"303":8,"304":0,"305":8,"306":8,"307":8,"308":8,"309":8,"310":8,"311":1,"312":7,"313":7,"314":7,"315":7,"316":0,"317":7,"318":1,"319":1,"320":1,"321":2,"322":1,"323":1,"324":3,"325":3,"326":3,"327":3,"328":0,"329":0,"330":3,"331":1,"332":1,"333":1,"334":0,"335":0,"336":1,"337":0,"338":0,"339":0,"340":0,"341":1,"342":1,"343":1,"344":1,"345":1,"346":1,"347":1,"348":1,"349":9,"350":9,"351":9,"352":9,"353":9,"354":9,"355":9,"356":10005,"357":10005,"358":9,"359":1,"360":1,"361":1,"362":1,"363":1,"364":1,"365":1,"366":4,"367":4,"368":3,"369":4,"370":1,"371":1,"372":1,"373":1,"374":3,"375":3,"376":3,"377":3,"378":4,"379":1,"380":1,"381":1,"382":1,"383":1,"384":1,"385":1,"386":1,"387":4,"388":4,"389":1,"390":1,"391":1,"392":1,"393":0,"394":1,"395":1,"396":1,"397":1,"398":1,"399":1,"400":9,"401":9,"402":9,"403":1,"404":0,"405":0,"406":0,"407":0,"408":0,"409":0,"410":0,"411":0,"412":0,"413":0,"414":0,"415":0,"416":0,"417":4,"418":4,"419":0,"420":4,"421":4,"422":4,"423":4,"424":4,"425":1,"426":1,"427":1,"428":1,"429":1,"430":1,"431":1,"432":1,"433":1,"434":1,"435":1,"436":1,"437":1,"438":0,"439":0,"440":0,"441":4,"442":4,"443":0,"444":0,"445":0,"446":4,"447":2,"448":2,"449":8,"450":8,"451":8,"452":3,"453":9,"454":9,"455":4,"456":8,"457":8,"458":8,"459":8,"460":4,"461":21,"462":8,"463":2,"464":2,"465":2,"466":2,"467":2,"468":1,"469":1,"470":1,"471":7,"472":7,"473":0,"474":0,"475":0,"476":0,"477":0,"478":0,"479":1,"480":1,"481":1,"482":1,"483":1,"484":0,"485":2,"486":1,"487":1,"488":0,"489":0,"490":0,"491":1,"492":1,"493":1,"494":1,"495":1,"496":1,"497":1,"498":0,"499":0,"500":0,"501":0,"502":0,"503":0,"504":1},"f":{"0":36,"1":0,"2":0,"3":0,"4":36,"5":36,"6":36,"7":36,"8":36,"9":36,"10":1,"11":1,"12":2,"13":1,"14":1,"15":1,"16":3,"17":1,"18":3,"19":2,"20":1,"21":1,"22":1,"23":1,"24":1,"25":1,"26":1,"27":1,"28":5000,"29":1,"30":500,"31":1,"32":1,"33":1,"34":1,"35":0,"36":3,"37":1,"38":2,"39":2,"40":9,"41":9,"42":9,"43":9,"44":2,"45":2,"46":2,"47":1,"48":2,"49":1,"50":1,"51":1,"52":4,"53":1,"54":1,"55":1,"56":1,"57":1,"58":1,"59":1,"60":8,"61":8,"62":7,"63":1,"64":2,"65":1,"66":3,"67":0,"68":0,"69":1,"70":0,"71":0,"72":0,"73":1,"74":1,"75":1,"76":9,"77":10005,"78":1,"79":4,"80":3,"81":4,"82":1,"83":4,"84":1,"85":9,"86":0,"87":0,"88":0,"89":0,"90":0,"91":0,"92":4,"93":2,"94":8,"95":9,"96":8,"97":21,"98":2,"99":2,"100":2,"101":1,"102":1,"103":7,"104":0,"105":0,"106":0,"107":0,"108":0,"109":0,"110":1,"111":0,"112":0,"113":1,"114":1,"115":1,"116":1,"117":0,"118":2,"119":1,"120":1,"121":0,"122":0,"123":0,"124":1,"125":1,"126":1,"127":1,"128":1,"129":1,"130":1,"131":0,"132":0,"133":0,"134":0,"135":0,"136":0},"b":{"0":[36,0],"1":[36,36,36],"2":[36,0],"3":[2,0],"4":[0,1],"5":[1,0],"6":[1,0],"7":[0,1],"8":[0,1],"9":[1,0],"10":[3,0],"11":[3,0],"12":[3,0],"13":[3,2],"14":[0],"15":[0,1],"16":[1,0],"17":[0,1],"18":[1,1],"19":[0,1],"20":[1,0],"21":[1,0],"22":[0,1],"23":[1,0],"24":[1,0],"25":[0,1],"26":[1,0],"27":[0,1],"28":[0],"29":[1,0],"30":[0],"31":[1,0],"32":[0],"33":[0,1],"34":[1,0],"35":[0],"36":[1,1],"37":[0,0],"38":[3,1],"39":[3,2],"40":[3,2],"41":[2,1],"42":[3,2],"43":[1,1,0],"44":[1,1,0],"45":[2,0],"46":[9,5],"47":[9,5],"48":[9,1],"49":[9,9],"50":[9,9],"51":[9,9],"52":[0,7],"53":[7,0],"54":[7,0],"55":[7,0],"56":[1,1],"57":[2,1,1,1,1,1,1,0,0,0,0,0,1],"58":[2],"59":[2],"60":[2,1],"61":[0,2],"62":[2,0],"63":[0,2],"64":[2,0],"65":[1,0],"66":[1,0],"67":[1,1,0],"68":[1,0,0],"69":[1,0],"70":[1,0],"71":[0],"72":[1,0],"73":[4,0],"74":[4,4,4],"75":[1,0],"76":[1,1],"77":[1,1,0],"78":[1,0],"79":[0,1],"80":[1,0],"81":[1],"82":[1,0],"83":[1,0],"84":[1,1,1],"85":[0,0],"86":[1,1],"87":[1,1],"88":[8,4],"89":[0,8],"90":[8,1],"91":[8,1],"92":[8,1],"93":[8,1],"94":[1,7],"95":[8,7],"96":[7,3],"97":[0,7],"98":[7,7],"99":[2,0],"100":[1,2],"101":[0,3],"102":[0,0],"103":[0,0],"104":[0,0],"105":[1,0],"106":[1,1],"107":[1],"108":[0,9],"109":[9,4],"110":[9,6],"111":[9,6],"112":[0],"113":[1,0],"114":[0,0],"115":[1,0],"116":[0,0],"117":[1,0],"118":[1,1,1],"119":[4,1],"120":[3,1],"121":[1,1,0],"122":[1,1,0],"123":[0],"124":[1,0],"125":[0,0],"126":[1,0],"127":[1,1],"128":[1,1],"129":[1,0],"130":[0],"131":[1,0],"132":[0,0],"133":[0,1],"134":[1,0],"135":[1,0],"136":[1,0],"137":[0,0],"138":[0,0],"139":[0],"140":[0,4],"141":[0,4],"142":[4,0],"143":[4,0],"144":[1,1,1,1,0,0],"145":[1,0],"146":[1,0],"147":[1,0],"148":[1,0],"149":[1,0],"150":[2,0],"151":[3,5],"152":[8,4],"153":[4,5],"154":[4,4],"155":[2,0],"156":[2,2],"157":[2,0],"158":[1,0],"159":[1,1],"160":[2,0],"161":[1,0]},"_coverageSchema":"1a1c01bbd47fc00a2c39e90264f33305004495a9","hash":"d2c1a178d001db7b5accac7dde6b32b839cb1e0d"}
}
