TN:
SF:src/app.ts
FN:27,(anonymous_0)
FN:49,(anonymous_1)
FN:62,(anonymous_2)
FN:94,(anonymous_3)
FN:158,(anonymous_4)
FN:180,(anonymous_5)
FNF:6
FNH:0
FNDA:0,(anonymous_0)
FNDA:0,(anonymous_1)
FNDA:0,(anonymous_2)
FNDA:0,(anonymous_3)
FNDA:0,(anonymous_4)
FNDA:0,(anonymous_5)
DA:27,0
DA:28,0
DA:29,0
DA:31,0
DA:32,0
DA:33,0
DA:34,0
DA:40,0
DA:41,0
DA:43,0
DA:46,0
DA:47,0
DA:48,0
DA:49,0
DA:50,0
DA:51,0
DA:53,0
DA:62,0
DA:63,0
DA:65,0
DA:66,0
DA:69,0
DA:70,0
DA:72,0
DA:73,0
DA:80,0
DA:85,0
DA:94,0
DA:99,0
DA:101,0
DA:112,0
DA:115,0
DA:117,0
DA:121,0
DA:122,0
DA:123,0
DA:126,0
DA:129,0
DA:130,0
DA:133,0
DA:136,0
DA:138,0
DA:140,0
DA:160,0
DA:162,0
DA:163,0
DA:165,0
DA:168,0
DA:171,0
DA:174,0
DA:175,0
DA:178,0
DA:182,0
DA:183,0
DA:185,0
DA:186,0
DA:187,0
DA:189,0
DA:192,0
DA:200,0
LF:60
LH:0
BRDA:36,0,0,0
BRDA:36,0,1,0
BRDA:56,1,0,0
BRDA:56,1,1,0
BRDA:57,2,0,0
BRDA:57,2,1,0
BRDA:63,3,0,0
BRDA:63,4,0,0
BRDA:65,5,0,0
BRDA:113,6,0,0
BRDA:113,6,1,0
BRDA:149,7,0,0
BRDA:149,7,1,0
BRDA:155,8,0,0
BRDA:155,8,1,0
BRDA:160,9,0,0
BRDA:174,10,0,0
BRDA:178,11,0,0
BRDA:178,11,1,0
BRDA:183,12,0,0
BRDA:183,12,1,0
BRDA:185,13,0,0
BRF:22
BRH:0
end_of_record
TN:
SF:src/appFactory.ts
FN:12,createApp
FN:31,(anonymous_1)
FN:33,(anonymous_2)
FNF:3
FNH:0
FNDA:0,createApp
FNDA:0,(anonymous_1)
FNDA:0,(anonymous_2)
DA:13,0
DA:14,0
DA:16,0
DA:28,0
DA:29,0
DA:30,0
DA:31,0
DA:33,0
DA:34,0
DA:42,0
DA:45,0
LF:11
LH:0
BRDA:12,0,0,0
BRDA:12,1,0,0
BRDA:42,2,0,0
BRF:3
BRH:0
end_of_record
TN:
SF:src/live-server.ts
FN:235,(anonymous_0)
FN:237,(anonymous_1)
FN:258,(anonymous_2)
FN:260,(anonymous_3)
FN:263,(anonymous_4)
FN:268,(anonymous_5)
FN:273,(anonymous_6)
FN:274,(anonymous_7)
FN:276,(anonymous_8)
FN:277,(anonymous_9)
FN:281,(anonymous_10)
FN:285,(anonymous_11)
FN:291,(anonymous_12)
FN:293,(anonymous_13)
FN:294,(anonymous_14)
FN:317,(anonymous_15)
FN:334,(anonymous_16)
FN:348,(anonymous_17)
FN:352,(anonymous_18)
FN:358,(anonymous_19)
FN:360,(anonymous_20)
FN:361,(anonymous_21)
FN:378,(anonymous_22)
FN:388,(anonymous_23)
FN:394,(anonymous_24)
FN:396,(anonymous_25)
FN:405,(anonymous_26)
FN:407,(anonymous_27)
FN:421,(anonymous_28)
FN:433,(anonymous_29)
FN:449,startLiveServer
FN:498,(anonymous_31)
FN:512,(anonymous_32)
FN:536,(anonymous_33)
FN:559,(anonymous_34)
FN:560,(anonymous_35)
FN:583,(anonymous_36)
FN:588,(anonymous_37)
FN:594,(anonymous_38)
FNF:39
FNH:0
FNDA:0,(anonymous_0)
FNDA:0,(anonymous_1)
FNDA:0,(anonymous_2)
FNDA:0,(anonymous_3)
FNDA:0,(anonymous_4)
FNDA:0,(anonymous_5)
FNDA:0,(anonymous_6)
FNDA:0,(anonymous_7)
FNDA:0,(anonymous_8)
FNDA:0,(anonymous_9)
FNDA:0,(anonymous_10)
FNDA:0,(anonymous_11)
FNDA:0,(anonymous_12)
FNDA:0,(anonymous_13)
FNDA:0,(anonymous_14)
FNDA:0,(anonymous_15)
FNDA:0,(anonymous_16)
FNDA:0,(anonymous_17)
FNDA:0,(anonymous_18)
FNDA:0,(anonymous_19)
FNDA:0,(anonymous_20)
FNDA:0,(anonymous_21)
FNDA:0,(anonymous_22)
FNDA:0,(anonymous_23)
FNDA:0,(anonymous_24)
FNDA:0,(anonymous_25)
FNDA:0,(anonymous_26)
FNDA:0,(anonymous_27)
FNDA:0,(anonymous_28)
FNDA:0,(anonymous_29)
FNDA:0,startLiveServer
FNDA:0,(anonymous_31)
FNDA:0,(anonymous_32)
FNDA:0,(anonymous_33)
FNDA:0,(anonymous_34)
FNDA:0,(anonymous_35)
FNDA:0,(anonymous_36)
FNDA:0,(anonymous_37)
FNDA:0,(anonymous_38)
DA:18,0
DA:21,0
DA:167,0
DA:233,0
DA:235,0
DA:237,0
DA:258,0
DA:261,0
DA:262,0
DA:263,0
DA:264,0
DA:267,0
DA:268,0
DA:270,0
DA:274,0
DA:276,0
DA:277,0
DA:282,0
DA:285,0
DA:287,0
DA:291,0
DA:293,0
DA:294,0
DA:318,0
DA:328,0
DA:329,0
DA:331,0
DA:335,0
DA:342,0
DA:343,0
DA:345,0
DA:349,0
DA:352,0
DA:354,0
DA:358,0
DA:360,0
DA:361,0
DA:379,0
DA:380,0
DA:388,0
DA:395,0
DA:396,0
DA:397,0
DA:398,0
DA:399,0
DA:406,0
DA:407,0
DA:408,0
DA:409,0
DA:422,0
DA:424,0
DA:425,0
DA:433,0
DA:436,0
DA:450,0
DA:451,0
DA:454,0
DA:466,0
DA:471,0
DA:473,0
DA:474,0
DA:480,0
DA:483,0
DA:488,0
DA:491,0
DA:498,0
DA:499,0
DA:512,0
DA:513,0
DA:536,0
DA:537,0
DA:554,0
DA:555,0
DA:557,0
DA:559,0
DA:560,0
DA:561,0
DA:562,0
DA:563,0
DA:564,0
DA:565,0
DA:566,0
DA:577,0
DA:583,0
DA:584,0
DA:585,0
DA:588,0
DA:589,0
DA:590,0
DA:594,0
DA:595,0
DA:596,0
LF:92
LH:0
BRDA:262,0,0,0
BRDA:267,1,0,0
BRDA:475,2,0,0
BRDA:475,2,1,0
BRDA:557,3,0,0
BRDA:557,3,1,0
BRF:6
BRH:0
end_of_record
TN:
SF:src/ai/ExtractionEngine.ts
FN:97,(anonymous_0)
FN:119,(anonymous_1)
FN:210,(anonymous_2)
FN:250,(anonymous_3)
FN:275,(anonymous_4)
FN:312,(anonymous_5)
FN:336,(anonymous_6)
FN:376,(anonymous_7)
FN:400,(anonymous_8)
FN:445,(anonymous_9)
FN:469,(anonymous_10)
FN:487,(anonymous_11)
FN:563,(anonymous_12)
FN:587,(anonymous_13)
FN:650,(anonymous_14)
FN:686,(anonymous_15)
FN:710,(anonymous_16)
FN:776,(anonymous_17)
FN:796,(anonymous_18)
FN:828,(anonymous_19)
FN:856,(anonymous_20)
FN:877,(anonymous_21)
FN:882,(anonymous_22)
FN:903,(anonymous_23)
FN:931,(anonymous_24)
FN:935,(anonymous_25)
FN:944,(anonymous_26)
FN:963,(anonymous_27)
FN:980,(anonymous_28)
FN:981,(anonymous_29)
FN:985,(anonymous_30)
FN:986,(anonymous_31)
FN:994,(anonymous_32)
FN:1009,(anonymous_33)
FN:1027,(anonymous_34)
FN:1035,(anonymous_35)
FNF:36
FNH:0
FNDA:0,(anonymous_0)
FNDA:0,(anonymous_1)
FNDA:0,(anonymous_2)
FNDA:0,(anonymous_3)
FNDA:0,(anonymous_4)
FNDA:0,(anonymous_5)
FNDA:0,(anonymous_6)
FNDA:0,(anonymous_7)
FNDA:0,(anonymous_8)
FNDA:0,(anonymous_9)
FNDA:0,(anonymous_10)
FNDA:0,(anonymous_11)
FNDA:0,(anonymous_12)
FNDA:0,(anonymous_13)
FNDA:0,(anonymous_14)
FNDA:0,(anonymous_15)
FNDA:0,(anonymous_16)
FNDA:0,(anonymous_17)
FNDA:0,(anonymous_18)
FNDA:0,(anonymous_19)
FNDA:0,(anonymous_20)
FNDA:0,(anonymous_21)
FNDA:0,(anonymous_22)
FNDA:0,(anonymous_23)
FNDA:0,(anonymous_24)
FNDA:0,(anonymous_25)
FNDA:0,(anonymous_26)
FNDA:0,(anonymous_27)
FNDA:0,(anonymous_28)
FNDA:0,(anonymous_29)
FNDA:0,(anonymous_30)
FNDA:0,(anonymous_31)
FNDA:0,(anonymous_32)
FNDA:0,(anonymous_33)
FNDA:0,(anonymous_34)
FNDA:0,(anonymous_35)
DA:19,0
DA:95,0
DA:98,0
DA:99,0
DA:102,0
DA:103,0
DA:104,0
DA:105,0
DA:106,0
DA:107,0
DA:109,0
DA:120,0
DA:121,0
DA:123,0
DA:125,0
DA:126,0
DA:128,0
DA:130,0
DA:133,0
DA:134,0
DA:135,0
DA:138,0
DA:140,0
DA:141,0
DA:144,0
DA:145,0
DA:148,0
DA:149,0
DA:152,0
DA:153,0
DA:156,0
DA:157,0
DA:160,0
DA:161,0
DA:164,0
DA:165,0
DA:169,0
DA:170,0
DA:172,0
DA:173,0
DA:176,0
DA:180,0
DA:182,0
DA:184,0
DA:185,0
DA:188,0
DA:189,0
DA:190,0
DA:194,0
DA:195,0
DA:197,0
DA:200,0
DA:201,0
DA:203,0
DA:216,0
DA:217,0
DA:220,0
DA:221,0
DA:222,0
DA:224,0
DA:226,0
DA:232,0
DA:233,0
DA:249,0
DA:250,0
DA:252,0
DA:267,0
DA:268,0
DA:281,0
DA:282,0
DA:285,0
DA:286,0
DA:288,0
DA:289,0
DA:296,0
DA:297,0
DA:311,0
DA:312,0
DA:314,0
DA:329,0
DA:342,0
DA:343,0
DA:346,0
DA:347,0
DA:349,0
DA:350,0
DA:357,0
DA:358,0
DA:375,0
DA:376,0
DA:378,0
DA:393,0
DA:406,0
DA:407,0
DA:410,0
DA:411,0
DA:413,0
DA:414,0
DA:422,0
DA:423,0
DA:444,0
DA:445,0
DA:447,0
DA:462,0
DA:475,0
DA:476,0
DA:478,0
DA:480,0
DA:482,0
DA:483,0
DA:486,0
DA:487,0
DA:490,0
DA:491,0
DA:506,0
DA:514,0
DA:515,0
DA:531,0
DA:532,0
DA:547,0
DA:548,0
DA:562,0
DA:563,0
DA:565,0
DA:580,0
DA:593,0
DA:594,0
DA:597,0
DA:598,0
DA:600,0
DA:604,0
DA:612,0
DA:626,0
DA:628,0
DA:643,0
DA:656,0
DA:657,0
DA:659,0
DA:661,0
DA:663,0
DA:664,0
DA:665,0
DA:674,0
DA:675,0
DA:678,0
DA:683,0
DA:685,0
DA:686,0
DA:688,0
DA:703,0
DA:716,0
DA:717,0
DA:718,0
DA:722,0
DA:724,0
DA:729,0
DA:731,0
DA:732,0
DA:734,0
DA:735,0
DA:736,0
DA:738,0
DA:739,0
DA:744,0
DA:745,0
DA:746,0
DA:749,0
DA:750,0
DA:751,0
DA:753,0
DA:754,0
DA:758,0
DA:759,0
DA:760,0
DA:762,0
DA:763,0
DA:767,0
DA:768,0
DA:769,0
DA:771,0
DA:772,0
DA:776,0
DA:777,0
DA:784,0
DA:785,0
DA:792,0
DA:795,0
DA:796,0
DA:798,0
DA:813,0
DA:814,0
DA:815,0
DA:818,0
DA:819,0
DA:829,0
DA:830,0
DA:831,0
DA:832,0
DA:833,0
DA:837,0
DA:842,0
DA:848,0
DA:857,0
DA:859,0
DA:862,0
DA:864,0
DA:866,0
DA:868,0
DA:870,0
DA:879,0
DA:881,0
DA:882,0
DA:883,0
DA:886,0
DA:888,0
DA:889,0
DA:890,0
DA:893,0
DA:897,0
DA:905,0
DA:908,0
DA:909,0
DA:910,0
DA:914,0
DA:915,0
DA:916,0
DA:920,0
DA:921,0
DA:922,0
DA:925,0
DA:932,0
DA:933,0
DA:935,0
DA:936,0
DA:938,0
DA:945,0
DA:946,0
DA:947,0
DA:948,0
DA:950,0
DA:952,0
DA:953,0
DA:954,0
DA:955,0
DA:957,0
DA:964,0
DA:965,0
DA:967,0
DA:969,0
DA:970,0
DA:971,0
DA:972,0
DA:974,0
DA:981,0
DA:982,0
DA:983,0
DA:985,0
DA:986,0
DA:987,0
DA:996,0
DA:1010,0
DA:1028,0
DA:1031,0
DA:1032,0
DA:1034,0
DA:1035,0
DA:1039,0
DA:1048,0
LF:268
LH:0
BRDA:110,0,0,0
BRDA:110,0,1,0
BRDA:111,1,0,0
BRDA:111,1,1,0
BRDA:138,2,0,0
BRDA:138,2,1,0
BRDA:138,2,2,0
BRDA:138,2,3,0
BRDA:138,2,4,0
BRDA:138,2,5,0
BRDA:138,2,6,0
BRDA:138,2,7,0
BRDA:138,2,8,0
BRDA:169,3,0,0
BRDA:216,4,0,0
BRDA:216,5,0,0
BRDA:216,5,1,0
BRDA:227,6,0,0
BRDA:227,6,1,0
BRDA:229,7,0,0
BRDA:229,7,1,0
BRDA:250,8,0,0
BRDA:250,8,1,0
BRDA:281,9,0,0
BRDA:281,10,0,0
BRDA:281,10,1,0
BRDA:290,11,0,0
BRDA:290,11,1,0
BRDA:291,12,0,0
BRDA:291,12,1,0
BRDA:292,13,0,0
BRDA:292,13,1,0
BRDA:293,14,0,0
BRDA:293,14,1,0
BRDA:312,15,0,0
BRDA:312,15,1,0
BRDA:342,16,0,0
BRDA:342,17,0,0
BRDA:342,17,1,0
BRDA:351,18,0,0
BRDA:351,18,1,0
BRDA:352,19,0,0
BRDA:352,19,1,0
BRDA:376,20,0,0
BRDA:376,20,1,0
BRDA:406,21,0,0
BRDA:406,22,0,0
BRDA:406,22,1,0
BRDA:415,23,0,0
BRDA:415,23,1,0
BRDA:416,24,0,0
BRDA:416,24,1,0
BRDA:445,25,0,0
BRDA:445,25,1,0
BRDA:482,26,0,0
BRDA:482,26,1,0
BRDA:490,27,0,0
BRDA:547,28,0,0
BRDA:563,29,0,0
BRDA:563,29,1,0
BRDA:593,30,0,0
BRDA:593,31,0,0
BRDA:593,31,1,0
BRDA:635,32,0,0
BRDA:635,32,1,0
BRDA:674,33,0,0
BRDA:686,34,0,0
BRDA:686,34,1,0
BRDA:725,35,0,0
BRDA:725,35,1,0
BRDA:731,36,0,0
BRDA:784,37,0,0
BRDA:796,38,0,0
BRDA:796,38,1,0
BRDA:818,39,0,0
BRDA:831,40,0,0
BRDA:832,41,0,0
BRDA:832,41,1,0
BRDA:837,42,0,0
BRDA:837,43,0,0
BRDA:837,43,1,0
BRDA:837,43,2,0
BRDA:842,44,0,0
BRDA:842,45,0,0
BRDA:842,45,1,0
BRDA:857,46,0,0
BRDA:857,46,1,0
BRDA:857,46,2,0
BRDA:857,46,3,0
BRDA:857,46,4,0
BRDA:857,46,5,0
BRDA:886,47,0,0
BRDA:886,47,1,0
BRDA:888,48,0,0
BRDA:890,49,0,0
BRDA:890,49,1,0
BRDA:905,50,0,0
BRDA:908,51,0,0
BRDA:908,52,0,0
BRDA:908,52,1,0
BRDA:910,53,0,0
BRDA:914,54,0,0
BRDA:914,55,0,0
BRDA:914,55,1,0
BRDA:916,56,0,0
BRDA:920,57,0,0
BRDA:920,58,0,0
BRDA:920,58,1,0
BRDA:922,59,0,0
BRDA:950,60,0,0
BRDA:950,61,0,0
BRDA:950,61,1,0
BRDA:967,62,0,0
BRDA:1034,63,0,0
BRDA:1034,63,1,0
BRF:115
BRH:0
end_of_record
TN:
SF:src/ai/auditLogging.ts
FN:8,setupAIAuditLogging
FN:14,auditAIOperation
FN:35,auditJobCreation
FN:43,auditJobCompletion
FN:53,auditInsightDecision
FN:62,auditMLModelUsage
FN:71,auditSecurityEvent
FN:80,auditDataAccess
FN:90,auditWebhookReceived
FN:101,auditConfigurationChange
FN:111,getAuditTrail
FN:123,getRecentSecurityEvents
FN:128,(anonymous_12)
FN:136,generateAuditReport
FN:146,(anonymous_14)
FN:147,(anonymous_15)
FN:148,(anonymous_16)
FN:149,(anonymous_17)
FN:163,getTopActors
FN:166,(anonymous_19)
FN:173,(anonymous_20)
FN:175,(anonymous_21)
FN:178,getSecuritySummary
FN:179,(anonymous_23)
FN:182,(anonymous_24)
FN:190,(anonymous_25)
FN:194,getPerformanceMetrics
FN:195,(anonymous_27)
FN:201,(anonymous_28)
FN:202,(anonymous_29)
FNF:30
FNH:0
FNDA:0,setupAIAuditLogging
FNDA:0,auditAIOperation
FNDA:0,auditJobCreation
FNDA:0,auditJobCompletion
FNDA:0,auditInsightDecision
FNDA:0,auditMLModelUsage
FNDA:0,auditSecurityEvent
FNDA:0,auditDataAccess
FNDA:0,auditWebhookReceived
FNDA:0,auditConfigurationChange
FNDA:0,getAuditTrail
FNDA:0,getRecentSecurityEvents
FNDA:0,(anonymous_12)
FNDA:0,generateAuditReport
FNDA:0,(anonymous_14)
FNDA:0,(anonymous_15)
FNDA:0,(anonymous_16)
FNDA:0,(anonymous_17)
FNDA:0,getTopActors
FNDA:0,(anonymous_19)
FNDA:0,(anonymous_20)
FNDA:0,(anonymous_21)
FNDA:0,getSecuritySummary
FNDA:0,(anonymous_23)
FNDA:0,(anonymous_24)
FNDA:0,(anonymous_25)
FNDA:0,getPerformanceMetrics
FNDA:0,(anonymous_27)
FNDA:0,(anonymous_28)
FNDA:0,(anonymous_29)
DA:6,0
DA:9,0
DA:10,0
DA:15,0
DA:17,0
DA:18,0
DA:30,0
DA:36,0
DA:44,0
DA:54,0
DA:63,0
DA:72,0
DA:81,0
DA:91,0
DA:102,0
DA:112,0
DA:114,0
DA:115,0
DA:117,0
DA:118,0
DA:124,0
DA:126,0
DA:127,0
DA:128,0
DA:130,0
DA:131,0
DA:137,0
DA:139,0
DA:140,0
DA:142,0
DA:146,0
DA:147,0
DA:148,0
DA:149,0
DA:156,0
DA:158,0
DA:159,0
DA:164,0
DA:166,0
DA:167,0
DA:168,0
DA:172,0
DA:173,0
DA:175,0
DA:179,0
DA:180,0
DA:182,0
DA:183,0
DA:184,0
DA:187,0
DA:190,0
DA:195,0
DA:197,0
DA:198,0
DA:201,0
DA:202,0
DA:204,0
LF:57
LH:0
BRDA:14,0,0,0
BRDA:15,1,0,0
BRDA:35,2,0,0
BRDA:43,3,0,0
BRDA:62,4,0,0
BRDA:71,5,0,0
BRDA:80,6,0,0
BRDA:111,7,0,0
BRDA:112,8,0,0
BRDA:123,9,0,0
BRDA:124,10,0,0
BRDA:137,11,0,0
BRDA:167,12,0,0
BRDA:167,13,0,0
BRDA:167,13,1,0
BRDA:167,13,2,0
BRDA:168,14,0,0
BRDA:168,14,1,0
BRDA:183,15,0,0
BRDA:183,15,1,0
BRDA:184,16,0,0
BRDA:184,16,1,0
BRDA:195,17,0,0
BRDA:195,17,1,0
BRDA:197,18,0,0
BRF:25
BRH:0
end_of_record
TN:
SF:src/ai/behavioralDnaNetwork.ts
FN:26,(anonymous_0)
FN:33,(anonymous_1)
FN:54,(anonymous_2)
FN:61,(anonymous_3)
FN:66,(anonymous_4)
FN:67,(anonymous_5)
FN:73,(anonymous_6)
FN:74,(anonymous_7)
FN:75,(anonymous_8)
FN:76,(anonymous_9)
FN:79,(anonymous_10)
FN:82,(anonymous_11)
FN:87,(anonymous_12)
FN:90,(anonymous_13)
FN:107,(anonymous_14)
FN:108,(anonymous_15)
FN:109,(anonymous_16)
FN:111,(anonymous_17)
FN:115,(anonymous_18)
FN:116,(anonymous_19)
FN:121,correlateBehavioralDna
FNF:21
FNH:0
FNDA:0,(anonymous_0)
FNDA:0,(anonymous_1)
FNDA:0,(anonymous_2)
FNDA:0,(anonymous_3)
FNDA:0,(anonymous_4)
FNDA:0,(anonymous_5)
FNDA:0,(anonymous_6)
FNDA:0,(anonymous_7)
FNDA:0,(anonymous_8)
FNDA:0,(anonymous_9)
FNDA:0,(anonymous_10)
FNDA:0,(anonymous_11)
FNDA:0,(anonymous_12)
FNDA:0,(anonymous_13)
FNDA:0,(anonymous_14)
FNDA:0,(anonymous_15)
FNDA:0,(anonymous_16)
FNDA:0,(anonymous_17)
FNDA:0,(anonymous_18)
FNDA:0,(anonymous_19)
FNDA:0,correlateBehavioralDna
DA:23,0
DA:24,0
DA:26,0
DA:27,0
DA:34,0
DA:35,0
DA:36,0
DA:38,0
DA:39,0
DA:40,0
DA:42,0
DA:48,0
DA:55,0
DA:62,0
DA:63,0
DA:64,0
DA:65,0
DA:66,0
DA:67,0
DA:74,0
DA:75,0
DA:76,0
DA:80,0
DA:81,0
DA:82,0
DA:83,0
DA:84,0
DA:87,0
DA:95,0
DA:96,0
DA:98,0
DA:99,0
DA:100,0
DA:102,0
DA:103,0
DA:104,0
DA:108,0
DA:109,0
DA:111,0
DA:112,0
DA:116,0
DA:122,0
LF:42
LH:0
BRDA:26,0,0,0
BRDA:35,1,0,0
BRDA:35,1,1,0
BRDA:63,2,0,0
BRDA:63,3,0,0
BRDA:63,3,1,0
BRDA:75,4,0,0
BRDA:80,5,0,0
BRDA:80,5,1,0
BRDA:95,6,0,0
BRDA:102,7,0,0
BRDA:102,7,1,0
BRDA:103,8,0,0
BRDA:103,8,1,0
BRF:14
BRH:0
end_of_record
TN:
SF:src/ai/bootstrap.ts
FN:13,installAI
FN:26,(anonymous_1)
FNF:2
FNH:0
FNDA:0,installAI
FNDA:0,(anonymous_1)
DA:15,0
DA:18,0
DA:19,0
DA:23,0
DA:26,0
DA:27,0
DA:30,0
LF:7
LH:0
BRDA:18,0,0,0
BRF:1
BRH:0
end_of_record
TN:
SF:src/ai/caching.ts
FN:8,setupAICaching
FN:14,cacheJobResult
FN:25,getCachedJobResult
FN:39,cacheGraphSnapshot
FN:50,getCachedGraphSnapshot
FN:64,cachePrediction
FN:75,getCachedPrediction
FN:89,checkRateLimit
FN:108,queueMLTask
FN:122,dequeueMLTask
FNF:10
FNH:0
FNDA:0,setupAICaching
FNDA:0,cacheJobResult
FNDA:0,getCachedJobResult
FNDA:0,cacheGraphSnapshot
FNDA:0,getCachedGraphSnapshot
FNDA:0,cachePrediction
FNDA:0,getCachedPrediction
FNDA:0,checkRateLimit
FNDA:0,queueMLTask
FNDA:0,dequeueMLTask
DA:6,0
DA:9,0
DA:10,0
DA:15,0
DA:17,0
DA:18,0
DA:19,0
DA:21,0
DA:26,0
DA:28,0
DA:29,0
DA:30,0
DA:31,0
DA:33,0
DA:34,0
DA:40,0
DA:42,0
DA:43,0
DA:44,0
DA:46,0
DA:51,0
DA:53,0
DA:54,0
DA:55,0
DA:56,0
DA:58,0
DA:59,0
DA:65,0
DA:67,0
DA:68,0
DA:69,0
DA:71,0
DA:76,0
DA:78,0
DA:79,0
DA:80,0
DA:81,0
DA:83,0
DA:84,0
DA:90,0
DA:92,0
DA:93,0
DA:94,0
DA:96,0
DA:97,0
DA:100,0
DA:102,0
DA:103,0
DA:109,0
DA:111,0
DA:112,0
DA:113,0
DA:115,0
DA:116,0
DA:118,0
DA:123,0
DA:125,0
DA:126,0
DA:127,0
DA:129,0
DA:131,0
DA:132,0
DA:133,0
DA:135,0
DA:140,0
DA:141,0
LF:66
LH:0
BRDA:14,0,0,0
BRDA:15,1,0,0
BRDA:26,2,0,0
BRDA:31,3,0,0
BRDA:31,3,1,0
BRDA:39,4,0,0
BRDA:40,5,0,0
BRDA:51,6,0,0
BRDA:56,7,0,0
BRDA:56,7,1,0
BRDA:64,8,0,0
BRDA:65,9,0,0
BRDA:76,10,0,0
BRDA:81,11,0,0
BRDA:81,11,1,0
BRDA:89,12,0,0
BRDA:89,13,0,0
BRDA:90,14,0,0
BRDA:96,15,0,0
BRDA:109,16,0,0
BRDA:123,17,0,0
BRDA:129,18,0,0
BRDA:137,19,0,0
BRDA:137,19,1,0
BRF:24
BRH:0
end_of_record
TN:
SF:src/ai/cognitiveTwins.ts
FN:25,(anonymous_0)
FN:30,(anonymous_1)
FN:43,(anonymous_2)
FN:49,(anonymous_3)
FN:57,(anonymous_4)
FN:61,(anonymous_5)
FN:80,(anonymous_6)
FN:102,simulateCognitiveTwins
FN:110,(anonymous_8)
FNF:9
FNH:0
FNDA:0,(anonymous_0)
FNDA:0,(anonymous_1)
FNDA:0,(anonymous_2)
FNDA:0,(anonymous_3)
FNDA:0,(anonymous_4)
FNDA:0,(anonymous_5)
FNDA:0,(anonymous_6)
FNDA:0,simulateCognitiveTwins
FNDA:0,(anonymous_8)
DA:26,0
DA:27,0
DA:31,0
DA:38,0
DA:40,0
DA:46,0
DA:50,0
DA:51,0
DA:52,0
DA:54,0
DA:58,0
DA:62,0
DA:72,0
DA:81,0
DA:82,0
DA:83,0
DA:97,0
DA:106,0
DA:107,0
DA:108,0
DA:109,0
DA:110,0
DA:111,0
LF:23
LH:0
BRDA:104,0,0,0
BRF:1
BRH:0
end_of_record
TN:
SF:src/ai/deepfakeSentinel.ts
FN:8,analyzeContent
FN:11,(anonymous_1)
FN:16,(anonymous_2)
FNF:3
FNH:0
FNDA:0,analyzeContent
FNDA:0,(anonymous_1)
FNDA:0,(anonymous_2)
DA:9,0
DA:10,0
DA:11,0
DA:12,0
DA:15,0
DA:16,0
DA:19,0
LF:7
LH:0
BRDA:15,0,0,0
BRDA:15,0,1,0
BRDA:21,1,0,0
BRDA:21,1,1,0
BRF:4
BRH:0
end_of_record
TN:
SF:src/ai/deepfakeTriage.ts
FN:7,runInference
FN:12,explain
FN:17,deepfakeTriage
FNF:3
FNH:0
FNDA:0,runInference
FNDA:0,explain
FNDA:0,deepfakeTriage
DA:9,0
DA:14,0
DA:21,0
DA:22,0
DA:23,0
DA:24,0
DA:25,0
LF:7
LH:0
BRDA:19,0,0,0
BRDA:24,1,0,0
BRDA:24,1,1,0
BRF:3
BRH:0
end_of_record
TN:
SF:src/ai/investigative-thread-quality-agent.ts
FN:28,(anonymous_0)
FN:33,(anonymous_1)
FN:50,(anonymous_2)
FN:53,(anonymous_3)
FN:58,(anonymous_4)
FN:69,(anonymous_5)
FN:72,(anonymous_6)
FN:77,(anonymous_7)
FN:79,(anonymous_8)
FN:84,(anonymous_9)
FN:95,(anonymous_10)
FN:112,(anonymous_11)
FNF:12
FNH:0
FNDA:0,(anonymous_0)
FNDA:0,(anonymous_1)
FNDA:0,(anonymous_2)
FNDA:0,(anonymous_3)
FNDA:0,(anonymous_4)
FNDA:0,(anonymous_5)
FNDA:0,(anonymous_6)
FNDA:0,(anonymous_7)
FNDA:0,(anonymous_8)
FNDA:0,(anonymous_9)
FNDA:0,(anonymous_10)
FNDA:0,(anonymous_11)
DA:29,0
DA:30,0
DA:34,0
DA:35,0
DA:36,0
DA:37,0
DA:42,0
DA:44,0
DA:46,0
DA:51,0
DA:52,0
DA:53,0
DA:54,0
DA:55,0
DA:59,0
DA:60,0
DA:61,0
DA:62,0
DA:63,0
DA:64,0
DA:66,0
DA:70,0
DA:71,0
DA:72,0
DA:74,0
DA:78,0
DA:79,0
DA:80,0
DA:81,0
DA:85,0
DA:86,0
DA:87,0
DA:89,0
DA:92,0
DA:99,0
DA:100,0
DA:101,0
DA:106,0
DA:108,0
DA:113,0
DA:114,0
DA:115,0
LF:42
LH:0
BRDA:55,0,0,0
BRDA:55,0,1,0
BRDA:59,1,0,0
BRDA:66,2,0,0
BRDA:66,2,1,0
BRDA:70,3,0,0
BRDA:72,4,0,0
BRDA:72,4,1,0
BRDA:72,4,2,0
BRDA:78,5,0,0
BRF:10
BRH:0
end_of_record
TN:
SF:src/ai/otDigitalTwinRedTeam.ts
FN:1,runOtRedTeam
FNF:1
FNH:0
FNDA:0,runOtRedTeam
DA:3,0
LF:1
LH:0
BRF:0
BRH:0
end_of_record
TN:
SF:src/ai/quantumModelEngine.ts
FN:1,modelQuantumThreats
FNF:1
FNH:0
FNDA:0,modelQuantumThreats
DA:3,0
LF:1
LH:0
BRF:0
BRH:0
end_of_record
TN:
SF:src/ai/serviceContinuityOrchestrator.ts
FN:1,orchestrateContinuity
FNF:1
FNH:0
FNDA:0,orchestrateContinuity
LF:0
LH:0
BRF:0
BRH:0
end_of_record
TN:
SF:src/ai/engines/FaceDetectionEngine.ts
FN:84,(anonymous_0)
FN:91,(anonymous_1)
FN:113,(anonymous_2)
FN:188,(anonymous_3)
FN:203,(anonymous_4)
FN:253,(anonymous_5)
FN:258,(anonymous_6)
FN:276,(anonymous_7)
FN:280,(anonymous_8)
FN:284,(anonymous_9)
FN:299,(anonymous_10)
FN:308,(anonymous_11)
FN:315,(anonymous_12)
FN:339,(anonymous_13)
FN:343,(anonymous_14)
FN:347,(anonymous_15)
FN:362,(anonymous_16)
FN:371,(anonymous_17)
FN:385,(anonymous_18)
FN:386,(anonymous_19)
FN:399,(anonymous_20)
FN:403,(anonymous_21)
FN:407,(anonymous_22)
FN:420,(anonymous_23)
FN:429,(anonymous_24)
FN:430,(anonymous_25)
FN:443,(anonymous_26)
FN:447,(anonymous_27)
FN:451,(anonymous_28)
FN:464,(anonymous_29)
FN:473,(anonymous_30)
FN:474,(anonymous_31)
FN:487,(anonymous_32)
FN:491,(anonymous_33)
FN:495,(anonymous_34)
FN:509,(anonymous_35)
FN:519,(anonymous_36)
FN:520,(anonymous_37)
FN:533,(anonymous_38)
FN:537,(anonymous_39)
FN:541,(anonymous_40)
FN:554,(anonymous_41)
FN:563,(anonymous_42)
FN:564,(anonymous_43)
FN:577,(anonymous_44)
FN:581,(anonymous_45)
FN:585,(anonymous_46)
FN:598,(anonymous_47)
FN:607,(anonymous_48)
FN:635,(anonymous_49)
FN:656,(anonymous_50)
FN:731,(anonymous_51)
FN:742,(anonymous_52)
FN:758,(anonymous_53)
FN:772,(anonymous_54)
FN:794,(anonymous_55)
FN:813,(anonymous_56)
FN:832,(anonymous_57)
FN:834,(anonymous_58)
FN:845,(anonymous_59)
FN:861,(anonymous_60)
FN:876,(anonymous_61)
FN:884,(anonymous_62)
FN:889,(anonymous_63)
FN:894,(anonymous_64)
FN:901,(anonymous_65)
FN:902,(anonymous_66)
FN:908,(anonymous_67)
FN:916,(anonymous_68)
FN:925,(anonymous_69)
FN:933,(anonymous_70)
FN:941,(anonymous_71)
FN:948,(anonymous_72)
FNF:73
FNH:0
FNDA:0,(anonymous_0)
FNDA:0,(anonymous_1)
FNDA:0,(anonymous_2)
FNDA:0,(anonymous_3)
FNDA:0,(anonymous_4)
FNDA:0,(anonymous_5)
FNDA:0,(anonymous_6)
FNDA:0,(anonymous_7)
FNDA:0,(anonymous_8)
FNDA:0,(anonymous_9)
FNDA:0,(anonymous_10)
FNDA:0,(anonymous_11)
FNDA:0,(anonymous_12)
FNDA:0,(anonymous_13)
FNDA:0,(anonymous_14)
FNDA:0,(anonymous_15)
FNDA:0,(anonymous_16)
FNDA:0,(anonymous_17)
FNDA:0,(anonymous_18)
FNDA:0,(anonymous_19)
FNDA:0,(anonymous_20)
FNDA:0,(anonymous_21)
FNDA:0,(anonymous_22)
FNDA:0,(anonymous_23)
FNDA:0,(anonymous_24)
FNDA:0,(anonymous_25)
FNDA:0,(anonymous_26)
FNDA:0,(anonymous_27)
FNDA:0,(anonymous_28)
FNDA:0,(anonymous_29)
FNDA:0,(anonymous_30)
FNDA:0,(anonymous_31)
FNDA:0,(anonymous_32)
FNDA:0,(anonymous_33)
FNDA:0,(anonymous_34)
FNDA:0,(anonymous_35)
FNDA:0,(anonymous_36)
FNDA:0,(anonymous_37)
FNDA:0,(anonymous_38)
FNDA:0,(anonymous_39)
FNDA:0,(anonymous_40)
FNDA:0,(anonymous_41)
FNDA:0,(anonymous_42)
FNDA:0,(anonymous_43)
FNDA:0,(anonymous_44)
FNDA:0,(anonymous_45)
FNDA:0,(anonymous_46)
FNDA:0,(anonymous_47)
FNDA:0,(anonymous_48)
FNDA:0,(anonymous_49)
FNDA:0,(anonymous_50)
FNDA:0,(anonymous_51)
FNDA:0,(anonymous_52)
FNDA:0,(anonymous_53)
FNDA:0,(anonymous_54)
FNDA:0,(anonymous_55)
FNDA:0,(anonymous_56)
FNDA:0,(anonymous_57)
FNDA:0,(anonymous_58)
FNDA:0,(anonymous_59)
FNDA:0,(anonymous_60)
FNDA:0,(anonymous_61)
FNDA:0,(anonymous_62)
FNDA:0,(anonymous_63)
FNDA:0,(anonymous_64)
FNDA:0,(anonymous_65)
FNDA:0,(anonymous_66)
FNDA:0,(anonymous_67)
FNDA:0,(anonymous_68)
FNDA:0,(anonymous_69)
FNDA:0,(anonymous_70)
FNDA:0,(anonymous_71)
FNDA:0,(anonymous_72)
DA:6,0
DA:81,0
DA:82,0
DA:85,0
DA:92,0
DA:94,0
DA:97,0
DA:100,0
DA:102,0
DA:103,0
DA:105,0
DA:106,0
DA:117,0
DA:118,0
DA:130,0
DA:132,0
DA:134,0
DA:136,0
DA:143,0
DA:145,0
DA:148,0
DA:149,0
DA:153,0
DA:154,0
DA:161,0
DA:162,0
DA:163,0
DA:164,0
DA:165,0
DA:170,0
DA:171,0
DA:172,0
DA:176,0
DA:177,0
DA:181,0
DA:182,0
DA:187,0
DA:188,0
DA:191,0
DA:192,0
DA:195,0
DA:196,0
DA:207,0
DA:208,0
DA:218,0
DA:220,0
DA:222,0
DA:223,0
DA:232,0
DA:233,0
DA:237,0
DA:238,0
DA:241,0
DA:242,0
DA:245,0
DA:246,0
DA:258,0
DA:259,0
DA:261,0
DA:268,0
DA:269,0
DA:272,0
DA:273,0
DA:274,0
DA:276,0
DA:277,0
DA:280,0
DA:281,0
DA:284,0
DA:285,0
DA:286,0
DA:287,0
DA:290,0
DA:291,0
DA:292,0
DA:293,0
DA:295,0
DA:299,0
DA:300,0
DA:315,0
DA:316,0
DA:318,0
DA:327,0
DA:328,0
DA:331,0
DA:332,0
DA:335,0
DA:336,0
DA:337,0
DA:339,0
DA:340,0
DA:343,0
DA:344,0
DA:347,0
DA:348,0
DA:349,0
DA:350,0
DA:353,0
DA:354,0
DA:355,0
DA:356,0
DA:358,0
DA:362,0
DA:363,0
DA:372,0
DA:373,0
DA:374,0
DA:376,0
DA:378,0
DA:386,0
DA:387,0
DA:389,0
DA:395,0
DA:396,0
DA:397,0
DA:399,0
DA:400,0
DA:403,0
DA:404,0
DA:407,0
DA:408,0
DA:409,0
DA:410,0
DA:411,0
DA:413,0
DA:416,0
DA:420,0
DA:421,0
DA:430,0
DA:431,0
DA:433,0
DA:439,0
DA:440,0
DA:441,0
DA:443,0
DA:444,0
DA:447,0
DA:448,0
DA:451,0
DA:452,0
DA:453,0
DA:454,0
DA:455,0
DA:457,0
DA:460,0
DA:464,0
DA:465,0
DA:474,0
DA:475,0
DA:477,0
DA:483,0
DA:484,0
DA:485,0
DA:487,0
DA:488,0
DA:491,0
DA:492,0
DA:495,0
DA:496,0
DA:497,0
DA:498,0
DA:499,0
DA:501,0
DA:504,0
DA:505,0
DA:509,0
DA:510,0
DA:511,0
DA:520,0
DA:521,0
DA:523,0
DA:529,0
DA:530,0
DA:531,0
DA:533,0
DA:534,0
DA:537,0
DA:538,0
DA:541,0
DA:542,0
DA:543,0
DA:544,0
DA:545,0
DA:547,0
DA:550,0
DA:554,0
DA:555,0
DA:564,0
DA:565,0
DA:567,0
DA:573,0
DA:574,0
DA:575,0
DA:577,0
DA:578,0
DA:581,0
DA:582,0
DA:585,0
DA:586,0
DA:587,0
DA:588,0
DA:589,0
DA:591,0
DA:594,0
DA:598,0
DA:599,0
DA:608,0
DA:610,0
DA:611,0
DA:629,0
DA:638,0
DA:640,0
DA:641,0
DA:643,0
DA:650,0
DA:659,0
DA:660,0
DA:662,0
DA:663,0
DA:664,0
DA:667,0
DA:668,0
DA:670,0
DA:671,0
DA:672,0
DA:674,0
DA:675,0
DA:678,0
DA:683,0
DA:684,0
DA:685,0
DA:691,0
DA:693,0
DA:694,0
DA:695,0
DA:696,0
DA:700,0
DA:702,0
DA:703,0
DA:704,0
DA:709,0
DA:710,0
DA:711,0
DA:712,0
DA:716,0
DA:717,0
DA:718,0
DA:720,0
DA:721,0
DA:736,0
DA:743,0
DA:746,0
DA:747,0
DA:750,0
DA:751,0
DA:752,0
DA:758,0
DA:760,0
DA:764,0
DA:766,0
DA:776,0
DA:777,0
DA:779,0
DA:780,0
DA:782,0
DA:783,0
DA:784,0
DA:788,0
DA:795,0
DA:797,0
DA:798,0
DA:799,0
DA:801,0
DA:802,0
DA:803,0
DA:804,0
DA:807,0
DA:814,0
DA:815,0
DA:816,0
DA:817,0
DA:819,0
DA:821,0
DA:822,0
DA:823,0
DA:824,0
DA:826,0
DA:833,0
DA:834,0
DA:835,0
DA:839,0
DA:846,0
DA:847,0
DA:849,0
DA:862,0
DA:878,0
DA:885,0
DA:886,0
DA:890,0
DA:891,0
DA:895,0
DA:902,0
DA:903,0
DA:908,0
DA:909,0
DA:910,0
DA:912,0
DA:916,0
DA:917,0
DA:927,0
DA:935,0
DA:942,0
DA:949,0
DA:950,0
DA:951,0
LF:315
LH:0
BRDA:115,0,0,0
BRDA:117,1,0,0
BRDA:122,2,0,0
BRDA:123,3,0,0
BRDA:124,4,0,0
BRDA:125,5,0,0
BRDA:126,6,0,0
BRDA:127,7,0,0
BRDA:128,8,0,0
BRDA:129,9,0,0
BRDA:148,10,0,0
BRDA:153,11,0,0
BRDA:153,12,0,0
BRDA:153,12,1,0
BRDA:161,13,0,0
BRDA:161,14,0,0
BRDA:161,14,1,0
BRDA:163,15,0,0
BRDA:170,16,0,0
BRDA:176,17,0,0
BRDA:181,18,0,0
BRDA:187,19,0,0
BRDA:187,19,1,0
BRDA:188,20,0,0
BRDA:188,20,1,0
BRDA:205,21,0,0
BRDA:207,22,0,0
BRDA:212,23,0,0
BRDA:213,24,0,0
BRDA:215,25,0,0
BRDA:216,26,0,0
BRDA:232,27,0,0
BRDA:237,28,0,0
BRDA:268,29,0,0
BRDA:285,30,0,0
BRDA:323,31,0,0
BRDA:323,31,1,0
BRDA:324,32,0,0
BRDA:324,32,1,0
BRDA:327,33,0,0
BRDA:331,34,0,0
BRDA:348,35,0,0
BRDA:408,36,0,0
BRDA:408,36,1,0
BRDA:452,37,0,0
BRDA:452,37,1,0
BRDA:455,38,0,0
BRDA:455,38,1,0
BRDA:496,39,0,0
BRDA:496,39,1,0
BRDA:499,40,0,0
BRDA:499,40,1,0
BRDA:542,41,0,0
BRDA:542,41,1,0
BRDA:545,42,0,0
BRDA:545,42,1,0
BRDA:586,43,0,0
BRDA:586,43,1,0
BRDA:589,44,0,0
BRDA:589,44,1,0
BRDA:610,45,0,0
BRDA:610,45,1,0
BRDA:640,46,0,0
BRDA:640,46,1,0
BRDA:684,47,0,0
BRDA:684,48,0,0
BRDA:684,48,1,0
BRDA:693,49,0,0
BRDA:693,50,0,0
BRDA:693,50,1,0
BRDA:700,51,0,0
BRDA:717,52,0,0
BRDA:720,53,0,0
BRDA:751,54,0,0
BRDA:758,55,0,0
BRDA:758,55,1,0
BRDA:774,56,0,0
BRDA:782,57,0,0
BRDA:782,58,0,0
BRDA:782,58,1,0
BRDA:795,59,0,0
BRDA:819,60,0,0
BRDA:819,61,0,0
BRDA:819,61,1,0
BRDA:835,62,0,0
BRDA:835,62,1,0
BRDA:909,63,0,0
BRDA:909,63,1,0
BRF:88
BRH:0
end_of_record
TN:
SF:src/ai/engines/OCREngine.ts
FN:37,(anonymous_0)
FN:44,(anonymous_1)
FN:63,(anonymous_2)
FN:128,(anonymous_3)
FN:133,(anonymous_4)
FN:148,(anonymous_5)
FN:152,(anonymous_6)
FN:156,(anonymous_7)
FN:170,(anonymous_8)
FN:179,(anonymous_9)
FN:184,(anonymous_10)
FN:198,(anonymous_11)
FN:202,(anonymous_12)
FN:206,(anonymous_13)
FN:221,(anonymous_14)
FN:230,(anonymous_15)
FN:258,(anonymous_16)
FN:293,(anonymous_17)
FN:301,(anonymous_18)
FN:302,(anonymous_19)
FN:331,(anonymous_20)
FN:367,(anonymous_21)
FN:374,(anonymous_22)
FN:386,(anonymous_23)
FN:392,(anonymous_24)
FN:411,(anonymous_25)
FN:414,(anonymous_26)
FN:432,(anonymous_27)
FN:443,(anonymous_28)
FN:474,(anonymous_29)
FN:476,(anonymous_30)
FN:508,(anonymous_31)
FN:510,(anonymous_32)
FN:523,(anonymous_33)
FN:527,(anonymous_34)
FN:542,(anonymous_35)
FN:543,(anonymous_36)
FN:558,(anonymous_37)
FN:578,(anonymous_38)
FN:579,(anonymous_39)
FN:582,(anonymous_40)
FN:590,(anonymous_41)
FN:599,(anonymous_42)
FN:600,(anonymous_43)
FN:603,(anonymous_44)
FN:611,(anonymous_45)
FN:620,(anonymous_46)
FN:627,(anonymous_47)
FNF:48
FNH:0
FNDA:0,(anonymous_0)
FNDA:0,(anonymous_1)
FNDA:0,(anonymous_2)
FNDA:0,(anonymous_3)
FNDA:0,(anonymous_4)
FNDA:0,(anonymous_5)
FNDA:0,(anonymous_6)
FNDA:0,(anonymous_7)
FNDA:0,(anonymous_8)
FNDA:0,(anonymous_9)
FNDA:0,(anonymous_10)
FNDA:0,(anonymous_11)
FNDA:0,(anonymous_12)
FNDA:0,(anonymous_13)
FNDA:0,(anonymous_14)
FNDA:0,(anonymous_15)
FNDA:0,(anonymous_16)
FNDA:0,(anonymous_17)
FNDA:0,(anonymous_18)
FNDA:0,(anonymous_19)
FNDA:0,(anonymous_20)
FNDA:0,(anonymous_21)
FNDA:0,(anonymous_22)
FNDA:0,(anonymous_23)
FNDA:0,(anonymous_24)
FNDA:0,(anonymous_25)
FNDA:0,(anonymous_26)
FNDA:0,(anonymous_27)
FNDA:0,(anonymous_28)
FNDA:0,(anonymous_29)
FNDA:0,(anonymous_30)
FNDA:0,(anonymous_31)
FNDA:0,(anonymous_32)
FNDA:0,(anonymous_33)
FNDA:0,(anonymous_34)
FNDA:0,(anonymous_35)
FNDA:0,(anonymous_36)
FNDA:0,(anonymous_37)
FNDA:0,(anonymous_38)
FNDA:0,(anonymous_39)
FNDA:0,(anonymous_40)
FNDA:0,(anonymous_41)
FNDA:0,(anonymous_42)
FNDA:0,(anonymous_43)
FNDA:0,(anonymous_44)
FNDA:0,(anonymous_45)
FNDA:0,(anonymous_46)
FNDA:0,(anonymous_47)
DA:9,0
DA:35,0
DA:38,0
DA:45,0
DA:47,0
DA:50,0
DA:52,0
DA:53,0
DA:55,0
DA:56,0
DA:64,0
DA:65,0
DA:74,0
DA:76,0
DA:78,0
DA:79,0
DA:82,0
DA:83,0
DA:87,0
DA:92,0
DA:95,0
DA:96,0
DA:98,0
DA:102,0
DA:103,0
DA:105,0
DA:109,0
DA:112,0
DA:113,0
DA:116,0
DA:117,0
DA:120,0
DA:121,0
DA:133,0
DA:134,0
DA:144,0
DA:145,0
DA:146,0
DA:148,0
DA:149,0
DA:152,0
DA:153,0
DA:156,0
DA:157,0
DA:158,0
DA:159,0
DA:162,0
DA:163,0
DA:164,0
DA:166,0
DA:170,0
DA:171,0
DA:184,0
DA:185,0
DA:187,0
DA:194,0
DA:195,0
DA:196,0
DA:198,0
DA:199,0
DA:202,0
DA:203,0
DA:206,0
DA:207,0
DA:208,0
DA:209,0
DA:212,0
DA:213,0
DA:214,0
DA:215,0
DA:217,0
DA:221,0
DA:222,0
DA:231,0
DA:236,0
DA:237,0
DA:248,0
DA:250,0
DA:251,0
DA:259,0
DA:260,0
DA:262,0
DA:263,0
DA:265,0
DA:266,0
DA:267,0
DA:269,0
DA:270,0
DA:287,0
DA:294,0
DA:296,0
DA:297,0
DA:299,0
DA:301,0
DA:302,0
DA:304,0
DA:305,0
DA:306,0
DA:307,0
DA:309,0
DA:325,0
DA:332,0
DA:335,0
DA:337,0
DA:338,0
DA:340,0
DA:341,0
DA:342,0
DA:347,0
DA:348,0
DA:349,0
DA:350,0
DA:354,0
DA:355,0
DA:360,0
DA:362,0
DA:363,0
DA:364,0
DA:367,0
DA:368,0
DA:372,0
DA:373,0
DA:374,0
DA:377,0
DA:378,0
DA:382,0
DA:386,0
DA:393,0
DA:394,0
DA:395,0
DA:396,0
DA:398,0
DA:400,0
DA:401,0
DA:402,0
DA:403,0
DA:405,0
DA:412,0
DA:414,0
DA:415,0
DA:416,0
DA:418,0
DA:419,0
DA:420,0
DA:421,0
DA:422,0
DA:426,0
DA:433,0
DA:434,0
DA:436,0
DA:437,0
DA:444,0
DA:446,0
DA:447,0
DA:450,0
DA:451,0
DA:454,0
DA:455,0
DA:456,0
DA:457,0
DA:459,0
DA:468,0
DA:476,0
DA:477,0
DA:478,0
DA:479,0
DA:481,0
DA:485,0
DA:486,0
DA:489,0
DA:492,0
DA:495,0
DA:509,0
DA:510,0
DA:513,0
DA:514,0
DA:515,0
DA:517,0
DA:525,0
DA:527,0
DA:528,0
DA:530,0
DA:531,0
DA:533,0
DA:536,0
DA:543,0
DA:544,0
DA:546,0
DA:551,0
DA:559,0
DA:572,0
DA:579,0
DA:580,0
DA:582,0
DA:583,0
DA:584,0
DA:586,0
DA:590,0
DA:591,0
DA:600,0
DA:601,0
DA:603,0
DA:604,0
DA:605,0
DA:607,0
DA:611,0
DA:612,0
DA:621,0
DA:628,0
DA:630,0
DA:631,0
LF:211
LH:0
BRDA:63,0,0,0
BRDA:64,1,0,0
BRDA:69,2,0,0
BRDA:70,3,0,0
BRDA:71,4,0,0
BRDA:72,5,0,0
BRDA:73,6,0,0
BRDA:82,7,0,0
BRDA:95,8,0,0
BRDA:95,8,1,0
BRDA:102,9,0,0
BRDA:102,9,1,0
BRDA:112,10,0,0
BRDA:112,11,0,0
BRDA:112,11,1,0
BRDA:157,12,0,0
BRDA:207,13,0,0
BRDA:265,14,0,0
BRDA:269,15,0,0
BRDA:269,16,0,0
BRDA:269,16,1,0
BRDA:299,17,0,0
BRDA:299,18,0,0
BRDA:299,18,1,0
BRDA:332,19,0,0
BRDA:347,20,0,0
BRDA:354,21,0,0
BRDA:363,22,0,0
BRDA:363,22,1,0
BRDA:368,23,0,0
BRDA:368,23,1,0
BRDA:372,24,0,0
BRDA:377,25,0,0
BRDA:398,26,0,0
BRDA:398,27,0,0
BRDA:398,27,1,0
BRDA:412,28,0,0
BRDA:426,29,0,0
BRDA:426,29,1,0
BRDA:434,30,0,0
BRDA:456,31,0,0
BRDA:456,31,1,0
BRDA:478,32,0,0
BRDA:500,33,0,0
BRDA:500,33,1,0
BRDA:500,34,0,0
BRDA:500,34,1,0
BRDA:517,35,0,0
BRDA:517,35,1,0
BRDA:517,35,2,0
BRDA:528,36,0,0
BRDA:533,37,0,0
BRDA:533,37,1,0
BRDA:544,38,0,0
BRDA:572,39,0,0
BRDA:572,39,1,0
BRDA:583,40,0,0
BRDA:583,40,1,0
BRDA:604,41,0,0
BRDA:604,41,1,0
BRF:60
BRH:0
end_of_record
TN:
SF:src/ai/engines/ObjectDetectionEngine.ts
FN:46,(anonymous_0)
FN:53,(anonymous_1)
FN:72,(anonymous_2)
FN:130,(anonymous_3)
FN:186,(anonymous_4)
FN:194,(anonymous_5)
FN:218,(anonymous_6)
FN:222,(anonymous_7)
FN:226,(anonymous_8)
FN:241,(anonymous_9)
FN:250,(anonymous_10)
FN:260,(anonymous_11)
FN:289,(anonymous_12)
FN:293,(anonymous_13)
FN:297,(anonymous_14)
FN:312,(anonymous_15)
FN:321,(anonymous_16)
FN:347,(anonymous_17)
FN:369,(anonymous_18)
FN:384,(anonymous_19)
FN:385,(anonymous_20)
FN:398,(anonymous_21)
FN:402,(anonymous_22)
FN:406,(anonymous_23)
FN:420,(anonymous_24)
FN:429,(anonymous_25)
FN:431,(anonymous_26)
FN:439,(anonymous_27)
FN:506,(anonymous_28)
FN:534,(anonymous_29)
FN:541,(anonymous_30)
FN:545,(anonymous_31)
FN:546,(anonymous_32)
FN:547,(anonymous_33)
FN:548,(anonymous_34)
FN:563,(anonymous_35)
FN:582,(anonymous_36)
FN:590,(anonymous_37)
FN:591,(anonymous_38)
FN:597,(anonymous_39)
FN:605,(anonymous_40)
FN:614,(anonymous_41)
FN:633,(anonymous_42)
FN:640,(anonymous_43)
FN:647,(anonymous_44)
FNF:45
FNH:0
FNDA:0,(anonymous_0)
FNDA:0,(anonymous_1)
FNDA:0,(anonymous_2)
FNDA:0,(anonymous_3)
FNDA:0,(anonymous_4)
FNDA:0,(anonymous_5)
FNDA:0,(anonymous_6)
FNDA:0,(anonymous_7)
FNDA:0,(anonymous_8)
FNDA:0,(anonymous_9)
FNDA:0,(anonymous_10)
FNDA:0,(anonymous_11)
FNDA:0,(anonymous_12)
FNDA:0,(anonymous_13)
FNDA:0,(anonymous_14)
FNDA:0,(anonymous_15)
FNDA:0,(anonymous_16)
FNDA:0,(anonymous_17)
FNDA:0,(anonymous_18)
FNDA:0,(anonymous_19)
FNDA:0,(anonymous_20)
FNDA:0,(anonymous_21)
FNDA:0,(anonymous_22)
FNDA:0,(anonymous_23)
FNDA:0,(anonymous_24)
FNDA:0,(anonymous_25)
FNDA:0,(anonymous_26)
FNDA:0,(anonymous_27)
FNDA:0,(anonymous_28)
FNDA:0,(anonymous_29)
FNDA:0,(anonymous_30)
FNDA:0,(anonymous_31)
FNDA:0,(anonymous_32)
FNDA:0,(anonymous_33)
FNDA:0,(anonymous_34)
FNDA:0,(anonymous_35)
FNDA:0,(anonymous_36)
FNDA:0,(anonymous_37)
FNDA:0,(anonymous_38)
FNDA:0,(anonymous_39)
FNDA:0,(anonymous_40)
FNDA:0,(anonymous_41)
FNDA:0,(anonymous_42)
FNDA:0,(anonymous_43)
FNDA:0,(anonymous_44)
DA:6,0
DA:43,0
DA:44,0
DA:47,0
DA:54,0
DA:56,0
DA:59,0
DA:61,0
DA:62,0
DA:64,0
DA:65,0
DA:76,0
DA:77,0
DA:88,0
DA:90,0
DA:92,0
DA:94,0
DA:95,0
DA:99,0
DA:109,0
DA:110,0
DA:114,0
DA:115,0
DA:118,0
DA:119,0
DA:122,0
DA:123,0
DA:134,0
DA:135,0
DA:148,0
DA:150,0
DA:152,0
DA:153,0
DA:165,0
DA:166,0
DA:170,0
DA:171,0
DA:174,0
DA:175,0
DA:178,0
DA:179,0
DA:194,0
DA:195,0
DA:197,0
DA:206,0
DA:207,0
DA:210,0
DA:211,0
DA:214,0
DA:215,0
DA:216,0
DA:218,0
DA:219,0
DA:222,0
DA:223,0
DA:226,0
DA:227,0
DA:228,0
DA:229,0
DA:232,0
DA:233,0
DA:234,0
DA:235,0
DA:237,0
DA:241,0
DA:242,0
DA:260,0
DA:261,0
DA:263,0
DA:273,0
DA:274,0
DA:277,0
DA:278,0
DA:281,0
DA:282,0
DA:285,0
DA:286,0
DA:287,0
DA:289,0
DA:290,0
DA:293,0
DA:294,0
DA:297,0
DA:298,0
DA:299,0
DA:300,0
DA:303,0
DA:304,0
DA:305,0
DA:306,0
DA:308,0
DA:312,0
DA:313,0
DA:322,0
DA:324,0
DA:325,0
DA:341,0
DA:351,0
DA:353,0
DA:354,0
DA:356,0
DA:363,0
DA:371,0
DA:372,0
DA:373,0
DA:374,0
DA:376,0
DA:385,0
DA:386,0
DA:388,0
DA:394,0
DA:395,0
DA:396,0
DA:398,0
DA:399,0
DA:402,0
DA:403,0
DA:406,0
DA:407,0
DA:408,0
DA:409,0
DA:412,0
DA:413,0
DA:414,0
DA:416,0
DA:420,0
DA:421,0
DA:431,0
DA:432,0
DA:443,0
DA:444,0
DA:446,0
DA:447,0
DA:448,0
DA:451,0
DA:452,0
DA:455,0
DA:456,0
DA:457,0
DA:459,0
DA:460,0
DA:462,0
DA:463,0
DA:465,0
DA:466,0
DA:467,0
DA:468,0
DA:473,0
DA:474,0
DA:475,0
DA:476,0
DA:477,0
DA:482,0
DA:483,0
DA:484,0
DA:485,0
DA:486,0
DA:490,0
DA:491,0
DA:492,0
DA:493,0
DA:495,0
DA:496,0
DA:510,0
DA:512,0
DA:513,0
DA:514,0
DA:515,0
DA:516,0
DA:518,0
DA:524,0
DA:525,0
DA:526,0
DA:535,0
DA:537,0
DA:538,0
DA:541,0
DA:542,0
DA:545,0
DA:546,0
DA:547,0
DA:548,0
DA:550,0
DA:564,0
DA:565,0
DA:566,0
DA:567,0
DA:569,0
DA:571,0
DA:572,0
DA:573,0
DA:574,0
DA:576,0
DA:584,0
DA:591,0
DA:592,0
DA:597,0
DA:598,0
DA:599,0
DA:601,0
DA:605,0
DA:606,0
DA:615,0
DA:616,0
DA:622,0
DA:623,0
DA:625,0
DA:626,0
DA:634,0
DA:641,0
DA:648,0
DA:649,0
DA:650,0
LF:213
LH:0
BRDA:74,0,0,0
BRDA:76,1,0,0
BRDA:81,2,0,0
BRDA:82,3,0,0
BRDA:83,4,0,0
BRDA:84,5,0,0
BRDA:85,6,0,0
BRDA:86,7,0,0
BRDA:87,8,0,0
BRDA:94,9,0,0
BRDA:109,10,0,0
BRDA:114,11,0,0
BRDA:132,12,0,0
BRDA:134,13,0,0
BRDA:139,14,0,0
BRDA:140,15,0,0
BRDA:141,16,0,0
BRDA:142,17,0,0
BRDA:143,18,0,0
BRDA:144,19,0,0
BRDA:146,20,0,0
BRDA:147,21,0,0
BRDA:165,22,0,0
BRDA:170,23,0,0
BRDA:206,24,0,0
BRDA:210,25,0,0
BRDA:227,26,0,0
BRDA:273,27,0,0
BRDA:277,28,0,0
BRDA:281,29,0,0
BRDA:298,30,0,0
BRDA:324,31,0,0
BRDA:324,31,1,0
BRDA:337,32,0,0
BRDA:337,32,1,0
BRDA:353,33,0,0
BRDA:353,33,1,0
BRDA:407,34,0,0
BRDA:414,35,0,0
BRDA:414,35,1,0
BRDA:462,36,0,0
BRDA:465,37,0,0
BRDA:465,38,0,0
BRDA:465,38,1,0
BRDA:473,39,0,0
BRDA:491,40,0,0
BRDA:495,41,0,0
BRDA:514,42,0,0
BRDA:515,43,0,0
BRDA:525,44,0,0
BRDA:569,45,0,0
BRDA:569,46,0,0
BRDA:569,46,1,0
BRDA:598,47,0,0
BRDA:598,47,1,0
BRF:55
BRH:0
end_of_record
TN:
SF:src/ai/engines/SpeechToTextEngine.ts
FN:54,(anonymous_0)
FN:61,(anonymous_1)
FN:80,(anonymous_2)
FN:151,(anonymous_3)
FN:170,(anonymous_4)
FN:187,(anonymous_5)
FN:192,(anonymous_6)
FN:197,(anonymous_7)
FN:210,(anonymous_8)
FN:216,(anonymous_9)
FN:223,(anonymous_10)
FN:253,(anonymous_11)
FN:257,(anonymous_12)
FN:261,(anonymous_13)
FN:276,(anonymous_14)
FN:285,(anonymous_15)
FN:318,(anonymous_16)
FN:366,(anonymous_17)
FN:370,(anonymous_18)
FN:383,(anonymous_19)
FN:387,(anonymous_20)
FN:391,(anonymous_21)
FN:405,(anonymous_22)
FN:414,(anonymous_23)
FN:420,(anonymous_24)
FN:431,(anonymous_25)
FN:440,(anonymous_26)
FN:450,(anonymous_27)
FN:456,(anonymous_28)
FN:467,(anonymous_29)
FN:475,(anonymous_30)
FN:484,(anonymous_31)
FN:504,(anonymous_32)
FN:505,(anonymous_33)
FN:514,(anonymous_34)
FN:518,(anonymous_35)
FN:522,(anonymous_36)
FN:535,(anonymous_37)
FN:544,(anonymous_38)
FN:576,(anonymous_39)
FN:587,(anonymous_40)
FN:595,(anonymous_41)
FN:615,(anonymous_42)
FN:618,(anonymous_43)
FN:619,(anonymous_44)
FN:627,(anonymous_45)
FN:628,(anonymous_46)
FN:634,(anonymous_47)
FN:642,(anonymous_48)
FN:651,(anonymous_49)
FN:670,(anonymous_50)
FN:677,(anonymous_51)
FN:684,(anonymous_52)
FNF:53
FNH:0
FNDA:0,(anonymous_0)
FNDA:0,(anonymous_1)
FNDA:0,(anonymous_2)
FNDA:0,(anonymous_3)
FNDA:0,(anonymous_4)
FNDA:0,(anonymous_5)
FNDA:0,(anonymous_6)
FNDA:0,(anonymous_7)
FNDA:0,(anonymous_8)
FNDA:0,(anonymous_9)
FNDA:0,(anonymous_10)
FNDA:0,(anonymous_11)
FNDA:0,(anonymous_12)
FNDA:0,(anonymous_13)
FNDA:0,(anonymous_14)
FNDA:0,(anonymous_15)
FNDA:0,(anonymous_16)
FNDA:0,(anonymous_17)
FNDA:0,(anonymous_18)
FNDA:0,(anonymous_19)
FNDA:0,(anonymous_20)
FNDA:0,(anonymous_21)
FNDA:0,(anonymous_22)
FNDA:0,(anonymous_23)
FNDA:0,(anonymous_24)
FNDA:0,(anonymous_25)
FNDA:0,(anonymous_26)
FNDA:0,(anonymous_27)
FNDA:0,(anonymous_28)
FNDA:0,(anonymous_29)
FNDA:0,(anonymous_30)
FNDA:0,(anonymous_31)
FNDA:0,(anonymous_32)
FNDA:0,(anonymous_33)
FNDA:0,(anonymous_34)
FNDA:0,(anonymous_35)
FNDA:0,(anonymous_36)
FNDA:0,(anonymous_37)
FNDA:0,(anonymous_38)
FNDA:0,(anonymous_39)
FNDA:0,(anonymous_40)
FNDA:0,(anonymous_41)
FNDA:0,(anonymous_42)
FNDA:0,(anonymous_43)
FNDA:0,(anonymous_44)
FNDA:0,(anonymous_45)
FNDA:0,(anonymous_46)
FNDA:0,(anonymous_47)
FNDA:0,(anonymous_48)
FNDA:0,(anonymous_49)
FNDA:0,(anonymous_50)
FNDA:0,(anonymous_51)
FNDA:0,(anonymous_52)
DA:7,0
DA:51,0
DA:52,0
DA:55,0
DA:62,0
DA:64,0
DA:67,0
DA:69,0
DA:70,0
DA:72,0
DA:73,0
DA:84,0
DA:85,0
DA:98,0
DA:100,0
DA:102,0
DA:103,0
DA:106,0
DA:107,0
DA:111,0
DA:120,0
DA:121,0
DA:129,0
DA:132,0
DA:133,0
DA:137,0
DA:139,0
DA:140,0
DA:143,0
DA:144,0
DA:155,0
DA:157,0
DA:160,0
DA:162,0
DA:163,0
DA:171,0
DA:174,0
DA:175,0
DA:176,0
DA:177,0
DA:179,0
DA:183,0
DA:185,0
DA:186,0
DA:187,0
DA:191,0
DA:192,0
DA:196,0
DA:197,0
DA:201,0
DA:210,0
DA:223,0
DA:224,0
DA:226,0
DA:233,0
DA:234,0
DA:237,0
DA:238,0
DA:241,0
DA:242,0
DA:245,0
DA:246,0
DA:249,0
DA:250,0
DA:251,0
DA:253,0
DA:254,0
DA:257,0
DA:258,0
DA:261,0
DA:262,0
DA:263,0
DA:264,0
DA:267,0
DA:268,0
DA:269,0
DA:270,0
DA:272,0
DA:276,0
DA:277,0
DA:286,0
DA:288,0
DA:289,0
DA:291,0
DA:292,0
DA:293,0
DA:302,0
DA:312,0
DA:323,0
DA:324,0
DA:327,0
DA:328,0
DA:331,0
DA:332,0
DA:333,0
DA:334,0
DA:339,0
DA:340,0
DA:341,0
DA:343,0
DA:344,0
DA:349,0
DA:350,0
DA:351,0
DA:355,0
DA:359,0
DA:370,0
DA:371,0
DA:373,0
DA:379,0
DA:380,0
DA:381,0
DA:383,0
DA:384,0
DA:387,0
DA:388,0
DA:391,0
DA:392,0
DA:393,0
DA:394,0
DA:397,0
DA:398,0
DA:399,0
DA:401,0
DA:405,0
DA:406,0
DA:415,0
DA:420,0
DA:422,0
DA:431,0
DA:432,0
DA:433,0
DA:435,0
DA:436,0
DA:440,0
DA:441,0
DA:442,0
DA:451,0
DA:456,0
DA:457,0
DA:467,0
DA:468,0
DA:469,0
DA:471,0
DA:475,0
DA:476,0
DA:488,0
DA:489,0
DA:492,0
DA:493,0
DA:494,0
DA:497,0
DA:505,0
DA:506,0
DA:508,0
DA:510,0
DA:511,0
DA:512,0
DA:514,0
DA:515,0
DA:518,0
DA:519,0
DA:522,0
DA:523,0
DA:524,0
DA:525,0
DA:526,0
DA:528,0
DA:531,0
DA:535,0
DA:536,0
DA:545,0
DA:550,0
DA:551,0
DA:553,0
DA:554,0
DA:555,0
DA:558,0
DA:561,0
DA:562,0
DA:563,0
DA:564,0
DA:565,0
DA:577,0
DA:579,0
DA:585,0
DA:587,0
DA:599,0
DA:600,0
DA:602,0
DA:604,0
DA:605,0
DA:606,0
DA:607,0
DA:609,0
DA:616,0
DA:618,0
DA:619,0
DA:621,0
DA:628,0
DA:629,0
DA:634,0
DA:635,0
DA:636,0
DA:638,0
DA:642,0
DA:643,0
DA:652,0
DA:653,0
DA:659,0
DA:660,0
DA:662,0
DA:663,0
DA:671,0
DA:678,0
DA:685,0
DA:686,0
DA:687,0
LF:218
LH:0
BRDA:82,0,0,0
BRDA:84,1,0,0
BRDA:89,2,0,0
BRDA:90,3,0,0
BRDA:91,4,0,0
BRDA:92,5,0,0
BRDA:93,6,0,0
BRDA:94,7,0,0
BRDA:95,8,0,0
BRDA:96,9,0,0
BRDA:97,10,0,0
BRDA:106,11,0,0
BRDA:120,12,0,0
BRDA:120,13,0,0
BRDA:120,13,1,0
BRDA:132,14,0,0
BRDA:153,15,0,0
BRDA:175,16,0,0
BRDA:175,16,1,0
BRDA:176,17,0,0
BRDA:233,18,0,0
BRDA:237,19,0,0
BRDA:241,20,0,0
BRDA:245,21,0,0
BRDA:262,22,0,0
BRDA:288,23,0,0
BRDA:288,23,1,0
BRDA:291,24,0,0
BRDA:297,25,0,0
BRDA:297,25,1,0
BRDA:306,26,0,0
BRDA:306,26,1,0
BRDA:307,27,0,0
BRDA:307,27,1,0
BRDA:332,28,0,0
BRDA:332,29,0,0
BRDA:332,29,1,0
BRDA:339,30,0,0
BRDA:349,31,0,0
BRDA:392,32,0,0
BRDA:399,33,0,0
BRDA:399,33,1,0
BRDA:432,34,0,0
BRDA:432,34,1,0
BRDA:468,35,0,0
BRDA:468,35,1,0
BRDA:523,36,0,0
BRDA:523,36,1,0
BRDA:561,37,0,0
BRDA:564,38,0,0
BRDA:602,39,0,0
BRDA:616,40,0,0
BRDA:635,41,0,0
BRDA:635,41,1,0
BRF:54
BRH:0
end_of_record
TN:
SF:src/ai/engines/TextAnalysisEngine.ts
FN:102,(anonymous_0)
FN:109,(anonymous_1)
FN:128,(anonymous_2)
FN:236,(anonymous_3)
FN:237,(anonymous_4)
FN:249,(anonymous_5)
FN:253,(anonymous_6)
FN:257,(anonymous_7)
FN:274,(anonymous_8)
FN:283,(anonymous_9)
FN:284,(anonymous_10)
FN:298,(anonymous_11)
FN:302,(anonymous_12)
FN:306,(anonymous_13)
FN:320,(anonymous_14)
FN:329,(anonymous_15)
FN:330,(anonymous_16)
FN:344,(anonymous_17)
FN:348,(anonymous_18)
FN:352,(anonymous_19)
FN:370,(anonymous_20)
FN:379,(anonymous_21)
FN:380,(anonymous_22)
FN:395,(anonymous_23)
FN:399,(anonymous_24)
FN:403,(anonymous_25)
FN:418,(anonymous_26)
FN:427,(anonymous_27)
FN:428,(anonymous_28)
FN:442,(anonymous_29)
FN:446,(anonymous_30)
FN:450,(anonymous_31)
FN:465,(anonymous_32)
FN:474,(anonymous_33)
FN:475,(anonymous_34)
FN:490,(anonymous_35)
FN:494,(anonymous_36)
FN:498,(anonymous_37)
FN:516,(anonymous_38)
FN:525,(anonymous_39)
FN:526,(anonymous_40)
FN:539,(anonymous_41)
FN:543,(anonymous_42)
FN:547,(anonymous_43)
FN:560,(anonymous_44)
FN:569,(anonymous_45)
FN:593,(anonymous_46)
FN:597,(anonymous_47)
FN:599,(anonymous_48)
FN:610,(anonymous_49)
FN:628,(anonymous_50)
FN:645,(anonymous_51)
FN:667,(anonymous_52)
FN:676,(anonymous_53)
FN:677,(anonymous_54)
FN:692,(anonymous_55)
FN:693,(anonymous_56)
FN:705,(anonymous_57)
FN:706,(anonymous_58)
FN:727,(anonymous_59)
FN:753,(anonymous_60)
FN:754,(anonymous_61)
FN:760,(anonymous_62)
FN:768,(anonymous_63)
FN:777,(anonymous_64)
FN:790,(anonymous_65)
FN:797,(anonymous_66)
FNF:67
FNH:0
FNDA:0,(anonymous_0)
FNDA:0,(anonymous_1)
FNDA:0,(anonymous_2)
FNDA:0,(anonymous_3)
FNDA:0,(anonymous_4)
FNDA:0,(anonymous_5)
FNDA:0,(anonymous_6)
FNDA:0,(anonymous_7)
FNDA:0,(anonymous_8)
FNDA:0,(anonymous_9)
FNDA:0,(anonymous_10)
FNDA:0,(anonymous_11)
FNDA:0,(anonymous_12)
FNDA:0,(anonymous_13)
FNDA:0,(anonymous_14)
FNDA:0,(anonymous_15)
FNDA:0,(anonymous_16)
FNDA:0,(anonymous_17)
FNDA:0,(anonymous_18)
FNDA:0,(anonymous_19)
FNDA:0,(anonymous_20)
FNDA:0,(anonymous_21)
FNDA:0,(anonymous_22)
FNDA:0,(anonymous_23)
FNDA:0,(anonymous_24)
FNDA:0,(anonymous_25)
FNDA:0,(anonymous_26)
FNDA:0,(anonymous_27)
FNDA:0,(anonymous_28)
FNDA:0,(anonymous_29)
FNDA:0,(anonymous_30)
FNDA:0,(anonymous_31)
FNDA:0,(anonymous_32)
FNDA:0,(anonymous_33)
FNDA:0,(anonymous_34)
FNDA:0,(anonymous_35)
FNDA:0,(anonymous_36)
FNDA:0,(anonymous_37)
FNDA:0,(anonymous_38)
FNDA:0,(anonymous_39)
FNDA:0,(anonymous_40)
FNDA:0,(anonymous_41)
FNDA:0,(anonymous_42)
FNDA:0,(anonymous_43)
FNDA:0,(anonymous_44)
FNDA:0,(anonymous_45)
FNDA:0,(anonymous_46)
FNDA:0,(anonymous_47)
FNDA:0,(anonymous_48)
FNDA:0,(anonymous_49)
FNDA:0,(anonymous_50)
FNDA:0,(anonymous_51)
FNDA:0,(anonymous_52)
FNDA:0,(anonymous_53)
FNDA:0,(anonymous_54)
FNDA:0,(anonymous_55)
FNDA:0,(anonymous_56)
FNDA:0,(anonymous_57)
FNDA:0,(anonymous_58)
FNDA:0,(anonymous_59)
FNDA:0,(anonymous_60)
FNDA:0,(anonymous_61)
FNDA:0,(anonymous_62)
FNDA:0,(anonymous_63)
FNDA:0,(anonymous_64)
FNDA:0,(anonymous_65)
FNDA:0,(anonymous_66)
DA:6,0
DA:99,0
DA:100,0
DA:103,0
DA:110,0
DA:112,0
DA:115,0
DA:117,0
DA:118,0
DA:120,0
DA:121,0
DA:132,0
DA:133,0
DA:147,0
DA:149,0
DA:151,0
DA:153,0
DA:156,0
DA:157,0
DA:158,0
DA:162,0
DA:165,0
DA:166,0
DA:167,0
DA:171,0
DA:172,0
DA:173,0
DA:177,0
DA:178,0
DA:179,0
DA:183,0
DA:184,0
DA:185,0
DA:189,0
DA:190,0
DA:191,0
DA:196,0
DA:197,0
DA:202,0
DA:203,0
DA:207,0
DA:208,0
DA:211,0
DA:224,0
DA:225,0
DA:228,0
DA:229,0
DA:237,0
DA:238,0
DA:240,0
DA:245,0
DA:246,0
DA:247,0
DA:249,0
DA:250,0
DA:253,0
DA:254,0
DA:257,0
DA:258,0
DA:259,0
DA:260,0
DA:261,0
DA:267,0
DA:270,0
DA:274,0
DA:275,0
DA:284,0
DA:285,0
DA:287,0
DA:294,0
DA:295,0
DA:296,0
DA:298,0
DA:299,0
DA:302,0
DA:303,0
DA:306,0
DA:307,0
DA:308,0
DA:309,0
DA:310,0
DA:311,0
DA:313,0
DA:316,0
DA:320,0
DA:321,0
DA:330,0
DA:331,0
DA:333,0
DA:340,0
DA:341,0
DA:342,0
DA:344,0
DA:345,0
DA:348,0
DA:349,0
DA:352,0
DA:353,0
DA:354,0
DA:355,0
DA:356,0
DA:363,0
DA:366,0
DA:370,0
DA:371,0
DA:380,0
DA:381,0
DA:383,0
DA:391,0
DA:392,0
DA:393,0
DA:395,0
DA:396,0
DA:399,0
DA:400,0
DA:403,0
DA:404,0
DA:405,0
DA:406,0
DA:407,0
DA:408,0
DA:410,0
DA:413,0
DA:414,0
DA:418,0
DA:419,0
DA:428,0
DA:429,0
DA:431,0
DA:438,0
DA:439,0
DA:440,0
DA:442,0
DA:443,0
DA:446,0
DA:447,0
DA:450,0
DA:451,0
DA:452,0
DA:453,0
DA:454,0
DA:455,0
DA:457,0
DA:460,0
DA:461,0
DA:465,0
DA:466,0
DA:475,0
DA:476,0
DA:478,0
DA:486,0
DA:487,0
DA:488,0
DA:490,0
DA:491,0
DA:494,0
DA:495,0
DA:498,0
DA:499,0
DA:500,0
DA:501,0
DA:502,0
DA:509,0
DA:512,0
DA:516,0
DA:517,0
DA:526,0
DA:527,0
DA:529,0
DA:535,0
DA:536,0
DA:537,0
DA:539,0
DA:540,0
DA:543,0
DA:544,0
DA:547,0
DA:548,0
DA:549,0
DA:550,0
DA:551,0
DA:553,0
DA:556,0
DA:560,0
DA:561,0
DA:571,0
DA:577,0
DA:579,0
DA:587,0
DA:594,0
DA:595,0
DA:596,0
DA:597,0
DA:598,0
DA:599,0
DA:600,0
DA:602,0
DA:603,0
DA:606,0
DA:607,0
DA:610,0
DA:611,0
DA:613,0
DA:629,0
DA:631,0
DA:634,0
DA:637,0
DA:639,0
DA:646,0
DA:647,0
DA:649,0
DA:651,0
DA:652,0
DA:655,0
DA:656,0
DA:658,0
DA:661,0
DA:670,0
DA:677,0
DA:693,0
DA:706,0
DA:708,0
DA:709,0
DA:710,0
DA:711,0
DA:712,0
DA:715,0
DA:728,0
DA:747,0
DA:754,0
DA:755,0
DA:760,0
DA:761,0
DA:762,0
DA:764,0
DA:768,0
DA:769,0
DA:778,0
DA:780,0
DA:782,0
DA:783,0
DA:791,0
DA:798,0
DA:799,0
DA:800,0
DA:801,0
LF:246
LH:0
BRDA:130,0,0,0
BRDA:132,1,0,0
BRDA:137,2,0,0
BRDA:138,3,0,0
BRDA:139,4,0,0
BRDA:140,5,0,0
BRDA:141,6,0,0
BRDA:142,7,0,0
BRDA:143,8,0,0
BRDA:144,9,0,0
BRDA:145,10,0,0
BRDA:146,11,0,0
BRDA:157,12,0,0
BRDA:166,13,0,0
BRDA:172,14,0,0
BRDA:178,15,0,0
BRDA:184,16,0,0
BRDA:190,17,0,0
BRDA:190,18,0,0
BRDA:190,18,1,0
BRDA:196,19,0,0
BRDA:202,20,0,0
BRDA:207,21,0,0
BRDA:224,22,0,0
BRDA:224,22,1,0
BRDA:258,23,0,0
BRDA:258,23,1,0
BRDA:262,24,0,0
BRDA:262,24,1,0
BRDA:263,25,0,0
BRDA:263,25,1,0
BRDA:264,26,0,0
BRDA:264,26,1,0
BRDA:307,27,0,0
BRDA:307,27,1,0
BRDA:310,28,0,0
BRDA:310,28,1,0
BRDA:353,29,0,0
BRDA:353,29,1,0
BRDA:357,30,0,0
BRDA:357,30,1,0
BRDA:358,31,0,0
BRDA:358,31,1,0
BRDA:359,32,0,0
BRDA:359,32,1,0
BRDA:360,33,0,0
BRDA:360,33,1,0
BRDA:404,34,0,0
BRDA:404,34,1,0
BRDA:407,35,0,0
BRDA:407,35,1,0
BRDA:451,36,0,0
BRDA:451,36,1,0
BRDA:454,37,0,0
BRDA:454,37,1,0
BRDA:499,38,0,0
BRDA:499,38,1,0
BRDA:503,39,0,0
BRDA:503,39,1,0
BRDA:505,40,0,0
BRDA:505,40,1,0
BRDA:506,41,0,0
BRDA:506,41,1,0
BRDA:548,42,0,0
BRDA:548,42,1,0
BRDA:551,43,0,0
BRDA:551,43,1,0
BRDA:577,44,0,0
BRDA:595,45,0,0
BRDA:595,45,1,0
BRDA:602,46,0,0
BRDA:602,46,1,0
BRDA:603,47,0,0
BRDA:603,47,1,0
BRDA:607,48,0,0
BRDA:607,48,1,0
BRDA:610,49,0,0
BRDA:610,49,1,0
BRDA:631,50,0,0
BRDA:631,51,0,0
BRDA:631,51,1,0
BRDA:646,52,0,0
BRDA:646,52,1,0
BRDA:651,53,0,0
BRDA:651,53,1,0
BRDA:655,54,0,0
BRDA:655,55,0,0
BRDA:655,55,1,0
BRDA:656,56,0,0
BRDA:682,57,0,0
BRDA:682,57,1,0
BRDA:695,58,0,0
BRDA:695,58,1,0
BRDA:696,59,0,0
BRDA:696,59,1,0
BRDA:717,60,0,0
BRDA:717,60,1,0
BRDA:747,61,0,0
BRDA:747,61,1,0
BRDA:747,61,2,0
BRDA:761,62,0,0
BRDA:761,62,1,0
BRF:102
BRH:0
end_of_record
TN:
SF:src/ai/engines/VideoFrameExtractor.ts
FN:35,(anonymous_1)
FN:50,(anonymous_2)
FN:71,(anonymous_3)
FN:92,(anonymous_4)
FN:93,(anonymous_5)
FN:103,(anonymous_6)
FN:116,(anonymous_7)
FN:132,(anonymous_8)
FN:141,(anonymous_9)
FN:155,(anonymous_10)
FN:161,(anonymous_11)
FN:173,(anonymous_12)
FN:174,(anonymous_13)
FN:175,(anonymous_14)
FN:189,(anonymous_15)
FNF:15
FNH:14
FNDA:6,(anonymous_1)
FNDA:5,(anonymous_2)
FNDA:5,(anonymous_3)
FNDA:4,(anonymous_4)
FNDA:8,(anonymous_5)
FNDA:4,(anonymous_6)
FNDA:1,(anonymous_7)
FNDA:1,(anonymous_8)
FNDA:1,(anonymous_9)
FNDA:1,(anonymous_10)
FNDA:0,(anonymous_11)
FNDA:1,(anonymous_12)
FNDA:1,(anonymous_13)
FNDA:1,(anonymous_14)
FNDA:1,(anonymous_15)
DA:1,1
DA:2,1
DA:3,1
DA:4,1
DA:5,1
DA:7,1
DA:30,1
DA:36,6
DA:37,6
DA:38,6
DA:40,6
DA:41,6
DA:62,5
DA:64,5
DA:65,5
DA:67,5
DA:69,5
DA:71,5
DA:72,5
DA:74,5
DA:75,0
DA:77,5
DA:78,0
DA:81,5
DA:82,1
DA:83,4
DA:84,1
DA:87,3
DA:90,5
DA:93,4
DA:94,8
DA:95,8
DA:96,8
DA:104,4
DA:105,4
DA:106,1
DA:107,1
DA:108,1
DA:110,0
DA:114,4
DA:117,1
DA:118,1
DA:138,1
DA:139,1
DA:141,1
DA:142,1
DA:144,1
DA:145,0
DA:147,1
DA:148,0
DA:151,1
DA:157,1
DA:158,1
DA:159,1
DA:162,0
DA:174,1
DA:175,1
DA:176,1
DA:177,0
DA:179,1
DA:190,1
DA:191,1
DA:192,1
DA:194,0
LF:64
LH:56
BRDA:52,0,0,2
BRDA:57,1,0,5
BRDA:58,2,0,5
BRDA:61,3,0,4
BRDA:74,4,0,0
BRDA:77,5,0,0
BRDA:78,6,0,0
BRDA:78,6,1,0
BRDA:81,7,0,1
BRDA:81,7,1,4
BRDA:83,8,0,1
BRDA:83,8,1,3
BRDA:95,9,0,8
BRDA:95,9,1,0
BRDA:105,10,0,1
BRDA:144,11,0,0
BRDA:147,12,0,0
BRDA:148,13,0,0
BRDA:148,13,1,0
BRDA:158,14,0,1
BRDA:158,14,1,0
BRDA:176,15,0,0
BRDA:176,15,1,1
BRF:23
BRH:12
end_of_record
TN:
SF:src/ai/services/AdversaryAgentService.ts
FN:15,(anonymous_0)
FN:23,(anonymous_1)
FN:27,(anonymous_2)
FN:43,(anonymous_3)
FN:47,(anonymous_4)
FN:51,(anonymous_5)
FN:64,(anonymous_6)
FNF:7
FNH:0
FNDA:0,(anonymous_0)
FNDA:0,(anonymous_1)
FNDA:0,(anonymous_2)
FNDA:0,(anonymous_3)
FNDA:0,(anonymous_4)
FNDA:0,(anonymous_5)
FNDA:0,(anonymous_6)
DA:13,0
DA:19,0
DA:20,0
DA:27,0
DA:28,0
DA:29,0
DA:39,0
DA:40,0
DA:41,0
DA:43,0
DA:44,0
DA:47,0
DA:48,0
DA:51,0
DA:52,0
DA:53,0
DA:54,0
DA:55,0
DA:57,0
DA:60,0
DA:64,0
LF:21
LH:0
BRDA:16,0,0,0
BRDA:16,1,0,0
BRDA:16,1,1,0
BRDA:17,2,0,0
BRDA:25,3,0,0
BRDA:34,4,0,0
BRDA:34,4,1,0
BRDA:36,5,0,0
BRDA:36,5,1,0
BRDA:52,6,0,0
BRDA:52,6,1,0
BRDA:60,7,0,0
BRDA:60,7,1,0
BRF:13
BRH:0
end_of_record
TN:
SF:src/ai/services/EmbeddingService.ts
FN:59,(anonymous_0)
FN:68,(anonymous_1)
FN:92,(anonymous_2)
FN:134,(anonymous_3)
FN:163,(anonymous_4)
FN:192,(anonymous_5)
FN:255,(anonymous_6)
FN:296,(anonymous_7)
FN:349,(anonymous_8)
FN:367,(anonymous_9)
FN:420,(anonymous_10)
FN:446,(anonymous_11)
FN:459,(anonymous_12)
FN:465,(anonymous_13)
FN:487,(anonymous_14)
FN:491,(anonymous_15)
FN:495,(anonymous_16)
FN:508,(anonymous_17)
FN:517,(anonymous_18)
FN:522,(anonymous_19)
FN:543,(anonymous_20)
FN:547,(anonymous_21)
FN:551,(anonymous_22)
FN:564,(anonymous_23)
FN:573,(anonymous_24)
FN:578,(anonymous_25)
FN:599,(anonymous_26)
FN:603,(anonymous_27)
FN:607,(anonymous_28)
FN:620,(anonymous_29)
FN:629,(anonymous_30)
FN:639,(anonymous_31)
FN:640,(anonymous_32)
FN:662,(anonymous_33)
FN:675,(anonymous_34)
FN:688,(anonymous_35)
FN:701,(anonymous_36)
FN:706,(anonymous_37)
FN:710,(anonymous_38)
FN:728,(anonymous_39)
FN:732,(anonymous_40)
FN:736,(anonymous_41)
FN:749,(anonymous_42)
FN:758,(anonymous_43)
FN:781,(anonymous_44)
FN:782,(anonymous_45)
FN:788,(anonymous_46)
FN:796,(anonymous_47)
FN:805,(anonymous_48)
FN:838,(anonymous_49)
FN:845,(anonymous_50)
FN:852,(anonymous_51)
FNF:52
FNH:0
FNDA:0,(anonymous_0)
FNDA:0,(anonymous_1)
FNDA:0,(anonymous_2)
FNDA:0,(anonymous_3)
FNDA:0,(anonymous_4)
FNDA:0,(anonymous_5)
FNDA:0,(anonymous_6)
FNDA:0,(anonymous_7)
FNDA:0,(anonymous_8)
FNDA:0,(anonymous_9)
FNDA:0,(anonymous_10)
FNDA:0,(anonymous_11)
FNDA:0,(anonymous_12)
FNDA:0,(anonymous_13)
FNDA:0,(anonymous_14)
FNDA:0,(anonymous_15)
FNDA:0,(anonymous_16)
FNDA:0,(anonymous_17)
FNDA:0,(anonymous_18)
FNDA:0,(anonymous_19)
FNDA:0,(anonymous_20)
FNDA:0,(anonymous_21)
FNDA:0,(anonymous_22)
FNDA:0,(anonymous_23)
FNDA:0,(anonymous_24)
FNDA:0,(anonymous_25)
FNDA:0,(anonymous_26)
FNDA:0,(anonymous_27)
FNDA:0,(anonymous_28)
FNDA:0,(anonymous_29)
FNDA:0,(anonymous_30)
FNDA:0,(anonymous_31)
FNDA:0,(anonymous_32)
FNDA:0,(anonymous_33)
FNDA:0,(anonymous_34)
FNDA:0,(anonymous_35)
FNDA:0,(anonymous_36)
FNDA:0,(anonymous_37)
FNDA:0,(anonymous_38)
FNDA:0,(anonymous_39)
FNDA:0,(anonymous_40)
FNDA:0,(anonymous_41)
FNDA:0,(anonymous_42)
FNDA:0,(anonymous_43)
FNDA:0,(anonymous_44)
FNDA:0,(anonymous_45)
FNDA:0,(anonymous_46)
FNDA:0,(anonymous_47)
FNDA:0,(anonymous_48)
FNDA:0,(anonymous_49)
FNDA:0,(anonymous_50)
FNDA:0,(anonymous_51)
DA:8,0
DA:55,0
DA:56,0
DA:60,0
DA:61,0
DA:62,0
DA:69,0
DA:71,0
DA:74,0
DA:77,0
DA:78,0
DA:81,0
DA:82,0
DA:84,0
DA:85,0
DA:96,0
DA:97,0
DA:104,0
DA:107,0
DA:110,0
DA:111,0
DA:112,0
DA:113,0
DA:116,0
DA:117,0
DA:119,0
DA:121,0
DA:123,0
DA:124,0
DA:126,0
DA:127,0
DA:138,0
DA:139,0
DA:145,0
DA:147,0
DA:148,0
DA:150,0
DA:152,0
DA:153,0
DA:155,0
DA:156,0
DA:167,0
DA:168,0
DA:174,0
DA:176,0
DA:177,0
DA:179,0
DA:181,0
DA:182,0
DA:184,0
DA:185,0
DA:204,0
DA:205,0
DA:212,0
DA:214,0
DA:215,0
DA:216,0
DA:219,0
DA:220,0
DA:221,0
DA:222,0
DA:225,0
DA:226,0
DA:227,0
DA:228,0
DA:231,0
DA:232,0
DA:233,0
DA:234,0
DA:237,0
DA:238,0
DA:242,0
DA:244,0
DA:245,0
DA:247,0
DA:248,0
DA:262,0
DA:263,0
DA:266,0
DA:267,0
DA:278,0
DA:286,0
DA:288,0
DA:289,0
DA:305,0
DA:306,0
DA:314,0
DA:316,0
DA:317,0
DA:329,0
DA:330,0
DA:332,0
DA:333,0
DA:334,0
DA:337,0
DA:338,0
DA:339,0
DA:340,0
DA:344,0
DA:345,0
DA:347,0
DA:349,0
DA:356,0
DA:357,0
DA:359,0
DA:360,0
DA:374,0
DA:376,0
DA:378,0
DA:379,0
DA:381,0
DA:382,0
DA:383,0
DA:384,0
DA:387,0
DA:388,0
DA:389,0
DA:390,0
DA:393,0
DA:394,0
DA:395,0
DA:396,0
DA:399,0
DA:400,0
DA:404,0
DA:407,0
DA:409,0
DA:410,0
DA:412,0
DA:413,0
DA:432,0
DA:434,0
DA:436,0
DA:438,0
DA:439,0
DA:443,0
DA:446,0
DA:448,0
DA:449,0
DA:451,0
DA:452,0
DA:465,0
DA:466,0
DA:468,0
DA:475,0
DA:476,0
DA:479,0
DA:480,0
DA:483,0
DA:484,0
DA:485,0
DA:487,0
DA:488,0
DA:491,0
DA:492,0
DA:495,0
DA:496,0
DA:497,0
DA:498,0
DA:499,0
DA:501,0
DA:504,0
DA:508,0
DA:509,0
DA:522,0
DA:523,0
DA:525,0
DA:531,0
DA:532,0
DA:535,0
DA:536,0
DA:539,0
DA:540,0
DA:541,0
DA:543,0
DA:544,0
DA:547,0
DA:548,0
DA:551,0
DA:552,0
DA:553,0
DA:554,0
DA:555,0
DA:557,0
DA:560,0
DA:564,0
DA:565,0
DA:578,0
DA:579,0
DA:581,0
DA:587,0
DA:588,0
DA:591,0
DA:592,0
DA:595,0
DA:596,0
DA:597,0
DA:599,0
DA:600,0
DA:603,0
DA:604,0
DA:607,0
DA:608,0
DA:609,0
DA:610,0
DA:611,0
DA:613,0
DA:616,0
DA:620,0
DA:621,0
DA:630,0
DA:631,0
DA:634,0
DA:635,0
DA:639,0
DA:640,0
DA:643,0
DA:646,0
DA:647,0
DA:648,0
DA:653,0
DA:655,0
DA:656,0
DA:657,0
DA:662,0
DA:663,0
DA:664,0
DA:665,0
DA:669,0
DA:676,0
DA:677,0
DA:680,0
DA:686,0
DA:688,0
DA:706,0
DA:707,0
DA:709,0
DA:710,0
DA:717,0
DA:724,0
DA:725,0
DA:726,0
DA:728,0
DA:729,0
DA:732,0
DA:733,0
DA:736,0
DA:737,0
DA:738,0
DA:739,0
DA:740,0
DA:742,0
DA:745,0
DA:749,0
DA:750,0
DA:759,0
DA:774,0
DA:775,0
DA:782,0
DA:783,0
DA:788,0
DA:789,0
DA:790,0
DA:792,0
DA:796,0
DA:797,0
DA:806,0
DA:808,0
DA:814,0
DA:819,0
DA:824,0
DA:825,0
DA:826,0
DA:828,0
DA:830,0
DA:831,0
DA:839,0
DA:846,0
DA:853,0
DA:854,0
DA:855,0
DA:856,0
LF:282
LH:0
BRDA:77,0,0,0
BRDA:94,1,0,0
BRDA:96,2,0,0
BRDA:101,3,0,0
BRDA:102,4,0,0
BRDA:103,5,0,0
BRDA:111,6,0,0
BRDA:136,7,0,0
BRDA:138,8,0,0
BRDA:143,9,0,0
BRDA:144,10,0,0
BRDA:165,11,0,0
BRDA:167,12,0,0
BRDA:172,13,0,0
BRDA:173,14,0,0
BRDA:198,15,0,0
BRDA:204,16,0,0
BRDA:209,17,0,0
BRDA:210,18,0,0
BRDA:211,19,0,0
BRDA:219,20,0,0
BRDA:219,21,0,0
BRDA:219,21,1,0
BRDA:225,22,0,0
BRDA:225,23,0,0
BRDA:225,23,1,0
BRDA:231,24,0,0
BRDA:231,25,0,0
BRDA:231,25,1,0
BRDA:237,26,0,0
BRDA:262,27,0,0
BRDA:298,28,0,0
BRDA:305,29,0,0
BRDA:310,30,0,0
BRDA:311,31,0,0
BRDA:332,32,0,0
BRDA:337,33,0,0
BRDA:369,34,0,0
BRDA:374,35,0,0
BRDA:374,36,0,0
BRDA:381,37,0,0
BRDA:384,38,0,0
BRDA:384,38,1,0
BRDA:387,39,0,0
BRDA:390,40,0,0
BRDA:390,40,1,0
BRDA:393,41,0,0
BRDA:396,42,0,0
BRDA:396,42,1,0
BRDA:399,43,0,0
BRDA:422,44,0,0
BRDA:429,45,0,0
BRDA:430,46,0,0
BRDA:431,47,0,0
BRDA:438,48,0,0
BRDA:475,49,0,0
BRDA:479,50,0,0
BRDA:496,51,0,0
BRDA:496,51,1,0
BRDA:499,52,0,0
BRDA:499,52,1,0
BRDA:531,53,0,0
BRDA:535,54,0,0
BRDA:552,55,0,0
BRDA:552,55,1,0
BRDA:555,56,0,0
BRDA:555,56,1,0
BRDA:587,57,0,0
BRDA:591,58,0,0
BRDA:608,59,0,0
BRDA:608,59,1,0
BRDA:611,60,0,0
BRDA:611,60,1,0
BRDA:630,61,0,0
BRDA:634,62,0,0
BRDA:647,63,0,0
BRDA:663,64,0,0
BRDA:676,65,0,0
BRDA:737,66,0,0
BRDA:737,66,1,0
BRDA:740,67,0,0
BRDA:740,67,1,0
BRDA:789,68,0,0
BRDA:789,68,1,0
BRDA:846,69,0,0
BRDA:846,69,1,0
BRF:86
BRH:0
end_of_record
TN:
SF:src/cache/answers.ts
FN:2,key
FN:4,getCached
FN:5,setCached
FNF:3
FNH:0
FNDA:0,key
FNDA:0,getCached
FNDA:0,setCached
DA:1,0
DA:2,0
DA:4,0
DA:5,0
LF:4
LH:0
BRDA:5,0,0,0
BRF:1
BRH:0
end_of_record
TN:
SF:src/connectors/stix/mapper.ts
FN:5,upsertStixBundle
FNF:1
FNH:0
FNDA:0,upsertStixBundle
DA:7,0
DA:8,0
DA:9,0
DA:15,0
DA:16,0
DA:25,0
DA:26,0
DA:27,0
LF:8
LH:0
BRDA:8,0,0,0
BRDA:8,0,1,0
BRDA:14,1,0,0
BRDA:14,1,1,0
BRDA:14,1,2,0
BRDA:14,2,0,0
BRDA:14,2,1,0
BRDA:14,3,0,0
BRDA:14,3,1,0
BRDA:14,4,0,0
BRDA:14,4,1,0
BRDA:15,5,0,0
BRDA:15,6,0,0
BRDA:15,6,1,0
BRDA:15,6,2,0
BRDA:21,7,0,0
BRDA:21,7,1,0
BRDA:21,8,0,0
BRDA:21,8,1,0
BRDA:21,9,0,0
BRDA:21,9,1,0
BRDA:21,10,0,0
BRDA:21,10,1,0
BRDA:26,11,0,0
BRDA:26,12,0,0
BRDA:26,12,1,0
BRDA:26,12,2,0
BRDA:32,13,0,0
BRDA:32,13,1,0
BRDA:32,14,0,0
BRDA:32,14,1,0
BRDA:32,15,0,0
BRDA:32,15,1,0
BRF:33
BRH:0
end_of_record
TN:
SF:src/db/audit.ts
FN:4,logAssistantEvent
FNF:1
FNH:0
FNDA:0,logAssistantEvent
DA:2,0
DA:8,0
LF:2
LH:0
BRF:0
BRH:0
end_of_record
TN:
SF:src/db/neo4j.ts
FN:23,getNeo4jDriver
FN:32,(anonymous_1)
FN:39,(anonymous_2)
FN:40,(anonymous_3)
FN:46,(anonymous_4)
FN:65,isNeo4jMockMode
FN:69,createMockNeo4jDriver
FN:71,(anonymous_7)
FN:73,(anonymous_8)
FN:82,(anonymous_9)
FN:83,(anonymous_10)
FN:85,(anonymous_11)
FN:87,(anonymous_12)
FN:89,(anonymous_13)
FN:92,(anonymous_14)
FN:93,(anonymous_15)
FN:97,closeNeo4jDriver
FN:105,instrumentSession
FN:107,(anonymous_18)
FNF:19
FNH:0
FNDA:0,getNeo4jDriver
FNDA:0,(anonymous_1)
FNDA:0,(anonymous_2)
FNDA:0,(anonymous_3)
FNDA:0,(anonymous_4)
FNDA:0,isNeo4jMockMode
FNDA:0,createMockNeo4jDriver
FNDA:0,(anonymous_7)
FNDA:0,(anonymous_8)
FNDA:0,(anonymous_9)
FNDA:0,(anonymous_10)
FNDA:0,(anonymous_11)
FNDA:0,(anonymous_12)
FNDA:0,(anonymous_13)
FNDA:0,(anonymous_14)
FNDA:0,(anonymous_15)
FNDA:0,closeNeo4jDriver
FNDA:0,instrumentSession
FNDA:0,(anonymous_18)
DA:11,0
DA:13,0
DA:15,0
DA:16,0
DA:17,0
DA:21,0
DA:24,0
DA:25,0
DA:26,0
DA:30,0
DA:31,0
DA:32,0
DA:33,0
DA:34,0
DA:37,0
DA:39,0
DA:41,0
DA:42,0
DA:43,0
DA:46,0
DA:47,0
DA:48,0
DA:49,0
DA:51,0
DA:55,0
DA:58,0
DA:59,0
DA:62,0
DA:66,0
DA:70,0
DA:72,0
DA:74,0
DA:77,0
DA:84,0
DA:85,0
DA:88,0
DA:89,0
DA:93,0
DA:98,0
DA:99,0
DA:100,0
DA:101,0
DA:106,0
DA:107,0
DA:112,0
DA:113,0
DA:114,0
DA:115,0
DA:116,0
DA:117,0
DA:118,0
DA:119,0
DA:120,0
DA:122,0
DA:124,0
DA:125,0
DA:128,0
LF:57
LH:0
BRDA:15,0,0,0
BRDA:15,0,1,0
BRDA:16,1,0,0
BRDA:16,1,1,0
BRDA:17,2,0,0
BRDA:17,2,1,0
BRDA:24,3,0,0
BRDA:98,4,0,0
BRDA:110,5,0,0
BRDA:112,6,0,0
BRDA:112,7,0,0
BRDA:119,8,0,0
BRF:12
BRH:0
end_of_record
TN:
SF:src/db/postgres.ts
FN:17,getPostgresPool
FN:31,(anonymous_1)
FN:34,(anonymous_2)
FN:47,createMockPostgresPool
FN:49,(anonymous_4)
FN:53,(anonymous_5)
FN:54,(anonymous_6)
FN:55,(anonymous_7)
FN:57,(anonymous_8)
FN:58,(anonymous_9)
FN:62,closePostgresPool
FNF:11
FNH:0
FNDA:0,getPostgresPool
FNDA:0,(anonymous_1)
FNDA:0,(anonymous_2)
FNDA:0,createMockPostgresPool
FNDA:0,(anonymous_4)
FNDA:0,(anonymous_5)
FNDA:0,(anonymous_6)
FNDA:0,(anonymous_7)
FNDA:0,(anonymous_8)
FNDA:0,(anonymous_9)
FNDA:0,closePostgresPool
DA:5,0
DA:7,0
DA:9,0
DA:10,0
DA:11,0
DA:12,0
DA:13,0
DA:18,0
DA:19,0
DA:20,0
DA:28,0
DA:31,0
DA:32,0
DA:33,0
DA:35,0
DA:36,0
DA:40,0
DA:41,0
DA:44,0
DA:48,0
DA:50,0
DA:51,0
DA:53,0
DA:54,0
DA:63,0
DA:64,0
DA:65,0
DA:66,0
LF:28
LH:0
BRDA:9,0,0,0
BRDA:9,0,1,0
BRDA:10,1,0,0
BRDA:10,1,1,0
BRDA:11,2,0,0
BRDA:11,2,1,0
BRDA:12,3,0,0
BRDA:12,3,1,0
BRDA:13,4,0,0
BRDA:13,4,1,0
BRDA:18,5,0,0
BRDA:63,6,0,0
BRF:12
BRH:0
end_of_record
TN:
SF:src/db/redis.ts
FN:15,getRedisClient
FN:26,(anonymous_1)
FN:27,(anonymous_2)
FN:40,createMockRedisClient
FN:42,(anonymous_4)
FN:46,(anonymous_5)
FN:50,(anonymous_6)
FN:54,(anonymous_7)
FN:58,(anonymous_8)
FN:62,(anonymous_9)
FN:63,(anonymous_10)
FN:64,(anonymous_11)
FN:68,closeRedisClient
FNF:13
FNH:0
FNDA:0,getRedisClient
FNDA:0,(anonymous_1)
FNDA:0,(anonymous_2)
FNDA:0,createMockRedisClient
FNDA:0,(anonymous_4)
FNDA:0,(anonymous_5)
FNDA:0,(anonymous_6)
FNDA:0,(anonymous_7)
FNDA:0,(anonymous_8)
FNDA:0,(anonymous_9)
FNDA:0,(anonymous_10)
FNDA:0,(anonymous_11)
FNDA:0,closeRedisClient
DA:5,0
DA:7,0
DA:9,0
DA:10,0
DA:11,0
DA:16,0
DA:17,0
DA:18,0
DA:26,0
DA:27,0
DA:28,0
DA:29,0
DA:33,0
DA:34,0
DA:37,0
DA:41,0
DA:43,0
DA:44,0
DA:47,0
DA:48,0
DA:51,0
DA:52,0
DA:55,0
DA:56,0
DA:59,0
DA:60,0
DA:69,0
DA:70,0
DA:71,0
DA:72,0
LF:30
LH:0
BRDA:9,0,0,0
BRDA:9,0,1,0
BRDA:10,1,0,0
BRDA:10,1,1,0
BRDA:11,2,0,0
BRDA:11,2,1,0
BRDA:16,3,0,0
BRDA:69,4,0,0
BRF:8
BRH:0
end_of_record
TN:
SF:src/db/repositories/audit.ts
FN:2,(anonymous_0)
FN:3,(anonymous_1)
FN:8,(anonymous_2)
FN:16,(anonymous_3)
FN:24,(anonymous_4)
FNF:5
FNH:0
FNDA:0,(anonymous_0)
FNDA:0,(anonymous_1)
FNDA:0,(anonymous_2)
FNDA:0,(anonymous_3)
FNDA:0,(anonymous_4)
DA:2,0
DA:4,0
DA:5,0
DA:9,0
DA:13,0
DA:17,0
DA:21,0
DA:25,0
DA:29,0
LF:9
LH:0
BRDA:5,0,0,0
BRDA:5,0,1,0
BRDA:8,1,0,0
BRDA:16,2,0,0
BRDA:24,3,0,0
BRDA:24,4,0,0
BRF:6
BRH:0
end_of_record
TN:
SF:src/db/repositories/feedback.ts
FN:2,(anonymous_0)
FN:3,(anonymous_1)
FN:8,(anonymous_2)
FN:16,(anonymous_3)
FN:35,(anonymous_4)
FNF:5
FNH:0
FNDA:0,(anonymous_0)
FNDA:0,(anonymous_1)
FNDA:0,(anonymous_2)
FNDA:0,(anonymous_3)
FNDA:0,(anonymous_4)
DA:2,0
DA:4,0
DA:5,0
DA:9,0
DA:13,0
DA:17,0
DA:18,0
DA:20,0
DA:21,0
DA:22,0
DA:25,0
DA:26,0
DA:27,0
DA:30,0
DA:35,0
DA:36,0
DA:37,0
LF:17
LH:0
BRDA:20,0,0,0
BRDA:25,1,0,0
BRDA:27,2,0,0
BRDA:27,2,1,0
BRF:4
BRH:0
end_of_record
TN:
SF:src/db/repositories/insights.ts
FN:2,(anonymous_0)
FN:3,(anonymous_1)
FN:9,(anonymous_2)
FN:17,(anonymous_3)
FN:22,(anonymous_4)
FNF:5
FNH:0
FNDA:0,(anonymous_0)
FNDA:0,(anonymous_1)
FNDA:0,(anonymous_2)
FNDA:0,(anonymous_3)
FNDA:0,(anonymous_4)
DA:2,0
DA:4,0
DA:5,0
DA:6,0
DA:7,0
DA:10,0
DA:11,0
DA:12,0
DA:13,0
DA:14,0
DA:15,0
DA:18,0
DA:20,0
DA:23,0
LF:14
LH:0
BRDA:9,0,0,0
BRDA:11,1,0,0
BRDA:12,2,0,0
BRDA:13,3,0,0
BRDA:13,3,1,0
BRF:5
BRH:0
end_of_record
TN:
SF:src/db/repositories/jobs.ts
FN:2,(anonymous_0)
FN:3,(anonymous_1)
FN:7,(anonymous_2)
FN:11,(anonymous_3)
FNF:4
FNH:0
FNDA:0,(anonymous_0)
FNDA:0,(anonymous_1)
FNDA:0,(anonymous_2)
FNDA:0,(anonymous_3)
DA:2,0
DA:4,0
DA:5,0
DA:8,0
DA:9,0
DA:12,0
DA:13,0
LF:7
LH:0
BRDA:5,0,0,0
BRDA:5,0,1,0
BRF:2
BRH:0
end_of_record
TN:
SF:src/featureFlags/flagsmith.ts
FN:7,isEnabled
FNF:1
FNH:0
FNDA:0,isEnabled
DA:3,0
DA:8,0
DA:9,0
LF:3
LH:0
BRDA:5,0,0,0
BRDA:5,0,1,0
BRF:2
BRH:0
end_of_record
TN:
SF:src/graph/neo4j.ts
FN:5,getDriver
FN:16,runCypher
FN:20,(anonymous_2)
FNF:3
FNH:0
FNDA:0,getDriver
FNDA:0,runCypher
FNDA:0,(anonymous_2)
DA:3,0
DA:6,0
DA:7,0
DA:13,0
DA:17,0
DA:18,0
DA:19,0
DA:20,0
DA:22,0
LF:9
LH:0
BRDA:6,0,0,0
BRDA:16,1,0,0
BRF:2
BRH:0
end_of_record
TN:
SF:src/graphql/authDirective.ts
FN:3,authDirective
FN:6,(anonymous_1)
FN:8,(anonymous_2)
FN:13,(anonymous_3)
FNF:4
FNH:0
FNDA:0,authDirective
FNDA:0,(anonymous_1)
FNDA:0,(anonymous_2)
FNDA:0,(anonymous_3)
DA:4,0
DA:7,0
DA:9,0
DA:10,0
DA:11,0
DA:12,0
DA:13,0
DA:14,0
DA:15,0
DA:17,0
LF:10
LH:0
BRDA:3,0,0,0
BRDA:10,1,0,0
BRDA:15,2,0,0
BRDA:15,2,1,0
BRF:4
BRH:0
end_of_record
TN:
SF:src/graphql/multimodalResolvers.ts
FN:168,(anonymous_0)
FN:180,(anonymous_1)
FN:193,(anonymous_2)
FN:205,(anonymous_3)
FN:218,(anonymous_4)
FN:234,(anonymous_5)
FN:246,(anonymous_6)
FN:259,(anonymous_7)
FN:271,(anonymous_8)
FN:283,(anonymous_9)
FN:296,(anonymous_10)
FN:308,(anonymous_11)
FN:323,(anonymous_12)
FN:335,(anonymous_13)
FN:347,(anonymous_14)
FN:360,(anonymous_15)
FN:372,(anonymous_16)
FN:384,(anonymous_17)
FN:396,(anonymous_18)
FN:413,(anonymous_19)
FN:425,(anonymous_20)
FN:437,(anonymous_21)
FN:450,(anonymous_22)
FN:462,(anonymous_23)
FN:474,(anonymous_24)
FN:492,(anonymous_25)
FN:515,(anonymous_26)
FN:543,(anonymous_27)
FN:555,(anonymous_28)
FN:568,(anonymous_29)
FN:580,(anonymous_30)
FN:601,(anonymous_31)
FN:607,(anonymous_32)
FN:611,(anonymous_33)
FN:617,(anonymous_34)
FN:622,(anonymous_35)
FN:627,(anonymous_36)
FN:631,(anonymous_37)
FN:636,(anonymous_38)
FN:640,(anonymous_39)
FN:645,(anonymous_40)
FN:650,(anonymous_41)
FN:655,(anonymous_42)
FN:661,(anonymous_43)
FN:671,(anonymous_44)
FN:677,(anonymous_45)
FN:687,(anonymous_46)
FN:693,(anonymous_47)
FN:703,(anonymous_48)
FN:715,(anonymous_49)
FN:732,(anonymous_50)
FN:733,(anonymous_51)
FNF:52
FNH:0
FNDA:0,(anonymous_0)
FNDA:0,(anonymous_1)
FNDA:0,(anonymous_2)
FNDA:0,(anonymous_3)
FNDA:0,(anonymous_4)
FNDA:0,(anonymous_5)
FNDA:0,(anonymous_6)
FNDA:0,(anonymous_7)
FNDA:0,(anonymous_8)
FNDA:0,(anonymous_9)
FNDA:0,(anonymous_10)
FNDA:0,(anonymous_11)
FNDA:0,(anonymous_12)
FNDA:0,(anonymous_13)
FNDA:0,(anonymous_14)
FNDA:0,(anonymous_15)
FNDA:0,(anonymous_16)
FNDA:0,(anonymous_17)
FNDA:0,(anonymous_18)
FNDA:0,(anonymous_19)
FNDA:0,(anonymous_20)
FNDA:0,(anonymous_21)
FNDA:0,(anonymous_22)
FNDA:0,(anonymous_23)
FNDA:0,(anonymous_24)
FNDA:0,(anonymous_25)
FNDA:0,(anonymous_26)
FNDA:0,(anonymous_27)
FNDA:0,(anonymous_28)
FNDA:0,(anonymous_29)
FNDA:0,(anonymous_30)
FNDA:0,(anonymous_31)
FNDA:0,(anonymous_32)
FNDA:0,(anonymous_33)
FNDA:0,(anonymous_34)
FNDA:0,(anonymous_35)
FNDA:0,(anonymous_36)
FNDA:0,(anonymous_37)
FNDA:0,(anonymous_38)
FNDA:0,(anonymous_39)
FNDA:0,(anonymous_40)
FNDA:0,(anonymous_41)
FNDA:0,(anonymous_42)
FNDA:0,(anonymous_43)
FNDA:0,(anonymous_44)
FNDA:0,(anonymous_45)
FNDA:0,(anonymous_46)
FNDA:0,(anonymous_47)
FNDA:0,(anonymous_48)
FNDA:0,(anonymous_49)
FNDA:0,(anonymous_50)
FNDA:0,(anonymous_51)
DA:165,0
DA:169,0
DA:171,0
DA:177,0
DA:181,0
DA:183,0
DA:189,0
DA:194,0
DA:196,0
DA:202,0
DA:206,0
DA:208,0
DA:214,0
DA:219,0
DA:221,0
DA:227,0
DA:235,0
DA:237,0
DA:243,0
DA:247,0
DA:249,0
DA:255,0
DA:260,0
DA:262,0
DA:268,0
DA:272,0
DA:274,0
DA:280,0
DA:284,0
DA:286,0
DA:292,0
DA:297,0
DA:299,0
DA:305,0
DA:309,0
DA:311,0
DA:317,0
DA:324,0
DA:326,0
DA:332,0
DA:336,0
DA:338,0
DA:344,0
DA:348,0
DA:350,0
DA:356,0
DA:361,0
DA:363,0
DA:369,0
DA:373,0
DA:375,0
DA:381,0
DA:385,0
DA:387,0
DA:393,0
DA:397,0
DA:399,0
DA:405,0
DA:414,0
DA:416,0
DA:422,0
DA:426,0
DA:428,0
DA:434,0
DA:438,0
DA:440,0
DA:446,0
DA:451,0
DA:453,0
DA:459,0
DA:463,0
DA:465,0
DA:471,0
DA:475,0
DA:477,0
DA:483,0
DA:493,0
DA:495,0
DA:501,0
DA:502,0
DA:503,0
DA:504,0
DA:505,0
DA:507,0
DA:512,0
DA:516,0
DA:518,0
DA:524,0
DA:525,0
DA:526,0
DA:527,0
DA:532,0
DA:534,0
DA:539,0
DA:544,0
DA:546,0
DA:552,0
DA:556,0
DA:558,0
DA:564,0
DA:569,0
DA:571,0
DA:577,0
DA:581,0
DA:583,0
DA:589,0
DA:602,0
DA:605,0
DA:607,0
DA:612,0
DA:615,0
DA:617,0
DA:623,0
DA:625,0
DA:627,0
DA:632,0
DA:634,0
DA:636,0
DA:641,0
DA:643,0
DA:645,0
DA:651,0
DA:653,0
DA:655,0
DA:663,0
DA:665,0
DA:666,0
DA:671,0
DA:673,0
DA:679,0
DA:681,0
DA:682,0
DA:687,0
DA:689,0
DA:695,0
DA:697,0
DA:698,0
DA:703,0
DA:709,0
DA:716,0
DA:719,0
DA:721,0
DA:722,0
DA:728,0
DA:730,0
DA:731,0
DA:732,0
DA:733,0
DA:751,0
LF:149
LH:0
BRDA:169,0,0,0
BRDA:181,1,0,0
BRDA:194,2,0,0
BRDA:206,3,0,0
BRDA:219,4,0,0
BRDA:235,5,0,0
BRDA:247,6,0,0
BRDA:260,7,0,0
BRDA:272,8,0,0
BRDA:284,9,0,0
BRDA:297,10,0,0
BRDA:309,11,0,0
BRDA:324,12,0,0
BRDA:336,13,0,0
BRDA:348,14,0,0
BRDA:361,15,0,0
BRDA:373,16,0,0
BRDA:385,17,0,0
BRDA:397,18,0,0
BRDA:414,19,0,0
BRDA:426,20,0,0
BRDA:438,21,0,0
BRDA:451,22,0,0
BRDA:463,23,0,0
BRDA:475,24,0,0
BRDA:493,25,0,0
BRDA:516,26,0,0
BRDA:544,27,0,0
BRDA:556,28,0,0
BRDA:569,29,0,0
BRDA:581,30,0,0
BRDA:591,31,0,0
BRDA:591,31,1,0
BRDA:592,32,0,0
BRDA:592,32,1,0
BRDA:602,33,0,0
BRDA:612,34,0,0
BRDA:623,35,0,0
BRDA:632,36,0,0
BRDA:641,37,0,0
BRDA:651,38,0,0
BRDA:716,39,0,0
BRDA:728,40,0,0
BRF:43
BRH:0
end_of_record
TN:
SF:src/graphql/multimodalSchema.ts
FNF:0
FNH:0
DA:7,0
DA:9,0
DA:540,0
LF:3
LH:0
BRF:0
BRH:0
end_of_record
TN:
SF:src/graphql/ordered-pubsub.ts
FN:24,(anonymous_0)
FN:36,(anonymous_1)
FN:63,(anonymous_2)
FN:68,(anonymous_3)
FN:69,(anonymous_4)
FN:73,(anonymous_5)
FN:79,(anonymous_6)
FN:82,(anonymous_7)
FN:85,(anonymous_8)
FNF:9
FNH:0
FNDA:0,(anonymous_0)
FNDA:0,(anonymous_1)
FNDA:0,(anonymous_2)
FNDA:0,(anonymous_3)
FNDA:0,(anonymous_4)
FNDA:0,(anonymous_5)
FNDA:0,(anonymous_6)
FNDA:0,(anonymous_7)
FNDA:0,(anonymous_8)
DA:10,0
DA:25,0
DA:26,0
DA:27,0
DA:28,0
DA:37,0
DA:38,0
DA:39,0
DA:42,0
DA:48,0
DA:49,0
DA:50,0
DA:51,0
DA:53,0
DA:54,0
DA:56,0
DA:64,0
DA:65,0
DA:67,0
DA:68,0
DA:69,0
DA:70,0
DA:72,0
DA:74,0
DA:75,0
DA:77,0
DA:80,0
DA:83,0
DA:86,0
LF:29
LH:0
BRDA:24,0,0,0
BRDA:37,1,0,0
BRDA:37,2,0,0
BRDA:37,2,1,0
BRDA:37,2,2,0
BRDA:48,3,0,0
BRDA:48,3,1,0
BRDA:49,4,0,0
BRDA:64,5,0,0
BRDA:64,5,1,0
BRDA:68,6,0,0
BRDA:68,6,1,0
BRDA:74,7,0,0
BRDA:80,8,0,0
BRDA:80,8,1,0
BRDA:83,9,0,0
BRDA:83,9,1,0
BRF:17
BRH:0
end_of_record
TN:
SF:src/graphql/resolvers-combined.ts
FN:61,(anonymous_0)
FN:65,(anonymous_1)
FN:67,(anonymous_2)
FN:77,(anonymous_3)
FN:85,(anonymous_4)
FN:89,(anonymous_5)
FN:103,(anonymous_6)
FN:113,(anonymous_7)
FN:117,(anonymous_8)
FN:122,(anonymous_9)
FNF:10
FNH:0
FNDA:0,(anonymous_0)
FNDA:0,(anonymous_1)
FNDA:0,(anonymous_2)
FNDA:0,(anonymous_3)
FNDA:0,(anonymous_4)
FNDA:0,(anonymous_5)
FNDA:0,(anonymous_6)
FNDA:0,(anonymous_7)
FNDA:0,(anonymous_8)
FNDA:0,(anonymous_9)
DA:3,0
DA:4,0
DA:5,0
DA:6,0
DA:45,0
DA:46,0
DA:53,0
DA:54,0
DA:56,0
DA:62,0
DA:63,0
DA:66,0
DA:67,0
DA:78,0
DA:79,0
DA:80,0
DA:82,0
DA:86,0
DA:90,0
DA:91,0
DA:93,0
DA:99,0
DA:100,0
DA:104,0
DA:113,0
DA:117,0
DA:122,0
LF:27
LH:0
BRDA:58,0,0,0
BRDA:58,0,1,0
BRDA:59,1,0,0
BRDA:59,1,1,0
BRDA:60,2,0,0
BRDA:60,2,1,0
BRDA:62,3,0,0
BRDA:66,4,0,0
BRDA:66,4,1,0
BRDA:73,5,0,0
BRDA:73,5,1,0
BRDA:74,6,0,0
BRDA:74,6,1,0
BRDA:75,7,0,0
BRDA:75,7,1,0
BRDA:76,8,0,0
BRDA:76,8,1,0
BRDA:90,9,0,0
BRDA:90,10,0,0
BRDA:90,10,1,0
BRDA:96,11,0,0
BRDA:96,11,1,0
BRDA:109,12,0,0
BRDA:109,12,1,0
BRDA:110,13,0,0
BRDA:110,13,1,0
BRDA:111,14,0,0
BRDA:111,14,1,0
BRDA:126,15,0,0
BRDA:126,15,1,0
BRDA:129,16,0,0
BRDA:129,16,1,0
BRDA:132,17,0,0
BRDA:132,17,1,0
BRF:34
BRH:0
end_of_record
TN:
SF:src/graphql/resolvers.ts
FN:7,(anonymous_0)
FN:14,(anonymous_1)
FN:16,(anonymous_2)
FN:21,(anonymous_3)
FN:23,(anonymous_4)
FN:29,(anonymous_5)
FN:31,(anonymous_6)
FN:36,(anonymous_7)
FN:43,(anonymous_8)
FN:49,(anonymous_9)
FN:53,(anonymous_10)
FN:61,(anonymous_11)
FN:70,(anonymous_12)
FN:79,(anonymous_13)
FN:92,(anonymous_14)
FN:110,(anonymous_15)
FN:119,(anonymous_16)
FNF:17
FNH:0
FNDA:0,(anonymous_0)
FNDA:0,(anonymous_1)
FNDA:0,(anonymous_2)
FNDA:0,(anonymous_3)
FNDA:0,(anonymous_4)
FNDA:0,(anonymous_5)
FNDA:0,(anonymous_6)
FNDA:0,(anonymous_7)
FNDA:0,(anonymous_8)
FNDA:0,(anonymous_9)
FNDA:0,(anonymous_10)
FNDA:0,(anonymous_11)
FNDA:0,(anonymous_12)
FNDA:0,(anonymous_13)
FNDA:0,(anonymous_14)
FNDA:0,(anonymous_15)
FNDA:0,(anonymous_16)
DA:3,0
DA:5,0
DA:8,0
DA:14,0
DA:17,0
DA:21,0
DA:24,0
DA:29,0
DA:32,0
DA:33,0
DA:34,0
DA:37,0
DA:41,0
DA:44,0
DA:49,0
DA:54,0
DA:55,0
DA:59,0
DA:62,0
DA:63,0
DA:68,0
DA:71,0
DA:72,0
DA:77,0
DA:80,0
DA:81,0
DA:82,0
DA:84,0
DA:90,0
DA:94,0
DA:96,0
DA:108,0
DA:111,0
DA:112,0
DA:117,0
DA:120,0
DA:121,0
DA:122,0
DA:129,0
LF:39
LH:0
BRDA:7,0,0,0
BRDA:7,1,0,0
BRDA:32,2,0,0
BRDA:34,3,0,0
BRDA:34,3,1,0
BRDA:54,4,0,0
BRDA:62,5,0,0
BRDA:71,6,0,0
BRDA:80,7,0,0
BRDA:82,8,0,0
BRDA:94,9,0,0
BRDA:111,10,0,0
BRDA:120,11,0,0
BRF:13
BRH:0
end_of_record
TN:
SF:src/graphql/schema-combined.ts
FNF:0
FNH:0
DA:2,0
DA:3,0
DA:4,0
DA:5,0
DA:6,0
DA:8,0
DA:16,0
LF:7
LH:0
BRF:0
BRH:0
end_of_record
TN:
SF:src/graphql/schema-unified.ts
FNF:0
FNH:0
DA:5,0
DA:29,0
LF:2
LH:0
BRF:0
BRH:0
end_of_record
TN:
SF:src/graphql/schema.ts
FNF:0
FNH:0
DA:4,0
DA:6,0
LF:2
LH:0
BRF:0
BRH:0
end_of_record
TN:
SF:src/graphql/subscriptions.ts
FN:15,(anonymous_0)
FN:21,(anonymous_1)
FN:25,(anonymous_2)
FN:32,(anonymous_3)
FN:36,(anonymous_4)
FN:43,(anonymous_5)
FN:47,(anonymous_6)
FN:54,(anonymous_7)
FN:60,(anonymous_8)
FN:67,(anonymous_9)
FN:73,(anonymous_10)
FN:80,(anonymous_11)
FN:86,(anonymous_12)
FN:94,(anonymous_13)
FN:95,(anonymous_14)
FNF:15
FNH:0
FNDA:0,(anonymous_0)
FNDA:0,(anonymous_1)
FNDA:0,(anonymous_2)
FNDA:0,(anonymous_3)
FNDA:0,(anonymous_4)
FNDA:0,(anonymous_5)
FNDA:0,(anonymous_6)
FNDA:0,(anonymous_7)
FNDA:0,(anonymous_8)
FNDA:0,(anonymous_9)
FNDA:0,(anonymous_10)
FNDA:0,(anonymous_11)
FNDA:0,(anonymous_12)
FNDA:0,(anonymous_13)
FNDA:0,(anonymous_14)
DA:5,0
DA:6,0
DA:8,0
DA:9,0
DA:10,0
DA:11,0
DA:12,0
DA:13,0
DA:15,0
DA:16,0
DA:18,0
DA:22,0
DA:23,0
DA:26,0
DA:27,0
DA:28,0
DA:33,0
DA:34,0
DA:37,0
DA:38,0
DA:39,0
DA:44,0
DA:45,0
DA:48,0
DA:49,0
DA:50,0
DA:55,0
DA:56,0
DA:61,0
DA:62,0
DA:63,0
DA:68,0
DA:69,0
DA:74,0
DA:75,0
DA:76,0
DA:81,0
DA:82,0
DA:87,0
DA:88,0
DA:89,0
DA:94,0
DA:96,0
DA:97,0
DA:101,0
LF:45
LH:0
BRF:0
BRH:0
end_of_record
TN:
SF:src/graphql/wargame-schema.ts
FNF:0
FNH:0
DA:3,0
LF:1
LH:0
BRF:0
BRH:0
end_of_record
TN:
SF:src/graphql/middleware/otelPlugin.ts
FN:3,otelApolloPlugin
FN:5,(anonymous_1)
FN:8,(anonymous_2)
FN:10,(anonymous_3)
FN:13,(anonymous_4)
FNF:5
FNH:0
FNDA:0,otelApolloPlugin
FNDA:0,(anonymous_1)
FNDA:0,(anonymous_2)
FNDA:0,(anonymous_3)
FNDA:0,(anonymous_4)
DA:4,0
DA:6,0
DA:7,0
DA:9,0
DA:11,0
DA:12,0
DA:13,0
DA:14,0
DA:15,0
DA:16,0
DA:18,0
DA:19,0
DA:20,0
LF:13
LH:0
BRDA:14,0,0,0
BRF:1
BRH:0
end_of_record
TN:
SF:src/graphql/plugins/auditLogger.ts
FN:13,(anonymous_0)
FN:17,(anonymous_1)
FN:20,(anonymous_2)
FN:28,(anonymous_3)
FN:31,(anonymous_4)
FNF:5
FNH:0
FNDA:0,(anonymous_0)
FNDA:0,(anonymous_1)
FNDA:0,(anonymous_2)
FNDA:0,(anonymous_3)
FNDA:0,(anonymous_4)
DA:9,0
DA:10,0
DA:11,0
DA:13,0
DA:14,0
DA:15,0
DA:16,0
DA:17,0
DA:19,0
DA:20,0
DA:24,0
DA:27,0
DA:29,0
DA:30,0
DA:32,0
DA:33,0
DA:34,0
DA:38,0
DA:40,0
DA:42,0
DA:44,0
DA:49,0
DA:50,0
DA:56,0
DA:60,0
DA:61,0
DA:62,0
DA:63,0
DA:64,0
DA:72,0
DA:80,0
DA:81,0
DA:82,0
DA:86,0
DA:89,0
LF:35
LH:0
BRDA:10,0,0,0
BRDA:10,0,1,0
BRDA:14,1,0,0
BRDA:14,2,0,0
BRDA:14,2,1,0
BRDA:15,3,0,0
BRDA:16,4,0,0
BRDA:33,5,0,0
BRDA:33,6,0,0
BRDA:33,6,1,0
BRDA:38,7,0,0
BRDA:38,7,1,0
BRDA:40,8,0,0
BRDA:40,8,1,0
BRDA:44,9,0,0
BRDA:44,9,1,0
BRDA:45,10,0,0
BRDA:45,10,1,0
BRDA:50,11,0,0
BRDA:51,12,0,0
BRDA:51,12,1,0
BRDA:51,12,2,0
BRDA:51,12,3,0
BRDA:63,13,0,0
BRDA:65,14,0,0
BRDA:65,14,1,0
BRDA:66,15,0,0
BRDA:66,15,1,0
BRDA:74,16,0,0
BRDA:74,16,1,0
BRDA:81,17,0,0
BRDA:81,17,1,0
BRF:32
BRH:0
end_of_record
TN:
SF:src/graphql/plugins/persistedQueries.ts
FN:31,(anonymous_0)
FN:33,(anonymous_1)
FNF:2
FNH:0
FNDA:0,(anonymous_0)
FNDA:0,(anonymous_1)
DA:5,0
DA:8,0
DA:15,0
DA:16,0
DA:17,0
DA:18,0
DA:19,0
DA:20,0
DA:21,0
DA:22,0
DA:23,0
DA:30,0
DA:32,0
DA:35,0
DA:36,0
DA:39,0
DA:41,0
DA:42,0
LF:18
LH:0
BRDA:20,0,0,0
BRDA:35,1,0,0
BRDA:35,2,0,0
BRDA:35,2,1,0
BRDA:41,3,0,0
BRDA:41,4,0,0
BRDA:41,4,1,0
BRF:7
BRH:0
end_of_record
TN:
SF:src/graphql/plugins/resolverMetrics.ts
FN:9,(anonymous_0)
FN:11,(anonymous_1)
FN:13,(anonymous_2)
FN:21,(anonymous_3)
FNF:4
FNH:0
FNDA:0,(anonymous_0)
FNDA:0,(anonymous_1)
FNDA:0,(anonymous_2)
FNDA:0,(anonymous_3)
DA:8,0
DA:10,0
DA:12,0
DA:14,0
DA:15,0
DA:20,0
DA:21,0
DA:22,0
DA:23,0
DA:27,0
DA:28,0
DA:29,0
LF:12
LH:0
BRDA:24,0,0,0
BRDA:24,0,1,0
BRDA:27,1,0,0
BRDA:28,2,0,0
BRDA:28,2,1,0
BRF:5
BRH:0
end_of_record
TN:
SF:src/graphql/resolvers/aiAnalysis.ts
FN:10,(anonymous_0)
FN:30,(anonymous_1)
FN:40,(anonymous_2)
FN:51,(anonymous_3)
FN:64,(anonymous_4)
FN:79,(anonymous_5)
FN:97,(anonymous_6)
FN:108,(anonymous_7)
FN:127,(anonymous_8)
FN:182,(anonymous_9)
FN:220,(anonymous_10)
FN:228,(anonymous_11)
FN:240,(anonymous_12)
FN:260,(anonymous_13)
FN:272,(anonymous_14)
FN:298,(anonymous_15)
FNF:16
FNH:0
FNDA:0,(anonymous_0)
FNDA:0,(anonymous_1)
FNDA:0,(anonymous_2)
FNDA:0,(anonymous_3)
FNDA:0,(anonymous_4)
FNDA:0,(anonymous_5)
FNDA:0,(anonymous_6)
FNDA:0,(anonymous_7)
FNDA:0,(anonymous_8)
FNDA:0,(anonymous_9)
FNDA:0,(anonymous_10)
FNDA:0,(anonymous_11)
FNDA:0,(anonymous_12)
FNDA:0,(anonymous_13)
FNDA:0,(anonymous_14)
FNDA:0,(anonymous_15)
DA:5,0
DA:7,0
DA:19,0
DA:21,0
DA:23,0
DA:29,0
DA:30,0
DA:40,0
DA:58,0
DA:60,0
DA:62,0
DA:64,0
DA:88,0
DA:90,0
DA:92,0
DA:94,0
DA:97,0
DA:109,0
DA:111,0
DA:113,0
DA:115,0
DA:128,0
DA:131,0
DA:168,0
DA:193,0
DA:195,0
DA:198,0
DA:220,0
DA:222,0
DA:235,0
DA:237,0
DA:240,0
DA:251,0
DA:267,0
DA:269,0
DA:272,0
DA:295,0
DA:299,0
LF:38
LH:0
BRDA:12,0,0,0
BRDA:13,1,0,0
BRDA:82,2,0,0
BRDA:169,3,0,0
BRDA:169,3,1,0
BRDA:185,4,0,0
BRDA:186,5,0,0
BRDA:200,6,0,0
BRDA:200,6,1,0
BRDA:201,7,0,0
BRDA:201,7,1,0
BRDA:207,8,0,0
BRDA:207,8,1,0
BRDA:215,9,0,0
BRDA:215,9,1,0
BRDA:262,10,0,0
BRDA:275,11,0,0
BRDA:275,11,1,0
BRDA:280,12,0,0
BRDA:280,12,1,0
BRDA:285,13,0,0
BRDA:285,13,1,0
BRF:22
BRH:0
end_of_record
TN:
SF:src/graphql/resolvers/core.ts
FN:52,(anonymous_0)
FN:53,(anonymous_1)
FN:54,(anonymous_2)
FN:65,(anonymous_3)
FN:66,(anonymous_4)
FN:67,(anonymous_5)
FN:81,(anonymous_6)
FN:89,(anonymous_7)
FN:105,(anonymous_8)
FN:113,(anonymous_9)
FN:130,(anonymous_10)
FN:138,(anonymous_11)
FN:153,(anonymous_12)
FN:201,(anonymous_13)
FN:202,(anonymous_14)
FN:205,(anonymous_15)
FN:220,(anonymous_16)
FN:221,(anonymous_17)
FN:224,(anonymous_18)
FN:235,(anonymous_19)
FN:261,(anonymous_20)
FN:276,(anonymous_21)
FN:288,(anonymous_22)
FN:293,(anonymous_23)
FN:309,(anonymous_24)
FN:321,(anonymous_25)
FN:337,(anonymous_26)
FN:342,(anonymous_27)
FN:346,(anonymous_28)
FN:364,(anonymous_29)
FN:378,(anonymous_30)
FN:387,(anonymous_31)
FN:396,(anonymous_32)
FN:400,(anonymous_33)
FN:406,(anonymous_34)
FN:410,(anonymous_35)
FN:420,(anonymous_36)
FNF:37
FNH:0
FNDA:0,(anonymous_0)
FNDA:0,(anonymous_1)
FNDA:0,(anonymous_2)
FNDA:0,(anonymous_3)
FNDA:0,(anonymous_4)
FNDA:0,(anonymous_5)
FNDA:0,(anonymous_6)
FNDA:0,(anonymous_7)
FNDA:0,(anonymous_8)
FNDA:0,(anonymous_9)
FNDA:0,(anonymous_10)
FNDA:0,(anonymous_11)
FNDA:0,(anonymous_12)
FNDA:0,(anonymous_13)
FNDA:0,(anonymous_14)
FNDA:0,(anonymous_15)
FNDA:0,(anonymous_16)
FNDA:0,(anonymous_17)
FNDA:0,(anonymous_18)
FNDA:0,(anonymous_19)
FNDA:0,(anonymous_20)
FNDA:0,(anonymous_21)
FNDA:0,(anonymous_22)
FNDA:0,(anonymous_23)
FNDA:0,(anonymous_24)
FNDA:0,(anonymous_25)
FNDA:0,(anonymous_26)
FNDA:0,(anonymous_27)
FNDA:0,(anonymous_28)
FNDA:0,(anonymous_29)
FNDA:0,(anonymous_30)
FNDA:0,(anonymous_31)
FNDA:0,(anonymous_32)
FNDA:0,(anonymous_33)
FNDA:0,(anonymous_34)
FNDA:0,(anonymous_35)
FNDA:0,(anonymous_36)
DA:15,0
DA:18,0
DA:26,0
DA:32,0
DA:42,0
DA:43,0
DA:44,0
DA:45,0
DA:46,0
DA:49,0
DA:52,0
DA:53,0
DA:55,0
DA:56,0
DA:58,0
DA:62,0
DA:65,0
DA:66,0
DA:68,0
DA:69,0
DA:71,0
DA:75,0
DA:82,0
DA:83,0
DA:84,0
DA:86,0
DA:90,0
DA:91,0
DA:92,0
DA:95,0
DA:106,0
DA:107,0
DA:108,0
DA:110,0
DA:114,0
DA:115,0
DA:116,0
DA:119,0
DA:131,0
DA:132,0
DA:133,0
DA:135,0
DA:139,0
DA:140,0
DA:141,0
DA:144,0
DA:154,0
DA:155,0
DA:157,0
DA:158,0
DA:161,0
DA:162,0
DA:164,0
DA:175,0
DA:184,0
DA:186,0
DA:192,0
DA:193,0
DA:194,0
DA:195,0
DA:197,0
DA:201,0
DA:202,0
DA:205,0
DA:212,0
DA:213,0
DA:214,0
DA:216,0
DA:220,0
DA:221,0
DA:224,0
DA:230,0
DA:236,0
DA:237,0
DA:238,0
DA:242,0
DA:243,0
DA:252,0
DA:253,0
DA:254,0
DA:257,0
DA:258,0
DA:260,0
DA:261,0
DA:277,0
DA:278,0
DA:281,0
DA:282,0
DA:285,0
DA:289,0
DA:290,0
DA:294,0
DA:295,0
DA:296,0
DA:300,0
DA:301,0
DA:302,0
DA:305,0
DA:310,0
DA:311,0
DA:314,0
DA:315,0
DA:318,0
DA:322,0
DA:323,0
DA:324,0
DA:328,0
DA:329,0
DA:330,0
DA:333,0
DA:338,0
DA:339,0
DA:343,0
DA:347,0
DA:348,0
DA:349,0
DA:353,0
DA:354,0
DA:355,0
DA:358,0
DA:365,0
DA:371,0
DA:379,0
DA:380,0
DA:388,0
DA:389,0
DA:391,0
DA:397,0
DA:401,0
DA:407,0
DA:411,0
DA:421,0
LF:132
LH:0
BRDA:52,0,0,0
BRDA:52,0,1,0
BRDA:55,1,0,0
BRDA:68,2,0,0
BRDA:82,3,0,0
BRDA:82,3,1,0
BRDA:83,4,0,0
BRDA:90,5,0,0
BRDA:90,5,1,0
BRDA:91,6,0,0
BRDA:106,7,0,0
BRDA:106,7,1,0
BRDA:107,8,0,0
BRDA:114,9,0,0
BRDA:114,9,1,0
BRDA:115,10,0,0
BRDA:131,11,0,0
BRDA:131,11,1,0
BRDA:132,12,0,0
BRDA:139,13,0,0
BRDA:139,13,1,0
BRDA:140,14,0,0
BRDA:154,15,0,0
BRDA:154,16,0,0
BRDA:155,17,0,0
BRDA:155,17,1,0
BRDA:157,18,0,0
BRDA:179,19,0,0
BRDA:179,19,1,0
BRDA:180,20,0,0
BRDA:180,20,1,0
BRDA:184,21,0,0
BRDA:194,22,0,0
BRDA:194,22,1,0
BRDA:195,23,0,0
BRDA:195,23,1,0
BRDA:213,24,0,0
BRDA:213,24,1,0
BRDA:214,25,0,0
BRDA:214,25,1,0
BRDA:236,26,0,0
[...]
FN:165,(anonymous_3)
FN:213,(anonymous_4)
FN:219,(anonymous_5)
FN:278,(anonymous_6)
FN:319,(anonymous_7)
FN:346,(anonymous_8)
FN:348,(anonymous_9)
FN:359,(anonymous_10)
FN:361,(anonymous_11)
FN:372,(anonymous_12)
FNF:13
FNH:0
FNDA:0,(anonymous_0)
FNDA:0,(anonymous_1)
FNDA:0,(anonymous_2)
FNDA:0,(anonymous_3)
FNDA:0,(anonymous_4)
FNDA:0,(anonymous_5)
FNDA:0,(anonymous_6)
FNDA:0,(anonymous_7)
FNDA:0,(anonymous_8)
FNDA:0,(anonymous_9)
FNDA:0,(anonymous_10)
FNDA:0,(anonymous_11)
FNDA:0,(anonymous_12)
DA:3,0
DA:32,0
DA:69,0
DA:100,0
DA:101,0
DA:102,0
DA:105,0
DA:106,0
DA:108,0
DA:109,0
DA:110,0
DA:112,0
DA:113,0
DA:126,0
DA:127,0
DA:129,0
DA:130,0
DA:131,0
DA:133,0
DA:134,0
DA:146,0
DA:147,0
DA:149,0
DA:151,0
DA:152,0
DA:153,0
DA:157,0
DA:158,0
DA:172,0
DA:175,0
DA:176,0
DA:177,0
DA:178,0
DA:180,0
DA:181,0
DA:182,0
DA:194,0
DA:196,0
DA:197,0
DA:198,0
DA:199,0
DA:201,0
DA:202,0
DA:213,0
DA:224,0
DA:225,0
DA:226,0
DA:229,0
DA:231,0
DA:232,0
DA:233,0
DA:239,0
DA:240,0
DA:241,0
DA:247,0
DA:250,0
DA:251,0
DA:252,0
DA:258,0
DA:261,0
DA:262,0
DA:263,0
DA:269,0
DA:272,0
DA:284,0
DA:285,0
DA:287,0
DA:288,0
DA:289,0
DA:290,0
DA:292,0
DA:293,0
DA:294,0
DA:295,0
DA:296,0
DA:297,0
DA:298,0
DA:302,0
DA:303,0
DA:305,0
DA:306,0
DA:307,0
DA:308,0
DA:309,0
DA:310,0
DA:313,0
DA:320,0
DA:323,0
DA:324,0
DA:325,0
DA:328,0
DA:330,0
DA:331,0
DA:333,0
DA:334,0
DA:336,0
DA:337,0
DA:340,0
DA:347,0
DA:348,0
DA:349,0
DA:350,0
DA:351,0
DA:352,0
DA:360,0
DA:361,0
DA:362,0
DA:363,0
DA:364,0
DA:365,0
DA:373,0
DA:375,0
DA:376,0
DA:378,0
DA:383,0
DA:384,0
DA:385,0
DA:387,0
DA:388,0
DA:389,0
DA:391,0
DA:392,0
DA:397,0
DA:398,0
DA:399,0
DA:400,0
DA:401,0
DA:402,0
DA:407,0
DA:412,0
LF:130
LH:0
BRDA:99,0,0,0
BRDA:109,1,0,0
BRDA:109,1,1,0
BRDA:112,2,0,0
BRDA:112,3,0,0
BRDA:112,3,1,0
BRDA:126,4,0,0
BRDA:133,5,0,0
BRDA:133,6,0,0
BRDA:133,6,1,0
BRDA:181,7,0,0
BRDA:201,8,0,0
BRDA:201,9,0,0
BRDA:201,9,1,0
BRDA:201,9,2,0
BRDA:201,9,3,0
BRDA:229,10,0,0
BRDA:229,10,1,0
BRDA:229,10,2,0
BRDA:231,11,0,0
BRDA:239,12,0,0
BRDA:250,13,0,0
BRDA:261,14,0,0
BRDA:293,15,0,0
BRDA:293,15,1,0
BRDA:296,16,0,0
BRDA:305,17,0,0
BRDA:305,17,1,0
BRDA:308,18,0,0
BRDA:323,19,0,0
BRDA:324,20,0,0
BRDA:325,21,0,0
BRDA:328,22,0,0
BRDA:328,22,1,0
BRDA:328,22,2,0
BRDA:330,23,0,0
BRDA:330,23,1,0
BRDA:333,24,0,0
BRDA:333,24,1,0
BRDA:350,25,0,0
BRDA:363,26,0,0
BRDA:376,27,0,0
BRDA:376,28,0,0
BRDA:376,28,1,0
BRDA:388,29,0,0
BRDA:391,30,0,0
BRDA:399,31,0,0
BRF:47
BRH:0
end_of_record
TN:
SF:src/services/coalescer.ts
FN:5,enqueue
FN:10,flush
FN:12,(anonymous_2)
FN:12,(anonymous_3)
FN:13,(anonymous_4)
FN:13,(anonymous_5)
FN:22,writeAudits
FN:28,(anonymous_7)
FN:43,writeCites
FN:49,(anonymous_9)
FN:50,(anonymous_10)
FN:57,(anonymous_11)
FN:66,(anonymous_12)
FNF:13
FNH:0
FNDA:0,enqueue
FNDA:0,flush
FNDA:0,(anonymous_2)
FNDA:0,(anonymous_3)
FNDA:0,(anonymous_4)
FNDA:0,(anonymous_5)
FNDA:0,writeAudits
FNDA:0,(anonymous_7)
FNDA:0,writeCites
FNDA:0,(anonymous_9)
FNDA:0,(anonymous_10)
FNDA:0,(anonymous_11)
FNDA:0,(anonymous_12)
DA:2,0
DA:3,0
DA:6,0
DA:7,0
DA:8,0
DA:11,0
DA:12,0
DA:13,0
DA:15,0
DA:16,0
DA:23,0
DA:28,0
DA:29,0
DA:30,0
DA:31,0
DA:44,0
DA:47,0
DA:49,0
DA:50,0
DA:52,0
DA:53,0
DA:57,0
DA:60,0
DA:61,0
DA:66,0
LF:25
LH:0
BRDA:5,0,0,0
BRDA:5,1,0,0
BRDA:7,2,0,0
BRDA:8,3,0,0
BRDA:11,4,0,0
BRDA:11,4,1,0
BRDA:15,5,0,0
BRDA:16,6,0,0
BRDA:29,7,0,0
BRDA:47,8,0,0
BRDA:52,9,0,0
BRDA:60,10,0,0
BRF:12
BRH:0
end_of_record
TN:
SF:src/services/guard.ts
FN:5,isSuspicious
FN:7,(anonymous_1)
FNF:2
FNH:0
FNDA:0,isSuspicious
FNDA:0,(anonymous_1)
DA:1,0
DA:6,0
DA:7,0
LF:3
LH:0
BRF:0
BRH:0
end_of_record
TN:
SF:src/services/llm.ts
FN:12,(anonymous_0)
FN:16,(anonymous_1)
FN:26,generatorToReadable
FN:28,(anonymous_3)
FN:31,(anonymous_4)
FNF:5
FNH:0
FNDA:0,(anonymous_0)
FNDA:0,(anonymous_1)
FNDA:0,generatorToReadable
FNDA:0,(anonymous_3)
FNDA:0,(anonymous_4)
DA:13,0
DA:14,0
DA:15,0
DA:16,0
DA:17,0
DA:22,0
DA:27,0
DA:31,0
DA:32,0
DA:33,0
DA:34,0
DA:36,0
DA:39,0
LF:13
LH:0
BRDA:14,0,0,0
BRDA:14,0,1,0
BRDA:15,1,0,0
BRF:3
BRH:0
end_of_record
TN:
SF:src/services/llmBreaker.ts
FN:2,wrapStream
FN:5,(anonymous_1)
FNF:2
FNH:0
FNDA:0,wrapStream
FNDA:0,(anonymous_1)
DA:5,0
DA:6,0
DA:8,0
LF:3
LH:0
BRF:0
BRH:0
end_of_record
TN:
SF:src/services/neighborhood-cache.ts
FN:18,(anonymous_0)
FN:26,(anonymous_1)
FN:28,(anonymous_2)
FN:29,(anonymous_3)
FN:63,(anonymous_4)
FN:71,(anonymous_5)
FN:80,(anonymous_6)
FN:88,(anonymous_7)
FN:108,(anonymous_8)
FN:117,(anonymous_9)
FN:123,(anonymous_10)
FNF:11
FNH:0
FNDA:0,(anonymous_0)
FNDA:0,(anonymous_1)
FNDA:0,(anonymous_2)
FNDA:0,(anonymous_3)
FNDA:0,(anonymous_4)
FNDA:0,(anonymous_5)
FNDA:0,(anonymous_6)
FNDA:0,(anonymous_7)
FNDA:0,(anonymous_8)
FNDA:0,(anonymous_9)
FNDA:0,(anonymous_10)
DA:15,0
DA:16,0
DA:19,0
DA:22,0
DA:23,0
DA:27,0
DA:29,0
DA:30,0
DA:31,0
DA:32,0
DA:33,0
DA:36,0
DA:37,0
DA:38,0
DA:39,0
DA:40,0
DA:47,0
DA:48,0
DA:49,0
DA:53,0
DA:57,0
DA:59,0
DA:64,0
DA:77,0
DA:85,0
DA:94,0
DA:95,0
DA:96,0
DA:97,0
DA:98,0
DA:99,0
DA:100,0
DA:101,0
DA:102,0
DA:104,0
DA:105,0
DA:115,0
DA:116,0
DA:117,0
DA:118,0
DA:119,0
DA:128,0
DA:129,0
DA:130,0
DA:131,0
DA:132,0
DA:134,0
LF:47
LH:0
BRDA:20,0,0,0
BRDA:39,1,0,0
BRDA:39,2,0,0
BRDA:39,2,1,0
BRDA:99,3,0,0
BRDA:131,4,0,0
BRF:6
BRH:0
end_of_record
TN:
SF:src/services/policy.ts
FN:2,(anonymous_0)
FNF:1
FNH:0
FNDA:0,(anonymous_0)
DA:1,0
DA:3,0
DA:6,0
DA:16,0
DA:19,0
DA:20,0
DA:21,0
DA:22,0
DA:27,0
DA:28,0
DA:29,0
DA:30,0
DA:31,0
DA:32,0
DA:34,0
DA:35,0
DA:42,0
DA:43,0
DA:44,0
DA:45,0
LF:20
LH:0
BRDA:3,0,0,0
BRDA:16,1,0,0
BRDA:16,1,1,0
BRDA:19,2,0,0
BRDA:20,3,0,0
BRDA:20,3,1,0
BRDA:21,4,0,0
BRDA:28,5,0,0
BRDA:30,6,0,0
BRDA:34,7,0,0
BRDA:35,8,0,0
BRDA:35,8,1,0
BRDA:42,9,0,0
BRDA:44,10,0,0
BRDA:44,11,0,0
BRDA:44,11,1,0
BRF:16
BRH:0
end_of_record
TN:
SF:src/services/rag.ts
FN:5,getGraphContextCacheKey
FN:11,fetchGraphContext
FN:33,fetchTextPassages
FN:39,buildRagPrompt
FN:42,(anonymous_4)
FN:43,(anonymous_5)
FNF:6
FNH:0
FNDA:0,getGraphContextCacheKey
FNDA:0,fetchGraphContext
FNDA:0,fetchTextPassages
FNDA:0,buildRagPrompt
FNDA:0,(anonymous_4)
FNDA:0,(anonymous_5)
DA:3,0
DA:6,0
DA:7,0
DA:12,0
DA:14,0
DA:15,0
DA:16,0
DA:17,0
DA:20,0
DA:28,0
DA:29,0
DA:35,0
DA:42,0
DA:43,0
DA:44,0
LF:15
LH:0
BRDA:11,0,0,0
BRDA:12,1,0,0
BRDA:12,2,0,0
BRDA:12,2,1,0
BRDA:16,3,0,0
BRDA:33,4,0,0
BRDA:42,5,0,0
BRDA:42,5,1,0
BRDA:42,6,0,0
BRDA:42,6,1,0
BRDA:47,7,0,0
BRDA:47,7,1,0
BRDA:48,8,0,0
BRDA:48,8,1,0
BRF:14
BRH:0
end_of_record
TN:
SF:src/services/strategicIntelligenceServices.ts
FN:5,runThreatCorrelation
FN:15,runWargameOptimizer
FN:25,runSentimentVolatility
FN:35,runStegoAnalyzer
FNF:4
FNH:0
FNDA:0,runThreatCorrelation
FNDA:0,runWargameOptimizer
FNDA:0,runSentimentVolatility
FNDA:0,runStegoAnalyzer
DA:3,0
DA:6,0
DA:7,0
DA:8,0
DA:10,0
DA:11,0
DA:16,0
DA:17,0
DA:18,0
DA:20,0
DA:21,0
DA:26,0
DA:27,0
DA:28,0
DA:30,0
DA:31,0
DA:36,0
DA:37,0
DA:38,0
DA:40,0
DA:41,0
LF:21
LH:0
BRF:0
BRH:0
end_of_record
TN:
SF:src/telemetry/metrics.ts
FNF:0
FNH:0
DA:2,0
DA:3,0
DA:5,0
DA:11,0
DA:16,0
DA:21,0
LF:6
LH:0
BRF:0
BRH:0
end_of_record
TN:
SF:src/transparency/GossipAuditor.ts
FN:2,(anonymous_0)
FN:10,(anonymous_1)
FNF:2
FNH:0
FNDA:0,(anonymous_0)
FNDA:0,(anonymous_1)
DA:3,0
DA:7,0
DA:11,0
DA:12,0
DA:13,0
DA:14,0
DA:15,0
DA:16,0
DA:18,0
LF:9
LH:0
BRDA:14,0,0,0
BRF:1
BRH:0
end_of_record
TN:
SF:src/transparency/MerkleLog.ts
FN:5,(anonymous_0)
FN:8,(anonymous_1)
FN:11,(anonymous_2)
FNF:3
FNH:0
FNDA:0,(anonymous_0)
FNDA:0,(anonymous_1)
FNDA:0,(anonymous_2)
DA:4,0
DA:6,0
DA:9,0
DA:12,0
LF:4
LH:0
BRF:0
BRH:0
end_of_record
TN:
SF:src/utils/CircuitBreaker.ts
FN:5,(anonymous_0)
FN:32,(anonymous_1)
FN:52,(anonymous_2)
FN:56,(anonymous_3)
FN:65,(anonymous_4)
FN:69,(anonymous_5)
FN:74,(anonymous_6)
FN:82,(anonymous_7)
FN:100,(anonymous_8)
FN:107,(anonymous_9)
FN:114,(anonymous_10)
FN:122,(anonymous_11)
FNF:12
FNH:0
FNDA:0,(anonymous_0)
FNDA:0,(anonymous_1)
FNDA:0,(anonymous_2)
FNDA:0,(anonymous_3)
FNDA:0,(anonymous_4)
FNDA:0,(anonymous_5)
FNDA:0,(anonymous_6)
FNDA:0,(anonymous_7)
FNDA:0,(anonymous_8)
FNDA:0,(anonymous_9)
FNDA:0,(anonymous_10)
FNDA:0,(anonymous_11)
DA:3,0
DA:5,0
DA:6,0
DA:7,0
DA:8,0
DA:20,0
DA:21,0
DA:22,0
DA:23,0
DA:33,0
DA:42,0
DA:49,0
DA:53,0
DA:57,0
DA:66,0
DA:67,0
DA:69,0
DA:70,0
DA:71,0
DA:75,0
DA:77,0
DA:78,0
DA:83,0
DA:85,0
DA:86,0
DA:89,0
DA:91,0
DA:92,0
DA:93,0
DA:95,0
DA:101,0
DA:102,0
DA:103,0
DA:104,0
DA:108,0
DA:109,0
DA:110,0
DA:111,0
DA:115,0
DA:116,0
DA:117,0
DA:118,0
DA:119,0
DA:123,0
DA:124,0
DA:126,0
DA:127,0
DA:128,0
DA:131,0
DA:132,0
DA:133,0
DA:134,0
DA:135,0
DA:137,0
DA:138,0
DA:139,0
DA:140,0
DA:142,0
DA:143,0
DA:145,0
DA:147,0
DA:148,0
DA:150,0
DA:152,0
DA:153,0
DA:154,0
DA:155,0
DA:157,0
DA:158,0
LF:69
LH:0
BRDA:5,0,0,0
BRDA:5,0,1,0
BRDA:60,1,0,0
BRDA:60,1,1,0
BRDA:66,2,0,0
BRDA:77,3,0,0
BRDA:85,4,0,0
BRDA:85,4,1,0
BRDA:86,5,0,0
BRDA:86,6,0,0
BRDA:86,6,1,0
BRDA:86,6,2,0
BRDA:91,7,0,0
BRDA:91,7,1,0
BRDA:92,8,0,0
BRDA:95,9,0,0
BRDA:126,10,0,0
BRDA:137,11,0,0
BRDA:137,11,1,0
BRDA:139,12,0,0
BRDA:142,13,0,0
BRDA:150,14,0,0
BRDA:150,14,1,0
BRDA:153,15,0,0
BRF:24
BRH:0
end_of_record
TN:
SF:src/utils/audit.ts
FN:6,deepDiff
FN:24,signAuditPayload
FN:48,writeAudit
FNF:3
FNH:0
FNDA:0,deepDiff
FNDA:0,signAuditPayload
FNDA:0,writeAudit
DA:8,0
DA:9,0
DA:10,0
DA:11,0
DA:12,0
DA:13,0
DA:14,0
DA:15,0
DA:16,0
DA:17,0
DA:18,0
DA:21,0
DA:25,0
DA:26,0
DA:27,0
DA:28,0
DA:30,0
DA:61,0
DA:62,0
DA:63,0
DA:64,0
DA:65,0
DA:66,0
DA:67,0
DA:69,0
DA:70,0
DA:71,0
DA:73,0
DA:74,0
DA:75,0
DA:89,0
LF:31
LH:0
BRDA:6,0,0,0
BRDA:6,1,0,0
BRDA:9,2,0,0
BRDA:9,2,1,0
BRDA:9,3,0,0
BRDA:9,3,1,0
BRDA:13,4,0,0
BRDA:13,4,1,0
BRDA:13,4,2,0
BRDA:13,4,3,0
BRDA:14,5,0,0
BRDA:14,5,1,0
BRDA:16,6,0,0
BRDA:16,7,0,0
BRDA:16,7,1,0
BRDA:17,8,0,0
BRDA:53,9,0,0
BRDA:64,10,0,0
BRDA:64,11,0,0
BRDA:64,11,1,0
BRDA:65,12,0,0
BRDA:65,12,1,0
BRDA:66,13,0,0
BRDA:66,13,1,0
BRDA:67,14,0,0
BRDA:67,14,1,0
BRDA:67,15,0,0
BRDA:67,15,1,0
BRDA:69,16,0,0
BRDA:70,17,0,0
BRDA:71,18,0,0
BRDA:74,19,0,0
BRDA:77,20,0,0
BRDA:77,20,1,0
BRDA:79,21,0,0
BRDA:79,21,1,0
BRDA:80,22,0,0
BRDA:80,22,1,0
BRDA:81,23,0,0
BRDA:81,23,1,0
BRDA:82,24,0,0
BRDA:82,24,1,0
BRDA:93,25,0,0
BRDA:93,25,1,0
BRDA:95,26,0,0
BRDA:95,26,1,0
BRDA:96,27,0,0
BRDA:96,27,1,0
BRDA:98,28,0,0
BRDA:98,28,1,0
BRDA:99,29,0,0
BRDA:99,29,1,0
BRF:52
BRH:0
end_of_record
TN:
SF:src/utils/dataRedaction.ts
FN:21,(anonymous_0)
FN:60,redactData
FN:72,(anonymous_2)
FN:110,applyStrategy
FN:127,maskPartial
FN:150,hashValue
FNF:6
FNH:0
FNDA:0,(anonymous_0)
FNDA:0,redactData
FNDA:0,(anonymous_2)
FNDA:0,applyStrategy
FNDA:0,maskPartial
FNDA:0,hashValue
DA:4,0
DA:8,0
DA:21,0
DA:22,0
DA:23,0
DA:24,0
DA:25,0
DA:30,0
DA:61,0
DA:63,0
DA:64,0
DA:67,0
DA:69,0
DA:70,0
DA:72,0
DA:73,0
DA:75,0
DA:76,0
DA:77,0
DA:78,0
DA:80,0
DA:81,0
DA:82,0
DA:83,0
DA:84,0
DA:85,0
DA:86,0
DA:87,0
DA:88,0
DA:94,0
DA:95,0
DA:101,0
DA:103,0
DA:107,0
DA:111,0
DA:113,0
DA:115,0
DA:117,0
DA:119,0
DA:121,0
DA:123,0
DA:128,0
DA:130,0
DA:131,0
DA:132,0
DA:134,0
DA:136,0
DA:137,0
DA:139,0
DA:141,0
DA:142,0
DA:144,0
DA:146,0
DA:153,0
DA:154,0
LF:55
LH:0
BRDA:21,0,0,0
BRDA:21,0,1,0
BRDA:61,1,0,0
BRDA:63,2,0,0
BRDA:63,2,1,0
BRDA:64,3,0,0
BRDA:64,3,1,0
BRDA:73,4,0,0
BRDA:73,5,0,0
BRDA:73,5,1,0
BRDA:76,6,0,0
BRDA:82,7,0,0
BRDA:84,8,0,0
BRDA:94,9,0,0
BRDA:111,10,0,0
BRDA:111,11,0,0
BRDA:111,11,1,0
BRDA:113,12,0,0
BRDA:113,12,1,0
BRDA:113,12,2,0
BRDA:113,12,3,0
BRDA:113,12,4,0
BRDA:128,13,0,0
BRDA:128,13,1,0
BRDA:128,13,2,0
BRDA:128,13,3,0
BRDA:131,14,0,0
BRDA:136,15,0,0
BRDA:141,16,0,0
BRF:29
BRH:0
end_of_record
TN:
SF:src/utils/logger.ts
FNF:0
FNH:0
DA:3,0
DA:17,0
DA:18,0
LF:3
LH:0
BRDA:4,0,0,0
BRDA:4,0,1,0
BRDA:17,1,0,0
BRF:3
BRH:0
end_of_record
TN:
SF:src/utils/lruCache.ts
FN:5,(anonymous_0)
FN:10,(anonymous_1)
FN:21,(anonymous_2)
FN:31,(anonymous_3)
FN:35,(anonymous_4)
FNF:5
FNH:0
FNDA:0,(anonymous_0)
FNDA:0,(anonymous_1)
FNDA:0,(anonymous_2)
FNDA:0,(anonymous_3)
FNDA:0,(anonymous_4)
DA:6,0
DA:7,0
DA:11,0
DA:12,0
DA:14,0
DA:16,0
DA:17,0
DA:18,0
DA:22,0
DA:23,0
DA:24,0
DA:26,0
DA:28,0
DA:32,0
DA:36,0
LF:15
LH:0
BRDA:11,0,0,0
BRDA:22,1,0,0
BRDA:22,1,1,0
BRDA:24,2,0,0
BRF:4
BRH:0
end_of_record
TN:
SF:src/utils/sampleData.ts
FN:8,createSampleData
FN:22,createSampleEntities
FN:99,createSampleRelationships
FN:106,(anonymous_3)
FN:153,createSampleUsers
FN:186,createSampleInvestigations
FNF:6
FNH:0
FNDA:0,createSampleData
FNDA:0,createSampleEntities
FNDA:0,createSampleRelationships
FNDA:0,(anonymous_3)
FNDA:0,createSampleUsers
FNDA:0,createSampleInvestigations
DA:6,0
DA:9,0
DA:11,0
DA:12,0
DA:13,0
DA:14,0
DA:15,0
DA:16,0
DA:18,0
DA:23,0
DA:24,0
DA:26,0
DA:27,0
DA:79,0
DA:80,0
DA:93,0
DA:95,0
DA:100,0
DA:101,0
DA:103,0
DA:105,0
DA:106,0
DA:108,0
DA:109,0
DA:132,0
DA:133,0
DA:146,0
DA:149,0
DA:154,0
DA:156,0
DA:157,0
DA:172,0
DA:173,0
DA:180,0
DA:182,0
DA:187,0
DA:189,0
DA:190,0
DA:205,0
DA:206,0
DA:213,0
DA:215,0
LF:42
LH:0
BRDA:108,0,0,0
BRF:1
BRH:0
end_of_record
TN:
SF:src/workers/OutboxNeo4jSync.ts
FN:26,(anonymous_0)
FN:48,(anonymous_1)
FN:57,(anonymous_2)
FN:58,(anonymous_3)
FN:67,(anonymous_4)
FN:85,(anonymous_5)
FN:120,(anonymous_6)
FN:193,(anonymous_7)
FN:211,(anonymous_8)
FN:237,(anonymous_9)
FN:242,(anonymous_10)
FN:257,(anonymous_11)
FN:275,(anonymous_12)
FN:310,(anonymous_13)
FN:315,(anonymous_14)
FN:330,(anonymous_15)
FN:354,(anonymous_16)
FNF:17
FNH:0
FNDA:0,(anonymous_0)
FNDA:0,(anonymous_1)
FNDA:0,(anonymous_2)
FNDA:0,(anonymous_3)
FNDA:0,(anonymous_4)
FNDA:0,(anonymous_5)
FNDA:0,(anonymous_6)
FNDA:0,(anonymous_7)
FNDA:0,(anonymous_8)
FNDA:0,(anonymous_9)
FNDA:0,(anonymous_10)
FNDA:0,(anonymous_11)
FNDA:0,(anonymous_12)
FNDA:0,(anonymous_13)
FNDA:0,(anonymous_14)
FNDA:0,(anonymous_15)
FNDA:0,(anonymous_16)
DA:11,0
DA:23,0
DA:27,0
DA:28,0
DA:29,0
DA:36,0
DA:49,0
DA:50,0
DA:51,0
DA:54,0
DA:55,0
DA:57,0
DA:58,0
DA:59,0
DA:68,0
DA:69,0
DA:72,0
DA:74,0
DA:75,0
DA:76,0
DA:79,0
DA:86,0
DA:88,0
DA:90,0
DA:101,0
DA:102,0
DA:105,0
DA:108,0
DA:109,0
DA:113,0
DA:121,0
DA:127,0
DA:128,0
DA:131,0
DA:133,0
DA:134,0
DA:137,0
DA:138,0
DA:141,0
DA:142,0
DA:145,0
DA:146,0
DA:149,0
DA:151,0
DA:155,0
DA:159,0
DA:164,0
DA:167,0
DA:168,0
DA:170,0
DA:173,0
DA:181,0
DA:182,0
DA:194,0
DA:197,0
DA:202,0
DA:203,0
DA:204,0
DA:207,0
DA:208,0
DA:210,0
DA:211,0
DA:212,0
DA:230,0
DA:238,0
DA:239,0
DA:241,0
DA:242,0
DA:243,0
DA:250,0
DA:258,0
DA:261,0
DA:266,0
DA:267,0
DA:268,0
DA:271,0
DA:272,0
DA:274,0
DA:275,0
DA:277,0
DA:284,0
DA:303,0
DA:311,0
DA:312,0
DA:314,0
DA:315,0
DA:316,0
DA:323,0
DA:335,0
DA:344,0
DA:355,0
DA:361,0
DA:362,0
DA:363,0
DA:366,0
LF:95
LH:0
BRDA:29,0,0,0
BRDA:49,1,0,0
BRDA:68,2,0,0
BRDA:74,3,0,0
BRDA:101,4,0,0
BRDA:131,5,0,0
BRDA:131,5,1,0
BRDA:131,5,2,0
BRDA:131,5,3,0
BRDA:131,5,4,0
BRDA:168,6,0,0
BRDA:168,6,1,0
BRDA:181,7,0,0
BRDA:202,8,0,0
BRDA:266,9,0,0
BRDA:345,10,0,0
BRDA:345,10,1,0
BRDA:346,11,0,0
BRDA:346,11,1,0
BRDA:347,12,0,0
BRDA:347,12,1,0
BRDA:354,13,0,0
BRDA:361,14,0,0
BRDA:361,14,1,0
BRDA:362,15,0,0
BRF:25
BRH:0
end_of_record
TN:
SF:src/workers/approvedWriter.ts
FN:7,startApprovedWriter
FN:8,(anonymous_1)
FNF:2
FNH:0
FNDA:0,startApprovedWriter
FNDA:0,(anonymous_1)
DA:8,0
DA:9,0
DA:10,0
DA:11,0
DA:13,0
DA:15,0
DA:16,0
DA:17,0
DA:18,0
DA:20,0
DA:21,0
DA:22,0
DA:30,0
DA:32,0
DA:33,0
DA:40,0
DA:42,0
DA:43,0
DA:49,0
DA:52,0
DA:53,0
DA:57,0
DA:65,0
DA:66,0
DA:69,0
DA:72,0
LF:26
LH:0
BRDA:11,0,0,0
BRDA:20,1,0,0
BRDA:20,1,1,0
BRDA:30,2,0,0
BRDA:30,2,1,0
BRDA:40,3,0,0
BRDA:40,3,1,0
BRDA:46,4,0,0
BRDA:46,4,1,0
BRDA:46,4,2,0
BRDA:49,5,0,0
BRF:11
BRH:0
end_of_record
TN:
SF:src/workers/behavioralFingerprintWorker.ts
FN:10,runBehavioralFingerprintJob
FN:12,(anonymous_1)
FNF:2
FNH:0
FNDA:0,runBehavioralFingerprintJob
FNDA:0,(anonymous_1)
DA:11,0
DA:12,0
DA:13,0
DA:14,0
DA:16,0
DA:17,0
LF:6
LH:0
BRF:0
BRH:0
end_of_record
TN:
SF:src/workers/embeddingBackfill.ts
FN:5,computeEmbedding
FN:10,backfillEmbeddings
FNF:2
FNH:0
FNDA:0,computeEmbedding
FNDA:0,backfillEmbeddings
DA:7,0
DA:11,0
DA:12,0
DA:13,0
DA:16,0
DA:17,0
DA:18,0
DA:19,0
DA:27,0
LF:9
LH:0
BRF:0
BRH:0
end_of_record
TN:
SF:src/workers/embeddingUpsertWorker.ts
FN:50,(anonymous_0)
FN:66,(anonymous_1)
FN:95,(anonymous_2)
FN:103,(anonymous_3)
FN:112,(anonymous_4)
FN:135,(anonymous_5)
FN:151,(anonymous_6)
FN:185,(anonymous_7)
FN:194,(anonymous_8)
FN:195,(anonymous_9)
FN:256,(anonymous_10)
FN:297,(anonymous_11)
FN:314,(anonymous_12)
FN:367,(anonymous_13)
FN:421,(anonymous_14)
FNF:15
FNH:0
FNDA:0,(anonymous_0)
FNDA:0,(anonymous_1)
FNDA:0,(anonymous_2)
FNDA:0,(anonymous_3)
FNDA:0,(anonymous_4)
FNDA:0,(anonymous_5)
FNDA:0,(anonymous_6)
FNDA:0,(anonymous_7)
FNDA:0,(anonymous_8)
FNDA:0,(anonymous_9)
FNDA:0,(anonymous_10)
FNDA:0,(anonymous_11)
FNDA:0,(anonymous_12)
FNDA:0,(anonymous_13)
FNDA:0,(anonymous_14)
DA:16,0
DA:38,0
DA:39,0
DA:51,0
DA:52,0
DA:54,0
DA:67,0
DA:68,0
DA:71,0
DA:74,0
DA:95,0
DA:96,0
DA:103,0
DA:104,0
DA:112,0
DA:113,0
DA:117,0
DA:119,0
DA:125,0
DA:128,0
DA:136,0
DA:137,0
DA:138,0
DA:139,0
DA:142,0
DA:152,0
DA:153,0
DA:156,0
DA:157,0
DA:169,0
DA:174,0
DA:178,0
DA:188,0
DA:194,0
DA:195,0
DA:196,0
DA:198,0
DA:205,0
DA:206,0
DA:207,0
DA:208,0
DA:212,0
DA:218,0
DA:219,0
DA:225,0
DA:235,0
DA:242,0
DA:247,0
DA:257,0
DA:259,0
DA:261,0
DA:263,0
DA:274,0
DA:284,0
DA:290,0
DA:298,0
DA:300,0
DA:301,0
DA:305,0
DA:307,0
DA:315,0
DA:317,0
DA:319,0
DA:333,0
DA:341,0
DA:346,0
DA:351,0
DA:355,0
DA:358,0
DA:360,0
DA:375,0
DA:376,0
DA:377,0
DA:387,0
DA:394,0
DA:403,0
DA:407,0
DA:422,0
DA:424,0
DA:425,0
DA:427,0
DA:435,0
DA:436,0
DA:437,0
DA:438,0
DA:441,0
DA:443,0
DA:444,0
DA:446,0
DA:447,0
DA:455,0
DA:460,0
DA:464,0
DA:470,0
LF:94
LH:0
BRDA:55,0,0,0
BRDA:55,0,1,0
BRDA:56,1,0,0
BRDA:56,1,1,0
BRDA:57,2,0,0
BRDA:57,2,1,0
BRDA:58,3,0,0
BRDA:58,3,1,0
BRDA:59,4,0,0
BRDA:59,4,1,0
BRDA:126,5,0,0
BRDA:126,5,1,0
BRDA:137,6,0,0
BRDA:143,7,0,0
BRDA:143,7,1,0
BRDA:152,8,0,0
BRDA:165,9,0,0
BRDA:165,9,1,0
BRDA:176,10,0,0
BRDA:176,10,1,0
BRDA:188,11,0,0
BRDA:188,11,1,0
BRDA:206,12,0,0
BRDA:218,13,0,0
BRDA:245,14,0,0
BRDA:245,14,1,0
BRDA:356,15,0,0
BRDA:356,15,1,0
BRDA:376,16,0,0
BRDA:400,17,0,0
BRDA:400,17,1,0
BRDA:404,18,0,0
BRDA:404,18,1,0
BRDA:436,19,0,0
BRDA:462,20,0,0
BRDA:462,20,1,0
BRF:36
BRH:0
end_of_record
TN:
SF:src/workers/enrichment.ts
FN:20,enqueueEnrichment
FN:26,extractEntities
FN:28,(anonymous_2)
FN:32,(anonymous_3)
FN:34,(anonymous_4)
FN:36,(anonymous_5)
FN:38,(anonymous_6)
FN:40,(anonymous_7)
FN:44,(anonymous_8)
FN:46,(anonymous_9)
FN:49,(anonymous_10)
FN:58,computeEmbedding
FN:61,(anonymous_12)
FN:78,(anonymous_14)
FN:97,(anonymous_15)
FN:110,nowIso
FN:112,(anonymous_17)
FN:120,(anonymous_18)
FNF:18
FNH:0
FNDA:0,enqueueEnrichment
FNDA:0,extractEntities
FNDA:0,(anonymous_2)
FNDA:0,(anonymous_3)
FNDA:0,(anonymous_4)
FNDA:0,(anonymous_5)
FNDA:0,(anonymous_6)
FNDA:0,(anonymous_7)
FNDA:0,(anonymous_8)
FNDA:0,(anonymous_9)
FNDA:0,(anonymous_10)
FNDA:0,computeEmbedding
FNDA:0,(anonymous_12)
FNDA:0,(anonymous_14)
FNDA:0,(anonymous_15)
FNDA:0,nowIso
FNDA:0,(anonymous_17)
FNDA:0,(anonymous_18)
DA:5,0
DA:6,0
DA:18,0
DA:21,0
DA:27,0
DA:28,0
DA:32,0
DA:34,0
DA:36,0
DA:38,0
DA:40,0
DA:44,0
DA:46,0
DA:48,0
DA:49,0
DA:50,0
DA:53,0
DA:61,0
DA:78,0
DA:79,0
DA:80,0
DA:81,0
DA:82,0
DA:83,0
DA:84,0
DA:85,0
DA:86,0
DA:88,0
DA:89,0
DA:90,0
DA:91,0
DA:94,0
DA:97,0
DA:99,0
DA:100,0
DA:101,0
DA:102,0
DA:104,0
DA:106,0
DA:107,0
DA:110,0
DA:112,0
DA:113,0
DA:114,0
DA:116,0
DA:117,0
DA:120,0
DA:121,0
DA:124,0
DA:132,0
DA:133,0
DA:134,0
DA:135,0
DA:138,0
DA:146,0
DA:147,0
DA:149,0
DA:151,0
DA:159,0
DA:160,0
DA:161,0
DA:166,0
DA:168,0
DA:187,0
DA:204,0
LF:65
LH:0
BRDA:20,0,0,0
BRDA:32,1,0,0
BRDA:32,1,1,0
BRDA:34,2,0,0
BRDA:34,2,1,0
BRDA:36,3,0,0
BRDA:36,3,1,0
BRDA:38,4,0,0
BRDA:38,4,1,0
BRDA:40,5,0,0
BRDA:40,5,1,0
BRDA:44,6,0,0
BRDA:44,6,1,0
BRDA:46,7,0,0
BRDA:46,7,1,0
BRDA:50,8,0,0
BRDA:79,9,0,0
BRDA:79,10,0,0
BRDA:79,10,1,0
BRDA:90,11,0,0
BRDA:90,12,0,0
BRDA:90,12,1,0
BRDA:99,13,0,0
BRDA:99,13,1,0
BRDA:100,14,0,0
BRDA:100,14,1,0
BRDA:101,15,0,0
BRDA:102,16,0,0
BRDA:102,16,1,0
BRDA:106,17,0,0
BRDA:106,17,1,0
BRDA:114,18,0,0
BRDA:114,18,1,0
BRDA:129,19,0,0
BRDA:129,19,1,0
BRDA:159,20,0,0
BRDA:160,21,0,0
BRDA:160,22,0,0
BRDA:160,22,1,0
BRDA:166,23,0,0
BRDA:166,23,1,0
BRDA:166,24,0,0
BRDA:166,24,1,0
BRF:43
BRH:0
end_of_record
