<?xml version="1.0" encoding="UTF-8"?>
<testsuites name="jest tests" tests="3" failures="0" errors="0" time="28.643">
  <testsuite name="PartnerService" errors="0" failures="0" skipped="0" timestamp="2025-12-21T10:27:54" time="28.471" tests="3">
    <testcase classname="PartnerService" name="should return strategy configuration" time="0.004">
    </testcase>
    <testcase classname="PartnerService" name="should create a valid partner and persist to DB" time="0.005">
    </testcase>
    <testcase classname="PartnerService" name="should reject invalid archetype" time="0.01">
    </testcase>
  </testsuite>
</testsuites>