<?xml version="1.0" encoding="UTF-8"?>
<testsuites name="jest tests" tests="4" failures="0" errors="0" time="25.078">
  <testsuite name="Graph Algorithms" errors="0" failures="0" skipped="0" timestamp="2025-11-23T03:01:31" time="23.265" tests="2">
    <testcase classname="Graph Algorithms" name="should calculate degree centrality" time="0.01">
    </testcase>
    <testcase classname="Graph Algorithms" name="should find shortest path" time="0.003">
    </testcase>
  </testsuite>
  <testsuite name="InfluenceDetectionService" errors="0" failures="0" skipped="0" timestamp="2025-11-23T03:01:31" time="23.813" tests="2">
    <testcase classname="InfluenceDetectionService" name="should detect bots based on heuristics" time="0.011">
    </testcase>
    <testcase classname="InfluenceDetectionService" name="should detect coordinated behavior" time="0.002">
    </testcase>
  </testsuite>
</testsuites>