<?xml version="1.0" encoding="UTF-8"?>
<testsuites name="jest tests" tests="5" failures="0" errors="0" time="18.855">
  <testsuite name="NRRService" errors="0" failures="0" skipped="0" timestamp="2025-12-21T15:23:34" time="18.737" tests="5">
    <testcase classname="NRRService" name="should return NRR metrics" time="0.004">
    </testcase>
    <testcase classname="NRRService" name="should return expansion levers" time="0.001">
    </testcase>
    <testcase classname="NRRService" name="should return cohorts" time="0.001">
    </testcase>
    <testcase classname="NRRService" name="should create and retrieve customer growth plan" time="0.012">
    </testcase>
    <testcase classname="NRRService" name="should return null for non-existent growth plan" time="0.001">
    </testcase>
  </testsuite>
</testsuites>