<?xml version="1.0" encoding="UTF-8"?>
<testsuites name="jest tests" tests="3" failures="0" errors="0" time="9.4">
  <testsuite name="Cost Controls" errors="0" failures="0" skipped="0" timestamp="2025-12-21T09:06:10" time="9.317" tests="3">
    <testcase classname="Cost Controls › Cache Key Normalization" name="placeholder for cache key normalization" time="0.003">
    </testcase>
    <testcase classname="Cost Controls › Egress Shaper" name="should return all data if small" time="0.001">
    </testcase>
    <testcase classname="Cost Controls › Egress Shaper" name="should truncate data if large (simulated)" time="0.058">
    </testcase>
  </testsuite>
</testsuites>