<?xml version="1.0" encoding="UTF-8"?>
<testsuites name="jest tests" tests="2" failures="0" errors="0" time="16.482">
  <testsuite name="User Invariants Validators" errors="0" failures="0" skipped="0" timestamp="2025-12-21T18:49:31" time="16.371" tests="2">
    <testcase classname="User Invariants Validators › UserStateTransitionSchema" name="should allow valid transitions" time="0.005">
    </testcase>
    <testcase classname="User Invariants Validators › UserStateTransitionSchema" name="should disallow invalid transitions" time="0.011">
    </testcase>
  </testsuite>
</testsuites>