<?xml version="1.0" encoding="UTF-8"?>
<testsuites name="jest tests" tests="4" failures="0" errors="0" time="17.007">
  <testsuite name="Multi-Tenant Isolation Test Suite" errors="0" failures="0" skipped="0" timestamp="2025-12-04T04:12:56" time="16.931" tests="4">
    <testcase classname="Multi-Tenant Isolation Test Suite › InvestigationRepo Isolation" name="should include tenant_id in update query" time="0.007">
    </testcase>
    <testcase classname="Multi-Tenant Isolation Test Suite › InvestigationRepo Isolation" name="should include tenant_id in delete query" time="0.004">
    </testcase>
    <testcase classname="Multi-Tenant Isolation Test Suite › EntityRepo Isolation" name="should include tenant_id in update query" time="0.004">
    </testcase>
    <testcase classname="Multi-Tenant Isolation Test Suite › EntityRepo Isolation" name="should include tenant_id in delete query (PG and Neo4j)" time="0.004">
    </testcase>
  </testsuite>
</testsuites>