<?xml version="1.0" encoding="UTF-8"?>
<testsuites name="jest tests" tests="5" failures="0" errors="0" time="8.817">
  <testsuite name="Tenant Isolation Utilities" errors="0" failures="0" skipped="0" timestamp="2025-11-20T03:25:44" time="8.745" tests="5">
    <testcase classname="Tenant Isolation Utilities › requireTenant" name="returns tenant when present in context" time="0.004">
    </testcase>
    <testcase classname="Tenant Isolation Utilities › requireTenant" name="throws when user is missing" time="0.011">
    </testcase>
    <testcase classname="Tenant Isolation Utilities › requireTenant" name="throws when tenant is missing" time="0.002">
    </testcase>
    <testcase classname="Tenant Isolation Utilities › addTenantFilter" name="adds WHERE clause when missing" time="0.003">
    </testcase>
    <testcase classname="Tenant Isolation Utilities › addTenantFilter" name="adds AND clause when WHERE exists" time="0.001">
    </testcase>
  </testsuite>
</testsuites>