<?xml version="1.0" encoding="UTF-8"?>
<testsuites name="jest tests" tests="7" failures="0" errors="0" time="8.082">
  <testsuite name="ConfigService" errors="0" failures="0" skipped="0" timestamp="2025-11-20T10:15:49" time="8.022" tests="7">
    <testcase classname="ConfigService" name="should load configuration from environment variables" time="0.01">
    </testcase>
    <testcase classname="ConfigService" name="should default feature flags correctly" time="0.002">
    </testcase>
    <testcase classname="ConfigService" name="should allow runtime overrides of feature flags" time="0.001">
    </testcase>
    <testcase classname="ConfigService › Targeting Rules" name="should respect &quot;equals&quot; operator" time="0.001">
    </testcase>
    <testcase classname="ConfigService › Targeting Rules" name="should respect &quot;contains&quot; operator" time="0.001">
    </testcase>
    <testcase classname="ConfigService › Targeting Rules" name="should respect &quot;in&quot; operator" time="0.002">
    </testcase>
    <testcase classname="ConfigService › Targeting Rules" name="should respect &quot;percentage_rollout&quot;" time="0.001">
    </testcase>
  </testsuite>
</testsuites>