<?xml version="1.0" encoding="UTF-8"?>
<testsuites name="jest tests" tests="4" failures="0" errors="0" time="9.729">
  <testsuite name="New Monitoring Endpoints" errors="0" failures="0" skipped="0" timestamp="2025-11-20T03:55:14" time="9.656" tests="4">
    <testcase classname="New Monitoring Endpoints › Golden Path Events" name="should record golden path events" time="0.075">
    </testcase>
    <testcase classname="New Monitoring Endpoints › Golden Path Events" name="should require step field" time="0.011">
    </testcase>
    <testcase classname="New Monitoring Endpoints › DORA Metrics" name="should update deployment frequency" time="0.015">
    </testcase>
    <testcase classname="New Monitoring Endpoints › DORA Metrics" name="should update lead time" time="0.014">
    </testcase>
  </testsuite>
</testsuites>