<?xml version="1.0" encoding="UTF-8"?>
<testsuites name="jest tests" tests="6" failures="0" errors="0" time="16.118">
  <testsuite name="Security Middleware" errors="0" failures="0" skipped="0" timestamp="2025-11-21T06:59:09" time="15.997" tests="6">
    <testcase classname="Security Middleware › Unified Auth" name="should call validateApiKey if x-api-key header is present" time="0.017">
    </testcase>
    <testcase classname="Security Middleware › Unified Auth" name="should call productionAuthMiddleware if NO api key is present" time="0.002">
    </testcase>
    <testcase classname="Security Middleware › Request Signature" name="should warn but allow if signature missing (legacy mode)" time="0.003">
    </testcase>
    <testcase classname="Security Middleware › Request Signature" name="should 403 if signature invalid" time="0.003">
    </testcase>
    <testcase classname="Security Middleware › Request Signature" name="should verify valid signature" time="0.001">
    </testcase>
    <testcase classname="Security Middleware › Rate Limiter Key Generator" name="should use user id if available" time="0.001">
    </testcase>
  </testsuite>
</testsuites>