<?xml version="1.0" encoding="UTF-8"?>
<testsuites name="jest tests" tests="3" failures="0" errors="0" time="16.342">
  <testsuite name="AdvancedCorrelationEngine" errors="0" failures="0" skipped="0" timestamp="2025-12-24T19:35:50" time="16.221" tests="3">
    <testcase classname="AdvancedCorrelationEngine" name="should group entities using vector similarity" time="0.007">
    </testcase>
    <testcase classname="AdvancedCorrelationEngine" name="should split groups based on temporal alignment" time="0.002">
    </testcase>
    <testcase classname="AdvancedCorrelationEngine" name="should merge semantically similar groups" time="0.002">
    </testcase>
  </testsuite>
</testsuites>