<?xml version="1.0" encoding="UTF-8"?>
<testsuites name="jest tests" tests="4" failures="1" errors="0" time="13.203">
  <testsuite name="Multi-Tenant Isolation Test Suite" errors="0" failures="1" skipped="0" timestamp="2025-11-22T18:22:47" time="13.116" tests="4">
    <testcase classname="Multi-Tenant Isolation Test Suite › InvestigationRepo Isolation" name="should include tenant_id in update query" time="0.005">
    </testcase>
    <testcase classname="Multi-Tenant Isolation Test Suite › InvestigationRepo Isolation" name="should include tenant_id in delete query" time="0.003">
    </testcase>
    <testcase classname="Multi-Tenant Isolation Test Suite › EntityRepo Isolation" name="should include tenant_id in update query" time="0.003">
    </testcase>
    <testcase classname="Multi-Tenant Isolation Test Suite › EntityRepo Isolation" name="should include tenant_id in delete query (PG and Neo4j)" time="0.004">
      <failure>Error: expect(jest.fn()).toHaveBeenCalled()

Expected number of calls: &gt;= 1
Received number of calls:    0
    at Object.&lt;anonymous&gt; (/app/server/tests/tenancy/isolation.test.ts:127:45)
    at processTicksAndRejections (node:internal/process/task_queues:105:5)</failure>
    </testcase>
  </testsuite>
</testsuites>