<?xml version="1.0" encoding="UTF-8"?>
<testsuites name="jest tests" tests="5" failures="0" errors="0" time="17.881">
  <testsuite name="AccountDossierService" errors="0" failures="0" skipped="0" timestamp="2025-12-21T16:47:31" time="17.765" tests="5">
    <testcase classname="AccountDossierService › ensureDossier" name="should create a new dossier if none exists" time="0.005">
    </testcase>
    <testcase classname="AccountDossierService › ensureDossier" name="should return existing dossier if conflict occurs" time="0.002">
    </testcase>
    <testcase classname="AccountDossierService › addAssurance" name="should add assurance and log provenance" time="0.002">
    </testcase>
    <testcase classname="AccountDossierService › addArtifact" name="should add artifact and log provenance" time="0.001">
    </testcase>
    <testcase classname="AccountDossierService › exportDossier" name="should export dossier with timeline and hash" time="0.002">
    </testcase>
  </testsuite>
</testsuites>