<?xml version="1.0" encoding="UTF-8"?>
<testsuites name="jest tests" tests="372" failures="97" errors="0" time="69.554">
  <testsuite name="realtime collaboration basics" errors="0" failures="1" skipped="0" timestamp="2025-11-20T23:34:26" time="36.782" tests="1">
    <testcase classname="realtime collaboration basics" name="shares presence and cursor updates" time="30.006">
      <failure>Error: thrown: &quot;Exceeded timeout of 30000 ms for a test while waiting for `done()` to be called.
Add a timeout value to this test to increase the timeout, if this is a long-running test. See https://jestjs.io/docs/api#testname-fn-timeout.&quot;
    at /app/server/tests/realtime-collab.test.ts:27:3
    at _dispatchDescribe (/app/server/node_modules/jest-circus/build/jestAdapterInit.js:604:26)
    at describe (/app/server/node_modules/jest-circus/build/jestAdapterInit.js:572:44)
    at Object.&lt;anonymous&gt; (/app/server/tests/realtime-collab.test.ts:5:1)
    at Runtime._execModule (/app/server/node_modules/jest-runtime/build/index.js:1268:24)
    at Runtime._loadModule (/app/server/node_modules/jest-runtime/build/index.js:944:12)
    at Runtime.requireModule (/app/server/node_modules/jest-runtime/build/index.js:832:12)
    at jestAdapter (/app/server/node_modules/jest-circus/build/runner.js:95:13)
    at processTicksAndRejections (node:internal/process/task_queues:105:5)
    at runTestInternal (/app/server/node_modules/jest-runner/build/testWorker.js:275:16)
    at runTest (/app/server/node_modules/jest-runner/build/testWorker.js:343:7)
    at Object.worker (/app/server/node_modules/jest-runner/build/testWorker.js:497:12)</failure>
      <failure>MaxRetriesPerRequestError: Reached the max retries per request limit (which is 20). Refer to &quot;maxRetriesPerRequest&quot; option for details.
    at Socket.&lt;anonymous&gt; (/app/server/node_modules/ioredis/built/redis/event_handler.js:207:37)
    at Object.onceWrapper (node:events:634:26)
    at Socket.emit (node:events:519:28)
    at TCP.&lt;anonymous&gt; (node:net:346:12)
    at TCP.callbackTrampoline (node:internal/async_hooks:130:17)</failure>
      <failure>MaxRetriesPerRequestError: Reached the max retries per request limit (which is 20). Refer to &quot;maxRetriesPerRequest&quot; option for details.
    at Socket.&lt;anonymous&gt; (/app/server/node_modules/ioredis/built/redis/event_handler.js:207:37)
    at Object.onceWrapper (node:events:634:26)
    at Socket.emit (node:events:519:28)
    at TCP.&lt;anonymous&gt; (node:net:346:12)
    at TCP.callbackTrampoline (node:internal/async_hooks:130:17)</failure>
      <failure>MaxRetriesPerRequestError: Reached the max retries per request limit (which is 20). Refer to &quot;maxRetriesPerRequest&quot; option for details.
    at Socket.&lt;anonymous&gt; (/app/server/node_modules/ioredis/built/redis/event_handler.js:207:37)
    at Object.onceWrapper (node:events:634:26)
    at Socket.emit (node:events:519:28)
    at TCP.&lt;anonymous&gt; (node:net:346:12)
    at TCP.callbackTrampoline (node:internal/async_hooks:130:17)</failure>
      <failure>MaxRetriesPerRequestError: Reached the max retries per request limit (which is 20). Refer to &quot;maxRetriesPerRequest&quot; option for details.
    at Socket.&lt;anonymous&gt; (/app/server/node_modules/ioredis/built/redis/event_handler.js:207:37)
    at Object.onceWrapper (node:events:634:26)
    at Socket.emit (node:events:519:28)
    at TCP.&lt;anonymous&gt; (node:net:346:12)
    at TCP.callbackTrampoline (node:internal/async_hooks:130:17)</failure>
    </testcase>
  </testsuite>
  <testsuite name="WebSocket JWT auth with RBAC" errors="0" failures="1" skipped="0" timestamp="2025-11-20T23:34:26" time="37.082" tests="2">
    <testcase classname="WebSocket JWT auth with RBAC" name="rejects unauthorized sockets" time="0.076">
    </testcase>
    <testcase classname="WebSocket JWT auth with RBAC" name="enforces RBAC for edit events" time="30.003">
      <failure>Error: thrown: &quot;Exceeded timeout of 30000 ms for a test while waiting for `done()` to be called.
Add a timeout value to this test to increase the timeout, if this is a long-running test. See https://jestjs.io/docs/api#testname-fn-timeout.&quot;
    at /app/server/tests/socket-auth-rbac.test.ts:62:3
    at _dispatchDescribe (/app/server/node_modules/jest-circus/build/jestAdapterInit.js:604:26)
    at describe (/app/server/node_modules/jest-circus/build/jestAdapterInit.js:572:44)
    at Object.&lt;anonymous&gt; (/app/server/tests/socket-auth-rbac.test.ts:8:1)
    at Runtime._execModule (/app/server/node_modules/jest-runtime/build/index.js:1268:24)
    at Runtime._loadModule (/app/server/node_modules/jest-runtime/build/index.js:944:12)
    at Runtime.requireModule (/app/server/node_modules/jest-runtime/build/index.js:832:12)
    at jestAdapter (/app/server/node_modules/jest-circus/build/runner.js:95:13)
    at processTicksAndRejections (node:internal/process/task_queues:105:5)
    at runTestInternal (/app/server/node_modules/jest-runner/build/testWorker.js:275:16)
    at runTest (/app/server/node_modules/jest-runner/build/testWorker.js:343:7)
    at Object.worker (/app/server/node_modules/jest-runner/build/testWorker.js:497:12)</failure>
      <failure>MaxRetriesPerRequestError: Reached the max retries per request limit (which is 20). Refer to &quot;maxRetriesPerRequest&quot; option for details.
    at Socket.&lt;anonymous&gt; (/app/server/node_modules/ioredis/built/redis/event_handler.js:207:37)
    at Object.onceWrapper (node:events:634:26)
    at Socket.emit (node:events:519:28)
    at TCP.&lt;anonymous&gt; (node:net:346:12)
    at TCP.callbackTrampoline (node:internal/async_hooks:130:17)</failure>
      <failure>MaxRetriesPerRequestError: Reached the max retries per request limit (which is 20). Refer to &quot;maxRetriesPerRequest&quot; option for details.
    at Socket.&lt;anonymous&gt; (/app/server/node_modules/ioredis/built/redis/event_handler.js:207:37)
    at Object.onceWrapper (node:events:634:26)
    at Socket.emit (node:events:519:28)
    at TCP.&lt;anonymous&gt; (node:net:346:12)
    at TCP.callbackTrampoline (node:internal/async_hooks:130:17)</failure>
    </testcase>
  </testsuite>
  <testsuite name="NlGraphQueryService" errors="0" failures="4" skipped="0" timestamp="2025-11-20T23:35:03" time="0.331" tests="32">
    <testcase classname="NlGraphQueryService › Basic Query Patterns" name="should compile &quot;show all nodes&quot; query" time="0.027">
    </testcase>
    <testcase classname="NlGraphQueryService › Basic Query Patterns" name="should compile &quot;count nodes&quot; query" time="0.005">
    </testcase>
    <testcase classname="NlGraphQueryService › Basic Query Patterns" name="should compile &quot;show relationships&quot; query" time="0.006">
    </testcase>
    <testcase classname="NlGraphQueryService › Basic Query Patterns" name="should compile &quot;find neighbors&quot; query" time="0.007">
    </testcase>
    <testcase classname="NlGraphQueryService › Time-Travel Query Patterns" name="should compile time-travel snapshot query" time="0.009">
      <failure>Error: expect(received).toBe(expected) // Object.is equality

Expected: true
Received: false
    at Object.&lt;anonymous&gt; (/app/server/tests/nl-graph-query.test.ts:122:34)
    at processTicksAndRejections (node:internal/process/task_queues:105:5)</failure>
    </testcase>
    <testcase classname="NlGraphQueryService › Time-Travel Query Patterns" name="should compile time-travel changes query" time="0.003">
      <failure>Error: expect(received).toContain(expected) // indexOf

Expected substring: &quot;changes&quot;
Received string:    &quot;Retrieves up to 100 matching entities&quot;
    at Object.&lt;anonymous&gt; (/app/server/tests/nl-graph-query.test.ts:150:38)
    at processTicksAndRejections (node:internal/process/task_queues:105:5)</failure>
    </testcase>
    <testcase classname="NlGraphQueryService › Policy-Aware Query Patterns" name="should compile policy-filtered entity query" time="0.002">
    </testcase>
    <testcase classname="NlGraphQueryService › Policy-Aware Query Patterns" name="should apply tenant filtering when tenantId is present" time="0.002">
    </testcase>
    <testcase classname="NlGraphQueryService › Geo-Temporal Query Patterns" name="should compile geo-temporal entity query" time="0.004">
      <failure>Error: expect(received).toMatch(expected)

Expected pattern: /high|very-high/
Received string:  &quot;medium&quot;
    at Object.&lt;anonymous&gt; (/app/server/tests/nl-graph-query.test.ts:216:50)
    at processTicksAndRejections (node:internal/process/task_queues:105:5)</failure>
    </testcase>
    <testcase classname="NlGraphQueryService › Narrative/Timeline Query Patterns" name="should compile timeline query" time="0.004">
      <failure>Error: expect(received).toContain(expected) // indexOf

Expected substring: &quot;chronological&quot;
Received string:    &quot;Finds patterns matching multiple graph structures&quot;
    at Object.&lt;anonymous&gt; (/app/server/tests/nl-graph-query.test.ts:241:38)
    at processTicksAndRejections (node:internal/process/task_queues:105:5)</failure>
    </testcase>
    <testcase classname="NlGraphQueryService › Course of Action (COA) Query Patterns" name="should compile shortest path COA query" time="0.04">
    </testcase>
    <testcase classname="NlGraphQueryService › Course of Action (COA) Query Patterns" name="should compile path analysis query" time="0.008">
    </testcase>
    <testcase classname="NlGraphQueryService › Course of Action (COA) Query Patterns" name="should compile constrained path query" time="0.002">
    </testcase>
    <testcase classname="NlGraphQueryService › Cost Estimation" name="should estimate low cost for simple queries" time="0.002">
    </testcase>
    <testcase classname="NlGraphQueryService › Cost Estimation" name="should estimate high cost for variable-length paths" time="0.001">
    </testcase>
    <testcase classname="NlGraphQueryService › Cost Estimation" name="should provide cost drivers in explanation" time="0.001">
    </testcase>
    <testcase classname="NlGraphQueryService › Validation and Security" name="should reject mutation queries" time="0.002">
    </testcase>
    <testcase classname="NlGraphQueryService › Validation and Security" name="should detect dangerous operations" time="0">
    </testcase>
    <testcase classname="NlGraphQueryService › Validation and Security" name="should require parameters for parameterized queries" time="0.001">
    </testcase>
    <testcase classname="NlGraphQueryService › Validation and Security" name="should validate balanced syntax" time="0.001">
    </testcase>
    <testcase classname="NlGraphQueryService › Explanation Generation" name="should provide concise explanation by default" time="0.002">
    </testcase>
    <testcase classname="NlGraphQueryService › Explanation Generation" name="should provide detailed explanation in verbose mode" time="0.004">
    </testcase>
    <testcase classname="NlGraphQueryService › Error Handling" name="should return error for empty prompt" time="0.001">
    </testcase>
    <testcase classname="NlGraphQueryService › Error Handling" name="should return error for prompt that is too long" time="0.001">
    </testcase>
    <testcase classname="NlGraphQueryService › Error Handling" name="should return error with suggestions for unrecognized pattern" time="0.004">
    </testcase>
    <testcase classname="NlGraphQueryService › Caching" name="should cache compilation results" time="0.001">
    </testcase>
    <testcase classname="NlGraphQueryService › Caching" name="should clear cache on demand" time="0.001">
    </testcase>
    <testcase classname="NlGraphQueryService › Service Information" name="should return available patterns" time="0.002">
    </testcase>
    <testcase classname="NlGraphQueryService › Service Information" name="should provide cache statistics" time="0.001">
    </testcase>
    <testcase classname="NlGraphQueryService › Integration: Investigation Workflow" name="should support complete investigation query workflow" time="0.002">
    </testcase>
    <testcase classname="No Side Effects" name="should not have database client imported" time="0.001">
    </testcase>
    <testcase classname="No Side Effects" name="should not execute queries during compilation" time="0.001">
    </testcase>
  </testsuite>
  <testsuite name="copilotQuery resolver" errors="0" failures="2" skipped="0" timestamp="2025-11-20T23:35:04" time="0.091" tests="2">
    <testcase classname="copilotQuery resolver" name="executes query when allowed" time="0.002">
      <failure>TypeError: resolvers_copilot_js_1.copilotResolvers.Query.copilotQuery is not a function
    at Object.&lt;anonymous&gt; (/app/server/tests/copilotQuery.resolver.test.ts:27:46)
    at Promise.finally.completed (/app/server/node_modules/jest-circus/build/jestAdapterInit.js:1557:28)
    at new Promise (&lt;anonymous&gt;)
    at callAsyncCircusFn (/app/server/node_modules/jest-circus/build/jestAdapterInit.js:1497:10)
    at _callCircusTest (/app/server/node_modules/jest-circus/build/jestAdapterInit.js:1007:40)
    at processTicksAndRejections (node:internal/process/task_queues:105:5)
    at _runTest (/app/server/node_modules/jest-circus/build/jestAdapterInit.js:947:3)
    at /app/server/node_modules/jest-circus/build/jestAdapterInit.js:849:7
    at _runTestsForDescribeBlock (/app/server/node_modules/jest-circus/build/jestAdapterInit.js:862:11)
    at _runTestsForDescribeBlock (/app/server/node_modules/jest-circus/build/jestAdapterInit.js:857:11)
    at run (/app/server/node_modules/jest-circus/build/jestAdapterInit.js:761:3)
    at runAndTransformResultsToJestFormat (/app/server/node_modules/jest-circus/build/jestAdapterInit.js:1918:21)
    at jestAdapter (/app/server/node_modules/jest-circus/build/runner.js:101:19)
    at runTestInternal (/app/server/node_modules/jest-runner/build/testWorker.js:275:16)
    at runTest (/app/server/node_modules/jest-runner/build/testWorker.js:343:7)
    at Object.worker (/app/server/node_modules/jest-runner/build/testWorker.js:497:12)</failure>
    </testcase>
    <testcase classname="copilotQuery resolver" name="returns policy denial without executing" time="0">
      <failure>TypeError: resolvers_copilot_js_1.copilotResolvers.Query.copilotQuery is not a function
    at Object.&lt;anonymous&gt; (/app/server/tests/copilotQuery.resolver.test.ts:42:46)
    at Promise.finally.completed (/app/server/node_modules/jest-circus/build/jestAdapterInit.js:1557:28)
    at new Promise (&lt;anonymous&gt;)
    at callAsyncCircusFn (/app/server/node_modules/jest-circus/build/jestAdapterInit.js:1497:10)
    at _callCircusTest (/app/server/node_modules/jest-circus/build/jestAdapterInit.js:1007:40)
    at processTicksAndRejections (node:internal/process/task_queues:105:5)
    at _runTest (/app/server/node_modules/jest-circus/build/jestAdapterInit.js:947:3)
    at /app/server/node_modules/jest-circus/build/jestAdapterInit.js:849:7
    at _runTestsForDescribeBlock (/app/server/node_modules/jest-circus/build/jestAdapterInit.js:862:11)
    at _runTestsForDescribeBlock (/app/server/node_modules/jest-circus/build/jestAdapterInit.js:857:11)
    at run (/app/server/node_modules/jest-circus/build/jestAdapterInit.js:761:3)
    at runAndTransformResultsToJestFormat (/app/server/node_modules/jest-circus/build/jestAdapterInit.js:1918:21)
    at jestAdapter (/app/server/node_modules/jest-circus/build/runner.js:101:19)
    at runTestInternal (/app/server/node_modules/jest-runner/build/testWorker.js:275:16)
    at runTest (/app/server/node_modules/jest-runner/build/testWorker.js:343:7)
    at Object.worker (/app/server/node_modules/jest-runner/build/testWorker.js:497:12)</failure>
    </testcase>
  </testsuite>
  <testsuite name="Provenance Ledger Beta - End-to-End" errors="0" failures="4" skipped="0" timestamp="2025-11-20T23:35:04" time="0.214" tests="5">
    <testcase classname="Provenance Ledger Beta - End-to-End" name="should complete full provenance flow from document ingestion to verified export" time="0">
      <failure>Error: License creation failed
    at ProvenanceLedgerBetaService.createLicense (/app/server/src/services/provenance-ledger-beta.ts:104:13)
    at processTicksAndRejections (node:internal/process/task_queues:105:5)
    at Object.&lt;anonymous&gt; (/app/server/src/__tests__/provenance-ledger-beta.e2e.test.ts:32:19)</failure>
    </testcase>
    <testcase classname="Provenance Ledger Beta - End-to-End" name="should handle claim contradictions and corroborations" time="0">
      <failure>Error: License creation failed
    at ProvenanceLedgerBetaService.createLicense (/app/server/src/services/provenance-ledger-beta.ts:104:13)
    at processTicksAndRejections (node:internal/process/task_queues:105:5)
    at Object.&lt;anonymous&gt; (/app/server/src/__tests__/provenance-ledger-beta.e2e.test.ts:32:19)</failure>
    </testcase>
    <testcase classname="Provenance Ledger Beta - End-to-End" name="should track license requirements across chains" time="0">
      <failure>Error: License creation failed
    at ProvenanceLedgerBetaService.createLicense (/app/server/src/services/provenance-ledger-beta.ts:104:13)
    at processTicksAndRejections (node:internal/process/task_queues:105:5)
    at Object.&lt;anonymous&gt; (/app/server/src/__tests__/provenance-ledger-beta.e2e.test.ts:32:19)</failure>
    </testcase>
    <testcase classname="Merkle Tree Utilities" name="should build and verify Merkle tree correctly" time="0.004">
      <failure>Error: expect(received).toBe(expected) // Object.is equality

Expected: true
Received: false
    at Object.&lt;anonymous&gt; (/app/server/src/__tests__/provenance-ledger-beta.e2e.test.ts:336:21)
    at Promise.finally.completed (/app/server/node_modules/jest-circus/build/jestAdapterInit.js:1557:28)
    at new Promise (&lt;anonymous&gt;)
    at callAsyncCircusFn (/app/server/node_modules/jest-circus/build/jestAdapterInit.js:1497:10)
    at _callCircusTest (/app/server/node_modules/jest-circus/build/jestAdapterInit.js:1007:40)
    at processTicksAndRejections (node:internal/process/task_queues:105:5)
    at _runTest (/app/server/node_modules/jest-circus/build/jestAdapterInit.js:947:3)
    at /app/server/node_modules/jest-circus/build/jestAdapterInit.js:849:7
    at _runTestsForDescribeBlock (/app/server/node_modules/jest-circus/build/jestAdapterInit.js:862:11)
    at _runTestsForDescribeBlock (/app/server/node_modules/jest-circus/build/jestAdapterInit.js:857:11)
    at run (/app/server/node_modules/jest-circus/build/jestAdapterInit.js:761:3)
    at runAndTransformResultsToJestFormat (/app/server/node_modules/jest-circus/build/jestAdapterInit.js:1918:21)
    at jestAdapter (/app/server/node_modules/jest-circus/build/runner.js:101:19)
    at runTestInternal (/app/server/node_modules/jest-runner/build/testWorker.js:275:16)
    at runTest (/app/server/node_modules/jest-runner/build/testWorker.js:343:7)
    at Object.worker (/app/server/node_modules/jest-runner/build/testWorker.js:497:12)</failure>
    </testcase>
    <testcase classname="Merkle Tree Utilities" name="should detect tampered items" time="0.001">
    </testcase>
  </testsuite>
  <testsuite name="Recipes REST API" errors="0" failures="12" skipped="0" timestamp="2025-11-20T23:35:04" time="0.467" tests="12">
    <testcase classname="Recipes REST API › GET /recipes" name="should return list of recipe files" time="0.036">
      <failure>Error: expected 200 &quot;OK&quot;, got 500 &quot;Internal Server Error&quot;
    at Object.&lt;anonymous&gt; (/app/server/tests/recipes.test.ts:35:59)
    at Promise.finally.completed (/app/server/node_modules/jest-circus/build/jestAdapterInit.js:1557:28)
    at new Promise (&lt;anonymous&gt;)
    at callAsyncCircusFn (/app/server/node_modules/jest-circus/build/jestAdapterInit.js:1497:10)
    at _callCircusTest (/app/server/node_modules/jest-circus/build/jestAdapterInit.js:1007:40)
    at processTicksAndRejections (node:internal/process/task_queues:105:5)
    at _runTest (/app/server/node_modules/jest-circus/build/jestAdapterInit.js:947:3)
    at /app/server/node_modules/jest-circus/build/jestAdapterInit.js:849:7
    at _runTestsForDescribeBlock (/app/server/node_modules/jest-circus/build/jestAdapterInit.js:862:11)
    at _runTestsForDescribeBlock (/app/server/node_modules/jest-circus/build/jestAdapterInit.js:857:11)
    at _runTestsForDescribeBlock (/app/server/node_modules/jest-circus/build/jestAdapterInit.js:857:11)
    at run (/app/server/node_modules/jest-circus/build/jestAdapterInit.js:761:3)
    at runAndTransformResultsToJestFormat (/app/server/node_modules/jest-circus/build/jestAdapterInit.js:1918:21)
    at jestAdapter (/app/server/node_modules/jest-circus/build/runner.js:101:19)
    at runTestInternal (/app/server/node_modules/jest-runner/build/testWorker.js:275:16)
    at runTest (/app/server/node_modules/jest-runner/build/testWorker.js:343:7)
    at Object.worker (/app/server/node_modules/jest-runner/build/testWorker.js:497:12)
----
    at Test._assertStatus (/app/server/node_modules/supertest/lib/test.js:309:14)
    at /app/server/node_modules/supertest/lib/test.js:365:13
    at Test._assertFunction (/app/server/node_modules/supertest/lib/test.js:342:13)
    at Test.assert (/app/server/node_modules/supertest/lib/test.js:195:23)
    at localAssert (/app/server/node_modules/supertest/lib/test.js:138:14)
    at Server.&lt;anonymous&gt; (/app/server/node_modules/supertest/lib/test.js:152:11)
    at Object.onceWrapper (node:events:633:28)
    at Server.emit (node:events:519:28)
    at emitCloseNT (node:net:2419:8)
    at processTicksAndRejections (node:internal/process/task_queues:89:21)</failure>
    </testcase>
    <testcase classname="Recipes REST API › GET /recipes" name="should return empty list when recipes directory does not exist" time="0.006">
      <failure>Error: expected 200 &quot;OK&quot;, got 500 &quot;Internal Server Error&quot;
    at Object.&lt;anonymous&gt; (/app/server/tests/recipes.test.ts:45:59)
    at Promise.finally.completed (/app/server/node_modules/jest-circus/build/jestAdapterInit.js:1557:28)
    at new Promise (&lt;anonymous&gt;)
    at callAsyncCircusFn (/app/server/node_modules/jest-circus/build/jestAdapterInit.js:1497:10)
    at _callCircusTest (/app/server/node_modules/jest-circus/build/jestAdapterInit.js:1007:40)
    at processTicksAndRejections (node:internal/process/task_queues:105:5)
    at _runTest (/app/server/node_modules/jest-circus/build/jestAdapterInit.js:947:3)
    at /app/server/node_modules/jest-circus/build/jestAdapterInit.js:849:7
    at _runTestsForDescribeBlock (/app/server/node_modules/jest-circus/build/jestAdapterInit.js:862:11)
    at _runTestsForDescribeBlock (/app/server/node_modules/jest-circus/build/jestAdapterInit.js:857:11)
    at _runTestsForDescribeBlock (/app/server/node_modules/jest-circus/build/jestAdapterInit.js:857:11)
    at run (/app/server/node_modules/jest-circus/build/jestAdapterInit.js:761:3)
    at runAndTransformResultsToJestFormat (/app/server/node_modules/jest-circus/build/jestAdapterInit.js:1918:21)
    at jestAdapter (/app/server/node_modules/jest-circus/build/runner.js:101:19)
    at runTestInternal (/app/server/node_modules/jest-runner/build/testWorker.js:275:16)
    at runTest (/app/server/node_modules/jest-runner/build/testWorker.js:343:7)
    at Object.worker (/app/server/node_modules/jest-runner/build/testWorker.js:497:12)
----
    at Test._assertStatus (/app/server/node_modules/supertest/lib/test.js:309:14)
    at /app/server/node_modules/supertest/lib/test.js:365:13
    at Test._assertFunction (/app/server/node_modules/supertest/lib/test.js:342:13)
    at Test.assert (/app/server/node_modules/supertest/lib/test.js:195:23)
    at localAssert (/app/server/node_modules/supertest/lib/test.js:138:14)
    at Server.&lt;anonymous&gt; (/app/server/node_modules/supertest/lib/test.js:152:11)
    at Object.onceWrapper (node:events:633:28)
    at Server.emit (node:events:519:28)
    at emitCloseNT (node:net:2419:8)
    at processTicksAndRejections (node:internal/process/task_queues:89:21)</failure>
    </testcase>
    <testcase classname="Recipes REST API › GET /recipes" name="should handle errors gracefully" time="0.011">
      <failure>Error: expect(received).toEqual(expected) // deep equality

- Expected  - 3
+ Received  + 1

- Object {
-   &quot;error&quot;: &quot;failed to list recipes&quot;,
- }
+ Object {}
    at Object.&lt;anonymous&gt; (/app/server/tests/recipes.test.ts:57:29)
    at processTicksAndRejections (node:internal/process/task_queues:105:5)</failure>
    </testcase>
    <testcase classname="Recipes REST API › POST /recipes/run" name="should validate required name parameter" time="0.043">
      <failure>Error: expect(received).toEqual(expected) // deep equality

- Expected  - 3
+ Received  + 1

- Object {
-   &quot;error&quot;: &quot;name required&quot;,
- }
+ Object {}
    at Object.&lt;anonymous&gt; (/app/server/tests/recipes.test.ts:81:29)
    at processTicksAndRejections (node:internal/process/task_queues:105:5)</failure>
    </testcase>
    <testcase classname="Recipes REST API › POST /recipes/run" name="should return error for non-existent recipe" time="0.01">
      <failure>Error: expect(received).toContain(expected) // indexOf

Matcher error: received value must not be null nor undefined

Received has value: undefined
    at Object.&lt;anonymous&gt; (/app/server/tests/recipes.test.ts:93:35)
    at processTicksAndRejections (node:internal/process/task_queues:105:5)</failure>
    </testcase>
    <testcase classname="Recipes REST API › POST /recipes/run" name="should successfully run recipe with valid name" time="0.007">
      <failure>Error: expected 200 &quot;OK&quot;, got 500 &quot;Internal Server Error&quot;
    at Object.&lt;anonymous&gt; (/app/server/tests/recipes.test.ts:104:10)
    at Promise.finally.completed (/app/server/node_modules/jest-circus/build/jestAdapterInit.js:1557:28)
    at new Promise (&lt;anonymous&gt;)
    at callAsyncCircusFn (/app/server/node_modules/jest-circus/build/jestAdapterInit.js:1497:10)
    at _callCircusTest (/app/server/node_modules/jest-circus/build/jestAdapterInit.js:1007:40)
    at processTicksAndRejections (node:internal/process/task_queues:105:5)
    at _runTest (/app/server/node_modules/jest-circus/build/jestAdapterInit.js:947:3)
    at /app/server/node_modules/jest-circus/build/jestAdapterInit.js:849:7
    at _runTestsForDescribeBlock (/app/server/node_modules/jest-circus/build/jestAdapterInit.js:862:11)
    at _runTestsForDescribeBlock (/app/server/node_modules/jest-circus/build/jestAdapterInit.js:857:11)
    at _runTestsForDescribeBlock (/app/server/node_modules/jest-circus/build/jestAdapterInit.js:857:11)
    at run (/app/server/node_modules/jest-circus/build/jestAdapterInit.js:761:3)
    at runAndTransformResultsToJestFormat (/app/server/node_modules/jest-circus/build/jestAdapterInit.js:1918:21)
    at jestAdapter (/app/server/node_modules/jest-circus/build/runner.js:101:19)
    at runTestInternal (/app/server/node_modules/jest-runner/build/testWorker.js:275:16)
    at runTest (/app/server/node_modules/jest-runner/build/testWorker.js:343:7)
    at Object.worker (/app/server/node_modules/jest-runner/build/testWorker.js:497:12)
----
    at Test._assertStatus (/app/server/node_modules/supertest/lib/test.js:309:14)
    at /app/server/node_modules/supertest/lib/test.js:365:13
    at Test._assertFunction (/app/server/node_modules/supertest/lib/test.js:342:13)
    at Test.assert (/app/server/node_modules/supertest/lib/test.js:195:23)
    at localAssert (/app/server/node_modules/supertest/lib/test.js:138:14)
    at Server.&lt;anonymous&gt; (/app/server/node_modules/supertest/lib/test.js:152:11)
    at Object.onceWrapper (node:events:633:28)
    at Server.emit (node:events:519:28)
    at emitCloseNT (node:net:2419:8)
    at processTicksAndRejections (node:internal/process/task_queues:89:21)</failure>
    </testcase>
    <testcase classname="Recipes REST API › POST /recipes/run" name="should handle recipe with .yml extension" time="0.008">
      <failure>Error: expected 200 &quot;OK&quot;, got 500 &quot;Internal Server Error&quot;
    at Object.&lt;anonymous&gt; (/app/server/tests/recipes.test.ts:123:10)
    at Promise.finally.completed (/app/server/node_modules/jest-circus/build/jestAdapterInit.js:1557:28)
    at new Promise (&lt;anonymous&gt;)
    at callAsyncCircusFn (/app/server/node_modules/jest-circus/build/jestAdapterInit.js:1497:10)
    at _callCircusTest (/app/server/node_modules/jest-circus/build/jestAdapterInit.js:1007:40)
    at processTicksAndRejections (node:internal/process/task_queues:105:5)
    at _runTest (/app/server/node_modules/jest-circus/build/jestAdapterInit.js:947:3)
    at /app/server/node_modules/jest-circus/build/jestAdapterInit.js:849:7
    at _runTestsForDescribeBlock (/app/server/node_modules/jest-circus/build/jestAdapterInit.js:862:11)
    at _runTestsForDescribeBlock (/app/server/node_modules/jest-circus/build/jestAdapterInit.js:857:11)
    at _runTestsForDescribeBlock (/app/server/node_modules/jest-circus/build/jestAdapterInit.js:857:11)
    at run (/app/server/node_modules/jest-circus/build/jestAdapterInit.js:761:3)
    at runAndTransformResultsToJestFormat (/app/server/node_modules/jest-circus/build/jestAdapterInit.js:1918:21)
    at jestAdapter (/app/server/node_modules/jest-circus/build/runner.js:101:19)
    at runTestInternal (/app/server/node_modules/jest-runner/build/testWorker.js:275:16)
    at runTest (/app/server/node_modules/jest-runner/build/testWorker.js:343:7)
    at Object.worker (/app/server/node_modules/jest-runner/build/testWorker.js:497:12)
----
    at Test._assertStatus (/app/server/node_modules/supertest/lib/test.js:309:14)
    at /app/server/node_modules/supertest/lib/test.js:365:13
    at Test._assertFunction (/app/server/node_modules/supertest/lib/test.js:342:13)
    at Test.assert (/app/server/node_modules/supertest/lib/test.js:195:23)
    at localAssert (/app/server/node_modules/supertest/lib/test.js:138:14)
    at Server.&lt;anonymous&gt; (/app/server/node_modules/supertest/lib/test.js:152:11)
    at Object.onceWrapper (node:events:633:28)
    at Server.emit (node:events:519:28)
    at emitCloseNT (node:net:2419:8)
    at processTicksAndRejections (node:internal/process/task_queues:89:21)</failure>
    </testcase>
    <testcase classname="Recipes REST API › POST /recipes/run" name="should handle recipe loading errors" time="0.009">
      <failure>Error: expect(received).toEqual(expected) // deep equality

- Expected  - 3
+ Received  + 1

- Object {
-   &quot;error&quot;: &quot;Recipe loading error: YAML parsing failed&quot;,
- }
+ Object {}
    at Object.&lt;anonymous&gt; (/app/server/tests/recipes.test.ts:136:29)
    at processTicksAndRejections (node:internal/process/task_queues:105:5)</failure>
    </testcase>
    <testcase classname="Recipes REST API › POST /recipes/run" name="should validate required inputs" time="0.009">
      <failure>Error: expect(received).toEqual(expected) // deep equality

- Expected  - 3
+ Received  + 1

- Object {
-   &quot;error&quot;: &quot;Required input &apos;requiredParam&apos; is missing&quot;,
- }
+ Object {}
    at Object.&lt;anonymous&gt; (/app/server/tests/recipes.test.ts:158:29)
    at processTicksAndRejections (node:internal/process/task_queues:105:5)</failure>
    </testcase>
    <testcase classname="Recipes REST API › POST /recipes/run" name="should handle budget plugin requirement" time="0.008">
      <failure>Error: expect(received).toEqual(expected) // deep equality

- Expected  - 3
+ Received  + 1

- Object {
-   &quot;error&quot;: &quot;Budget plugin is required but not available&quot;,
- }
+ Object {}
    at Object.&lt;anonymous&gt; (/app/server/tests/recipes.test.ts:171:29)
    at processTicksAndRejections (node:internal/process/task_queues:105:5)</failure>
    </testcase>
    <testcase classname="Recipes REST API › POST /recipes/run" name="should accept user context from request" time="0.014">
      <failure>Error: expected 200 &quot;OK&quot;, got 402 &quot;Payment Required&quot;
    at Object.&lt;anonymous&gt; (/app/server/tests/recipes.test.ts:189:10)
    at Promise.finally.completed (/app/server/node_modules/jest-circus/build/jestAdapterInit.js:1557:28)
    at new Promise (&lt;anonymous&gt;)
    at callAsyncCircusFn (/app/server/node_modules/jest-circus/build/jestAdapterInit.js:1497:10)
    at _callCircusTest (/app/server/node_modules/jest-circus/build/jestAdapterInit.js:1007:40)
    at processTicksAndRejections (node:internal/process/task_queues:105:5)
    at _runTest (/app/server/node_modules/jest-circus/build/jestAdapterInit.js:947:3)
    at /app/server/node_modules/jest-circus/build/jestAdapterInit.js:849:7
    at _runTestsForDescribeBlock (/app/server/node_modules/jest-circus/build/jestAdapterInit.js:862:11)
    at _runTestsForDescribeBlock (/app/server/node_modules/jest-circus/build/jestAdapterInit.js:857:11)
    at _runTestsForDescribeBlock (/app/server/node_modules/jest-circus/build/jestAdapterInit.js:857:11)
    at run (/app/server/node_modules/jest-circus/build/jestAdapterInit.js:761:3)
    at runAndTransformResultsToJestFormat (/app/server/node_modules/jest-circus/build/jestAdapterInit.js:1918:21)
    at jestAdapter (/app/server/node_modules/jest-circus/build/runner.js:101:19)
    at runTestInternal (/app/server/node_modules/jest-runner/build/testWorker.js:275:16)
    at runTest (/app/server/node_modules/jest-runner/build/testWorker.js:343:7)
    at Object.worker (/app/server/node_modules/jest-runner/build/testWorker.js:497:12)
----
    at Test._assertStatus (/app/server/node_modules/supertest/lib/test.js:309:14)
    at /app/server/node_modules/supertest/lib/test.js:365:13
    at Test._assertFunction (/app/server/node_modules/supertest/lib/test.js:342:13)
    at Test.assert (/app/server/node_modules/supertest/lib/test.js:195:23)
    at localAssert (/app/server/node_modules/supertest/lib/test.js:138:14)
    at Server.&lt;anonymous&gt; (/app/server/node_modules/supertest/lib/test.js:152:11)
    at Object.onceWrapper (node:events:633:28)
    at Server.emit (node:events:519:28)
    at emitCloseNT (node:net:2419:8)
    at processTicksAndRejections (node:internal/process/task_queues:89:21)</failure>
    </testcase>
    <testcase classname="Recipes REST API › POST /recipes/run" name="should handle unexpected errors gracefully" time="0.007">
      <failure>Error: expected 500 &quot;Internal Server Error&quot;, got 400 &quot;Bad Request&quot;
    at Object.&lt;anonymous&gt; (/app/server/tests/recipes.test.ts:200:10)
    at Promise.finally.completed (/app/server/node_modules/jest-circus/build/jestAdapterInit.js:1557:28)
    at new Promise (&lt;anonymous&gt;)
    at callAsyncCircusFn (/app/server/node_modules/jest-circus/build/jestAdapterInit.js:1497:10)
    at _callCircusTest (/app/server/node_modules/jest-circus/build/jestAdapterInit.js:1007:40)
    at processTicksAndRejections (node:internal/process/task_queues:105:5)
    at _runTest (/app/server/node_modules/jest-circus/build/jestAdapterInit.js:947:3)
    at /app/server/node_modules/jest-circus/build/jestAdapterInit.js:849:7
    at _runTestsForDescribeBlock (/app/server/node_modules/jest-circus/build/jestAdapterInit.js:862:11)
    at _runTestsForDescribeBlock (/app/server/node_modules/jest-circus/build/jestAdapterInit.js:857:11)
    at _runTestsForDescribeBlock (/app/server/node_modules/jest-circus/build/jestAdapterInit.js:857:11)
    at run (/app/server/node_modules/jest-circus/build/jestAdapterInit.js:761:3)
    at runAndTransformResultsToJestFormat (/app/server/node_modules/jest-circus/build/jestAdapterInit.js:1918:21)
    at jestAdapter (/app/server/node_modules/jest-circus/build/runner.js:101:19)
    at runTestInternal (/app/server/node_modules/jest-runner/build/testWorker.js:275:16)
    at runTest (/app/server/node_modules/jest-runner/build/testWorker.js:343:7)
    at Object.worker (/app/server/node_modules/jest-runner/build/testWorker.js:497:12)
----
    at Test._assertStatus (/app/server/node_modules/supertest/lib/test.js:309:14)
    at /app/server/node_modules/supertest/lib/test.js:365:13
    at Test._assertFunction (/app/server/node_modules/supertest/lib/test.js:342:13)
    at Test.assert (/app/server/node_modules/supertest/lib/test.js:195:23)
    at localAssert (/app/server/node_modules/supertest/lib/test.js:138:14)
    at Server.&lt;anonymous&gt; (/app/server/node_modules/supertest/lib/test.js:152:11)
    at Object.onceWrapper (node:events:633:28)
    at Server.emit (node:events:519:28)
    at emitCloseNT (node:net:2419:8)
    at processTicksAndRejections (node:internal/process/task_queues:89:21)</failure>
    </testcase>
  </testsuite>
  <testsuite name="HybridEntityResolutionService" errors="0" failures="1" skipped="0" timestamp="2025-11-20T23:35:04" time="0.365" tests="1">
    <testcase classname="HybridEntityResolutionService" name="returns deterministic results" time="0.295">
      <failure>Error: /home/jules/.pyenv/versions/3.12.12/bin/python3: can&apos;t open file &apos;/app/server/ml/er/api.py&apos;: [Errno 2] No such file or directory

    at PythonShell.parseError (/app/server/node_modules/python-shell/index.ts:383:21)
    at terminateIfNeeded (/app/server/node_modules/python-shell/index.ts:239:32)
    at ChildProcess.&lt;anonymous&gt; (/app/server/node_modules/python-shell/index.ts:230:13)
    at ChildProcess.emit (node:events:519:28)
    at Process.ChildProcess._handle.onexit (node:internal/child_process:293:12)
    at Process.callbackTrampoline (node:internal/async_hooks:130:17)</failure>
    </testcase>
  </testsuite>
  <testsuite name="undefined" errors="0" failures="1" skipped="0" timestamp="2025-11-20T23:35:04" time="0.096" tests="1">
    <testcase classname="" name="similarEntities by text" time="0.001">
      <failure>TypeError: Cannot read properties of undefined (reading &apos;address&apos;)
    at Test.serverAddress (/app/server/node_modules/supertest/lib/test.js:61:22)
    at new Test (/app/server/node_modules/supertest/lib/test.js:49:14)
    at Object.obj.&lt;computed&gt; [as post] (/app/server/node_modules/supertest/index.js:39:18)
    at Object.&lt;anonymous&gt; (/app/server/tests/similarity.text.test.ts:5:6)
    at Promise.finally.completed (/app/server/node_modules/jest-circus/build/jestAdapterInit.js:1557:28)
    at new Promise (&lt;anonymous&gt;)
    at callAsyncCircusFn (/app/server/node_modules/jest-circus/build/jestAdapterInit.js:1497:10)
    at _callCircusTest (/app/server/node_modules/jest-circus/build/jestAdapterInit.js:1007:40)
    at processTicksAndRejections (node:internal/process/task_queues:105:5)
    at _runTest (/app/server/node_modules/jest-circus/build/jestAdapterInit.js:947:3)
    at /app/server/node_modules/jest-circus/build/jestAdapterInit.js:849:7
    at _runTestsForDescribeBlock (/app/server/node_modules/jest-circus/build/jestAdapterInit.js:862:11)
    at run (/app/server/node_modules/jest-circus/build/jestAdapterInit.js:761:3)
    at runAndTransformResultsToJestFormat (/app/server/node_modules/jest-circus/build/jestAdapterInit.js:1918:21)
    at jestAdapter (/app/server/node_modules/jest-circus/build/runner.js:101:19)
    at runTestInternal (/app/server/node_modules/jest-runner/build/testWorker.js:275:16)
    at runTest (/app/server/node_modules/jest-runner/build/testWorker.js:343:7)
    at Object.worker (/app/server/node_modules/jest-runner/build/testWorker.js:497:12)</failure>
    </testcase>
  </testsuite>
  <testsuite name="Bitemporal Functionality" errors="0" failures="10" skipped="0" timestamp="2025-11-20T23:35:04" time="0.108" tests="10">
    <testcase classname="Bitemporal Functionality › Valid Time Dimension" name="should track when facts were true in reality" time="0.001">
      <failure>AggregateError:
    at /app/server/node_modules/pg-pool/index.js:45:11
    at processTicksAndRejections (node:internal/process/task_queues:105:5)
    at migrate (/app/server/src/migrations/021_canonical_entities_bitemporal.ts:19:3)
    at Object.&lt;anonymous&gt; (/app/server/src/tests/canonical/bitemporal.test.ts:34:5)</failure>
    </testcase>
    <testcase classname="Bitemporal Functionality › Valid Time Dimension" name="should support querying entities in a time range" time="0">
      <failure>AggregateError:
    at /app/server/node_modules/pg-pool/index.js:45:11
    at processTicksAndRejections (node:internal/process/task_queues:105:5)
    at migrate (/app/server/src/migrations/021_canonical_entities_bitemporal.ts:19:3)
    at Object.&lt;anonymous&gt; (/app/server/src/tests/canonical/bitemporal.test.ts:34:5)</failure>
    </testcase>
    <testcase classname="Bitemporal Functionality › Transaction Time Dimension" name="should track when facts were recorded in the system" time="0">
      <failure>AggregateError:
    at /app/server/node_modules/pg-pool/index.js:45:11
    at processTicksAndRejections (node:internal/process/task_queues:105:5)
    at migrate (/app/server/src/migrations/021_canonical_entities_bitemporal.ts:19:3)
    at Object.&lt;anonymous&gt; (/app/server/src/tests/canonical/bitemporal.test.ts:34:5)</failure>
    </testcase>
    <testcase classname="Bitemporal Functionality › Transaction Time Dimension" name="should support retroactive corrections" time="0">
      <failure>AggregateError:
    at /app/server/node_modules/pg-pool/index.js:45:11
    at processTicksAndRejections (node:internal/process/task_queues:105:5)
    at migrate (/app/server/src/migrations/021_canonical_entities_bitemporal.ts:19:3)
    at Object.&lt;anonymous&gt; (/app/server/src/tests/canonical/bitemporal.test.ts:34:5)</failure>
    </testcase>
    <testcase classname="Bitemporal Functionality › Entity History" name="should track all versions of an entity" time="0">
      <failure>AggregateError:
    at /app/server/node_modules/pg-pool/index.js:45:11
    at processTicksAndRejections (node:internal/process/task_queues:105:5)
    at migrate (/app/server/src/migrations/021_canonical_entities_bitemporal.ts:19:3)
    at Object.&lt;anonymous&gt; (/app/server/src/tests/canonical/bitemporal.test.ts:34:5)</failure>
    </testcase>
    <testcase classname="Bitemporal Functionality › Entity History" name="should calculate temporal distance between versions" time="0">
      <failure>AggregateError:
    at /app/server/node_modules/pg-pool/index.js:45:11
    at processTicksAndRejections (node:internal/process/task_queues:105:5)
    at migrate (/app/server/src/migrations/021_canonical_entities_bitemporal.ts:19:3)
    at Object.&lt;anonymous&gt; (/app/server/src/tests/canonical/bitemporal.test.ts:34:5)</failure>
    </testcase>
    <testcase classname="Bitemporal Functionality › Soft Delete" name="should soft delete entities without removing history" time="0">
      <failure>AggregateError:
    at /app/server/node_modules/pg-pool/index.js:45:11
    at processTicksAndRejections (node:internal/process/task_queues:105:5)
    at migrate (/app/server/src/migrations/021_canonical_entities_bitemporal.ts:19:3)
    at Object.&lt;anonymous&gt; (/app/server/src/tests/canonical/bitemporal.test.ts:34:5)</failure>
    </testcase>
    <testcase classname="Bitemporal Functionality › Helper Functions" name="should check if entity is valid at a specific time" time="0">
      <failure>AggregateError:
    at /app/server/node_modules/pg-pool/index.js:45:11
    at processTicksAndRejections (node:internal/process/task_queues:105:5)
    at migrate (/app/server/src/migrations/021_canonical_entities_bitemporal.ts:19:3)
    at Object.&lt;anonymous&gt; (/app/server/src/tests/canonical/bitemporal.test.ts:34:5)</failure>
    </testcase>
    <testcase classname="Bitemporal Functionality › Helper Functions" name="should check if entity was known at a specific time" time="0">
      <failure>AggregateError:
    at /app/server/node_modules/pg-pool/index.js:45:11
    at processTicksAndRejections (node:internal/process/task_queues:105:5)
    at migrate (/app/server/src/migrations/021_canonical_entities_bitemporal.ts:19:3)
    at Object.&lt;anonymous&gt; (/app/server/src/tests/canonical/bitemporal.test.ts:34:5)</failure>
    </testcase>
    <testcase classname="Bitemporal Functionality › Helper Functions" name="should filter entities by temporal constraints" time="0">
      <failure>AggregateError:
    at /app/server/node_modules/pg-pool/index.js:45:11
    at processTicksAndRejections (node:internal/process/task_queues:105:5)
    at migrate (/app/server/src/migrations/021_canonical_entities_bitemporal.ts:19:3)
    at Object.&lt;anonymous&gt; (/app/server/src/tests/canonical/bitemporal.test.ts:34:5)</failure>
    </testcase>
    <testcase classname="" name="Test execution failure: could be caused by test hooks like &apos;afterAll&apos;." time="0">
      <failure>{&quot;message&quot;:&quot;&quot;,&quot;stack&quot;:&quot;AggregateError: \n    at /app/server/node_modules/pg-pool/index.js:45:11\n    at processTicksAndRejections (node:internal/process/task_queues:105:5)\n    at Object.&lt;anonymous&gt; (/app/server/src/tests/canonical/bitemporal.test.ts:39:5)&quot;}</failure>
    </testcase>
  </testsuite>
  <testsuite name="JWTSecurityManager" errors="0" failures="31" skipped="0" timestamp="2025-11-20T23:35:04" time="0.466" tests="31">
    <testcase classname="JWTSecurityManager › Initialization" name="should initialize successfully with default config" time="0.002">
      <failure>TypeError: Cannot read properties of undefined (reading &apos;connect&apos;)
    at Object.&lt;anonymous&gt; (/app/server/src/security/__tests__/jwt-security.test.ts:38:15)
    at Promise.finally.completed (/app/server/node_modules/jest-circus/build/jestAdapterInit.js:1557:28)
    at new Promise (&lt;anonymous&gt;)
    at callAsyncCircusFn (/app/server/node_modules/jest-circus/build/jestAdapterInit.js:1497:10)
    at _callCircusHook (/app/server/node_modules/jest-circus/build/jestAdapterInit.js:976:40)
    at processTicksAndRejections (node:internal/process/task_queues:105:5)
    at _runTest (/app/server/node_modules/jest-circus/build/jestAdapterInit.js:941:5)
    at /app/server/node_modules/jest-circus/build/jestAdapterInit.js:849:7
    at _runTestsForDescribeBlock (/app/server/node_modules/jest-circus/build/jestAdapterInit.js:862:11)
    at _runTestsForDescribeBlock (/app/server/node_modules/jest-circus/build/jestAdapterInit.js:857:11)
    at _runTestsForDescribeBlock (/app/server/node_modules/jest-circus/build/jestAdapterInit.js:857:11)
    at run (/app/server/node_modules/jest-circus/build/jestAdapterInit.js:761:3)
    at runAndTransformResultsToJestFormat (/app/server/node_modules/jest-circus/build/jestAdapterInit.js:1918:21)
    at jestAdapter (/app/server/node_modules/jest-circus/build/runner.js:101:19)
    at runTestInternal (/app/server/node_modules/jest-runner/build/testWorker.js:275:16)
    at runTest (/app/server/node_modules/jest-runner/build/testWorker.js:343:7)
    at Object.worker (/app/server/node_modules/jest-runner/build/testWorker.js:497:12)</failure>
    </testcase>
    <testcase classname="JWTSecurityManager › Initialization" name="should generate new key if none exists in Redis" time="0.002">
      <failure>TypeError: Cannot read properties of undefined (reading &apos;connect&apos;)
    at Object.&lt;anonymous&gt; (/app/server/src/security/__tests__/jwt-security.test.ts:38:15)
    at Promise.finally.completed (/app/server/node_modules/jest-circus/build/jestAdapterInit.js:1557:28)
    at new Promise (&lt;anonymous&gt;)
    at callAsyncCircusFn (/app/server/node_modules/jest-circus/build/jestAdapterInit.js:1497:10)
    at _callCircusHook (/app/server/node_modules/jest-circus/build/jestAdapterInit.js:976:40)
    at processTicksAndRejections (node:internal/process/task_queues:105:5)
    at _runTest (/app/server/node_modules/jest-circus/build/jestAdapterInit.js:941:5)
    at /app/server/node_modules/jest-circus/build/jestAdapterInit.js:849:7
    at _runTestsForDescribeBlock (/app/server/node_modules/jest-circus/build/jestAdapterInit.js:862:11)
    at _runTestsForDescribeBlock (/app/server/node_modules/jest-circus/build/jestAdapterInit.js:857:11)
    at _runTestsForDescribeBlock (/app/server/node_modules/jest-circus/build/jestAdapterInit.js:857:11)
    at run (/app/server/node_modules/jest-circus/build/jestAdapterInit.js:761:3)
    at runAndTransformResultsToJestFormat (/app/server/node_modules/jest-circus/build/jestAdapterInit.js:1918:21)
    at jestAdapter (/app/server/node_modules/jest-circus/build/runner.js:101:19)
    at runTestInternal (/app/server/node_modules/jest-runner/build/testWorker.js:275:16)
    at runTest (/app/server/node_modules/jest-runner/build/testWorker.js:343:7)
    at Object.worker (/app/server/node_modules/jest-runner/build/testWorker.js:497:12)</failure>
    </testcase>
    <testcase classname="JWTSecurityManager › Initialization" name="should load existing key from Redis" time="0.001">
      <failure>TypeError: Cannot read properties of undefined (reading &apos;connect&apos;)
    at Object.&lt;anonymous&gt; (/app/server/src/security/__tests__/jwt-security.test.ts:38:15)
    at Promise.finally.completed (/app/server/node_modules/jest-circus/build/jestAdapterInit.js:1557:28)
    at new Promise (&lt;anonymous&gt;)
    at callAsyncCircusFn (/app/server/node_modules/jest-circus/build/jestAdapterInit.js:1497:10)
    at _callCircusHook (/app/server/node_modules/jest-circus/build/jestAdapterInit.js:976:40)
    at processTicksAndRejections (node:internal/process/task_queues:105:5)
    at _runTest (/app/server/node_modules/jest-circus/build/jestAdapterInit.js:941:5)
    at /app/server/node_modules/jest-circus/build/jestAdapterInit.js:849:7
    at _runTestsForDescribeBlock (/app/server/node_modules/jest-circus/build/jestAdapterInit.js:862:11)
    at _runTestsForDescribeBlock (/app/server/node_modules/jest-circus/build/jestAdapterInit.js:857:11)
    at _runTestsForDescribeBlock (/app/server/node_modules/jest-circus/build/jestAdapterInit.js:857:11)
    at run (/app/server/node_modules/jest-circus/build/jestAdapterInit.js:761:3)
    at runAndTransformResultsToJestFormat (/app/server/node_modules/jest-circus/build/jestAdapterInit.js:1918:21)
    at jestAdapter (/app/server/node_modules/jest-circus/build/runner.js:101:19)
    at runTestInternal (/app/server/node_modules/jest-runner/build/testWorker.js:275:16)
    at runTest (/app/server/node_modules/jest-runner/build/testWorker.js:343:7)
    at Object.worker (/app/server/node_modules/jest-runner/build/testWorker.js:497:12)</failure>
    </testcase>
    <testcase classname="JWTSecurityManager › Initialization" name="should rotate expired key on initialization" time="0.001">
      <failure>TypeError: Cannot read properties of undefined (reading &apos;connect&apos;)
    at Object.&lt;anonymous&gt; (/app/server/src/security/__tests__/jwt-security.test.ts:38:15)
    at Promise.finally.completed (/app/server/node_modules/jest-circus/build/jestAdapterInit.js:1557:28)
    at new Promise (&lt;anonymous&gt;)
    at callAsyncCircusFn (/app/server/node_modules/jest-circus/build/jestAdapterInit.js:1497:10)
    at _callCircusHook (/app/server/node_modules/jest-circus/build/jestAdapterInit.js:976:40)
    at processTicksAndRejections (node:internal/process/task_queues:105:5)
    at _runTest (/app/server/node_modules/jest-circus/build/jestAdapterInit.js:941:5)
    at /app/server/node_modules/jest-circus/build/jestAdapterInit.js:849:7
    at _runTestsForDescribeBlock (/app/server/node_modules/jest-circus/build/jestAdapterInit.js:862:11)
    at _runTestsForDescribeBlock (/app/server/node_modules/jest-circus/build/jestAdapterInit.js:857:11)
    at _runTestsForDescribeBlock (/app/server/node_modules/jest-circus/build/jestAdapterInit.js:857:11)
    at run (/app/server/node_modules/jest-circus/build/jestAdapterInit.js:761:3)
    at runAndTransformResultsToJestFormat (/app/server/node_modules/jest-circus/build/jestAdapterInit.js:1918:21)
    at jestAdapter (/app/server/node_modules/jest-circus/build/runner.js:101:19)
    at runTestInternal (/app/server/node_modules/jest-runner/build/testWorker.js:275:16)
    at runTest (/app/server/node_modules/jest-runner/build/testWorker.js:343:7)
    at Object.worker (/app/server/node_modules/jest-runner/build/testWorker.js:497:12)</failure>
    </testcase>
    <testcase classname="JWTSecurityManager › Token Signing" name="should sign a token with required claims" time="0.001">
      <failure>TypeError: Cannot read properties of undefined (reading &apos;connect&apos;)
    at Object.&lt;anonymous&gt; (/app/server/src/security/__tests__/jwt-security.test.ts:38:15)
    at Promise.finally.completed (/app/server/node_modules/jest-circus/build/jestAdapterInit.js:1557:28)
    at new Promise (&lt;anonymous&gt;)
    at callAsyncCircusFn (/app/server/node_modules/jest-circus/build/jestAdapterInit.js:1497:10)
    at _callCircusHook (/app/server/node_modules/jest-circus/build/jestAdapterInit.js:976:40)
    at processTicksAndRejections (node:internal/process/task_queues:105:5)
    at _runTest (/app/server/node_modules/jest-circus/build/jestAdapterInit.js:941:5)
    at /app/server/node_modules/jest-circus/build/jestAdapterInit.js:849:7
    at _runTestsForDescribeBlock (/app/server/node_modules/jest-circus/build/jestAdapterInit.js:862:11)
    at _runTestsForDescribeBlock (/app/server/node_modules/jest-circus/build/jestAdapterInit.js:857:11)
    at _runTestsForDescribeBlock (/app/server/node_modules/jest-circus/build/jestAdapterInit.js:857:11)
    at run (/app/server/node_modules/jest-circus/build/jestAdapterInit.js:761:3)
    at runAndTransformResultsToJestFormat (/app/server/node_modules/jest-circus/build/jestAdapterInit.js:1918:21)
    at jestAdapter (/app/server/node_modules/jest-circus/build/runner.js:101:19)
    at runTestInternal (/app/server/node_modules/jest-runner/build/testWorker.js:275:16)
    at runTest (/app/server/node_modules/jest-runner/build/testWorker.js:343:7)
    at Object.worker (/app/server/node_modules/jest-runner/build/testWorker.js:497:12)</failure>
    </testcase>
    <testcase classname="JWTSecurityManager › Token Signing" name="should include kid in JWT header" time="0.002">
      <failure>TypeError: Cannot read properties of undefined (reading &apos;connect&apos;)
    at Object.&lt;anonymous&gt; (/app/server/src/security/__tests__/jwt-security.test.ts:38:15)
    at Promise.finally.completed (/app/server/node_modules/jest-circus/build/jestAdapterInit.js:1557:28)
    at new Promise (&lt;anonymous&gt;)
    at callAsyncCircusFn (/app/server/node_modules/jest-circus/build/jestAdapterInit.js:1497:10)
    at _callCircusHook (/app/server/node_modules/jest-circus/build/jestAdapterInit.js:976:40)
    at processTicksAndRejections (node:internal/process/task_queues:105:5)
    at _runTest (/app/server/node_modules/jest-circus/build/jestAdapterInit.js:941:5)
    at /app/server/node_modules/jest-circus/build/jestAdapterInit.js:849:7
    at _runTestsForDescribeBlock (/app/server/node_modules/jest-circus/build/jestAdapterInit.js:862:11)
    at _runTestsForDescribeBlock (/app/server/node_modules/jest-circus/build/jestAdapterInit.js:857:11)
    at _runTestsForDescribeBlock (/app/server/node_modules/jest-circus/build/jestAdapterInit.js:857:11)
    at run (/app/server/node_modules/jest-circus/build/jestAdapterInit.js:761:3)
    at runAndTransformResultsToJestFormat (/app/server/node_modules/jest-circus/build/jestAdapterInit.js:1918:21)
    at jestAdapter (/app/server/node_modules/jest-circus/build/runner.js:101:19)
    at runTestInternal (/app/server/node_modules/jest-runner/build/testWorker.js:275:16)
    at runTest (/app/server/node_modules/jest-runner/build/testWorker.js:343:7)
    at Object.worker (/app/server/node_modules/jest-runner/build/testWorker.js:497:12)</failure>
    </testcase>
    <testcase classname="JWTSecurityManager › Token Signing" name="should include jti for replay protection" time="0.001">
      <failure>TypeError: Cannot read properties of undefined (reading &apos;connect&apos;)
    at Object.&lt;anonymous&gt; (/app/server/src/security/__tests__/jwt-security.test.ts:38:15)
    at Promise.finally.completed (/app/server/node_modules/jest-circus/build/jestAdapterInit.js:1557:28)
    at new Promise (&lt;anonymous&gt;)
    at callAsyncCircusFn (/app/server/node_modules/jest-circus/build/jestAdapterInit.js:1497:10)
    at _callCircusHook (/app/server/node_modules/jest-circus/build/jestAdapterInit.js:976:40)
    at processTicksAndRejections (node:internal/process/task_queues:105:5)
    at _runTest (/app/server/node_modules/jest-circus/build/jestAdapterInit.js:941:5)
    at /app/server/node_modules/jest-circus/build/jestAdapterInit.js:849:7
    at _runTestsForDescribeBlock (/app/server/node_modules/jest-circus/build/jestAdapterInit.js:862:11)
    at _runTestsForDescribeBlock (/app/server/node_modules/jest-circus/build/jestAdapterInit.js:857:11)
    at _runTestsForDescribeBlock (/app/server/node_modules/jest-circus/build/jestAdapterInit.js:857:11)
    at run (/app/server/node_modules/jest-circus/build/jestAdapterInit.js:761:3)
    at runAndTransformResultsToJestFormat (/app/server/node_modules/jest-circus/build/jestAdapterInit.js:1918:21)
    at jestAdapter (/app/server/node_modules/jest-circus/build/runner.js:101:19)
    at runTestInternal (/app/server/node_modules/jest-runner/build/testWorker.js:275:16)
    at runTest (/app/server/node_modules/jest-runner/build/testWorker.js:343:7)
    at Object.worker (/app/server/node_modules/jest-runner/build/testWorker.js:497:12)</failure>
    </testcase>
    <testcase classname="JWTSecurityManager › Token Signing" name="should throw error if no current key available" time="0.001">
      <failure>TypeError: Cannot read properties of undefined (reading &apos;connect&apos;)
    at Object.&lt;anonymous&gt; (/app/server/src/security/__tests__/jwt-security.test.ts:38:15)
    at Promise.finally.completed (/app/server/node_modules/jest-circus/build/jestAdapterInit.js:1557:28)
    at new Promise (&lt;anonymous&gt;)
    at callAsyncCircusFn (/app/server/node_modules/jest-circus/build/jestAdapterInit.js:1497:10)
    at _callCircusHook (/app/server/node_modules/jest-circus/build/jestAdapterInit.js:976:40)
    at processTicksAndRejections (node:internal/process/task_queues:105:5)
    at _runTest (/app/server/node_modules/jest-circus/build/jestAdapterInit.js:941:5)
    at /app/server/node_modules/jest-circus/build/jestAdapterInit.js:849:7
    at _runTestsForDescribeBlock (/app/server/node_modules/jest-circus/build/jestAdapterInit.js:862:11)
    at _runTestsForDescribeBlock (/app/server/node_modules/jest-circus/build/jestAdapterInit.js:857:11)
    at _runTestsForDescribeBlock (/app/server/node_modules/jest-circus/build/jestAdapterInit.js:857:11)
    at run (/app/server/node_modules/jest-circus/build/jestAdapterInit.js:761:3)
    at runAndTransformResultsToJestFormat (/app/server/node_modules/jest-circus/build/jestAdapterInit.js:1918:21)
    at jestAdapter (/app/server/node_modules/jest-circus/build/runner.js:101:19)
    at runTestInternal (/app/server/node_modules/jest-runner/build/testWorker.js:275:16)
    at runTest (/app/server/node_modules/jest-runner/build/testWorker.js:343:7)
    at Object.worker (/app/server/node_modules/jest-runner/build/testWorker.js:497:12)</failure>
    </testcase>
    <testcase classname="JWTSecurityManager › Token Verification" name="should verify a valid token" time="0.002">
      <failure>TypeError: Cannot read properties of undefined (reading &apos;connect&apos;)
    at Object.&lt;anonymous&gt; (/app/server/src/security/__tests__/jwt-security.test.ts:38:15)
    at Promise.finally.completed (/app/server/node_modules/jest-circus/build/jestAdapterInit.js:1557:28)
    at new Promise (&lt;anonymous&gt;)
    at callAsyncCircusFn (/app/server/node_modules/jest-circus/build/jestAdapterInit.js:1497:10)
    at _callCircusHook (/app/server/node_modules/jest-circus/build/jestAdapterInit.js:976:40)
    at processTicksAndRejections (node:internal/process/task_queues:105:5)
    at _runTest (/app/server/node_modules/jest-circus/build/jestAdapterInit.js:941:5)
    at /app/server/node_modules/jest-circus/build/jestAdapterInit.js:849:7
    at _runTestsForDescribeBlock (/app/server/node_modules/jest-circus/build/jestAdapterInit.js:862:11)
    at _runTestsForDescribeBlock (/app/server/node_modules/jest-circus/build/jestAdapterInit.js:857:11)
    at _runTestsForDescribeBlock (/app/server/node_modules/jest-circus/build/jestAdapterInit.js:857:11)
    at run (/app/server/node_modules/jest-circus/build/jestAdapterInit.js:761:3)
    at runAndTransformResultsToJestFormat (/app/server/node_modules/jest-circus/build/jestAdapterInit.js:1918:21)
    at jestAdapter (/app/server/node_modules/jest-circus/build/runner.js:101:19)
    at runTestInternal (/app/server/node_modules/jest-runner/build/testWorker.js:275:16)
    at runTest (/app/server/node_modules/jest-runner/build/testWorker.js:343:7)
    at Object.worker (/app/server/node_modules/jest-runner/build/testWorker.js:497:12)</failure>
    </testcase>
    <testcase classname="JWTSecurityManager › Token Verification" name="should throw error for token without kid header" time="0.003">
      <failure>TypeError: Cannot read properties of undefined (reading &apos;connect&apos;)
    at Object.&lt;anonymous&gt; (/app/server/src/security/__tests__/jwt-security.test.ts:38:15)
    at Promise.finally.completed (/app/server/node_modules/jest-circus/build/jestAdapterInit.js:1557:28)
    at new Promise (&lt;anonymous&gt;)
    at callAsyncCircusFn (/app/server/node_modules/jest-circus/build/jestAdapterInit.js:1497:10)
    at _callCircusHook (/app/server/node_modules/jest-circus/build/jestAdapterInit.js:976:40)
    at processTicksAndRejections (node:internal/process/task_queues:105:5)
    at _runTest (/app/server/node_modules/jest-circus/build/jestAdapterInit.js:941:5)
    at /app/server/node_modules/jest-circus/build/jestAdapterInit.js:849:7
    at _runTestsForDescribeBlock (/app/server/node_modules/jest-circus/build/jestAdapterInit.js:862:11)
    at _runTestsForDescribeBlock (/app/server/node_modules/jest-circus/build/jestAdapterInit.js:857:11)
    at _runTestsForDescribeBlock (/app/server/node_modules/jest-circus/build/jestAdapterInit.js:857:11)
    at run (/app/server/node_modules/jest-circus/build/jestAdapterInit.js:761:3)
    at runAndTransformResultsToJestFormat (/app/server/node_modules/jest-circus/build/jestAdapterInit.js:1918:21)
    at jestAdapter (/app/server/node_modules/jest-circus/build/runner.js:101:19)
    at runTestInternal (/app/server/node_modules/jest-runner/build/testWorker.js:275:16)
    at runTest (/app/server/node_modules/jest-runner/build/testWorker.js:343:7)
    at Object.worker (/app/server/node_modules/jest-runner/build/testWorker.js:497:12)</failure>
    </testcase>
    <testcase classname="JWTSecurityManager › Token Verification" name="should throw error for invalid signature" time="0.002">
      <failure>TypeError: Cannot read properties of undefined (reading &apos;connect&apos;)
    at Object.&lt;anonymous&gt; (/app/server/src/security/__tests__/jwt-security.test.ts:38:15)
    at Promise.finally.completed (/app/server/node_modules/jest-circus/build/jestAdapterInit.js:1557:28)
    at new Promise (&lt;anonymous&gt;)
    at callAsyncCircusFn (/app/server/node_modules/jest-circus/build/jestAdapterInit.js:1497:10)
    at _callCircusHook (/app/server/node_modules/jest-circus/build/jestAdapterInit.js:976:40)
    at processTicksAndRejections (node:internal/process/task_queues:105:5)
    at _runTest (/app/server/node_modules/jest-circus/build/jestAdapterInit.js:941:5)
    at /app/server/node_modules/jest-circus/build/jestAdapterInit.js:849:7
    at _runTestsForDescribeBlock (/app/server/node_modules/jest-circus/build/jestAdapterInit.js:862:11)
    at _runTestsForDescribeBlock (/app/server/node_modules/jest-circus/build/jestAdapterInit.js:857:11)
    at _runTestsForDescribeBlock (/app/server/node_modules/jest-circus/build/jestAdapterInit.js:857:11)
    at run (/app/server/node_modules/jest-circus/build/jestAdapterInit.js:761:3)
    at runAndTransformResultsToJestFormat (/app/server/node_modules/jest-circus/build/jestAdapterInit.js:1918:21)
    at jestAdapter (/app/server/node_modules/jest-circus/build/runner.js:101:19)
    at runTestInternal (/app/server/node_modules/jest-runner/build/testWorker.js:275:16)
    at runTest (/app/server/node_modules/jest-runner/build/testWorker.js:343:7)
    at Object.worker (/app/server/node_modules/jest-runner/build/testWorker.js:497:12)</failure>
    </testcase>
    <testcase classname="JWTSecurityManager › Token Verification" name="should throw error for unknown kid" time="0.002">
      <failure>TypeError: Cannot read properties of undefined (reading &apos;connect&apos;)
    at Object.&lt;anonymous&gt; (/app/server/src/security/__tests__/jwt-security.test.ts:38:15)
    at Promise.finally.completed (/app/server/node_modules/jest-circus/build/jestAdapterInit.js:1557:28)
    at new Promise (&lt;anonymous&gt;)
    at callAsyncCircusFn (/app/server/node_modules/jest-circus/build/jestAdapterInit.js:1497:10)
    at _callCircusHook (/app/server/node_modules/jest-circus/build/jestAdapterInit.js:976:40)
    at processTicksAndRejections (node:internal/process/task_queues:105:5)
    at _runTest (/app/server/node_modules/jest-circus/build/jestAdapterInit.js:941:5)
    at /app/server/node_modules/jest-circus/build/jestAdapterInit.js:849:7
    at _runTestsForDescribeBlock (/app/server/node_modules/jest-circus/build/jestAdapterInit.js:862:11)
    at _runTestsForDescribeBlock (/app/server/node_modules/jest-circus/build/jestAdapterInit.js:857:11)
    at _runTestsForDescribeBlock (/app/server/node_modules/jest-circus/build/jestAdapterInit.js:857:11)
    at run (/app/server/node_modules/jest-circus/build/jestAdapterInit.js:761:3)
    at runAndTransformResultsToJestFormat (/app/server/node_modules/jest-circus/build/jestAdapterInit.js:1918:21)
    at jestAdapter (/app/server/node_modules/jest-circus/build/runner.js:101:19)
    at runTestInternal (/app/server/node_modules/jest-runner/build/testWorker.js:275:16)
    at runTest (/app/server/node_modules/jest-runner/build/testWorker.js:343:7)
    at Object.worker (/app/server/node_modules/jest-runner/build/testWorker.js:497:12)</failure>
    </testcase>
    <testcase classname="JWTSecurityManager › Token Verification" name="should detect replay attacks using JTI" time="0.003">
      <failure>TypeError: Cannot read properties of undefined (reading &apos;connect&apos;)
    at Object.&lt;anonymous&gt; (/app/server/src/security/__tests__/jwt-security.test.ts:38:15)
    at Promise.finally.completed (/app/server/node_modules/jest-circus/build/jestAdapterInit.js:1557:28)
    at new Promise (&lt;anonymous&gt;)
    at callAsyncCircusFn (/app/server/node_modules/jest-circus/build/jestAdapterInit.js:1497:10)
    at _callCircusHook (/app/server/node_modules/jest-circus/build/jestAdapterInit.js:976:40)
    at processTicksAndRejections (node:internal/process/task_queues:105:5)
    at _runTest (/app/server/node_modules/jest-circus/build/jestAdapterInit.js:941:5)
    at /app/server/node_modules/jest-circus/build/jestAdapterInit.js:849:7
    at _runTestsForDescribeBlock (/app/server/node_modules/jest-circus/build/jestAdapterInit.js:862:11)
    at _runTestsForDescribeBlock (/app/server/node_modules/jest-circus/build/jestAdapterInit.js:857:11)
    at _runTestsForDescribeBlock (/app/server/node_modules/jest-circus/build/jestAdapterInit.js:857:11)
    at run (/app/server/node_modules/jest-circus/build/jestAdapterInit.js:761:3)
    at runAndTransformResultsToJestFormat (/app/server/node_modules/jest-circus/build/jestAdapterInit.js:1918:21)
    at jestAdapter (/app/server/node_modules/jest-circus/build/runner.js:101:19)
    at runTestInternal (/app/server/node_modules/jest-runner/build/testWorker.js:275:16)
    at runTest (/app/server/node_modules/jest-runner/build/testWorker.js:343:7)
    at Object.worker (/app/server/node_modules/jest-runner/build/testWorker.js:497:12)</failure>
    </testcase>
    <testcase classname="JWTSecurityManager › Token Verification" name="should record JTI with TTL for replay protection" time="0.007">
      <failure>TypeError: Cannot read properties of undefined (reading &apos;connect&apos;)
    at Object.&lt;anonymous&gt; (/app/server/src/security/__tests__/jwt-security.test.ts:38:15)
    at Promise.finally.completed (/app/server/node_modules/jest-circus/build/jestAdapterInit.js:1557:28)
    at new Promise (&lt;anonymous&gt;)
    at callAsyncCircusFn (/app/server/node_modules/jest-circus/build/jestAdapterInit.js:1497:10)
    at _callCircusHook (/app/server/node_modules/jest-circus/build/jestAdapterInit.js:976:40)
    at processTicksAndRejections (node:internal/process/task_queues:105:5)
    at _runTest (/app/server/node_modules/jest-circus/build/jestAdapterInit.js:941:5)
    at /app/server/node_modules/jest-circus/build/jestAdapterInit.js:849:7
    at _runTestsForDescribeBlock (/app/server/node_modules/jest-circus/build/jestAdapterInit.js:862:11)
    at _runTestsForDescribeBlock (/app/server/node_modules/jest-circus/build/jestAdapterInit.js:857:11)
    at _runTestsForDescribeBlock (/app/server/node_modules/jest-circus/build/jestAdapterInit.js:857:11)
    at run (/app/server/node_modules/jest-circus/build/jestAdapterInit.js:761:3)
    at runAndTransformResultsToJestFormat (/app/server/node_modules/jest-circus/build/jestAdapterInit.js:1918:21)
    at jestAdapter (/app/server/node_modules/jest-circus/build/runner.js:101:19)
    at runTestInternal (/app/server/node_modules/jest-runner/build/testWorker.js:275:16)
    at runTest (/app/server/node_modules/jest-runner/build/testWorker.js:343:7)
    at Object.worker (/app/server/node_modules/jest-runner/build/testWorker.js:497:12)</failure>
    </testcase>
    <testcase classname="JWTSecurityManager › Token Verification" name="should reject token with wrong issuer" time="0.002">
      <failure>TypeError: Cannot read properties of undefined (reading &apos;connect&apos;)
    at Object.&lt;anonymous&gt; (/app/server/src/security/__tests__/jwt-security.test.ts:38:15)
    at Promise.finally.completed (/app/server/node_modules/jest-circus/build/jestAdapterInit.js:1557:28)
    at new Promise (&lt;anonymous&gt;)
    at callAsyncCircusFn (/app/server/node_modules/jest-circus/build/jestAdapterInit.js:1497:10)
    at _callCircusHook (/app/server/node_modules/jest-circus/build/jestAdapterInit.js:976:40)
    at processTicksAndRejections (node:internal/process/task_queues:105:5)
    at _runTest (/app/server/node_modules/jest-circus/build/jestAdapterInit.js:941:5)
    at /app/server/node_modules/jest-circus/build/jestAdapterInit.js:849:7
    at _runTestsForDescribeBlock (/app/server/node_modules/jest-circus/build/jestAdapterInit.js:862:11)
    at _runTestsForDescribeBlock (/app/server/node_modules/jest-circus/build/jestAdapterInit.js:857:11)
    at _runTestsForDescribeBlock (/app/server/node_modules/jest-circus/build/jestAdapterInit.js:857:11)
    at run (/app/server/node_modules/jest-circus/build/jestAdapterInit.js:761:3)
    at runAndTransformResultsToJestFormat (/app/server/node_modules/jest-circus/build/jestAdapterInit.js:1918:21)
    at jestAdapter (/app/server/node_modules/jest-circus/build/runner.js:101:19)
    at runTestInternal (/app/server/node_modules/jest-runner/build/testWorker.js:275:16)
    at runTest (/app/server/node_modules/jest-runner/build/testWorker.js:343:7)
    at Object.worker (/app/server/node_modules/jest-runner/build/testWorker.js:497:12)</failure>
    </testcase>
    <testcase classname="JWTSecurityManager › Token Verification" name="should reject token with wrong audience" time="0.002">
      <failure>TypeError: Cannot read properties of undefined (reading &apos;connect&apos;)
    at Object.&lt;anonymous&gt; (/app/server/src/security/__tests__/jwt-security.test.ts:38:15)
    at Promise.finally.completed (/app/server/node_modules/jest-circus/build/jestAdapterInit.js:1557:28)
    at new Promise (&lt;anonymous&gt;)
    at callAsyncCircusFn (/app/server/node_modules/jest-circus/build/jestAdapterInit.js:1497:10)
    at _callCircusHook (/app/server/node_modules/jest-circus/build/jestAdapterInit.js:976:40)
    at processTicksAndRejections (node:internal/process/task_queues:105:5)
    at _runTest (/app/server/node_modules/jest-circus/build/jestAdapterInit.js:941:5)
    at /app/server/node_modules/jest-circus/build/jestAdapterInit.js:849:7
    at _runTestsForDescribeBlock (/app/server/node_modules/jest-circus/build/jestAdapterInit.js:862:11)
    at _runTestsForDescribeBlock (/app/server/node_modules/jest-circus/build/jestAdapterInit.js:857:11)
    at _runTestsForDescribeBlock (/app/server/node_modules/jest-circus/build/jestAdapterInit.js:857:11)
    at run (/app/server/node_modules/jest-circus/build/jestAdapterInit.js:761:3)
    at runAndTransformResultsToJestFormat (/app/server/node_modules/jest-circus/build/jestAdapterInit.js:1918:21)
    at jestAdapter (/app/server/node_modules/jest-circus/build/runner.js:101:19)
    at runTestInternal (/app/server/node_modules/jest-runner/build/testWorker.js:275:16)
    at runTest (/app/server/node_modules/jest-runner/build/testWorker.js:343:7)
    at Object.worker (/app/server/node_modules/jest-runner/build/testWorker.js:497:12)</failure>
    </testcase>
    <testcase classname="JWTSecurityManager › Key Rotation" name="should store old key when rotating" time="0.002">
      <failure>TypeError: Cannot read properties of undefined (reading &apos;connect&apos;)
    at Object.&lt;anonymous&gt; (/app/server/src/security/__tests__/jwt-security.test.ts:38:15)
    at Promise.finally.completed (/app/server/node_modules/jest-circus/build/jestAdapterInit.js:1557:28)
    at new Promise (&lt;anonymous&gt;)
    at callAsyncCircusFn (/app/server/node_modules/jest-circus/build/jestAdapterInit.js:1497:10)
    at _callCircusHook (/app/server/node_modules/jest-circus/build/jestAdapterInit.js:976:40)
    at processTicksAndRejections (node:internal/process/task_queues:105:5)
    at _runTest (/app/server/node_modules/jest-circus/build/jestAdapterInit.js:941:5)
    at /app/server/node_modules/jest-circus/build/jestAdapterInit.js:849:7
    at _runTestsForDescribeBlock (/app/server/node_modules/jest-circus/build/jestAdapterInit.js:862:11)
    at _runTestsForDescribeBlock (/app/server/node_modules/jest-circus/build/jestAdapterInit.js:857:11)
    at _runTestsForDescribeBlock (/app/server/node_modules/jest-circus/build/jestAdapterInit.js:857:11)
    at run (/app/server/node_modules/jest-circus/build/jestAdapterInit.js:761:3)
    at runAndTransformResultsToJestFormat (/app/server/node_modules/jest-circus/build/jestAdapterInit.js:1918:21)
    at jestAdapter (/app/server/node_modules/jest-circus/build/runner.js:101:19)
    at runTestInternal (/app/server/node_modules/jest-runner/build/testWorker.js:275:16)
    at runTest (/app/server/node_modules/jest-runner/build/testWorker.js:343:7)
    at Object.worker (/app/server/node_modules/jest-runner/build/testWorker.js:497:12)</failure>
    </testcase>
    <testcase classname="JWTSecurityManager › Key Rotation" name="should be able to verify tokens signed with old keys" time="0.001">
      <failure>TypeError: Cannot read properties of undefined (reading &apos;connect&apos;)
    at Object.&lt;anonymous&gt; (/app/server/src/security/__tests__/jwt-security.test.ts:38:15)
    at Promise.finally.completed (/app/server/node_modules/jest-circus/build/jestAdapterInit.js:1557:28)
    at new Promise (&lt;anonymous&gt;)
    at callAsyncCircusFn (/app/server/node_modules/jest-circus/build/jestAdapterInit.js:1497:10)
    at _callCircusHook (/app/server/node_modules/jest-circus/build/jestAdapterInit.js:976:40)
    at processTicksAndRejections (node:internal/process/task_queues:105:5)
    at _runTest (/app/server/node_modules/jest-circus/build/jestAdapterInit.js:941:5)
    at /app/server/node_modules/jest-circus/build/jestAdapterInit.js:849:7
    at _runTestsForDescribeBlock (/app/server/node_modules/jest-circus/build/jestAdapterInit.js:862:11)
    at _runTestsForDescribeBlock (/app/server/node_modules/jest-circus/build/jestAdapterInit.js:857:11)
    at _runTestsForDescribeBlock (/app/server/node_modules/jest-circus/build/jestAdapterInit.js:857:11)
    at run (/app/server/node_modules/jest-circus/build/jestAdapterInit.js:761:3)
    at runAndTransformResultsToJestFormat (/app/server/node_modules/jest-circus/build/jestAdapterInit.js:1918:21)
    at jestAdapter (/app/server/node_modules/jest-circus/build/runner.js:101:19)
    at runTestInternal (/app/server/node_modules/jest-runner/build/testWorker.js:275:16)
    at runTest (/app/server/node_modules/jest-runner/build/testWorker.js:343:7)
    at Object.worker (/app/server/node_modules/jest-runner/build/testWorker.js:497:12)</failure>
    </testcase>
    <testcase classname="JWTSecurityManager › Key Rotation" name="should cleanup expired keys" time="0">
      <failure>TypeError: Cannot read properties of undefined (reading &apos;connect&apos;)
    at Object.&lt;anonymous&gt; (/app/server/src/security/__tests__/jwt-security.test.ts:38:15)
    at Promise.finally.completed (/app/server/node_modules/jest-circus/build/jestAdapterInit.js:1557:28)
    at new Promise (&lt;anonymous&gt;)
    at callAsyncCircusFn (/app/server/node_modules/jest-circus/build/jestAdapterInit.js:1497:10)
    at _callCircusHook (/app/server/node_modules/jest-circus/build/jestAdapterInit.js:976:40)
    at processTicksAndRejections (node:internal/process/task_queues:105:5)
    at _runTest (/app/server/node_modules/jest-circus/build/jestAdapterInit.js:941:5)
    at /app/server/node_modules/jest-circus/build/jestAdapterInit.js:849:7
    at _runTestsForDescribeBlock (/app/server/node_modules/jest-circus/build/jestAdapterInit.js:862:11)
    at _runTestsForDescribeBlock (/app/server/node_modules/jest-circus/build/jestAdapterInit.js:857:11)
    at _runTestsForDescribeBlock (/app/server/node_modules/jest-circus/build/jestAdapterInit.js:857:11)
    at run (/app/server/node_modules/jest-circus/build/jestAdapterInit.js:761:3)
    at runAndTransformResultsToJestFormat (/app/server/node_modules/jest-circus/build/jestAdapterInit.js:1918:21)
    at jestAdapter (/app/server/node_modules/jest-circus/build/runner.js:101:19)
    at runTestInternal (/app/server/node_modules/jest-runner/build/testWorker.js:275:16)
    at runTest (/app/server/node_modules/jest-runner/build/testWorker.js:343:7)
    at Object.worker (/app/server/node_modules/jest-runner/build/testWorker.js:497:12)</failure>
    </testcase>
    <testcase classname="JWTSecurityManager › JWKS Endpoint" name="should return public keys in JWKS format" time="0.001">
      <failure>TypeError: Cannot read properties of undefined (reading &apos;connect&apos;)
    at Object.&lt;anonymous&gt; (/app/server/src/security/__tests__/jwt-security.test.ts:38:15)
    at Promise.finally.completed (/app/server/node_modules/jest-circus/build/jestAdapterInit.js:1557:28)
    at new Promise (&lt;anonymous&gt;)
    at callAsyncCircusFn (/app/server/node_modules/jest-circus/build/jestAdapterInit.js:1497:10)
    at _callCircusHook (/app/server/node_modules/jest-circus/build/jestAdapterInit.js:976:40)
    at processTicksAndRejections (node:internal/process/task_queues:105:5)
    at _runTest (/app/server/node_modules/jest-circus/build/jestAdapterInit.js:941:5)
    at /app/server/node_modules/jest-circus/build/jestAdapterInit.js:849:7
    at _runTestsForDescribeBlock (/app/server/node_modules/jest-circus/build/jestAdapterInit.js:862:11)
    at _runTestsForDescribeBlock (/app/server/node_modules/jest-circus/build/jestAdapterInit.js:857:11)
    at _runTestsForDescribeBlock (/app/server/node_modules/jest-circus/build/jestAdapterInit.js:857:11)
    at run (/app/server/node_modules/jest-circus/build/jestAdapterInit.js:761:3)
[...]
    </testcase>
    <testcase classname="Provenance Functionality › Provenance Chain Verification" name="should detect tampering in source hash" time="0.003">
    </testcase>
    <testcase classname="Provenance Functionality › Provenance Chain Verification" name="should detect tampering in assertion hash" time="0.003">
    </testcase>
    <testcase classname="Provenance Functionality › Provenance Chain Verification" name="should detect tampering in chain hash" time="0.002">
    </testcase>
    <testcase classname="Provenance Functionality › Provenance Manifest" name="should create a valid provenance manifest" time="0.003">
    </testcase>
    <testcase classname="Provenance Functionality › Provenance Manifest" name="should verify a valid manifest" time="0.003">
    </testcase>
    <testcase classname="Provenance Functionality › Provenance Manifest" name="should detect tampering in manifest" time="0.009">
    </testcase>
    <testcase classname="Provenance Functionality › Provenance Manifest" name="should detect tampering in contained chains" time="0.002">
    </testcase>
    <testcase classname="Provenance Functionality › End-to-End Provenance Flow" name="should create and verify a complete provenance chain" time="0.004">
    </testcase>
  </testsuite>
  <testsuite name="performance benchmark" errors="0" failures="0" skipped="0" timestamp="2025-11-20T23:35:14" time="0.151" tests="1">
    <testcase classname="performance benchmark" name="all operations complete within the configured budgets" time="0.087">
    </testcase>
  </testsuite>
  <testsuite name="TemplateValidator" errors="0" failures="0" skipped="0" timestamp="2025-11-20T23:35:14" time="0.161" tests="13">
    <testcase classname="TemplateValidator › validateCustomTemplate" name="should validate a correct custom template" time="0.004">
    </testcase>
    <testcase classname="TemplateValidator › validateCustomTemplate" name="should throw ValidationError for missing name" time="0.017">
    </testcase>
    <testcase classname="TemplateValidator › validateCustomTemplate" name="should throw ValidationError for name exceeding max length" time="0.003">
    </testcase>
    <testcase classname="TemplateValidator › validateCustomTemplate" name="should throw ValidationError for empty sections array" time="0.004">
    </testcase>
    <testcase classname="TemplateValidator › validateCustomTemplate" name="should throw ValidationError for non-array sections" time="0.003">
    </testcase>
    <testcase classname="TemplateValidator › validateCustomTemplate" name="should throw ValidationError for invalid section names" time="0.004">
    </testcase>
    <testcase classname="TemplateValidator › validateCustomTemplate" name="should throw ValidationError for invalid export format" time="0.004">
    </testcase>
    <testcase classname="TemplateValidator › validateCustomTemplate" name="should accept all valid export formats" time="0.004">
    </testcase>
    <testcase classname="TemplateValidator › validateCustomTemplate" name="should throw ValidationError for description exceeding max length" time="0.004">
    </testcase>
    <testcase classname="TemplateValidator › validateCustomTemplate" name="should accept template without exportFormats" time="0.002">
    </testcase>
    <testcase classname="TemplateValidator › validateCustomTemplate" name="should accept template without description" time="0.002">
    </testcase>
    <testcase classname="TemplateValidator › isValidSectionName" name="should accept valid section names" time="0.003">
    </testcase>
    <testcase classname="TemplateValidator › isValidSectionName" name="should reject invalid section names" time="0.003">
    </testcase>
  </testsuite>
  <testsuite name="Fuzz Targets" errors="0" failures="0" skipped="0" timestamp="2025-11-20T23:35:07" time="7.498" tests="6">
    <testcase classname="Fuzz Targets › NarrativeSimulationEngine Properties" name="State consistency: tick should behave monotonically and bound values" time="4.669">
    </testcase>
    <testcase classname="Fuzz Targets › NarrativeSimulationEngine Properties" name="No crash on random event injection (with valid and invalid actors)" time="0.652">
    </testcase>
    <testcase classname="Fuzz Targets › nl2cypher Properties" name="Should not throw unexpected errors on random strings" time="0.254">
    </testcase>
    <testcase classname="Fuzz Targets › nl2cypher Properties" name="Valid count queries should always parse" time="0.742">
    </testcase>
    <testcase classname="Fuzz Targets › dedupeAlerts Properties" name="Idempotency: deduping twice should yield same result" time="0.778">
    </testcase>
    <testcase classname="Fuzz Targets › dedupeAlerts Properties" name="Should not add duplicate if within window" time="0.24">
    </testcase>
  </testsuite>
  <testsuite name="WebSocketConnectionPool" errors="0" failures="0" skipped="0" timestamp="2025-11-20T23:35:15" time="0.129" tests="3">
    <testcase classname="WebSocketConnectionPool" name="queues messages during network interruptions and replays after reconnection" time="0.013">
    </testcase>
    <testcase classname="WebSocketConnectionPool" name="marks connections as degraded and notifies clients on server restart" time="0.013">
    </testcase>
    <testcase classname="WebSocketConnectionPool" name="applies rate limiting and backpressure handling under load" time="0.01">
    </testcase>
  </testsuite>
  <testsuite name="PiiOntologyEngine" errors="0" failures="0" skipped="0" timestamp="2025-11-20T23:35:15" time="0.116" tests="2">
    <testcase classname="PiiOntologyEngine" name="classifies and enriches PII entities with regulatory mappings" time="0.03">
    </testcase>
    <testcase classname="PiiOntologyEngine" name="produces regulatory summaries across frameworks" time="0.005">
    </testcase>
  </testsuite>
  <testsuite name="MoERouter" errors="0" failures="0" skipped="0" timestamp="2025-11-20T23:35:15" time="0.164" tests="20">
    <testcase classname="MoERouter › route" name="routes graph tasks to GRAPH_TOOL" time="0.005">
    </testcase>
    <testcase classname="MoERouter › route" name="routes file operations to FILES_TOOL" time="0.003">
    </testcase>
    <testcase classname="MoERouter › route" name="routes OSINT tasks to OSINT_TOOL" time="0.009">
    </testcase>
    <testcase classname="MoERouter › route" name="routes export requests to EXPORT_TOOL" time="0.003">
    </testcase>
    <testcase classname="MoERouter › route" name="routes simple queries to LLM_LIGHT for speed" time="0.003">
    </testcase>
    <testcase classname="MoERouter › route" name="routes complex queries to LLM_HEAVY" time="0.003">
    </testcase>
    <testcase classname="MoERouter › route" name="routes investigation context queries to RAG_TOOL" time="0.003">
    </testcase>
    <testcase classname="MoERouter › route" name="falls back to LLM_LIGHT when no specific tool matches" time="0.002">
    </testcase>
    <testcase classname="MoERouter › feature extraction" name="detects graph keywords correctly" time="0.004">
    </testcase>
    <testcase classname="MoERouter › feature extraction" name="detects file keywords correctly" time="0.003">
    </testcase>
    <testcase classname="MoERouter › feature extraction" name="detects OSINT keywords correctly" time="0.004">
    </testcase>
    <testcase classname="MoERouter › feature extraction" name="calculates complexity score correctly" time="0.003">
    </testcase>
    <testcase classname="MoERouter › security constraints" name="respects sensitivity levels in routing" time="0.003">
    </testcase>
    <testcase classname="MoERouter › security constraints" name="considers user context in routing" time="0.003">
    </testcase>
    <testcase classname="MoERouter › routing statistics" name="tracks routing decisions" time="0.003">
    </testcase>
    <testcase classname="MoERouter › routing statistics" name="calculates average confidence correctly" time="0.01">
    </testcase>
    <testcase classname="MoERouter › edge cases" name="handles empty task" time="0.003">
    </testcase>
    <testcase classname="MoERouter › edge cases" name="handles very long tasks" time="0.003">
    </testcase>
    <testcase classname="MoERouter › edge cases" name="handles tight latency constraints" time="0.002">
    </testcase>
    <testcase classname="MoERouter › edge cases" name="handles multiple keyword matches" time="0.003">
    </testcase>
  </testsuite>
  <testsuite name="GraphQL Depth Limit Validation" errors="0" failures="0" skipped="0" timestamp="2025-11-20T23:35:15" time="0.354" tests="4">
    <testcase classname="GraphQL Depth Limit Validation" name="should allow queries within depth limit" time="0.008">
    </testcase>
    <testcase classname="GraphQL Depth Limit Validation" name="should reject queries exceeding depth limit" time="0.005">
    </testcase>
    <testcase classname="GraphQL Depth Limit Validation" name="should include operation name in error message" time="0.003">
    </testcase>
    <testcase classname="GraphQL Depth Limit Validation" name="should handle custom depth limits" time="0.003">
    </testcase>
  </testsuite>
  <testsuite name="ProvenanceRepo" errors="0" failures="0" skipped="0" timestamp="2025-11-20T23:35:15" time="0.087" tests="3">
    <testcase classname="ProvenanceRepo" name="maps classic audit_events rows" time="0.005">
    </testcase>
    <testcase classname="ProvenanceRepo" name="falls back to provenance table and maps fields" time="0.003">
    </testcase>
    <testcase classname="" name="includes filters in WHERE (contains + reasonCodeIn)" time="0.002">
    </testcase>
  </testsuite>
  <testsuite name="CaseRepo" errors="0" failures="0" skipped="0" timestamp="2025-11-20T23:35:15" time="0.174" tests="13">
    <testcase classname="CaseRepo › create" name="should create a new case with required fields" time="0.004">
    </testcase>
    <testcase classname="CaseRepo › create" name="should create a case with default status if not provided" time="0.008">
    </testcase>
    <testcase classname="CaseRepo › findById" name="should find a case by ID" time="0.003">
    </testcase>
    <testcase classname="CaseRepo › findById" name="should return null if case not found" time="0.003">
    </testcase>
    <testcase classname="CaseRepo › findById" name="should filter by tenantId when provided" time="0.003">
    </testcase>
    <testcase classname="CaseRepo › update" name="should update case fields" time="0.004">
    </testcase>
    <testcase classname="CaseRepo › update" name="should set closed_at and closed_by when status changes to closed" time="0.004">
    </testcase>
    <testcase classname="CaseRepo › list" name="should list cases with filters" time="0.004">
    </testcase>
    <testcase classname="CaseRepo › list" name="should filter by policy labels" time="0.004">
    </testcase>
    <testcase classname="CaseRepo › delete" name="should prevent deletion if case has audit logs" time="0.037">
    </testcase>
    <testcase classname="CaseRepo › delete" name="should delete case if no audit logs exist" time="0.004">
    </testcase>
    <testcase classname="CaseRepo › archive" name="should archive a case by updating status" time="0.003">
    </testcase>
    <testcase classname="CaseRepo › count" name="should count cases with filters" time="0.004">
    </testcase>
  </testsuite>
  <testsuite name="Math Utils 2" errors="0" failures="0" skipped="0" timestamp="2025-11-20T23:35:15" time="0.091" tests="3">
    <testcase classname="Math Utils 2" name="should subtract two numbers correctly" time="0.003">
    </testcase>
    <testcase classname="Math Utils 2" name="should divide two numbers correctly" time="0.002">
    </testcase>
    <testcase classname="Math Utils 2" name="should throw error when dividing by zero" time="0.013">
    </testcase>
  </testsuite>
  <testsuite name="MissionControlConflictResolver" errors="0" failures="0" skipped="0" timestamp="2025-11-20T23:35:15" time="0.102" tests="3">
    <testcase classname="MissionControlConflictResolver" name="assigns highest priority mission to contested slot and negotiates fallback for lower priority mission" time="0.013">
    </testcase>
    <testcase classname="MissionControlConflictResolver" name="defers mission without viable fallback when arbitration favors higher priority mission" time="0.005">
    </testcase>
    <testcase classname="MissionControlConflictResolver" name="calculates fairness index and concession totals across mixed outcomes" time="0.004">
    </testcase>
  </testsuite>
  <testsuite name="Watchlist flow" errors="0" failures="0" skipped="0" timestamp="2025-11-20T23:35:15" time="0.076" tests="1">
    <testcase classname="Watchlist flow" name="creates and adds entity" time="0.003">
    </testcase>
  </testsuite>
  <testsuite name="cost estimator" errors="0" failures="0" skipped="0" timestamp="2025-11-20T23:35:15" time="0.088" tests="1">
    <testcase classname="cost estimator" name="assigns higher cost for filtered queries" time="0.005">
    </testcase>
  </testsuite>
  <testsuite name="GossipAuditor" errors="0" failures="0" skipped="0" timestamp="2025-11-20T23:35:15" time="0.088" tests="1">
    <testcase classname="GossipAuditor" name="alerts on fork" time="0.003">
    </testcase>
  </testsuite>
  <testsuite name="Math Utils" errors="0" failures="0" skipped="0" timestamp="2025-11-20T23:35:15" time="0.08" tests="2">
    <testcase classname="Math Utils" name="should add two numbers correctly" time="0.003">
    </testcase>
    <testcase classname="Math Utils" name="should multiply two numbers correctly" time="0.002">
    </testcase>
  </testsuite>
  <testsuite name="WeightsVerifier" errors="0" failures="0" skipped="0" timestamp="2025-11-20T23:35:15" time="0.083" tests="1">
    <testcase classname="WeightsVerifier" name="verifies checksum" time="0.004">
    </testcase>
  </testsuite>
  <testsuite name="RiskEngine" errors="0" failures="0" skipped="0" timestamp="2025-11-20T23:35:15" time="0.078" tests="1">
    <testcase classname="RiskEngine" name="scores features with bands" time="0.003">
    </testcase>
  </testsuite>
  <testsuite name="NlToCypherService" errors="0" failures="0" skipped="0" timestamp="2025-11-20T23:35:15" time="0.097" tests="2">
    <testcase classname="NlToCypherService" name="translates known prompts" time="0.006">
    </testcase>
    <testcase classname="NlToCypherService" name="falls back to model adapter" time="0.003">
    </testcase>
  </testsuite>
  <testsuite name="NLQTranslator" errors="0" failures="0" skipped="0" timestamp="2025-11-20T23:35:16" time="0.076" tests="1">
    <testcase classname="NLQTranslator" name="translates person queries with tenant scoping" time="0.011">
    </testcase>
  </testsuite>
  <testsuite name="String Utils" errors="0" failures="0" skipped="0" timestamp="2025-11-20T23:35:16" time="0.083" tests="2">
    <testcase classname="String Utils" name="should capitalize the first letter of a string" time="0.004">
    </testcase>
    <testcase classname="String Utils" name="should reverse a string" time="0.003">
    </testcase>
  </testsuite>
  <testsuite name="FeatureStore" errors="0" failures="0" skipped="0" timestamp="2025-11-20T23:35:16" time="0.076" tests="1">
    <testcase classname="FeatureStore" name="returns default features" time="0.003">
    </testcase>
  </testsuite>
  <testsuite name="chain of custody" errors="0" failures="0" skipped="0" timestamp="2025-11-20T23:35:16" time="0.091" tests="1">
    <testcase classname="chain of custody" name="builds a hash-linked signed chain" time="0.007">
    </testcase>
  </testsuite>
  <testsuite name="Sample Fast Lane Test" errors="0" failures="0" skipped="0" timestamp="2025-11-20T23:35:16" time="0.085" tests="2">
    <testcase classname="Sample Fast Lane Test" name="should pass a simple assertion" time="0.003">
    </testcase>
    <testcase classname="Sample Fast Lane Test" name="should handle string operations" time="0.002">
    </testcase>
  </testsuite>
  <testsuite name="IntelCorroborationService" errors="0" failures="0" skipped="0" timestamp="2025-11-20T23:35:16" time="0.082" tests="1">
    <testcase classname="IntelCorroborationService" name="computes confidence with evidence and analyst ratings" time="0.005">
    </testcase>
  </testsuite>
  <testsuite name="GraphQL contract placeholder" errors="0" failures="0" skipped="0" timestamp="2025-11-20T23:35:16" time="0.068" tests="1">
    <testcase classname="GraphQL contract placeholder" name="returns a stable version payload" time="0.003">
    </testcase>
  </testsuite>
  <testsuite name="computeScore" errors="0" failures="0" skipped="0" timestamp="2025-11-20T23:35:16" time="0.083" tests="5">
    <testcase classname="computeScore" name="should compute the weighted mean correctly" time="0.003">
    </testcase>
    <testcase classname="computeScore" name="should handle cases with no weight (default to 1)" time="0.003">
    </testcase>
    <testcase classname="computeScore" name="should return 0 if no values are provided" time="0.003">
    </testcase>
    <testcase classname="computeScore" name="should handle zero weights" time="0.002">
    </testcase>
    <testcase classname="computeScore" name="should handle mixed weights and no weights" time="0.003">
    </testcase>
  </testsuite>
  <testsuite name="BehavioralDnaNetwork" errors="0" failures="0" skipped="0" timestamp="2025-11-20T23:35:16" time="0.073" tests="2">
    <testcase classname="BehavioralDnaNetwork" name="updates embeddings and detects anomalies" time="0.004">
    </testcase>
    <testcase classname="BehavioralDnaNetwork" name="predicts next behavior based on trend" time="0.002">
    </testcase>
  </testsuite>
  <testsuite name="NarrativeSimulationEngine" errors="0" failures="0" skipped="0" timestamp="2025-11-20T23:35:16" time="0.088" tests="3">
    <testcase classname="NarrativeSimulationEngine" name="applies queued events and updates entity sentiment and arcs" time="0.006">
    </testcase>
    <testcase classname="NarrativeSimulationEngine" name="adjusts time-variant parameters when events include interventions" time="0.003">
    </testcase>
    <testcase classname="NarrativeSimulationEngine" name="supports LLM-driven narratives with automatic fallback" time="0.004">
    </testcase>
  </testsuite>
  <testsuite name="legal hold guard" errors="0" failures="0" skipped="0" timestamp="2025-11-20T23:35:16" time="0.076" tests="2">
    <testcase classname="legal hold guard" name="denies when case has legal hold" time="0.003">
    </testcase>
    <testcase classname="legal hold guard" name="passes through when no hold" time="0.002">
    </testcase>
  </testsuite>
  <testsuite name="evaluateCoverage" errors="0" failures="0" skipped="0" timestamp="2025-11-20T23:35:16" time="0.073" tests="2">
    <testcase classname="evaluateCoverage" name="passes when all changed files meet the threshold" time="0.006">
    </testcase>
    <testcase classname="evaluateCoverage" name="fails when any metric drops below the threshold" time="0.003">
    </testcase>
  </testsuite>
  <testsuite name="nl2cypher corpus" errors="0" failures="0" skipped="0" timestamp="2025-11-20T23:35:16" time="0.109" tests="1">
    <testcase classname="nl2cypher corpus" name="produces expected cypher and AST for corpus" time="0.041">
    </testcase>
  </testsuite>
  <testsuite name="findConsoleLogViolations" errors="0" failures="0" skipped="0" timestamp="2025-11-20T23:35:16" time="0.072" tests="2">
    <testcase classname="findConsoleLogViolations" name="flags console.log calls on added lines" time="0.004">
    </testcase>
    <testcase classname="findConsoleLogViolations" name="ignores console.log calls outside the diff" time="0.002">
    </testcase>
  </testsuite>
  <testsuite name="PathRankingService" errors="0" failures="0" skipped="0" timestamp="2025-11-20T23:35:16" time="0.078" tests="1">
    <testcase classname="PathRankingService" name="v2 ranking improves top1 path alignment" time="0.004">
    </testcase>
  </testsuite>
</testsuites>