<?xml version="1.0" encoding="UTF-8"?>
<testsuites name="jest tests" tests="1700" failures="104" errors="0" time="138.219">
  <testsuite name="War Room Graph Sync - P0 Critical MVP1" errors="0" failures="9" skipped="0" timestamp="2025-08-14T19:28:21" time="30.272" tests="9">
    <testcase classname="War Room Graph Sync - P0 Critical MVP1 › P0 Requirement: &lt;300ms Latency" name="should initialize war room in under 50ms" time="0.005">
      <failure>Error: thrown: &quot;Exceeded timeout of 30000 ms for a hook while waiting for `done()` to be called.
Add a timeout value to this test to increase the timeout, if this is a long-running test. See https://jestjs.io/docs/api#testname-fn-timeout.&quot;
    at beforeAll (/Users/brianlong/Documents/GitHub/intelgraph/server/src/tests/warRoomSync.test.js:17:3)
    at _dispatchDescribe (/Users/brianlong/Documents/GitHub/intelgraph/server/node_modules/jest-circus/build/index.js:91:26)
    at describe (/Users/brianlong/Documents/GitHub/intelgraph/server/node_modules/jest-circus/build/index.js:55:5)
    at Object.describe (/Users/brianlong/Documents/GitHub/intelgraph/server/src/tests/warRoomSync.test.js:11:1)
    at Runtime._execModule (/Users/brianlong/Documents/GitHub/intelgraph/server/node_modules/jest-runtime/build/index.js:1439:24)
    at Runtime._loadModule (/Users/brianlong/Documents/GitHub/intelgraph/server/node_modules/jest-runtime/build/index.js:1022:12)
    at Runtime.requireModule (/Users/brianlong/Documents/GitHub/intelgraph/server/node_modules/jest-runtime/build/index.js:882:12)
    at jestAdapter (/Users/brianlong/Documents/GitHub/intelgraph/server/node_modules/jest-circus/build/legacy-code-todo-rewrite/jestAdapter.js:77:13)
    at processTicksAndRejections (node:internal/process/task_queues:105:5)
    at runTestInternal (/Users/brianlong/Documents/GitHub/intelgraph/server/node_modules/jest-runner/build/runTest.js:367:16)
    at runTest (/Users/brianlong/Documents/GitHub/intelgraph/server/node_modules/jest-runner/build/runTest.js:444:34)
    at Object.worker (/Users/brianlong/Documents/GitHub/intelgraph/server/node_modules/jest-runner/build/testWorker.js:106:12)</failure>
    </testcase>
    <testcase classname="War Room Graph Sync - P0 Critical MVP1 › P0 Requirement: &lt;300ms Latency" name="should handle graph operations with &lt;300ms latency" time="0">
      <failure>Error: thrown: &quot;Exceeded timeout of 30000 ms for a hook while waiting for `done()` to be called.
Add a timeout value to this test to increase the timeout, if this is a long-running test. See https://jestjs.io/docs/api#testname-fn-timeout.&quot;
    at beforeAll (/Users/brianlong/Documents/GitHub/intelgraph/server/src/tests/warRoomSync.test.js:17:3)
    at _dispatchDescribe (/Users/brianlong/Documents/GitHub/intelgraph/server/node_modules/jest-circus/build/index.js:91:26)
    at describe (/Users/brianlong/Documents/GitHub/intelgraph/server/node_modules/jest-circus/build/index.js:55:5)
    at Object.describe (/Users/brianlong/Documents/GitHub/intelgraph/server/src/tests/warRoomSync.test.js:11:1)
    at Runtime._execModule (/Users/brianlong/Documents/GitHub/intelgraph/server/node_modules/jest-runtime/build/index.js:1439:24)
    at Runtime._loadModule (/Users/brianlong/Documents/GitHub/intelgraph/server/node_modules/jest-runtime/build/index.js:1022:12)
    at Runtime.requireModule (/Users/brianlong/Documents/GitHub/intelgraph/server/node_modules/jest-runtime/build/index.js:882:12)
    at jestAdapter (/Users/brianlong/Documents/GitHub/intelgraph/server/node_modules/jest-circus/build/legacy-code-todo-rewrite/jestAdapter.js:77:13)
    at processTicksAndRejections (node:internal/process/task_queues:105:5)
    at runTestInternal (/Users/brianlong/Documents/GitHub/intelgraph/server/node_modules/jest-runner/build/runTest.js:367:16)
    at runTest (/Users/brianlong/Documents/GitHub/intelgraph/server/node_modules/jest-runner/build/runTest.js:444:34)
    at Object.worker (/Users/brianlong/Documents/GitHub/intelgraph/server/node_modules/jest-runner/build/testWorker.js:106:12)</failure>
    </testcase>
    <testcase classname="War Room Graph Sync - P0 Critical MVP1 › P0 Requirement: &lt;300ms Latency" name="should handle concurrent operations without conflicts" time="0">
      <failure>Error: thrown: &quot;Exceeded timeout of 30000 ms for a hook while waiting for `done()` to be called.
Add a timeout value to this test to increase the timeout, if this is a long-running test. See https://jestjs.io/docs/api#testname-fn-timeout.&quot;
    at beforeAll (/Users/brianlong/Documents/GitHub/intelgraph/server/src/tests/warRoomSync.test.js:17:3)
    at _dispatchDescribe (/Users/brianlong/Documents/GitHub/intelgraph/server/node_modules/jest-circus/build/index.js:91:26)
    at describe (/Users/brianlong/Documents/GitHub/intelgraph/server/node_modules/jest-circus/build/index.js:55:5)
    at Object.describe (/Users/brianlong/Documents/GitHub/intelgraph/server/src/tests/warRoomSync.test.js:11:1)
    at Runtime._execModule (/Users/brianlong/Documents/GitHub/intelgraph/server/node_modules/jest-runtime/build/index.js:1439:24)
    at Runtime._loadModule (/Users/brianlong/Documents/GitHub/intelgraph/server/node_modules/jest-runtime/build/index.js:1022:12)
    at Runtime.requireModule (/Users/brianlong/Documents/GitHub/intelgraph/server/node_modules/jest-runtime/build/index.js:882:12)
    at jestAdapter (/Users/brianlong/Documents/GitHub/intelgraph/server/node_modules/jest-circus/build/legacy-code-todo-rewrite/jestAdapter.js:77:13)
    at processTicksAndRejections (node:internal/process/task_queues:105:5)
    at runTestInternal (/Users/brianlong/Documents/GitHub/intelgraph/server/node_modules/jest-runner/build/runTest.js:367:16)
    at runTest (/Users/brianlong/Documents/GitHub/intelgraph/server/node_modules/jest-runner/build/runTest.js:444:34)
    at Object.worker (/Users/brianlong/Documents/GitHub/intelgraph/server/node_modules/jest-runner/build/testWorker.js:106:12)</failure>
    </testcase>
    <testcase classname="War Room Graph Sync - P0 Critical MVP1 › P0 Requirement: &lt;300ms Latency" name="should resolve conflicts quickly" time="0">
      <failure>Error: thrown: &quot;Exceeded timeout of 30000 ms for a hook while waiting for `done()` to be called.
Add a timeout value to this test to increase the timeout, if this is a long-running test. See https://jestjs.io/docs/api#testname-fn-timeout.&quot;
    at beforeAll (/Users/brianlong/Documents/GitHub/intelgraph/server/src/tests/warRoomSync.test.js:17:3)
    at _dispatchDescribe (/Users/brianlong/Documents/GitHub/intelgraph/server/node_modules/jest-circus/build/index.js:91:26)
    at describe (/Users/brianlong/Documents/GitHub/intelgraph/server/node_modules/jest-circus/build/index.js:55:5)
    at Object.describe (/Users/brianlong/Documents/GitHub/intelgraph/server/src/tests/warRoomSync.test.js:11:1)
    at Runtime._execModule (/Users/brianlong/Documents/GitHub/intelgraph/server/node_modules/jest-runtime/build/index.js:1439:24)
    at Runtime._loadModule (/Users/brianlong/Documents/GitHub/intelgraph/server/node_modules/jest-runtime/build/index.js:1022:12)
    at Runtime.requireModule (/Users/brianlong/Documents/GitHub/intelgraph/server/node_modules/jest-runtime/build/index.js:882:12)
    at jestAdapter (/Users/brianlong/Documents/GitHub/intelgraph/server/node_modules/jest-circus/build/legacy-code-todo-rewrite/jestAdapter.js:77:13)
    at processTicksAndRejections (node:internal/process/task_queues:105:5)
    at runTestInternal (/Users/brianlong/Documents/GitHub/intelgraph/server/node_modules/jest-runner/build/runTest.js:367:16)
    at runTest (/Users/brianlong/Documents/GitHub/intelgraph/server/node_modules/jest-runner/build/runTest.js:444:34)
    at Object.worker (/Users/brianlong/Documents/GitHub/intelgraph/server/node_modules/jest-runner/build/testWorker.js:106:12)</failure>
    </testcase>
    <testcase classname="War Room Graph Sync - P0 Critical MVP1 › Operational Transform" name="should transform concurrent operations correctly" time="0">
      <failure>Error: thrown: &quot;Exceeded timeout of 30000 ms for a hook while waiting for `done()` to be called.
Add a timeout value to this test to increase the timeout, if this is a long-running test. See https://jestjs.io/docs/api#testname-fn-timeout.&quot;
    at beforeAll (/Users/brianlong/Documents/GitHub/intelgraph/server/src/tests/warRoomSync.test.js:17:3)
    at _dispatchDescribe (/Users/brianlong/Documents/GitHub/intelgraph/server/node_modules/jest-circus/build/index.js:91:26)
    at describe (/Users/brianlong/Documents/GitHub/intelgraph/server/node_modules/jest-circus/build/index.js:55:5)
    at Object.describe (/Users/brianlong/Documents/GitHub/intelgraph/server/src/tests/warRoomSync.test.js:11:1)
    at Runtime._execModule (/Users/brianlong/Documents/GitHub/intelgraph/server/node_modules/jest-runtime/build/index.js:1439:24)
    at Runtime._loadModule (/Users/brianlong/Documents/GitHub/intelgraph/server/node_modules/jest-runtime/build/index.js:1022:12)
    at Runtime.requireModule (/Users/brianlong/Documents/GitHub/intelgraph/server/node_modules/jest-runtime/build/index.js:882:12)
    at jestAdapter (/Users/brianlong/Documents/GitHub/intelgraph/server/node_modules/jest-circus/build/legacy-code-todo-rewrite/jestAdapter.js:77:13)
    at processTicksAndRejections (node:internal/process/task_queues:105:5)
    at runTestInternal (/Users/brianlong/Documents/GitHub/intelgraph/server/node_modules/jest-runner/build/runTest.js:367:16)
    at runTest (/Users/brianlong/Documents/GitHub/intelgraph/server/node_modules/jest-runner/build/runTest.js:444:34)
    at Object.worker (/Users/brianlong/Documents/GitHub/intelgraph/server/node_modules/jest-runner/build/testWorker.js:106:12)</failure>
    </testcase>
    <testcase classname="War Room Graph Sync - P0 Critical MVP1 › Performance Metrics" name="should track performance metrics accurately" time="0">
      <failure>Error: thrown: &quot;Exceeded timeout of 30000 ms for a hook while waiting for `done()` to be called.
Add a timeout value to this test to increase the timeout, if this is a long-running test. See https://jestjs.io/docs/api#testname-fn-timeout.&quot;
    at beforeAll (/Users/brianlong/Documents/GitHub/intelgraph/server/src/tests/warRoomSync.test.js:17:3)
    at _dispatchDescribe (/Users/brianlong/Documents/GitHub/intelgraph/server/node_modules/jest-circus/build/index.js:91:26)
    at describe (/Users/brianlong/Documents/GitHub/intelgraph/server/node_modules/jest-circus/build/index.js:55:5)
    at Object.describe (/Users/brianlong/Documents/GitHub/intelgraph/server/src/tests/warRoomSync.test.js:11:1)
    at Runtime._execModule (/Users/brianlong/Documents/GitHub/intelgraph/server/node_modules/jest-runtime/build/index.js:1439:24)
    at Runtime._loadModule (/Users/brianlong/Documents/GitHub/intelgraph/server/node_modules/jest-runtime/build/index.js:1022:12)
    at Runtime.requireModule (/Users/brianlong/Documents/GitHub/intelgraph/server/node_modules/jest-runtime/build/index.js:882:12)
    at jestAdapter (/Users/brianlong/Documents/GitHub/intelgraph/server/node_modules/jest-circus/build/legacy-code-todo-rewrite/jestAdapter.js:77:13)
    at processTicksAndRejections (node:internal/process/task_queues:105:5)
    at runTestInternal (/Users/brianlong/Documents/GitHub/intelgraph/server/node_modules/jest-runner/build/runTest.js:367:16)
    at runTest (/Users/brianlong/Documents/GitHub/intelgraph/server/node_modules/jest-runner/build/runTest.js:444:34)
    at Object.worker (/Users/brianlong/Documents/GitHub/intelgraph/server/node_modules/jest-runner/build/testWorker.js:106:12)</failure>
    </testcase>
    <testcase classname="War Room Graph Sync - P0 Critical MVP1 › Performance Metrics" name="should provide room statistics" time="0">
      <failure>Error: thrown: &quot;Exceeded timeout of 30000 ms for a hook while waiting for `done()` to be called.
Add a timeout value to this test to increase the timeout, if this is a long-running test. See https://jestjs.io/docs/api#testname-fn-timeout.&quot;
    at beforeAll (/Users/brianlong/Documents/GitHub/intelgraph/server/src/tests/warRoomSync.test.js:17:3)
    at _dispatchDescribe (/Users/brianlong/Documents/GitHub/intelgraph/server/node_modules/jest-circus/build/index.js:91:26)
    at describe (/Users/brianlong/Documents/GitHub/intelgraph/server/node_modules/jest-circus/build/index.js:55:5)
    at Object.describe (/Users/brianlong/Documents/GitHub/intelgraph/server/src/tests/warRoomSync.test.js:11:1)
    at Runtime._execModule (/Users/brianlong/Documents/GitHub/intelgraph/server/node_modules/jest-runtime/build/index.js:1439:24)
    at Runtime._loadModule (/Users/brianlong/Documents/GitHub/intelgraph/server/node_modules/jest-runtime/build/index.js:1022:12)
    at Runtime.requireModule (/Users/brianlong/Documents/GitHub/intelgraph/server/node_modules/jest-runtime/build/index.js:882:12)
    at jestAdapter (/Users/brianlong/Documents/GitHub/intelgraph/server/node_modules/jest-circus/build/legacy-code-todo-rewrite/jestAdapter.js:77:13)
    at processTicksAndRejections (node:internal/process/task_queues:105:5)
    at runTestInternal (/Users/brianlong/Documents/GitHub/intelgraph/server/node_modules/jest-runner/build/runTest.js:367:16)
    at runTest (/Users/brianlong/Documents/GitHub/intelgraph/server/node_modules/jest-runner/build/runTest.js:444:34)
    at Object.worker (/Users/brianlong/Documents/GitHub/intelgraph/server/node_modules/jest-runner/build/testWorker.js:106:12)</failure>
    </testcase>
    <testcase classname="War Room Graph Sync - P0 Critical MVP1 › Error Handling" name="should handle invalid operations gracefully" time="0">
      <failure>Error: thrown: &quot;Exceeded timeout of 30000 ms for a hook while waiting for `done()` to be called.
Add a timeout value to this test to increase the timeout, if this is a long-running test. See https://jestjs.io/docs/api#testname-fn-timeout.&quot;
    at beforeAll (/Users/brianlong/Documents/GitHub/intelgraph/server/src/tests/warRoomSync.test.js:17:3)
    at _dispatchDescribe (/Users/brianlong/Documents/GitHub/intelgraph/server/node_modules/jest-circus/build/index.js:91:26)
    at describe (/Users/brianlong/Documents/GitHub/intelgraph/server/node_modules/jest-circus/build/index.js:55:5)
    at Object.describe (/Users/brianlong/Documents/GitHub/intelgraph/server/src/tests/warRoomSync.test.js:11:1)
    at Runtime._execModule (/Users/brianlong/Documents/GitHub/intelgraph/server/node_modules/jest-runtime/build/index.js:1439:24)
    at Runtime._loadModule (/Users/brianlong/Documents/GitHub/intelgraph/server/node_modules/jest-runtime/build/index.js:1022:12)
    at Runtime.requireModule (/Users/brianlong/Documents/GitHub/intelgraph/server/node_modules/jest-runtime/build/index.js:882:12)
    at jestAdapter (/Users/brianlong/Documents/GitHub/intelgraph/server/node_modules/jest-circus/build/legacy-code-todo-rewrite/jestAdapter.js:77:13)
    at processTicksAndRejections (node:internal/process/task_queues:105:5)
    at runTestInternal (/Users/brianlong/Documents/GitHub/intelgraph/server/node_modules/jest-runner/build/runTest.js:367:16)
    at runTest (/Users/brianlong/Documents/GitHub/intelgraph/server/node_modules/jest-runner/build/runTest.js:444:34)
    at Object.worker (/Users/brianlong/Documents/GitHub/intelgraph/server/node_modules/jest-runner/build/testWorker.js:106:12)</failure>
    </testcase>
    <testcase classname="War Room Graph Sync - P0 Critical MVP1 › Error Handling" name="should handle user permission violations" time="0">
      <failure>Error: thrown: &quot;Exceeded timeout of 30000 ms for a hook while waiting for `done()` to be called.
Add a timeout value to this test to increase the timeout, if this is a long-running test. See https://jestjs.io/docs/api#testname-fn-timeout.&quot;
    at beforeAll (/Users/brianlong/Documents/GitHub/intelgraph/server/src/tests/warRoomSync.test.js:17:3)
    at _dispatchDescribe (/Users/brianlong/Documents/GitHub/intelgraph/server/node_modules/jest-circus/build/index.js:91:26)
    at describe (/Users/brianlong/Documents/GitHub/intelgraph/server/node_modules/jest-circus/build/index.js:55:5)
    at Object.describe (/Users/brianlong/Documents/GitHub/intelgraph/server/src/tests/warRoomSync.test.js:11:1)
    at Runtime._execModule (/Users/brianlong/Documents/GitHub/intelgraph/server/node_modules/jest-runtime/build/index.js:1439:24)
    at Runtime._loadModule (/Users/brianlong/Documents/GitHub/intelgraph/server/node_modules/jest-runtime/build/index.js:1022:12)
    at Runtime.requireModule (/Users/brianlong/Documents/GitHub/intelgraph/server/node_modules/jest-runtime/build/index.js:882:12)
    at jestAdapter (/Users/brianlong/Documents/GitHub/intelgraph/server/node_modules/jest-circus/build/legacy-code-todo-rewrite/jestAdapter.js:77:13)
    at processTicksAndRejections (node:internal/process/task_queues:105:5)
    at runTestInternal (/Users/brianlong/Documents/GitHub/intelgraph/server/node_modules/jest-runner/build/runTest.js:367:16)
    at runTest (/Users/brianlong/Documents/GitHub/intelgraph/server/node_modules/jest-runner/build/runTest.js:444:34)
    at Object.worker (/Users/brianlong/Documents/GitHub/intelgraph/server/node_modules/jest-runner/build/testWorker.js:106:12)</failure>
    </testcase>
  </testsuite>
  <testsuite name="War Room Graph Sync - P0 Critical MVP1" errors="0" failures="9" skipped="0" timestamp="2025-08-14T19:28:21" time="30.284" tests="9">
    <testcase classname="War Room Graph Sync - P0 Critical MVP1 › P0 Requirement: &lt;300ms Latency" name="should initialize war room in under 50ms" time="0.005">
      <failure>Error: thrown: &quot;Exceeded timeout of 30000 ms for a hook while waiting for `done()` to be called.
Add a timeout value to this test to increase the timeout, if this is a long-running test. See https://jestjs.io/docs/api#testname-fn-timeout.&quot;
    at beforeAll (/Users/brianlong/Documents/GitHub/intelgraph/server/src/tests/warRoomSync.test.js:17:3)
    at _dispatchDescribe (/Users/brianlong/Documents/GitHub/intelgraph/server/node_modules/jest-circus/build/index.js:91:26)
    at describe (/Users/brianlong/Documents/GitHub/intelgraph/server/node_modules/jest-circus/build/index.js:55:5)
    at Object.describe (/Users/brianlong/Documents/GitHub/intelgraph/server/src/tests/warRoomSync.test.js:11:1)
    at Runtime._execModule (/Users/brianlong/Documents/GitHub/intelgraph/server/node_modules/jest-runtime/build/index.js:1439:24)
    at Runtime._loadModule (/Users/brianlong/Documents/GitHub/intelgraph/server/node_modules/jest-runtime/build/index.js:1022:12)
    at Runtime.requireModule (/Users/brianlong/Documents/GitHub/intelgraph/server/node_modules/jest-runtime/build/index.js:882:12)
    at jestAdapter (/Users/brianlong/Documents/GitHub/intelgraph/server/node_modules/jest-circus/build/legacy-code-todo-rewrite/jestAdapter.js:77:13)
    at processTicksAndRejections (node:internal/process/task_queues:105:5)
    at runTestInternal (/Users/brianlong/Documents/GitHub/intelgraph/server/node_modules/jest-runner/build/runTest.js:367:16)
    at runTest (/Users/brianlong/Documents/GitHub/intelgraph/server/node_modules/jest-runner/build/runTest.js:444:34)
    at Object.worker (/Users/brianlong/Documents/GitHub/intelgraph/server/node_modules/jest-runner/build/testWorker.js:106:12)</failure>
    </testcase>
    <testcase classname="War Room Graph Sync - P0 Critical MVP1 › P0 Requirement: &lt;300ms Latency" name="should handle graph operations with &lt;300ms latency" time="0">
      <failure>Error: thrown: &quot;Exceeded timeout of 30000 ms for a hook while waiting for `done()` to be called.
Add a timeout value to this test to increase the timeout, if this is a long-running test. See https://jestjs.io/docs/api#testname-fn-timeout.&quot;
    at beforeAll (/Users/brianlong/Documents/GitHub/intelgraph/server/src/tests/warRoomSync.test.js:17:3)
    at _dispatchDescribe (/Users/brianlong/Documents/GitHub/intelgraph/server/node_modules/jest-circus/build/index.js:91:26)
    at describe (/Users/brianlong/Documents/GitHub/intelgraph/server/node_modules/jest-circus/build/index.js:55:5)
    at Object.describe (/Users/brianlong/Documents/GitHub/intelgraph/server/src/tests/warRoomSync.test.js:11:1)
    at Runtime._execModule (/Users/brianlong/Documents/GitHub/intelgraph/server/node_modules/jest-runtime/build/index.js:1439:24)
    at Runtime._loadModule (/Users/brianlong/Documents/GitHub/intelgraph/server/node_modules/jest-runtime/build/index.js:1022:12)
    at Runtime.requireModule (/Users/brianlong/Documents/GitHub/intelgraph/server/node_modules/jest-runtime/build/index.js:882:12)
    at jestAdapter (/Users/brianlong/Documents/GitHub/intelgraph/server/node_modules/jest-circus/build/legacy-code-todo-rewrite/jestAdapter.js:77:13)
    at processTicksAndRejections (node:internal/process/task_queues:105:5)
    at runTestInternal (/Users/brianlong/Documents/GitHub/intelgraph/server/node_modules/jest-runner/build/runTest.js:367:16)
    at runTest (/Users/brianlong/Documents/GitHub/intelgraph/server/node_modules/jest-runner/build/runTest.js:444:34)
    at Object.worker (/Users/brianlong/Documents/GitHub/intelgraph/server/node_modules/jest-runner/build/testWorker.js:106:12)</failure>
    </testcase>
    <testcase classname="War Room Graph Sync - P0 Critical MVP1 › P0 Requirement: &lt;300ms Latency" name="should handle concurrent operations without conflicts" time="0">
      <failure>Error: thrown: &quot;Exceeded timeout of 30000 ms for a hook while waiting for `done()` to be called.
Add a timeout value to this test to increase the timeout, if this is a long-running test. See https://jestjs.io/docs/api#testname-fn-timeout.&quot;
    at beforeAll (/Users/brianlong/Documents/GitHub/intelgraph/server/src/tests/warRoomSync.test.js:17:3)
    at _dispatchDescribe (/Users/brianlong/Documents/GitHub/intelgraph/server/node_modules/jest-circus/build/index.js:91:26)
    at describe (/Users/brianlong/Documents/GitHub/intelgraph/server/node_modules/jest-circus/build/index.js:55:5)
    at Object.describe (/Users/brianlong/Documents/GitHub/intelgraph/server/src/tests/warRoomSync.test.js:11:1)
    at Runtime._execModule (/Users/brianlong/Documents/GitHub/intelgraph/server/node_modules/jest-runtime/build/index.js:1439:24)
    at Runtime._loadModule (/Users/brianlong/Documents/GitHub/intelgraph/server/node_modules/jest-runtime/build/index.js:1022:12)
    at Runtime.requireModule (/Users/brianlong/Documents/GitHub/intelgraph/server/node_modules/jest-runtime/build/index.js:882:12)
    at jestAdapter (/Users/brianlong/Documents/GitHub/intelgraph/server/node_modules/jest-circus/build/legacy-code-todo-rewrite/jestAdapter.js:77:13)
    at processTicksAndRejections (node:internal/process/task_queues:105:5)
    at runTestInternal (/Users/brianlong/Documents/GitHub/intelgraph/server/node_modules/jest-runner/build/runTest.js:367:16)
    at runTest (/Users/brianlong/Documents/GitHub/intelgraph/server/node_modules/jest-runner/build/runTest.js:444:34)
    at Object.worker (/Users/brianlong/Documents/GitHub/intelgraph/server/node_modules/jest-runner/build/testWorker.js:106:12)</failure>
    </testcase>
    <testcase classname="War Room Graph Sync - P0 Critical MVP1 › P0 Requirement: &lt;300ms Latency" name="should resolve conflicts quickly" time="0">
      <failure>Error: thrown: &quot;Exceeded timeout of 30000 ms for a hook while waiting for `done()` to be called.
Add a timeout value to this test to increase the timeout, if this is a long-running test. See https://jestjs.io/docs/api#testname-fn-timeout.&quot;
    at beforeAll (/Users/brianlong/Documents/GitHub/intelgraph/server/src/tests/warRoomSync.test.js:17:3)
    at _dispatchDescribe (/Users/brianlong/Documents/GitHub/intelgraph/server/node_modules/jest-circus/build/index.js:91:26)
    at describe (/Users/brianlong/Documents/GitHub/intelgraph/server/node_modules/jest-circus/build/index.js:55:5)
    at Object.describe (/Users/brianlong/Documents/GitHub/intelgraph/server/src/tests/warRoomSync.test.js:11:1)
    at Runtime._execModule (/Users/brianlong/Documents/GitHub/intelgraph/server/node_modules/jest-runtime/build/index.js:1439:24)
    at Runtime._loadModule (/Users/brianlong/Documents/GitHub/intelgraph/server/node_modules/jest-runtime/build/index.js:1022:12)
    at Runtime.requireModule (/Users/brianlong/Documents/GitHub/intelgraph/server/node_modules/jest-runtime/build/index.js:882:12)
    at jestAdapter (/Users/brianlong/Documents/GitHub/intelgraph/server/node_modules/jest-circus/build/legacy-code-todo-rewrite/jestAdapter.js:77:13)
    at processTicksAndRejections (node:internal/process/task_queues:105:5)
    at runTestInternal (/Users/brianlong/Documents/GitHub/intelgraph/server/node_modules/jest-runner/build/runTest.js:367:16)
    at runTest (/Users/brianlong/Documents/GitHub/intelgraph/server/node_modules/jest-runner/build/runTest.js:444:34)
    at Object.worker (/Users/brianlong/Documents/GitHub/intelgraph/server/node_modules/jest-runner/build/testWorker.js:106:12)</failure>
    </testcase>
    <testcase classname="War Room Graph Sync - P0 Critical MVP1 › Operational Transform" name="should transform concurrent operations correctly" time="0">
      <failure>Error: thrown: &quot;Exceeded timeout of 30000 ms for a hook while waiting for `done()` to be called.
Add a timeout value to this test to increase the timeout, if this is a long-running test. See https://jestjs.io/docs/api#testname-fn-timeout.&quot;
    at beforeAll (/Users/brianlong/Documents/GitHub/intelgraph/server/src/tests/warRoomSync.test.js:17:3)
    at _dispatchDescribe (/Users/brianlong/Documents/GitHub/intelgraph/server/node_modules/jest-circus/build/index.js:91:26)
    at describe (/Users/brianlong/Documents/GitHub/intelgraph/server/node_modules/jest-circus/build/index.js:55:5)
    at Object.describe (/Users/brianlong/Documents/GitHub/intelgraph/server/src/tests/warRoomSync.test.js:11:1)
    at Runtime._execModule (/Users/brianlong/Documents/GitHub/intelgraph/server/node_modules/jest-runtime/build/index.js:1439:24)
    at Runtime._loadModule (/Users/brianlong/Documents/GitHub/intelgraph/server/node_modules/jest-runtime/build/index.js:1022:12)
    at Runtime.requireModule (/Users/brianlong/Documents/GitHub/intelgraph/server/node_modules/jest-runtime/build/index.js:882:12)
    at jestAdapter (/Users/brianlong/Documents/GitHub/intelgraph/server/node_modules/jest-circus/build/legacy-code-todo-rewrite/jestAdapter.js:77:13)
    at processTicksAndRejections (node:internal/process/task_queues:105:5)
    at runTestInternal (/Users/brianlong/Documents/GitHub/intelgraph/server/node_modules/jest-runner/build/runTest.js:367:16)
    at runTest (/Users/brianlong/Documents/GitHub/intelgraph/server/node_modules/jest-runner/build/runTest.js:444:34)
    at Object.worker (/Users/brianlong/Documents/GitHub/intelgraph/server/node_modules/jest-runner/build/testWorker.js:106:12)</failure>
    </testcase>
    <testcase classname="War Room Graph Sync - P0 Critical MVP1 › Performance Metrics" name="should track performance metrics accurately" time="0">
      <failure>Error: thrown: &quot;Exceeded timeout of 30000 ms for a hook while waiting for `done()` to be called.
Add a timeout value to this test to increase the timeout, if this is a long-running test. See https://jestjs.io/docs/api#testname-fn-timeout.&quot;
    at beforeAll (/Users/brianlong/Documents/GitHub/intelgraph/server/src/tests/warRoomSync.test.js:17:3)
    at _dispatchDescribe (/Users/brianlong/Documents/GitHub/intelgraph/server/node_modules/jest-circus/build/index.js:91:26)
    at describe (/Users/brianlong/Documents/GitHub/intelgraph/server/node_modules/jest-circus/build/index.js:55:5)
    at Object.describe (/Users/brianlong/Documents/GitHub/intelgraph/server/src/tests/warRoomSync.test.js:11:1)
    at Runtime._execModule (/Users/brianlong/Documents/GitHub/intelgraph/server/node_modules/jest-runtime/build/index.js:1439:24)
    at Runtime._loadModule (/Users/brianlong/Documents/GitHub/intelgraph/server/node_modules/jest-runtime/build/index.js:1022:12)
    at Runtime.requireModule (/Users/brianlong/Documents/GitHub/intelgraph/server/node_modules/jest-runtime/build/index.js:882:12)
    at jestAdapter (/Users/brianlong/Documents/GitHub/intelgraph/server/node_modules/jest-circus/build/legacy-code-todo-rewrite/jestAdapter.js:77:13)
    at processTicksAndRejections (node:internal/process/task_queues:105:5)
    at runTestInternal (/Users/brianlong/Documents/GitHub/intelgraph/server/node_modules/jest-runner/build/runTest.js:367:16)
    at runTest (/Users/brianlong/Documents/GitHub/intelgraph/server/node_modules/jest-runner/build/runTest.js:444:34)
    at Object.worker (/Users/brianlong/Documents/GitHub/intelgraph/server/node_modules/jest-runner/build/testWorker.js:106:12)</failure>
    </testcase>
    <testcase classname="War Room Graph Sync - P0 Critical MVP1 › Performance Metrics" name="should provide room statistics" time="0">
      <failure>Error: thrown: &quot;Exceeded timeout of 30000 ms for a hook while waiting for `done()` to be called.
Add a timeout value to this test to increase the timeout, if this is a long-running test. See https://jestjs.io/docs/api#testname-fn-timeout.&quot;
    at beforeAll (/Users/brianlong/Documents/GitHub/intelgraph/server/src/tests/warRoomSync.test.js:17:3)
    at _dispatchDescribe (/Users/brianlong/Documents/GitHub/intelgraph/server/node_modules/jest-circus/build/index.js:91:26)
    at describe (/Users/brianlong/Documents/GitHub/intelgraph/server/node_modules/jest-circus/build/index.js:55:5)
    at Object.describe (/Users/brianlong/Documents/GitHub/intelgraph/server/src/tests/warRoomSync.test.js:11:1)
    at Runtime._execModule (/Users/brianlong/Documents/GitHub/intelgraph/server/node_modules/jest-runtime/build/index.js:1439:24)
    at Runtime._loadModule (/Users/brianlong/Documents/GitHub/intelgraph/server/node_modules/jest-runtime/build/index.js:1022:12)
    at Runtime.requireModule (/Users/brianlong/Documents/GitHub/intelgraph/server/node_modules/jest-runtime/build/index.js:882:12)
    at jestAdapter (/Users/brianlong/Documents/GitHub/intelgraph/server/node_modules/jest-circus/build/legacy-code-todo-rewrite/jestAdapter.js:77:13)
    at processTicksAndRejections (node:internal/process/task_queues:105:5)
    at runTestInternal (/Users/brianlong/Documents/GitHub/intelgraph/server/node_modules/jest-runner/build/runTest.js:367:16)
    at runTest (/Users/brianlong/Documents/GitHub/intelgraph/server/node_modules/jest-runner/build/runTest.js:444:34)
    at Object.worker (/Users/brianlong/Documents/GitHub/intelgraph/server/node_modules/jest-runner/build/testWorker.js:106:12)</failure>
    </testcase>
    <testcase classname="War Room Graph Sync - P0 Critical MVP1 › Error Handling" name="should handle invalid operations gracefully" time="0">
      <failure>Error: thrown: &quot;Exceeded timeout of 30000 ms for a hook while waiting for `done()` to be called.
Add a timeout value to this test to increase the timeout, if this is a long-running test. See https://jestjs.io/docs/api#testname-fn-timeout.&quot;
    at beforeAll (/Users/brianlong/Documents/GitHub/intelgraph/server/src/tests/warRoomSync.test.js:17:3)
    at _dispatchDescribe (/Users/brianlong/Documents/GitHub/intelgraph/server/node_modules/jest-circus/build/index.js:91:26)
    at describe (/Users/brianlong/Documents/GitHub/intelgraph/server/node_modules/jest-circus/build/index.js:55:5)
    at Object.describe (/Users/brianlong/Documents/GitHub/intelgraph/server/src/tests/warRoomSync.test.js:11:1)
    at Runtime._execModule (/Users/brianlong/Documents/GitHub/intelgraph/server/node_modules/jest-runtime/build/index.js:1439:24)
    at Runtime._loadModule (/Users/brianlong/Documents/GitHub/intelgraph/server/node_modules/jest-runtime/build/index.js:1022:12)
    at Runtime.requireModule (/Users/brianlong/Documents/GitHub/intelgraph/server/node_modules/jest-runtime/build/index.js:882:12)
    at jestAdapter (/Users/brianlong/Documents/GitHub/intelgraph/server/node_modules/jest-circus/build/legacy-code-todo-rewrite/jestAdapter.js:77:13)
    at processTicksAndRejections (node:internal/process/task_queues:105:5)
    at runTestInternal (/Users/brianlong/Documents/GitHub/intelgraph/server/node_modules/jest-runner/build/runTest.js:367:16)
    at runTest (/Users/brianlong/Documents/GitHub/intelgraph/server/node_modules/jest-runner/build/runTest.js:444:34)
    at Object.worker (/Users/brianlong/Documents/GitHub/intelgraph/server/node_modules/jest-runner/build/testWorker.js:106:12)</failure>
    </testcase>
    <testcase classname="War Room Graph Sync - P0 Critical MVP1 › Error Handling" name="should handle user permission violations" time="0">
      <failure>Error: thrown: &quot;Exceeded timeout of 30000 ms for a hook while waiting for `done()` to be called.
Add a timeout value to this test to increase the timeout, if this is a long-running test. See https://jestjs.io/docs/api#testname-fn-timeout.&quot;
    at beforeAll (/Users/brianlong/Documents/GitHub/intelgraph/server/src/tests/warRoomSync.test.js:17:3)
    at _dispatchDescribe (/Users/brianlong/Documents/GitHub/intelgraph/server/node_modules/jest-circus/build/index.js:91:26)
    at describe (/Users/brianlong/Documents/GitHub/intelgraph/server/node_modules/jest-circus/build/index.js:55:5)
    at Object.describe (/Users/brianlong/Documents/GitHub/intelgraph/server/src/tests/warRoomSync.test.js:11:1)
    at Runtime._execModule (/Users/brianlong/Documents/GitHub/intelgraph/server/node_modules/jest-runtime/build/index.js:1439:24)
    at Runtime._loadModule (/Users/brianlong/Documents/GitHub/intelgraph/server/node_modules/jest-runtime/build/index.js:1022:12)
    at Runtime.requireModule (/Users/brianlong/Documents/GitHub/intelgraph/server/node_modules/jest-runtime/build/index.js:882:12)
    at jestAdapter (/Users/brianlong/Documents/GitHub/intelgraph/server/node_modules/jest-circus/build/legacy-code-todo-rewrite/jestAdapter.js:77:13)
    at processTicksAndRejections (node:internal/process/task_queues:105:5)
    at runTestInternal (/Users/brianlong/Documents/GitHub/intelgraph/server/node_modules/jest-runner/build/runTest.js:367:16)
    at runTest (/Users/brianlong/Documents/GitHub/intelgraph/server/node_modules/jest-runner/build/runTest.js:444:34)
    at Object.worker (/Users/brianlong/Documents/GitHub/intelgraph/server/node_modules/jest-runner/build/testWorker.js:106:12)</failure>
    </testcase>
  </testsuite>
  <testsuite name="Visualization Service - P2 Priority" errors="0" failures="1" skipped="0" timestamp="2025-08-14T19:28:51" time="0.192" tests="36">
    <testcase classname="Visualization Service - P2 Priority › Visualization Engine Initialization" name="should initialize all supported visualization types" time="0.002">
    </testcase>
    <testcase classname="Visualization Service - P2 Priority › Visualization Engine Initialization" name="should configure rendering engines correctly" time="0">
    </testcase>
    <testcase classname="Visualization Service - P2 Priority › Visualization Engine Initialization" name="should validate engine-type compatibility" time="0.001">
    </testcase>
    <testcase classname="Visualization Service - P2 Priority › Visualization Creation" name="should create network graph visualizations" time="0.001">
    </testcase>
    <testcase classname="Visualization Service - P2 Priority › Visualization Creation" name="should create timeline visualizations" time="0.001">
    </testcase>
    <testcase classname="Visualization Service - P2 Priority › Visualization Creation" name="should create geospatial map visualizations" time="0.001">
      <failure>Error: expect(received).toBe(expected) // Object.is equality

Expected: &quot;GEOSPATIAL_MAP&quot;
Received: undefined
    at Object.toBe (/Users/brianlong/Documents/GitHub/intelgraph/server/src/tests/visualizationService.test.js:210:34)
    at processTicksAndRejections (node:internal/process/task_queues:105:5)</failure>
    </testcase>
    <testcase classname="Visualization Service - P2 Priority › Visualization Creation" name="should create hierarchical tree visualizations" time="0">
    </testcase>
    <testcase classname="Visualization Service - P2 Priority › Advanced Visualization Types" name="should create matrix visualizations" time="0.001">
    </testcase>
    <testcase classname="Visualization Service - P2 Priority › Advanced Visualization Types" name="should create Sankey diagram visualizations" time="0">
    </testcase>
    <testcase classname="Visualization Service - P2 Priority › Advanced Visualization Types" name="should create 3D force-directed visualizations" time="0">
    </testcase>
    <testcase classname="Visualization Service - P2 Priority › Interactive Features" name="should handle node selection and highlighting" time="0.001">
    </testcase>
    <testcase classname="Visualization Service - P2 Priority › Interactive Features" name="should support node filtering and search" time="0">
    </testcase>
    <testcase classname="Visualization Service - P2 Priority › Interactive Features" name="should handle layout changes" time="0">
    </testcase>
    <testcase classname="Visualization Service - P2 Priority › Interactive Features" name="should support zoom and pan operations" time="0.001">
    </testcase>
    <testcase classname="Visualization Service - P2 Priority › Export Functionality" name="should export visualizations to PNG format" time="0">
    </testcase>
    <testcase classname="Visualization Service - P2 Priority › Export Functionality" name="should export visualizations to SVG format" time="0">
    </testcase>
    <testcase classname="Visualization Service - P2 Priority › Export Functionality" name="should export visualizations to JSON format" time="0">
    </testcase>
    <testcase classname="Visualization Service - P2 Priority › Export Functionality" name="should export interactive HTML visualizations" time="0.001">
    </testcase>
    <testcase classname="Visualization Service - P2 Priority › Layout Algorithms" name="should implement force-directed layout" time="0">
    </testcase>
    <testcase classname="Visualization Service - P2 Priority › Layout Algorithms" name="should implement hierarchical layout" time="0.001">
    </testcase>
    <testcase classname="Visualization Service - P2 Priority › Layout Algorithms" name="should implement circular layout" time="0.001">
    </testcase>
    <testcase classname="Visualization Service - P2 Priority › Layout Algorithms" name="should implement grid layout" time="0">
    </testcase>
    <testcase classname="Visualization Service - P2 Priority › Real-time Updates" name="should handle real-time node additions" time="0">
    </testcase>
    <testcase classname="Visualization Service - P2 Priority › Real-time Updates" name="should handle real-time edge additions" time="0.001">
    </testcase>
    <testcase classname="Visualization Service - P2 Priority › Real-time Updates" name="should handle node property updates" time="0">
    </testcase>
    <testcase classname="Visualization Service - P2 Priority › Performance Optimization" name="should implement level-of-detail rendering" time="0.004">
    </testcase>
    <testcase classname="Visualization Service - P2 Priority › Performance Optimization" name="should implement node clustering for large graphs" time="0.007">
    </testcase>
    <testcase classname="Visualization Service - P2 Priority › Performance Optimization" name="should implement edge bundling for complex networks" time="0">
    </testcase>
    <testcase classname="Visualization Service - P2 Priority › Visualization Management" name="should save and load visualization configurations" time="0.001">
    </testcase>
    <testcase classname="Visualization Service - P2 Priority › Visualization Management" name="should share visualizations between users" time="0">
    </testcase>
    <testcase classname="Visualization Service - P2 Priority › Visualization Management" name="should create visualization snapshots" time="0">
    </testcase>
    <testcase classname="Visualization Service - P2 Priority › Metrics and Analytics" name="should track visualization usage metrics" time="0">
    </testcase>
    <testcase classname="Visualization Service - P2 Priority › Metrics and Analytics" name="should provide performance analytics" time="0.001">
    </testcase>
    <testcase classname="Visualization Service - P2 Priority › Error Handling" name="should handle data loading failures gracefully" time="0">
    </testcase>
    <testcase classname="Visualization Service - P2 Priority › Error Handling" name="should validate visualization parameters" time="0.01">
    </testcase>
    <testcase classname="Visualization Service Performance" name="should handle large graph rendering efficiently" time="0.014">
    </testcase>
  </testsuite>
  <testsuite name="Entity Model System" errors="0" failures="12" skipped="0" timestamp="2025-08-14T19:28:51" time="0.298" tests="12">
    <testcase classname="Entity Model System › Migration System" name="should initialize migration tracking table" time="0">
      <failure>AggregateError: 
    at /Users/brianlong/Documents/GitHub/intelgraph/server/node_modules/pg-pool/index.js:45:11
    at processTicksAndRejections (node:internal/process/task_queues:105:5)
    at connectPostgres (/Users/brianlong/Documents/GitHub/intelgraph/server/src/config/database.js:112:20)
    at Object.&lt;anonymous&gt; (/Users/brianlong/Documents/GitHub/intelgraph/server/src/tests/entityModel.test.js:13:5)</failure>
    </testcase>
    <testcase classname="Entity Model System › Migration System" name="should get migration status" time="0">
      <failure>AggregateError: 
    at /Users/brianlong/Documents/GitHub/intelgraph/server/node_modules/pg-pool/index.js:45:11
    at processTicksAndRejections (node:internal/process/task_queues:105:5)
    at connectPostgres (/Users/brianlong/Documents/GitHub/intelgraph/server/src/config/database.js:112:20)
    at Object.&lt;anonymous&gt; (/Users/brianlong/Documents/GitHub/intelgraph/server/src/tests/entityModel.test.js:13:5)</failure>
    </testcase>
    <testcase classname="Entity Model System › Migration System" name="should track applied migrations" time="0">
      <failure>AggregateError: 
    at /Users/brianlong/Documents/GitHub/intelgraph/server/node_modules/pg-pool/index.js:45:11
    at processTicksAndRejections (node:internal/process/task_queues:105:5)
    at connectPostgres (/Users/brianlong/Documents/GitHub/intelgraph/server/src/config/database.js:112:20)
    at Object.&lt;anonymous&gt; (/Users/brianlong/Documents/GitHub/intelgraph/server/src/tests/entityModel.test.js:13:5)</failure>
    </testcase>
    <testcase classname="Entity Model System › Entity Model Constraints" name="should enforce unique entity IDs" time="0.001">
      <failure>AggregateError: 
    at /Users/brianlong/Documents/GitHub/intelgraph/server/node_modules/pg-pool/index.js:45:11
    at processTicksAndRejections (node:internal/process/task_queues:105:5)
    at connectPostgres (/Users/brianlong/Documents/GitHub/intelgraph/server/src/config/database.js:112:20)
    at Object.&lt;anonymous&gt; (/Users/brianlong/Documents/GitHub/intelgraph/server/src/tests/entityModel.test.js:13:5)</failure>
    </testcase>
    <testcase classname="Entity Model System › Entity Model Constraints" name="should enforce required fields" time="0">
      <failure>AggregateError: 
    at /Users/brianlong/Documents/GitHub/intelgraph/server/node_modules/pg-pool/index.js:45:11
    at processTicksAndRejections (node:internal/process/task_queues:105:5)
    at connectPostgres (/Users/brianlong/Documents/GitHub/intelgraph/server/src/config/database.js:112:20)
    at Object.&lt;anonymous&gt; (/Users/brianlong/Documents/GitHub/intelgraph/server/src/tests/entityModel.test.js:13:5)</failure>
    </testcase>
    <testcase classname="Entity Model System › Entity Model Constraints" name="should enforce email format for EMAIL entities" time="0">
      <failure>AggregateError: 
    at /Users/brianlong/Documents/GitHub/intelgraph/server/node_modules/pg-pool/index.js:45:11
    at processTicksAndRejections (node:internal/process/task_queues:105:5)
    at connectPostgres (/Users/brianlong/Documents/GitHub/intelgraph/server/src/config/database.js:112:20)
    at Object.&lt;anonymous&gt; (/Users/brianlong/Documents/GitHub/intelgraph/server/src/tests/entityModel.test.js:13:5)</failure>
    </testcase>
    <testcase classname="Entity Model System › Entity Model Service" name="should get entity statistics" time="0">
      <failure>AggregateError: 
    at /Users/brianlong/Documents/GitHub/intelgraph/server/node_modules/pg-pool/index.js:45:11
    at processTicksAndRejections (node:internal/process/task_queues:105:5)
    at connectPostgres (/Users/brianlong/Documents/GitHub/intelgraph/server/src/config/database.js:112:20)
    at Object.&lt;anonymous&gt; (/Users/brianlong/Documents/GitHub/intelgraph/server/src/tests/entityModel.test.js:13:5)</failure>
      <failure>Error: Neo4j driver not initialized
    at getNeo4jDriver (/Users/brianlong/Documents/GitHub/intelgraph/server/src/config/database.js:266:27)
    at Object.getNeo4jDriver (/Users/brianlong/Documents/GitHub/intelgraph/server/src/tests/entityModel.test.js:181:22)
    at Promise.then.completed (/Users/brianlong/Documents/GitHub/intelgraph/server/node_modules/jest-circus/build/utils.js:298:28)
    at new Promise (&lt;anonymous&gt;)
    at callAsyncCircusFn (/Users/brianlong/Documents/GitHub/intelgraph/server/node_modules/jest-circus/build/utils.js:231:10)
    at _callCircusHook (/Users/brianlong/Documents/GitHub/intelgraph/server/node_modules/jest-circus/build/run.js:281:40)
    at processTicksAndRejections (node:internal/process/task_queues:105:5)
    at _runTest (/Users/brianlong/Documents/GitHub/intelgraph/server/node_modules/jest-circus/build/run.js:254:5)
    at _runTestsForDescribeBlock (/Users/brianlong/Documents/GitHub/intelgraph/server/node_modules/jest-circus/build/run.js:126:9)
    at _runTestsForDescribeBlock (/Users/brianlong/Documents/GitHub/intelgraph/server/node_modules/jest-circus/build/run.js:121:9)
    at _runTestsForDescribeBlock (/Users/brianlong/Documents/GitHub/intelgraph/server/node_modules/jest-circus/build/run.js:121:9)
    at run (/Users/brianlong/Documents/GitHub/intelgraph/server/node_modules/jest-circus/build/run.js:71:3)
    at runAndTransformResultsToJestFormat (/Users/brianlong/Documents/GitHub/intelgraph/server/node_modules/jest-circus/build/legacy-code-todo-rewrite/jestAdapterInit.js:122:21)
    at jestAdapter (/Users/brianlong/Documents/GitHub/intelgraph/server/node_modules/jest-circus/build/legacy-code-todo-rewrite/jestAdapter.js:79:19)
    at runTestInternal (/Users/brianlong/Documents/GitHub/intelgraph/server/node_modules/jest-runner/build/runTest.js:367:16)
    at runTest (/Users/brianlong/Documents/GitHub/intelgraph/server/node_modules/jest-runner/build/runTest.js:444:34)
    at Object.worker (/Users/brianlong/Documents/GitHub/intelgraph/server/node_modules/jest-runner/build/testWorker.js:106:12)</failure>
    </testcase>
    <testcase classname="Entity Model System › Entity Model Service" name="should find hub entities" time="0">
      <failure>AggregateError: 
    at /Users/brianlong/Documents/GitHub/intelgraph/server/node_modules/pg-pool/index.js:45:11
    at processTicksAndRejections (node:internal/process/task_queues:105:5)
    at connectPostgres (/Users/brianlong/Documents/GitHub/intelgraph/server/src/config/database.js:112:20)
    at Object.&lt;anonymous&gt; (/Users/brianlong/Documents/GitHub/intelgraph/server/src/tests/entityModel.test.js:13:5)</failure>
      <failure>Error: Neo4j driver not initialized
    at getNeo4jDriver (/Users/brianlong/Documents/GitHub/intelgraph/server/src/config/database.js:266:27)
    at Object.getNeo4jDriver (/Users/brianlong/Documents/GitHub/intelgraph/server/src/tests/entityModel.test.js:181:22)
    at Promise.then.completed (/Users/brianlong/Documents/GitHub/intelgraph/server/node_modules/jest-circus/build/utils.js:298:28)
    at new Promise (&lt;anonymous&gt;)
    at callAsyncCircusFn (/Users/brianlong/Documents/GitHub/intelgraph/server/node_modules/jest-circus/build/utils.js:231:10)
    at _callCircusHook (/Users/brianlong/Documents/GitHub/intelgraph/server/node_modules/jest-circus/build/run.js:281:40)
    at processTicksAndRejections (node:internal/process/task_queues:105:5)
    at _runTest (/Users/brianlong/Documents/GitHub/intelgraph/server/node_modules/jest-circus/build/run.js:254:5)
    at _runTestsForDescribeBlock (/Users/brianlong/Documents/GitHub/intelgraph/server/node_modules/jest-circus/build/run.js:126:9)
    at _runTestsForDescribeBlock (/Users/brianlong/Documents/GitHub/intelgraph/server/node_modules/jest-circus/build/run.js:121:9)
    at _runTestsForDescribeBlock (/Users/brianlong/Documents/GitHub/intelgraph/server/node_modules/jest-circus/build/run.js:121:9)
    at run (/Users/brianlong/Documents/GitHub/intelgraph/server/node_modules/jest-circus/build/run.js:71:3)
    at runAndTransformResultsToJestFormat (/Users/brianlong/Documents/GitHub/intelgraph/server/node_modules/jest-circus/build/legacy-code-todo-rewrite/jestAdapterInit.js:122:21)
    at jestAdapter (/Users/brianlong/Documents/GitHub/intelgraph/server/node_modules/jest-circus/build/legacy-code-todo-rewrite/jestAdapter.js:79:19)
    at runTestInternal (/Users/brianlong/Documents/GitHub/intelgraph/server/node_modules/jest-runner/build/runTest.js:367:16)
    at runTest (/Users/brianlong/Documents/GitHub/intelgraph/server/node_modules/jest-runner/build/runTest.js:444:34)
    at Object.worker (/Users/brianlong/Documents/GitHub/intelgraph/server/node_modules/jest-runner/build/testWorker.js:106:12)</failure>
    </testcase>
    <testcase classname="Entity Model System › Entity Model Service" name="should validate model integrity" time="0">
      <failure>AggregateError: 
    at /Users/brianlong/Documents/GitHub/intelgraph/server/node_modules/pg-pool/index.js:45:11
    at processTicksAndRejections (node:internal/process/task_queues:105:5)
    at connectPostgres (/Users/brianlong/Documents/GitHub/intelgraph/server/src/config/database.js:112:20)
    at Object.&lt;anonymous&gt; (/Users/brianlong/Documents/GitHub/intelgraph/server/src/tests/entityModel.test.js:13:5)</failure>
      <failure>Error: Neo4j driver not initialized
    at getNeo4jDriver (/Users/brianlong/Documents/GitHub/intelgraph/server/src/config/database.js:266:27)
    at Object.getNeo4jDriver (/Users/brianlong/Documents/GitHub/intelgraph/server/src/tests/entityModel.test.js:181:22)
    at Promise.then.completed (/Users/brianlong/Documents/GitHub/intelgraph/server/node_modules/jest-circus/build/utils.js:298:28)
    at new Promise (&lt;anonymous&gt;)
    at callAsyncCircusFn (/Users/brianlong/Documents/GitHub/intelgraph/server/node_modules/jest-circus/build/utils.js:231:10)
    at _callCircusHook (/Users/brianlong/Documents/GitHub/intelgraph/server/node_modules/jest-circus/build/run.js:281:40)
    at processTicksAndRejections (node:internal/process/task_queues:105:5)
    at _runTest (/Users/brianlong/Documents/GitHub/intelgraph/server/node_modules/jest-circus/build/run.js:254:5)
    at _runTestsForDescribeBlock (/Users/brianlong/Documents/GitHub/intelgraph/server/node_modules/jest-circus/build/run.js:126:9)
    at _runTestsForDescribeBlock (/Users/brianlong/Documents/GitHub/intelgraph/server/node_modules/jest-circus/build/run.js:121:9)
    at _runTestsForDescribeBlock (/Users/brianlong/Documents/GitHub/intelgraph/server/node_modules/jest-circus/build/run.js:121:9)
    at run (/Users/brianlong/Documents/GitHub/intelgraph/server/node_modules/jest-circus/build/run.js:71:3)
    at runAndTransformResultsToJestFormat (/Users/brianlong/Documents/GitHub/intelgraph/server/node_modules/jest-circus/build/legacy-code-todo-rewrite/jestAdapterInit.js:122:21)
    at jestAdapter (/Users/brianlong/Documents/GitHub/intelgraph/server/node_modules/jest-circus/build/legacy-code-todo-rewrite/jestAdapter.js:79:19)
    at runTestInternal (/Users/brianlong/Documents/GitHub/intelgraph/server/node_modules/jest-runner/build/runTest.js:367:16)
    at runTest (/Users/brianlong/Documents/GitHub/intelgraph/server/node_modules/jest-runner/build/runTest.js:444:34)
    at Object.worker (/Users/brianlong/Documents/GitHub/intelgraph/server/node_modules/jest-runner/build/testWorker.js:106:12)</failure>
    </testcase>
    <testcase classname="Entity Model System › Entity Model Service" name="should get query performance stats" time="0">
      <failure>AggregateError: 
    at /Users/brianlong/Documents/GitHub/intelgraph/server/node_modules/pg-pool/index.js:45:11
    at processTicksAndRejections (node:internal/process/task_queues:105:5)
    at connectPostgres (/Users/brianlong/Documents/GitHub/intelgraph/server/src/config/database.js:112:20)
    at Object.&lt;anonymous&gt; (/Users/brianlong/Documents/GitHub/intelgraph/server/src/tests/entityModel.test.js:13:5)</failure>
      <failure>Error: Neo4j driver not initialized
    at getNeo4jDriver (/Users/brianlong/Documents/GitHub/intelgraph/server/src/config/database.js:266:27)
    at Object.getNeo4jDriver (/Users/brianlong/Documents/GitHub/intelgraph/server/src/tests/entityModel.test.js:181:22)
    at Promise.then.completed (/Users/brianlong/Documents/GitHub/intelgraph/server/node_modules/jest-circus/build/utils.js:298:28)
    at new Promise (&lt;anonymous&gt;)
    at callAsyncCircusFn (/Users/brianlong/Documents/GitHub/intelgraph/server/node_modules/jest-circus/build/utils.js:231:10)
    at _callCircusHook (/Users/brianlong/Documents/GitHub/intelgraph/server/node_modules/jest-circus/build/run.js:281:40)
    at processTicksAndRejections (node:internal/process/task_queues:105:5)
    at _runTest (/Users/brianlong/Documents/GitHub/intelgraph/server/node_modules/jest-circus/build/run.js:254:5)
    at _runTestsForDescribeBlock (/Users/brianlong/Documents/GitHub/intelgraph/server/node_modules/jest-circus/build/run.js:126:9)
    at _runTestsForDescribeBlock (/Users/brianlong/Documents/GitHub/intelgraph/server/node_modules/jest-circus/build/run.js:121:9)
    at _runTestsForDescribeBlock (/Users/brianlong/Documents/GitHub/intelgraph/server/node_modules/jest-circus/build/run.js:121:9)
    at run (/Users/brianlong/Documents/GitHub/intelgraph/server/node_modules/jest-circus/build/run.js:71:3)
    at runAndTransformResultsToJestFormat (/Users/brianlong/Documents/GitHub/intelgraph/server/node_modules/jest-circus/build/legacy-code-todo-rewrite/jestAdapterInit.js:122:21)
    at jestAdapter (/Users/brianlong/Documents/GitHub/intelgraph/server/node_modules/jest-circus/build/legacy-code-todo-rewrite/jestAdapter.js:79:19)
    at runTestInternal (/Users/brianlong/Documents/GitHub/intelgraph/server/node_modules/jest-runner/build/runTest.js:367:16)
    at runTest (/Users/brianlong/Documents/GitHub/intelgraph/server/node_modules/jest-runner/build/runTest.js:444:34)
    at Object.worker (/Users/brianlong/Documents/GitHub/intelgraph/server/node_modules/jest-runner/build/testWorker.js:106:12)</failure>
    </testcase>
    <testcase classname="Entity Model System › Index Performance" name="should have efficient entity type queries" time="0">
      <failure>AggregateError: 
    at /Users/brianlong/Documents/GitHub/intelgraph/server/node_modules/pg-pool/index.js:45:11
    at processTicksAndRejections (node:internal/process/task_queues:105:5)
    at connectPostgres (/Users/brianlong/Documents/GitHub/intelgraph/server/src/config/database.js:112:20)
    at Object.&lt;anonymous&gt; (/Users/brianlong/Documents/GitHub/intelgraph/server/src/tests/entityModel.test.js:13:5)</failure>
    </testcase>
    <testcase classname="Entity Model System › Index Performance" name="should have efficient investigation queries" time="0">
      <failure>AggregateError: 
    at /Users/brianlong/Documents/GitHub/intelgraph/server/node_modules/pg-pool/index.js:45:11
    at processTicksAndRejections (node:internal/process/task_queues:105:5)
    at connectPostgres (/Users/brianlong/Documents/GitHub/intelgraph/server/src/config/database.js:112:20)
    at Object.&lt;anonymous&gt; (/Users/brianlong/Documents/GitHub/intelgraph/server/src/tests/entityModel.test.js:13:5)</failure>
    </testcase>
  </testsuite>
  <testsuite name="Visualization Service - P2 Priority" errors="0" failures="1" skipped="0" timestamp="2025-08-14T19:28:51" time="0.133" tests="36">
    <testcase classname="Visualization Service - P2 Priority › Visualization Engine Initialization" name="should initialize all supported visualization types" time="0.001">
    </testcase>
    <testcase classname="Visualization Service - P2 Priority › Visualization Engine Initialization" name="should configure rendering engines correctly" time="0.001">
    </testcase>
    <testcase classname="Visualization Service - P2 Priority › Visualization Engine Initialization" name="should validate engine-type compatibility" time="0">
    </testcase>
    <testcase classname="Visualization Service - P2 Priority › Visualization Creation" name="should create network graph visualizations" time="0">
    </testcase>
    <testcase classname="Visualization Service - P2 Priority › Visualization Creation" name="should create timeline visualizations" time="0">
    </testcase>
    <testcase classname="Visualization Service - P2 Priority › Visualization Creation" name="should create geospatial map visualizations" time="0.001">
      <failure>Error: expect(received).toBe(expected) // Object.is equality

Expected: &quot;GEOSPATIAL_MAP&quot;
Received: undefined
    at Object.toBe (/Users/brianlong/Documents/GitHub/intelgraph/server/src/tests/visualizationService.test.js:210:34)
    at processTicksAndRejections (node:internal/process/task_queues:105:5)</failure>
    </testcase>
    <testcase classname="Visualization Service - P2 Priority › Visualization Creation" name="should create hierarchical tree visualizations" time="0.001">
    </testcase>
    <testcase classname="Visualization Service - P2 Priority › Advanced Visualization Types" name="should create matrix visualizations" time="0">
    </testcase>
    <testcase classname="Visualization Service - P2 Priority › Advanced Visualization Types" name="should create Sankey diagram visualizations" time="0">
    </testcase>
    <testcase classname="Visualization Service - P2 Priority › Advanced Visualization Types" name="should create 3D force-directed visualizations" time="0">
    </testcase>
    <testcase classname="Visualization Service - P2 Priority › Interactive Features" name="should handle node selection and highlighting" time="0">
    </testcase>
    <testcase classname="Visualization Service - P2 Priority › Interactive Features" name="should support node filtering and search" time="0">
    </testcase>
    <testcase classname="Visualization Service - P2 Priority › Interactive Features" name="should handle layout changes" time="0.001">
    </testcase>
    <testcase classname="Visualization Service - P2 Priority › Interactive Features" name="should support zoom and pan operations" time="0">
    </testcase>
    <testcase classname="Visualization Service - P2 Priority › Export Functionality" name="should export visualizations to PNG format" time="0">
    </testcase>
    <testcase classname="Visualization Service - P2 Priority › Export Functionality" name="should export visualizations to SVG format" time="0">
    </testcase>
    <testcase classname="Visualization Service - P2 Priority › Export Functionality" name="should export visualizations to JSON format" time="0">
    </testcase>
    <testcase classname="Visualization Service - P2 Priority › Export Functionality" name="should export interactive HTML visualizations" time="0">
    </testcase>
    <testcase classname="Visualization Service - P2 Priority › Layout Algorithms" name="should implement force-directed layout" time="0.001">
    </testcase>
    <testcase classname="Visualization Service - P2 Priority › Layout Algorithms" name="should implement hierarchical layout" time="0">
    </testcase>
    <testcase classname="Visualization Service - P2 Priority › Layout Algorithms" name="should implement circular layout" time="0">
    </testcase>
    <testcase classname="Visualization Service - P2 Priority › Layout Algorithms" name="should implement grid layout" time="0">
    </testcase>
    <testcase classname="Visualization Service - P2 Priority › Real-time Updates" name="should handle real-time node additions" time="0.001">
    </testcase>
    <testcase classname="Visualization Service - P2 Priority › Real-time Updates" name="should handle real-time edge additions" time="0">
    </testcase>
    <testcase classname="Visualization Service - P2 Priority › Real-time Updates" name="should handle node property updates" time="0">
    </testcase>
    <testcase classname="Visualization Service - P2 Priority › Performance Optimization" name="should implement level-of-detail rendering" time="0.004">
    </testcase>
    <testcase classname="Visualization Service - P2 Priority › Performance Optimization" name="should implement node clustering for large graphs" time="0.007">
    </testcase>
    <testcase classname="Visualization Service - P2 Priority › Performance Optimization" name="should implement edge bundling for complex networks" time="0.001">
    </testcase>
    <testcase classname="Visualization Service - P2 Priority › Visualization Management" name="should save and load visualization configurations" time="0">
    </testcase>
    <testcase classname="Visualization Service - P2 Priority › Visualization Management" name="should share visualizations between users" time="0">
    </testcase>
    <testcase classname="Visualization Service - P2 Priority › Visualization Management" name="should create visualization snapshots" time="0">
    </testcase>
    <testcase classname="Visualization Service - P2 Priority › Metrics and Analytics" name="should track visualization usage metrics" time="0.001">
    </testcase>
    <testcase classname="Visualization Service - P2 Priority › Metrics and Analytics" name="should provide performance analytics" time="0">
    </testcase>
    <testcase classname="Visualization Service - P2 Priority › Error Handling" name="should handle data loading failures gracefully" time="0">
    </testcase>
    <testcase classname="Visualization Service - P2 Priority › Error Handling" name="should validate visualization parameters" time="0.011">
    </testcase>
    <testcase classname="Visualization Service Performance" name="should handle large graph rendering efficiently" time="0.014">
    </testcase>
  </testsuite>
  <testsuite name="Entity Model System" errors="0" failures="12" skipped="0" timestamp="2025-08-14T19:28:51" time="0.092" tests="12">
    <testcase classname="Entity Model System › Migration System" name="should initialize migration tracking table" time="0">
      <failure>AggregateError: 
    at /Users/brianlong/Documents/GitHub/intelgraph/server/node_modules/pg-pool/index.js:45:11
    at processTicksAndRejections (node:internal/process/task_queues:105:5)
    at connectPostgres (/Users/brianlong/Documents/GitHub/intelgraph/server/src/config/database.js:112:20)
    at Object.&lt;anonymous&gt; (/Users/brianlong/Documents/GitHub/intelgraph/server/src/tests/entityModel.test.js:13:5)</failure>
    </testcase>
    <testcase classname="Entity Model System › Migration System" name="should get migration status" time="0">
      <failure>AggregateError: 
    at /Users/brianlong/Documents/GitHub/intelgraph/server/node_modules/pg-pool/index.js:45:11
    at processTicksAndRejections (node:internal/process/task_queues:105:5)
    at connectPostgres (/Users/brianlong/Documents/GitHub/intelgraph/server/src/config/database.js:112:20)
    at Object.&lt;anonymous&gt; (/Users/brianlong/Documents/GitHub/intelgraph/server/src/tests/entityModel.test.js:13:5)</failure>
    </testcase>
    <testcase classname="Entity Model System › Migration System" name="should track applied migrations" time="0">
      <failure>AggregateError: 
    at /Users/brianlong/Documents/GitHub/intelgraph/server/node_modules/pg-pool/index.js:45:11
    at processTicksAndRejections (node:internal/process/task_queues:105:5)
    at connectPostgres (/Users/brianlong/Documents/GitHub/intelgraph/server/src/config/database.js:112:20)
    at Object.&lt;anonymous&gt; (/Users/brianlong/Documents/GitHub/intelgraph/server/src/tests/entityModel.test.js:13:5)</failure>
    </testcase>
    <testcase classname="Entity Model System › Entity Model Constraints" name="should enforce unique entity IDs" time="0">
      <failure>AggregateError: 
    at /Users/brianlong/Documents/GitHub/intelgraph/server/node_modules/pg-pool/index.js:45:11
    at processTicksAndRejections (node:internal/process/task_queues:105:5)
    at connectPostgres (/Users/brianlong/Documents/GitHub/intelgraph/server/src/config/database.js:112:20)
    at Object.&lt;anonymous&gt; (/Users/brianlong/Documents/GitHub/intelgraph/server/src/tests/entityModel.test.js:13:5)</failure>
    </testcase>
    <testcase classname="Entity Model System › Entity Model Constraints" name="should enforce required fields" time="0">
      <failure>AggregateError: 
    at /Users/brianlong/Documents/GitHub/intelgraph/server/node_modules/pg-pool/index.js:45:11
    at processTicksAndRejections (node:internal/process/task_queues:105:5)
    at connectPostgres (/Users/brianlong/Documents/GitHub/intelgraph/server/src/config/database.js:112:20)
    at Object.&lt;anonymous&gt; (/Users/brianlong/Documents/GitHub/intelgraph/server/src/tests/entityModel.test.js:13:5)</failure>
    </testcase>
    <testcase classname="Entity Model System › Entity Model Constraints" name="should enforce email format for EMAIL entities" time="0">
      <failure>AggregateError: 
    at /Users/brianlong/Documents/GitHub/intelgraph/server/node_modules/pg-pool/index.js:45:11
    at processTicksAndRejections (node:internal/process/task_queues:105:5)
    at connectPostgres (/Users/brianlong/Documents/GitHub/intelgraph/server/src/config/database.js:112:20)
    at Object.&lt;anonymous&gt; (/Users/brianlong/Documents/GitHub/intelgraph/server/src/tests/entityModel.test.js:13:5)</failure>
    </testcase>
    <testcase classname="Entity Model System › Entity Model Service" name="should get entity statistics" time="0">
      <failure>AggregateError: 
    at /Users/brianlong/Documents/GitHub/intelgraph/server/node_modules/pg-pool/index.js:45:11
    at processTicksAndRejections (node:internal/process/task_queues:105:5)
    at connectPostgres (/Users/brianlong/Documents/GitHub/intelgraph/server/src/config/database.js:112:20)
    at Object.&lt;anonymous&gt; (/Users/brianlong/Documents/GitHub/intelgraph/server/src/tests/entityModel.test.js:13:5)</failure>
      <failure>Error: Neo4j driver not initialized
    at getNeo4jDriver (/Users/brianlong/Documents/GitHub/intelgraph/server/src/config/database.js:266:27)
    at Object.getNeo4jDriver (/Users/brianlong/Documents/GitHub/intelgraph/server/src/tests/entityModel.test.js:181:22)
    at Promise.then.completed (/Users/brianlong/Documents/GitHub/intelgraph/server/node_modules/jest-circus/build/utils.js:298:28)
    at new Promise (&lt;anonymous&gt;)
    at callAsyncCircusFn (/Users/brianlong/Documents/GitHub/intelgraph/server/node_modules/jest-circus/build/utils.js:231:10)
    at _callCircusHook (/Users/brianlong/Documents/GitHub/intelgraph/server/node_modules/jest-circus/build/run.js:281:40)
    at processTicksAndRejections (node:internal/process/task_queues:105:5)
    at _runTest (/Users/brianlong/Documents/GitHub/intelgraph/server/node_modules/jest-circus/build/run.js:254:5)
    at _runTestsForDescribeBlock (/Users/brianlong/Documents/GitHub/intelgraph/server/node_modules/jest-circus/build/run.js:126:9)
    at _runTestsForDescribeBlock (/Users/brianlong/Documents/GitHub/intelgraph/server/node_modules/jest-circus/build/run.js:121:9)
    at _runTestsForDescribeBlock (/Users/brianlong/Documents/GitHub/intelgraph/server/node_modules/jest-circus/build/run.js:121:9)
    at run (/Users/brianlong/Documents/GitHub/intelgraph/server/node_modules/jest-circus/build/run.js:71:3)
    at runAndTransformResultsToJestFormat (/Users/brianlong/Documents/GitHub/intelgraph/server/node_modules/jest-circus/build/legacy-code-todo-rewrite/jestAdapterInit.js:122:21)
    at jestAdapter (/Users/brianlong/Documents/GitHub/intelgraph/server/node_modules/jest-circus/build/legacy-code-todo-rewrite/jestAdapter.js:79:19)
    at runTestInternal (/Users/brianlong/Documents/GitHub/intelgraph/server/node_modules/jest-runner/build/runTest.js:367:16)
    at runTest (/Users/brianlong/Documents/GitHub/intelgraph/server/node_modules/jest-runner/build/runTest.js:444:34)
    at Object.worker (/Users/brianlong/Documents/GitHub/intelgraph/server/node_modules/jest-runner/build/testWorker.js:106:12)</failure>
    </testcase>
    <testcase classname="Entity Model System › Entity Model Service" name="should find hub entities" time="0">
      <failure>AggregateError: 
    at /Users/brianlong/Documents/GitHub/intelgraph/server/node_modules/pg-pool/index.js:45:11
    at processTicksAndRejections (node:internal/process/task_queues:105:5)
    at connectPostgres (/Users/brianlong/Documents/GitHub/intelgraph/server/src/config/database.js:112:20)
    at Object.&lt;anonymous&gt; (/Users/brianlong/Documents/GitHub/intelgraph/server/src/tests/entityModel.test.js:13:5)</failure>
      <failure>Error: Neo4j driver not initialized
    at getNeo4jDriver (/Users/brianlong/Documents/GitHub/intelgraph/server/src/config/database.js:266:27)
    at Object.getNeo4jDriver (/Users/brianlong/Documents/GitHub/intelgraph/server/src/tests/entityModel.test.js:181:22)
    at Promise.then.completed (/Users/brianlong/Documents/GitHub/intelgraph/server/node_modules/jest-circus/build/utils.js:298:28)
    at new Promise (&lt;anonymous&gt;)
    at callAsyncCircusFn (/Users/brianlong/Documents/GitHub/intelgraph/server/node_modules/jest-circus/build/utils.js:231:10)
    at _callCircusHook (/Users/brianlong/Documents/GitHub/intelgraph/server/node_modules/jest-circus/build/run.js:281:40)
    at processTicksAndRejections (node:internal/process/task_queues:105:5)
    at _runTest (/Users/brianlong/Documents/GitHub/intelgraph/server/node_modules/jest-circus/build/run.js:254:5)
    at _runTestsForDescribeBlock (/Users/brianlong/Documents/GitHub/intelgraph/server/node_modules/jest-circus/build/run.js:126:9)
    at _runTestsForDescribeBlock (/Users/brianlong/Documents/GitHub/intelgraph/server/node_modules/jest-circus/build/run.js:121:9)
    at _runTestsForDescribeBlock (/Users/brianlong/Documents/GitHub/intelgraph/server/node_modules/jest-circus/build/run.js:121:9)
    at run (/Users/brianlong/Documents/GitHub/intelgraph/server/node_modules/jest-circus/build/run.js:71:3)
    at runAndTransformResultsToJestFormat (/Users/brianlong/Documents/GitHub/intelgraph/server/node_modules/jest-circus/build/legacy-code-todo-rewrite/jestAdapterInit.js:122:21)
    at jestAdapter (/Users/brianlong/Documents/GitHub/intelgraph/server/node_modules/jest-circus/build/legacy-code-todo-rewrite/jestAdapter.js:79:19)
    at runTestInternal (/Users/brianlong/Documents/GitHub/intelgraph/server/node_modules/jest-runner/build/runTest.js:367:16)
    at runTest (/Users/brianlong/Documents/GitHub/intelgraph/server/node_modules/jest-runner/build/runTest.js:444:34)
    at Object.worker (/Users/brianlong/Documents/GitHub/intelgraph/server/node_modules/jest-runner/build/testWorker.js:106:12)</failure>
    </testcase>
    <testcase classname="Entity Model System › Entity Model Service" name="should validate model integrity" time="0">
      <failure>AggregateError: 
    at /Users/brianlong/Documents/GitHub/intelgraph/server/node_modules/pg-pool/index.js:45:11
    at processTicksAndRejections (node:internal/process/task_queues:105:5)
    at connectPostgres (/Users/brianlong/Documents/GitHub/intelgraph/server/src/config/database.js:112:20)
    at Object.&lt;anonymous&gt; (/Users/brianlong/Documents/GitHub/intelgraph/server/src/tests/entityModel.test.js:13:5)</failure>
      <failure>Error: Neo4j driver not initialized
    at getNeo4jDriver (/Users/brianlong/Documents/GitHub/intelgraph/server/src/config/database.js:266:27)
    at Object.getNeo4jDriver (/Users/brianlong/Documents/GitHub/intelgraph/server/src/tests/entityModel.test.js:181:22)
    at Promise.then.completed (/Users/brianlong/Documents/GitHub/intelgraph/server/node_modules/jest-circus/build/utils.js:298:28)
    at new Promise (&lt;anonymous&gt;)
    at callAsyncCircusFn (/Users/brianlong/Documents/GitHub/intelgraph/server/node_modules/jest-circus/build/utils.js:231:10)
    at _callCircusHook (/Users/brianlong/Documents/GitHub/intelgraph/server/node_modules/jest-circus/build/run.js:281:40)
    at processTicksAndRejections (node:internal/process/task_queues:105:5)
    at _runTest (/Users/brianlong/Documents/GitHub/intelgraph/server/node_modules/jest-circus/build/run.js:254:5)
    at _runTestsForDescribeBlock (/Users/brianlong/Documents/GitHub/intelgraph/server/node_modules/jest-circus/build/run.js:126:9)
    at _runTestsForDescribeBlock (/Users/brianlong/Documents/GitHub/intelgraph/server/node_modules/jest-circus/build/run.js:121:9)
    at _runTestsForDescribeBlock (/Users/brianlong/Documents/GitHub/intelgraph/server/node_modules/jest-circus/build/run.js:121:9)
    at run (/Users/brianlong/Documents/GitHub/intelgraph/server/node_modules/jest-circus/build/run.js:71:3)
    at runAndTransformResultsToJestFormat (/Users/brianlong/Documents/GitHub/intelgraph/server/node_modules/jest-circus/build/legacy-code-todo-rewrite/jestAdapterInit.js:122:21)
    at jestAdapter (/Users/brianlong/Documents/GitHub/intelgraph/server/node_modules/jest-circus/build/legacy-code-todo-rewrite/jestAdapter.js:79:19)
    at runTestInternal (/Users/brianlong/Documents/GitHub/intelgraph/server/node_modules/jest-runner/build/runTest.js:367:16)
    at runTest (/Users/brianlong/Documents/GitHub/intelgraph/server/node_modules/jest-runner/build/runTest.js:444:34)
    at Object.worker (/Users/brianlong/Documents/GitHub/intelgraph/server/node_modules/jest-runner/build/testWorker.js:106:12)</failure>
    </testcase>
    <testcase classname="Entity Model System › Entity Model Service" name="should get query performance stats" time="0">
      <failure>AggregateError: 
    at /Users/brianlong/Documents/GitHub/intelgraph/server/node_modules/pg-pool/index.js:45:11
    at processTicksAndRejections (node:internal/process/task_queues:105:5)
    at connectPostgres (/Users/brianlong/Documents/GitHub/intelgraph/server/src/config/database.js:112:20)
    at Object.&lt;anonymous&gt; (/Users/brianlong/Documents/GitHub/intelgraph/server/src/tests/entityModel.test.js:13:5)</failure>
      <failure>Error: Neo4j driver not initialized
    at getNeo4jDriver (/Users/brianlong/Documents/GitHub/intelgraph/server/src/config/database.js:266:27)
    at Object.getNeo4jDriver (/Users/brianlong/Documents/GitHub/intelgraph/server/src/tests/entityModel.test.js:181:22)
    at Promise.then.completed (/Users/brianlong/Documents/GitHub/intelgraph/server/node_modules/jest-circus/build/utils.js:298:28)
    at new Promise (&lt;anonymous&gt;)
    at callAsyncCircusFn (/Users/brianlong/Documents/GitHub/intelgraph/server/node_modules/jest-circus/build/utils.js:231:10)
    at _callCircusHook (/Users/brianlong/Documents/GitHub/intelgraph/server/node_modules/jest-circus/build/run.js:281:40)
    at processTicksAndRejections (node:internal/process/task_queues:105:5)
    at _runTest (/Users/brianlong/Documents/GitHub/intelgraph/server/node_modules/jest-circus/build/run.js:254:5)
    at _runTestsForDescribeBlock (/Users/brianlong/Documents/GitHub/intelgraph/server/node_modules/jest-circus/build/run.js:126:9)
    at _runTestsForDescribeBlock (/Users/brianlong/Documents/GitHub/intelgraph/server/node_modules/jest-circus/build/run.js:121:9)
    at _runTestsForDescribeBlock (/Users/brianlong/Documents/GitHub/intelgraph/server/node_modules/jest-circus/build/run.js:121:9)
    at run (/Users/brianlong/Documents/GitHub/intelgraph/server/node_modules/jest-circus/build/run.js:71:3)
    at runAndTransformResultsToJestFormat (/Users/brianlong/Documents/GitHub/intelgraph/server/node_modules/jest-circus/build/legacy-code-todo-rewrite/jestAdapterInit.js:122:21)
    at jestAdapter (/Users/brianlong/Documents/GitHub/intelgraph/server/node_modules/jest-circus/build/legacy-code-todo-rewrite/jestAdapter.js:79:19)
    at runTestInternal (/Users/brianlong/Documents/GitHub/intelgraph/server/node_modules/jest-runner/build/runTest.js:367:16)
    at runTest (/Users/brianlong/Documents/GitHub/intelgraph/server/node_modules/jest-runner/build/runTest.js:444:34)
    at Object.worker (/Users/brianlong/Documents/GitHub/intelgraph/server/node_modules/jest-runner/build/testWorker.js:106:12)</failure>
    </testcase>
    <testcase classname="Entity Model System › Index Performance" name="should have efficient entity type queries" time="0">
      <failure>AggregateError: 
    at /Users/brianlong/Documents/GitHub/intelgraph/server/node_modules/pg-pool/index.js:45:11
    at processTicksAndRejections (node:internal/process/task_queues:105:5)
    at connectPostgres (/Users/brianlong/Documents/GitHub/intelgraph/server/src/config/database.js:112:20)
    at Object.&lt;anonymous&gt; (/Users/brianlong/Documents/GitHub/intelgraph/server/src/tests/entityModel.test.js:13:5)</failure>
    </testcase>
    <testcase classname="Entity Model System › Index Performance" name="should have efficient investigation queries" time="0">
      <failure>AggregateError: 
    at /Users/brianlong/Documents/GitHub/intelgraph/server/node_modules/pg-pool/index.js:45:11
    at processTicksAndRejections (node:internal/process/task_queues:105:5)
    at connectPostgres (/Users/brianlong/Documents/GitHub/intelgraph/server/src/config/database.js:112:20)
    at Object.&lt;anonymous&gt; (/Users/brianlong/Documents/GitHub/intelgraph/server/src/tests/entityModel.test.js:13:5)</failure>
    </testcase>
  </testsuite>
  <testsuite name="Integration Service - P2 Priority" errors="0" failures="0" skipped="0" timestamp="2025-08-14T19:28:51" time="1.166" tests="49">
    <testcase classname="Integration Service - P2 Priority › Connector Initialization" name="should initialize all enterprise connectors" time="0.001">
    </testcase>
    <testcase classname="Integration Service - P2 Priority › Connector Initialization" name="should configure connector categories correctly" time="0.001">
    </testcase>
    <testcase classname="Integration Service - P2 Priority › Connector Initialization" name="should define authentication methods for each connector" time="0">
    </testcase>
    <testcase classname="Integration Service - P2 Priority › Connector Initialization" name="should configure data types for each connector" time="0">
    </testcase>
    <testcase classname="Integration Service - P2 Priority › Connection Management" name="should create connections successfully" time="0.001">
    </testcase>
    <testcase classname="Integration Service - P2 Priority › Connection Management" name="should validate authentication before creating connections" time="0.012">
    </testcase>
    <testcase classname="Integration Service - P2 Priority › Connection Management" name="should reject connections with invalid connectors" time="0">
    </testcase>
    <testcase classname="Integration Service - P2 Priority › Connection Management" name="should fail connection creation on test failure" time="0">
    </testcase>
    <testcase classname="Integration Service - P2 Priority › Connection Management" name="should update existing connections" time="0.001">
    </testcase>
    <testcase classname="Integration Service - P2 Priority › Connection Management" name="should delete connections and cleanup sync jobs" time="0">
    </testcase>
[...]
    </testcase>
    <testcase classname="Entity Model Structure › Entity Model Service Structure" name="should have required service methods" time="0">
    </testcase>
    <testcase classname="Entity Model Structure › Migration Scripts" name="should have migration CLI script" time="0.001">
    </testcase>
    <testcase classname="Entity Model Structure › Migration Scripts" name="should have npm script commands" time="0">
    </testcase>
    <testcase classname="Entity Model Structure › Migration Content Validation" name="initial migration should have comprehensive constraints" time="0.001">
    </testcase>
    <testcase classname="Entity Model Structure › Migration Content Validation" name="specialization migration should have type-specific constraints" time="0">
    </testcase>
    <testcase classname="Entity Model Structure › Entity Model Constants and Types" name="should define entity types from GraphQL schema file" time="0">
    </testcase>
    <testcase classname="Entity Model Structure › Entity Model Constants and Types" name="should define relationship types from GraphQL schema file" time="0">
    </testcase>
    <testcase classname="Entity Model Structure › Database Configuration Integration" name="should integrate migration system with database config" time="0.001">
    </testcase>
  </testsuite>
  <testsuite name="Docker Security Configuration" errors="0" failures="0" skipped="0" timestamp="2025-08-14T19:30:24" time="0.02" tests="14">
    <testcase classname="Docker Security Configuration › Dockerfile Security" name="Dockerfile.secure should implement security best practices" time="0.001">
    </testcase>
    <testcase classname="Docker Security Configuration › Dockerfile Security" name="production Dockerfile should be secure" time="0">
    </testcase>
    <testcase classname="Docker Security Configuration › Docker Compose Security" name="docker-compose.secure.yml should implement security hardening" time="0">
    </testcase>
    <testcase classname="Docker Security Configuration › Docker Compose Security" name="volumes should have security mount options" time="0.001">
    </testcase>
    <testcase classname="Docker Security Configuration › Nginx Security Configuration" name="nginx-secure.conf should implement security headers" time="0">
    </testcase>
    <testcase classname="Docker Security Configuration › Nginx Security Configuration" name="security-headers.conf should have comprehensive headers" time="0.001">
    </testcase>
    <testcase classname="Docker Security Configuration › Falco Security Rules" name="Falco rules should monitor IntelGraph containers" time="0.001">
    </testcase>
    <testcase classname="Docker Security Configuration › Security Scripts" name="docker-security-audit.sh should be executable and comprehensive" time="0">
    </testcase>
    <testcase classname="Docker Security Configuration › Security Scripts" name="generate-secrets.sh should create secure secrets" time="0.001">
    </testcase>
    <testcase classname="Docker Security Configuration › Package.json Security Scripts" name="should have Docker security npm scripts" time="0">
    </testcase>
    <testcase classname="Docker Security Configuration › Security Best Practices" name="should use secure secrets management in secure configurations" time="0.001">
    </testcase>
    <testcase classname="Docker Security Configuration › Security Best Practices" name="should have proper .dockerignore" time="0">
    </testcase>
    <testcase classname="Docker Security Configuration › Security Best Practices" name="should use proper file structure for security" time="0">
    </testcase>
    <testcase classname="Docker Security Configuration › Security Documentation" name="should have security documentation" time="0">
    </testcase>
  </testsuite>
  <testsuite name="Notification Service - P1 Priority" errors="0" failures="0" skipped="0" timestamp="2025-08-14T19:30:24" time="0.015" tests="9">
    <testcase classname="Notification Service - P1 Priority › Notification Templates" name="should initialize all required notification templates" time="0.001">
    </testcase>
    <testcase classname="Notification Service - P1 Priority › Notification Templates" name="should configure template priorities correctly" time="0">
    </testcase>
    <testcase classname="Notification Service - P1 Priority › Notification Creation and Delivery" name="should create and send notifications successfully" time="0">
    </testcase>
    <testcase classname="Notification Service - P1 Priority › Notification Creation and Delivery" name="should handle multiple delivery channels" time="0.001">
    </testcase>
    <testcase classname="Notification Service - P1 Priority › Notification Creation and Delivery" name="should validate notification data before sending" time="0">
    </testcase>
    <testcase classname="Notification Service - P1 Priority › Notification Creation and Delivery" name="should handle delivery failures gracefully" time="0">
    </testcase>
    <testcase classname="Notification Service - P1 Priority › WebSocket Real-time Delivery" name="should deliver websocket notifications in real-time" time="0">
    </testcase>
    <testcase classname="Notification Service - P1 Priority › WebSocket Real-time Delivery" name="should broadcast to investigation rooms" time="0">
    </testcase>
    <testcase classname="Notification Service - P1 Priority › WebSocket Real-time Delivery" name="should handle user presence checking" time="0">
    </testcase>
  </testsuite>
  <testsuite name="AI Extraction Service - P0 Critical MVP1" errors="0" failures="4" skipped="0" timestamp="2025-08-14T19:29:11" time="77.591" tests="24">
    <testcase classname="AI Extraction Service - P0 Critical MVP1 › Pipeline Initialization" name="should initialize all required extraction pipelines" time="0.001">
    </testcase>
    <testcase classname="AI Extraction Service - P0 Critical MVP1 › Pipeline Initialization" name="should configure pipeline capabilities correctly" time="0.001">
    </testcase>
    <testcase classname="AI Extraction Service - P0 Critical MVP1 › Job Submission and Queue Management" name="should queue extraction job successfully" time="0">
    </testcase>
    <testcase classname="AI Extraction Service - P0 Critical MVP1 › Job Submission and Queue Management" name="should handle concurrent job submissions" time="0">
    </testcase>
    <testcase classname="AI Extraction Service - P0 Critical MVP1 › Job Submission and Queue Management" name="should enforce maximum concurrent jobs limit" time="0">
    </testcase>
    <testcase classname="AI Extraction Service - P0 Critical MVP1 › Text Processing Pipelines" name="should extract entities from text using spaCy pipeline" time="0.502">
    </testcase>
    <testcase classname="AI Extraction Service - P0 Critical MVP1 › Text Processing Pipelines" name="should extract entities using Transformers pipeline" time="2.002">
    </testcase>
    <testcase classname="AI Extraction Service - P0 Critical MVP1 › Computer Vision Pipeline" name="should extract entities from images" time="3.001">
    </testcase>
    <testcase classname="AI Extraction Service - P0 Critical MVP1 › Computer Vision Pipeline" name="should detect vehicles in images" time="3.002">
    </testcase>
    <testcase classname="AI Extraction Service - P0 Critical MVP1 › OCR Pipeline" name="should extract text and entities from images using OCR" time="4.002">
    </testcase>
    <testcase classname="AI Extraction Service - P0 Critical MVP1 › Speech-to-Text Pipeline" name="should extract entities from audio transcription" time="8.002">
    </testcase>
    <testcase classname="AI Extraction Service - P0 Critical MVP1 › Hybrid AI Pipeline" name="should combine multiple extraction methods" time="21.005">
    </testcase>
    <testcase classname="AI Extraction Service - P0 Critical MVP1 › Hybrid AI Pipeline" name="should boost confidence for consensus entities" time="0.001">
    </testcase>
    <testcase classname="AI Extraction Service - P0 Critical MVP1 › Processing Loop and Job Execution" name="should execute extraction job with proper lifecycle" time="30.004">
      <failure>Error: thrown: &quot;Exceeded timeout of 30000 ms for a test.
Add a timeout value to this test to increase the timeout, if this is a long-running test. See https://jestjs.io/docs/api#testname-fn-timeout.&quot;
    at test (/Users/brianlong/Documents/GitHub/intelgraph/server/src/tests/aiExtraction.test.js:293:5)
    at _dispatchDescribe (/Users/brianlong/Documents/GitHub/intelgraph/server/node_modules/jest-circus/build/index.js:91:26)
    at describe (/Users/brianlong/Documents/GitHub/intelgraph/server/node_modules/jest-circus/build/index.js:55:5)
    at describe (/Users/brianlong/Documents/GitHub/intelgraph/server/src/tests/aiExtraction.test.js:292:3)
    at _dispatchDescribe (/Users/brianlong/Documents/GitHub/intelgraph/server/node_modules/jest-circus/build/index.js:91:26)
    at describe (/Users/brianlong/Documents/GitHub/intelgraph/server/node_modules/jest-circus/build/index.js:55:5)
    at Object.describe (/Users/brianlong/Documents/GitHub/intelgraph/server/src/tests/aiExtraction.test.js:8:1)
    at Runtime._execModule (/Users/brianlong/Documents/GitHub/intelgraph/server/node_modules/jest-runtime/build/index.js:1439:24)
    at Runtime._loadModule (/Users/brianlong/Documents/GitHub/intelgraph/server/node_modules/jest-runtime/build/index.js:1022:12)
    at Runtime.requireModule (/Users/brianlong/Documents/GitHub/intelgraph/server/node_modules/jest-runtime/build/index.js:882:12)
    at jestAdapter (/Users/brianlong/Documents/GitHub/intelgraph/server/node_modules/jest-circus/build/legacy-code-todo-rewrite/jestAdapter.js:77:13)
    at processTicksAndRejections (node:internal/process/task_queues:105:5)
    at runTestInternal (/Users/brianlong/Documents/GitHub/intelgraph/server/node_modules/jest-runner/build/runTest.js:367:16)
    at runTest (/Users/brianlong/Documents/GitHub/intelgraph/server/node_modules/jest-runner/build/runTest.js:444:34)
    at Object.worker (/Users/brianlong/Documents/GitHub/intelgraph/server/node_modules/jest-runner/build/testWorker.js:106:12)</failure>
    </testcase>
    <testcase classname="AI Extraction Service - P0 Critical MVP1 › Processing Loop and Job Execution" name="should handle job failures gracefully" time="2.002">
      <failure>TypeError: Cannot read properties of null (reading &apos;status&apos;)
    at Object.status (/Users/brianlong/Documents/GitHub/intelgraph/server/src/tests/aiExtraction.test.js:351:24)</failure>
    </testcase>
    <testcase classname="AI Extraction Service - P0 Critical MVP1 › Performance Metrics" name="should track extraction metrics accurately" time="1.503">
    </testcase>
    <testcase classname="AI Extraction Service - P0 Critical MVP1 › Performance Metrics" name="should calculate success rate correctly" time="0">
    </testcase>
    <testcase classname="AI Extraction Service - P0 Critical MVP1 › Performance Metrics" name="should track entities and relationships extracted" time="0">
    </testcase>
    <testcase classname="AI Extraction Service - P0 Critical MVP1 › Entity Similarity and Fusion" name="should identify similar entities correctly" time="0">
    </testcase>
    <testcase classname="AI Extraction Service - P0 Critical MVP1 › Entity Similarity and Fusion" name="should calculate string similarity accurately" time="0.001">
    </testcase>
    <testcase classname="AI Extraction Service - P0 Critical MVP1 › Entity Similarity and Fusion" name="should group similar entities for fusion" time="0">
    </testcase>
    <testcase classname="AI Extraction Service - P0 Critical MVP1 › Error Handling and Validation" name="should validate extraction methods" time="0.001">
      <failure>Error: expect(received).toContain(expected) // indexOf

Expected value: &quot;Unknown extraction method: NONEXISTENT_METHOD&quot;
Received array: []
    at Object.toContain (/Users/brianlong/Documents/GitHub/intelgraph/server/src/tests/aiExtraction.test.js:431:28)
    at runNextTicks (node:internal/process/task_queues:65:5)
    at processTimers (node:internal/timers:540:9)</failure>
    </testcase>
    <testcase classname="AI Extraction Service - P0 Critical MVP1 › Error Handling and Validation" name="should handle media source not found" time="1.001">
      <failure>TypeError: Cannot read properties of null (reading &apos;status&apos;)
    at Object.status (/Users/brianlong/Documents/GitHub/intelgraph/server/src/tests/aiExtraction.test.js:449:24)</failure>
    </testcase>
    <testcase classname="AI Extraction Service - P0 Critical MVP1 › Event Emission" name="should emit job lifecycle events" time="1.503">
    </testcase>
  </testsuite>
  <testsuite name="AI Extraction Service - P0 Critical MVP1" errors="0" failures="4" skipped="0" timestamp="2025-08-14T19:29:21" time="77.606" tests="24">
    <testcase classname="AI Extraction Service - P0 Critical MVP1 › Pipeline Initialization" name="should initialize all required extraction pipelines" time="0.002">
    </testcase>
    <testcase classname="AI Extraction Service - P0 Critical MVP1 › Pipeline Initialization" name="should configure pipeline capabilities correctly" time="0">
    </testcase>
    <testcase classname="AI Extraction Service - P0 Critical MVP1 › Job Submission and Queue Management" name="should queue extraction job successfully" time="0.001">
    </testcase>
    <testcase classname="AI Extraction Service - P0 Critical MVP1 › Job Submission and Queue Management" name="should handle concurrent job submissions" time="0">
    </testcase>
    <testcase classname="AI Extraction Service - P0 Critical MVP1 › Job Submission and Queue Management" name="should enforce maximum concurrent jobs limit" time="0">
    </testcase>
    <testcase classname="AI Extraction Service - P0 Critical MVP1 › Text Processing Pipelines" name="should extract entities from text using spaCy pipeline" time="0.502">
    </testcase>
    <testcase classname="AI Extraction Service - P0 Critical MVP1 › Text Processing Pipelines" name="should extract entities using Transformers pipeline" time="2.003">
    </testcase>
    <testcase classname="AI Extraction Service - P0 Critical MVP1 › Computer Vision Pipeline" name="should extract entities from images" time="3.003">
    </testcase>
    <testcase classname="AI Extraction Service - P0 Critical MVP1 › Computer Vision Pipeline" name="should detect vehicles in images" time="3.003">
    </testcase>
    <testcase classname="AI Extraction Service - P0 Critical MVP1 › OCR Pipeline" name="should extract text and entities from images using OCR" time="4.004">
    </testcase>
    <testcase classname="AI Extraction Service - P0 Critical MVP1 › Speech-to-Text Pipeline" name="should extract entities from audio transcription" time="8.002">
    </testcase>
    <testcase classname="AI Extraction Service - P0 Critical MVP1 › Hybrid AI Pipeline" name="should combine multiple extraction methods" time="21.005">
    </testcase>
    <testcase classname="AI Extraction Service - P0 Critical MVP1 › Hybrid AI Pipeline" name="should boost confidence for consensus entities" time="0.001">
    </testcase>
    <testcase classname="AI Extraction Service - P0 Critical MVP1 › Processing Loop and Job Execution" name="should execute extraction job with proper lifecycle" time="30.003">
      <failure>Error: thrown: &quot;Exceeded timeout of 30000 ms for a test.
Add a timeout value to this test to increase the timeout, if this is a long-running test. See https://jestjs.io/docs/api#testname-fn-timeout.&quot;
    at test (/Users/brianlong/Documents/GitHub/intelgraph/server/src/tests/aiExtraction.test.js:293:5)
    at _dispatchDescribe (/Users/brianlong/Documents/GitHub/intelgraph/server/node_modules/jest-circus/build/index.js:91:26)
    at describe (/Users/brianlong/Documents/GitHub/intelgraph/server/node_modules/jest-circus/build/index.js:55:5)
    at describe (/Users/brianlong/Documents/GitHub/intelgraph/server/src/tests/aiExtraction.test.js:292:3)
    at _dispatchDescribe (/Users/brianlong/Documents/GitHub/intelgraph/server/node_modules/jest-circus/build/index.js:91:26)
    at describe (/Users/brianlong/Documents/GitHub/intelgraph/server/node_modules/jest-circus/build/index.js:55:5)
    at Object.describe (/Users/brianlong/Documents/GitHub/intelgraph/server/src/tests/aiExtraction.test.js:8:1)
    at Runtime._execModule (/Users/brianlong/Documents/GitHub/intelgraph/server/node_modules/jest-runtime/build/index.js:1439:24)
    at Runtime._loadModule (/Users/brianlong/Documents/GitHub/intelgraph/server/node_modules/jest-runtime/build/index.js:1022:12)
    at Runtime.requireModule (/Users/brianlong/Documents/GitHub/intelgraph/server/node_modules/jest-runtime/build/index.js:882:12)
    at jestAdapter (/Users/brianlong/Documents/GitHub/intelgraph/server/node_modules/jest-circus/build/legacy-code-todo-rewrite/jestAdapter.js:77:13)
    at processTicksAndRejections (node:internal/process/task_queues:105:5)
    at runTestInternal (/Users/brianlong/Documents/GitHub/intelgraph/server/node_modules/jest-runner/build/runTest.js:367:16)
    at runTest (/Users/brianlong/Documents/GitHub/intelgraph/server/node_modules/jest-runner/build/runTest.js:444:34)
    at Object.worker (/Users/brianlong/Documents/GitHub/intelgraph/server/node_modules/jest-runner/build/testWorker.js:106:12)</failure>
    </testcase>
    <testcase classname="AI Extraction Service - P0 Critical MVP1 › Processing Loop and Job Execution" name="should handle job failures gracefully" time="2.001">
      <failure>TypeError: Cannot read properties of null (reading &apos;status&apos;)
    at Object.status (/Users/brianlong/Documents/GitHub/intelgraph/server/src/tests/aiExtraction.test.js:351:24)</failure>
    </testcase>
    <testcase classname="AI Extraction Service - P0 Critical MVP1 › Performance Metrics" name="should track extraction metrics accurately" time="1.504">
    </testcase>
    <testcase classname="AI Extraction Service - P0 Critical MVP1 › Performance Metrics" name="should calculate success rate correctly" time="0.001">
    </testcase>
    <testcase classname="AI Extraction Service - P0 Critical MVP1 › Performance Metrics" name="should track entities and relationships extracted" time="0">
    </testcase>
    <testcase classname="AI Extraction Service - P0 Critical MVP1 › Entity Similarity and Fusion" name="should identify similar entities correctly" time="0.001">
    </testcase>
    <testcase classname="AI Extraction Service - P0 Critical MVP1 › Entity Similarity and Fusion" name="should calculate string similarity accurately" time="0.001">
    </testcase>
    <testcase classname="AI Extraction Service - P0 Critical MVP1 › Entity Similarity and Fusion" name="should group similar entities for fusion" time="0.001">
    </testcase>
    <testcase classname="AI Extraction Service - P0 Critical MVP1 › Error Handling and Validation" name="should validate extraction methods" time="0.002">
      <failure>Error: expect(received).toContain(expected) // indexOf

Expected value: &quot;Unknown extraction method: NONEXISTENT_METHOD&quot;
Received array: []
    at Object.toContain (/Users/brianlong/Documents/GitHub/intelgraph/server/src/tests/aiExtraction.test.js:431:28)
    at runNextTicks (node:internal/process/task_queues:65:5)
    at processTimers (node:internal/timers:540:9)</failure>
    </testcase>
    <testcase classname="AI Extraction Service - P0 Critical MVP1 › Error Handling and Validation" name="should handle media source not found" time="1.001">
      <failure>TypeError: Cannot read properties of null (reading &apos;status&apos;)
    at Object.status (/Users/brianlong/Documents/GitHub/intelgraph/server/src/tests/aiExtraction.test.js:449:24)</failure>
    </testcase>
    <testcase classname="AI Extraction Service - P0 Critical MVP1 › Event Emission" name="should emit job lifecycle events" time="1.503">
    </testcase>
  </testsuite>
</testsuites>