{"/Users/brianlong/Developer/summit/services/authz-gateway/src/attribute-service.ts": {"path":"/Users/brianlong/Developer/summit/services/authz-gateway/src/attribute-service.ts","statementMap":{"0":{"start":{"line":1,"column":0},"end":{"line":1,"column":53}},"1":{"start":{"line":2,"column":0},"end":{"line":2,"column":53}},"2":{"start":{"line":3,"column":0},"end":{"line":3,"column":53}},"3":{"start":{"line":4,"column":0},"end":{"line":4,"column":61}},"4":{"start":{"line":5,"column":0},"end":{"line":5,"column":47}},"5":{"start":{"line":39,"column":19},"end":{"line":39,"column":60}},"6":{"start":{"line":40,"column":19},"end":{"line":40,"column":60}},"7":{"start":{"line":41,"column":24},"end":{"line":41,"column":70}},"8":{"start":{"line":53,"column":20},"end":{"line":53,"column":26}},"9":{"start":{"line":56,"column":2},"end":{"line":56,"column":37}},"10":{"start":{"line":60,"column":25},"end":{"line":60,"column":73}},"11":{"start":{"line":61,"column":26},"end":{"line":61,"column":75}},"12":{"start":{"line":66,"column":4},"end":{"line":66,"column":46}},"13":{"start":{"line":67,"column":4},"end":{"line":67,"column":39}},"14":{"start":{"line":71,"column":4},"end":{"line":71,"column":40}},"15":{"start":{"line":75,"column":4},"end":{"line":75,"column":42}},"16":{"start":{"line":79,"column":4},"end":{"line":79,"column":33}},"17":{"start":{"line":83,"column":4},"end":{"line":83,"column":28}},"18":{"start":{"line":87,"column":4},"end":{"line":91,"column":6}},"19":{"start":{"line":95,"column":19},"end":{"line":95,"column":51}},"20":{"start":{"line":96,"column":4},"end":{"line":98,"column":5}},"21":{"start":{"line":97,"column":6},"end":{"line":97,"column":26}},"22":{"start":{"line":100,"column":22},"end":{"line":100,"column":43}},"23":{"start":{"line":101,"column":22},"end":{"line":101,"column":43}},"24":{"start":{"line":103,"column":4},"end":{"line":105,"column":5}},"25":{"start":{"line":104,"column":6},"end":{"line":104,"column":43}},"26":{"start":{"line":107,"column":39},"end":{"line":123,"column":6}},"27":{"start":{"line":125,"column":4},"end":{"line":128,"column":7}},"28":{"start":{"line":130,"column":4},"end":{"line":130,"column":19}},"29":{"start":{"line":134,"column":19},"end":{"line":134,"column":53}},"30":{"start":{"line":135,"column":4},"end":{"line":137,"column":5}},"31":{"start":{"line":136,"column":6},"end":{"line":136,"column":26}},"32":{"start":{"line":138,"column":22},"end":{"line":138,"column":49}},"33":{"start":{"line":139,"column":4},"end":{"line":141,"column":5}},"34":{"start":{"line":140,"column":6},"end":{"line":140,"column":44}},"35":{"start":{"line":142,"column":41},"end":{"line":148,"column":6}},"36":{"start":{"line":149,"column":4},"end":{"line":152,"column":7}},"37":{"start":{"line":153,"column":4},"end":{"line":153,"column":20}},"38":{"start":{"line":59,"column":0},"end":{"line":59,"column":13}}},"fnMap":{"0":{"name":"unique","decl":{"start":{"line":55,"column":9},"end":{"line":55,"column":15}},"loc":{"start":{"line":55,"column":30},"end":{"line":57,"column":1}}},"1":{"name":"(anonymous_2)","decl":{"start":{"line":65,"column":2},"end":{"line":65,"column":14}},"loc":{"start":{"line":65,"column":51},"end":{"line":68,"column":3}}},"2":{"name":"(anonymous_3)","decl":{"start":{"line":70,"column":2},"end":{"line":70,"column":19}},"loc":{"start":{"line":70,"column":37},"end":{"line":72,"column":3}}},"3":{"name":"(anonymous_4)","decl":{"start":{"line":74,"column":2},"end":{"line":74,"column":20}},"loc":{"start":{"line":74,"column":39},"end":{"line":76,"column":3}}},"4":{"name":"(anonymous_5)","decl":{"start":{"line":78,"column":2},"end":{"line":78,"column":22}},"loc":{"start":{"line":78,"column":22},"end":{"line":80,"column":3}}},"5":{"name":"(anonymous_6)","decl":{"start":{"line":82,"column":2},"end":{"line":82,"column":14}},"loc":{"start":{"line":82,"column":14},"end":{"line":84,"column":3}}},"6":{"name":"(anonymous_7)","decl":{"start":{"line":86,"column":2},"end":{"line":86,"column":20}},"loc":{"start":{"line":86,"column":39},"end":{"line":92,"column":3}}},"7":{"name":"(anonymous_8)","decl":{"start":{"line":94,"column":2},"end":{"line":94,"column":7}},"loc":{"start":{"line":94,"column":46},"end":{"line":131,"column":3}}},"8":{"name":"(anonymous_9)","decl":{"start":{"line":133,"column":2},"end":{"line":133,"column":7}},"loc":{"start":{"line":133,"column":48},"end":{"line":154,"column":3}}}},"branchMap":{"0":{"loc":{"start":{"line":65,"column":14},"end":{"line":65,"column":51}},"type":"default-arg","locations":[{"start":{"line":65,"column":49},"end":{"line":65,"column":51}}]},"1":{"loc":{"start":{"line":66,"column":17},"end":{"line":66,"column":45}},"type":"binary-expr","locations":[{"start":{"line":66,"column":17},"end":{"line":66,"column":30}},{"start":{"line":66,"column":34},"end":{"line":66,"column":45}}]},"2":{"loc":{"start":{"line":67,"column":15},"end":{"line":67,"column":38}},"type":"binary-expr","locations":[{"start":{"line":67,"column":15},"end":{"line":67,"column":26}},{"start":{"line":67,"column":30},"end":{"line":67,"column":38}}]},"3":{"loc":{"start":{"line":96,"column":4},"end":{"line":98,"column":5}},"type":"if","locations":[{"start":{"line":96,"column":4},"end":{"line":98,"column":5}},{"start":{},"end":{}}]},"4":{"loc":{"start":{"line":96,"column":8},"end":{"line":96,"column":47}},"type":"binary-expr","locations":[{"start":{"line":96,"column":8},"end":{"line":96,"column":14}},{"start":{"line":96,"column":18},"end":{"line":96,"column":47}}]},"5":{"loc":{"start":{"line":103,"column":4},"end":{"line":105,"column":5}},"type":"if","locations":[{"start":{"line":103,"column":4},"end":{"line":105,"column":5}},{"start":{},"end":{}}]},"6":{"loc":{"start":{"line":113,"column":25},"end":{"line":113,"column":47}},"type":"binary-expr","locations":[{"start":{"line":113,"column":25},"end":{"line":113,"column":41}},{"start":{"line":113,"column":45},"end":{"line":113,"column":47}}]},"7":{"loc":{"start":{"line":113,"column":54},"end":{"line":113,"column":76}},"type":"binary-expr","locations":[{"start":{"line":113,"column":54},"end":{"line":113,"column":70}},{"start":{"line":113,"column":74},"end":{"line":113,"column":76}}]},"8":{"loc":{"start":{"line":114,"column":32},"end":{"line":114,"column":61}},"type":"binary-expr","locations":[{"start":{"line":114,"column":32},"end":{"line":114,"column":55}},{"start":{"line":114,"column":59},"end":{"line":114,"column":61}}]},"9":{"loc":{"start":{"line":115,"column":17},"end":{"line":115,"column":42}},"type":"binary-expr","locations":[{"start":{"line":115,"column":17},"end":{"line":115,"column":37}},{"start":{"line":115,"column":41},"end":{"line":115,"column":42}}]},"10":{"loc":{"start":{"line":116,"column":19},"end":{"line":116,"column":41}},"type":"binary-expr","locations":[{"start":{"line":116,"column":19},"end":{"line":116,"column":35}},{"start":{"line":116,"column":39},"end":{"line":116,"column":41}}]},"11":{"loc":{"start":{"line":119,"column":17},"end":{"line":119,"column":48}},"type":"binary-expr","locations":[{"start":{"line":119,"column":17},"end":{"line":119,"column":35}},{"start":{"line":119,"column":39},"end":{"line":119,"column":48}}]},"12":{"loc":{"start":{"line":135,"column":4},"end":{"line":137,"column":5}},"type":"if","locations":[{"start":{"line":135,"column":4},"end":{"line":137,"column":5}},{"start":{},"end":{}}]},"13":{"loc":{"start":{"line":135,"column":8},"end":{"line":135,"column":47}},"type":"binary-expr","locations":[{"start":{"line":135,"column":8},"end":{"line":135,"column":14}},{"start":{"line":135,"column":18},"end":{"line":135,"column":47}}]},"14":{"loc":{"start":{"line":139,"column":4},"end":{"line":141,"column":5}},"type":"if","locations":[{"start":{"line":139,"column":4},"end":{"line":141,"column":5}},{"start":{},"end":{}}]},"15":{"loc":{"start":{"line":147,"column":17},"end":{"line":147,"column":37}},"type":"binary-expr","locations":[{"start":{"line":147,"column":17},"end":{"line":147,"column":31}},{"start":{"line":147,"column":35},"end":{"line":147,"column":37}}]}},"s":{"0":1,"1":1,"2":1,"3":1,"4":1,"5":1,"6":1,"7":1,"8":1,"9":4,"10":2,"11":2,"12":2,"13":2,"14":1,"15":0,"16":1,"17":0,"18":1,"19":3,"20":3,"21":1,"22":2,"23":2,"24":2,"25":0,"26":2,"27":2,"28":2,"29":0,"30":0,"31":0,"32":0,"33":0,"34":0,"35":0,"36":0,"37":0,"38":1},"f":{"0":4,"1":2,"2":1,"3":0,"4":1,"5":0,"6":1,"7":3,"8":0},"b":{"0":[1],"1":[2,1],"2":[2,2],"3":[1,2],"4":[3,1],"5":[0,2],"6":[2,0],"7":[2,0],"8":[2,0],"9":[2,0],"10":[2,0],"11":[2,0],"12":[0,0],"13":[0,0],"14":[0,0],"15":[0,0]}}
,"/Users/brianlong/Developer/summit/services/authz-gateway/src/stepup.ts": {"path":"/Users/brianlong/Developer/summit/services/authz-gateway/src/stepup.ts","statementMap":{"0":{"start":{"line":1,"column":0},"end":{"line":1,"column":28}},"1":{"start":{"line":2,"column":0},"end":{"line":2,"column":59}},"2":{"start":{"line":12,"column":28},"end":{"line":12,"column":77}},"3":{"start":{"line":43,"column":28},"end":{"line":43,"column":41}},"4":{"start":{"line":46,"column":2},"end":{"line":50,"column":25}},"5":{"start":{"line":54,"column":21},"end":{"line":54,"column":64}},"6":{"start":{"line":55,"column":14},"end":{"line":55,"column":35}},"7":{"start":{"line":56,"column":17},"end":{"line":56,"column":68}},"8":{"start":{"line":57,"column":2},"end":{"line":57,"column":39}},"9":{"start":{"line":61,"column":18},"end":{"line":61,"column":51}},"10":{"start":{"line":62,"column":2},"end":{"line":68,"column":6}},"11":{"start":{"line":62,"column":33},"end":{"line":68,"column":4}},"12":{"start":{"line":74,"column":27},"end":{"line":74,"column":65}},"13":{"start":{"line":77,"column":4},"end":{"line":77,"column":54}},"14":{"start":{"line":78,"column":4},"end":{"line":78,"column":39}},"15":{"start":{"line":82,"column":4},"end":{"line":82,"column":32}},"16":{"start":{"line":86,"column":23},"end":{"line":86,"column":55}},"17":{"start":{"line":87,"column":4},"end":{"line":89,"column":5}},"18":{"start":{"line":88,"column":6},"end":{"line":88,"column":46}},"19":{"start":{"line":90,"column":28},"end":{"line":90,"column":50}},"20":{"start":{"line":91,"column":22},"end":{"line":91,"column":50}},"21":{"start":{"line":92,"column":20},"end":{"line":92,"column":33}},"22":{"start":{"line":93,"column":4},"end":{"line":98,"column":7}},"23":{"start":{"line":99,"column":4},"end":{"line":108,"column":6}},"24":{"start":{"line":101,"column":51},"end":{"line":106,"column":8}},"25":{"start":{"line":112,"column":18},"end":{"line":112,"column":49}},"26":{"start":{"line":113,"column":4},"end":{"line":115,"column":5}},"27":{"start":{"line":114,"column":6},"end":{"line":114,"column":45}},"28":{"start":{"line":116,"column":4},"end":{"line":118,"column":5}},"29":{"start":{"line":117,"column":6},"end":{"line":117,"column":48}},"30":{"start":{"line":119,"column":4},"end":{"line":122,"column":5}},"31":{"start":{"line":120,"column":6},"end":{"line":120,"column":41}},"32":{"start":{"line":121,"column":6},"end":{"line":121,"column":43}},"33":{"start":{"line":123,"column":4},"end":{"line":125,"column":5}},"34":{"start":{"line":124,"column":6},"end":{"line":124,"column":44}},"35":{"start":{"line":126,"column":4},"end":{"line":128,"column":5}},"36":{"start":{"line":127,"column":6},"end":{"line":127,"column":45}},"37":{"start":{"line":130,"column":23},"end":{"line":131,"column":null}},"38":{"start":{"line":131,"column":18},"end":{"line":131,"column":62}},"39":{"start":{"line":133,"column":4},"end":{"line":135,"column":5}},"40":{"start":{"line":134,"column":6},"end":{"line":134,"column":51}},"41":{"start":{"line":137,"column":21},"end":{"line":137,"column":50}},"42":{"start":{"line":138,"column":4},"end":{"line":138,"column":60}},"43":{"start":{"line":139,"column":4},"end":{"line":139,"column":19}},"44":{"start":{"line":140,"column":28},"end":{"line":140,"column":60}},"45":{"start":{"line":141,"column":21},"end":{"line":141,"column":78}},"46":{"start":{"line":142,"column":4},"end":{"line":144,"column":5}},"47":{"start":{"line":143,"column":6},"end":{"line":143,"column":43}},"48":{"start":{"line":145,"column":4},"end":{"line":145,"column":22}},"49":{"start":{"line":146,"column":4},"end":{"line":146,"column":16}},"50":{"start":{"line":71,"column":0},"end":{"line":71,"column":13}}},"fnMap":{"0":{"name":"toBase64Url","decl":{"start":{"line":45,"column":9},"end":{"line":45,"column":20}},"loc":{"start":{"line":45,"column":35},"end":{"line":51,"column":1}}},"1":{"name":"fromBase64Url","decl":{"start":{"line":53,"column":9},"end":{"line":53,"column":22}},"loc":{"start":{"line":53,"column":36},"end":{"line":58,"column":1}}},"2":{"name":"getRegisteredCredentials","decl":{"start":{"line":60,"column":9},"end":{"line":60,"column":33}},"loc":{"start":{"line":60,"column":48},"end":{"line":69,"column":1}}},"3":{"name":"(anonymous_4)","decl":{"start":{"line":62,"column":21},"end":{"line":62,"column":22}},"loc":{"start":{"line":62,"column":33},"end":{"line":68,"column":4}}},"4":{"name":"(anonymous_5)","decl":{"start":{"line":76,"column":2},"end":{"line":76,"column":14}},"loc":{"start":{"line":76,"column":41},"end":{"line":79,"column":3}}},"5":{"name":"(anonymous_6)","decl":{"start":{"line":81,"column":2},"end":{"line":81,"column":7}},"loc":{"start":{"line":81,"column":7},"end":{"line":83,"column":3}}},"6":{"name":"(anonymous_7)","decl":{"start":{"line":85,"column":2},"end":{"line":85,"column":17}},"loc":{"start":{"line":85,"column":32},"end":{"line":109,"column":3}}},"7":{"name":"(anonymous_8)","decl":{"start":{"line":101,"column":39},"end":{"line":101,"column":40}},"loc":{"start":{"line":101,"column":51},"end":{"line":106,"column":8}}},"8":{"name":"(anonymous_9)","decl":{"start":{"line":111,"column":2},"end":{"line":111,"column":16}},"loc":{"start":{"line":111,"column":60},"end":{"line":147,"column":3}}},"9":{"name":"(anonymous_10)","decl":{"start":{"line":131,"column":6},"end":{"line":131,"column":7}},"loc":{"start":{"line":131,"column":18},"end":{"line":131,"column":62}}}},"branchMap":{"0":{"loc":{"start":{"line":56,"column":17},"end":{"line":56,"column":68}},"type":"cond-expr","locations":[{"start":{"line":56,"column":23},"end":{"line":56,"column":55}},{"start":{"line":56,"column":58},"end":{"line":56,"column":68}}]},"1":{"loc":{"start":{"line":61,"column":18},"end":{"line":61,"column":51}},"type":"binary-expr","locations":[{"start":{"line":61,"column":18},"end":{"line":61,"column":45}},{"start":{"line":61,"column":49},"end":{"line":61,"column":51}}]},"2":{"loc":{"start":{"line":76,"column":14},"end":{"line":76,"column":41}},"type":"default-arg","locations":[{"start":{"line":76,"column":39},"end":{"line":76,"column":41}}]},"3":{"loc":{"start":{"line":77,"column":17},"end":{"line":77,"column":53}},"type":"binary-expr","locations":[{"start":{"line":77,"column":17},"end":{"line":77,"column":30}},{"start":{"line":77,"column":34},"end":{"line":77,"column":53}}]},"4":{"loc":{"start":{"line":78,"column":15},"end":{"line":78,"column":38}},"type":"binary-expr","locations":[{"start":{"line":78,"column":15},"end":{"line":78,"column":26}},{"start":{"line":78,"column":30},"end":{"line":78,"column":38}}]},"5":{"loc":{"start":{"line":87,"column":4},"end":{"line":89,"column":5}},"type":"if","locations":[{"start":{"line":87,"column":4},"end":{"line":89,"column":5}},{"start":{},"end":{}}]},"6":{"loc":{"start":{"line":113,"column":4},"end":{"line":115,"column":5}},"type":"if","locations":[{"start":{"line":113,"column":4},"end":{"line":115,"column":5}},{"start":{},"end":{}}]},"7":{"loc":{"start":{"line":116,"column":4},"end":{"line":118,"column":5}},"type":"if","locations":[{"start":{"line":116,"column":4},"end":{"line":118,"column":5}},{"start":{},"end":{}}]},"8":{"loc":{"start":{"line":119,"column":4},"end":{"line":122,"column":5}},"type":"if","locations":[{"start":{"line":119,"column":4},"end":{"line":122,"column":5}},{"start":{},"end":{}}]},"9":{"loc":{"start":{"line":123,"column":4},"end":{"line":125,"column":5}},"type":"if","locations":[{"start":{"line":123,"column":4},"end":{"line":125,"column":5}},{"start":{},"end":{}}]},"10":{"loc":{"start":{"line":126,"column":4},"end":{"line":128,"column":5}},"type":"if","locations":[{"start":{"line":126,"column":4},"end":{"line":128,"column":5}},{"start":{},"end":{}}]},"11":{"loc":{"start":{"line":133,"column":4},"end":{"line":135,"column":5}},"type":"if","locations":[{"start":{"line":133,"column":4},"end":{"line":135,"column":5}},{"start":{},"end":{}}]},"12":{"loc":{"start":{"line":142,"column":4},"end":{"line":144,"column":5}},"type":"if","locations":[{"start":{"line":142,"column":4},"end":{"line":144,"column":5}},{"start":{},"end":{}}]}},"s":{"0":1,"1":1,"2":1,"3":1,"4":2,"5":1,"6":1,"7":1,"8":1,"9":3,"10":3,"11":3,"12":2,"13":2,"14":2,"15":0,"16":2,"17":2,"18":0,"19":2,"20":2,"21":2,"22":2,"23":2,"24":2,"25":3,"26":3,"27":0,"28":3,"29":1,"30":2,"31":1,"32":1,"33":1,"34":0,"35":1,"36":0,"37":1,"38":1,"39":1,"40":0,"41":1,"42":1,"43":1,"44":1,"45":1,"46":1,"47":0,"48":1,"49":1,"50":1},"f":{"0":2,"1":1,"2":3,"3":3,"4":2,"5":0,"6":2,"7":2,"8":3,"9":1},"b":{"0":[0,1],"1":[3,0],"2":[0],"3":[2,0],"4":[2,1],"5":[0,2],"6":[0,3],"7":[1,2],"8":[1,1],"9":[0,1],"10":[0,1],"11":[0,1],"12":[0,1]}}
}
