TN:
SF:src/attribute-service.ts
FN:55,unique
FN:65,(anonymous_2)
FN:70,(anonymous_3)
FN:74,(anonymous_4)
FN:78,(anonymous_5)
FN:82,(anonymous_6)
FN:86,(anonymous_7)
FN:94,(anonymous_8)
FN:133,(anonymous_9)
FNF:9
FNH:6
FNDA:4,unique
FNDA:2,(anonymous_2)
FNDA:1,(anonymous_3)
FNDA:0,(anonymous_4)
FNDA:1,(anonymous_5)
FNDA:0,(anonymous_6)
FNDA:1,(anonymous_7)
FNDA:3,(anonymous_8)
FNDA:0,(anonymous_9)
DA:1,1
DA:2,1
DA:3,1
DA:4,1
DA:5,1
DA:39,1
DA:40,1
DA:41,1
DA:53,1
DA:56,4
DA:59,1
DA:60,2
DA:61,2
DA:66,2
DA:67,2
DA:71,1
DA:75,0
DA:79,1
DA:83,0
DA:87,1
DA:95,3
DA:96,3
DA:97,1
DA:100,2
DA:101,2
DA:103,2
DA:104,0
DA:107,2
DA:125,2
DA:130,2
DA:134,0
DA:135,0
DA:136,0
DA:138,0
DA:139,0
DA:140,0
DA:142,0
DA:149,0
DA:153,0
LF:39
LH:27
BRDA:65,0,0,1
BRDA:66,1,0,2
BRDA:66,1,1,1
BRDA:67,2,0,2
BRDA:67,2,1,2
BRDA:96,3,0,1
BRDA:96,3,1,2
BRDA:96,4,0,3
BRDA:96,4,1,1
BRDA:103,5,0,0
BRDA:103,5,1,2
BRDA:113,6,0,2
BRDA:113,6,1,0
BRDA:113,7,0,2
BRDA:113,7,1,0
BRDA:114,8,0,2
BRDA:114,8,1,0
BRDA:115,9,0,2
BRDA:115,9,1,0
BRDA:116,10,0,2
BRDA:116,10,1,0
BRDA:119,11,0,2
BRDA:119,11,1,0
BRDA:135,12,0,0
BRDA:135,12,1,0
BRDA:135,13,0,0
BRDA:135,13,1,0
BRDA:139,14,0,0
BRDA:139,14,1,0
BRDA:147,15,0,0
BRDA:147,15,1,0
BRF:31
BRH:16
end_of_record
TN:
SF:src/stepup.ts
FN:45,toBase64Url
FN:53,fromBase64Url
FN:60,getRegisteredCredentials
FN:62,(anonymous_4)
FN:76,(anonymous_5)
FN:81,(anonymous_6)
FN:85,(anonymous_7)
FN:101,(anonymous_8)
FN:111,(anonymous_9)
FN:131,(anonymous_10)
FNF:10
FNH:9
FNDA:2,toBase64Url
FNDA:1,fromBase64Url
FNDA:3,getRegisteredCredentials
FNDA:3,(anonymous_4)
FNDA:2,(anonymous_5)
FNDA:0,(anonymous_6)
FNDA:2,(anonymous_7)
FNDA:2,(anonymous_8)
FNDA:3,(anonymous_9)
FNDA:1,(anonymous_10)
DA:1,1
DA:2,1
DA:12,1
DA:43,1
DA:46,2
DA:54,1
DA:55,1
DA:56,1
DA:57,1
DA:61,3
DA:62,3
DA:71,1
DA:74,2
DA:77,2
DA:78,2
DA:82,0
DA:86,2
DA:87,2
DA:88,0
DA:90,2
DA:91,2
DA:92,2
DA:93,2
DA:99,2
DA:101,2
DA:112,3
DA:113,3
DA:114,0
DA:116,3
DA:117,1
DA:119,2
DA:120,1
DA:121,1
DA:123,1
DA:124,0
DA:126,1
DA:127,0
DA:130,1
DA:131,1
DA:133,1
DA:134,0
DA:137,1
DA:138,1
DA:139,1
DA:140,1
DA:141,1
DA:142,1
DA:143,0
DA:145,1
DA:146,1
LF:50
LH:43
BRDA:56,0,0,0
BRDA:56,0,1,1
BRDA:61,1,0,3
BRDA:61,1,1,0
BRDA:76,2,0,0
BRDA:77,3,0,2
BRDA:77,3,1,0
BRDA:78,4,0,2
BRDA:78,4,1,1
BRDA:87,5,0,0
BRDA:87,5,1,2
BRDA:113,6,0,0
BRDA:113,6,1,3
BRDA:116,7,0,1
BRDA:116,7,1,2
BRDA:119,8,0,1
BRDA:119,8,1,1
BRDA:123,9,0,0
BRDA:123,9,1,1
BRDA:126,10,0,0
BRDA:126,10,1,1
BRDA:133,11,0,0
BRDA:133,11,1,1
BRDA:142,12,0,0
BRDA:142,12,1,1
BRF:25
BRH:15
end_of_record
