{"numFailedTestSuites":2,"numFailedTests":0,"numPassedTestSuites":0,"numPassedTests":0,"numPendingTestSuites":0,"numPendingTests":0,"numRuntimeErrorTestSuites":2,"numTodoTests":0,"numTotalTestSuites":2,"numTotalTests":0,"openHandles":[],"snapshot":{"added":0,"didUpdate":false,"failure":false,"filesAdded":0,"filesRemoved":0,"filesRemovedList":[],"filesUnmatched":0,"filesUpdated":0,"matched":0,"total":0,"unchecked":0,"uncheckedKeysByFile":[],"unmatched":0,"updated":0},"startTime":1767334337725,"success":false,"testResults":[{"assertionResults":[],"coverage":{},"endTime":1767334345135,"message":"  ● Test suite failed to run\n\n    \u001b[96mserver/__tests__/soc-controls/crypto/encryption.test.ts\u001b[0m:\u001b[93m2\u001b[0m:\u001b[93m42\u001b[0m - \u001b[91merror\u001b[0m\u001b[90m TS2307: \u001b[0mCannot find module '../../../src/crypto/encryption.service' or its corresponding type declarations.\n\n    \u001b[7m2\u001b[0m import { encryptData, decryptData } from '../../../src/crypto/encryption.service';\n    \u001b[7m \u001b[0m \u001b[91m                                         ~~~~~~~~~~~~~~~~~~~~~~~~~~~~~~~~~~~~~~~~\u001b[0m\n","name":"/Users/brianlong/Developer/summit/server/__tests__/soc-controls/crypto/encryption.test.ts","startTime":1767334345135,"status":"failed","summary":""},{"assertionResults":[],"coverage":{},"endTime":1767334345135,"message":"  ● Test suite failed to run\n\n    \u001b[96mserver/__tests__/soc-controls/auth/auth-validation.test.ts\u001b[0m:\u001b[93m2\u001b[0m:\u001b[93m34\u001b[0m - \u001b[91merror\u001b[0m\u001b[90m TS2307: \u001b[0mCannot find module '../../../src/auth/auth.service' or its corresponding type declarations.\n\n    \u001b[7m2\u001b[0m import { authenticateUser } from '../../../src/auth/auth.service';\n    \u001b[7m \u001b[0m \u001b[91m                                 ~~~~~~~~~~~~~~~~~~~~~~~~~~~~~~~~\u001b[0m\n","name":"/Users/brianlong/Developer/summit/server/__tests__/soc-controls/auth/auth-validation.test.ts","startTime":1767334345135,"status":"failed","summary":""}],"wasInterrupted":false}
